100.0	{(not_n885, F1, i)}
100.0	{(n885->not_n885, F0, i)}
100.0	{(n885, F0, i)}
100.0	{(and_not_n883_not_n884->n885, F0, i)}
100.0	{(and_not_n883_not_n884, F0, i)}
100.0	{(not_n884->and_not_n883_not_n884, F0, i)}
100.0	{(not_n883->and_not_n883_not_n884, F0, i)}
100.0	{(not_n884, F0, i)}
100.0	{(n884->not_n884, F1, i)}
100.0	{(not_n883, F0, i)}
100.0	{(n883->not_n883, F1, i)}
100.0	{(n884, F1, i)}
100.0	{(and_pi033_not_pi109_2->n884, F1, i)}
100.0	{(n883, F1, i)}
100.0	{(and_pi032_pi109->n883, F1, i)}
100.0	{(and_pi033_not_pi109_2, F1, i)}
100.0	{(and_pi032_pi109, F1, i)}
100.0	{(not_n885->and_not_pi106_2_not_n885, F1, i)}
97.24	{(not_n887, F1, i)}
97.24	{(n887->not_n887, F0, i)}
97.24	{(n887, F0, i)}
97.24	{(and_not_n882_not_n886->n887, F0, i)}
97.24	{(and_not_n882_not_n886, F0, i)}
97.24	{(not_n882->and_not_n882_not_n886, F0, i)}
97.24	{(not_n886->and_not_n882_not_n886, F0, i)}
97.24	{(not_n882, F0, i)}
97.24	{(n882->not_n882, F1, i)}
97.24	{(not_n886, F0, i)}
97.24	{(n886->not_n886, F1, i)}
97.24	{(n882, F1, i)}
97.24	{(and_pi090_pi106->n882, F1, i)}
97.24	{(n886, F1, i)}
97.24	{(and_not_pi106_2_not_n885->n886, F1, i)}
97.24	{(and_pi090_pi106, F1, i)}
97.24	{(and_not_pi106_2_not_n885, F1, i)}
97.24	{(not_n887->and_not_pi129_39098210485829880490_not_n887, F1, i)}
100.0	{(n638, F1, i)}
100.0	{(and_n381_n387->n638, F1, i)}
100.0	{(and_n381_n387, F1, i)}
100.0	{(n572, F0, i)}
100.0	{(and_not_pi046_1_n388->n572, F0, i)}
100.0	{(and_not_pi046_1_n388, F0, i)}
100.0	{(n388->and_not_pi046_1_n388, F0, i)}
100.0	{(not_pi046_1->and_not_pi046_1_n388, F0, i)}
100.0	{(not_pi046_1, F0, i)}
100.0	{(not_n742, F1, i)}
100.0	{(n742->not_n742, F0, i)}
100.0	{(n742, F0, i)}
100.0	{(and_not_n740_not_n741->n742, F0, i)}
100.0	{(and_not_n740_not_n741, F0, i)}
100.0	{(not_n740->and_not_n740_not_n741, F0, i)}
100.0	{(not_n741->and_not_n740_not_n741, F0, i)}
100.0	{(not_n740, F0, i)}
100.0	{(n740->not_n740, F1, i)}
100.0	{(not_n741, F0, i)}
100.0	{(n741->not_n741, F1, i)}
100.0	{(n740, F1, i)}
100.0	{(and_pi027_not_n739->n740, F1, i)}
100.0	{(n741, F1, i)}
100.0	{(and_n723_n727->n741, F1, i)}
100.0	{(and_pi027_not_n739, F1, i)}
100.0	{(and_n723_n727, F1, i)}
100.0	{(not_n742->and_not_n742_n743, F1, i)}
100.0	{(n449->and_not_pi018_0_n449, F1, i)}
100.0	{(n450->and_n450_n610, F1, i)}
