100.0	{(po105_driver->po105, F0, i)}
100.0	{(po105_driver, F0, i)}
100.0	{(and_not_pi129_725745515342319093317411710931737859674906464051430_not_n1397->po105_driver, F0, i)}
100.0	{(and_not_pi129_725745515342319093317411710931737859674906464051430_not_n1397, F0, i)}
100.0	{(not_pi129_725745515342319093317411710931737859674906464051430->and_not_pi129_725745515342319093317411710931737859674906464051430_not_n1397, F0, i)}
100.0	{(not_n1397->and_not_pi129_725745515342319093317411710931737859674906464051430_not_n1397, F0, i)}
100.0	{(not_pi129_725745515342319093317411710931737859674906464051430, F0, i)}
100.0	{(not_n1397, F0, i)}
100.0	{(n1397->not_n1397, F1, i)}
100.0	{(n1397, F1, i)}
100.0	{(and_not_n1395_not_n1396->n1397, F1, i)}
100.0	{(and_not_n1395_not_n1396, F1, i)}
100.0	{(not_n1395, F1, i)}
100.0	{(n1395->not_n1395, F0, i)}
100.0	{(n1395, F0, i)}
100.0	{(and_pi090_not_n1386_1->n1395, F0, i)}
100.0	{(and_pi090_not_n1386_1, F0, i)}
100.0	{(not_n1386_1->and_pi090_not_n1386_1, F0, i)}
100.0	{(not_n1386_1, F0, i)}
100.0	{(n1386->not_n1386_1, F1, i)}
100.0	{(not_n1395->and_not_n1395_not_n1396, F1, i)}
100.0	{(not_pi115, F1, i)}
100.0	{(not_pi115->and_not_pi115_pi138, F1, i)}
100.0	{(not_pi138_3, F1, i)}
100.0	{(not_pi138_3->and_pi087_not_pi138_3, F1, i)}
100.0	{(n388->and_n388_n390, F1, i)}
100.0	{(n955, F1, i)}
100.0	{(and_n638_n954->n955, F1, i)}
100.0	{(and_n638_n954, F1, i)}
100.0	{(n955->and_n927_n955, F1, i)}
100.0	{(not_n957, F1, i)}
100.0	{(n957->not_n957, F0, i)}
100.0	{(n957, F0, i)}
100.0	{(and_pi082_not_n956->n957, F0, i)}
100.0	{(and_pi082_not_n956, F0, i)}
100.0	{(not_n956->and_pi082_not_n956, F0, i)}
100.0	{(not_n956, F0, i)}
100.0	{(n956->not_n956, F1, i)}
100.0	{(n956, F1, i)}
100.0	{(and_n927_n955->n956, F1, i)}
100.0	{(and_n927_n955, F1, i)}
100.0	{(not_n957->and_not_n379_4_not_n957, F1, i)}
100.0	{(n954, F1, i)}
100.0	{(and_n388_n390->n954, F1, i)}
100.0	{(and_n388_n390, F1, i)}
100.0	{(n954->and_n638_n954, F1, i)}
100.0	{(n958, F1, i)}
100.0	{(and_not_n379_4_not_n957->n958, F1, i)}
100.0	{(and_not_n379_4_not_n957, F1, i)}
100.0	{(n958->and_pi073_n958, F1, i)}
100.0	{(not_pi129_367033682172941254412302110320336601888010, F1, i)}
100.0	{(not_pi129_367033682172941254412302110320336601888010->and_not_pi129_367033682172941254412302110320336601888010_not_n1328, F1, i)}
100.0	{(n777, F1, i)}
100.0	{(and_pi027_pi116->n777, F1, i)}
100.0	{(and_pi027_pi116, F1, i)}
100.0	{(not_pi115, F1, i)}
100.0	{(not_pi115->and_not_pi115_pi138, F1, i)}
100.0	{(not_n1358, F1, i)}
100.0	{(n1358->not_n1358, F1, i)}
100.0	{(n1358, F1, i)}
100.0	{(and_not_n1356_not_n1357->n1358, F1, i)}
100.0	{(and_not_n1356_not_n1357, F1, i)}
100.0	{(not_n1358->and_not_pi136_2_not_n1358, F1, i)}
100.0	{(not_n1362, F1, i)}
100.0	{(n1362->not_n1362, F1, i)}
100.0	{(n1362, F1, i)}
100.0	{(and_not_n1359_not_n1361->n1362, F1, i)}
100.0	{(and_not_n1359_not_n1361, F1, i)}
100.0	{(not_n1362->and_pi137_not_n1362, F1, i)}
100.0	{(not_pi138_3, F1, i)}
100.0	{(not_pi138_3->and_pi087_not_pi138_3, F1, i)}
100.0	{(po098_driver->po098, F1, i)}
100.0	{(po098_driver, F1, i)}
100.0	{(or_n1355_n1363->po098_driver, F1, i)}
100.0	{(or_n1355_n1363, F1, i)}
