100.0	{(n623, F1, i)}
100.0	{(and_n356_n622->n623, F1, i)}
100.0	{(and_n356_n622, F1, i)}
100.0	{(n623->and_n487_n623, F1, i)}
100.0	{(n527, F1, i)}
100.0	{(and_not_pi010_2_pi022->n527, F1, i)}
100.0	{(and_not_pi010_2_pi022, F1, i)}
100.0	{(n527->and_n416_n527, F1, i)}
100.0	{(n311->and_n311_n341, F1, i)}
50.0	{(n342, F1, i)}
50.0	{(and_n311_n341->n342, F1, i)}
50.0	{(and_n311_n341, F1, i)}
50.0	{(n342->and_n300_n342, F1, i)}
100.0	{(n579, F1, i)}
100.0	{(and_not_pi048_1_n381->n579, F1, i)}
100.0	{(and_not_pi048_1_n381, F1, i)}
100.0	{(n1572, F1, i)}
100.0	{(and_not_pi129_10045252112690790399992215344966975021805416861747224664747430_not_n1571->n1572, F1, i)}
100.0	{(and_not_pi129_10045252112690790399992215344966975021805416861747224664747430_not_n1571, F1, i)}
100.0	{(n1572->and_not_pi003_113988951853731430_n1572, F1, i)}
95.45	{(n1573, F1, i)}
95.45	{(and_not_pi003_113988951853731430_n1572->n1573, F1, i)}
95.45	{(and_not_pi003_113988951853731430_n1572, F1, i)}
95.45	{(n1573->and_pi116_n1573, F1, i)}
