100.0	{(not_n335, F1, i)}
100.0	{(n335->not_n335, F0, i)}
100.0	{(n335, F0, i)}
100.0	{(and_n302_not_n334->n335, F0, i)}
100.0	{(and_n302_not_n334, F0, i)}
100.0	{(n302->and_n302_not_n334, F0, i)}
100.0	{(not_n334->and_n302_not_n334, F0, i)}
100.0	{(not_n334, F0, i)}
100.0	{(n334->not_n334, F1, i)}
100.0	{(n334, F1, i)}
100.0	{(and_not_n310_not_n333->n334, F1, i)}
100.0	{(and_not_n310_not_n333, F1, i)}
100.0	{(not_n335->and_not_n309_not_n335, F1, i)}
100.0	{(not_n337, F1, i)}
100.0	{(n337->not_n337, F0, i)}
100.0	{(n337, F0, i)}
100.0	{(and_pi054_not_n336->n337, F0, i)}
100.0	{(and_pi054_not_n336, F0, i)}
100.0	{(not_n336->and_pi054_not_n336, F0, i)}
100.0	{(not_n336, F0, i)}
100.0	{(n336->not_n336, F1, i)}
100.0	{(n336, F1, i)}
100.0	{(and_not_n309_not_n335->n336, F1, i)}
100.0	{(and_not_n309_not_n335, F1, i)}
100.0	{(not_n337->and_not_n307_not_n337, F1, i)}
100.0	{(not_n1150, F1, i)}
100.0	{(n1150->not_n1150, F0, i)}
100.0	{(n1150, F0, i)}
100.0	{(and_pi097_n1149->n1150, F0, i)}
100.0	{(and_pi097_n1149, F0, i)}
100.0	{(n1149->and_pi097_n1149, F0, i)}
100.0	{(n1149, F0, i)}
100.0	{(and_not_pi053_5_not_n1148->n1149, F0, i)}
100.0	{(and_not_pi053_5_not_n1148, F0, i)}
100.0	{(not_pi053_5->and_not_pi053_5_not_n1148, F0, i)}
100.0	{(not_n1148->and_not_pi053_5_not_n1148, F0, i)}
100.0	{(not_pi053_5, F0, i)}
100.0	{(not_n1148, F0, i)}
100.0	{(n1148->not_n1148, F1, i)}
100.0	{(n1148, F1, i)}
100.0	{(and_not_n1144_not_n1147->n1148, F1, i)}
100.0	{(and_not_n1144_not_n1147, F1, i)}
100.0	{(not_n1150->and_not_n1150_not_n1151, F1, i)}
100.0	{(not_n1147, F1, i)}
100.0	{(n1147->not_n1147, F0, i)}
100.0	{(n1147, F0, i)}
100.0	{(and_n724_n1146->n1147, F0, i)}
100.0	{(and_n724_n1146, F0, i)}
100.0	{(n724->and_n724_n1146, F0, i)}
100.0	{(n1146->and_n724_n1146, F0, i)}
100.0	{(n1146, F0, i)}
100.0	{(and_not_pi096_3_n1145->n1146, F0, i)}
100.0	{(and_not_pi096_3_n1145, F0, i)}
100.0	{(not_pi096_3->and_not_pi096_3_n1145, F0, i)}
100.0	{(n1145->and_not_pi096_3_n1145, F0, i)}
100.0	{(not_pi096_3, F0, i)}
100.0	{(n1145, F0, i)}
100.0	{(and_not_pi058_5_not_pi110_4->n1145, F0, i)}
100.0	{(and_not_pi058_5_not_pi110_4, F0, i)}
100.0	{(not_pi058_5->and_not_pi058_5_not_pi110_4, F0, i)}
100.0	{(not_pi110_4->and_not_pi058_5_not_pi110_4, F0, i)}
100.0	{(not_pi058_5, F0, i)}
100.0	{(not_pi110_4, F0, i)}
100.0	{(not_n1147->and_not_n1144_not_n1147, F1, i)}
100.0	{(not_n986, F1, i)}
100.0	{(n986->not_n986, F0, i)}
100.0	{(n986, F0, i)}
100.0	{(and_pi082_not_n985->n986, F0, i)}
100.0	{(and_pi082_not_n985, F0, i)}
100.0	{(not_n985->and_pi082_not_n985, F0, i)}
100.0	{(not_n985, F0, i)}
100.0	{(n985->not_n985, F1, i)}
100.0	{(n985, F1, i)}
100.0	{(and_n927_n984->n985, F1, i)}
100.0	{(and_n927_n984, F1, i)}
100.0	{(not_n986->and_n379_not_n986, F1, i)}
100.0	{(n570->and_n569_n570, F1, i)}
100.0	{(n570, F1, i)}
100.0	{(and_not_pi045_1_n384->n570, F1, i)}
100.0	{(and_not_pi045_1_n384, F1, i)}
