100.0	{(not_n1115, F1, i)}
100.0	{(n1115->not_n1115, F0, i)}
100.0	{(n1115, F0, i)}
100.0	{(and_pi049_n411->n1115, F0, i)}
100.0	{(and_pi049_n411, F0, i)}
100.0	{(n411->and_pi049_n411, F0, i)}
100.0	{(not_n1115->and_not_n1114_not_n1115, F1, i)}
100.0	{(not_n379_490, F1, i)}
100.0	{(n379->not_n379_490, F0, i)}
100.0	{(not_n379_490->and_not_n379_490_not_n1090, F1, i)}
100.0	{(not_pi048_3, F1, i)}
100.0	{(not_pi048_3->and_not_pi048_3_not_n1084, F1, i)}
100.0	{(n934->and_n934_n1094, F1, i)}
100.0	{(n1091, F1, i)}
100.0	{(and_not_n379_490_not_n1090->n1091, F1, i)}
100.0	{(and_not_n379_490_not_n1090, F1, i)}
100.0	{(n1091->and_pi062_n1091, F1, i)}
100.0	{(n1527, F0, i)}
100.0	{(and_pi137_not_n1526->n1527, F0, i)}
100.0	{(and_pi137_not_n1526, F0, i)}
100.0	{(not_n1526->and_pi137_not_n1526, F0, i)}
100.0	{(not_n1526, F0, i)}
100.0	{(n1526->not_n1526, F1, i)}
100.0	{(n1526, F1, i)}
100.0	{(and_not_n1524_not_n1525->n1526, F1, i)}
100.0	{(and_not_n1524_not_n1525, F1, i)}
100.0	{(n1527->or_n1520_n1527, F0, i)}
100.0	{(not_n1524, F1, i)}
100.0	{(n1524->not_n1524, F0, i)}
100.0	{(n1524, F0, i)}
100.0	{(and_not_pi136_3430_not_n1523->n1524, F0, i)}
100.0	{(and_not_pi136_3430_not_n1523, F0, i)}
100.0	{(not_pi136_3430->and_not_pi136_3430_not_n1523, F0, i)}
100.0	{(not_n1523->and_not_pi136_3430_not_n1523, F0, i)}
100.0	{(not_pi136_3430, F0, i)}
100.0	{(not_n1523, F0, i)}
100.0	{(n1523->not_n1523, F1, i)}
100.0	{(n1523, F1, i)}
100.0	{(and_not_n1521_not_n1522->n1523, F1, i)}
100.0	{(and_not_n1521_not_n1522, F1, i)}
100.0	{(not_n1524->and_not_n1524_not_n1525, F1, i)}
100.0	{(not_n1386_1, F1, i)}
100.0	{(n1386->not_n1386_1, F0, i)}
100.0	{(not_n1386_1->and_pi090_not_n1386_1, F1, i)}
100.0	{(not_n511, F1, i)}
100.0	{(n511->not_n511, F0, i)}
100.0	{(n511, F0, i)}
100.0	{(and_pi010_not_pi054_5->n511, F0, i)}
100.0	{(and_pi010_not_pi054_5, F0, i)}
100.0	{(not_pi054_5->and_pi010_not_pi054_5, F0, i)}
100.0	{(not_pi054_5, F0, i)}
100.0	{(not_n511->and_not_n511_not_n519, F1, i)}
100.0	{(po025_driver->po025, F0, i)}
100.0	{(po025_driver, F0, i)}
100.0	{(and_not_pi003_5_n521->po025_driver, F0, i)}
100.0	{(and_not_pi003_5_n521, F0, i)}
100.0	{(n521->and_not_pi003_5_n521, F0, i)}
100.0	{(not_pi003_5->and_not_pi003_5_n521, F0, i)}
100.0	{(n521, F0, i)}
100.0	{(and_not_pi129_9_not_n520->n521, F0, i)}
100.0	{(not_pi003_5, F0, i)}
100.0	{(and_not_pi129_9_not_n520, F0, i)}
100.0	{(not_pi129_9->and_not_pi129_9_not_n520, F0, i)}
100.0	{(not_n520->and_not_pi129_9_not_n520, F0, i)}
100.0	{(not_pi129_9, F0, i)}
100.0	{(not_n520, F0, i)}
100.0	{(n520->not_n520, F1, i)}
100.0	{(n520, F1, i)}
100.0	{(and_not_n511_not_n519->n520, F1, i)}
100.0	{(and_not_n511_not_n519, F1, i)}
