100.0	{(not_pi129_1070069044235980333563563003849377848070, F1, i)}
100.0	{(not_pi129_1070069044235980333563563003849377848070->and_not_pi129_1070069044235980333563563003849377848070_not_n1209, F1, i)}
100.0	{(n1582, F1, i)}
100.0	{(and_not_pi137_70_pi138->n1582, F1, i)}
100.0	{(and_not_pi137_70_pi138, F1, i)}
100.0	{(n1582->and_pi082_n1582, F1, i)}
100.0	{(n838->and_n838_n856, F1, i)}
100.0	{(n515->and_n515_n562, F1, i)}
100.0	{(n515, F1, i)}
100.0	{(and_n459_n479->n515, F1, i)}
100.0	{(and_n459_n479, F1, i)}
100.0	{(not_n1257, F1, i)}
100.0	{(n1257->not_n1257, F0, i)}
100.0	{(n1257, F0, i)}
100.0	{(and_n1251_n1256->n1257, F0, i)}
100.0	{(and_n1251_n1256, F0, i)}
100.0	{(n1251->and_n1251_n1256, F0, i)}
100.0	{(n1256->and_n1251_n1256, F0, i)}
100.0	{(n1256, F0, i)}
100.0	{(and_not_pi142_n1249->n1256, F0, i)}
100.0	{(and_not_pi142_n1249, F0, i)}
100.0	{(n1249->and_not_pi142_n1249, F0, i)}
100.0	{(not_pi142->and_not_pi142_n1249, F0, i)}
100.0	{(not_pi142, F0, i)}
100.0	{(not_n1257->and_not_n1255_not_n1257, F1, i)}
