100.0	{(not_n1344, F1, i)}
100.0	{(n1344->not_n1344, F0, i)}
100.0	{(n1344, F0, i)}
100.0	{(and_not_n1342_not_n1343->n1344, F0, i)}
100.0	{(and_not_n1342_not_n1343, F0, i)}
100.0	{(not_n1342->and_not_n1342_not_n1343, F0, i)}
100.0	{(not_n1343->and_not_n1342_not_n1343, F0, i)}
100.0	{(not_n1342, F0, i)}
100.0	{(n1342->not_n1342, F1, i)}
100.0	{(not_n1343, F0, i)}
100.0	{(n1343->not_n1343, F1, i)}
100.0	{(n1342, F1, i)}
100.0	{(and_pi082_not_n1325_3->n1342, F1, i)}
100.0	{(n1343, F1, i)}
100.0	{(and_pi146_n1325->n1343, F1, i)}
100.0	{(and_pi082_not_n1325_3, F1, i)}
100.0	{(and_pi146_n1325, F1, i)}
100.0	{(not_n1344->and_not_pi129_881247870897231951843937366879128181133112010_not_n1344, F1, i)}
100.0	{(n937, F1, i)}
100.0	{(and_not_pi129_657123623635342801395430_not_n936->n937, F1, i)}
100.0	{(and_not_pi129_657123623635342801395430_not_n936, F1, i)}
100.0	{(n937->and_not_n933_n937, F1, i)}
94.92	{(n938, F1, i)}
94.92	{(and_not_n933_n937->n938, F1, i)}
94.92	{(and_not_n933_n937, F1, i)}
94.92	{(n938->and_not_n924_n938, F1, i)}
100.0	{(not_n1247_4, F1, i)}
100.0	{(n1247->not_n1247_4, F0, i)}
100.0	{(not_n1247_4->and_pi069_not_n1247_4, F1, i)}
100.0	{(not_pi143_0, F1, i)}
100.0	{(not_pi143_0->and_not_pi143_0_n1249, F1, i)}
100.0	{(not_n332, F1, i)}
100.0	{(n332->not_n332, F0, i)}
100.0	{(not_n332->and_pi005_not_n332, F1, i)}
100.0	{(not_n1136, F1, i)}
100.0	{(n1136->not_n1136, F0, i)}
100.0	{(n1136, F0, i)}
100.0	{(and_pi051_not_pi109_7->n1136, F0, i)}
100.0	{(and_pi051_not_pi109_7, F0, i)}
100.0	{(not_pi109_7->and_pi051_not_pi109_7, F0, i)}
100.0	{(not_pi109_7, F0, i)}
100.0	{(not_n1136->and_not_n940_not_n1136, F1, i)}
100.0	{(not_n362, F1, i)}
100.0	{(n362->not_n362, F1, i)}
100.0	{(n362, F1, i)}
100.0	{(and_n359_n361->n362, F1, i)}
100.0	{(and_n359_n361, F1, i)}
100.0	{(not_n362->and_not_n362_not_n363, F1, i)}
100.0	{(po016_driver->po016, F1, i)}
100.0	{(po016_driver, F1, i)}
100.0	{(or_pi003_not_n377->po016_driver, F1, i)}
100.0	{(or_pi003_not_n377, F1, i)}
100.0	{(not_n368, F1, i)}
100.0	{(n368->not_n368, F1, i)}
100.0	{(n368, F1, i)}
100.0	{(and_not_pi009_0_not_n367->n368, F1, i)}
100.0	{(and_not_pi009_0_not_n367, F1, i)}
100.0	{(not_n368->and_not_n368_not_n370, F1, i)}
100.0	{(not_n365, F1, i)}
100.0	{(n365->not_n365, F1, i)}
100.0	{(n365, F1, i)}
100.0	{(and_not_pi013_3_not_n364->n365, F1, i)}
100.0	{(and_not_pi013_3_not_n364, F1, i)}
100.0	{(not_n365->and_not_n365_not_n366, F1, i)}
100.0	{(not_n375, F1, i)}
100.0	{(n375->not_n375, F1, i)}
100.0	{(n375, F1, i)}
100.0	{(and_n344_n374->n375, F1, i)}
100.0	{(and_n344_n374, F1, i)}
100.0	{(not_n375->and_not_n353_not_n375, F1, i)}
100.0	{(not_n332, F1, i)}
100.0	{(n332->not_n332, F1, i)}
100.0	{(not_n332->and_pi005_not_n332, F1, i)}
100.0	{(n332, F1, i)}
100.0	{(and_not_pi006_0_not_pi012_0->n332, F1, i)}
100.0	{(and_not_pi006_0_not_pi012_0, F1, i)}
100.0	{(n356, F1, i)}
100.0	{(and_n294_n355->n356, F1, i)}
100.0	{(and_n294_n355, F1, i)}
100.0	{(n344, F1, i)}
100.0	{(and_not_pi010_0_not_pi022_0->n344, F1, i)}
100.0	{(and_not_pi010_0_not_pi022_0, F1, i)}
100.0	{(n357, F1, i)}
100.0	{(and_not_pi005_1_n332->n357, F1, i)}
100.0	{(and_not_pi005_1_n332, F1, i)}
100.0	{(not_pi005_1, F1, i)}
100.0	{(not_pi005_1->and_not_pi005_1_n332, F1, i)}
100.0	{(n294, F1, i)}
100.0	{(and_not_pi017_not_pi021->n294, F1, i)}
100.0	{(and_not_pi017_not_pi021, F1, i)}
100.0	{(n299, F1, i)}
100.0	{(and_not_pi004_not_pi016->n299, F1, i)}
100.0	{(and_not_pi004_not_pi016, F1, i)}
100.0	{(n354, F1, i)}
100.0	{(and_not_pi014_2_pi054->n354, F1, i)}
100.0	{(and_not_pi014_2_pi054, F1, i)}
100.0	{(n355, F1, i)}
100.0	{(and_not_pi008_1_not_pi011_1->n355, F1, i)}
100.0	{(and_not_pi008_1_not_pi011_1, F1, i)}
100.0	{(n300, F1, i)}
100.0	{(and_n298_n299->n300, F1, i)}
100.0	{(and_n298_n299, F1, i)}
