100.0	{(n843->and_not_pi116_6_n843, F1, i)}
98.21	{(not_n1152, F1, i)}
98.21	{(n1152->not_n1152, F0, i)}
98.21	{(n1152, F0, i)}
98.21	{(and_not_n1150_not_n1151->n1152, F0, i)}
98.21	{(and_not_n1150_not_n1151, F0, i)}
98.21	{(not_n1151->and_not_n1150_not_n1151, F0, i)}
98.21	{(not_n1150->and_not_n1150_not_n1151, F0, i)}
98.21	{(not_n1151, F0, i)}
98.21	{(n1151->not_n1151, F1, i)}
98.21	{(not_n1150, F0, i)}
98.21	{(n1150->not_n1150, F1, i)}
98.21	{(n1151, F1, i)}
98.21	{(and_not_pi116_6_n843->n1151, F1, i)}
98.21	{(n1150, F1, i)}
98.21	{(and_pi097_n1149->n1150, F1, i)}
98.21	{(and_not_pi116_6_n843, F1, i)}
98.21	{(and_pi097_n1149, F1, i)}
98.21	{(not_n1152->and_not_pi129_3119734822845423713013303218219760490_not_n1152, F1, i)}
96.06	{(n843, F1, i)}
96.06	{(and_pi053_not_pi058_4->n843, F1, i)}
96.06	{(and_pi053_not_pi058_4, F1, i)}
92.03	{(n1153, F1, i)}
92.03	{(and_not_pi129_3119734822845423713013303218219760490_not_n1152->n1153, F1, i)}
92.03	{(and_not_pi129_3119734822845423713013303218219760490_not_n1152, F1, i)}
92.03	{(n1153->and_not_pi003_19773267430_n1153, F1, i)}
94.61	{(n399, F0, i)}
94.61	{(and_not_pi047_0_not_pi048_0->n399, F0, i)}
94.61	{(and_not_pi047_0_not_pi048_0, F0, i)}
94.61	{(not_pi048_0->and_not_pi047_0_not_pi048_0, F0, i)}
94.61	{(not_pi047_0->and_not_pi047_0_not_pi048_0, F0, i)}
94.61	{(not_pi048_0, F0, i)}
94.61	{(not_pi047_0, F0, i)}
100.0	{(not_n1432, F1, i)}
100.0	{(n1432->not_n1432, F0, i)}
100.0	{(n1432, F0, i)}
100.0	{(and_pi097_not_n1423_1->n1432, F0, i)}
100.0	{(and_pi097_not_n1423_1, F0, i)}
100.0	{(not_n1423_1->and_pi097_not_n1423_1, F0, i)}
100.0	{(not_n1423_1, F0, i)}
100.0	{(n1423->not_n1423_1, F1, i)}
100.0	{(not_n1432->and_not_n1432_not_n1433, F1, i)}
100.0	{(n1469, F0, i)}
100.0	{(and_pi138_not_n1468->n1469, F0, i)}
100.0	{(and_pi138_not_n1468, F0, i)}
100.0	{(not_n1468->and_pi138_not_n1468, F0, i)}
100.0	{(not_n1468, F0, i)}
100.0	{(n1468->not_n1468, F1, i)}
100.0	{(n1468, F1, i)}
100.0	{(and_not_n1466_not_n1467->n1468, F1, i)}
100.0	{(and_not_n1466_not_n1467, F1, i)}
100.0	{(n1469->or_n1469_n1479, F0, i)}
