100.0	{(not_n690, F1, i)}
100.0	{(n690->not_n690, F0, i)}
100.0	{(n690, F0, i)}
100.0	{(and_n573_n689->n690, F0, i)}
100.0	{(and_n573_n689, F0, i)}
100.0	{(n573->and_n573_n689, F0, i)}
100.0	{(n689->and_n573_n689, F0, i)}
100.0	{(n689, F0, i)}
100.0	{(and_n380_n688->n689, F0, i)}
100.0	{(and_n380_n688, F0, i)}
100.0	{(n688->and_n380_n688, F0, i)}
100.0	{(n380->and_n380_n688, F0, i)}
100.0	{(not_n690->and_pi082_not_n690, F1, i)}
100.0	{(n1026, F1, i)}
100.0	{(and_n399_n704->n1026, F1, i)}
100.0	{(and_n399_n704, F1, i)}
100.0	{(n1026->and_n1026_n1027, F1, i)}
100.0	{(n344->and_n344_n348, F1, i)}
100.0	{(not_n1287, F1, i)}
100.0	{(n1287->not_n1287, F0, i)}
100.0	{(n1287, F0, i)}
100.0	{(and_n1251_n1286->n1287, F0, i)}
100.0	{(and_n1251_n1286, F0, i)}
100.0	{(n1251->and_n1251_n1286, F0, i)}
100.0	{(n1286->and_n1251_n1286, F0, i)}
100.0	{(n1286, F0, i)}
100.0	{(and_not_pi143_0_n1249->n1286, F0, i)}
100.0	{(and_not_pi143_0_n1249, F0, i)}
100.0	{(n1249->and_not_pi143_0_n1249, F0, i)}
100.0	{(not_pi143_0->and_not_pi143_0_n1249, F0, i)}
100.0	{(not_pi143_0, F0, i)}
100.0	{(not_n1287->and_not_n1285_not_n1287, F1, i)}
100.0	{(not_n1601, F1, i)}
100.0	{(n1601->not_n1601, F0, i)}
100.0	{(n1601, F0, i)}
100.0	{(and_n1583_n1600->n1601, F0, i)}
100.0	{(and_n1583_n1600, F0, i)}
100.0	{(n1600->and_n1583_n1600, F0, i)}
100.0	{(n1583->and_n1583_n1600, F0, i)}
100.0	{(n1600, F0, i)}
100.0	{(and_not_pi136_2824752490_pi140->n1600, F0, i)}
100.0	{(and_not_pi136_2824752490_pi140, F0, i)}
100.0	{(not_pi136_2824752490->and_not_pi136_2824752490_pi140, F0, i)}
100.0	{(not_pi136_2824752490, F0, i)}
100.0	{(not_n1601->and_not_n1601_not_n1602, F1, i)}
