100.0	{(n1054, F1, i)}
100.0	{(and_not_pi050_3_n404->n1054, F1, i)}
100.0	{(and_not_pi050_3_n404, F1, i)}
100.0	{(n1054->and_n384_n1054, F1, i)}
100.0	{(not_n1058, F1, i)}
100.0	{(n1058->not_n1058, F0, i)}
100.0	{(n1058, F0, i)}
100.0	{(and_pi075_n1057->n1058, F0, i)}
100.0	{(and_pi075_n1057, F0, i)}
100.0	{(n1057->and_pi075_n1057, F0, i)}
100.0	{(n1057, F0, i)}
100.0	{(and_not_n379_10_not_n1056->n1057, F0, i)}
100.0	{(and_not_n379_10_not_n1056, F0, i)}
100.0	{(not_n1056->and_not_n379_10_not_n1056, F0, i)}
100.0	{(not_n379_10->and_not_n379_10_not_n1056, F0, i)}
100.0	{(not_n1056, F0, i)}
100.0	{(n1056->not_n1056, F1, i)}
100.0	{(not_n379_10, F0, i)}
100.0	{(n379->not_n379_10, F1, i)}
100.0	{(n1056, F1, i)}
100.0	{(and_pi082_not_n1055->n1056, F1, i)}
100.0	{(and_pi082_not_n1055, F1, i)}
100.0	{(not_n1058->and_not_n1058_n1061, F1, i)}
100.0	{(n788, F1, i)}
100.0	{(and_not_pi026_3_n787->n788, F1, i)}
100.0	{(and_not_pi026_3_n787, F1, i)}
100.0	{(not_pi138_1, F1, i)}
100.0	{(not_pi138_1->and_not_pi062_not_pi138_1, F1, i)}
100.0	{(not_n1348, F1, i)}
100.0	{(n1348->not_n1348, F0, i)}
100.0	{(n1348, F0, i)}
100.0	{(and_not_n1346_not_n1347->n1348, F0, i)}
100.0	{(and_not_n1346_not_n1347, F0, i)}
100.0	{(not_n1346->and_not_n1346_not_n1347, F0, i)}
100.0	{(not_n1347->and_not_n1346_not_n1347, F0, i)}
100.0	{(not_n1346, F0, i)}
100.0	{(n1346->not_n1346, F1, i)}
100.0	{(not_n1347, F0, i)}
100.0	{(n1347->not_n1347, F1, i)}
100.0	{(n1346, F1, i)}
100.0	{(and_pi089_pi138->n1346, F1, i)}
100.0	{(n1347, F1, i)}
100.0	{(and_not_pi062_not_pi138_1->n1347, F1, i)}
100.0	{(and_pi089_pi138, F1, i)}
100.0	{(and_not_pi062_not_pi138_1, F1, i)}
100.0	{(not_n1348->and_pi136_not_n1348, F1, i)}
