100.0	{(n474, F1, i)}
100.0	{(and_pi008_not_pi017_3->n474, F1, i)}
100.0	{(and_pi008_not_pi017_3, F1, i)}
100.0	{(n474->and_n473_n474, F1, i)}
93.33	{(n475, F1, i)}
93.33	{(and_n473_n474->n475, F1, i)}
93.33	{(and_n473_n474, F1, i)}
93.33	{(n475->and_n475_n477, F1, i)}
100.0	{(n488->and_n488_n489, F1, i)}
100.0	{(not_pi017_4, F1, i)}
100.0	{(not_pi017_4->and_not_pi017_4_not_pi018_2, F1, i)}
100.0	{(n488, F1, i)}
100.0	{(and_not_pi017_4_not_pi018_2->n488, F1, i)}
100.0	{(and_not_pi017_4_not_pi018_2, F1, i)}
100.0	{(not_n1304, F1, i)}
100.0	{(n1304->not_n1304, F0, i)}
100.0	{(n1304, F0, i)}
100.0	{(and_pi073_not_n1271_2->n1304, F0, i)}
100.0	{(and_pi073_not_n1271_2, F0, i)}
100.0	{(not_n1271_2->and_pi073_not_n1271_2, F0, i)}
100.0	{(not_n1271_2, F0, i)}
100.0	{(n1271->not_n1271_2, F1, i)}
100.0	{(not_n1304->and_not_n1304_not_n1305, F1, i)}
100.0	{(not_n660, F1, i)}
100.0	{(n660->not_n660, F0, i)}
100.0	{(n660, F0, i)}
100.0	{(and_not_n648_n659->n660, F0, i)}
100.0	{(and_not_n648_n659, F0, i)}
100.0	{(n659->and_not_n648_n659, F0, i)}
100.0	{(not_n648->and_not_n648_n659, F0, i)}
100.0	{(n659, F0, i)}
100.0	{(and_not_n657_not_n658->n659, F0, i)}
100.0	{(not_n648, F0, i)}
100.0	{(n648->not_n648, F1, i)}
100.0	{(and_not_n657_not_n658, F0, i)}
100.0	{(not_n657->and_not_n657_not_n658, F0, i)}
100.0	{(not_n658->and_not_n657_not_n658, F0, i)}
100.0	{(n648, F1, i)}
100.0	{(and_not_pi071_n647->n648, F1, i)}
100.0	{(not_n657, F0, i)}
100.0	{(n657->not_n657, F1, i)}
100.0	{(not_n658, F0, i)}
100.0	{(n658->not_n658, F1, i)}
100.0	{(and_not_pi071_n647, F1, i)}
100.0	{(n657, F1, i)}
100.0	{(and_pi082_not_n656->n657, F1, i)}
100.0	{(n658, F1, i)}
100.0	{(and_pi020_n411->n658, F1, i)}
100.0	{(and_pi082_not_n656, F1, i)}
100.0	{(and_pi020_n411, F1, i)}
100.0	{(not_n660->and_not_pi129_403536070_not_n660, F1, i)}
100.0	{(not_pi048_2, F1, i)}
100.0	{(not_pi048_2->and_not_pi002_2_not_pi048_2, F1, i)}
63.64	{(n925, F1, i)}
63.64	{(and_not_pi002_2_not_pi048_2->n925, F1, i)}
63.64	{(and_not_pi002_2_not_pi048_2, F1, i)}
63.64	{(n925->and_n398_n925, F1, i)}
