100.0	{(not_n744, F1, i)}
100.0	{(n744->not_n744, F0, i)}
100.0	{(n744, F0, i)}
100.0	{(and_not_n742_n743->n744, F0, i)}
100.0	{(and_not_n742_n743, F0, i)}
100.0	{(n743->and_not_n742_n743, F0, i)}
100.0	{(not_n742->and_not_n742_n743, F0, i)}
100.0	{(not_n742, F0, i)}
100.0	{(n742->not_n742, F1, i)}
100.0	{(n742, F1, i)}
100.0	{(and_not_n740_not_n741->n742, F1, i)}
100.0	{(and_not_n740_not_n741, F1, i)}
100.0	{(not_n744->and_not_n735_not_n744, F1, i)}
100.0	{(n743, F0, i)}
100.0	{(and_not_pi026_0_not_pi085_1->n743, F0, i)}
100.0	{(and_not_pi026_0_not_pi085_1, F0, i)}
100.0	{(not_pi026_0->and_not_pi026_0_not_pi085_1, F0, i)}
100.0	{(not_pi085_1->and_not_pi026_0_not_pi085_1, F0, i)}
100.0	{(not_pi026_0, F0, i)}
100.0	{(not_pi085_1, F0, i)}
91.67	{(not_n746, F1, i)}
91.67	{(n746->not_n746, F0, i)}
91.67	{(n746, F0, i)}
91.67	{(and_not_pi053_not_n745->n746, F0, i)}
91.67	{(and_not_pi053_not_n745, F0, i)}
91.67	{(not_pi053->and_not_pi053_not_n745, F0, i)}
91.67	{(not_n745->and_not_pi053_not_n745, F0, i)}
91.67	{(not_pi053, F0, i)}
91.67	{(not_n745, F0, i)}
91.67	{(n745->not_n745, F1, i)}
91.67	{(n745, F1, i)}
91.67	{(and_not_n735_not_n744->n745, F1, i)}
91.67	{(and_not_n735_not_n744, F1, i)}
91.67	{(not_n746->and_not_n746_not_n751, F1, i)}
100.0	{(not_n1441, F1, i)}
100.0	{(n1441->not_n1441, F0, i)}
100.0	{(n1441, F0, i)}
100.0	{(and_pi141_n1386->n1441, F0, i)}
100.0	{(and_pi141_n1386, F0, i)}
100.0	{(n1386->and_pi141_n1386, F0, i)}
100.0	{(not_n1441->and_not_n1440_not_n1441, F1, i)}
100.0	{(not_pi054_24010, F1, i)}
100.0	{(not_pi054_24010->and_pi021_not_pi054_24010, F1, i)}
100.0	{(not_pi129_93874803376477543056490, F1, i)}
100.0	{(not_pi129_93874803376477543056490->and_not_pi129_93874803376477543056490_not_n915, F1, i)}
100.0	{(not_pi058_10, F1, i)}
100.0	{(not_pi058_10->and_not_pi058_10_n1206, F1, i)}
