100.0	{(po115_driver->po115, F0, i)}
100.0	{(po115_driver, F0, i)}
100.0	{(and_not_pi129_205005145156954906122290109080958673914396262484637238056070_not_n1446->po115_driver, F0, i)}
100.0	{(and_not_pi129_205005145156954906122290109080958673914396262484637238056070_not_n1446, F0, i)}
100.0	{(not_pi129_205005145156954906122290109080958673914396262484637238056070->and_not_pi129_205005145156954906122290109080958673914396262484637238056070_not_n1446, F0, i)}
100.0	{(not_n1446->and_not_pi129_205005145156954906122290109080958673914396262484637238056070_not_n1446, F0, i)}
100.0	{(not_pi129_205005145156954906122290109080958673914396262484637238056070, F0, i)}
100.0	{(not_n1446, F0, i)}
100.0	{(n1446->not_n1446, F1, i)}
100.0	{(n1446, F1, i)}
100.0	{(and_not_n1444_not_n1445->n1446, F1, i)}
100.0	{(and_not_n1444_not_n1445, F1, i)}
100.0	{(not_n1444, F1, i)}
100.0	{(n1444->not_n1444, F0, i)}
100.0	{(n1444, F0, i)}
100.0	{(and_pi100_not_n1423_2->n1444, F0, i)}
100.0	{(and_pi100_not_n1423_2, F0, i)}
100.0	{(not_n1423_2->and_pi100_not_n1423_2, F0, i)}
100.0	{(not_n1423_2, F0, i)}
100.0	{(n1423->not_n1423_2, F1, i)}
100.0	{(not_n1444->and_not_n1444_not_n1445, F1, i)}
100.0	{(not_n1350, F1, i)}
100.0	{(n1350->not_n1350, F0, i)}
100.0	{(n1350, F0, i)}
100.0	{(and_pi119_pi138->n1350, F0, i)}
100.0	{(and_pi119_pi138, F0, i)}
100.0	{(not_n1350->and_not_n1350_not_n1351, F1, i)}
100.0	{(n369->and_pi009_n369, F1, i)}
100.0	{(not_pi009_0, F1, i)}
100.0	{(not_pi009_0->and_not_pi009_0_not_n367, F1, i)}
100.0	{(not_n1051, F1, i)}
100.0	{(n1051->not_n1051, F0, i)}
100.0	{(n1051, F0, i)}
100.0	{(and_n379_not_n1050->n1051, F0, i)}
100.0	{(and_n379_not_n1050, F0, i)}
100.0	{(n379->and_n379_not_n1050, F0, i)}
100.0	{(not_n1050->and_n379_not_n1050, F0, i)}
100.0	{(not_n1050, F0, i)}
100.0	{(n1050->not_n1050, F1, i)}
100.0	{(n1050, F1, i)}
100.0	{(and_pi082_not_n1049->n1050, F1, i)}
100.0	{(and_pi082_not_n1049, F1, i)}
100.0	{(not_n1051->and_not_n1048_not_n1051, F1, i)}
80.0	{(not_n1053, F1, i)}
80.0	{(n1053->not_n1053, F0, i)}
80.0	{(n1053, F0, i)}
80.0	{(and_not_pi046_2_not_n1052->n1053, F0, i)}
80.0	{(and_not_pi046_2_not_n1052, F0, i)}
80.0	{(not_pi046_2->and_not_pi046_2_not_n1052, F0, i)}
80.0	{(not_n1052->and_not_pi046_2_not_n1052, F0, i)}
80.0	{(not_pi046_2, F0, i)}
80.0	{(not_n1052, F0, i)}
80.0	{(n1052->not_n1052, F1, i)}
80.0	{(n1052, F1, i)}
80.0	{(and_not_n1048_not_n1051->n1052, F1, i)}
80.0	{(and_not_n1048_not_n1051, F1, i)}
80.0	{(not_n1053->and_not_n1053_n1062, F1, i)}
90.91	{(n925, F1, i)}
90.91	{(and_not_pi002_2_not_pi048_2->n925, F1, i)}
90.91	{(and_not_pi002_2_not_pi048_2, F1, i)}
90.91	{(n925->and_n398_n925, F1, i)}
66.67	{(n926, F1, i)}
66.67	{(and_n398_n925->n926, F1, i)}
66.67	{(and_n398_n925, F1, i)}
66.67	{(n926->and_n401_n926, F1, i)}
52.63	{(n927, F1, i)}
52.63	{(and_n401_n926->n927, F1, i)}
52.63	{(and_n401_n926, F1, i)}
