100.0	{(not_pi138_8, F1, i)}
100.0	{(not_pi138_8->and_not_pi138_8_not_n1478, F1, i)}
91.3	{(not_n1468, F1, i)}
91.3	{(n1468->not_n1468, F0, i)}
91.3	{(n1468, F0, i)}
91.3	{(and_not_n1466_not_n1467->n1468, F0, i)}
91.3	{(and_not_n1466_not_n1467, F0, i)}
91.3	{(not_n1466->and_not_n1466_not_n1467, F0, i)}
91.3	{(not_n1467->and_not_n1466_not_n1467, F0, i)}
91.3	{(not_n1466, F0, i)}
91.3	{(n1466->not_n1466, F1, i)}
91.3	{(not_n1467, F0, i)}
91.3	{(n1467->not_n1467, F1, i)}
91.3	{(n1466, F1, i)}
91.3	{(and_pi091_n1249->n1466, F1, i)}
91.3	{(n1467, F1, i)}
91.3	{(and_pi095_n1324->n1467, F1, i)}
91.3	{(and_pi091_n1249, F1, i)}
91.3	{(and_pi095_n1324, F1, i)}
91.3	{(not_n1468->and_pi138_not_n1468, F1, i)}
76.36	{(po117_driver->po117, F1, i)}
76.36	{(po117_driver, F1, i)}
76.36	{(or_n1469_n1479->po117_driver, F1, i)}
76.36	{(or_n1469_n1479, F1, i)}
76.36	{(n1479->or_n1469_n1479, F1, i)}
76.36	{(n1469->or_n1469_n1479, F1, i)}
76.36	{(n1479, F1, i)}
76.36	{(and_not_pi138_8_not_n1478->n1479, F1, i)}
76.36	{(n1469, F1, i)}
76.36	{(and_pi138_not_n1468->n1469, F1, i)}
76.36	{(and_not_pi138_8_not_n1478, F1, i)}
76.36	{(and_pi138_not_n1468, F1, i)}
100.0	{(n1360->and_pi036_n1360, F1, i)}
100.0	{(not_pi129_103677930763188441902487387275962551382129494864490, F1, i)}
100.0	{(not_pi129_103677930763188441902487387275962551382129494864490->and_not_pi129_103677930763188441902487387275962551382129494864490_not_n1393, F1, i)}
100.0	{(not_pi007_2, F1, i)}
100.0	{(not_pi007_2->and_not_pi007_2_not_pi013_2, F1, i)}
