99.77	{(n341, F0, i)}
99.77	{(and_not_pi011_0_not_pi012_1->n341, F0, i)}
99.77	{(and_not_pi011_0_not_pi012_1, F0, i)}
99.77	{(not_pi012_1->and_not_pi011_0_not_pi012_1, F0, i)}
99.77	{(not_pi011_0->and_not_pi011_0_not_pi012_1, F0, i)}
99.77	{(not_pi012_1, F0, i)}
99.77	{(not_pi011_0, F0, i)}
97.75	{(n347, F0, i)}
97.75	{(and_n345_n346->n347, F0, i)}
97.75	{(and_n345_n346, F0, i)}
97.75	{(n346->and_n345_n346, F0, i)}
97.75	{(n345->and_n345_n346, F0, i)}
97.53	{(n346, F0, i)}
97.53	{(and_not_pi005_0_not_pi006_1->n346, F0, i)}
97.53	{(and_not_pi005_0_not_pi006_1, F0, i)}
97.53	{(not_pi006_1->and_not_pi005_0_not_pi006_1, F0, i)}
97.53	{(not_pi005_0->and_not_pi005_0_not_pi006_1, F0, i)}
97.53	{(not_pi006_1, F0, i)}
97.53	{(not_pi005_0, F0, i)}
96.63	{(n419, F0, i)}
96.63	{(and_not_pi008_2_not_pi017_2->n419, F0, i)}
96.63	{(and_not_pi008_2_not_pi017_2, F0, i)}
96.63	{(not_pi008_2->and_not_pi008_2_not_pi017_2, F0, i)}
96.63	{(not_pi017_2->and_not_pi008_2_not_pi017_2, F0, i)}
96.63	{(not_pi008_2, F0, i)}
96.63	{(not_pi017_2, F0, i)}
96.24	{(n345, F0, i)}
96.24	{(and_not_pi007_2_not_pi013_2->n345, F0, i)}
96.24	{(and_not_pi007_2_not_pi013_2, F0, i)}
96.24	{(not_pi007_2->and_not_pi007_2_not_pi013_2, F0, i)}
96.24	{(not_pi013_2->and_not_pi007_2_not_pi013_2, F0, i)}
96.24	{(not_pi007_2, F0, i)}
96.24	{(not_pi013_2, F0, i)}
95.71	{(not_n423, F1, i)}
95.71	{(n423->not_n423, F0, i)}
95.71	{(n423, F0, i)}
95.71	{(and_n418_n422->n423, F0, i)}
95.71	{(and_n418_n422, F0, i)}
95.71	{(n418->and_n418_n422, F0, i)}
95.71	{(n422->and_n418_n422, F0, i)}
95.71	{(n422, F0, i)}
95.71	{(and_n420_n421->n422, F0, i)}
95.71	{(and_n420_n421, F0, i)}
95.71	{(n421->and_n420_n421, F0, i)}
95.71	{(n420->and_n420_n421, F0, i)}
95.71	{(n421, F0, i)}
95.71	{(and_not_pi021_1_n300->n421, F0, i)}
95.71	{(n420, F0, i)}
95.71	{(and_n341_n419->n420, F0, i)}
95.71	{(and_not_pi021_1_n300, F0, i)}
95.71	{(not_pi021_1->and_not_pi021_1_n300, F0, i)}
95.71	{(n300->and_not_pi021_1_n300, F0, i)}
95.71	{(and_n341_n419, F0, i)}
95.71	{(n341->and_n341_n419, F0, i)}
95.71	{(n419->and_n341_n419, F0, i)}
95.71	{(not_pi021_1, F0, i)}
95.71	{(not_n423->and_not_n423_n424, F1, i)}
95.28	{(n418, F0, i)}
95.28	{(and_n347_n417->n418, F0, i)}
95.28	{(and_n347_n417, F0, i)}
95.28	{(n417->and_n347_n417, F0, i)}
95.28	{(n347->and_n347_n417, F0, i)}
94.85	{(n426, F1, i)}
94.85	{(and_pi000_not_pi123->n426, F1, i)}
94.85	{(and_pi000_not_pi123, F1, i)}
94.85	{(n426->and_not_pi113_n426, F1, i)}
94.22	{(not_n428, F1, i)}
94.22	{(n428->not_n428, F0, i)}
94.22	{(n428, F0, i)}
94.22	{(and_not_n425_not_n427->n428, F0, i)}
94.22	{(and_not_n425_not_n427, F0, i)}
94.22	{(not_n427->and_not_n425_not_n427, F0, i)}
94.22	{(not_n425->and_not_n425_not_n427, F0, i)}
94.22	{(not_n427, F0, i)}
94.22	{(n427->not_n427, F1, i)}
94.22	{(not_n425, F0, i)}
94.22	{(n425->not_n425, F1, i)}
94.22	{(n427, F1, i)}
94.22	{(and_not_pi113_n426->n427, F1, i)}
94.22	{(n425, F1, i)}
94.22	{(and_not_n423_n424->n425, F1, i)}
94.22	{(and_not_pi113_n426, F1, i)}
94.22	{(and_not_n423_n424, F1, i)}
94.22	{(not_n428->and_not_pi129_2_not_n428, F1, i)}
93.82	{(n417, F0, i)}
93.82	{(and_n344_n416->n417, F0, i)}
93.82	{(and_n344_n416, F0, i)}
93.82	{(n344->and_n344_n416, F0, i)}
93.82	{(n416->and_n344_n416, F0, i)}
93.82	{(n344, F0, i)}
93.82	{(and_not_pi010_0_not_pi022_0->n344, F0, i)}
93.82	{(and_not_pi010_0_not_pi022_0, F0, i)}
93.82	{(not_pi022_0->and_not_pi010_0_not_pi022_0, F0, i)}
93.82	{(not_pi010_0->and_not_pi010_0_not_pi022_0, F0, i)}
93.82	{(not_pi022_0, F0, i)}
93.82	{(not_pi010_0, F0, i)}
93.41	{(n416, F0, i)}
93.41	{(and_not_pi009_1_not_pi014_3->n416, F0, i)}
93.41	{(and_not_pi009_1_not_pi014_3, F0, i)}
93.41	{(not_pi009_1->and_not_pi009_1_not_pi014_3, F0, i)}
93.41	{(not_pi014_3->and_not_pi009_1_not_pi014_3, F0, i)}
93.41	{(not_pi009_1, F0, i)}
93.41	{(not_pi014_3, F0, i)}
90.06	{(n300, F0, i)}
90.06	{(and_n298_n299->n300, F0, i)}
90.06	{(and_n298_n299, F0, i)}
90.06	{(n298->and_n298_n299, F0, i)}
90.06	{(n299->and_n298_n299, F0, i)}
90.06	{(n298, F0, i)}
90.06	{(and_not_pi018_not_pi019->n298, F0, i)}
90.06	{(and_not_pi018_not_pi019, F0, i)}
90.06	{(not_pi019->and_not_pi018_not_pi019, F0, i)}
90.06	{(not_pi018->and_not_pi018_not_pi019, F0, i)}
90.06	{(not_pi019, F0, i)}
90.06	{(not_pi018, F0, i)}
89.88	{(n299, F0, i)}
89.88	{(and_not_pi004_not_pi016->n299, F0, i)}
89.88	{(and_not_pi004_not_pi016, F0, i)}
89.88	{(not_pi004->and_not_pi004_not_pi016, F0, i)}
89.88	{(not_pi016->and_not_pi004_not_pi016, F0, i)}
89.88	{(not_pi004, F0, i)}
89.88	{(not_pi016, F0, i)}
83.96	{(po018_driver->po018, F1, i)}
83.96	{(po018_driver, F1, i)}
83.96	{(and_not_pi129_2_not_n428->po018_driver, F1, i)}
83.96	{(and_not_pi129_2_not_n428, F1, i)}
100.0	{(n1045, F1, i)}
100.0	{(and_not_pi129_541169560379521116689596608490_not_n1044->n1045, F1, i)}
100.0	{(and_not_pi129_541169560379521116689596608490_not_n1044, F1, i)}
100.0	{(n1045->and_not_n1040_n1045, F1, i)}
100.0	{(not_n1102, F1, i)}
100.0	{(n1102->not_n1102, F0, i)}
100.0	{(n1102, F0, i)}
100.0	{(and_pi082_not_n1101->n1102, F0, i)}
100.0	{(and_pi082_not_n1101, F0, i)}
100.0	{(not_n1101->and_pi082_not_n1101, F0, i)}
100.0	{(not_n1101, F0, i)}
100.0	{(n1101->not_n1101, F1, i)}
100.0	{(n1101, F1, i)}
100.0	{(and_n705_n1100->n1101, F1, i)}
100.0	{(and_n705_n1100, F1, i)}
100.0	{(not_n1102->and_not_n379_3430_not_n1102, F1, i)}
91.53	{(not_n1113, F1, i)}
91.53	{(n1113->not_n1113, F0, i)}
91.53	{(n1113, F0, i)}
91.53	{(and_not_n1108_not_n1112->n1113, F0, i)}
91.53	{(and_not_n1108_not_n1112, F0, i)}
91.53	{(not_n1108->and_not_n1108_not_n1112, F0, i)}
91.53	{(not_n1112->and_not_n1108_not_n1112, F0, i)}
91.53	{(not_n1108, F0, i)}
91.53	{(n1108->not_n1108, F1, i)}
91.53	{(not_n1112, F0, i)}
91.53	{(n1112->not_n1112, F1, i)}
91.53	{(n1108, F1, i)}
91.53	{(and_pi049_not_n1107->n1108, F1, i)}
91.53	{(n1112, F1, i)}
91.53	{(and_n380_n1111->n1112, F1, i)}
91.53	{(and_pi049_not_n1107, F1, i)}
91.53	{(and_n380_n1111, F1, i)}
91.53	{(not_n1113->and_pi082_not_n1113, F1, i)}
