100.0	{(not_n1397, F1, i)}
100.0	{(n1397->not_n1397, F0, i)}
100.0	{(n1397, F0, i)}
100.0	{(and_not_n1395_not_n1396->n1397, F0, i)}
100.0	{(and_not_n1395_not_n1396, F0, i)}
100.0	{(not_n1395->and_not_n1395_not_n1396, F0, i)}
100.0	{(not_n1396->and_not_n1395_not_n1396, F0, i)}
100.0	{(not_n1395, F0, i)}
100.0	{(n1395->not_n1395, F1, i)}
100.0	{(not_n1396, F0, i)}
100.0	{(n1396->not_n1396, F1, i)}
100.0	{(n1395, F1, i)}
100.0	{(and_pi090_not_n1386_1->n1395, F1, i)}
100.0	{(n1396, F1, i)}
100.0	{(and_pi142_n1386->n1396, F1, i)}
100.0	{(and_pi090_not_n1386_1, F1, i)}
100.0	{(and_pi142_n1386, F1, i)}
100.0	{(not_n1397->and_not_pi129_725745515342319093317411710931737859674906464051430_not_n1397, F1, i)}
100.0	{(n356->and_not_pi059_n356, F1, i)}
100.0	{(n311->and_n311_n312, F1, i)}
100.0	{(n788, F1, i)}
100.0	{(and_not_pi026_3_n787->n788, F1, i)}
100.0	{(and_not_pi026_3_n787, F1, i)}
100.0	{(not_pi039_0, F1, i)}
100.0	{(not_pi039_0->and_not_pi039_0_not_pi052_0, F1, i)}
100.0	{(not_n943, F1, i)}
100.0	{(n943->not_n943, F0, i)}
100.0	{(not_n943->and_pi039_not_n943, F1, i)}
