100.0	{(not_n969, F1, i)}
100.0	{(n969->not_n969, F0, i)}
100.0	{(n969, F0, i)}
100.0	{(and_not_pi041_2_not_n968->n969, F0, i)}
100.0	{(and_not_pi041_2_not_n968, F0, i)}
100.0	{(not_pi041_2->and_not_pi041_2_not_n968, F0, i)}
100.0	{(not_n968->and_not_pi041_2_not_n968, F0, i)}
100.0	{(not_pi041_2, F0, i)}
100.0	{(not_n968, F0, i)}
100.0	{(n968->not_n968, F1, i)}
100.0	{(n968, F1, i)}
100.0	{(and_not_n965_not_n967->n968, F1, i)}
100.0	{(and_not_n965_not_n967, F1, i)}
100.0	{(not_n969->and_not_n969_n981, F1, i)}
100.0	{(n382, F1, i)}
100.0	{(and_n380_n381->n382, F1, i)}
100.0	{(and_n380_n381, F1, i)}
100.0	{(n382->and_n382_n385, F1, i)}
100.0	{(not_n379_6, F1, i)}
100.0	{(n379->not_n379_6, F0, i)}
100.0	{(not_n379_6->and_not_n379_6_not_n993, F1, i)}
100.0	{(n934->and_pi042_n934, F1, i)}
100.0	{(not_pi042_1, F1, i)}
100.0	{(not_pi042_1->and_not_pi042_1_not_n988, F1, i)}
100.0	{(not_pi129_797922662976120010, F1, i)}
100.0	{(not_pi129_797922662976120010->and_not_pi129_797922662976120010_not_n873, F1, i)}
100.0	{(n346->and_not_pi007_8_n346, F1, i)}
