100.0	{(n667, F1, i)}
100.0	{(and_n663_n666->n667, F1, i)}
100.0	{(and_n663_n666, F1, i)}
100.0	{(n667->and_n487_n667, F1, i)}
100.0	{(n679, F1, i)}
100.0	{(and_n479_n678->n679, F1, i)}
100.0	{(and_n479_n678, F1, i)}
100.0	{(n679->and_n677_n679, F1, i)}
100.0	{(n1386, F1, i)}
100.0	{(and_n1251_n1385->n1386, F1, i)}
100.0	{(and_n1251_n1385, F1, i)}
100.0	{(not_n1142, F1, i)}
100.0	{(n1142->not_n1142, F0, i)}
100.0	{(n1142, F0, i)}
100.0	{(and_not_n1140_n1141->n1142, F0, i)}
100.0	{(and_not_n1140_n1141, F0, i)}
100.0	{(n1141->and_not_n1140_n1141, F0, i)}
100.0	{(not_n1140->and_not_n1140_n1141, F0, i)}
100.0	{(n1141, F0, i)}
100.0	{(and_not_pi106_9_not_n943_0->n1141, F0, i)}
100.0	{(not_n1140, F0, i)}
100.0	{(n1140->not_n1140, F1, i)}
100.0	{(and_not_pi106_9_not_n943_0, F0, i)}
100.0	{(not_pi106_9->and_not_pi106_9_not_n943_0, F0, i)}
100.0	{(not_n943_0->and_not_pi106_9_not_n943_0, F0, i)}
100.0	{(n1140, F1, i)}
100.0	{(and_pi052_not_n940_0->n1140, F1, i)}
100.0	{(not_pi106_9, F0, i)}
100.0	{(not_n943_0, F0, i)}
100.0	{(n943->not_n943_0, F1, i)}
100.0	{(and_pi052_not_n940_0, F1, i)}
100.0	{(not_n1142->and_not_pi129_445676403263631959001900459745680070_not_n1142, F1, i)}
99.43	{(n943, F1, i)}
99.43	{(and_pi109_n722->n943, F1, i)}
99.43	{(and_pi109_n722, F1, i)}
90.45	{(po067_driver->po067, F1, i)}
90.45	{(po067_driver, F1, i)}
90.45	{(and_not_pi129_445676403263631959001900459745680070_not_n1142->po067_driver, F1, i)}
90.45	{(and_not_pi129_445676403263631959001900459745680070_not_n1142, F1, i)}
