100.0	{(not_n761, F1, i)}
100.0	{(n761->not_n761, F0, i)}
100.0	{(not_n761->and_not_pi110_1_not_n761, F1, i)}
100.0	{(n573, F1, i)}
100.0	{(and_n391_n572->n573, F1, i)}
100.0	{(and_n391_n572, F1, i)}
100.0	{(n563, F1, i)}
100.0	{(and_n515_n562->n563, F1, i)}
100.0	{(and_n515_n562, F1, i)}
100.0	{(n563->and_n560_n563, F1, i)}
81.12	{(n1271->and_not_pi141_0_n1271, F1, i)}
80.0	{(n1306, F0, i)}
80.0	{(and_not_n1304_not_n1305->n1306, F0, i)}
80.0	{(and_not_n1304_not_n1305, F0, i)}
80.0	{(not_n1304->and_not_n1304_not_n1305, F0, i)}
80.0	{(not_n1305->and_not_n1304_not_n1305, F0, i)}
80.0	{(not_n1304, F0, i)}
80.0	{(n1304->not_n1304, F1, i)}
80.0	{(not_n1305, F0, i)}
80.0	{(n1305->not_n1305, F1, i)}
80.0	{(n1304, F1, i)}
80.0	{(and_pi073_not_n1271_2->n1304, F1, i)}
80.0	{(n1305, F1, i)}
80.0	{(and_not_pi141_0_n1271->n1305, F1, i)}
80.0	{(and_pi073_not_n1271_2, F1, i)}
80.0	{(and_not_pi141_0_n1271, F1, i)}
80.0	{(n1306->or_pi129_n1306, F0, i)}
73.76	{(po088_driver->po088, F0, i)}
73.76	{(po088_driver, F0, i)}
73.76	{(or_pi129_n1306->po088_driver, F0, i)}
73.76	{(or_pi129_n1306, F0, i)}
100.0	{(not_n766, F1, i)}
100.0	{(n766->not_n766, F1, i)}
100.0	{(n766, F1, i)}
100.0	{(and_not_n764_not_n765->n766, F1, i)}
100.0	{(and_not_n764_not_n765, F1, i)}
100.0	{(not_n766->and_pi100_not_n766, F1, i)}
100.0	{(n713->and_not_pi026_2_n713, F1, i)}
100.0	{(n762->and_not_n728_0_n762, F1, i)}
100.0	{(po041_driver->po041, F1, i)}
100.0	{(po041_driver, F1, i)}
100.0	{(and_n772_n774->po041_driver, F1, i)}
100.0	{(and_n772_n774, F1, i)}
100.0	{(n763, F1, i)}
100.0	{(and_not_n728_0_n762->n763, F1, i)}
100.0	{(and_not_n728_0_n762, F1, i)}
100.0	{(n763->and_not_pi096_0_n763, F1, i)}
100.0	{(n771, F1, i)}
100.0	{(and_not_pi129_47475615099430_not_n770->n771, F1, i)}
100.0	{(and_not_pi129_47475615099430_not_n770, F1, i)}
100.0	{(n771->and_not_pi003_8235430_n771, F1, i)}
100.0	{(not_n770, F1, i)}
100.0	{(n770->not_n770, F1, i)}
100.0	{(n770, F1, i)}
100.0	{(and_not_n767_not_n769->n770, F1, i)}
100.0	{(and_not_n767_not_n769, F1, i)}
100.0	{(not_n770->and_not_pi129_47475615099430_not_n770, F1, i)}
100.0	{(n772, F1, i)}
100.0	{(and_not_pi003_8235430_n771->n772, F1, i)}
100.0	{(and_not_pi003_8235430_n771, F1, i)}
100.0	{(n772->and_n772_n774, F1, i)}
100.0	{(not_n761, F1, i)}
100.0	{(n761->not_n761, F1, i)}
100.0	{(not_n761->and_not_pi110_1_not_n761, F1, i)}
100.0	{(n762, F1, i)}
100.0	{(and_not_pi110_1_not_n761->n762, F1, i)}
100.0	{(and_not_pi110_1_not_n761, F1, i)}
