100.0	{(not_n395, F1, i)}
100.0	{(n395->not_n395, F0, i)}
100.0	{(n395, F0, i)}
100.0	{(and_pi082_not_n394->n395, F0, i)}
100.0	{(and_pi082_not_n394, F0, i)}
100.0	{(not_n394->and_pi082_not_n394, F0, i)}
100.0	{(not_n394, F0, i)}
100.0	{(n394->not_n394, F1, i)}
100.0	{(n394, F1, i)}
100.0	{(and_n386_n393->n394, F1, i)}
100.0	{(and_n386_n393, F1, i)}
100.0	{(not_n395->and_not_n379_not_n395, F1, i)}
100.0	{(n391->and_n388_n391, F1, i)}
100.0	{(not_n1019, F1, i)}
100.0	{(n1019->not_n1019, F0, i)}
100.0	{(n1019, F0, i)}
100.0	{(and_pi082_not_n1018->n1019, F0, i)}
100.0	{(and_pi082_not_n1018, F0, i)}
100.0	{(not_n1018->and_pi082_not_n1018, F0, i)}
100.0	{(not_n1018, F0, i)}
100.0	{(n1018->not_n1018, F1, i)}
100.0	{(n1018, F1, i)}
100.0	{(and_n927_n1017->n1018, F1, i)}
100.0	{(and_n927_n1017, F1, i)}
100.0	{(not_n1019->and_not_n1019_not_n1022, F1, i)}
100.0	{(not_pi000, F1, i)}
100.0	{(not_pi000->and_not_pi000_not_n306, F1, i)}
100.0	{(n369->and_n369_n417, F1, i)}
100.0	{(n487->and_n487_n623, F1, i)}
100.0	{(n369->and_n369_n417, F1, i)}
100.0	{(n487, F1, i)}
100.0	{(and_n369_n417->n487, F1, i)}
100.0	{(and_n369_n417, F1, i)}
100.0	{(n626, F1, i)}
100.0	{(and_not_pi129_8235430_not_n625->n626, F1, i)}
100.0	{(and_not_pi129_8235430_not_n625, F1, i)}
100.0	{(n626->and_not_pi003_490_n626, F1, i)}
100.0	{(po033_driver->po033, F1, i)}
100.0	{(po033_driver, F1, i)}
100.0	{(and_not_pi003_490_n626->po033_driver, F1, i)}
100.0	{(and_not_pi003_490_n626, F1, i)}
100.0	{(n487->and_n487_n623, F1, i)}
100.0	{(not_n625, F1, i)}
100.0	{(n625->not_n625, F1, i)}
100.0	{(n625, F1, i)}
100.0	{(and_not_n620_not_n624->n625, F1, i)}
100.0	{(and_not_n620_not_n624, F1, i)}
100.0	{(not_n625->and_not_pi129_8235430_not_n625, F1, i)}
100.0	{(not_pi013_2, F1, i)}
100.0	{(not_pi013_2->and_not_pi007_2_not_pi013_2, F1, i)}
100.0	{(n345, F1, i)}
100.0	{(and_not_pi007_2_not_pi013_2->n345, F1, i)}
100.0	{(and_not_pi007_2_not_pi013_2, F1, i)}
100.0	{(n369, F1, i)}
100.0	{(and_n345_n357->n369, F1, i)}
100.0	{(and_n345_n357, F1, i)}
100.0	{(n345->and_n345_n357, F1, i)}
