100.0	{(n1134, F1, i)}
100.0	{(and_not_n1130_n1133->n1134, F1, i)}
100.0	{(and_not_n1130_n1133, F1, i)}
100.0	{(n1134->and_not_n1125_n1134, F1, i)}
100.0	{(n649->and_not_pi044_2_n649, F1, i)}
100.0	{(n990, F1, i)}
100.0	{(and_not_pi044_2_n649->n990, F1, i)}
100.0	{(and_not_pi044_2_n649, F1, i)}
100.0	{(n991, F1, i)}
100.0	{(and_n638_n990->n991, F1, i)}
100.0	{(and_n638_n990, F1, i)}
100.0	{(n991->and_n927_n991, F1, i)}
100.0	{(n990->and_n638_n990, F1, i)}
50.0	{(n649, F1, i)}
50.0	{(and_not_pi050_1_n403->n649, F1, i)}
50.0	{(and_not_pi050_1_n403, F1, i)}
50.0	{(not_pi050_1, F1, i)}
50.0	{(not_pi050_1->and_not_pi050_1_n403, F1, i)}
50.0	{(not_n993, F1, i)}
50.0	{(n993->not_n993, F0, i)}
50.0	{(n993, F0, i)}
50.0	{(and_pi082_not_n992->n993, F0, i)}
50.0	{(and_pi082_not_n992, F0, i)}
50.0	{(not_n992->and_pi082_not_n992, F0, i)}
50.0	{(not_n992, F0, i)}
50.0	{(n992->not_n992, F1, i)}
50.0	{(n992, F1, i)}
50.0	{(and_n927_n991->n992, F1, i)}
50.0	{(and_n927_n991, F1, i)}
50.0	{(not_n993->and_not_n379_6_not_n993, F1, i)}
100.0	{(n295->and_pi018_n295, F1, i)}
100.0	{(n295, F1, i)}
100.0	{(and_not_pi008_n294->n295, F1, i)}
100.0	{(and_not_pi008_n294, F1, i)}
100.0	{(n551, F1, i)}
100.0	{(and_not_pi007_7_n417->n551, F1, i)}
100.0	{(and_not_pi007_7_n417, F1, i)}
100.0	{(n551->and_n550_n551, F1, i)}
100.0	{(n292, F1, i)}
100.0	{(and_not_pi006_not_pi007->n292, F1, i)}
100.0	{(and_not_pi006_not_pi007, F1, i)}
100.0	{(n292->and_n291_n292, F1, i)}
100.0	{(not_pi007, F1, i)}
100.0	{(not_pi007->and_not_pi006_not_pi007, F1, i)}
100.0	{(n314->and_n314_n326, F1, i)}
