100.0	{(not_n1064, F1, i)}
100.0	{(n1064->not_n1064, F0, i)}
100.0	{(n1064, F0, i)}
100.0	{(and_pi082_not_n408->n1064, F0, i)}
100.0	{(and_pi082_not_n408, F0, i)}
100.0	{(not_n408->and_pi082_not_n408, F0, i)}
100.0	{(not_n408, F0, i)}
100.0	{(n408->not_n408, F1, i)}
100.0	{(not_n1064->and_not_n1064_not_n1066, F1, i)}
100.0	{(n399->and_n399_n697, F1, i)}
100.0	{(not_pi044_0, F1, i)}
100.0	{(not_pi044_0->and_not_pi044_0_n401, F1, i)}
100.0	{(not_pi129_5585458640832840070, F1, i)}
100.0	{(not_pi129_5585458640832840070->and_not_pi129_5585458640832840070_not_n880, F1, i)}
100.0	{(n419->and_n419_n473, F1, i)}
100.0	{(n503->and_n503_n525, F1, i)}
100.0	{(n503, F1, i)}
100.0	{(and_n419_n473->n503, F1, i)}
100.0	{(and_n419_n473, F1, i)}
100.0	{(not_pi017_2, F1, i)}
100.0	{(not_pi017_2->and_not_pi008_2_not_pi017_2, F1, i)}
100.0	{(n419, F1, i)}
100.0	{(and_not_pi008_2_not_pi017_2->n419, F1, i)}
100.0	{(and_not_pi008_2_not_pi017_2, F1, i)}
