100.0	{(n776, F1, i)}
100.0	{(and_pi095_not_pi096_1->n776, F1, i)}
100.0	{(and_pi095_not_pi096_1, F1, i)}
96.1	{(not_n853, F1, i)}
96.1	{(n853->not_n853, F0, i)}
96.1	{(n853, F0, i)}
96.1	{(and_not_n850_not_n852->n853, F0, i)}
96.1	{(and_not_n850_not_n852, F0, i)}
96.1	{(not_n850->and_not_n850_not_n852, F0, i)}
96.1	{(not_n852->and_not_n850_not_n852, F0, i)}
96.1	{(not_n850, F0, i)}
96.1	{(n850->not_n850, F1, i)}
96.1	{(not_n852, F0, i)}
96.1	{(n852->not_n852, F1, i)}
96.1	{(n850, F1, i)}
96.1	{(and_not_pi085_6_not_n849->n850, F1, i)}
96.1	{(n852, F1, i)}
96.1	{(and_n838_n851->n852, F1, i)}
96.1	{(and_not_pi085_6_not_n849, F1, i)}
96.1	{(and_n838_n851, F1, i)}
96.1	{(not_n853->and_not_pi026_9_not_n853, F1, i)}
93.08	{(not_n858, F1, i)}
93.08	{(n858->not_n858, F0, i)}
93.08	{(n858, F0, i)}
93.08	{(and_not_n854_not_n857->n858, F0, i)}
93.08	{(and_not_n854_not_n857, F0, i)}
93.08	{(not_n857->and_not_n854_not_n857, F0, i)}
93.08	{(not_n854->and_not_n854_not_n857, F0, i)}
93.08	{(not_n857, F0, i)}
93.08	{(n857->not_n857, F1, i)}
93.08	{(not_n854, F0, i)}
93.08	{(n854->not_n854, F1, i)}
93.08	{(n857, F1, i)}
93.08	{(and_n838_n856->n857, F1, i)}
93.08	{(n854, F1, i)}
93.08	{(and_not_pi026_9_not_n853->n854, F1, i)}
93.08	{(and_n838_n856, F1, i)}
93.08	{(and_not_pi026_9_not_n853, F1, i)}
93.08	{(not_n858->and_not_pi129_16284135979104490_not_n858, F1, i)}
86.05	{(n859, F1, i)}
86.05	{(and_not_pi129_16284135979104490_not_n858->n859, F1, i)}
86.05	{(and_not_pi129_16284135979104490_not_n858, F1, i)}
86.05	{(n859->and_not_pi003_2824752490_n859, F1, i)}
82.99	{(po044_driver->po044, F1, i)}
82.99	{(po044_driver, F1, i)}
82.99	{(and_not_pi003_2824752490_n859->po044_driver, F1, i)}
82.99	{(and_not_pi003_2824752490_n859, F1, i)}
