100.0	{(not_n1501, F1, i)}
100.0	{(n1501->not_n1501, F0, i)}
100.0	{(n1501, F0, i)}
100.0	{(and_not_pi073_not_pi136_10->n1501, F0, i)}
100.0	{(and_not_pi073_not_pi136_10, F0, i)}
100.0	{(not_pi136_10->and_not_pi073_not_pi136_10, F0, i)}
100.0	{(not_pi073->and_not_pi073_not_pi136_10, F0, i)}
100.0	{(not_pi136_10, F0, i)}
100.0	{(not_pi073, F0, i)}
100.0	{(not_n1501->and_not_n1500_not_n1501, F1, i)}
96.38	{(not_n1503, F1, i)}
96.38	{(n1503->not_n1503, F0, i)}
96.38	{(n1503, F0, i)}
96.38	{(and_not_pi137_7_not_n1502->n1503, F0, i)}
96.38	{(and_not_pi137_7_not_n1502, F0, i)}
96.38	{(not_pi137_7->and_not_pi137_7_not_n1502, F0, i)}
96.38	{(not_n1502->and_not_pi137_7_not_n1502, F0, i)}
96.38	{(not_pi137_7, F0, i)}
96.38	{(not_n1502, F0, i)}
96.38	{(n1502->not_n1502, F1, i)}
96.38	{(n1502, F1, i)}
96.38	{(and_not_n1500_not_n1501->n1502, F1, i)}
96.38	{(and_not_n1500_not_n1501, F1, i)}
96.38	{(not_n1503->and_not_n1503_not_n1507, F1, i)}
95.97	{(n1509, F0, i)}
95.97	{(and_not_pi138_10_not_n1508->n1509, F0, i)}
95.97	{(and_not_pi138_10_not_n1508, F0, i)}
95.97	{(not_pi138_10->and_not_pi138_10_not_n1508, F0, i)}
95.97	{(not_n1508->and_not_pi138_10_not_n1508, F0, i)}
95.97	{(not_pi138_10, F0, i)}
95.97	{(not_n1508, F0, i)}
95.97	{(n1508->not_n1508, F1, i)}
95.97	{(n1508, F1, i)}
95.97	{(and_not_n1503_not_n1507->n1508, F1, i)}
95.97	{(and_not_n1503_not_n1507, F1, i)}
95.97	{(n1509->or_n1499_n1509, F0, i)}
93.58	{(po119_driver->po119, F0, i)}
93.58	{(po119_driver, F0, i)}
93.58	{(or_n1499_n1509->po119_driver, F0, i)}
93.58	{(or_n1499_n1509, F0, i)}
100.0	{(not_n1221, F1, i)}
100.0	{(n1221->not_n1221, F0, i)}
100.0	{(n1221, F0, i)}
100.0	{(and_not_n1218_not_n1220->n1221, F0, i)}
100.0	{(and_not_n1218_not_n1220, F0, i)}
100.0	{(not_n1218->and_not_n1218_not_n1220, F0, i)}
100.0	{(not_n1220->and_not_n1218_not_n1220, F0, i)}
100.0	{(not_n1218, F0, i)}
100.0	{(n1218->not_n1218, F1, i)}
100.0	{(not_n1220, F0, i)}
100.0	{(n1220->not_n1220, F1, i)}
100.0	{(n1218, F1, i)}
100.0	{(and_pi059_not_n1217->n1218, F1, i)}
100.0	{(n1220, F1, i)}
100.0	{(and_pi096_n1219->n1220, F1, i)}
100.0	{(and_pi059_not_n1217, F1, i)}
100.0	{(and_pi096_n1219, F1, i)}
100.0	{(not_n1221->and_not_pi085_490_not_n1221, F1, i)}
97.17	{(not_n1226, F1, i)}
97.17	{(n1226->not_n1226, F0, i)}
97.17	{(n1226, F0, i)}
97.17	{(and_not_n1222_not_n1225->n1226, F0, i)}
97.17	{(and_not_n1222_not_n1225, F0, i)}
97.17	{(not_n1225->and_not_n1222_not_n1225, F0, i)}
97.17	{(not_n1222->and_not_n1222_not_n1225, F0, i)}
97.17	{(not_n1225, F0, i)}
97.17	{(n1225->not_n1225, F1, i)}
97.17	{(not_n1222, F0, i)}
97.17	{(n1222->not_n1222, F1, i)}
97.17	{(n1225, F1, i)}
97.17	{(and_n1223_n1224->n1225, F1, i)}
97.17	{(n1222, F1, i)}
97.17	{(and_not_pi085_490_not_n1221->n1222, F1, i)}
97.17	{(and_n1223_n1224, F1, i)}
97.17	{(and_not_pi085_490_not_n1221, F1, i)}
97.17	{(not_n1226->and_not_pi027_490_not_n1226, F1, i)}
94.09	{(not_n1230, F1, i)}
94.09	{(n1230->not_n1230, F0, i)}
94.09	{(n1230, F0, i)}
94.09	{(and_not_n1227_not_n1229->n1230, F0, i)}
94.09	{(and_not_n1227_not_n1229, F0, i)}
94.09	{(not_n1229->and_not_n1227_not_n1229, F0, i)}
94.09	{(not_n1227->and_not_n1227_not_n1229, F0, i)}
94.09	{(not_n1229, F0, i)}
94.09	{(n1229->not_n1229, F1, i)}
94.09	{(not_n1227, F0, i)}
94.09	{(n1227->not_n1227, F1, i)}
94.09	{(n1229, F1, i)}
94.09	{(and_n1223_n1228->n1229, F1, i)}
94.09	{(n1227, F1, i)}
94.09	{(and_not_pi027_490_not_n1226->n1227, F1, i)}
94.09	{(and_n1223_n1228, F1, i)}
94.09	{(and_not_pi027_490_not_n1226, F1, i)}
94.09	{(not_n1230->and_not_pi026_24010_not_n1230, F1, i)}
