100.0	{(n678, F1, i)}
100.0	{(and_pi005_not_pi007_9->n678, F1, i)}
100.0	{(and_pi005_not_pi007_9, F1, i)}
100.0	{(n678->and_n479_n678, F1, i)}
100.0	{(not_n646, F1, i)}
100.0	{(n646->not_n646, F0, i)}
100.0	{(n646, F0, i)}
100.0	{(and_pi082_not_n645->n646, F0, i)}
100.0	{(and_pi082_not_n645, F0, i)}
100.0	{(not_n645->and_pi082_not_n645, F0, i)}
100.0	{(not_n645, F0, i)}
100.0	{(n645->not_n645, F1, i)}
100.0	{(not_n646->and_not_n379_1_not_n646, F1, i)}
100.0	{(n645, F1, i)}
100.0	{(and_n640_n644->n645, F1, i)}
100.0	{(and_n640_n644, F1, i)}
100.0	{(not_n1248, F1, i)}
100.0	{(n1248->not_n1248, F0, i)}
100.0	{(n1248, F0, i)}
100.0	{(and_pi062_not_n1247->n1248, F0, i)}
100.0	{(and_pi062_not_n1247, F0, i)}
100.0	{(not_n1247->and_pi062_not_n1247, F0, i)}
100.0	{(not_n1247, F0, i)}
100.0	{(n1247->not_n1247, F1, i)}
100.0	{(not_n1248->and_not_n1248_not_n1252, F1, i)}
100.0	{(not_pi041, F1, i)}
100.0	{(not_pi041->and_not_pi041_not_pi046, F1, i)}
100.0	{(not_n1247_2, F1, i)}
100.0	{(n1247->not_n1247_2, F0, i)}
100.0	{(not_n1247_2->and_pi065_not_n1247_2, F1, i)}
100.0	{(not_pi146, F1, i)}
100.0	{(not_pi146->and_not_pi146_n1249, F1, i)}
50.0	{(n1247, F0, i)}
50.0	{(and_n1244_n1246->n1247, F0, i)}
50.0	{(and_n1244_n1246, F0, i)}
50.0	{(n1246->and_n1244_n1246, F0, i)}
50.0	{(n1244->and_n1244_n1246, F0, i)}
50.0	{(n1244, F0, i)}
50.0	{(and_pi136_n1243->n1244, F0, i)}
50.0	{(and_pi136_n1243, F0, i)}
50.0	{(n1243->and_pi136_n1243, F0, i)}
50.0	{(n1243, F0, i)}
50.0	{(and_not_pi137_not_pi138->n1243, F0, i)}
50.0	{(and_not_pi137_not_pi138, F0, i)}
50.0	{(not_pi137->and_not_pi137_not_pi138, F0, i)}
50.0	{(not_pi138->and_not_pi137_not_pi138, F0, i)}
50.0	{(not_pi137, F0, i)}
50.0	{(not_pi138, F0, i)}
