100.0	{(not_n1332, F1, i)}
100.0	{(n1332->not_n1332, F0, i)}
100.0	{(n1332, F0, i)}
100.0	{(and_not_n1330_not_n1331->n1332, F0, i)}
100.0	{(and_not_n1330_not_n1331, F0, i)}
100.0	{(not_n1330->and_not_n1330_not_n1331, F0, i)}
100.0	{(not_n1331->and_not_n1330_not_n1331, F0, i)}
100.0	{(not_n1330, F0, i)}
100.0	{(n1330->not_n1330, F1, i)}
100.0	{(not_n1331, F0, i)}
100.0	{(n1331->not_n1331, F1, i)}
100.0	{(n1330, F1, i)}
100.0	{(and_pi079_not_n1325_0->n1330, F1, i)}
100.0	{(n1331, F1, i)}
100.0	{(and_pi143_n1325->n1331, F1, i)}
100.0	{(and_pi079_not_n1325_0, F1, i)}
100.0	{(and_pi143_n1325, F1, i)}
100.0	{(not_n1332->and_not_pi129_2569235775210588780886114772242356213216070_not_n1332, F1, i)}
100.0	{(not_n1343, F1, i)}
100.0	{(n1343->not_n1343, F0, i)}
100.0	{(n1343, F0, i)}
100.0	{(and_pi146_n1325->n1343, F0, i)}
100.0	{(and_pi146_n1325, F0, i)}
100.0	{(n1325->and_pi146_n1325, F0, i)}
100.0	{(not_n1343->and_not_n1342_not_n1343, F1, i)}
100.0	{(not_n1056, F1, i)}
100.0	{(n1056->not_n1056, F0, i)}
100.0	{(n1056, F0, i)}
100.0	{(and_pi082_not_n1055->n1056, F0, i)}
100.0	{(and_pi082_not_n1055, F0, i)}
100.0	{(not_n1055->and_pi082_not_n1055, F0, i)}
100.0	{(not_n1055, F0, i)}
100.0	{(n1055->not_n1055, F1, i)}
100.0	{(n1055, F1, i)}
100.0	{(and_n1049_n1054->n1055, F1, i)}
100.0	{(and_n1049_n1054, F1, i)}
100.0	{(not_n1056->and_not_n379_10_not_n1056, F1, i)}
100.0	{(n300, F1, i)}
100.0	{(and_n298_n299->n300, F1, i)}
100.0	{(and_n298_n299, F1, i)}
100.0	{(n664, F1, i)}
100.0	{(and_not_pi021_3_pi054->n664, F1, i)}
100.0	{(and_not_pi021_3_pi054, F1, i)}
100.0	{(n664->and_pi019_n664, F1, i)}
