99.55	{(n345, F0, i)}
99.55	{(and_not_pi007_2_not_pi013_2->n345, F0, i)}
99.55	{(and_not_pi007_2_not_pi013_2, F0, i)}
99.55	{(not_pi007_2->and_not_pi007_2_not_pi013_2, F0, i)}
99.55	{(not_pi013_2->and_not_pi007_2_not_pi013_2, F0, i)}
99.55	{(not_pi007_2, F0, i)}
99.55	{(not_pi013_2, F0, i)}
97.55	{(n347, F0, i)}
97.55	{(and_n345_n346->n347, F0, i)}
97.55	{(and_n345_n346, F0, i)}
97.55	{(n346->and_n345_n346, F0, i)}
97.55	{(n345->and_n345_n346, F0, i)}
97.33	{(n346, F0, i)}
97.33	{(and_not_pi005_0_not_pi006_1->n346, F0, i)}
97.33	{(and_not_pi005_0_not_pi006_1, F0, i)}
97.33	{(not_pi006_1->and_not_pi005_0_not_pi006_1, F0, i)}
97.33	{(not_pi005_0->and_not_pi005_0_not_pi006_1, F0, i)}
97.33	{(not_pi006_1, F0, i)}
97.33	{(not_pi005_0, F0, i)}
95.81	{(n416, F0, i)}
95.81	{(and_not_pi009_1_not_pi014_3->n416, F0, i)}
95.81	{(and_not_pi009_1_not_pi014_3, F0, i)}
95.81	{(not_pi009_1->and_not_pi009_1_not_pi014_3, F0, i)}
95.81	{(not_pi014_3->and_not_pi009_1_not_pi014_3, F0, i)}
95.81	{(not_pi009_1, F0, i)}
95.81	{(not_pi014_3, F0, i)}
95.39	{(n341, F0, i)}
95.39	{(and_not_pi011_0_not_pi012_1->n341, F0, i)}
95.39	{(and_not_pi011_0_not_pi012_1, F0, i)}
95.39	{(not_pi012_1->and_not_pi011_0_not_pi012_1, F0, i)}
95.39	{(not_pi011_0->and_not_pi011_0_not_pi012_1, F0, i)}
95.39	{(not_pi012_1, F0, i)}
95.39	{(not_pi011_0, F0, i)}
95.37	{(n417, F0, i)}
95.37	{(and_n344_n416->n417, F0, i)}
95.37	{(and_n344_n416, F0, i)}
95.37	{(n344->and_n344_n416, F0, i)}
95.37	{(n416->and_n344_n416, F0, i)}
95.1	{(n418, F0, i)}
95.1	{(and_n347_n417->n418, F0, i)}
95.1	{(and_n347_n417, F0, i)}
95.1	{(n417->and_n347_n417, F0, i)}
95.1	{(n347->and_n347_n417, F0, i)}
94.43	{(not_n423, F1, i)}
94.43	{(n423->not_n423, F0, i)}
94.43	{(n423, F0, i)}
94.43	{(and_n418_n422->n423, F0, i)}
94.43	{(and_n418_n422, F0, i)}
94.43	{(n418->and_n418_n422, F0, i)}
94.43	{(n422->and_n418_n422, F0, i)}
94.43	{(n422, F0, i)}
94.43	{(and_n420_n421->n422, F0, i)}
94.43	{(and_n420_n421, F0, i)}
94.43	{(n421->and_n420_n421, F0, i)}
94.43	{(n420->and_n420_n421, F0, i)}
94.43	{(n421, F0, i)}
94.43	{(and_not_pi021_1_n300->n421, F0, i)}
94.43	{(n420, F0, i)}
94.43	{(and_n341_n419->n420, F0, i)}
94.43	{(and_not_pi021_1_n300, F0, i)}
94.43	{(not_pi021_1->and_not_pi021_1_n300, F0, i)}
94.43	{(n300->and_not_pi021_1_n300, F0, i)}
94.43	{(and_n341_n419, F0, i)}
94.43	{(n341->and_n341_n419, F0, i)}
94.43	{(n419->and_n341_n419, F0, i)}
94.43	{(not_pi021_1, F0, i)}
94.43	{(not_n423->and_not_n423_n424, F1, i)}
93.68	{(n344, F0, i)}
93.68	{(and_not_pi010_0_not_pi022_0->n344, F0, i)}
93.68	{(and_not_pi010_0_not_pi022_0, F0, i)}
93.68	{(not_pi022_0->and_not_pi010_0_not_pi022_0, F0, i)}
93.68	{(not_pi010_0->and_not_pi010_0_not_pi022_0, F0, i)}
93.68	{(not_pi022_0, F0, i)}
93.68	{(not_pi010_0, F0, i)}
93.6	{(n426, F1, i)}
93.6	{(and_pi000_not_pi123->n426, F1, i)}
93.6	{(and_pi000_not_pi123, F1, i)}
93.6	{(n426->and_not_pi113_n426, F1, i)}
93.0	{(n419, F0, i)}
93.0	{(and_not_pi008_2_not_pi017_2->n419, F0, i)}
93.0	{(and_not_pi008_2_not_pi017_2, F0, i)}
93.0	{(not_pi008_2->and_not_pi008_2_not_pi017_2, F0, i)}
93.0	{(not_pi017_2->and_not_pi008_2_not_pi017_2, F0, i)}
93.0	{(not_pi008_2, F0, i)}
93.0	{(not_pi017_2, F0, i)}
92.98	{(not_n428, F1, i)}
92.98	{(n428->not_n428, F0, i)}
92.98	{(n428, F0, i)}
92.98	{(and_not_n425_not_n427->n428, F0, i)}
92.98	{(and_not_n425_not_n427, F0, i)}
92.98	{(not_n427->and_not_n425_not_n427, F0, i)}
92.98	{(not_n425->and_not_n425_not_n427, F0, i)}
92.98	{(not_n427, F0, i)}
92.98	{(n427->not_n427, F1, i)}
92.98	{(not_n425, F0, i)}
92.98	{(n425->not_n425, F1, i)}
92.98	{(n427, F1, i)}
92.98	{(and_not_pi113_n426->n427, F1, i)}
92.98	{(n425, F1, i)}
92.98	{(and_not_n423_n424->n425, F1, i)}
92.98	{(and_not_pi113_n426, F1, i)}
92.98	{(and_not_n423_n424, F1, i)}
92.98	{(not_n428->and_not_pi129_2_not_n428, F1, i)}
90.35	{(n299, F0, i)}
90.35	{(and_not_pi004_not_pi016->n299, F0, i)}
90.35	{(and_not_pi004_not_pi016, F0, i)}
90.35	{(not_pi004->and_not_pi004_not_pi016, F0, i)}
90.35	{(not_pi016->and_not_pi004_not_pi016, F0, i)}
90.35	{(not_pi004, F0, i)}
90.35	{(not_pi016, F0, i)}
90.14	{(n300, F0, i)}
90.14	{(and_n298_n299->n300, F0, i)}
90.14	{(and_n298_n299, F0, i)}
90.14	{(n298->and_n298_n299, F0, i)}
90.14	{(n299->and_n298_n299, F0, i)}
90.14	{(n298, F0, i)}
90.14	{(and_not_pi018_not_pi019->n298, F0, i)}
90.14	{(and_not_pi018_not_pi019, F0, i)}
90.14	{(not_pi019->and_not_pi018_not_pi019, F0, i)}
90.14	{(not_pi018->and_not_pi018_not_pi019, F0, i)}
90.14	{(not_pi019, F0, i)}
90.14	{(not_pi018, F0, i)}
82.97	{(po018_driver->po018, F1, i)}
82.97	{(po018_driver, F1, i)}
82.97	{(and_not_pi129_2_not_n428->po018_driver, F1, i)}
82.97	{(and_not_pi129_2_not_n428, F1, i)}
100.0	{(not_n1531, F1, i)}
100.0	{(n1531->not_n1531, F0, i)}
100.0	{(n1531, F0, i)}
100.0	{(and_not_n713_0_not_n1530->n1531, F0, i)}
100.0	{(and_not_n713_0_not_n1530, F0, i)}
100.0	{(not_n713_0->and_not_n713_0_not_n1530, F0, i)}
100.0	{(not_n1530->and_not_n713_0_not_n1530, F0, i)}
100.0	{(not_n713_0, F0, i)}
100.0	{(n713->not_n713_0, F1, i)}
100.0	{(not_n1530, F0, i)}
100.0	{(n1530->not_n1530, F1, i)}
100.0	{(n1530, F1, i)}
100.0	{(and_not_pi027_3430_n1529->n1530, F1, i)}
100.0	{(and_not_pi027_3430_n1529, F1, i)}
100.0	{(not_n1531->and_not_pi129_1435036016098684342856030763566710717400773837392460666392490_not_n1531, F1, i)}
90.16	{(n1532, F1, i)}
90.16	{(and_not_pi129_1435036016098684342856030763566710717400773837392460666392490_not_n1531->n1532, F1, i)}
90.16	{(and_not_pi129_1435036016098684342856030763566710717400773837392460666392490_not_n1531, F1, i)}
90.16	{(n1532->and_not_pi003_16284135979104490_n1532, F1, i)}
