100.0	{(n713, F1, i)}
100.0	{(and_pi085_pi116->n713, F1, i)}
100.0	{(and_pi085_pi116, F1, i)}
100.0	{(n484, F1, i)}
100.0	{(and_not_pi129_6_not_n483->n484, F1, i)}
100.0	{(and_not_pi129_6_not_n483, F1, i)}
100.0	{(n484->and_not_pi003_2_n484, F1, i)}
100.0	{(n1610, F1, i)}
100.0	{(and_not_pi003_39098210485829880490_n1609->n1610, F1, i)}
100.0	{(and_not_pi003_39098210485829880490_n1609, F1, i)}
100.0	{(n1610->and_pi054_n1610, F1, i)}
100.0	{(not_pi012_2, F1, i)}
100.0	{(not_pi012_2->and_not_pi012_2_n461, F1, i)}
100.0	{(n463, F1, i)}
100.0	{(and_n459_n462->n463, F1, i)}
100.0	{(and_n459_n462, F1, i)}
100.0	{(n463->and_n445_n463, F1, i)}
100.0	{(not_n469, F1, i)}
100.0	{(n469->not_n469, F1, i)}
100.0	{(n469, F1, i)}
100.0	{(and_not_n458_not_n468->n469, F1, i)}
100.0	{(and_not_n458_not_n468, F1, i)}
100.0	{(not_n469->and_not_pi129_5_not_n469, F1, i)}
100.0	{(n470, F1, i)}
100.0	{(and_not_pi129_5_not_n469->n470, F1, i)}
100.0	{(and_not_pi129_5_not_n469, F1, i)}
100.0	{(n470->and_not_pi003_1_n470, F1, i)}
100.0	{(po021_driver->po021, F1, i)}
100.0	{(po021_driver, F1, i)}
100.0	{(and_not_pi003_1_n470->po021_driver, F1, i)}
100.0	{(and_not_pi003_1_n470, F1, i)}
100.0	{(n464, F1, i)}
100.0	{(and_n445_n463->n464, F1, i)}
100.0	{(and_n445_n463, F1, i)}
100.0	{(n464->and_n464_n467, F1, i)}
100.0	{(not_pi012_2, F1, i)}
100.0	{(not_pi012_2->and_not_pi012_2_n461, F1, i)}
100.0	{(n462, F1, i)}
100.0	{(and_not_pi012_2_n461->n462, F1, i)}
100.0	{(and_not_pi012_2_n461, F1, i)}
100.0	{(n462->and_n459_n462, F1, i)}
