100.0	{(not_n1420, F1, i)}
100.0	{(n1420->not_n1420, F0, i)}
100.0	{(n1420, F0, i)}
100.0	{(and_not_pi110_6_n1419->n1420, F0, i)}
100.0	{(and_not_pi110_6_n1419, F0, i)}
100.0	{(not_pi110_6->and_not_pi110_6_n1419, F0, i)}
100.0	{(n1419->and_not_pi110_6_n1419, F0, i)}
100.0	{(not_pi110_6, F0, i)}
100.0	{(n1419, F0, i)}
100.0	{(and_not_pi003_2326305139872070_not_n1246->n1419, F0, i)}
100.0	{(and_not_pi003_2326305139872070_not_n1246, F0, i)}
100.0	{(not_pi003_2326305139872070->and_not_pi003_2326305139872070_not_n1246, F0, i)}
100.0	{(not_n1246->and_not_pi003_2326305139872070_not_n1246, F0, i)}
100.0	{(not_pi003_2326305139872070, F0, i)}
100.0	{(not_n1246, F0, i)}
100.0	{(n1246->not_n1246, F1, i)}
100.0	{(not_n1420->and_not_n1420_not_n1422, F1, i)}
100.0	{(n1423, F1, i)}
100.0	{(and_not_n1420_not_n1422->n1423, F1, i)}
100.0	{(and_not_n1420_not_n1422, F1, i)}
100.0	{(n787, F1, i)}
100.0	{(and_not_pi053_2_not_pi058_1->n787, F1, i)}
100.0	{(and_not_pi053_2_not_pi058_1, F1, i)}
100.0	{(n722, F1, i)}
100.0	{(and_not_pi051_not_pi052->n722, F1, i)}
100.0	{(and_not_pi051_not_pi052, F1, i)}
100.0	{(n723, F1, i)}
100.0	{(and_not_pi039_n722->n723, F1, i)}
100.0	{(and_not_pi039_n722, F1, i)}
100.0	{(n722->and_not_pi039_n722, F1, i)}
100.0	{(n407->and_n407_n580, F1, i)}
100.0	{(not_n582, F1, i)}
100.0	{(n582->not_n582, F0, i)}
100.0	{(n582, F0, i)}
100.0	{(and_pi015_not_n581->n582, F0, i)}
100.0	{(and_pi015_not_n581, F0, i)}
100.0	{(not_n581->and_pi015_not_n581, F0, i)}
100.0	{(not_n581, F0, i)}
100.0	{(n581->not_n581, F1, i)}
100.0	{(n581, F1, i)}
100.0	{(and_n407_n580->n581, F1, i)}
100.0	{(and_n407_n580, F1, i)}
100.0	{(not_n582->and_not_n582_not_n588, F1, i)}
100.0	{(n453, F1, i)}
100.0	{(and_n447_n452->n453, F1, i)}
100.0	{(and_n447_n452, F1, i)}
100.0	{(n453->and_n446_n453, F1, i)}
