100.0	{(n379->and_n379_not_n1065, F1, i)}
95.02	{(not_n1067, F1, i)}
95.02	{(n1067->not_n1067, F0, i)}
95.02	{(n1067, F0, i)}
95.02	{(and_not_n1064_not_n1066->n1067, F0, i)}
95.02	{(and_not_n1064_not_n1066, F0, i)}
95.02	{(not_n1064->and_not_n1064_not_n1066, F0, i)}
95.02	{(not_n1066->and_not_n1064_not_n1066, F0, i)}
95.02	{(not_n1064, F0, i)}
95.02	{(n1064->not_n1064, F1, i)}
95.02	{(not_n1066, F0, i)}
95.02	{(n1066->not_n1066, F1, i)}
95.02	{(n1064, F1, i)}
95.02	{(and_pi082_not_n408->n1064, F1, i)}
95.02	{(n1066, F1, i)}
95.02	{(and_n379_not_n1065->n1066, F1, i)}
95.02	{(and_pi082_not_n408, F1, i)}
95.02	{(and_n379_not_n1065, F1, i)}
95.02	{(not_n1067->and_not_pi047_3_not_n1067, F1, i)}
94.24	{(po062_driver->po062, F0, i)}
94.24	{(po062_driver, F0, i)}
94.24	{(and_not_n1068_n1078->po062_driver, F0, i)}
94.24	{(and_not_n1068_n1078, F0, i)}
94.24	{(n1078->and_not_n1068_n1078, F0, i)}
94.24	{(not_n1068->and_not_n1068_n1078, F0, i)}
94.24	{(n1078, F0, i)}
94.24	{(and_not_n1072_n1077->n1078, F0, i)}
94.24	{(not_n1068, F0, i)}
94.24	{(n1068->not_n1068, F1, i)}
94.24	{(and_not_n1072_n1077, F0, i)}
94.24	{(n1077->and_not_n1072_n1077, F0, i)}
94.24	{(not_n1072->and_not_n1072_n1077, F0, i)}
94.24	{(n1068, F1, i)}
94.24	{(and_not_pi047_3_not_n1067->n1068, F1, i)}
94.24	{(n1077, F0, i)}
94.24	{(and_not_pi129_26517308458596534717790233816010_not_n1076->n1077, F0, i)}
94.24	{(not_n1072, F0, i)}
94.24	{(n1072->not_n1072, F1, i)}
94.24	{(and_not_pi047_3_not_n1067, F1, i)}
94.24	{(and_not_pi129_26517308458596534717790233816010_not_n1076, F0, i)}
94.24	{(not_pi129_26517308458596534717790233816010->and_not_pi129_26517308458596534717790233816010_not_n1076, F0, i)}
94.24	{(not_n1076->and_not_pi129_26517308458596534717790233816010_not_n1076, F0, i)}
94.24	{(n1072, F1, i)}
94.24	{(and_pi064_n1071->n1072, F1, i)}
94.24	{(not_pi129_26517308458596534717790233816010, F0, i)}
94.24	{(not_n1076, F0, i)}
94.24	{(n1076->not_n1076, F1, i)}
94.24	{(and_pi064_n1071, F1, i)}
94.24	{(n1076, F1, i)}
94.24	{(and_n1073_n1075->n1076, F1, i)}
94.24	{(and_n1073_n1075, F1, i)}
100.0	{(not_pi129_1299348114471230201171721456984490, F1, i)}
100.0	{(not_pi129_1299348114471230201171721456984490->and_not_pi129_1299348114471230201171721456984490_not_n1117, F1, i)}
100.0	{(n1249->and_not_pi145_n1249, F1, i)}
100.0	{(not_pi073, F1, i)}
100.0	{(not_pi073->and_not_pi073_not_pi136_10, F1, i)}
80.0	{(not_n1502, F1, i)}
80.0	{(n1502->not_n1502, F0, i)}
80.0	{(n1502, F0, i)}
80.0	{(and_not_n1500_not_n1501->n1502, F0, i)}
80.0	{(and_not_n1500_not_n1501, F0, i)}
80.0	{(not_n1500->and_not_n1500_not_n1501, F0, i)}
80.0	{(not_n1501->and_not_n1500_not_n1501, F0, i)}
80.0	{(not_n1500, F0, i)}
80.0	{(n1500->not_n1500, F1, i)}
80.0	{(not_n1501, F0, i)}
80.0	{(n1501->not_n1501, F1, i)}
80.0	{(n1500, F1, i)}
80.0	{(and_not_pi068_pi136->n1500, F1, i)}
80.0	{(n1501, F1, i)}
80.0	{(and_not_pi073_not_pi136_10->n1501, F1, i)}
80.0	{(and_not_pi068_pi136, F1, i)}
80.0	{(and_not_pi073_not_pi136_10, F1, i)}
80.0	{(not_n1502->and_not_pi137_7_not_n1502, F1, i)}
