100.0	{(not_n1328, F1, i)}
100.0	{(n1328->not_n1328, F0, i)}
100.0	{(n1328, F0, i)}
100.0	{(and_not_n1326_not_n1327->n1328, F0, i)}
100.0	{(and_not_n1326_not_n1327, F0, i)}
100.0	{(not_n1326->and_not_n1326_not_n1327, F0, i)}
100.0	{(not_n1327->and_not_n1326_not_n1327, F0, i)}
100.0	{(not_n1326, F0, i)}
100.0	{(n1326->not_n1326, F1, i)}
100.0	{(not_n1327, F0, i)}
100.0	{(n1327->not_n1327, F1, i)}
100.0	{(n1326, F1, i)}
100.0	{(and_pi078_not_n1325->n1326, F1, i)}
100.0	{(n1327, F1, i)}
100.0	{(and_pi142_n1325->n1327, F1, i)}
100.0	{(and_pi078_not_n1325, F1, i)}
100.0	{(and_pi142_n1325, F1, i)}
100.0	{(not_n1328->and_not_pi129_367033682172941254412302110320336601888010_not_n1328, F1, i)}
90.85	{(po093_driver->po093, F1, i)}
90.85	{(po093_driver, F1, i)}
90.85	{(and_not_pi129_367033682172941254412302110320336601888010_not_n1328->po093_driver, F1, i)}
90.85	{(and_not_pi129_367033682172941254412302110320336601888010_not_n1328, F1, i)}
100.0	{(not_pi116_6, F1, i)}
100.0	{(not_pi116_6->and_not_pi116_6_n843, F1, i)}
100.0	{(not_pi129_5080218607396233653221881976522165017724345248360010, F1, i)}
100.0	{(not_pi129_5080218607396233653221881976522165017724345248360010->and_not_pi129_5080218607396233653221881976522165017724345248360010_not_n1401, F1, i)}
100.0	{(n612->and_n612_n613, F1, i)}
100.0	{(n980, F1, i)}
100.0	{(and_not_pi129_225393402906922580878632490_not_n979->n980, F1, i)}
100.0	{(and_not_pi129_225393402906922580878632490_not_n979, F1, i)}
100.0	{(n980->and_not_n975_n980, F1, i)}
93.44	{(n981, F1, i)}
93.44	{(and_not_n975_n980->n981, F1, i)}
93.44	{(and_not_n975_n980, F1, i)}
93.44	{(n981->and_not_n969_n981, F1, i)}
100.0	{(not_pi129_5080218607396233653221881976522165017724345248360010, F1, i)}
100.0	{(not_pi129_5080218607396233653221881976522165017724345248360010->and_not_pi129_5080218607396233653221881976522165017724345248360010_not_n1401, F1, i)}
100.0	{(po106_driver->po106, F1, i)}
100.0	{(po106_driver, F1, i)}
100.0	{(and_not_pi129_5080218607396233653221881976522165017724345248360010_not_n1401->po106_driver, F1, i)}
100.0	{(and_not_pi129_5080218607396233653221881976522165017724345248360010_not_n1401, F1, i)}
