100.0	{(n1078, F1, i)}
100.0	{(and_not_n1072_n1077->n1078, F1, i)}
100.0	{(and_not_n1072_n1077, F1, i)}
100.0	{(n1078->and_not_n1068_n1078, F1, i)}
100.0	{(n1077, F1, i)}
100.0	{(and_not_pi129_26517308458596534717790233816010_not_n1076->n1077, F1, i)}
100.0	{(and_not_pi129_26517308458596534717790233816010_not_n1076, F1, i)}
100.0	{(n1077->and_not_n1072_n1077, F1, i)}
100.0	{(not_n379_3430, F1, i)}
100.0	{(n379->not_n379_3430, F0, i)}
100.0	{(not_n379_3430->and_not_n379_3430_not_n1102, F1, i)}
100.0	{(not_n921, F1, i)}
100.0	{(n921->not_n921, F0, i)}
100.0	{(n921, F0, i)}
100.0	{(and_pi082_not_n920->n921, F0, i)}
100.0	{(and_pi082_not_n920, F0, i)}
100.0	{(not_n920->and_pi082_not_n920, F0, i)}
100.0	{(not_n920, F0, i)}
100.0	{(n920->not_n920, F1, i)}
100.0	{(n920, F1, i)}
100.0	{(and_n918_n919->n920, F1, i)}
100.0	{(and_n918_n919, F1, i)}
100.0	{(not_n921->and_n379_not_n921, F1, i)}
100.0	{(n374, F1, i)}
100.0	{(and_n354_n373->n374, F1, i)}
100.0	{(and_n354_n373, F1, i)}
100.0	{(n374->and_n344_n374, F1, i)}
