100.0	{(not_n1442, F1, i)}
100.0	{(n1442->not_n1442, F0, i)}
100.0	{(n1442, F0, i)}
100.0	{(and_not_n1440_not_n1441->n1442, F0, i)}
100.0	{(and_not_n1440_not_n1441, F0, i)}
100.0	{(not_n1440->and_not_n1440_not_n1441, F0, i)}
100.0	{(not_n1441->and_not_n1440_not_n1441, F0, i)}
100.0	{(not_n1440, F0, i)}
100.0	{(n1440->not_n1440, F1, i)}
100.0	{(not_n1441, F0, i)}
100.0	{(n1441->not_n1441, F1, i)}
100.0	{(n1440, F1, i)}
100.0	{(and_pi099_not_n1386_6->n1440, F1, i)}
100.0	{(n1441, F1, i)}
100.0	{(and_pi141_n1386->n1441, F1, i)}
100.0	{(and_pi099_not_n1386_6, F1, i)}
100.0	{(and_pi141_n1386, F1, i)}
100.0	{(not_n1442->and_not_pi129_29286449308136415160327158440136953416342323212091034008010_not_n1442, F1, i)}
100.0	{(not_pi138_2, F1, i)}
100.0	{(not_pi138_2->and_not_pi072_not_pi138_2, F1, i)}
77.78	{(not_n1352, F1, i)}
77.78	{(n1352->not_n1352, F0, i)}
77.78	{(n1352, F0, i)}
77.78	{(and_not_n1350_not_n1351->n1352, F0, i)}
77.78	{(and_not_n1350_not_n1351, F0, i)}
77.78	{(not_n1351->and_not_n1350_not_n1351, F0, i)}
77.78	{(not_n1350->and_not_n1350_not_n1351, F0, i)}
77.78	{(not_n1351, F0, i)}
77.78	{(n1351->not_n1351, F1, i)}
77.78	{(not_n1350, F0, i)}
77.78	{(n1350->not_n1350, F1, i)}
77.78	{(n1351, F1, i)}
77.78	{(and_not_pi072_not_pi138_2->n1351, F1, i)}
77.78	{(n1350, F1, i)}
77.78	{(and_pi119_pi138->n1350, F1, i)}
77.78	{(and_not_pi072_not_pi138_2, F1, i)}
77.78	{(and_pi119_pi138, F1, i)}
77.78	{(not_n1352->and_not_pi136_1_not_n1352, F1, i)}
54.9	{(not_n1354, F1, i)}
54.9	{(n1354->not_n1354, F0, i)}
54.9	{(n1354, F0, i)}
54.9	{(and_not_n1349_not_n1353->n1354, F0, i)}
54.9	{(and_not_n1349_not_n1353, F0, i)}
54.9	{(not_n1353->and_not_n1349_not_n1353, F0, i)}
54.9	{(not_n1349->and_not_n1349_not_n1353, F0, i)}
54.9	{(not_n1353, F0, i)}
54.9	{(n1353->not_n1353, F1, i)}
54.9	{(not_n1349, F0, i)}
54.9	{(n1349->not_n1349, F1, i)}
54.9	{(n1353, F1, i)}
54.9	{(and_not_pi136_1_not_n1352->n1353, F1, i)}
54.9	{(n1349, F1, i)}
54.9	{(and_pi136_not_n1348->n1349, F1, i)}
54.9	{(and_not_pi136_1_not_n1352, F1, i)}
54.9	{(and_pi136_not_n1348, F1, i)}
54.9	{(not_n1354->and_not_pi137_2_not_n1354, F1, i)}
100.0	{(not_pi025_0, F1, i)}
100.0	{(not_pi025_0->and_not_pi025_0_pi029, F1, i)}
100.0	{(not_pi116_1, F1, i)}
100.0	{(not_pi116_1->and_pi085_not_pi116_1, F1, i)}
100.0	{(not_pi007_4, F1, i)}
100.0	{(not_pi007_4->and_not_pi007_4_n332, F1, i)}
