100.0	{(n1212, F1, i)}
100.0	{(and_not_pi053_8_n1211->n1212, F1, i)}
100.0	{(and_not_pi053_8_n1211, F1, i)}
100.0	{(n1212->and_not_pi085_70_n1212, F1, i)}
96.45	{(po073_driver->po073, F1, i)}
96.45	{(po073_driver, F1, i)}
96.45	{(and_not_pi085_70_n1212->po073_driver, F1, i)}
96.45	{(and_not_pi085_70_n1212, F1, i)}
100.0	{(n443, F1, i)}
100.0	{(and_pi028_n442->n443, F1, i)}
100.0	{(and_pi028_n442, F1, i)}
100.0	{(n443->and_n441_n443, F1, i)}
100.0	{(not_pi003_490, F1, i)}
100.0	{(not_pi003_490->and_not_pi003_490_n626, F1, i)}
100.0	{(n396, F1, i)}
100.0	{(and_not_n379_not_n395->n396, F1, i)}
100.0	{(and_not_n379_not_n395, F1, i)}
100.0	{(n396->and_not_pi065_n396, F1, i)}
100.0	{(not_pi041_0, F1, i)}
100.0	{(not_pi041_0->and_not_pi041_0_n405, F1, i)}
