100.0	{(n1520, F0, i)}
100.0	{(and_not_pi137_8_not_n1519->n1520, F0, i)}
100.0	{(and_not_pi137_8_not_n1519, F0, i)}
100.0	{(not_pi137_8->and_not_pi137_8_not_n1519, F0, i)}
100.0	{(not_n1519->and_not_pi137_8_not_n1519, F0, i)}
100.0	{(not_pi137_8, F0, i)}
100.0	{(not_n1519, F0, i)}
100.0	{(n1519->not_n1519, F1, i)}
100.0	{(n1519, F1, i)}
100.0	{(and_not_n1514_not_n1518->n1519, F1, i)}
100.0	{(and_not_n1514_not_n1518, F1, i)}
100.0	{(n1520->or_n1520_n1527, F0, i)}
99.37	{(po120_driver->po120, F0, i)}
99.37	{(po120_driver, F0, i)}
99.37	{(or_n1520_n1527->po120_driver, F0, i)}
99.37	{(or_n1520_n1527, F0, i)}
100.0	{(n650, F1, i)}
100.0	{(and_not_pi015_2_not_pi049_1->n650, F1, i)}
100.0	{(and_not_pi015_2_not_pi049_1, F1, i)}
100.0	{(n463, F1, i)}
100.0	{(and_n459_n462->n463, F1, i)}
100.0	{(and_n459_n462, F1, i)}
100.0	{(n463->and_n445_n463, F1, i)}
100.0	{(not_n437, F1, i)}
100.0	{(n437->not_n437, F0, i)}
100.0	{(n437, F0, i)}
100.0	{(and_not_n435_not_n436->n437, F0, i)}
100.0	{(and_not_n435_not_n436, F0, i)}
100.0	{(not_n436->and_not_n435_not_n436, F0, i)}
100.0	{(not_n435->and_not_n435_not_n436, F0, i)}
100.0	{(not_n436, F0, i)}
100.0	{(n436->not_n436, F1, i)}
100.0	{(not_n435, F0, i)}
100.0	{(n435->not_n435, F1, i)}
100.0	{(n436, F1, i)}
100.0	{(and_pi004_not_pi054->n436, F1, i)}
100.0	{(n435, F1, i)}
100.0	{(and_n432_n434->n435, F1, i)}
100.0	{(and_pi004_not_pi054, F1, i)}
100.0	{(and_n432_n434, F1, i)}
100.0	{(not_n437->and_not_pi129_3_not_n437, F1, i)}
90.56	{(n438, F1, i)}
90.56	{(and_not_pi129_3_not_n437->n438, F1, i)}
90.56	{(and_not_pi129_3_not_n437, F1, i)}
90.56	{(n438->and_not_pi003_n438, F1, i)}
