91.83	{(not_n635, F1, i)}
91.83	{(n635->not_n635, F0, i)}
91.83	{(n635, F0, i)}
91.83	{(and_not_n628_not_n634->n635, F0, i)}
91.83	{(and_not_n628_not_n634, F0, i)}
91.83	{(not_n628->and_not_n628_not_n634, F0, i)}
91.83	{(not_n634->and_not_n628_not_n634, F0, i)}
91.83	{(not_n628, F0, i)}
91.83	{(n628->not_n628, F1, i)}
91.83	{(not_n634, F0, i)}
91.83	{(n634->not_n634, F1, i)}
91.83	{(n628, F1, i)}
91.83	{(and_pi019_not_pi054_3430->n628, F1, i)}
91.83	{(n634, F1, i)}
91.83	{(and_n487_n633->n634, F1, i)}
91.83	{(and_pi019_not_pi054_3430, F1, i)}
91.83	{(and_n487_n633, F1, i)}
91.83	{(not_n635->and_not_pi129_57648010_not_n635, F1, i)}
85.21	{(n636, F1, i)}
85.21	{(and_not_pi129_57648010_not_n635->n636, F1, i)}
85.21	{(and_not_pi129_57648010_not_n635, F1, i)}
85.21	{(n636->and_not_pi003_3430_n636, F1, i)}
82.17	{(po034_driver->po034, F1, i)}
82.17	{(po034_driver, F1, i)}
82.17	{(and_not_pi003_3430_n636->po034_driver, F1, i)}
82.17	{(and_not_pi003_3430_n636, F1, i)}
100.0	{(not_pi013_2, F1, i)}
100.0	{(not_pi013_2->and_not_pi007_2_not_pi013_2, F1, i)}
100.0	{(not_pi017_2, F1, i)}
100.0	{(not_pi017_2->and_not_pi008_2_not_pi017_2, F1, i)}
100.0	{(n449->and_not_pi008_3_n449, F1, i)}
50.0	{(n491, F1, i)}
50.0	{(and_not_pi008_3_n449->n491, F1, i)}
50.0	{(and_not_pi008_3_n449, F1, i)}
50.0	{(n491->and_n448_n491, F1, i)}
100.0	{(not_n959, F1, i)}
100.0	{(n959->not_n959, F0, i)}
100.0	{(n959, F0, i)}
100.0	{(and_pi073_n958->n959, F0, i)}
100.0	{(and_pi073_n958, F0, i)}
100.0	{(n958->and_pi073_n958, F0, i)}
100.0	{(n958, F0, i)}
100.0	{(and_not_n379_4_not_n957->n958, F0, i)}
100.0	{(and_not_n379_4_not_n957, F0, i)}
100.0	{(not_n379_4->and_not_n379_4_not_n957, F0, i)}
100.0	{(not_n957->and_not_n379_4_not_n957, F0, i)}
100.0	{(not_n379_4, F0, i)}
100.0	{(n379->not_n379_4, F1, i)}
100.0	{(not_n957, F0, i)}
100.0	{(n957->not_n957, F1, i)}
100.0	{(n957, F1, i)}
100.0	{(and_pi082_not_n956->n957, F1, i)}
100.0	{(and_pi082_not_n956, F1, i)}
100.0	{(not_n959->and_not_n959_n962, F1, i)}
