100.0	{(n548, F1, i)}
100.0	{(and_not_pi025_0_pi029->n548, F1, i)}
100.0	{(and_not_pi025_0_pi029, F1, i)}
100.0	{(n548->and_not_pi028_0_n548, F1, i)}
100.0	{(n451, F1, i)}
100.0	{(and_not_pi005_2_n450->n451, F1, i)}
100.0	{(and_not_pi005_2_n450, F1, i)}
100.0	{(n451->and_n448_n451, F1, i)}
100.0	{(n479->and_n459_n479, F1, i)}
100.0	{(not_n1455, F1, i)}
100.0	{(n1455->not_n1455, F0, i)}
100.0	{(n1455, F0, i)}
100.0	{(and_pi136_not_n1454->n1455, F0, i)}
100.0	{(and_pi136_not_n1454, F0, i)}
100.0	{(not_n1454->and_pi136_not_n1454, F0, i)}
100.0	{(not_n1454, F0, i)}
100.0	{(n1454->not_n1454, F1, i)}
100.0	{(n1454, F1, i)}
100.0	{(and_not_n1452_not_n1453->n1454, F1, i)}
100.0	{(and_not_n1452_not_n1453, F1, i)}
100.0	{(not_n1455->and_not_n1451_not_n1455, F1, i)}
100.0	{(not_pi053_8, F1, i)}
100.0	{(not_pi053_8->and_not_pi053_8_n1211, F1, i)}
