100.0	{(and_n398_n925, F1, i)}
100.0	{(n926, F1, i)}
100.0	{(and_n398_n925->n926, F1, i)}
100.0	{(n926->and_n401_n926, F1, i)}
100.0	{(and_not_pi002_2_not_pi048_2, F1, i)}
100.0	{(and_not_pi002_2_not_pi048_2->n925, F1, i)}
100.0	{(n925->and_n398_n925, F1, i)}
100.0	{(n925, F1, i)}
100.0	{(and_n401_n926, F1, i)}
100.0	{(n927, F1, i)}
100.0	{(and_n401_n926->n927, F1, i)}
73.33	{(n926->and_n401_n926, F1, i)}
73.33	{(and_n398_n925->n926, F1, i)}
73.33	{(n926, F1, i)}
100.0	{(not_n1220, F1, i)}
100.0	{(n1220->not_n1220, F0, i)}
100.0	{(n1220, F0, i)}
100.0	{(and_pi096_n1219->n1220, F0, i)}
100.0	{(and_pi096_n1219, F0, i)}
100.0	{(n1219->and_pi096_n1219, F0, i)}
100.0	{(n1219, F0, i)}
100.0	{(and_n726_n787->n1219, F0, i)}
100.0	{(and_n726_n787, F0, i)}
100.0	{(n726->and_n726_n787, F0, i)}
100.0	{(n787->and_n726_n787, F0, i)}
100.0	{(not_n1220->and_not_n1218_not_n1220, F1, i)}
100.0	{(n726, F0, i)}
100.0	{(and_not_pi110_0_not_n725->n726, F0, i)}
100.0	{(and_not_pi110_0_not_n725, F0, i)}
100.0	{(not_pi110_0->and_not_pi110_0_not_n725, F0, i)}
100.0	{(not_n725->and_not_pi110_0_not_n725, F0, i)}
100.0	{(not_pi110_0, F0, i)}
100.0	{(not_n725, F0, i)}
100.0	{(n725->not_n725, F1, i)}
100.0	{(not_n848, F1, i)}
100.0	{(n848->not_n848, F0, i)}
100.0	{(n848, F0, i)}
100.0	{(and_n787_n847->n848, F0, i)}
100.0	{(and_n787_n847, F0, i)}
100.0	{(n787->and_n787_n847, F0, i)}
100.0	{(n847->and_n787_n847, F0, i)}
100.0	{(n847, F0, i)}
100.0	{(and_pi027_n838->n847, F0, i)}
100.0	{(and_pi027_n838, F0, i)}
100.0	{(n838->and_pi027_n838, F0, i)}
100.0	{(not_n848->and_not_n846_not_n848, F1, i)}
100.0	{(n838, F0, i)}
100.0	{(and_pi029_not_pi116_5->n838, F0, i)}
100.0	{(and_pi029_not_pi116_5, F0, i)}
100.0	{(not_pi116_5->and_pi029_not_pi116_5, F0, i)}
100.0	{(not_pi116_5, F0, i)}
100.0	{(not_pi129_1176490, F1, i)}
100.0	{(not_pi129_1176490->and_not_pi129_1176490_not_n617, F1, i)}
