100.0	{(n1271->and_not_pi145_0_n1271, F1, i)}
99.05	{(n1318, F0, i)}
99.05	{(and_not_n1316_not_n1317->n1318, F0, i)}
99.05	{(and_not_n1316_not_n1317, F0, i)}
99.05	{(not_n1316->and_not_n1316_not_n1317, F0, i)}
99.05	{(not_n1317->and_not_n1316_not_n1317, F0, i)}
99.05	{(not_n1316, F0, i)}
99.05	{(n1316->not_n1316, F1, i)}
99.05	{(not_n1317, F0, i)}
99.05	{(n1317->not_n1317, F1, i)}
99.05	{(n1316, F1, i)}
99.05	{(and_pi076_not_n1271_5->n1316, F1, i)}
99.05	{(n1317, F1, i)}
99.05	{(and_not_pi145_0_n1271->n1317, F1, i)}
99.05	{(and_pi076_not_n1271_5, F1, i)}
99.05	{(and_not_pi145_0_n1271, F1, i)}
99.05	{(n1318->or_pi129_n1318, F0, i)}
100.0	{(not_n437, F1, i)}
100.0	{(n437->not_n437, F0, i)}
100.0	{(n437, F0, i)}
100.0	{(and_not_n435_not_n436->n437, F0, i)}
100.0	{(and_not_n435_not_n436, F0, i)}
100.0	{(not_n436->and_not_n435_not_n436, F0, i)}
100.0	{(not_n435->and_not_n435_not_n436, F0, i)}
100.0	{(not_n436, F0, i)}
100.0	{(n436->not_n436, F1, i)}
100.0	{(not_n435, F0, i)}
100.0	{(n435->not_n435, F1, i)}
100.0	{(n436, F1, i)}
100.0	{(and_pi004_not_pi054->n436, F1, i)}
100.0	{(n435, F1, i)}
100.0	{(and_n432_n434->n435, F1, i)}
100.0	{(and_pi004_not_pi054, F1, i)}
100.0	{(and_n432_n434, F1, i)}
100.0	{(not_n437->and_not_pi129_3_not_n437, F1, i)}
90.56	{(n438, F1, i)}
90.56	{(and_not_pi129_3_not_n437->n438, F1, i)}
90.56	{(and_not_pi129_3_not_n437, F1, i)}
90.56	{(n438->and_not_pi003_n438, F1, i)}
