100.0	{(not_n350, F1, i)}
100.0	{(n350->not_n350, F0, i)}
100.0	{(n350, F0, i)}
100.0	{(and_n343_n349->n350, F0, i)}
100.0	{(and_n343_n349, F0, i)}
100.0	{(n349->and_n343_n349, F0, i)}
100.0	{(n343->and_n343_n349, F0, i)}
100.0	{(n349, F0, i)}
100.0	{(and_n344_n348->n349, F0, i)}
100.0	{(n343, F0, i)}
100.0	{(and_n300_n342->n343, F0, i)}
100.0	{(and_n344_n348, F0, i)}
100.0	{(n344->and_n344_n348, F0, i)}
100.0	{(n348->and_n344_n348, F0, i)}
100.0	{(and_n300_n342, F0, i)}
100.0	{(n342->and_n300_n342, F0, i)}
100.0	{(n300->and_n300_n342, F0, i)}
100.0	{(n348, F0, i)}
100.0	{(and_not_pi014_1_n347->n348, F0, i)}
100.0	{(n342, F0, i)}
100.0	{(and_n311_n341->n342, F0, i)}
100.0	{(and_not_pi014_1_n347, F0, i)}
100.0	{(not_pi014_1->and_not_pi014_1_n347, F0, i)}
100.0	{(n347->and_not_pi014_1_n347, F0, i)}
100.0	{(and_n311_n341, F0, i)}
100.0	{(n311->and_n311_n341, F0, i)}
100.0	{(n341->and_n311_n341, F0, i)}
100.0	{(not_pi014_1, F0, i)}
100.0	{(not_n350->and_not_n350_n351, F1, i)}
100.0	{(n492, F1, i)}
100.0	{(and_n448_n491->n492, F1, i)}
100.0	{(and_n448_n491, F1, i)}
100.0	{(n492->and_n490_n492, F1, i)}
100.0	{(not_n1082, F1, i)}
100.0	{(n1082->not_n1082, F0, i)}
100.0	{(n1082, F0, i)}
100.0	{(and_pi082_not_n919->n1082, F0, i)}
100.0	{(and_pi082_not_n919, F0, i)}
100.0	{(not_n919->and_pi082_not_n919, F0, i)}
100.0	{(not_n919, F0, i)}
100.0	{(n919->not_n919, F1, i)}
100.0	{(not_n1082->and_n379_not_n1082, F1, i)}
80.82	{(po119_driver->po119, F1, i)}
80.82	{(po119_driver, F1, i)}
80.82	{(or_n1499_n1509->po119_driver, F1, i)}
80.82	{(or_n1499_n1509, F1, i)}
80.82	{(n1499->or_n1499_n1509, F1, i)}
80.82	{(n1509->or_n1499_n1509, F1, i)}
80.82	{(n1499, F1, i)}
80.82	{(and_pi138_not_n1498->n1499, F1, i)}
80.82	{(n1509, F1, i)}
80.82	{(and_not_pi138_10_not_n1508->n1509, F1, i)}
80.82	{(and_pi138_not_n1498, F1, i)}
80.82	{(and_not_pi138_10_not_n1508, F1, i)}
