100.0	{(not_n1477, F1, i)}
100.0	{(n1477->not_n1477, F0, i)}
100.0	{(n1477, F0, i)}
100.0	{(and_not_pi137_5_not_n1476->n1477, F0, i)}
100.0	{(and_not_pi137_5_not_n1476, F0, i)}
100.0	{(not_pi137_5->and_not_pi137_5_not_n1476, F0, i)}
100.0	{(not_n1476->and_not_pi137_5_not_n1476, F0, i)}
100.0	{(not_pi137_5, F0, i)}
100.0	{(not_n1476, F0, i)}
100.0	{(n1476->not_n1476, F1, i)}
100.0	{(n1476, F1, i)}
100.0	{(and_not_n1474_not_n1475->n1476, F1, i)}
100.0	{(and_not_n1474_not_n1475, F1, i)}
100.0	{(not_n1477->and_not_n1473_not_n1477, F1, i)}
99.58	{(n1479, F0, i)}
99.58	{(and_not_pi138_8_not_n1478->n1479, F0, i)}
99.58	{(and_not_pi138_8_not_n1478, F0, i)}
99.58	{(not_pi138_8->and_not_pi138_8_not_n1478, F0, i)}
99.58	{(not_n1478->and_not_pi138_8_not_n1478, F0, i)}
99.58	{(not_pi138_8, F0, i)}
99.58	{(not_n1478, F0, i)}
99.58	{(n1478->not_n1478, F1, i)}
99.58	{(n1478, F1, i)}
99.58	{(and_not_n1473_not_n1477->n1478, F1, i)}
99.58	{(and_not_n1473_not_n1477, F1, i)}
99.58	{(n1479->or_n1469_n1479, F0, i)}
99.15	{(po117_driver->po117, F0, i)}
99.15	{(po117_driver, F0, i)}
99.15	{(or_n1469_n1479->po117_driver, F0, i)}
99.15	{(or_n1469_n1479, F0, i)}
100.0	{(not_n1188, F1, i)}
100.0	{(n1188->not_n1188, F0, i)}
100.0	{(n1188, F0, i)}
100.0	{(and_pi026_pi053->n1188, F0, i)}
100.0	{(and_pi026_pi053, F0, i)}
100.0	{(not_n1188->and_not_pi085_9_not_n1188, F1, i)}
100.0	{(n448->and_n448_n673, F1, i)}
100.0	{(not_n850, F1, i)}
100.0	{(n850->not_n850, F0, i)}
100.0	{(n850, F0, i)}
100.0	{(and_not_pi085_6_not_n849->n850, F0, i)}
100.0	{(and_not_pi085_6_not_n849, F0, i)}
100.0	{(not_pi085_6->and_not_pi085_6_not_n849, F0, i)}
100.0	{(not_n849->and_not_pi085_6_not_n849, F0, i)}
100.0	{(not_pi085_6, F0, i)}
100.0	{(not_n849, F0, i)}
100.0	{(n849->not_n849, F1, i)}
100.0	{(n849, F1, i)}
100.0	{(and_not_n846_not_n848->n849, F1, i)}
100.0	{(and_not_n846_not_n848, F1, i)}
100.0	{(not_n850->and_not_n850_not_n852, F1, i)}
95.65	{(not_n854, F1, i)}
95.65	{(n854->not_n854, F0, i)}
95.65	{(n854, F0, i)}
95.65	{(and_not_pi026_9_not_n853->n854, F0, i)}
95.65	{(and_not_pi026_9_not_n853, F0, i)}
95.65	{(not_pi026_9->and_not_pi026_9_not_n853, F0, i)}
95.65	{(not_n853->and_not_pi026_9_not_n853, F0, i)}
95.65	{(not_pi026_9, F0, i)}
95.65	{(not_n853, F0, i)}
95.65	{(n853->not_n853, F1, i)}
95.65	{(n853, F1, i)}
95.65	{(and_not_n850_not_n852->n853, F1, i)}
95.65	{(and_not_n850_not_n852, F1, i)}
95.65	{(not_n854->and_not_n854_not_n857, F1, i)}
91.67	{(po044_driver->po044, F0, i)}
91.67	{(po044_driver, F0, i)}
91.67	{(and_not_pi003_2824752490_n859->po044_driver, F0, i)}
91.67	{(and_not_pi003_2824752490_n859, F0, i)}
91.67	{(not_pi003_2824752490->and_not_pi003_2824752490_n859, F0, i)}
91.67	{(n859->and_not_pi003_2824752490_n859, F0, i)}
91.67	{(not_pi003_2824752490, F0, i)}
91.67	{(n859, F0, i)}
91.67	{(and_not_pi129_16284135979104490_not_n858->n859, F0, i)}
91.67	{(and_not_pi129_16284135979104490_not_n858, F0, i)}
91.67	{(not_pi129_16284135979104490->and_not_pi129_16284135979104490_not_n858, F0, i)}
91.67	{(not_n858->and_not_pi129_16284135979104490_not_n858, F0, i)}
91.67	{(not_pi129_16284135979104490, F0, i)}
91.67	{(not_n858, F0, i)}
91.67	{(n858->not_n858, F1, i)}
91.67	{(n858, F1, i)}
91.67	{(and_not_n854_not_n857->n858, F1, i)}
91.67	{(and_not_n854_not_n857, F1, i)}
100.0	{(n385->and_n385_n698, F1, i)}
