100.0	{(n430, F1, i)}
100.0	{(and_pi010_not_pi022_1->n430, F1, i)}
100.0	{(and_pi010_not_pi022_1, F1, i)}
100.0	{(n430->and_n416_n430, F1, i)}
93.33	{(n431, F1, i)}
93.33	{(and_n416_n430->n431, F1, i)}
93.33	{(and_n416_n430, F1, i)}
93.33	{(n431->and_n369_n431, F1, i)}
100.0	{(not_n1425, F1, i)}
100.0	{(n1425->not_n1425, F0, i)}
100.0	{(n1425, F0, i)}
100.0	{(and_pi143_n1414->n1425, F0, i)}
100.0	{(and_pi143_n1414, F0, i)}
100.0	{(n1414->and_pi143_n1414, F0, i)}
100.0	{(not_n1425->and_not_n1424_not_n1425, F1, i)}
100.0	{(n613, F1, i)}
100.0	{(and_not_pi029_1_pi059->n613, F1, i)}
100.0	{(and_not_pi029_1_pi059, F1, i)}
100.0	{(n613->and_n612_n613, F1, i)}
100.0	{(n614, F1, i)}
100.0	{(and_n612_n613->n614, F1, i)}
100.0	{(and_n612_n613, F1, i)}
100.0	{(n614->and_n611_n614, F1, i)}
100.0	{(n795, F1, i)}
100.0	{(and_not_pi026_5_pi027->n795, F1, i)}
100.0	{(and_not_pi026_5_pi027, F1, i)}
100.0	{(n1042, F1, i)}
100.0	{(and_pi045_n1041->n1042, F1, i)}
100.0	{(and_pi045_n1041, F1, i)}
100.0	{(n1042->and_n934_n1042, F1, i)}
100.0	{(n1246, F1, i)}
100.0	{(and_pi131_n1245->n1246, F1, i)}
100.0	{(and_pi131_n1245, F1, i)}
100.0	{(n1414, F1, i)}
100.0	{(and_n1412_n1413->n1414, F1, i)}
100.0	{(and_n1412_n1413, F1, i)}
100.0	{(po110_driver->po110, F1, i)}
100.0	{(po110_driver, F1, i)}
100.0	{(and_not_pi129_12197604876358357001385738625629718207556152941312384010_not_n1426->po110_driver, F1, i)}
100.0	{(and_not_pi129_12197604876358357001385738625629718207556152941312384010_not_n1426, F1, i)}
100.0	{(not_n1425, F1, i)}
100.0	{(n1425->not_n1425, F1, i)}
100.0	{(n1425, F1, i)}
100.0	{(and_pi143_n1414->n1425, F1, i)}
100.0	{(and_pi143_n1414, F1, i)}
100.0	{(not_n1425->and_not_n1424_not_n1425, F1, i)}
