100.0	{(not_n695, F1, i)}
100.0	{(n695->not_n695, F0, i)}
100.0	{(n695, F0, i)}
100.0	{(and_not_n691_not_n694->n695, F0, i)}
100.0	{(and_not_n691_not_n694, F0, i)}
100.0	{(not_n691->and_not_n691_not_n694, F0, i)}
100.0	{(not_n694->and_not_n691_not_n694, F0, i)}
100.0	{(not_n691, F0, i)}
100.0	{(n691->not_n691, F1, i)}
100.0	{(not_n694, F0, i)}
100.0	{(n694->not_n694, F1, i)}
100.0	{(n691, F1, i)}
100.0	{(and_pi082_not_n690->n691, F1, i)}
100.0	{(n694, F1, i)}
100.0	{(and_n379_not_n693->n694, F1, i)}
100.0	{(and_pi082_not_n690, F1, i)}
100.0	{(and_n379_not_n693, F1, i)}
100.0	{(not_n695->and_not_pi024_2_not_n695, F1, i)}
99.15	{(po039_driver->po039, F0, i)}
99.15	{(po039_driver, F0, i)}
99.15	{(and_not_n696_n711->po039_driver, F0, i)}
99.15	{(and_not_n696_n711, F0, i)}
99.15	{(n711->and_not_n696_n711, F0, i)}
99.15	{(not_n696->and_not_n696_n711, F0, i)}
99.15	{(n711, F0, i)}
99.15	{(and_not_n703_n710->n711, F0, i)}
99.15	{(not_n696, F0, i)}
99.15	{(n696->not_n696, F1, i)}
99.15	{(and_not_n703_n710, F0, i)}
99.15	{(n710->and_not_n703_n710, F0, i)}
99.15	{(not_n703->and_not_n703_n710, F0, i)}
99.15	{(n696, F1, i)}
99.15	{(and_not_pi024_2_not_n695->n696, F1, i)}
99.15	{(n710, F0, i)}
99.15	{(and_not_pi129_968890104070_not_n709->n710, F0, i)}
99.15	{(not_n703, F0, i)}
99.15	{(n703->not_n703, F1, i)}
99.15	{(and_not_pi024_2_not_n695, F1, i)}
99.15	{(and_not_pi129_968890104070_not_n709, F0, i)}
99.15	{(not_pi129_968890104070->and_not_pi129_968890104070_not_n709, F0, i)}
99.15	{(not_n709->and_not_pi129_968890104070_not_n709, F0, i)}
99.15	{(n703, F1, i)}
99.15	{(and_pi063_n702->n703, F1, i)}
99.15	{(not_pi129_968890104070, F0, i)}
99.15	{(not_n709, F0, i)}
99.15	{(n709->not_n709, F1, i)}
99.15	{(and_pi063_n702, F1, i)}
99.15	{(n709, F1, i)}
99.15	{(and_n705_n708->n709, F1, i)}
99.15	{(and_n705_n708, F1, i)}
100.0	{(n1224, F1, i)}
100.0	{(and_pi085_n787->n1224, F1, i)}
100.0	{(and_pi085_n787, F1, i)}
100.0	{(n1224->and_n1223_n1224, F1, i)}
100.0	{(not_pi053, F1, i)}
100.0	{(not_pi053->and_not_pi053_not_n745, F1, i)}
100.0	{(not_pi027_0, F1, i)}
100.0	{(not_pi027_0->and_not_pi027_0_n749, F1, i)}
100.0	{(n299->and_n298_n299, F1, i)}
100.0	{(not_pi007_8, F1, i)}
100.0	{(not_pi007_8->and_not_pi007_8_n346, F1, i)}
100.0	{(n750, F1, i)}
100.0	{(and_not_pi027_0_n749->n750, F1, i)}
100.0	{(and_not_pi027_0_n749, F1, i)}
100.0	{(n750->and_n748_n750, F1, i)}
100.0	{(not_pi027_0, F1, i)}
100.0	{(not_pi027_0->and_not_pi027_0_n749, F1, i)}
100.0	{(not_n752, F1, i)}
100.0	{(n752->not_n752, F1, i)}
100.0	{(n752, F1, i)}
100.0	{(and_not_n746_not_n751->n752, F1, i)}
100.0	{(and_not_n746_not_n751, F1, i)}
100.0	{(not_n752->and_not_pi058_not_n752, F1, i)}
100.0	{(n759, F1, i)}
100.0	{(and_not_pi129_6782230728490_not_n758->n759, F1, i)}
100.0	{(and_not_pi129_6782230728490_not_n758, F1, i)}
100.0	{(n759->and_not_pi003_1176490_n759, F1, i)}
100.0	{(po040_driver->po040, F1, i)}
100.0	{(po040_driver, F1, i)}
100.0	{(and_not_pi003_1176490_n759->po040_driver, F1, i)}
100.0	{(and_not_pi003_1176490_n759, F1, i)}
100.0	{(not_n758, F1, i)}
100.0	{(n758->not_n758, F1, i)}
100.0	{(n758, F1, i)}
100.0	{(and_not_n753_not_n757->n758, F1, i)}
100.0	{(and_not_n753_not_n757, F1, i)}
100.0	{(not_n758->and_not_pi129_6782230728490_not_n758, F1, i)}
100.0	{(not_pi053, F1, i)}
100.0	{(not_pi053->and_not_pi053_not_n745, F1, i)}
100.0	{(n756, F1, i)}
100.0	{(and_n754_n755->n756, F1, i)}
100.0	{(and_n754_n755, F1, i)}
100.0	{(n756->and_n748_n756, F1, i)}
