100.0	{(not_n1029, F1, i)}
100.0	{(n1029->not_n1029, F0, i)}
100.0	{(n1029, F0, i)}
100.0	{(and_pi082_not_n1028->n1029, F0, i)}
100.0	{(and_pi082_not_n1028, F0, i)}
100.0	{(not_n1028->and_pi082_not_n1028, F0, i)}
100.0	{(not_n1028, F0, i)}
100.0	{(n1028->not_n1028, F1, i)}
100.0	{(n1028, F1, i)}
100.0	{(and_n1026_n1027->n1028, F1, i)}
100.0	{(and_n1026_n1027, F1, i)}
100.0	{(not_n1029->and_not_n1029_not_n1032, F1, i)}
92.45	{(not_n1034, F1, i)}
92.45	{(n1034->not_n1034, F0, i)}
92.45	{(n1034, F0, i)}
92.45	{(and_not_pi045_4_not_n1033->n1034, F0, i)}
92.45	{(and_not_pi045_4_not_n1033, F0, i)}
92.45	{(not_pi045_4->and_not_pi045_4_not_n1033, F0, i)}
92.45	{(not_n1033->and_not_pi045_4_not_n1033, F0, i)}
92.45	{(not_pi045_4, F0, i)}
92.45	{(not_n1033, F0, i)}
92.45	{(n1033->not_n1033, F1, i)}
92.45	{(n1033, F1, i)}
92.45	{(and_not_n1029_not_n1032->n1033, F1, i)}
92.45	{(and_not_n1029_not_n1032, F1, i)}
92.45	{(not_n1034->and_not_n1034_n1046, F1, i)}
100.0	{(n676, F1, i)}
100.0	{(and_not_pi009_5_not_pi010_3->n676, F1, i)}
100.0	{(and_not_pi009_5_not_pi010_3, F1, i)}
100.0	{(n676->and_n291_n676, F1, i)}
100.0	{(n677, F1, i)}
100.0	{(and_n291_n676->n677, F1, i)}
100.0	{(and_n291_n676, F1, i)}
100.0	{(n677->and_n677_n679, F1, i)}
