100.0	{(not_n1559, F1, i)}
100.0	{(n1559->not_n1559, F0, i)}
100.0	{(n1559, F0, i)}
100.0	{(and_not_pi136_1176490_not_n1558->n1559, F0, i)}
100.0	{(and_not_pi136_1176490_not_n1558, F0, i)}
100.0	{(not_pi136_1176490->and_not_pi136_1176490_not_n1558, F0, i)}
100.0	{(not_n1558->and_not_pi136_1176490_not_n1558, F0, i)}
100.0	{(not_pi136_1176490, F0, i)}
100.0	{(not_n1558, F0, i)}
100.0	{(n1558->not_n1558, F1, i)}
100.0	{(n1558, F1, i)}
100.0	{(and_not_n1556_not_n1557->n1558, F1, i)}
100.0	{(and_not_n1556_not_n1557, F1, i)}
100.0	{(not_n1559->and_not_n1555_not_n1559, F1, i)}
97.24	{(n1561, F0, i)}
97.24	{(and_not_pi137_10_not_n1560->n1561, F0, i)}
97.24	{(and_not_pi137_10_not_n1560, F0, i)}
97.24	{(not_pi137_10->and_not_pi137_10_not_n1560, F0, i)}
97.24	{(not_n1560->and_not_pi137_10_not_n1560, F0, i)}
97.24	{(not_pi137_10, F0, i)}
97.24	{(not_n1560, F0, i)}
97.24	{(n1560->not_n1560, F1, i)}
97.24	{(n1560, F1, i)}
97.24	{(and_not_n1555_not_n1559->n1560, F1, i)}
97.24	{(and_not_n1555_not_n1559, F1, i)}
97.24	{(n1561->or_n1561_n1568, F0, i)}
97.03	{(po123_driver->po123, F0, i)}
97.03	{(po123_driver, F0, i)}
97.03	{(or_n1561_n1568->po123_driver, F0, i)}
97.03	{(or_n1561_n1568, F0, i)}
100.0	{(n1325->and_pi144_n1325, F1, i)}
100.0	{(n638->and_n638_n639, F1, i)}
100.0	{(n344, F1, i)}
100.0	{(and_not_pi010_0_not_pi022_0->n344, F1, i)}
100.0	{(and_not_pi010_0_not_pi022_0, F1, i)}
100.0	{(n369, F1, i)}
100.0	{(and_n345_n357->n369, F1, i)}
100.0	{(and_n345_n357, F1, i)}
