100.0	{(not_n1209, F1, i)}
100.0	{(n1209->not_n1209, F0, i)}
100.0	{(n1209, F0, i)}
100.0	{(and_not_n1205_not_n1208->n1209, F0, i)}
100.0	{(and_not_n1205_not_n1208, F0, i)}
100.0	{(not_n1205->and_not_n1205_not_n1208, F0, i)}
100.0	{(not_n1208->and_not_n1205_not_n1208, F0, i)}
100.0	{(not_n1205, F0, i)}
100.0	{(n1205->not_n1205, F1, i)}
100.0	{(not_n1208, F0, i)}
100.0	{(n1208->not_n1208, F1, i)}
100.0	{(n1205, F1, i)}
100.0	{(and_n814_n1169->n1205, F1, i)}
100.0	{(n1208, F1, i)}
100.0	{(and_n737_n1207->n1208, F1, i)}
100.0	{(and_n814_n1169, F1, i)}
100.0	{(and_n737_n1207, F1, i)}
100.0	{(not_n1209->and_not_pi129_1070069044235980333563563003849377848070_not_n1209, F1, i)}
100.0	{(not_n889, F1, i)}
100.0	{(n889->not_n889, F0, i)}
100.0	{(n889, F0, i)}
100.0	{(and_pi091_pi106->n889, F0, i)}
100.0	{(and_pi091_pi106, F0, i)}
100.0	{(not_n889->and_not_n889_not_n893, F1, i)}
100.0	{(n403->and_n403_n405, F1, i)}
100.0	{(not_pi054_8, F1, i)}
100.0	{(not_pi054_8->and_pi013_not_pi054_8, F1, i)}
100.0	{(not_pi007_3, F1, i)}
100.0	{(not_pi007_3->and_not_pi007_3_not_n360, F1, i)}
100.0	{(n357->and_pi007_n357, F1, i)}
