100.0	{(n680, F1, i)}
100.0	{(and_n677_n679->n680, F1, i)}
100.0	{(and_n677_n679, F1, i)}
100.0	{(n680->and_n675_n680, F1, i)}
100.0	{(not_n335, F1, i)}
100.0	{(n335->not_n335, F0, i)}
100.0	{(n335, F0, i)}
100.0	{(and_n302_not_n334->n335, F0, i)}
100.0	{(and_n302_not_n334, F0, i)}
100.0	{(n302->and_n302_not_n334, F0, i)}
100.0	{(not_n334->and_n302_not_n334, F0, i)}
100.0	{(not_n334, F0, i)}
100.0	{(n334->not_n334, F1, i)}
100.0	{(n334, F1, i)}
100.0	{(and_not_n310_not_n333->n334, F1, i)}
100.0	{(and_not_n310_not_n333, F1, i)}
100.0	{(not_n335->and_not_n309_not_n335, F1, i)}
77.42	{(not_n337, F1, i)}
77.42	{(n337->not_n337, F0, i)}
77.42	{(n337, F0, i)}
77.42	{(and_pi054_not_n336->n337, F0, i)}
77.42	{(and_pi054_not_n336, F0, i)}
77.42	{(not_n336->and_pi054_not_n336, F0, i)}
77.42	{(not_n336, F0, i)}
77.42	{(n336->not_n336, F1, i)}
77.42	{(n336, F1, i)}
77.42	{(and_not_n309_not_n335->n336, F1, i)}
77.42	{(and_not_n309_not_n335, F1, i)}
77.42	{(not_n337->and_not_n307_not_n337, F1, i)}
100.0	{(not_pi047_2, F1, i)}
100.0	{(not_pi047_2->and_not_pi047_2_n407, F1, i)}
100.0	{(n1006, F1, i)}
100.0	{(and_not_pi047_2_n407->n1006, F1, i)}
100.0	{(and_not_pi047_2_n407, F1, i)}
100.0	{(n1006->and_n927_n1006, F1, i)}
100.0	{(not_n1008, F1, i)}
100.0	{(n1008->not_n1008, F0, i)}
100.0	{(n1008, F0, i)}
100.0	{(and_pi082_not_n1007->n1008, F0, i)}
100.0	{(and_pi082_not_n1007, F0, i)}
100.0	{(not_n1007->and_pi082_not_n1007, F0, i)}
100.0	{(not_n1007, F0, i)}
100.0	{(n1007->not_n1007, F1, i)}
100.0	{(n1007, F1, i)}
100.0	{(and_n927_n1006->n1007, F1, i)}
100.0	{(and_n927_n1006, F1, i)}
100.0	{(not_n1008->and_not_n379_7_not_n1008, F1, i)}
100.0	{(n1009, F1, i)}
100.0	{(and_not_n379_7_not_n1008->n1009, F1, i)}
100.0	{(and_not_n379_7_not_n1008, F1, i)}
100.0	{(n1009->and_pi077_n1009, F1, i)}
100.0	{(not_pi116_1, F1, i)}
100.0	{(not_pi116_1->and_pi085_not_pi116_1, F1, i)}
