100.0	{(n615, F1, i)}
100.0	{(and_n611_n614->n615, F1, i)}
100.0	{(and_n611_n614, F1, i)}
100.0	{(n615->and_n609_n615, F1, i)}
100.0	{(n379->and_n379_not_n1122, F1, i)}
91.04	{(not_n1124, F1, i)}
91.04	{(n1124->not_n1124, F0, i)}
91.04	{(n1124, F0, i)}
91.04	{(and_not_n1119_not_n1123->n1124, F0, i)}
91.04	{(and_not_n1119_not_n1123, F0, i)}
91.04	{(not_n1119->and_not_n1119_not_n1123, F0, i)}
91.04	{(not_n1123->and_not_n1119_not_n1123, F0, i)}
91.04	{(not_n1119, F0, i)}
91.04	{(n1119->not_n1119, F1, i)}
91.04	{(not_n1123, F0, i)}
91.04	{(n1123->not_n1123, F1, i)}
91.04	{(n1119, F1, i)}
91.04	{(and_pi082_not_n404->n1119, F1, i)}
91.04	{(n1123, F1, i)}
91.04	{(and_n379_not_n1122->n1123, F1, i)}
91.04	{(and_pi082_not_n404, F1, i)}
91.04	{(and_n379_not_n1122, F1, i)}
91.04	{(not_n1124->and_not_pi050_4_not_n1124, F1, i)}
90.32	{(po065_driver->po065, F0, i)}
90.32	{(po065_driver, F0, i)}
90.32	{(and_not_n1125_n1134->po065_driver, F0, i)}
90.32	{(and_not_n1125_n1134, F0, i)}
90.32	{(n1134->and_not_n1125_n1134, F0, i)}
90.32	{(not_n1125->and_not_n1125_n1134, F0, i)}
90.32	{(n1134, F0, i)}
90.32	{(and_not_n1130_n1133->n1134, F0, i)}
90.32	{(not_n1125, F0, i)}
90.32	{(n1125->not_n1125, F1, i)}
90.32	{(and_not_n1130_n1133, F0, i)}
90.32	{(n1133->and_not_n1130_n1133, F0, i)}
90.32	{(not_n1130->and_not_n1130_n1133, F0, i)}
90.32	{(n1125, F1, i)}
90.32	{(and_not_pi050_4_not_n1124->n1125, F1, i)}
90.32	{(n1133, F0, i)}
90.32	{(and_not_pi129_9095436801298611408202050198891430_not_n1132->n1133, F0, i)}
90.32	{(not_n1130, F0, i)}
90.32	{(n1130->not_n1130, F1, i)}
90.32	{(and_not_pi050_4_not_n1124, F1, i)}
90.32	{(and_not_pi129_9095436801298611408202050198891430_not_n1132, F0, i)}
90.32	{(not_pi129_9095436801298611408202050198891430->and_not_pi129_9095436801298611408202050198891430_not_n1132, F0, i)}
90.32	{(not_n1132->and_not_pi129_9095436801298611408202050198891430_not_n1132, F0, i)}
90.32	{(n1130, F1, i)}
90.32	{(and_pi066_n1129->n1130, F1, i)}
90.32	{(not_pi129_9095436801298611408202050198891430, F0, i)}
90.32	{(not_n1132, F0, i)}
90.32	{(n1132->not_n1132, F1, i)}
90.32	{(and_pi066_n1129, F1, i)}
90.32	{(n1132, F1, i)}
90.32	{(and_n934_n1131->n1132, F1, i)}
90.32	{(and_n934_n1131, F1, i)}
