100.0	{(n665, F1, i)}
100.0	{(and_pi019_n664->n665, F1, i)}
100.0	{(and_pi019_n664, F1, i)}
100.0	{(n665->and_n299_n665, F1, i)}
99.53	{(n666, F1, i)}
99.53	{(and_n299_n665->n666, F1, i)}
99.53	{(and_n299_n665, F1, i)}
99.53	{(n666->and_n663_n666, F1, i)}
96.14	{(n667, F1, i)}
96.14	{(and_n663_n666->n667, F1, i)}
96.14	{(and_n663_n666, F1, i)}
96.14	{(n667->and_n487_n667, F1, i)}
100.0	{(n491, F1, i)}
100.0	{(and_not_pi008_3_n449->n491, F1, i)}
100.0	{(and_not_pi008_3_n449, F1, i)}
100.0	{(n491->and_n448_n491, F1, i)}
100.0	{(n449->and_not_pi008_3_n449, F1, i)}
100.0	{(n492, F1, i)}
100.0	{(and_n448_n491->n492, F1, i)}
100.0	{(and_n448_n491, F1, i)}
100.0	{(n492->and_n490_n492, F1, i)}
100.0	{(not_n1123, F1, i)}
100.0	{(n1123->not_n1123, F0, i)}
100.0	{(n1123, F0, i)}
100.0	{(and_n379_not_n1122->n1123, F0, i)}
100.0	{(and_n379_not_n1122, F0, i)}
100.0	{(n379->and_n379_not_n1122, F0, i)}
100.0	{(not_n1122->and_n379_not_n1122, F0, i)}
100.0	{(not_n1122, F0, i)}
100.0	{(n1122->not_n1122, F1, i)}
100.0	{(n1122, F1, i)}
100.0	{(and_pi082_not_n1121->n1122, F1, i)}
100.0	{(and_pi082_not_n1121, F1, i)}
100.0	{(not_n1123->and_not_n1119_not_n1123, F1, i)}
100.0	{(not_n1065, F1, i)}
100.0	{(n1065->not_n1065, F0, i)}
100.0	{(n1065, F0, i)}
100.0	{(and_pi082_not_n927->n1065, F0, i)}
100.0	{(and_pi082_not_n927, F0, i)}
100.0	{(not_n927->and_pi082_not_n927, F0, i)}
100.0	{(not_n927, F0, i)}
100.0	{(n927->not_n927, F1, i)}
100.0	{(not_n1065->and_n379_not_n1065, F1, i)}
100.0	{(not_pi137_2, F1, i)}
100.0	{(not_pi137_2->and_not_pi137_2_not_n1354, F1, i)}
