83.17	{(n379->and_n379_not_n1122, F1, i)}
79.0	{(not_n1124, F1, i)}
79.0	{(n1124->not_n1124, F0, i)}
79.0	{(n1124, F0, i)}
79.0	{(and_not_n1119_not_n1123->n1124, F0, i)}
79.0	{(and_not_n1119_not_n1123, F0, i)}
79.0	{(not_n1119->and_not_n1119_not_n1123, F0, i)}
79.0	{(not_n1123->and_not_n1119_not_n1123, F0, i)}
79.0	{(not_n1119, F0, i)}
79.0	{(n1119->not_n1119, F1, i)}
79.0	{(not_n1123, F0, i)}
79.0	{(n1123->not_n1123, F1, i)}
79.0	{(n1119, F1, i)}
79.0	{(and_pi082_not_n404->n1119, F1, i)}
79.0	{(n1123, F1, i)}
79.0	{(and_n379_not_n1122->n1123, F1, i)}
79.0	{(and_pi082_not_n404, F1, i)}
79.0	{(and_n379_not_n1122, F1, i)}
79.0	{(not_n1124->and_not_pi050_4_not_n1124, F1, i)}
78.56	{(po065_driver->po065, F0, i)}
78.56	{(po065_driver, F0, i)}
78.56	{(and_not_n1125_n1134->po065_driver, F0, i)}
78.56	{(and_not_n1125_n1134, F0, i)}
78.56	{(n1134->and_not_n1125_n1134, F0, i)}
78.56	{(not_n1125->and_not_n1125_n1134, F0, i)}
78.56	{(n1134, F0, i)}
78.56	{(and_not_n1130_n1133->n1134, F0, i)}
78.56	{(not_n1125, F0, i)}
78.56	{(n1125->not_n1125, F1, i)}
78.56	{(and_not_n1130_n1133, F0, i)}
78.56	{(n1133->and_not_n1130_n1133, F0, i)}
78.56	{(not_n1130->and_not_n1130_n1133, F0, i)}
78.56	{(n1125, F1, i)}
78.56	{(and_not_pi050_4_not_n1124->n1125, F1, i)}
78.56	{(n1133, F0, i)}
78.56	{(and_not_pi129_9095436801298611408202050198891430_not_n1132->n1133, F0, i)}
78.56	{(not_n1130, F0, i)}
78.56	{(n1130->not_n1130, F1, i)}
78.56	{(and_not_pi050_4_not_n1124, F1, i)}
78.56	{(and_not_pi129_9095436801298611408202050198891430_not_n1132, F0, i)}
78.56	{(not_pi129_9095436801298611408202050198891430->and_not_pi129_9095436801298611408202050198891430_not_n1132, F0, i)}
78.56	{(not_n1132->and_not_pi129_9095436801298611408202050198891430_not_n1132, F0, i)}
78.56	{(n1130, F1, i)}
78.56	{(and_pi066_n1129->n1130, F1, i)}
78.56	{(not_pi129_9095436801298611408202050198891430, F0, i)}
78.56	{(not_n1132, F0, i)}
78.56	{(n1132->not_n1132, F1, i)}
78.56	{(and_pi066_n1129, F1, i)}
78.56	{(n1132, F1, i)}
78.56	{(and_n934_n1131->n1132, F1, i)}
78.56	{(and_n934_n1131, F1, i)}
11.27	{(n401, F0, i)}
11.27	{(and_not_pi049_0_n383->n401, F0, i)}
11.27	{(and_not_pi049_0_n383, F0, i)}
11.27	{(n383->and_not_pi049_0_n383, F0, i)}
11.27	{(not_pi049_0->and_not_pi049_0_n383, F0, i)}
11.27	{(not_pi049_0, F0, i)}
7.72	{(n642, F0, i)}
7.72	{(and_n388_n641->n642, F0, i)}
7.72	{(and_n388_n641, F0, i)}
7.72	{(n388->and_n388_n641, F0, i)}
7.72	{(n641->and_n388_n641, F0, i)}
7.52	{(n645, F0, i)}
7.52	{(and_n640_n644->n645, F0, i)}
7.52	{(and_n640_n644, F0, i)}
7.52	{(n640->and_n640_n644, F0, i)}
7.52	{(n644->and_n640_n644, F0, i)}
7.52	{(n644, F0, i)}
7.52	{(and_n642_n643->n644, F0, i)}
7.52	{(and_n642_n643, F0, i)}
7.52	{(n643->and_n642_n643, F0, i)}
7.52	{(n642->and_n642_n643, F0, i)}
7.52	{(n643, F0, i)}
7.52	{(and_not_pi044_0_n401->n643, F0, i)}
7.52	{(and_not_pi044_0_n401, F0, i)}
7.52	{(n401->and_not_pi044_0_n401, F0, i)}
7.52	{(not_pi044_0->and_not_pi044_0_n401, F0, i)}
7.52	{(not_pi044_0, F0, i)}
6.89	{(not_n645, F1, i)}
6.89	{(n645->not_n645, F0, i)}
6.89	{(not_n645->and_pi082_not_n645, F1, i)}
3.55	{(n398, F0, i)}
3.55	{(and_not_pi024_0_not_pi045_0->n398, F0, i)}
3.55	{(and_not_pi024_0_not_pi045_0, F0, i)}
3.55	{(not_pi045_0->and_not_pi024_0_not_pi045_0, F0, i)}
3.55	{(not_pi024_0->and_not_pi024_0_not_pi045_0, F0, i)}
3.55	{(not_pi045_0, F0, i)}
3.55	{(not_pi024_0, F0, i)}
100.0	{(n448->and_n448_n631, F1, i)}
100.0	{(not_pi109_0, F1, i)}
100.0	{(not_pi109_0->and_pi031_not_pi109_0, F1, i)}
100.0	{(not_n873, F1, i)}
100.0	{(n873->not_n873, F1, i)}
100.0	{(n873, F1, i)}
100.0	{(and_not_n868_not_n872->n873, F1, i)}
100.0	{(and_not_n868_not_n872, F1, i)}
100.0	{(not_n873->and_not_pi129_797922662976120010_not_n873, F1, i)}
100.0	{(not_pi109_0, F1, i)}
100.0	{(not_pi109_0->and_pi031_not_pi109_0, F1, i)}
100.0	{(po046_driver->po046, F1, i)}
100.0	{(po046_driver, F1, i)}
100.0	{(and_not_pi129_797922662976120010_not_n873->po046_driver, F1, i)}
100.0	{(and_not_pi129_797922662976120010_not_n873, F1, i)}
100.0	{(not_n871, F1, i)}
100.0	{(n871->not_n871, F1, i)}
100.0	{(n871, F1, i)}
100.0	{(and_not_n869_not_n870->n871, F1, i)}
100.0	{(and_not_n869_not_n870, F1, i)}
100.0	{(not_n871->and_not_pi106_0_not_n871, F1, i)}
