100.0	{(n1543, F0, i)}
100.0	{(and_not_pi137_9_not_n1542->n1543, F0, i)}
100.0	{(and_not_pi137_9_not_n1542, F0, i)}
100.0	{(not_pi137_9->and_not_pi137_9_not_n1542, F0, i)}
100.0	{(not_n1542->and_not_pi137_9_not_n1542, F0, i)}
100.0	{(not_pi137_9, F0, i)}
100.0	{(not_n1542, F0, i)}
100.0	{(n1542->not_n1542, F1, i)}
100.0	{(n1542, F1, i)}
100.0	{(and_not_n1537_not_n1541->n1542, F1, i)}
100.0	{(and_not_n1537_not_n1541, F1, i)}
100.0	{(n1543->or_n1543_n1550, F0, i)}
99.37	{(po122_driver->po122, F0, i)}
99.37	{(po122_driver, F0, i)}
99.37	{(or_n1543_n1550->po122_driver, F0, i)}
99.37	{(or_n1543_n1550, F0, i)}
100.0	{(n1196, F1, i)}
100.0	{(and_pi060_n1144->n1196, F1, i)}
100.0	{(and_pi060_n1144, F1, i)}
100.0	{(n1196->and_n1192_n1196, F1, i)}
97.83	{(n1200, F1, i)}
97.83	{(and_pi057_not_pi058_9->n1200, F1, i)}
97.83	{(and_pi057_not_pi058_9, F1, i)}
97.83	{(n1200->and_n1192_n1200, F1, i)}
91.48	{(not_n1198, F1, i)}
91.48	{(n1198->not_n1198, F0, i)}
91.48	{(n1198, F0, i)}
91.48	{(and_not_n1195_not_n1197->n1198, F0, i)}
91.48	{(and_not_n1195_not_n1197, F0, i)}
91.48	{(not_n1195->and_not_n1195_not_n1197, F0, i)}
91.48	{(not_n1197->and_not_n1195_not_n1197, F0, i)}
91.48	{(not_n1195, F0, i)}
91.48	{(n1195->not_n1195, F1, i)}
91.48	{(not_n1197, F0, i)}
91.48	{(n1197->not_n1197, F1, i)}
91.48	{(n1195, F1, i)}
91.48	{(and_pi057_not_n1194->n1195, F1, i)}
91.48	{(n1197, F1, i)}
91.48	{(and_n1192_n1196->n1197, F1, i)}
91.48	{(and_pi057_not_n1194, F1, i)}
91.48	{(and_n1192_n1196, F1, i)}
91.48	{(not_n1198->and_not_pi027_70_not_n1198, F1, i)}
