100.0	{(not_n669, F1, i)}
100.0	{(n669->not_n669, F0, i)}
100.0	{(n669, F0, i)}
100.0	{(and_not_n662_not_n668->n669, F0, i)}
100.0	{(and_not_n662_not_n668, F0, i)}
100.0	{(not_n662->and_not_n662_not_n668, F0, i)}
100.0	{(not_n668->and_not_n662_not_n668, F0, i)}
100.0	{(not_n662, F0, i)}
100.0	{(n662->not_n662, F1, i)}
100.0	{(not_n668, F0, i)}
100.0	{(n668->not_n668, F1, i)}
100.0	{(n662, F1, i)}
100.0	{(and_pi021_not_pi054_24010->n662, F1, i)}
100.0	{(n668, F1, i)}
100.0	{(and_n487_n667->n668, F1, i)}
100.0	{(and_pi021_not_pi054_24010, F1, i)}
100.0	{(and_n487_n667, F1, i)}
100.0	{(not_n669->and_not_pi129_2824752490_not_n669, F1, i)}
90.56	{(n670, F1, i)}
90.56	{(and_not_pi129_2824752490_not_n669->n670, F1, i)}
90.56	{(and_not_pi129_2824752490_not_n669, F1, i)}
90.56	{(n670->and_not_pi003_24010_n670, F1, i)}
100.0	{(not_n520, F1, i)}
100.0	{(n520->not_n520, F0, i)}
100.0	{(n520, F0, i)}
100.0	{(and_not_n511_not_n519->n520, F0, i)}
100.0	{(and_not_n511_not_n519, F0, i)}
100.0	{(not_n511->and_not_n511_not_n519, F0, i)}
100.0	{(not_n519->and_not_n511_not_n519, F0, i)}
100.0	{(not_n511, F0, i)}
100.0	{(n511->not_n511, F1, i)}
100.0	{(not_n519, F0, i)}
100.0	{(n519->not_n519, F1, i)}
100.0	{(n511, F1, i)}
100.0	{(and_pi010_not_pi054_5->n511, F1, i)}
100.0	{(n519, F1, i)}
100.0	{(and_n514_n518->n519, F1, i)}
100.0	{(and_pi010_not_pi054_5, F1, i)}
100.0	{(and_n514_n518, F1, i)}
100.0	{(not_n520->and_not_pi129_9_not_n520, F1, i)}
90.56	{(n521, F1, i)}
90.56	{(and_not_pi129_9_not_n520->n521, F1, i)}
90.56	{(and_not_pi129_9_not_n520, F1, i)}
90.56	{(n521->and_not_pi003_5_n521, F1, i)}
