100.0	{(not_n715, F1, i)}
100.0	{(n715->not_n715, F0, i)}
100.0	{(n715, F0, i)}
100.0	{(and_not_pi096_n714->n715, F0, i)}
100.0	{(and_not_pi096_n714, F0, i)}
100.0	{(n714->and_not_pi096_n714, F0, i)}
100.0	{(not_pi096->and_not_pi096_n714, F0, i)}
100.0	{(n714, F0, i)}
100.0	{(and_not_pi085_not_pi110->n714, F0, i)}
100.0	{(not_pi096, F0, i)}
100.0	{(and_not_pi085_not_pi110, F0, i)}
100.0	{(not_pi110->and_not_pi085_not_pi110, F0, i)}
100.0	{(not_pi085->and_not_pi085_not_pi110, F0, i)}
100.0	{(not_pi110, F0, i)}
100.0	{(not_pi085, F0, i)}
100.0	{(not_n715->and_not_n713_not_n715, F1, i)}
100.0	{(n1464, F0, i)}
100.0	{(and_pi137_not_n1463->n1464, F0, i)}
100.0	{(and_pi137_not_n1463, F0, i)}
100.0	{(not_n1463->and_pi137_not_n1463, F0, i)}
100.0	{(not_n1463, F0, i)}
100.0	{(n1463->not_n1463, F1, i)}
100.0	{(n1463, F1, i)}
100.0	{(and_not_n1458_not_n1462->n1463, F1, i)}
100.0	{(and_not_n1458_not_n1462, F1, i)}
100.0	{(n1464->or_n1457_n1464, F0, i)}
100.0	{(not_n1462, F1, i)}
100.0	{(n1462->not_n1462, F0, i)}
100.0	{(n1462, F0, i)}
100.0	{(and_not_pi136_5_not_n1461->n1462, F0, i)}
100.0	{(and_not_pi136_5_not_n1461, F0, i)}
100.0	{(not_pi136_5->and_not_pi136_5_not_n1461, F0, i)}
100.0	{(not_n1461->and_not_pi136_5_not_n1461, F0, i)}
100.0	{(not_pi136_5, F0, i)}
100.0	{(not_n1461, F0, i)}
100.0	{(n1461->not_n1461, F1, i)}
100.0	{(n1461, F1, i)}
100.0	{(and_not_n1459_not_n1460->n1461, F1, i)}
100.0	{(and_not_n1459_not_n1460, F1, i)}
100.0	{(not_n1462->and_not_n1458_not_n1462, F1, i)}
100.0	{(not_pi129_113988951853731430, F1, i)}
100.0	{(not_pi129_113988951853731430->and_not_pi129_113988951853731430_not_n866, F1, i)}
100.0	{(not_n333, F1, i)}
100.0	{(n333->not_n333, F0, i)}
100.0	{(n333, F0, i)}
100.0	{(and_n331_n332->n333, F0, i)}
100.0	{(and_n331_n332, F0, i)}
100.0	{(n332->and_n331_n332, F0, i)}
100.0	{(n331->and_n331_n332, F0, i)}
100.0	{(n331, F0, i)}
100.0	{(and_not_pi017_0_n330->n331, F0, i)}
100.0	{(and_not_pi017_0_n330, F0, i)}
100.0	{(not_pi017_0->and_not_pi017_0_n330, F0, i)}
100.0	{(n330->and_not_pi017_0_n330, F0, i)}
100.0	{(not_pi017_0, F0, i)}
100.0	{(n330, F0, i)}
100.0	{(and_n300_n329->n330, F0, i)}
100.0	{(and_n300_n329, F0, i)}
100.0	{(n329->and_n300_n329, F0, i)}
100.0	{(n300->and_n300_n329, F0, i)}
100.0	{(n329, F0, i)}
100.0	{(and_n301_not_n328->n329, F0, i)}
100.0	{(and_n301_not_n328, F0, i)}
100.0	{(n301->and_n301_not_n328, F0, i)}
100.0	{(not_n328->and_n301_not_n328, F0, i)}
100.0	{(not_n328, F0, i)}
100.0	{(n328->not_n328, F1, i)}
100.0	{(n328, F1, i)}
100.0	{(and_not_n325_not_n327->n328, F1, i)}
100.0	{(and_not_n325_not_n327, F1, i)}
100.0	{(not_n333->and_not_n310_not_n333, F1, i)}
100.0	{(n505, F1, i)}
100.0	{(and_n448_n504->n505, F1, i)}
100.0	{(and_n448_n504, F1, i)}
100.0	{(n505->and_n503_n505, F1, i)}
100.0	{(n506, F1, i)}
100.0	{(and_n503_n505->n506, F1, i)}
100.0	{(and_n503_n505, F1, i)}
100.0	{(n506->and_n502_n506, F1, i)}
100.0	{(n448->and_n448_n504, F1, i)}
100.0	{(po045_driver->po045, F1, i)}
100.0	{(po045_driver, F1, i)}
100.0	{(and_not_pi129_113988951853731430_not_n866->po045_driver, F1, i)}
100.0	{(and_not_pi129_113988951853731430_not_n866, F1, i)}
100.0	{(not_pi129_113988951853731430, F1, i)}
100.0	{(not_pi129_113988951853731430->and_not_pi129_113988951853731430_not_n866, F1, i)}
