100.0	{(not_n301, F1, i)}
100.0	{(n301->not_n301, F0, i)}
100.0	{(not_n301->and_not_pi056_0_not_n301, F1, i)}
100.0	{(not_n302, F1, i)}
100.0	{(n302->not_n302, F0, i)}
100.0	{(not_n302->and_n301_not_n302, F1, i)}
100.0	{(n301, F0, i)}
100.0	{(and_not_pi005_not_pi022->n301, F0, i)}
100.0	{(and_not_pi005_not_pi022, F0, i)}
100.0	{(not_pi005->and_not_pi005_not_pi022, F0, i)}
100.0	{(not_pi022->and_not_pi005_not_pi022, F0, i)}
100.0	{(not_pi005, F0, i)}
100.0	{(not_pi022, F0, i)}
100.0	{(n610, F1, i)}
100.0	{(and_not_pi016_2_n351->n610, F1, i)}
100.0	{(and_not_pi016_2_n351, F1, i)}
100.0	{(n610->and_n450_n610, F1, i)}
100.0	{(not_pi129_168070, F1, i)}
100.0	{(not_pi129_168070->and_not_pi129_168070_not_n601, F1, i)}
100.0	{(n948, F0, i)}
100.0	{(and_n579_n919->n948, F0, i)}
100.0	{(and_n579_n919, F0, i)}
100.0	{(n919->and_n579_n919, F0, i)}
100.0	{(n579->and_n579_n919, F0, i)}
100.0	{(not_n1128, F1, i)}
100.0	{(n1128->not_n1128, F0, i)}
100.0	{(n1128, F0, i)}
100.0	{(and_pi082_not_n1127->n1128, F0, i)}
100.0	{(and_pi082_not_n1127, F0, i)}
100.0	{(not_n1127->and_pi082_not_n1127, F0, i)}
100.0	{(not_n1127, F0, i)}
100.0	{(n1127->not_n1127, F1, i)}
100.0	{(n1127, F1, i)}
100.0	{(and_n927_n1126->n1127, F1, i)}
100.0	{(and_n927_n1126, F1, i)}
100.0	{(not_n1128->and_not_n379_24010_not_n1128, F1, i)}
100.0	{(n1129, F1, i)}
100.0	{(and_not_n379_24010_not_n1128->n1129, F1, i)}
100.0	{(and_not_n379_24010_not_n1128, F1, i)}
100.0	{(n1129->and_pi066_n1129, F1, i)}
100.0	{(n638->and_n404_n638, F1, i)}
100.0	{(n1126, F1, i)}
100.0	{(and_n404_n638->n1126, F1, i)}
100.0	{(and_n404_n638, F1, i)}
100.0	{(n1126->and_n927_n1126, F1, i)}
