100.0	{(not_n1321, F1, i)}
100.0	{(n1321->not_n1321, F0, i)}
100.0	{(n1321, F0, i)}
100.0	{(and_not_pi146_0_n1271->n1321, F0, i)}
100.0	{(and_not_pi146_0_n1271, F0, i)}
100.0	{(n1271->and_not_pi146_0_n1271, F0, i)}
100.0	{(not_pi146_0->and_not_pi146_0_n1271, F0, i)}
100.0	{(not_pi146_0, F0, i)}
100.0	{(not_n1321->and_not_n1320_not_n1321, F1, i)}
92.86	{(po092_driver->po092, F1, i)}
92.86	{(po092_driver, F1, i)}
92.86	{(or_pi129_n1322->po092_driver, F1, i)}
92.86	{(or_pi129_n1322, F1, i)}
92.86	{(n1322->or_pi129_n1322, F1, i)}
92.86	{(n1322, F1, i)}
92.86	{(and_not_n1320_not_n1321->n1322, F1, i)}
92.86	{(and_not_n1320_not_n1321, F1, i)}
100.0	{(not_pi016_0, F1, i)}
100.0	{(not_pi016_0->and_not_pi016_0_pi054, F1, i)}
100.0	{(not_pi129_797922662976120010, F1, i)}
100.0	{(not_pi129_797922662976120010->and_not_pi129_797922662976120010_not_n873, F1, i)}
83.33	{(n1078, F1, i)}
83.33	{(and_not_n1072_n1077->n1078, F1, i)}
83.33	{(and_not_n1072_n1077, F1, i)}
83.33	{(n1078->and_not_n1068_n1078, F1, i)}
81.82	{(not_pi129_26517308458596534717790233816010, F1, i)}
81.82	{(not_pi129_26517308458596534717790233816010->and_not_pi129_26517308458596534717790233816010_not_n1076, F1, i)}
81.82	{(n1077, F1, i)}
81.82	{(and_not_pi129_26517308458596534717790233816010_not_n1076->n1077, F1, i)}
81.82	{(and_not_pi129_26517308458596534717790233816010_not_n1076, F1, i)}
81.82	{(n1077->and_not_n1072_n1077, F1, i)}
18.18	{(n927, F0, i)}
18.18	{(and_n401_n926->n927, F0, i)}
18.18	{(and_n401_n926, F0, i)}
18.18	{(n926->and_n401_n926, F0, i)}
18.18	{(n401->and_n401_n926, F0, i)}
18.18	{(n926, F0, i)}
18.18	{(and_n398_n925->n926, F0, i)}
18.18	{(and_n398_n925, F0, i)}
18.18	{(n925->and_n398_n925, F0, i)}
18.18	{(n398->and_n398_n925, F0, i)}
18.18	{(n925, F0, i)}
18.18	{(and_not_pi002_2_not_pi048_2->n925, F0, i)}
18.18	{(and_not_pi002_2_not_pi048_2, F0, i)}
18.18	{(not_pi048_2->and_not_pi002_2_not_pi048_2, F0, i)}
18.18	{(not_pi002_2->and_not_pi002_2_not_pi048_2, F0, i)}
18.18	{(not_pi048_2, F0, i)}
18.18	{(not_pi002_2, F0, i)}
17.65	{(n398, F0, i)}
17.65	{(and_not_pi024_0_not_pi045_0->n398, F0, i)}
17.65	{(and_not_pi024_0_not_pi045_0, F0, i)}
17.65	{(not_pi045_0->and_not_pi024_0_not_pi045_0, F0, i)}
17.65	{(not_pi024_0->and_not_pi024_0_not_pi045_0, F0, i)}
17.65	{(not_pi045_0, F0, i)}
17.65	{(not_pi024_0, F0, i)}
3.03	{(n1049, F0, i)}
3.03	{(and_n688_n927->n1049, F0, i)}
3.03	{(and_n688_n927, F0, i)}
3.03	{(n688->and_n688_n927, F0, i)}
3.03	{(n927->and_n688_n927, F0, i)}
1.52	{(not_n1072, F1, i)}
1.52	{(n1072->not_n1072, F0, i)}
1.52	{(n1072, F0, i)}
1.52	{(and_pi064_n1071->n1072, F0, i)}
1.52	{(and_pi064_n1071, F0, i)}
1.52	{(n1071->and_pi064_n1071, F0, i)}
1.52	{(n1071, F0, i)}
1.52	{(and_not_n379_70_not_n1070->n1071, F0, i)}
1.52	{(and_not_n379_70_not_n1070, F0, i)}
1.52	{(not_n1070->and_not_n379_70_not_n1070, F0, i)}
1.52	{(not_n379_70->and_not_n379_70_not_n1070, F0, i)}
1.52	{(not_n1070, F0, i)}
1.52	{(n1070->not_n1070, F1, i)}
1.52	{(not_n379_70, F0, i)}
1.52	{(n379->not_n379_70, F1, i)}
1.52	{(n1070, F1, i)}
1.52	{(and_pi082_not_n1069->n1070, F1, i)}
1.52	{(and_pi082_not_n1069, F1, i)}
1.52	{(not_n1072->and_not_n1072_n1077, F1, i)}
1.52	{(not_n1069, F1, i)}
1.52	{(n1069->not_n1069, F0, i)}
1.52	{(n1069, F0, i)}
1.52	{(and_n408_n927->n1069, F0, i)}
1.52	{(and_n408_n927, F0, i)}
1.52	{(n408->and_n408_n927, F0, i)}
1.52	{(n927->and_n408_n927, F0, i)}
1.52	{(not_n1069->and_pi082_not_n1069, F1, i)}
1.52	{(not_n1127, F1, i)}
1.52	{(n1127->not_n1127, F0, i)}
1.52	{(n1127, F0, i)}
1.52	{(and_n927_n1126->n1127, F0, i)}
1.52	{(and_n927_n1126, F0, i)}
1.52	{(n927->and_n927_n1126, F0, i)}
1.52	{(n1126->and_n927_n1126, F0, i)}
1.52	{(n1126, F0, i)}
1.52	{(and_n404_n638->n1126, F0, i)}
1.52	{(and_n404_n638, F0, i)}
1.52	{(n404->and_n404_n638, F0, i)}
1.52	{(n638->and_n404_n638, F0, i)}
1.52	{(not_n1127->and_pi082_not_n1127, F1, i)}
1.52	{(not_n992, F1, i)}
1.52	{(n992->not_n992, F0, i)}
1.52	{(n992, F0, i)}
1.52	{(and_n927_n991->n992, F0, i)}
1.52	{(and_n927_n991, F0, i)}
1.52	{(n991->and_n927_n991, F0, i)}
1.52	{(n927->and_n927_n991, F0, i)}
1.52	{(n991, F0, i)}
1.52	{(and_n638_n990->n991, F0, i)}
1.52	{(and_n638_n990, F0, i)}
1.52	{(n638->and_n638_n990, F0, i)}
1.52	{(n990->and_n638_n990, F0, i)}
1.52	{(not_n992->and_pi082_not_n992, F1, i)}
1.52	{(not_n930, F1, i)}
1.52	{(n930->not_n930, F0, i)}
1.52	{(n930, F0, i)}
1.52	{(and_n927_n929->n930, F0, i)}
1.52	{(and_n927_n929, F0, i)}
1.52	{(n929->and_n927_n929, F0, i)}
1.52	{(n927->and_n927_n929, F0, i)}
1.52	{(n929, F0, i)}
1.52	{(and_n638_n928->n929, F0, i)}
1.52	{(and_n638_n928, F0, i)}
1.52	{(n638->and_n638_n928, F0, i)}
1.52	{(n928->and_n638_n928, F0, i)}
1.52	{(n928, F0, i)}
1.52	{(and_not_pi050_2_n391->n928, F0, i)}
1.52	{(and_not_pi050_2_n391, F0, i)}
1.52	{(n391->and_not_pi050_2_n391, F0, i)}
1.52	{(not_pi050_2->and_not_pi050_2_n391, F0, i)}
1.52	{(not_pi050_2, F0, i)}
1.52	{(not_n930->and_pi082_not_n930, F1, i)}
1.52	{(not_n956, F1, i)}
1.52	{(n956->not_n956, F0, i)}
1.52	{(n956, F0, i)}
1.52	{(and_n927_n955->n956, F0, i)}
1.52	{(and_n927_n955, F0, i)}
1.52	{(n955->and_n927_n955, F0, i)}
1.52	{(n927->and_n927_n955, F0, i)}
1.52	{(n955, F0, i)}
1.52	{(and_n638_n954->n955, F0, i)}
1.52	{(and_n638_n954, F0, i)}
1.52	{(n954->and_n638_n954, F0, i)}
1.52	{(n638->and_n638_n954, F0, i)}
1.52	{(n954, F0, i)}
1.52	{(and_n388_n390->n954, F0, i)}
1.52	{(and_n388_n390, F0, i)}
1.52	{(n388->and_n388_n390, F0, i)}
1.52	{(n390->and_n388_n390, F0, i)}
1.52	{(not_n956->and_pi082_not_n956, F1, i)}
1.52	{(not_n972, F1, i)}
1.52	{(n972->not_n972, F0, i)}
1.52	{(n972, F0, i)}
1.52	{(and_n927_n971->n972, F0, i)}
1.52	{(and_n927_n971, F0, i)}
1.52	{(n971->and_n927_n971, F0, i)}
1.52	{(n927->and_n927_n971, F0, i)}
1.52	{(n971, F0, i)}
1.52	{(and_n404_n970->n971, F0, i)}
1.52	{(and_n404_n970, F0, i)}
1.52	{(n404->and_n404_n970, F0, i)}
1.52	{(n970->and_n404_n970, F0, i)}
1.52	{(n970, F0, i)}
1.52	{(and_n381_n405->n970, F0, i)}
1.52	{(and_n381_n405, F0, i)}
1.52	{(n405->and_n381_n405, F0, i)}
1.52	{(n381->and_n381_n405, F0, i)}
1.52	{(not_n972->and_pi082_not_n972, F1, i)}
1.52	{(not_n1007, F1, i)}
1.52	{(n1007->not_n1007, F0, i)}
1.52	{(n1007, F0, i)}
1.52	{(and_n927_n1006->n1007, F0, i)}
1.52	{(and_n927_n1006, F0, i)}
1.52	{(n1006->and_n927_n1006, F0, i)}
1.52	{(n927->and_n927_n1006, F0, i)}
1.52	{(n1006, F0, i)}
1.52	{(and_not_pi047_2_n407->n1006, F0, i)}
1.52	{(and_not_pi047_2_n407, F0, i)}
1.52	{(n407->and_not_pi047_2_n407, F0, i)}
1.52	{(not_pi047_2->and_not_pi047_2_n407, F0, i)}
1.52	{(not_pi047_2, F0, i)}
1.52	{(not_n1007->and_pi082_not_n1007, F1, i)}
1.52	{(not_n1010, F1, i)}
1.52	{(n1010->not_n1010, F0, i)}
1.52	{(n1010, F0, i)}
1.52	{(and_pi077_n1009->n1010, F0, i)}
1.52	{(and_pi077_n1009, F0, i)}
1.52	{(n1009->and_pi077_n1009, F0, i)}
1.52	{(n1009, F0, i)}
1.52	{(and_not_n379_7_not_n1008->n1009, F0, i)}
1.52	{(and_not_n379_7_not_n1008, F0, i)}
1.52	{(not_n1008->and_not_n379_7_not_n1008, F0, i)}
1.52	{(not_n379_7->and_not_n379_7_not_n1008, F0, i)}
1.52	{(not_n1008, F0, i)}
1.52	{(n1008->not_n1008, F1, i)}
1.52	{(not_n379_7, F0, i)}
1.52	{(n379->not_n379_7, F1, i)}
1.52	{(n1008, F1, i)}
1.52	{(and_pi082_not_n1007->n1008, F1, i)}
1.52	{(and_pi082_not_n1007, F1, i)}
1.52	{(not_n1010->and_not_n1010_n1014, F1, i)}
1.52	{(not_n1055, F1, i)}
1.52	{(n1055->not_n1055, F0, i)}
1.52	{(n1055, F0, i)}
1.52	{(and_n1049_n1054->n1055, F0, i)}
1.52	{(and_n1049_n1054, F0, i)}
1.52	{(n1054->and_n1049_n1054, F0, i)}
1.52	{(n1049->and_n1049_n1054, F0, i)}
1.52	{(not_n1055->and_pi082_not_n1055, F1, i)}
100.0	{(po046_driver->po046, F1, i)}
100.0	{(po046_driver, F1, i)}
100.0	{(and_not_pi129_797922662976120010_not_n873->po046_driver, F1, i)}
100.0	{(and_not_pi129_797922662976120010_not_n873, F1, i)}
100.0	{(not_pi129_797922662976120010, F1, i)}
100.0	{(not_pi129_797922662976120010->and_not_pi129_797922662976120010_not_n873, F1, i)}
