100.0	{(not_n1409, F1, i)}
100.0	{(n1409->not_n1409, F0, i)}
100.0	{(n1409, F0, i)}
100.0	{(and_not_n1407_not_n1408->n1409, F0, i)}
100.0	{(and_not_n1407_not_n1408, F0, i)}
100.0	{(not_n1407->and_not_n1407_not_n1408, F0, i)}
100.0	{(not_n1408->and_not_n1407_not_n1408, F0, i)}
100.0	{(not_n1407, F0, i)}
100.0	{(n1407->not_n1407, F1, i)}
100.0	{(not_n1408, F0, i)}
100.0	{(n1408->not_n1408, F1, i)}
100.0	{(n1407, F1, i)}
100.0	{(and_pi093_not_n1386_4->n1407, F1, i)}
100.0	{(n1408, F1, i)}
100.0	{(and_pi146_n1386->n1408, F1, i)}
100.0	{(and_pi093_not_n1386_4, F1, i)}
100.0	{(and_pi146_n1386, F1, i)}
100.0	{(not_n1409->and_not_pi129_248930711762415449007872216849586085868492917169640490_not_n1409, F1, i)}
100.0	{(n1175, F0, i)}
100.0	{(and_not_pi026_490_pi037->n1175, F0, i)}
100.0	{(and_not_pi026_490_pi037, F0, i)}
100.0	{(not_pi026_490->and_not_pi026_490_pi037, F0, i)}
100.0	{(not_pi026_490, F0, i)}
100.0	{(not_n407, F1, i)}
100.0	{(n407->not_n407, F0, i)}
100.0	{(not_n407->and_pi082_not_n407, F1, i)}
98.33	{(n1011, F1, i)}
98.33	{(and_pi043_n641->n1011, F1, i)}
98.33	{(and_pi043_n641, F1, i)}
98.33	{(n1011->and_n934_n1011, F1, i)}
100.0	{(not_n766, F1, i)}
100.0	{(n766->not_n766, F0, i)}
100.0	{(n766, F0, i)}
100.0	{(and_not_n764_not_n765->n766, F0, i)}
100.0	{(and_not_n764_not_n765, F0, i)}
100.0	{(not_n765->and_not_n764_not_n765, F0, i)}
100.0	{(not_n764->and_not_n764_not_n765, F0, i)}
100.0	{(not_n765, F0, i)}
100.0	{(n765->not_n765, F1, i)}
100.0	{(not_n764, F0, i)}
100.0	{(n764->not_n764, F1, i)}
100.0	{(n765, F1, i)}
100.0	{(and_not_pi026_2_n713->n765, F1, i)}
100.0	{(n764, F1, i)}
100.0	{(and_not_pi096_0_n763->n764, F1, i)}
100.0	{(and_not_pi026_2_n713, F1, i)}
100.0	{(and_not_pi096_0_n763, F1, i)}
100.0	{(not_n766->and_pi100_not_n766, F1, i)}
