100.0	{(not_pi136_2, F1, i)}
100.0	{(not_pi136_2->and_not_pi136_2_not_n1358, F1, i)}
100.0	{(not_n1013, F1, i)}
100.0	{(n1013->not_n1013, F0, i)}
100.0	{(n1013, F0, i)}
100.0	{(and_n389_n1012->n1013, F0, i)}
100.0	{(and_n389_n1012, F0, i)}
100.0	{(n389->and_n389_n1012, F0, i)}
100.0	{(n1012->and_n389_n1012, F0, i)}
100.0	{(n1012, F0, i)}
100.0	{(and_n934_n1011->n1012, F0, i)}
100.0	{(and_n934_n1011, F0, i)}
100.0	{(n1011->and_n934_n1011, F0, i)}
100.0	{(n934->and_n934_n1011, F0, i)}
100.0	{(n1011, F0, i)}
100.0	{(and_pi043_n641->n1011, F0, i)}
100.0	{(and_pi043_n641, F0, i)}
100.0	{(n641->and_pi043_n641, F0, i)}
100.0	{(not_n1013->and_not_pi129_11044276742439206463052992010_not_n1013, F1, i)}
100.0	{(n790->and_n777_n790, F1, i)}
100.0	{(n1144, F1, i)}
100.0	{(and_pi058_pi116->n1144, F1, i)}
100.0	{(and_pi058_pi116, F1, i)}
100.0	{(n1145, F1, i)}
100.0	{(and_not_pi058_5_not_pi110_4->n1145, F1, i)}
100.0	{(and_not_pi058_5_not_pi110_4, F1, i)}
100.0	{(n1145->and_not_pi096_3_n1145, F1, i)}
100.0	{(n1146, F1, i)}
100.0	{(and_not_pi096_3_n1145->n1146, F1, i)}
100.0	{(and_not_pi096_3_n1145, F1, i)}
100.0	{(n1146->and_n724_n1146, F1, i)}
100.0	{(n1149, F1, i)}
100.0	{(and_not_pi053_5_not_n1148->n1149, F1, i)}
100.0	{(and_not_pi053_5_not_n1148, F1, i)}
100.0	{(n1149->and_pi097_n1149, F1, i)}
100.0	{(not_n1148, F1, i)}
100.0	{(n1148->not_n1148, F0, i)}
100.0	{(n1148, F0, i)}
100.0	{(and_not_n1144_not_n1147->n1148, F0, i)}
100.0	{(and_not_n1144_not_n1147, F0, i)}
100.0	{(not_n1144->and_not_n1144_not_n1147, F0, i)}
100.0	{(not_n1147->and_not_n1144_not_n1147, F0, i)}
100.0	{(not_n1144, F0, i)}
100.0	{(n1144->not_n1144, F1, i)}
100.0	{(not_n1147, F0, i)}
100.0	{(n1147->not_n1147, F1, i)}
100.0	{(n1147, F1, i)}
100.0	{(and_n724_n1146->n1147, F1, i)}
100.0	{(and_n724_n1146, F1, i)}
100.0	{(not_n1148->and_not_pi053_5_not_n1148, F1, i)}
