100.0	{(po105_driver->po105, F0, i)}
100.0	{(po105_driver, F0, i)}
100.0	{(and_not_pi129_725745515342319093317411710931737859674906464051430_not_n1397->po105_driver, F0, i)}
100.0	{(and_not_pi129_725745515342319093317411710931737859674906464051430_not_n1397, F0, i)}
100.0	{(not_pi129_725745515342319093317411710931737859674906464051430->and_not_pi129_725745515342319093317411710931737859674906464051430_not_n1397, F0, i)}
100.0	{(not_n1397->and_not_pi129_725745515342319093317411710931737859674906464051430_not_n1397, F0, i)}
100.0	{(not_pi129_725745515342319093317411710931737859674906464051430, F0, i)}
100.0	{(not_n1397, F0, i)}
100.0	{(n1397->not_n1397, F1, i)}
100.0	{(n1397, F1, i)}
100.0	{(and_not_n1395_not_n1396->n1397, F1, i)}
100.0	{(and_not_n1395_not_n1396, F1, i)}
100.0	{(not_n1395, F1, i)}
100.0	{(n1395->not_n1395, F0, i)}
100.0	{(n1395, F0, i)}
100.0	{(and_pi090_not_n1386_1->n1395, F0, i)}
100.0	{(and_pi090_not_n1386_1, F0, i)}
100.0	{(not_n1386_1->and_pi090_not_n1386_1, F0, i)}
100.0	{(not_n1386_1, F0, i)}
100.0	{(n1386->not_n1386_1, F1, i)}
100.0	{(not_n1395->and_not_n1395_not_n1396, F1, i)}
100.0	{(not_n1534, F1, i)}
100.0	{(n1534->not_n1534, F0, i)}
100.0	{(n1534, F0, i)}
100.0	{(and_pi098_pi138->n1534, F0, i)}
100.0	{(and_pi098_pi138, F0, i)}
100.0	{(not_n1534->and_not_n1534_not_n1535, F1, i)}
100.0	{(not_n1537, F1, i)}
100.0	{(n1537->not_n1537, F0, i)}
100.0	{(n1537, F0, i)}
100.0	{(and_pi136_not_n1536->n1537, F0, i)}
100.0	{(and_pi136_not_n1536, F0, i)}
100.0	{(not_n1536->and_pi136_not_n1536, F0, i)}
100.0	{(not_n1536, F0, i)}
100.0	{(n1536->not_n1536, F1, i)}
100.0	{(n1536, F1, i)}
100.0	{(and_not_n1534_not_n1535->n1536, F1, i)}
100.0	{(and_not_n1534_not_n1535, F1, i)}
100.0	{(not_n1537->and_not_n1537_not_n1541, F1, i)}
100.0	{(not_n379_3, F1, i)}
100.0	{(n379->not_n379_3, F0, i)}
100.0	{(not_n379_3->and_not_n379_3_not_n931, F1, i)}
100.0	{(n934->and_n934_n935, F1, i)}
100.0	{(not_pi038_1, F1, i)}
100.0	{(not_pi038_1->and_not_pi038_1_not_n923, F1, i)}
100.0	{(not_n1178, F1, i)}
100.0	{(n1178->not_n1178, F0, i)}
100.0	{(n1178, F0, i)}
100.0	{(and_not_pi085_7_not_n1177->n1178, F0, i)}
100.0	{(and_not_pi085_7_not_n1177, F0, i)}
100.0	{(not_pi085_7->and_not_pi085_7_not_n1177, F0, i)}
100.0	{(not_n1177->and_not_pi085_7_not_n1177, F0, i)}
100.0	{(not_pi085_7, F0, i)}
100.0	{(not_n1177, F0, i)}
100.0	{(n1177->not_n1177, F1, i)}
100.0	{(n1177, F1, i)}
100.0	{(and_not_n1174_not_n1176->n1177, F1, i)}
100.0	{(and_not_n1174_not_n1176, F1, i)}
100.0	{(not_n1178->and_not_n1178_not_n1179, F1, i)}
100.0	{(not_n1164, F1, i)}
100.0	{(n1164->not_n1164, F0, i)}
100.0	{(not_n1164->and_not_n1164_not_n1166, F1, i)}
100.0	{(not_n1168, F1, i)}
100.0	{(n1168->not_n1168, F0, i)}
100.0	{(n1168, F0, i)}
100.0	{(and_pi094_not_n1167->n1168, F0, i)}
100.0	{(and_pi094_not_n1167, F0, i)}
100.0	{(not_n1167->and_pi094_not_n1167, F0, i)}
100.0	{(not_n1167, F0, i)}
100.0	{(n1167->not_n1167, F1, i)}
100.0	{(n1167, F1, i)}
100.0	{(and_not_n1164_not_n1166->n1167, F1, i)}
100.0	{(and_not_n1164_not_n1166, F1, i)}
100.0	{(not_n1168->and_not_n1168_not_n1172, F1, i)}
100.0	{(not_n1174, F1, i)}
100.0	{(n1174->not_n1174, F0, i)}
100.0	{(n1174, F0, i)}
100.0	{(and_not_pi053_6_not_n1173->n1174, F0, i)}
100.0	{(and_not_pi053_6_not_n1173, F0, i)}
100.0	{(not_pi053_6->and_not_pi053_6_not_n1173, F0, i)}
100.0	{(not_n1173->and_not_pi053_6_not_n1173, F0, i)}
100.0	{(not_pi053_6, F0, i)}
100.0	{(not_n1173, F0, i)}
100.0	{(n1173->not_n1173, F1, i)}
100.0	{(n1173, F1, i)}
100.0	{(and_not_n1168_not_n1172->n1173, F1, i)}
100.0	{(and_not_n1168_not_n1172, F1, i)}
100.0	{(not_n1174->and_not_n1174_not_n1176, F1, i)}
100.0	{(n1164, F0, i)}
100.0	{(and_not_pi026_70_pi058->n1164, F0, i)}
100.0	{(and_not_pi026_70_pi058, F0, i)}
100.0	{(not_pi026_70->and_not_pi026_70_pi058, F0, i)}
100.0	{(not_pi026_70, F0, i)}
100.0	{(n749, F1, i)}
100.0	{(and_pi053_not_pi085_2->n749, F1, i)}
100.0	{(and_pi053_not_pi085_2, F1, i)}
100.0	{(not_pi085_2, F1, i)}
100.0	{(not_pi085_2->and_pi053_not_pi085_2, F1, i)}
100.0	{(n749->and_not_pi026_8_n749, F1, i)}
100.0	{(not_pi053_3, F1, i)}
100.0	{(not_pi053_3->and_not_pi053_3_not_n816, F1, i)}
100.0	{(n824, F1, i)}
100.0	{(and_n743_n755->n824, F1, i)}
100.0	{(and_n743_n755, F1, i)}
100.0	{(n824->and_n819_n824, F1, i)}
100.0	{(n820, F1, i)}
100.0	{(and_not_pi026_8_n749->n820, F1, i)}
100.0	{(and_not_pi026_8_n749, F1, i)}
100.0	{(n820->and_n819_n820, F1, i)}
