100.0	{(n980, F1, i)}
100.0	{(and_not_pi129_225393402906922580878632490_not_n979->n980, F1, i)}
100.0	{(and_not_pi129_225393402906922580878632490_not_n979, F1, i)}
100.0	{(n980->and_not_n975_n980, F1, i)}
98.28	{(n981, F1, i)}
98.28	{(and_not_n975_n980->n981, F1, i)}
98.28	{(and_not_n975_n980, F1, i)}
98.28	{(n981->and_not_n969_n981, F1, i)}
100.0	{(not_n744, F1, i)}
100.0	{(n744->not_n744, F0, i)}
100.0	{(n744, F0, i)}
100.0	{(and_not_n742_n743->n744, F0, i)}
100.0	{(and_not_n742_n743, F0, i)}
100.0	{(n743->and_not_n742_n743, F0, i)}
100.0	{(not_n742->and_not_n742_n743, F0, i)}
100.0	{(not_n742, F0, i)}
100.0	{(n742->not_n742, F1, i)}
100.0	{(n742, F1, i)}
100.0	{(and_not_n740_not_n741->n742, F1, i)}
100.0	{(and_not_n740_not_n741, F1, i)}
100.0	{(not_n744->and_not_n735_not_n744, F1, i)}
100.0	{(n743, F0, i)}
100.0	{(and_not_pi026_0_not_pi085_1->n743, F0, i)}
100.0	{(and_not_pi026_0_not_pi085_1, F0, i)}
100.0	{(not_pi026_0->and_not_pi026_0_not_pi085_1, F0, i)}
100.0	{(not_pi085_1->and_not_pi026_0_not_pi085_1, F0, i)}
100.0	{(not_pi026_0, F0, i)}
100.0	{(not_pi085_1, F0, i)}
100.0	{(n790, F1, i)}
100.0	{(and_not_pi026_4_not_n723_0->n790, F1, i)}
100.0	{(and_not_pi026_4_not_n723_0, F1, i)}
100.0	{(not_n1312, F1, i)}
100.0	{(n1312->not_n1312, F0, i)}
100.0	{(n1312, F0, i)}
100.0	{(and_pi075_not_n1271_4->n1312, F0, i)}
100.0	{(and_pi075_not_n1271_4, F0, i)}
100.0	{(not_n1271_4->and_pi075_not_n1271_4, F0, i)}
100.0	{(not_n1271_4, F0, i)}
100.0	{(n1271->not_n1271_4, F1, i)}
100.0	{(not_n1312->and_not_n1312_not_n1313, F1, i)}
100.0	{(not_pi137_3, F1, i)}
100.0	{(not_pi137_3->and_pi082_not_pi137_3, F1, i)}
100.0	{(n1411, F1, i)}
100.0	{(and_pi082_not_pi137_3->n1411, F1, i)}
100.0	{(and_pi082_not_pi137_3, F1, i)}
100.0	{(n1411->and_not_pi136_3_n1411, F1, i)}
