100.0	{(not_n1102, F1, i)}
100.0	{(n1102->not_n1102, F0, i)}
100.0	{(n1102, F0, i)}
100.0	{(and_pi082_not_n1101->n1102, F0, i)}
100.0	{(and_pi082_not_n1101, F0, i)}
100.0	{(not_n1101->and_pi082_not_n1101, F0, i)}
100.0	{(not_n1101, F0, i)}
100.0	{(n1101->not_n1101, F1, i)}
100.0	{(n1101, F1, i)}
100.0	{(and_n705_n1100->n1101, F1, i)}
100.0	{(and_n705_n1100, F1, i)}
100.0	{(not_n1102->and_not_n379_3430_not_n1102, F1, i)}
100.0	{(n401->and_n398_n401, F1, i)}
66.67	{(n1087->and_n1087_n1120, F1, i)}
50.0	{(not_n1122, F1, i)}
50.0	{(n1122->not_n1122, F0, i)}
50.0	{(n1122, F0, i)}
50.0	{(and_pi082_not_n1121->n1122, F0, i)}
50.0	{(and_pi082_not_n1121, F0, i)}
50.0	{(not_n1121->and_pi082_not_n1121, F0, i)}
50.0	{(not_n1121, F0, i)}
50.0	{(n1121->not_n1121, F1, i)}
50.0	{(n1121, F1, i)}
50.0	{(and_n1087_n1120->n1121, F1, i)}
50.0	{(and_n1087_n1120, F1, i)}
50.0	{(not_n1122->and_n379_not_n1122, F1, i)}
50.0	{(n1087, F1, i)}
50.0	{(and_n398_n401->n1087, F1, i)}
50.0	{(and_n398_n401, F1, i)}
100.0	{(not_n795, F1, i)}
100.0	{(n795->not_n795, F0, i)}
100.0	{(not_n795->and_not_n794_not_n795, F1, i)}
100.0	{(n796, F1, i)}
100.0	{(and_not_n794_not_n795->n796, F1, i)}
100.0	{(and_not_n794_not_n795, F1, i)}
100.0	{(n795, F0, i)}
100.0	{(and_not_pi026_5_pi027->n795, F0, i)}
100.0	{(and_not_pi026_5_pi027, F0, i)}
100.0	{(not_pi026_5->and_not_pi026_5_pi027, F0, i)}
100.0	{(not_pi026_5, F0, i)}
