100.0	{(not_n1516, F1, i)}
100.0	{(n1516->not_n1516, F0, i)}
100.0	{(n1516, F0, i)}
100.0	{(and_not_pi075_not_pi138_490->n1516, F0, i)}
100.0	{(and_not_pi075_not_pi138_490, F0, i)}
100.0	{(not_pi075->and_not_pi075_not_pi138_490, F0, i)}
100.0	{(not_pi138_490->and_not_pi075_not_pi138_490, F0, i)}
100.0	{(not_pi075, F0, i)}
100.0	{(not_pi138_490, F0, i)}
100.0	{(not_n1516->and_not_n1515_not_n1516, F1, i)}
100.0	{(not_n1518, F1, i)}
100.0	{(n1518->not_n1518, F0, i)}
100.0	{(n1518, F0, i)}
100.0	{(and_not_pi136_490_not_n1517->n1518, F0, i)}
100.0	{(and_not_pi136_490_not_n1517, F0, i)}
100.0	{(not_pi136_490->and_not_pi136_490_not_n1517, F0, i)}
100.0	{(not_n1517->and_not_pi136_490_not_n1517, F0, i)}
100.0	{(not_pi136_490, F0, i)}
100.0	{(not_n1517, F0, i)}
100.0	{(n1517->not_n1517, F1, i)}
100.0	{(n1517, F1, i)}
100.0	{(and_not_n1515_not_n1516->n1517, F1, i)}
100.0	{(and_not_n1515_not_n1516, F1, i)}
100.0	{(not_n1518->and_not_n1514_not_n1518, F1, i)}
96.59	{(n1520, F0, i)}
96.59	{(and_not_pi137_8_not_n1519->n1520, F0, i)}
96.59	{(and_not_pi137_8_not_n1519, F0, i)}
96.59	{(not_pi137_8->and_not_pi137_8_not_n1519, F0, i)}
96.59	{(not_n1519->and_not_pi137_8_not_n1519, F0, i)}
96.59	{(not_pi137_8, F0, i)}
96.59	{(not_n1519, F0, i)}
96.59	{(n1519->not_n1519, F1, i)}
96.59	{(n1519, F1, i)}
96.59	{(and_not_n1514_not_n1518->n1519, F1, i)}
96.59	{(and_not_n1514_not_n1518, F1, i)}
96.59	{(n1520->or_n1520_n1527, F0, i)}
95.97	{(po120_driver->po120, F0, i)}
95.97	{(po120_driver, F0, i)}
95.97	{(or_n1520_n1527->po120_driver, F0, i)}
95.97	{(or_n1520_n1527, F0, i)}
100.0	{(not_n1194, F1, i)}
100.0	{(n1194->not_n1194, F0, i)}
100.0	{(n1194, F0, i)}
100.0	{(and_not_n1191_not_n1193->n1194, F0, i)}
100.0	{(and_not_n1191_not_n1193, F0, i)}
100.0	{(not_n1191->and_not_n1191_not_n1193, F0, i)}
100.0	{(not_n1193->and_not_n1191_not_n1193, F0, i)}
100.0	{(not_n1191, F0, i)}
100.0	{(n1191->not_n1191, F1, i)}
100.0	{(not_n1193, F0, i)}
100.0	{(n1193->not_n1193, F1, i)}
100.0	{(n1191, F1, i)}
100.0	{(and_not_pi058_8_not_n1190->n1191, F1, i)}
100.0	{(n1193, F1, i)}
100.0	{(and_not_pi116_9_n1192->n1193, F1, i)}
100.0	{(and_not_pi058_8_not_n1190, F1, i)}
100.0	{(and_not_pi116_9_n1192, F1, i)}
100.0	{(not_n1194->and_pi057_not_n1194, F1, i)}
100.0	{(n459, F1, i)}
100.0	{(and_not_pi005_3_not_pi007_5->n459, F1, i)}
100.0	{(and_not_pi005_3_not_pi007_5, F1, i)}
100.0	{(n608, F1, i)}
100.0	{(and_n605_n607->n608, F1, i)}
100.0	{(and_n605_n607, F1, i)}
100.0	{(n608->and_n445_n608, F1, i)}
100.0	{(n1251->and_n1251_n1261, F1, i)}
