100.0	{(not_pi054_7, F1, i)}
100.0	{(not_pi054_7->and_pi012_not_pi054_7, F1, i)}
100.0	{(not_n357, F1, i)}
100.0	{(n357->not_n357, F0, i)}
100.0	{(not_n357->and_not_n357_not_n358, F1, i)}
100.0	{(not_pi001, F1, i)}
100.0	{(not_pi001->and_not_pi001_not_n352, F1, i)}
100.0	{(n312->and_n312_n357, F1, i)}
100.0	{(n312, F1, i)}
100.0	{(and_not_pi007_0_pi013->n312, F1, i)}
100.0	{(and_not_pi007_0_pi013, F1, i)}
100.0	{(n388, F1, i)}
100.0	{(and_not_pi038_not_pi050->n388, F1, i)}
100.0	{(and_not_pi038_not_pi050, F1, i)}
100.0	{(n380->and_n380_n1111, F1, i)}
100.0	{(n584, F0, i)}
100.0	{(and_not_pi002_0_not_pi020_0->n584, F0, i)}
100.0	{(and_not_pi002_0_not_pi020_0, F0, i)}
100.0	{(not_pi002_0->and_not_pi002_0_not_pi020_0, F0, i)}
100.0	{(not_pi020_0->and_not_pi002_0_not_pi020_0, F0, i)}
100.0	{(not_pi002_0, F0, i)}
100.0	{(not_pi020_0, F0, i)}
