100.0	{(not_n1255, F1, i)}
100.0	{(n1255->not_n1255, F0, i)}
100.0	{(n1255, F0, i)}
100.0	{(and_pi063_not_n1247_0->n1255, F0, i)}
100.0	{(and_pi063_not_n1247_0, F0, i)}
100.0	{(not_n1247_0->and_pi063_not_n1247_0, F0, i)}
100.0	{(not_n1247_0, F0, i)}
100.0	{(n1247->not_n1247_0, F1, i)}
100.0	{(not_n1255->and_not_n1255_not_n1257, F1, i)}
100.0	{(po078_driver->po078, F1, i)}
100.0	{(po078_driver, F1, i)}
100.0	{(or_pi129_n1258->po078_driver, F1, i)}
100.0	{(or_pi129_n1258, F1, i)}
100.0	{(n1258->or_pi129_n1258, F1, i)}
100.0	{(n1258, F1, i)}
100.0	{(and_not_n1255_not_n1257->n1258, F1, i)}
100.0	{(and_not_n1255_not_n1257, F1, i)}
100.0	{(n369->and_pi009_n369, F1, i)}
100.0	{(not_pi009_0, F1, i)}
100.0	{(not_pi009_0->and_not_pi009_0_not_n367, F1, i)}
100.0	{(n380, F1, i)}
100.0	{(and_not_pi045_not_pi048->n380, F1, i)}
100.0	{(and_not_pi045_not_pi048, F1, i)}
