100.0	{(n1324->and_n1251_n1324, F1, i)}
100.0	{(n570->and_n569_n570, F1, i)}
100.0	{(n570, F1, i)}
100.0	{(and_not_pi045_1_n384->n570, F1, i)}
100.0	{(and_not_pi045_1_n384, F1, i)}
100.0	{(not_n792, F1, i)}
100.0	{(n792->not_n792, F0, i)}
100.0	{(n792, F0, i)}
100.0	{(and_not_n790_not_n791->n792, F0, i)}
100.0	{(and_not_n790_not_n791, F0, i)}
100.0	{(not_n790->and_not_n790_not_n791, F0, i)}
100.0	{(not_n791->and_not_n790_not_n791, F0, i)}
100.0	{(not_n790, F0, i)}
100.0	{(n790->not_n790, F1, i)}
100.0	{(not_n791, F0, i)}
100.0	{(n791->not_n791, F1, i)}
100.0	{(n791, F1, i)}
100.0	{(and_not_pi027_4_n737->n791, F1, i)}
100.0	{(and_not_pi027_4_n737, F1, i)}
100.0	{(not_n792->and_not_n726_0_not_n792, F1, i)}
100.0	{(not_n798, F1, i)}
100.0	{(n798->not_n798, F0, i)}
100.0	{(n798, F0, i)}
100.0	{(and_not_n793_not_n797->n798, F0, i)}
100.0	{(and_not_n793_not_n797, F0, i)}
100.0	{(not_n797->and_not_n793_not_n797, F0, i)}
100.0	{(not_n793->and_not_n793_not_n797, F0, i)}
100.0	{(not_n797, F0, i)}
100.0	{(n797->not_n797, F1, i)}
100.0	{(not_n793, F0, i)}
100.0	{(n793->not_n793, F1, i)}
100.0	{(n797, F1, i)}
100.0	{(and_not_pi116_2_not_n796->n797, F1, i)}
100.0	{(n793, F1, i)}
100.0	{(and_not_n726_0_not_n792->n793, F1, i)}
100.0	{(and_not_pi116_2_not_n796, F1, i)}
100.0	{(and_not_n726_0_not_n792, F1, i)}
100.0	{(not_n798->and_pi028_not_n798, F1, i)}
100.0	{(n790, F1, i)}
100.0	{(and_not_pi026_4_not_n723_0->n790, F1, i)}
100.0	{(and_not_pi026_4_not_n723_0, F1, i)}
100.0	{(not_n843_0, F1, i)}
100.0	{(n843->not_n843_0, F0, i)}
100.0	{(not_n843_0->and_not_n843_0_not_n1575, F1, i)}
100.0	{(n1249->and_not_pi144_n1249, F1, i)}
93.62	{(n1291, F1, i)}
93.62	{(and_not_pi144_n1249->n1291, F1, i)}
93.62	{(and_not_pi144_n1249, F1, i)}
93.62	{(n1291->and_n1251_n1291, F1, i)}
