100.0	{(n355, F0, i)}
100.0	{(and_not_pi008_1_not_pi011_1->n355, F0, i)}
100.0	{(and_not_pi008_1_not_pi011_1, F0, i)}
100.0	{(not_pi011_1->and_not_pi008_1_not_pi011_1, F0, i)}
100.0	{(not_pi008_1->and_not_pi008_1_not_pi011_1, F0, i)}
100.0	{(not_pi011_1, F0, i)}
100.0	{(not_pi008_1, F0, i)}
100.0	{(not_pi017_0, F1, i)}
100.0	{(not_pi017_0->and_not_pi017_0_n330, F1, i)}
100.0	{(n295->and_not_pi012_n295, F1, i)}
100.0	{(n295, F1, i)}
100.0	{(and_not_pi008_n294->n295, F1, i)}
100.0	{(and_not_pi008_n294, F1, i)}
100.0	{(po072_driver->po072, F0, i)}
100.0	{(po072_driver, F0, i)}
100.0	{(and_not_pi003_968890104070_n1203->po072_driver, F0, i)}
100.0	{(and_not_pi003_968890104070_n1203, F0, i)}
100.0	{(not_pi003_968890104070->and_not_pi003_968890104070_n1203, F0, i)}
100.0	{(n1203->and_not_pi003_968890104070_n1203, F0, i)}
100.0	{(not_pi003_968890104070, F0, i)}
100.0	{(n1203, F0, i)}
100.0	{(and_not_pi129_152867006319425761937651857692768264010_not_n1202->n1203, F0, i)}
100.0	{(and_not_pi129_152867006319425761937651857692768264010_not_n1202, F0, i)}
100.0	{(not_pi129_152867006319425761937651857692768264010->and_not_pi129_152867006319425761937651857692768264010_not_n1202, F0, i)}
100.0	{(not_n1202->and_not_pi129_152867006319425761937651857692768264010_not_n1202, F0, i)}
100.0	{(not_pi129_152867006319425761937651857692768264010, F0, i)}
100.0	{(not_n1202, F0, i)}
100.0	{(n1202->not_n1202, F1, i)}
100.0	{(n1202, F1, i)}
100.0	{(and_not_n1199_not_n1201->n1202, F1, i)}
100.0	{(and_not_n1199_not_n1201, F1, i)}
100.0	{(n390->and_n390_n403, F1, i)}
100.0	{(not_n951, F1, i)}
100.0	{(n951->not_n951, F0, i)}
100.0	{(n951, F0, i)}
100.0	{(and_n379_not_n950->n951, F0, i)}
100.0	{(and_n379_not_n950, F0, i)}
100.0	{(n379->and_n379_not_n950, F0, i)}
100.0	{(not_n950->and_n379_not_n950, F0, i)}
100.0	{(not_n950, F0, i)}
100.0	{(n950->not_n950, F1, i)}
100.0	{(n950, F1, i)}
100.0	{(and_pi082_not_n949->n950, F1, i)}
100.0	{(and_pi082_not_n949, F1, i)}
100.0	{(not_n951->and_not_n947_not_n951, F1, i)}
66.67	{(not_n953, F1, i)}
66.67	{(n953->not_n953, F0, i)}
66.67	{(n953, F0, i)}
66.67	{(and_not_pi040_2_not_n952->n953, F0, i)}
66.67	{(and_not_pi040_2_not_n952, F0, i)}
66.67	{(not_pi040_2->and_not_pi040_2_not_n952, F0, i)}
66.67	{(not_n952->and_not_pi040_2_not_n952, F0, i)}
66.67	{(not_pi040_2, F0, i)}
66.67	{(not_n952, F0, i)}
66.67	{(n952->not_n952, F1, i)}
66.67	{(n952, F1, i)}
66.67	{(and_not_n947_not_n951->n952, F1, i)}
66.67	{(and_not_n947_not_n951, F1, i)}
66.67	{(not_n953->and_not_n953_n963, F1, i)}
