100.0	{(n928, F1, i)}
100.0	{(and_not_pi050_2_n391->n928, F1, i)}
100.0	{(and_not_pi050_2_n391, F1, i)}
100.0	{(n928->and_n638_n928, F1, i)}
100.0	{(n932, F1, i)}
100.0	{(and_not_n379_3_not_n931->n932, F1, i)}
100.0	{(and_not_n379_3_not_n931, F1, i)}
100.0	{(n932->and_pi074_n932, F1, i)}
100.0	{(not_n931, F1, i)}
100.0	{(n931->not_n931, F0, i)}
100.0	{(n931, F0, i)}
100.0	{(and_pi082_not_n930->n931, F0, i)}
100.0	{(and_pi082_not_n930, F0, i)}
100.0	{(not_n930->and_pi082_not_n930, F0, i)}
100.0	{(not_n930, F0, i)}
100.0	{(n930->not_n930, F1, i)}
100.0	{(n930, F1, i)}
100.0	{(and_n927_n929->n930, F1, i)}
100.0	{(and_n927_n929, F1, i)}
100.0	{(not_n931->and_not_n379_3_not_n931, F1, i)}
100.0	{(n929, F1, i)}
100.0	{(and_n638_n928->n929, F1, i)}
100.0	{(and_n638_n928, F1, i)}
100.0	{(n929->and_n927_n929, F1, i)}
93.02	{(n373, F1, i)}
93.02	{(and_n356_n372->n373, F1, i)}
93.02	{(and_n356_n372, F1, i)}
93.02	{(n373->and_n354_n373, F1, i)}
90.91	{(n374, F1, i)}
90.91	{(and_n354_n373->n374, F1, i)}
90.91	{(and_n354_n373, F1, i)}
90.91	{(n374->and_n344_n374, F1, i)}
80.0	{(not_n376, F1, i)}
80.0	{(n376->not_n376, F0, i)}
80.0	{(n376, F0, i)}
80.0	{(and_not_n353_not_n375->n376, F0, i)}
80.0	{(and_not_n353_not_n375, F0, i)}
80.0	{(not_n353->and_not_n353_not_n375, F0, i)}
80.0	{(not_n375->and_not_n353_not_n375, F0, i)}
80.0	{(not_n353, F0, i)}
80.0	{(n353->not_n353, F1, i)}
80.0	{(not_n375, F0, i)}
80.0	{(n375->not_n375, F1, i)}
80.0	{(n353, F1, i)}
80.0	{(and_not_pi001_not_n352->n353, F1, i)}
80.0	{(n375, F1, i)}
80.0	{(and_n344_n374->n375, F1, i)}
80.0	{(and_not_pi001_not_n352, F1, i)}
80.0	{(and_n344_n374, F1, i)}
80.0	{(not_n376->and_not_pi129_0_not_n376, F1, i)}
78.0	{(not_n352, F1, i)}
78.0	{(n352->not_n352, F0, i)}
78.0	{(n352, F0, i)}
78.0	{(and_not_n350_n351->n352, F0, i)}
78.0	{(and_not_n350_n351, F0, i)}
78.0	{(n351->and_not_n350_n351, F0, i)}
78.0	{(not_n350->and_not_n350_n351, F0, i)}
78.0	{(not_n350, F0, i)}
78.0	{(n350->not_n350, F1, i)}
78.0	{(n350, F1, i)}
78.0	{(and_n343_n349->n350, F1, i)}
78.0	{(and_n343_n349, F1, i)}
78.0	{(not_n352->and_not_pi001_not_n352, F1, i)}
76.47	{(n351, F0, i)}
76.47	{(and_not_pi017_1_pi054->n351, F0, i)}
76.47	{(and_not_pi017_1_pi054, F0, i)}
76.47	{(not_pi017_1->and_not_pi017_1_pi054, F0, i)}
76.47	{(not_pi017_1, F0, i)}
67.8	{(not_n377, F0, i)}
67.8	{(n377->not_n377, F1, i)}
67.8	{(n377, F1, i)}
67.8	{(and_not_pi129_0_not_n376->n377, F1, i)}
67.8	{(and_not_pi129_0_not_n376, F1, i)}
67.8	{(not_n377->or_pi003_not_n377, F0, i)}
63.49	{(po016_driver->po016, F0, i)}
63.49	{(po016_driver, F0, i)}
63.49	{(or_pi003_not_n377->po016_driver, F0, i)}
63.49	{(or_pi003_not_n377, F0, i)}
100.0	{(n762, F0, i)}
100.0	{(and_not_pi110_1_not_n761->n762, F0, i)}
100.0	{(and_not_pi110_1_not_n761, F0, i)}
100.0	{(not_pi110_1->and_not_pi110_1_not_n761, F0, i)}
100.0	{(not_n761->and_not_pi110_1_not_n761, F0, i)}
100.0	{(not_pi110_1, F0, i)}
100.0	{(not_n761, F0, i)}
100.0	{(n761->not_n761, F1, i)}
