100.0	{(not_n334, F1, i)}
100.0	{(n334->not_n334, F0, i)}
100.0	{(n334, F0, i)}
100.0	{(and_not_n310_not_n333->n334, F0, i)}
100.0	{(and_not_n310_not_n333, F0, i)}
100.0	{(not_n310->and_not_n310_not_n333, F0, i)}
100.0	{(not_n333->and_not_n310_not_n333, F0, i)}
100.0	{(not_n310, F0, i)}
100.0	{(n310->not_n310, F1, i)}
100.0	{(not_n333, F0, i)}
100.0	{(n333->not_n333, F1, i)}
100.0	{(n310, F1, i)}
100.0	{(and_not_pi056_0_not_n301->n310, F1, i)}
100.0	{(n333, F1, i)}
100.0	{(and_n331_n332->n333, F1, i)}
100.0	{(and_not_pi056_0_not_n301, F1, i)}
100.0	{(and_n331_n332, F1, i)}
100.0	{(not_n334->and_n302_not_n334, F1, i)}
97.83	{(not_n336, F1, i)}
97.83	{(n336->not_n336, F0, i)}
97.83	{(n336, F0, i)}
97.83	{(and_not_n309_not_n335->n336, F0, i)}
97.83	{(and_not_n309_not_n335, F0, i)}
97.83	{(not_n309->and_not_n309_not_n335, F0, i)}
97.83	{(not_n335->and_not_n309_not_n335, F0, i)}
97.83	{(not_n309, F0, i)}
97.83	{(n309->not_n309, F1, i)}
97.83	{(not_n335, F0, i)}
97.83	{(n335->not_n335, F1, i)}
97.83	{(n309, F1, i)}
97.83	{(and_not_pi056_n308->n309, F1, i)}
97.83	{(n335, F1, i)}
97.83	{(and_n302_not_n334->n335, F1, i)}
97.83	{(and_not_pi056_n308, F1, i)}
97.83	{(and_n302_not_n334, F1, i)}
97.83	{(not_n336->and_pi054_not_n336, F1, i)}
97.83	{(not_n338, F1, i)}
97.83	{(n338->not_n338, F0, i)}
97.83	{(n338, F0, i)}
97.83	{(and_not_n307_not_n337->n338, F0, i)}
97.83	{(and_not_n307_not_n337, F0, i)}
97.83	{(not_n307->and_not_n307_not_n337, F0, i)}
97.83	{(not_n337->and_not_n307_not_n337, F0, i)}
97.83	{(not_n307, F0, i)}
97.83	{(n307->not_n307, F1, i)}
97.83	{(not_n337, F0, i)}
97.83	{(n337->not_n337, F1, i)}
97.83	{(n307, F1, i)}
97.83	{(and_not_pi000_not_n306->n307, F1, i)}
97.83	{(n337, F1, i)}
97.83	{(and_pi054_not_n336->n337, F1, i)}
97.83	{(and_not_pi000_not_n306, F1, i)}
97.83	{(and_pi054_not_n336, F1, i)}
97.83	{(not_n338->and_not_pi129_not_n338, F1, i)}
100.0	{(not_n1194, F1, i)}
100.0	{(n1194->not_n1194, F0, i)}
100.0	{(n1194, F0, i)}
100.0	{(and_not_n1191_not_n1193->n1194, F0, i)}
100.0	{(and_not_n1191_not_n1193, F0, i)}
100.0	{(not_n1191->and_not_n1191_not_n1193, F0, i)}
100.0	{(not_n1193->and_not_n1191_not_n1193, F0, i)}
100.0	{(not_n1191, F0, i)}
100.0	{(n1191->not_n1191, F1, i)}
100.0	{(not_n1193, F0, i)}
100.0	{(n1193->not_n1193, F1, i)}
100.0	{(n1191, F1, i)}
100.0	{(and_not_pi058_8_not_n1190->n1191, F1, i)}
100.0	{(n1193, F1, i)}
100.0	{(and_not_pi116_9_n1192->n1193, F1, i)}
100.0	{(and_not_pi058_8_not_n1190, F1, i)}
100.0	{(and_not_pi116_9_n1192, F1, i)}
100.0	{(not_n1194->and_pi057_not_n1194, F1, i)}
100.0	{(not_pi058_9, F1, i)}
100.0	{(not_pi058_9->and_pi057_not_pi058_9, F1, i)}
100.0	{(not_pi116_9, F1, i)}
100.0	{(not_pi116_9->and_not_pi116_9_n1192, F1, i)}
100.0	{(not_pi058_8, F1, i)}
100.0	{(not_pi058_8->and_not_pi058_8_not_n1190, F1, i)}
100.0	{(not_pi136_4, F1, i)}
100.0	{(not_pi136_4->and_not_pi136_4_not_n1450, F1, i)}
100.0	{(not_pi065_0, F1, i)}
100.0	{(not_pi065_0->and_not_pi065_0_not_pi138_6, F1, i)}
100.0	{(po116_driver->po116, F1, i)}
100.0	{(po116_driver, F1, i)}
100.0	{(or_n1457_n1464->po116_driver, F1, i)}
100.0	{(or_n1457_n1464, F1, i)}
