100.0	{(n1207, F1, i)}
100.0	{(and_not_pi058_10_n1206->n1207, F1, i)}
100.0	{(and_not_pi058_10_n1206, F1, i)}
100.0	{(n1207->and_n737_n1207, F1, i)}
98.1	{(not_n1209, F1, i)}
98.1	{(n1209->not_n1209, F0, i)}
98.1	{(n1209, F0, i)}
98.1	{(and_not_n1205_not_n1208->n1209, F0, i)}
98.1	{(and_not_n1205_not_n1208, F0, i)}
98.1	{(not_n1205->and_not_n1205_not_n1208, F0, i)}
98.1	{(not_n1208->and_not_n1205_not_n1208, F0, i)}
98.1	{(not_n1205, F0, i)}
98.1	{(n1205->not_n1205, F1, i)}
98.1	{(not_n1208, F0, i)}
98.1	{(n1208->not_n1208, F1, i)}
98.1	{(n1205, F1, i)}
98.1	{(and_n814_n1169->n1205, F1, i)}
98.1	{(n1208, F1, i)}
98.1	{(and_n737_n1207->n1208, F1, i)}
98.1	{(and_n814_n1169, F1, i)}
98.1	{(and_n737_n1207, F1, i)}
98.1	{(not_n1209->and_not_pi129_1070069044235980333563563003849377848070_not_n1209, F1, i)}
100.0	{(n563, F1, i)}
100.0	{(and_n515_n562->n563, F1, i)}
100.0	{(and_n515_n562, F1, i)}
100.0	{(n563->and_n560_n563, F1, i)}
