100.0	{(not_n1541, F1, i)}
100.0	{(n1541->not_n1541, F0, i)}
100.0	{(n1541, F0, i)}
100.0	{(and_not_pi136_24010_not_n1540->n1541, F0, i)}
100.0	{(and_not_pi136_24010_not_n1540, F0, i)}
100.0	{(not_pi136_24010->and_not_pi136_24010_not_n1540, F0, i)}
100.0	{(not_n1540->and_not_pi136_24010_not_n1540, F0, i)}
100.0	{(not_pi136_24010, F0, i)}
100.0	{(not_n1540, F0, i)}
100.0	{(n1540->not_n1540, F1, i)}
100.0	{(n1540, F1, i)}
100.0	{(and_not_n1538_not_n1539->n1540, F1, i)}
100.0	{(and_not_n1538_not_n1539, F1, i)}
100.0	{(not_n1541->and_not_n1537_not_n1541, F1, i)}
97.41	{(n1543, F0, i)}
97.41	{(and_not_pi137_9_not_n1542->n1543, F0, i)}
97.41	{(and_not_pi137_9_not_n1542, F0, i)}
97.41	{(not_pi137_9->and_not_pi137_9_not_n1542, F0, i)}
97.41	{(not_n1542->and_not_pi137_9_not_n1542, F0, i)}
97.41	{(not_pi137_9, F0, i)}
97.41	{(not_n1542, F0, i)}
97.41	{(n1542->not_n1542, F1, i)}
97.41	{(n1542, F1, i)}
97.41	{(and_not_n1537_not_n1541->n1542, F1, i)}
97.41	{(and_not_n1537_not_n1541, F1, i)}
97.41	{(n1543->or_n1543_n1550, F0, i)}
97.0	{(po122_driver->po122, F0, i)}
97.0	{(po122_driver, F0, i)}
97.0	{(or_n1543_n1550->po122_driver, F0, i)}
97.0	{(or_n1543_n1550, F0, i)}
100.0	{(n1370, F0, i)}
100.0	{(and_not_pi110_5_n1369->n1370, F0, i)}
100.0	{(and_not_pi110_5_n1369, F0, i)}
100.0	{(n1369->and_not_pi110_5_n1369, F0, i)}
100.0	{(not_pi110_5->and_not_pi110_5_n1369, F0, i)}
100.0	{(n1369, F0, i)}
100.0	{(and_not_pi085_3430_not_n725_0->n1369, F0, i)}
100.0	{(not_pi110_5, F0, i)}
100.0	{(and_not_pi085_3430_not_n725_0, F0, i)}
100.0	{(not_pi085_3430->and_not_pi085_3430_not_n725_0, F0, i)}
100.0	{(not_n725_0->and_not_pi085_3430_not_n725_0, F0, i)}
100.0	{(not_pi085_3430, F0, i)}
100.0	{(not_n725_0, F0, i)}
100.0	{(n725->not_n725_0, F1, i)}
78.57	{(n725, F1, i)}
78.57	{(and_not_pi097_n724->n725, F1, i)}
78.57	{(and_not_pi097_n724, F1, i)}
100.0	{(n697->and_n399_n697, F1, i)}
100.0	{(n650, F0, i)}
100.0	{(and_not_pi015_2_not_pi049_1->n650, F0, i)}
100.0	{(and_not_pi015_2_not_pi049_1, F0, i)}
100.0	{(not_pi049_1->and_not_pi015_2_not_pi049_1, F0, i)}
100.0	{(not_pi015_2->and_not_pi015_2_not_pi049_1, F0, i)}
100.0	{(not_pi049_1, F0, i)}
100.0	{(not_pi015_2, F0, i)}
100.0	{(n432, F1, i)}
100.0	{(and_n369_n431->n432, F1, i)}
100.0	{(and_n369_n431, F1, i)}
100.0	{(n432->and_n432_n434, F1, i)}
