100.0	{(not_n1490, F1, i)}
100.0	{(n1490->not_n1490, F0, i)}
100.0	{(n1490, F0, i)}
100.0	{(and_not_pi074_not_pi136_9->n1490, F0, i)}
100.0	{(and_not_pi074_not_pi136_9, F0, i)}
100.0	{(not_pi074->and_not_pi074_not_pi136_9, F0, i)}
100.0	{(not_pi136_9->and_not_pi074_not_pi136_9, F0, i)}
100.0	{(not_pi074, F0, i)}
100.0	{(not_pi136_9, F0, i)}
100.0	{(not_n1490->and_not_n1489_not_n1490, F1, i)}
97.62	{(not_n1492, F1, i)}
97.62	{(n1492->not_n1492, F0, i)}
97.62	{(n1492, F0, i)}
97.62	{(and_not_pi137_6_not_n1491->n1492, F0, i)}
97.62	{(and_not_pi137_6_not_n1491, F0, i)}
97.62	{(not_pi137_6->and_not_pi137_6_not_n1491, F0, i)}
97.62	{(not_n1491->and_not_pi137_6_not_n1491, F0, i)}
97.62	{(not_pi137_6, F0, i)}
97.62	{(not_n1491, F0, i)}
97.62	{(n1491->not_n1491, F1, i)}
97.62	{(n1491, F1, i)}
97.62	{(and_not_n1489_not_n1490->n1491, F1, i)}
97.62	{(and_not_n1489_not_n1490, F1, i)}
97.62	{(not_n1492->and_not_n1488_not_n1492, F1, i)}
97.41	{(n1494, F0, i)}
97.41	{(and_not_pi138_9_not_n1493->n1494, F0, i)}
97.41	{(and_not_pi138_9_not_n1493, F0, i)}
97.41	{(not_pi138_9->and_not_pi138_9_not_n1493, F0, i)}
97.41	{(not_n1493->and_not_pi138_9_not_n1493, F0, i)}
97.41	{(not_pi138_9, F0, i)}
97.41	{(not_n1493, F0, i)}
97.41	{(n1493->not_n1493, F1, i)}
97.41	{(n1493, F1, i)}
97.41	{(and_not_n1488_not_n1492->n1493, F1, i)}
97.41	{(and_not_n1488_not_n1492, F1, i)}
97.41	{(n1494->or_n1484_n1494, F0, i)}
97.0	{(po118_driver->po118, F0, i)}
97.0	{(po118_driver, F0, i)}
97.0	{(or_n1484_n1494->po118_driver, F0, i)}
97.0	{(or_n1484_n1494, F0, i)}
100.0	{(not_pi085_0, F1, i)}
100.0	{(not_pi085_0->and_not_pi085_0_not_n732, F1, i)}
100.0	{(n843->and_n838_n843, F1, i)}
100.0	{(not_pi097_0, F1, i)}
100.0	{(not_pi097_0->and_pi029_not_pi097_0, F1, i)}
100.0	{(not_pi096_2, F1, i)}
100.0	{(not_pi096_2->and_not_pi096_2_n830, F1, i)}
100.0	{(n515, F0, i)}
100.0	{(and_n459_n479->n515, F0, i)}
100.0	{(and_n459_n479, F0, i)}
100.0	{(n459->and_n459_n479, F0, i)}
100.0	{(n479->and_n459_n479, F0, i)}
100.0	{(n292, F1, i)}
100.0	{(and_not_pi006_not_pi007->n292, F1, i)}
100.0	{(and_not_pi006_not_pi007, F1, i)}
100.0	{(n292->and_n291_n292, F1, i)}
