100.0	{(not_n379_3430, F1, i)}
100.0	{(n379->not_n379_3430, F0, i)}
100.0	{(not_n379_3430->and_not_n379_3430_not_n1102, F1, i)}
100.0	{(n723, F0, i)}
100.0	{(and_not_pi039_n722->n723, F0, i)}
100.0	{(and_not_pi039_n722, F0, i)}
100.0	{(n722->and_not_pi039_n722, F0, i)}
100.0	{(not_pi039->and_not_pi039_n722, F0, i)}
100.0	{(not_pi039, F0, i)}
100.0	{(not_n723_0, F1, i)}
100.0	{(n723->not_n723_0, F0, i)}
100.0	{(not_n723_0->and_not_pi026_4_not_n723_0, F1, i)}
100.0	{(n790->and_n777_n790, F1, i)}
100.0	{(not_pi116_2, F1, i)}
100.0	{(not_pi116_2->and_not_pi116_2_not_n796, F1, i)}
100.0	{(n1412, F0, i)}
100.0	{(and_not_pi136_3_n1411->n1412, F0, i)}
100.0	{(and_not_pi136_3_n1411, F0, i)}
100.0	{(not_pi136_3->and_not_pi136_3_n1411, F0, i)}
100.0	{(n1411->and_not_pi136_3_n1411, F0, i)}
100.0	{(not_pi136_3, F0, i)}
100.0	{(n1411, F0, i)}
100.0	{(and_pi082_not_pi137_3->n1411, F0, i)}
100.0	{(and_pi082_not_pi137_3, F0, i)}
100.0	{(not_pi137_3->and_pi082_not_pi137_3, F0, i)}
100.0	{(not_pi137_3, F0, i)}
