100.0	{(n532, F1, i)}
100.0	{(and_not_pi129_10_not_n531->n532, F1, i)}
100.0	{(and_not_pi129_10_not_n531, F1, i)}
100.0	{(n532->and_not_pi003_6_n532, F1, i)}
95.17	{(po026_driver->po026, F1, i)}
95.17	{(po026_driver, F1, i)}
95.17	{(and_not_pi003_6_n532->po026_driver, F1, i)}
95.17	{(and_not_pi003_6_n532, F1, i)}
100.0	{(n1249->and_pi099_n1249, F1, i)}
100.0	{(n697, F1, i)}
100.0	{(and_not_pi002_1_not_pi045_3->n697, F1, i)}
100.0	{(and_not_pi002_1_not_pi045_3, F1, i)}
100.0	{(not_n915, F1, i)}
100.0	{(n915->not_n915, F0, i)}
100.0	{(n915, F0, i)}
100.0	{(and_not_n910_not_n914->n915, F0, i)}
100.0	{(and_not_n910_not_n914, F0, i)}
100.0	{(not_n910->and_not_n910_not_n914, F0, i)}
100.0	{(not_n914->and_not_n910_not_n914, F0, i)}
100.0	{(not_n910, F0, i)}
100.0	{(n910->not_n910, F1, i)}
100.0	{(not_n914, F0, i)}
100.0	{(n914->not_n914, F1, i)}
100.0	{(n910, F1, i)}
100.0	{(and_pi093_pi106->n910, F1, i)}
100.0	{(n914, F1, i)}
100.0	{(and_not_pi106_6_not_n913->n914, F1, i)}
100.0	{(and_pi093_pi106, F1, i)}
100.0	{(and_not_pi106_6_not_n913, F1, i)}
100.0	{(not_n915->and_not_pi129_93874803376477543056490_not_n915, F1, i)}
90.69	{(po052_driver->po052, F1, i)}
90.69	{(po052_driver, F1, i)}
90.69	{(and_not_pi129_93874803376477543056490_not_n915->po052_driver, F1, i)}
90.69	{(and_not_pi129_93874803376477543056490_not_n915, F1, i)}
100.0	{(not_n1498, F1, i)}
100.0	{(n1498->not_n1498, F1, i)}
100.0	{(n1498, F1, i)}
100.0	{(and_not_n1496_not_n1497->n1498, F1, i)}
100.0	{(and_not_n1496_not_n1497, F1, i)}
100.0	{(not_n1498->and_pi138_not_n1498, F1, i)}
100.0	{(n1249->and_pi099_n1249, F1, i)}
100.0	{(not_pi138_10, F1, i)}
100.0	{(not_pi138_10->and_not_pi138_10_not_n1508, F1, i)}
100.0	{(po119_driver->po119, F1, i)}
100.0	{(po119_driver, F1, i)}
100.0	{(or_n1499_n1509->po119_driver, F1, i)}
100.0	{(or_n1499_n1509, F1, i)}
100.0	{(n1249, F1, i)}
100.0	{(and_pi136_not_pi137_0->n1249, F1, i)}
100.0	{(and_pi136_not_pi137_0, F1, i)}
