100.0	{(n387, F1, i)}
100.0	{(and_not_pi041_not_pi046->n387, F1, i)}
100.0	{(and_not_pi041_not_pi046, F1, i)}
100.0	{(n918, F0, i)}
100.0	{(and_n406_n579->n918, F0, i)}
100.0	{(and_n406_n579, F0, i)}
100.0	{(n406->and_n406_n579, F0, i)}
100.0	{(n579->and_n406_n579, F0, i)}
100.0	{(not_n1044, F1, i)}
100.0	{(n1044->not_n1044, F0, i)}
100.0	{(n1044, F0, i)}
100.0	{(and_n918_n1043->n1044, F0, i)}
100.0	{(and_n918_n1043, F0, i)}
100.0	{(n1043->and_n918_n1043, F0, i)}
100.0	{(n918->and_n918_n1043, F0, i)}
100.0	{(n1043, F0, i)}
100.0	{(and_n934_n1042->n1043, F0, i)}
100.0	{(and_n934_n1042, F0, i)}
100.0	{(n934->and_n934_n1042, F0, i)}
100.0	{(n1042->and_n934_n1042, F0, i)}
100.0	{(n1042, F0, i)}
100.0	{(and_pi045_n1041->n1042, F0, i)}
100.0	{(and_pi045_n1041, F0, i)}
100.0	{(n1041->and_pi045_n1041, F0, i)}
100.0	{(not_n1044->and_not_pi129_541169560379521116689596608490_not_n1044, F1, i)}
100.0	{(not_pi129_3, F1, i)}
100.0	{(not_pi129_3->and_not_pi129_3_not_n437, F1, i)}
100.0	{(not_pi129_57648010, F1, i)}
100.0	{(not_pi129_57648010->and_not_pi129_57648010_not_n635, F1, i)}
100.0	{(n851, F1, i)}
100.0	{(and_pi085_n774->n851, F1, i)}
100.0	{(and_pi085_n774, F1, i)}
100.0	{(n851->and_n838_n851, F1, i)}
100.0	{(n856->and_n838_n856, F1, i)}
100.0	{(n774->and_pi085_n774, F1, i)}
100.0	{(not_pi085_6, F1, i)}
100.0	{(not_pi085_6->and_not_pi085_6_not_n849, F1, i)}
