100.0	{(n477, F1, i)}
100.0	{(and_n448_n476->n477, F1, i)}
100.0	{(and_n448_n476, F1, i)}
100.0	{(n477->and_n475_n477, F1, i)}
100.0	{(not_pi112_0, F1, i)}
100.0	{(not_pi112_0->and_not_pi112_0_not_n1421_1, F1, i)}
100.0	{(not_pi136_403536070, F1, i)}
100.0	{(not_pi136_403536070->and_not_pi136_403536070_pi141, F1, i)}
100.0	{(n1360->and_pi036_n1360, F1, i)}
100.0	{(not_pi050, F1, i)}
100.0	{(not_pi050->and_not_pi038_not_pi050, F1, i)}
100.0	{(n388, F1, i)}
100.0	{(and_not_pi038_not_pi050->n388, F1, i)}
100.0	{(and_not_pi038_not_pi050, F1, i)}
100.0	{(po017_driver->po017, F1, i)}
100.0	{(po017_driver, F1, i)}
100.0	{(and_not_pi129_1_not_n414->po017_driver, F1, i)}
100.0	{(and_not_pi129_1_not_n414, F1, i)}
100.0	{(n389->and_n389_n392, F1, i)}
100.0	{(not_n414, F1, i)}
100.0	{(n414->not_n414, F1, i)}
100.0	{(n414, F1, i)}
100.0	{(and_not_n397_not_n413->n414, F1, i)}
100.0	{(and_not_n397_not_n413, F1, i)}
100.0	{(not_n414->and_not_pi129_1_not_n414, F1, i)}
100.0	{(n393, F1, i)}
100.0	{(and_n389_n392->n393, F1, i)}
100.0	{(and_n389_n392, F1, i)}
100.0	{(n393->and_n386_n393, F1, i)}
100.0	{(n396, F1, i)}
100.0	{(and_not_n379_not_n395->n396, F1, i)}
100.0	{(and_not_n379_not_n395, F1, i)}
100.0	{(n396->and_not_pi065_n396, F1, i)}
100.0	{(not_n395, F1, i)}
100.0	{(n395->not_n395, F1, i)}
100.0	{(n395, F1, i)}
100.0	{(and_pi082_not_n394->n395, F1, i)}
100.0	{(and_pi082_not_n394, F1, i)}
100.0	{(not_n395->and_not_n379_not_n395, F1, i)}
100.0	{(not_n397, F1, i)}
100.0	{(n397->not_n397, F1, i)}
100.0	{(n397, F1, i)}
100.0	{(and_not_pi065_n396->n397, F1, i)}
100.0	{(and_not_pi065_n396, F1, i)}
100.0	{(not_n397->and_not_n397_not_n413, F1, i)}
100.0	{(n388->and_n387_n388, F1, i)}
