100.0	{(not_n1227, F1, i)}
100.0	{(n1227->not_n1227, F0, i)}
100.0	{(n1227, F0, i)}
100.0	{(and_not_pi027_490_not_n1226->n1227, F0, i)}
100.0	{(and_not_pi027_490_not_n1226, F0, i)}
100.0	{(not_pi027_490->and_not_pi027_490_not_n1226, F0, i)}
100.0	{(not_n1226->and_not_pi027_490_not_n1226, F0, i)}
100.0	{(not_pi027_490, F0, i)}
100.0	{(not_n1226, F0, i)}
100.0	{(n1226->not_n1226, F1, i)}
100.0	{(n1226, F1, i)}
100.0	{(and_not_n1222_not_n1225->n1226, F1, i)}
100.0	{(and_not_n1222_not_n1225, F1, i)}
100.0	{(not_n1227->and_not_n1227_not_n1229, F1, i)}
100.0	{(po074_driver->po074, F0, i)}
100.0	{(po074_driver, F0, i)}
100.0	{(and_not_pi003_47475615099430_n1234->po074_driver, F0, i)}
100.0	{(and_not_pi003_47475615099430_n1234, F0, i)}
100.0	{(not_pi003_47475615099430->and_not_pi003_47475615099430_n1234, F0, i)}
100.0	{(n1234->and_not_pi003_47475615099430_n1234, F0, i)}
100.0	{(not_pi003_47475615099430, F0, i)}
100.0	{(n1234, F0, i)}
100.0	{(and_not_pi129_7490483309651862334944941026945644936490_not_n1233->n1234, F0, i)}
100.0	{(and_not_pi129_7490483309651862334944941026945644936490_not_n1233, F0, i)}
100.0	{(not_pi129_7490483309651862334944941026945644936490->and_not_pi129_7490483309651862334944941026945644936490_not_n1233, F0, i)}
100.0	{(not_n1233->and_not_pi129_7490483309651862334944941026945644936490_not_n1233, F0, i)}
100.0	{(not_pi129_7490483309651862334944941026945644936490, F0, i)}
100.0	{(not_n1233, F0, i)}
100.0	{(n1233->not_n1233, F1, i)}
100.0	{(n1233, F1, i)}
100.0	{(and_not_n1231_not_n1232->n1233, F1, i)}
100.0	{(and_not_n1231_not_n1232, F1, i)}
100.0	{(not_n1231, F1, i)}
100.0	{(n1231->not_n1231, F0, i)}
100.0	{(n1231, F0, i)}
100.0	{(and_not_pi026_24010_not_n1230->n1231, F0, i)}
100.0	{(and_not_pi026_24010_not_n1230, F0, i)}
100.0	{(not_pi026_24010->and_not_pi026_24010_not_n1230, F0, i)}
100.0	{(not_n1230->and_not_pi026_24010_not_n1230, F0, i)}
100.0	{(not_pi026_24010, F0, i)}
100.0	{(not_n1230, F0, i)}
100.0	{(n1230->not_n1230, F1, i)}
100.0	{(n1230, F1, i)}
100.0	{(and_not_n1227_not_n1229->n1230, F1, i)}
100.0	{(and_not_n1227_not_n1229, F1, i)}
100.0	{(not_n1231->and_not_n1231_not_n1232, F1, i)}
100.0	{(n713, F0, i)}
100.0	{(and_pi085_pi116->n713, F0, i)}
100.0	{(and_pi085_pi116, F0, i)}
100.0	{(n692->and_not_pi024_3_n692, F1, i)}
100.0	{(n1057, F1, i)}
100.0	{(and_not_n379_10_not_n1056->n1057, F1, i)}
100.0	{(and_not_n379_10_not_n1056, F1, i)}
100.0	{(n1057->and_pi075_n1057, F1, i)}
100.0	{(not_n379_10, F1, i)}
100.0	{(n379->not_n379_10, F0, i)}
100.0	{(not_n379_10->and_not_n379_10_not_n1056, F1, i)}
100.0	{(not_pi046_2, F1, i)}
100.0	{(not_pi046_2->and_not_pi046_2_not_n1052, F1, i)}
100.0	{(not_n1108, F1, i)}
100.0	{(n1108->not_n1108, F0, i)}
100.0	{(n1108, F0, i)}
100.0	{(and_pi049_not_n1107->n1108, F0, i)}
100.0	{(and_pi049_not_n1107, F0, i)}
100.0	{(not_n1107->and_pi049_not_n1107, F0, i)}
100.0	{(not_n1107, F0, i)}
100.0	{(n1107->not_n1107, F1, i)}
100.0	{(n1107, F1, i)}
100.0	{(and_n705_n1106->n1107, F1, i)}
100.0	{(and_n705_n1106, F1, i)}
100.0	{(not_n1108->and_not_n1108_not_n1112, F1, i)}
100.0	{(n705->and_n705_n1106, F1, i)}
100.0	{(not_n379_10, F1, i)}
100.0	{(n379->not_n379_10, F1, i)}
100.0	{(not_n379_10->and_not_n379_10_not_n1056, F1, i)}
100.0	{(not_pi046_2, F1, i)}
100.0	{(not_pi046_2->and_not_pi046_2_not_n1052, F1, i)}
100.0	{(po061_driver->po061, F1, i)}
100.0	{(po061_driver, F1, i)}
100.0	{(and_not_n1053_n1062->po061_driver, F1, i)}
100.0	{(and_not_n1053_n1062, F1, i)}
100.0	{(n1059, F1, i)}
100.0	{(and_pi046_pi082->n1059, F1, i)}
100.0	{(and_pi046_pi082, F1, i)}
100.0	{(n1059->and_n1054_n1059, F1, i)}
100.0	{(n1057, F1, i)}
100.0	{(and_not_n379_10_not_n1056->n1057, F1, i)}
100.0	{(and_not_n379_10_not_n1056, F1, i)}
100.0	{(n1057->and_pi075_n1057, F1, i)}
