100.0	{(n621, F1, i)}
100.0	{(and_pi016_pi054->n621, F1, i)}
100.0	{(and_pi016_pi054, F1, i)}
100.0	{(n621->and_n450_n621, F1, i)}
100.0	{(n434->and_n434_n599, F1, i)}
100.0	{(n516, F1, i)}
100.0	{(and_not_pi009_3_not_pi022_2->n516, F1, i)}
100.0	{(and_not_pi009_3_not_pi022_2, F1, i)}
100.0	{(n516->and_n322_n516, F1, i)}
92.86	{(n383, F1, i)}
92.86	{(and_not_pi015_not_pi020->n383, F1, i)}
92.86	{(and_not_pi015_not_pi020, F1, i)}
100.0	{(not_n967, F1, i)}
100.0	{(n967->not_n967, F0, i)}
100.0	{(n967, F0, i)}
100.0	{(and_n379_not_n966->n967, F0, i)}
100.0	{(and_n379_not_n966, F0, i)}
100.0	{(n379->and_n379_not_n966, F0, i)}
100.0	{(not_n966->and_n379_not_n966, F0, i)}
100.0	{(not_n966, F0, i)}
100.0	{(n966->not_n966, F1, i)}
100.0	{(n966, F1, i)}
100.0	{(and_pi082_not_n948->n966, F1, i)}
100.0	{(and_pi082_not_n948, F1, i)}
100.0	{(not_n967->and_not_n965_not_n967, F1, i)}
