100.0	{(n794, F1, i)}
100.0	{(and_pi026_not_pi027_5->n794, F1, i)}
100.0	{(and_pi026_not_pi027_5, F1, i)}
100.0	{(not_n957, F1, i)}
100.0	{(n957->not_n957, F0, i)}
100.0	{(n957, F0, i)}
100.0	{(and_pi082_not_n956->n957, F0, i)}
100.0	{(and_pi082_not_n956, F0, i)}
100.0	{(not_n956->and_pi082_not_n956, F0, i)}
100.0	{(not_n956, F0, i)}
100.0	{(n956->not_n956, F1, i)}
100.0	{(n956, F1, i)}
100.0	{(and_n927_n955->n956, F1, i)}
100.0	{(and_n927_n955, F1, i)}
100.0	{(not_n957->and_not_n379_4_not_n957, F1, i)}
100.0	{(n958, F1, i)}
100.0	{(and_not_n379_4_not_n957->n958, F1, i)}
100.0	{(and_not_n379_4_not_n957, F1, i)}
100.0	{(n958->and_pi073_n958, F1, i)}
100.0	{(not_pi138_4, F1, i)}
100.0	{(not_pi138_4->and_pi136_not_pi138_4, F1, i)}
