54.13	{(not_n635, F1, i)}
54.13	{(n635->not_n635, F0, i)}
54.13	{(n635, F0, i)}
54.13	{(and_not_n628_not_n634->n635, F0, i)}
54.13	{(and_not_n628_not_n634, F0, i)}
54.13	{(not_n628->and_not_n628_not_n634, F0, i)}
54.13	{(not_n634->and_not_n628_not_n634, F0, i)}
54.13	{(not_n628, F0, i)}
54.13	{(n628->not_n628, F1, i)}
54.13	{(not_n634, F0, i)}
54.13	{(n634->not_n634, F1, i)}
54.13	{(n628, F1, i)}
54.13	{(and_pi019_not_pi054_3430->n628, F1, i)}
54.13	{(n634, F1, i)}
54.13	{(and_n487_n633->n634, F1, i)}
54.13	{(and_pi019_not_pi054_3430, F1, i)}
54.13	{(and_n487_n633, F1, i)}
54.13	{(not_n635->and_not_pi129_57648010_not_n635, F1, i)}
45.82	{(n416, F0, i)}
45.82	{(and_not_pi009_1_not_pi014_3->n416, F0, i)}
45.82	{(and_not_pi009_1_not_pi014_3, F0, i)}
45.82	{(not_pi009_1->and_not_pi009_1_not_pi014_3, F0, i)}
45.82	{(not_pi014_3->and_not_pi009_1_not_pi014_3, F0, i)}
45.82	{(not_pi009_1, F0, i)}
45.82	{(not_pi014_3, F0, i)}
45.62	{(n417, F0, i)}
45.62	{(and_n344_n416->n417, F0, i)}
45.62	{(and_n344_n416, F0, i)}
45.62	{(n344->and_n344_n416, F0, i)}
45.62	{(n416->and_n344_n416, F0, i)}
44.74	{(n345, F0, i)}
44.74	{(and_not_pi007_2_not_pi013_2->n345, F0, i)}
44.74	{(and_not_pi007_2_not_pi013_2, F0, i)}
44.74	{(not_pi007_2->and_not_pi007_2_not_pi013_2, F0, i)}
44.74	{(not_pi013_2->and_not_pi007_2_not_pi013_2, F0, i)}
44.74	{(not_pi007_2, F0, i)}
44.74	{(not_pi013_2, F0, i)}
44.1	{(n344, F0, i)}
44.1	{(and_not_pi010_0_not_pi022_0->n344, F0, i)}
44.1	{(and_not_pi010_0_not_pi022_0, F0, i)}
44.1	{(not_pi022_0->and_not_pi010_0_not_pi022_0, F0, i)}
44.1	{(not_pi010_0->and_not_pi010_0_not_pi022_0, F0, i)}
44.1	{(not_pi022_0, F0, i)}
44.1	{(not_pi010_0, F0, i)}
42.5	{(n299, F0, i)}
42.5	{(and_not_pi004_not_pi016->n299, F0, i)}
42.5	{(and_not_pi004_not_pi016, F0, i)}
42.5	{(not_pi004->and_not_pi004_not_pi016, F0, i)}
42.5	{(not_pi016->and_not_pi004_not_pi016, F0, i)}
42.5	{(not_pi004, F0, i)}
42.5	{(not_pi016, F0, i)}
100.0	{(not_n878, F1, i)}
100.0	{(n878->not_n878, F0, i)}
100.0	{(n878, F0, i)}
100.0	{(and_not_n876_not_n877->n878, F0, i)}
100.0	{(and_not_n876_not_n877, F0, i)}
100.0	{(not_n877->and_not_n876_not_n877, F0, i)}
100.0	{(not_n876->and_not_n876_not_n877, F0, i)}
100.0	{(not_n877, F0, i)}
100.0	{(n877->not_n877, F1, i)}
100.0	{(not_n876, F0, i)}
100.0	{(n876->not_n876, F1, i)}
100.0	{(n877, F1, i)}
100.0	{(and_pi032_not_pi109_1->n877, F1, i)}
100.0	{(n876, F1, i)}
100.0	{(and_pi031_pi109->n876, F1, i)}
100.0	{(and_pi032_not_pi109_1, F1, i)}
100.0	{(and_pi031_pi109, F1, i)}
100.0	{(not_n878->and_not_pi106_1_not_n878, F1, i)}
97.24	{(not_n880, F1, i)}
97.24	{(n880->not_n880, F0, i)}
97.24	{(n880, F0, i)}
97.24	{(and_not_n875_not_n879->n880, F0, i)}
97.24	{(and_not_n875_not_n879, F0, i)}
97.24	{(not_n875->and_not_n875_not_n879, F0, i)}
97.24	{(not_n879->and_not_n875_not_n879, F0, i)}
97.24	{(not_n875, F0, i)}
97.24	{(n875->not_n875, F1, i)}
97.24	{(not_n879, F0, i)}
97.24	{(n879->not_n879, F1, i)}
97.24	{(n875, F1, i)}
97.24	{(and_pi099_pi106->n875, F1, i)}
97.24	{(n879, F1, i)}
97.24	{(and_not_pi106_1_not_n878->n879, F1, i)}
97.24	{(and_pi099_pi106, F1, i)}
97.24	{(and_not_pi106_1_not_n878, F1, i)}
97.24	{(not_n880->and_not_pi129_5585458640832840070_not_n880, F1, i)}
