100.0	{(n1256, F1, i)}
100.0	{(and_not_pi142_n1249->n1256, F1, i)}
100.0	{(and_not_pi142_n1249, F1, i)}
100.0	{(n1256->and_n1251_n1256, F1, i)}
100.0	{(n1249->and_not_pi142_n1249, F1, i)}
100.0	{(not_n832, F1, i)}
100.0	{(n832->not_n832, F0, i)}
100.0	{(n832, F0, i)}
100.0	{(and_pi029_not_pi097_0->n832, F0, i)}
100.0	{(and_pi029_not_pi097_0, F0, i)}
100.0	{(not_pi097_0->and_pi029_not_pi097_0, F0, i)}
100.0	{(not_pi097_0, F0, i)}
100.0	{(not_n832->and_not_n831_not_n832, F1, i)}
100.0	{(not_n834, F1, i)}
100.0	{(n834->not_n834, F0, i)}
100.0	{(n834, F0, i)}
100.0	{(and_n724_not_n833->n834, F0, i)}
100.0	{(and_n724_not_n833, F0, i)}
100.0	{(n724->and_n724_not_n833, F0, i)}
100.0	{(not_n833->and_n724_not_n833, F0, i)}
100.0	{(not_n833, F0, i)}
100.0	{(n833->not_n833, F1, i)}
100.0	{(n833, F1, i)}
100.0	{(and_not_n831_not_n832->n833, F1, i)}
100.0	{(and_not_n831_not_n832, F1, i)}
100.0	{(not_n834->and_not_n829_not_n834, F1, i)}
100.0	{(not_n846, F1, i)}
100.0	{(n846->not_n846, F0, i)}
100.0	{(n846, F0, i)}
100.0	{(and_not_pi027_9_not_n845->n846, F0, i)}
100.0	{(and_not_pi027_9_not_n845, F0, i)}
100.0	{(not_pi027_9->and_not_pi027_9_not_n845, F0, i)}
100.0	{(not_n845->and_not_pi027_9_not_n845, F0, i)}
100.0	{(not_pi027_9, F0, i)}
100.0	{(not_n845, F0, i)}
100.0	{(n845->not_n845, F1, i)}
100.0	{(n845, F1, i)}
100.0	{(and_not_n842_not_n844->n845, F1, i)}
100.0	{(and_not_n842_not_n844, F1, i)}
100.0	{(not_n846->and_not_n846_not_n848, F1, i)}
100.0	{(not_n850, F1, i)}
100.0	{(n850->not_n850, F0, i)}
100.0	{(n850, F0, i)}
100.0	{(and_not_pi085_6_not_n849->n850, F0, i)}
100.0	{(and_not_pi085_6_not_n849, F0, i)}
100.0	{(not_pi085_6->and_not_pi085_6_not_n849, F0, i)}
100.0	{(not_n849->and_not_pi085_6_not_n849, F0, i)}
100.0	{(not_pi085_6, F0, i)}
100.0	{(not_n849, F0, i)}
100.0	{(n849->not_n849, F1, i)}
100.0	{(n849, F1, i)}
100.0	{(and_not_n846_not_n848->n849, F1, i)}
100.0	{(and_not_n846_not_n848, F1, i)}
100.0	{(not_n850->and_not_n850_not_n852, F1, i)}
100.0	{(not_n836, F1, i)}
100.0	{(n836->not_n836, F0, i)}
100.0	{(n836, F0, i)}
100.0	{(and_not_pi058_3_not_n835->n836, F0, i)}
100.0	{(and_not_pi058_3_not_n835, F0, i)}
100.0	{(not_pi058_3->and_not_pi058_3_not_n835, F0, i)}
100.0	{(not_n835->and_not_pi058_3_not_n835, F0, i)}
100.0	{(not_pi058_3, F0, i)}
100.0	{(not_n835, F0, i)}
100.0	{(n835->not_n835, F1, i)}
100.0	{(n835, F1, i)}
100.0	{(and_not_n829_not_n834->n835, F1, i)}
100.0	{(and_not_n829_not_n834, F1, i)}
100.0	{(not_n836->and_not_n836_not_n840, F1, i)}
100.0	{(not_n854, F1, i)}
100.0	{(n854->not_n854, F0, i)}
100.0	{(n854, F0, i)}
100.0	{(and_not_pi026_9_not_n853->n854, F0, i)}
100.0	{(and_not_pi026_9_not_n853, F0, i)}
100.0	{(not_pi026_9->and_not_pi026_9_not_n853, F0, i)}
100.0	{(not_n853->and_not_pi026_9_not_n853, F0, i)}
100.0	{(not_pi026_9, F0, i)}
100.0	{(not_n853, F0, i)}
100.0	{(n853->not_n853, F1, i)}
100.0	{(n853, F1, i)}
100.0	{(and_not_n850_not_n852->n853, F1, i)}
100.0	{(and_not_n850_not_n852, F1, i)}
100.0	{(not_n854->and_not_n854_not_n857, F1, i)}
100.0	{(po044_driver->po044, F0, i)}
100.0	{(po044_driver, F0, i)}
100.0	{(and_not_pi003_2824752490_n859->po044_driver, F0, i)}
100.0	{(and_not_pi003_2824752490_n859, F0, i)}
100.0	{(not_pi003_2824752490->and_not_pi003_2824752490_n859, F0, i)}
100.0	{(n859->and_not_pi003_2824752490_n859, F0, i)}
100.0	{(not_pi003_2824752490, F0, i)}
100.0	{(n859, F0, i)}
100.0	{(and_not_pi129_16284135979104490_not_n858->n859, F0, i)}
100.0	{(and_not_pi129_16284135979104490_not_n858, F0, i)}
100.0	{(not_pi129_16284135979104490->and_not_pi129_16284135979104490_not_n858, F0, i)}
100.0	{(not_n858->and_not_pi129_16284135979104490_not_n858, F0, i)}
100.0	{(not_pi129_16284135979104490, F0, i)}
100.0	{(not_n858, F0, i)}
100.0	{(n858->not_n858, F1, i)}
100.0	{(n858, F1, i)}
100.0	{(and_not_n854_not_n857->n858, F1, i)}
100.0	{(and_not_n854_not_n857, F1, i)}
100.0	{(not_n842, F1, i)}
100.0	{(n842->not_n842, F0, i)}
100.0	{(n842, F0, i)}
100.0	{(and_not_pi053_4_not_n841->n842, F0, i)}
100.0	{(and_not_pi053_4_not_n841, F0, i)}
100.0	{(not_pi053_4->and_not_pi053_4_not_n841, F0, i)}
100.0	{(not_n841->and_not_pi053_4_not_n841, F0, i)}
100.0	{(not_pi053_4, F0, i)}
100.0	{(not_n841, F0, i)}
100.0	{(n841->not_n841, F1, i)}
100.0	{(n841, F1, i)}
100.0	{(and_not_n836_not_n840->n841, F1, i)}
100.0	{(and_not_n836_not_n840, F1, i)}
100.0	{(not_n842->and_not_n842_not_n844, F1, i)}
100.0	{(not_n371, F1, i)}
100.0	{(n371->not_n371, F0, i)}
100.0	{(n371, F0, i)}
100.0	{(and_not_n368_not_n370->n371, F0, i)}
100.0	{(and_not_n368_not_n370, F0, i)}
100.0	{(not_n368->and_not_n368_not_n370, F0, i)}
100.0	{(not_n370->and_not_n368_not_n370, F0, i)}
100.0	{(not_n368, F0, i)}
100.0	{(n368->not_n368, F1, i)}
100.0	{(not_n370, F0, i)}
100.0	{(n370->not_n370, F1, i)}
100.0	{(n368, F1, i)}
100.0	{(and_not_pi009_0_not_n367->n368, F1, i)}
100.0	{(n370, F1, i)}
100.0	{(and_pi009_n369->n370, F1, i)}
100.0	{(and_not_pi009_0_not_n367, F1, i)}
100.0	{(and_pi009_n369, F1, i)}
100.0	{(not_n371->and_n300_not_n371, F1, i)}
100.0	{(not_n367, F1, i)}
100.0	{(n367->not_n367, F0, i)}
100.0	{(n367, F0, i)}
100.0	{(and_not_n365_not_n366->n367, F0, i)}
100.0	{(and_not_n365_not_n366, F0, i)}
100.0	{(not_n365->and_not_n365_not_n366, F0, i)}
100.0	{(not_n366->and_not_n365_not_n366, F0, i)}
100.0	{(not_n365, F0, i)}
100.0	{(n365->not_n365, F1, i)}
100.0	{(not_n366, F0, i)}
100.0	{(n366->not_n366, F1, i)}
100.0	{(n365, F1, i)}
100.0	{(and_not_pi013_3_not_n364->n365, F1, i)}
100.0	{(n366, F1, i)}
100.0	{(and_n312_n357->n366, F1, i)}
100.0	{(and_not_pi013_3_not_n364, F1, i)}
100.0	{(and_n312_n357, F1, i)}
100.0	{(not_n367->and_not_pi009_0_not_n367, F1, i)}
77.78	{(n372, F1, i)}
77.78	{(and_n300_not_n371->n372, F1, i)}
77.78	{(and_n300_not_n371, F1, i)}
77.78	{(n372->and_n356_n372, F1, i)}
77.78	{(n373, F1, i)}
77.78	{(and_n356_n372->n373, F1, i)}
77.78	{(and_n356_n372, F1, i)}
77.78	{(n373->and_n354_n373, F1, i)}
70.0	{(n374, F1, i)}
70.0	{(and_n354_n373->n374, F1, i)}
70.0	{(and_n354_n373, F1, i)}
70.0	{(n374->and_n344_n374, F1, i)}
100.0	{(not_n1019, F1, i)}
100.0	{(n1019->not_n1019, F0, i)}
100.0	{(n1019, F0, i)}
100.0	{(and_pi082_not_n1018->n1019, F0, i)}
100.0	{(and_pi082_not_n1018, F0, i)}
100.0	{(not_n1018->and_pi082_not_n1018, F0, i)}
100.0	{(not_n1018, F0, i)}
100.0	{(n1018->not_n1018, F1, i)}
100.0	{(n1018, F1, i)}
100.0	{(and_n927_n1017->n1018, F1, i)}
100.0	{(and_n927_n1017, F1, i)}
100.0	{(not_n1019->and_not_n1019_not_n1022, F1, i)}
