100.0	{(n1074, F1, i)}
100.0	{(and_pi047_n641->n1074, F1, i)}
100.0	{(and_pi047_n641, F1, i)}
100.0	{(n1074->and_n934_n1074, F1, i)}
100.0	{(n994, F1, i)}
100.0	{(and_not_n379_6_not_n993->n994, F1, i)}
100.0	{(and_not_n379_6_not_n993, F1, i)}
100.0	{(n994->and_pi072_n994, F1, i)}
100.0	{(n373, F1, i)}
100.0	{(and_n356_n372->n373, F1, i)}
100.0	{(and_n356_n372, F1, i)}
100.0	{(n373->and_n354_n373, F1, i)}
100.0	{(n417->and_not_pi007_7_n417, F1, i)}
100.0	{(n551, F1, i)}
100.0	{(and_not_pi007_7_n417->n551, F1, i)}
100.0	{(and_not_pi007_7_n417, F1, i)}
100.0	{(n551->and_n550_n551, F1, i)}
100.0	{(n1175, F0, i)}
100.0	{(and_not_pi026_490_pi037->n1175, F0, i)}
100.0	{(and_not_pi026_490_pi037, F0, i)}
100.0	{(not_pi026_490->and_not_pi026_490_pi037, F0, i)}
100.0	{(not_pi026_490, F0, i)}
