100.0	{(not_n815, F1, i)}
100.0	{(n815->not_n815, F0, i)}
100.0	{(n815, F0, i)}
100.0	{(and_n813_n814->n815, F0, i)}
100.0	{(and_n813_n814, F0, i)}
100.0	{(n814->and_n813_n814, F0, i)}
100.0	{(n813->and_n813_n814, F0, i)}
100.0	{(n813, F0, i)}
100.0	{(and_pi085_not_n812->n813, F0, i)}
100.0	{(and_pi085_not_n812, F0, i)}
100.0	{(not_n812->and_pi085_not_n812, F0, i)}
100.0	{(not_n812, F0, i)}
100.0	{(n812->not_n812, F1, i)}
100.0	{(n812, F1, i)}
100.0	{(and_not_n810_not_n811->n812, F1, i)}
100.0	{(and_not_n810_not_n811, F1, i)}
100.0	{(not_n815->and_not_n809_not_n815, F1, i)}
100.0	{(n814, F0, i)}
100.0	{(and_not_pi026_7_not_pi027_7->n814, F0, i)}
100.0	{(and_not_pi026_7_not_pi027_7, F0, i)}
100.0	{(not_pi026_7->and_not_pi026_7_not_pi027_7, F0, i)}
100.0	{(not_pi027_7->and_not_pi026_7_not_pi027_7, F0, i)}
100.0	{(not_pi026_7, F0, i)}
100.0	{(not_pi027_7, F0, i)}
100.0	{(n1187->and_not_pi085_10_n1187, F1, i)}
100.0	{(not_pi026_3430, F1, i)}
100.0	{(not_pi026_3430->and_not_pi026_3430_not_pi053_7, F1, i)}
100.0	{(n1187, F1, i)}
100.0	{(and_not_pi026_3430_not_pi053_7->n1187, F1, i)}
100.0	{(and_not_pi026_3430_not_pi053_7, F1, i)}
100.0	{(not_pi027_70, F1, i)}
100.0	{(not_pi027_70->and_not_pi027_70_not_n1198, F1, i)}
100.0	{(n1192->and_n1192_n1200, F1, i)}
100.0	{(n934->and_n934_n935, F1, i)}
100.0	{(not_pi038_1, F1, i)}
100.0	{(not_pi038_1->and_not_pi038_1_not_n923, F1, i)}
100.0	{(n448->and_n448_n535, F1, i)}
100.0	{(n536, F1, i)}
100.0	{(and_n448_n535->n536, F1, i)}
100.0	{(and_n448_n535, F1, i)}
100.0	{(n536->and_n536_n537, F1, i)}
100.0	{(not_pi014, F1, i)}
100.0	{(not_pi014->and_not_pi013_not_pi014, F1, i)}
