100.0	{(not_n1124, F1, i)}
100.0	{(n1124->not_n1124, F0, i)}
100.0	{(n1124, F0, i)}
100.0	{(and_not_n1119_not_n1123->n1124, F0, i)}
100.0	{(and_not_n1119_not_n1123, F0, i)}
100.0	{(not_n1119->and_not_n1119_not_n1123, F0, i)}
100.0	{(not_n1123->and_not_n1119_not_n1123, F0, i)}
100.0	{(not_n1119, F0, i)}
100.0	{(n1119->not_n1119, F1, i)}
100.0	{(not_n1123, F0, i)}
100.0	{(n1123->not_n1123, F1, i)}
100.0	{(n1119, F1, i)}
100.0	{(and_pi082_not_n404->n1119, F1, i)}
100.0	{(n1123, F1, i)}
100.0	{(and_n379_not_n1122->n1123, F1, i)}
100.0	{(and_pi082_not_n404, F1, i)}
100.0	{(and_n379_not_n1122, F1, i)}
100.0	{(not_n1124->and_not_pi050_4_not_n1124, F1, i)}
99.21	{(po065_driver->po065, F0, i)}
99.21	{(po065_driver, F0, i)}
99.21	{(and_not_n1125_n1134->po065_driver, F0, i)}
99.21	{(and_not_n1125_n1134, F0, i)}
99.21	{(n1134->and_not_n1125_n1134, F0, i)}
99.21	{(not_n1125->and_not_n1125_n1134, F0, i)}
99.21	{(n1134, F0, i)}
99.21	{(and_not_n1130_n1133->n1134, F0, i)}
99.21	{(not_n1125, F0, i)}
99.21	{(n1125->not_n1125, F1, i)}
99.21	{(and_not_n1130_n1133, F0, i)}
99.21	{(n1133->and_not_n1130_n1133, F0, i)}
99.21	{(not_n1130->and_not_n1130_n1133, F0, i)}
99.21	{(n1125, F1, i)}
99.21	{(and_not_pi050_4_not_n1124->n1125, F1, i)}
99.21	{(n1133, F0, i)}
99.21	{(and_not_pi129_9095436801298611408202050198891430_not_n1132->n1133, F0, i)}
99.21	{(not_n1130, F0, i)}
99.21	{(n1130->not_n1130, F1, i)}
99.21	{(and_not_pi050_4_not_n1124, F1, i)}
99.21	{(and_not_pi129_9095436801298611408202050198891430_not_n1132, F0, i)}
99.21	{(not_pi129_9095436801298611408202050198891430->and_not_pi129_9095436801298611408202050198891430_not_n1132, F0, i)}
99.21	{(not_n1132->and_not_pi129_9095436801298611408202050198891430_not_n1132, F0, i)}
99.21	{(n1130, F1, i)}
99.21	{(and_pi066_n1129->n1130, F1, i)}
99.21	{(not_pi129_9095436801298611408202050198891430, F0, i)}
99.21	{(not_n1132, F0, i)}
99.21	{(n1132->not_n1132, F1, i)}
99.21	{(and_pi066_n1129, F1, i)}
99.21	{(n1132, F1, i)}
99.21	{(and_n934_n1131->n1132, F1, i)}
99.21	{(and_n934_n1131, F1, i)}
100.0	{(not_pi109_5, F1, i)}
100.0	{(not_pi109_5->and_pi036_not_pi109_5, F1, i)}
100.0	{(n830, F1, i)}
100.0	{(and_pi097_not_pi110_3->n830, F1, i)}
100.0	{(and_pi097_not_pi110_3, F1, i)}
100.0	{(n830->and_not_pi096_2_n830, F1, i)}
98.54	{(not_n833, F1, i)}
98.54	{(n833->not_n833, F0, i)}
98.54	{(n833, F0, i)}
98.54	{(and_not_n831_not_n832->n833, F0, i)}
98.54	{(and_not_n831_not_n832, F0, i)}
98.54	{(not_n832->and_not_n831_not_n832, F0, i)}
98.54	{(not_n831->and_not_n831_not_n832, F0, i)}
98.54	{(not_n832, F0, i)}
98.54	{(n832->not_n832, F1, i)}
98.54	{(not_n831, F0, i)}
98.54	{(n831->not_n831, F1, i)}
98.54	{(n832, F1, i)}
98.54	{(and_pi029_not_pi097_0->n832, F1, i)}
98.54	{(n831, F1, i)}
98.54	{(and_not_pi096_2_n830->n831, F1, i)}
98.54	{(and_pi029_not_pi097_0, F1, i)}
98.54	{(and_not_pi096_2_n830, F1, i)}
98.54	{(not_n833->and_n724_not_n833, F1, i)}
95.98	{(not_n835, F1, i)}
95.98	{(n835->not_n835, F0, i)}
95.98	{(n835, F0, i)}
95.98	{(and_not_n829_not_n834->n835, F0, i)}
95.98	{(and_not_n829_not_n834, F0, i)}
95.98	{(not_n829->and_not_n829_not_n834, F0, i)}
95.98	{(not_n834->and_not_n829_not_n834, F0, i)}
95.98	{(not_n829, F0, i)}
95.98	{(n829->not_n829, F1, i)}
95.98	{(not_n834, F0, i)}
95.98	{(n834->not_n834, F1, i)}
95.98	{(n829, F1, i)}
95.98	{(and_pi029_pi110->n829, F1, i)}
95.98	{(n834, F1, i)}
95.98	{(and_n724_not_n833->n834, F1, i)}
95.98	{(and_pi029_pi110, F1, i)}
95.98	{(and_n724_not_n833, F1, i)}
95.98	{(not_n835->and_not_pi058_3_not_n835, F1, i)}
94.2	{(n847, F1, i)}
94.2	{(and_pi027_n838->n847, F1, i)}
94.2	{(and_pi027_n838, F1, i)}
94.2	{(n847->and_n787_n847, F1, i)}
93.76	{(not_n841, F1, i)}
93.76	{(n841->not_n841, F0, i)}
93.76	{(n841, F0, i)}
93.76	{(and_not_n836_not_n840->n841, F0, i)}
93.76	{(and_not_n836_not_n840, F0, i)}
93.76	{(not_n840->and_not_n836_not_n840, F0, i)}
93.76	{(not_n836->and_not_n836_not_n840, F0, i)}
93.76	{(not_n840, F0, i)}
93.76	{(n840->not_n840, F1, i)}
93.76	{(not_n836, F0, i)}
93.76	{(n836->not_n836, F1, i)}
93.76	{(n840, F1, i)}
93.76	{(and_pi058_not_n839->n840, F1, i)}
93.76	{(n836, F1, i)}
93.76	{(and_not_pi058_3_not_n835->n836, F1, i)}
93.76	{(and_pi058_not_n839, F1, i)}
93.76	{(and_not_pi058_3_not_n835, F1, i)}
93.76	{(not_n841->and_not_pi053_4_not_n841, F1, i)}
91.65	{(not_n845, F1, i)}
91.65	{(n845->not_n845, F0, i)}
91.65	{(n845, F0, i)}
91.65	{(and_not_n842_not_n844->n845, F0, i)}
91.65	{(and_not_n842_not_n844, F0, i)}
91.65	{(not_n844->and_not_n842_not_n844, F0, i)}
91.65	{(not_n842->and_not_n842_not_n844, F0, i)}
91.65	{(not_n844, F0, i)}
91.65	{(n844->not_n844, F1, i)}
91.65	{(not_n842, F0, i)}
91.65	{(n842->not_n842, F1, i)}
91.65	{(n844, F1, i)}
91.65	{(and_n838_n843->n844, F1, i)}
91.65	{(n842, F1, i)}
91.65	{(and_not_pi053_4_not_n841->n842, F1, i)}
91.65	{(and_n838_n843, F1, i)}
91.65	{(and_not_pi053_4_not_n841, F1, i)}
91.65	{(not_n845->and_not_pi027_9_not_n845, F1, i)}
100.0	{(not_n908, F1, i)}
100.0	{(n908->not_n908, F1, i)}
100.0	{(n908, F1, i)}
100.0	{(and_not_n903_not_n907->n908, F1, i)}
100.0	{(and_not_n903_not_n907, F1, i)}
100.0	{(not_n908->and_not_pi129_13410686196639649008070_not_n908, F1, i)}
100.0	{(not_pi109_5, F1, i)}
100.0	{(not_pi109_5->and_pi036_not_pi109_5, F1, i)}
100.0	{(po051_driver->po051, F1, i)}
100.0	{(po051_driver, F1, i)}
100.0	{(and_not_pi129_13410686196639649008070_not_n908->po051_driver, F1, i)}
100.0	{(and_not_pi129_13410686196639649008070_not_n908, F1, i)}
100.0	{(not_n906, F1, i)}
100.0	{(n906->not_n906, F1, i)}
100.0	{(n906, F1, i)}
100.0	{(and_not_n904_not_n905->n906, F1, i)}
100.0	{(and_not_n904_not_n905, F1, i)}
100.0	{(not_n906->and_not_pi106_5_not_n906, F1, i)}
