100.0	{(not_n879, F1, i)}
100.0	{(n879->not_n879, F0, i)}
100.0	{(n879, F0, i)}
100.0	{(and_not_pi106_1_not_n878->n879, F0, i)}
100.0	{(and_not_pi106_1_not_n878, F0, i)}
100.0	{(not_pi106_1->and_not_pi106_1_not_n878, F0, i)}
100.0	{(not_n878->and_not_pi106_1_not_n878, F0, i)}
100.0	{(not_pi106_1, F0, i)}
100.0	{(not_n878, F0, i)}
100.0	{(n878->not_n878, F1, i)}
100.0	{(n878, F1, i)}
100.0	{(and_not_n876_not_n877->n878, F1, i)}
100.0	{(and_not_n876_not_n877, F1, i)}
100.0	{(not_n879->and_not_n875_not_n879, F1, i)}
100.0	{(po047_driver->po047, F0, i)}
100.0	{(po047_driver, F0, i)}
100.0	{(and_not_pi129_5585458640832840070_not_n880->po047_driver, F0, i)}
100.0	{(and_not_pi129_5585458640832840070_not_n880, F0, i)}
100.0	{(not_pi129_5585458640832840070->and_not_pi129_5585458640832840070_not_n880, F0, i)}
100.0	{(not_n880->and_not_pi129_5585458640832840070_not_n880, F0, i)}
100.0	{(not_pi129_5585458640832840070, F0, i)}
100.0	{(not_n880, F0, i)}
100.0	{(n880->not_n880, F1, i)}
100.0	{(n880, F1, i)}
100.0	{(and_not_n875_not_n879->n880, F1, i)}
100.0	{(and_not_n875_not_n879, F1, i)}
100.0	{(not_pi009_4, F1, i)}
100.0	{(not_pi009_4->and_not_pi009_4_pi013, F1, i)}
100.0	{(not_pi003_168070, F1, i)}
100.0	{(not_pi003_168070->and_not_pi003_168070_n683, F1, i)}
100.0	{(not_pi017_3, F1, i)}
100.0	{(not_pi017_3->and_pi008_not_pi017_3, F1, i)}
100.0	{(n1386->and_pi146_n1386, F1, i)}
