100.0	{(n1012, F1, i)}
100.0	{(and_n934_n1011->n1012, F1, i)}
100.0	{(and_n934_n1011, F1, i)}
100.0	{(n1012->and_n389_n1012, F1, i)}
99.18	{(po058_driver->po058, F0, i)}
99.18	{(po058_driver, F0, i)}
99.18	{(and_not_n1005_n1015->po058_driver, F0, i)}
99.18	{(and_not_n1005_n1015, F0, i)}
99.18	{(n1015->and_not_n1005_n1015, F0, i)}
99.18	{(not_n1005->and_not_n1005_n1015, F0, i)}
99.18	{(n1015, F0, i)}
99.18	{(and_not_n1010_n1014->n1015, F0, i)}
99.18	{(not_n1005, F0, i)}
99.18	{(n1005->not_n1005, F1, i)}
99.18	{(and_not_n1010_n1014, F0, i)}
99.18	{(n1014->and_not_n1010_n1014, F0, i)}
99.18	{(not_n1010->and_not_n1010_n1014, F0, i)}
99.18	{(n1005, F1, i)}
99.18	{(and_not_pi043_3_not_n1004->n1005, F1, i)}
99.18	{(n1014, F0, i)}
99.18	{(and_not_pi129_11044276742439206463052992010_not_n1013->n1014, F0, i)}
99.18	{(not_n1010, F0, i)}
99.18	{(n1010->not_n1010, F1, i)}
99.18	{(and_not_pi043_3_not_n1004, F1, i)}
99.18	{(and_not_pi129_11044276742439206463052992010_not_n1013, F0, i)}
99.18	{(not_pi129_11044276742439206463052992010->and_not_pi129_11044276742439206463052992010_not_n1013, F0, i)}
99.18	{(not_n1013->and_not_pi129_11044276742439206463052992010_not_n1013, F0, i)}
99.18	{(n1010, F1, i)}
99.18	{(and_pi077_n1009->n1010, F1, i)}
99.18	{(not_pi129_11044276742439206463052992010, F0, i)}
99.18	{(not_n1013, F0, i)}
99.18	{(n1013->not_n1013, F1, i)}
99.18	{(and_pi077_n1009, F1, i)}
99.18	{(n1013, F1, i)}
99.18	{(and_n389_n1012->n1013, F1, i)}
99.18	{(and_n389_n1012, F1, i)}
100.0	{(n532, F1, i)}
100.0	{(and_not_pi129_10_not_n531->n532, F1, i)}
100.0	{(and_not_pi129_10_not_n531, F1, i)}
100.0	{(n532->and_not_pi003_6_n532, F1, i)}
95.17	{(po026_driver->po026, F1, i)}
95.17	{(po026_driver, F1, i)}
95.17	{(and_not_pi003_6_n532->po026_driver, F1, i)}
95.17	{(and_not_pi003_6_n532, F1, i)}
100.0	{(not_n541, F1, i)}
100.0	{(n541->not_n541, F0, i)}
100.0	{(n541, F0, i)}
100.0	{(and_not_n534_not_n540->n541, F0, i)}
100.0	{(and_not_n534_not_n540, F0, i)}
100.0	{(not_n534->and_not_n534_not_n540, F0, i)}
100.0	{(not_n540->and_not_n534_not_n540, F0, i)}
100.0	{(not_n534, F0, i)}
100.0	{(n534->not_n534, F1, i)}
100.0	{(not_n540, F0, i)}
100.0	{(n540->not_n540, F1, i)}
100.0	{(n534, F1, i)}
100.0	{(and_pi012_not_pi054_7->n534, F1, i)}
100.0	{(n540, F1, i)}
100.0	{(and_n538_n539->n540, F1, i)}
100.0	{(and_pi012_not_pi054_7, F1, i)}
100.0	{(and_n538_n539, F1, i)}
100.0	{(not_n541->and_not_pi129_70_not_n541, F1, i)}
90.53	{(n542, F1, i)}
90.53	{(and_not_pi129_70_not_n541->n542, F1, i)}
90.53	{(and_not_pi129_70_not_n541, F1, i)}
90.53	{(n542->and_not_pi003_7_n542, F1, i)}
86.14	{(po027_driver->po027, F1, i)}
86.14	{(po027_driver, F1, i)}
86.14	{(and_not_pi003_7_n542->po027_driver, F1, i)}
86.14	{(and_not_pi003_7_n542, F1, i)}
