100.0	{(n1027, F0, i)}
100.0	{(and_n388_n391->n1027, F0, i)}
100.0	{(and_n388_n391, F0, i)}
100.0	{(n388->and_n388_n391, F0, i)}
100.0	{(n391->and_n388_n391, F0, i)}
100.0	{(not_n407, F1, i)}
100.0	{(n407->not_n407, F0, i)}
100.0	{(not_n407->and_pi082_not_n407, F1, i)}
98.33	{(n1011, F1, i)}
98.33	{(and_pi043_n641->n1011, F1, i)}
98.33	{(and_pi043_n641, F1, i)}
98.33	{(n1011->and_n934_n1011, F1, i)}
100.0	{(po040_driver->po040, F0, i)}
100.0	{(po040_driver, F0, i)}
100.0	{(and_not_pi003_1176490_n759->po040_driver, F0, i)}
100.0	{(and_not_pi003_1176490_n759, F0, i)}
100.0	{(not_pi003_1176490->and_not_pi003_1176490_n759, F0, i)}
100.0	{(n759->and_not_pi003_1176490_n759, F0, i)}
100.0	{(not_pi003_1176490, F0, i)}
100.0	{(n759, F0, i)}
100.0	{(and_not_pi129_6782230728490_not_n758->n759, F0, i)}
100.0	{(and_not_pi129_6782230728490_not_n758, F0, i)}
100.0	{(not_pi129_6782230728490->and_not_pi129_6782230728490_not_n758, F0, i)}
100.0	{(not_n758->and_not_pi129_6782230728490_not_n758, F0, i)}
100.0	{(not_pi129_6782230728490, F0, i)}
100.0	{(not_n758, F0, i)}
100.0	{(n758->not_n758, F1, i)}
100.0	{(n758, F1, i)}
100.0	{(and_not_n753_not_n757->n758, F1, i)}
100.0	{(and_not_n753_not_n757, F1, i)}
100.0	{(not_n753, F1, i)}
100.0	{(n753->not_n753, F0, i)}
100.0	{(n753, F0, i)}
100.0	{(and_not_pi058_not_n752->n753, F0, i)}
100.0	{(and_not_pi058_not_n752, F0, i)}
100.0	{(not_pi058->and_not_pi058_not_n752, F0, i)}
100.0	{(not_n752->and_not_pi058_not_n752, F0, i)}
100.0	{(not_pi058, F0, i)}
100.0	{(not_n752, F0, i)}
100.0	{(n752->not_n752, F1, i)}
100.0	{(n752, F1, i)}
100.0	{(and_not_n746_not_n751->n752, F1, i)}
100.0	{(and_not_n746_not_n751, F1, i)}
100.0	{(not_n753->and_not_n753_not_n757, F1, i)}
100.0	{(n1182, F1, i)}
100.0	{(and_not_pi085_8_n787->n1182, F1, i)}
100.0	{(and_not_pi085_8_n787, F1, i)}
