100.0	{(n698, F0, i)}
100.0	{(and_n399_n697->n698, F0, i)}
100.0	{(and_n399_n697, F0, i)}
100.0	{(n399->and_n399_n697, F0, i)}
100.0	{(n697->and_n399_n697, F0, i)}
100.0	{(not_pi136_4, F1, i)}
100.0	{(not_pi136_4->and_not_pi136_4_not_n1450, F1, i)}
100.0	{(not_pi065_0, F1, i)}
100.0	{(not_pi065_0->and_not_pi065_0_not_pi138_6, F1, i)}
100.0	{(not_n1325_2, F1, i)}
100.0	{(n1325->not_n1325_2, F0, i)}
100.0	{(not_n1325_2->and_pi081_not_n1325_2, F1, i)}
100.0	{(not_pi050, F1, i)}
100.0	{(not_pi050->and_not_pi038_not_pi050, F1, i)}
100.0	{(n388, F1, i)}
100.0	{(and_not_pi038_not_pi050->n388, F1, i)}
100.0	{(and_not_pi038_not_pi050, F1, i)}
100.0	{(n404, F1, i)}
100.0	{(and_n390_n403->n404, F1, i)}
100.0	{(and_n390_n403, F1, i)}
100.0	{(not_pi040_2, F1, i)}
100.0	{(not_pi040_2->and_not_pi040_2_not_n952, F1, i)}
