100.0	{(n1074, F1, i)}
100.0	{(and_pi047_n641->n1074, F1, i)}
100.0	{(and_pi047_n641, F1, i)}
100.0	{(n1074->and_n934_n1074, F1, i)}
100.0	{(not_n1524, F1, i)}
100.0	{(n1524->not_n1524, F0, i)}
100.0	{(n1524, F0, i)}
100.0	{(and_not_pi136_3430_not_n1523->n1524, F0, i)}
100.0	{(and_not_pi136_3430_not_n1523, F0, i)}
100.0	{(not_pi136_3430->and_not_pi136_3430_not_n1523, F0, i)}
100.0	{(not_n1523->and_not_pi136_3430_not_n1523, F0, i)}
100.0	{(not_pi136_3430, F0, i)}
100.0	{(not_n1523, F0, i)}
100.0	{(n1523->not_n1523, F1, i)}
100.0	{(n1523, F1, i)}
100.0	{(and_not_n1521_not_n1522->n1523, F1, i)}
100.0	{(and_not_n1521_not_n1522, F1, i)}
100.0	{(not_n1524->and_not_n1524_not_n1525, F1, i)}
100.0	{(n1527, F0, i)}
100.0	{(and_pi137_not_n1526->n1527, F0, i)}
100.0	{(and_pi137_not_n1526, F0, i)}
100.0	{(not_n1526->and_pi137_not_n1526, F0, i)}
100.0	{(not_n1526, F0, i)}
100.0	{(n1526->not_n1526, F1, i)}
100.0	{(n1526, F1, i)}
100.0	{(and_not_n1524_not_n1525->n1526, F1, i)}
100.0	{(and_not_n1524_not_n1525, F1, i)}
100.0	{(n1527->or_n1520_n1527, F0, i)}
100.0	{(n480, F1, i)}
100.0	{(and_not_pi005_4_n479->n480, F1, i)}
100.0	{(and_not_pi005_4_n479, F1, i)}
100.0	{(n480->and_n445_n480, F1, i)}
100.0	{(n481, F1, i)}
100.0	{(and_n445_n480->n481, F1, i)}
100.0	{(and_n445_n480, F1, i)}
100.0	{(n481->and_n478_n481, F1, i)}
88.89	{(not_pi027_2, F1, i)}
88.89	{(not_pi027_2->and_not_pi027_2_not_pi053_1, F1, i)}
80.0	{(n773, F1, i)}
80.0	{(and_not_pi027_2_not_pi053_1->n773, F1, i)}
80.0	{(and_not_pi027_2_not_pi053_1, F1, i)}
80.0	{(n773->and_not_pi058_0_n773, F1, i)}
80.0	{(n774, F1, i)}
80.0	{(and_not_pi058_0_n773->n774, F1, i)}
80.0	{(and_not_pi058_0_n773, F1, i)}
