100.0	{(not_n752, F1, i)}
100.0	{(n752->not_n752, F0, i)}
100.0	{(n752, F0, i)}
100.0	{(and_not_n746_not_n751->n752, F0, i)}
100.0	{(and_not_n746_not_n751, F0, i)}
100.0	{(not_n751->and_not_n746_not_n751, F0, i)}
100.0	{(not_n746->and_not_n746_not_n751, F0, i)}
100.0	{(not_n751, F0, i)}
100.0	{(n751->not_n751, F1, i)}
100.0	{(not_n746, F0, i)}
100.0	{(n746->not_n746, F1, i)}
100.0	{(n751, F1, i)}
100.0	{(and_n748_n750->n751, F1, i)}
100.0	{(n746, F1, i)}
100.0	{(and_not_pi053_not_n745->n746, F1, i)}
100.0	{(and_n748_n750, F1, i)}
100.0	{(and_not_pi053_not_n745, F1, i)}
100.0	{(not_n752->and_not_pi058_not_n752, F1, i)}
96.35	{(not_n758, F1, i)}
96.35	{(n758->not_n758, F0, i)}
96.35	{(n758, F0, i)}
96.35	{(and_not_n753_not_n757->n758, F0, i)}
96.35	{(and_not_n753_not_n757, F0, i)}
96.35	{(not_n753->and_not_n753_not_n757, F0, i)}
96.35	{(not_n757->and_not_n753_not_n757, F0, i)}
96.35	{(not_n753, F0, i)}
96.35	{(n753->not_n753, F1, i)}
96.35	{(not_n757, F0, i)}
96.35	{(n757->not_n757, F1, i)}
96.35	{(n753, F1, i)}
96.35	{(and_not_pi058_not_n752->n753, F1, i)}
96.35	{(n757, F1, i)}
96.35	{(and_n748_n756->n757, F1, i)}
96.35	{(and_not_pi058_not_n752, F1, i)}
96.35	{(and_n748_n756, F1, i)}
96.35	{(not_n758->and_not_pi129_6782230728490_not_n758, F1, i)}
100.0	{(not_pi138_1176490, F1, i)}
100.0	{(not_pi138_1176490->and_pi081_not_pi138_1176490, F1, i)}
100.0	{(not_n1305, F1, i)}
100.0	{(n1305->not_n1305, F0, i)}
100.0	{(n1305, F0, i)}
100.0	{(and_not_pi141_0_n1271->n1305, F0, i)}
100.0	{(and_not_pi141_0_n1271, F0, i)}
100.0	{(n1271->and_not_pi141_0_n1271, F0, i)}
100.0	{(not_pi141_0->and_not_pi141_0_n1271, F0, i)}
100.0	{(not_pi141_0, F0, i)}
100.0	{(not_n1305->and_not_n1304_not_n1305, F1, i)}
100.0	{(n1583, F1, i)}
100.0	{(and_pi082_n1582->n1583, F1, i)}
100.0	{(and_pi082_n1582, F1, i)}
100.0	{(not_n1125, F1, i)}
100.0	{(n1125->not_n1125, F0, i)}
100.0	{(n1125, F0, i)}
100.0	{(and_not_pi050_4_not_n1124->n1125, F0, i)}
100.0	{(and_not_pi050_4_not_n1124, F0, i)}
100.0	{(not_pi050_4->and_not_pi050_4_not_n1124, F0, i)}
100.0	{(not_n1124->and_not_pi050_4_not_n1124, F0, i)}
100.0	{(not_pi050_4, F0, i)}
100.0	{(not_n1124, F0, i)}
100.0	{(n1124->not_n1124, F1, i)}
100.0	{(n1124, F1, i)}
100.0	{(and_not_n1119_not_n1123->n1124, F1, i)}
100.0	{(and_not_n1119_not_n1123, F1, i)}
100.0	{(not_n1125->and_not_n1125_n1134, F1, i)}
