100.0	{(not_n301, F1, i)}
100.0	{(n301->not_n301, F0, i)}
100.0	{(not_n301->and_not_pi056_0_not_n301, F1, i)}
100.0	{(not_n302, F1, i)}
100.0	{(n302->not_n302, F0, i)}
100.0	{(not_n302->and_n301_not_n302, F1, i)}
100.0	{(n447->and_n447_n546, F1, i)}
100.0	{(n447, F1, i)}
100.0	{(and_not_pi059_n356->n447, F1, i)}
100.0	{(and_not_pi059_n356, F1, i)}
100.0	{(not_pi059, F1, i)}
100.0	{(not_pi059->and_not_pi059_n356, F1, i)}
100.0	{(n448->and_n448_n491, F1, i)}
100.0	{(n1026, F1, i)}
100.0	{(and_n399_n704->n1026, F1, i)}
100.0	{(and_n399_n704, F1, i)}
100.0	{(n1026->and_n1026_n1027, F1, i)}
100.0	{(not_n1493, F1, i)}
100.0	{(n1493->not_n1493, F0, i)}
100.0	{(n1493, F0, i)}
100.0	{(and_not_n1488_not_n1492->n1493, F0, i)}
100.0	{(and_not_n1488_not_n1492, F0, i)}
100.0	{(not_n1492->and_not_n1488_not_n1492, F0, i)}
100.0	{(not_n1488->and_not_n1488_not_n1492, F0, i)}
100.0	{(not_n1492, F0, i)}
100.0	{(n1492->not_n1492, F1, i)}
100.0	{(not_n1488, F0, i)}
100.0	{(n1488->not_n1488, F1, i)}
100.0	{(n1492, F1, i)}
100.0	{(and_not_pi137_6_not_n1491->n1492, F1, i)}
100.0	{(n1488, F1, i)}
100.0	{(and_pi137_not_n1487->n1488, F1, i)}
100.0	{(and_not_pi137_6_not_n1491, F1, i)}
100.0	{(and_pi137_not_n1487, F1, i)}
100.0	{(not_n1493->and_not_pi138_9_not_n1493, F1, i)}
