100.0	{(n301, F0, i)}
100.0	{(and_not_pi005_not_pi022->n301, F0, i)}
100.0	{(and_not_pi005_not_pi022, F0, i)}
100.0	{(not_pi005->and_not_pi005_not_pi022, F0, i)}
100.0	{(not_pi022->and_not_pi005_not_pi022, F0, i)}
100.0	{(not_pi005, F0, i)}
100.0	{(not_pi022, F0, i)}
100.0	{(not_n302, F1, i)}
100.0	{(n302->not_n302, F0, i)}
100.0	{(not_n302->and_n301_not_n302, F1, i)}
100.0	{(not_n301, F1, i)}
100.0	{(n301->not_n301, F0, i)}
100.0	{(not_n301->and_not_pi056_0_not_n301, F1, i)}
97.78	{(n308, F1, i)}
97.78	{(and_n301_not_n302->n308, F1, i)}
97.78	{(and_n301_not_n302, F1, i)}
97.78	{(n308->and_not_pi056_n308, F1, i)}
97.78	{(not_n334, F1, i)}
97.78	{(n334->not_n334, F0, i)}
97.78	{(n334, F0, i)}
97.78	{(and_not_n310_not_n333->n334, F0, i)}
97.78	{(and_not_n310_not_n333, F0, i)}
97.78	{(not_n310->and_not_n310_not_n333, F0, i)}
97.78	{(not_n333->and_not_n310_not_n333, F0, i)}
97.78	{(not_n310, F0, i)}
97.78	{(n310->not_n310, F1, i)}
97.78	{(not_n333, F0, i)}
97.78	{(n333->not_n333, F1, i)}
97.78	{(n310, F1, i)}
97.78	{(and_not_pi056_0_not_n301->n310, F1, i)}
97.78	{(n333, F1, i)}
97.78	{(and_n331_n332->n333, F1, i)}
97.78	{(and_not_pi056_0_not_n301, F1, i)}
97.78	{(and_n331_n332, F1, i)}
97.78	{(not_n334->and_n302_not_n334, F1, i)}
95.65	{(not_n338, F1, i)}
95.65	{(n338->not_n338, F0, i)}
95.65	{(n338, F0, i)}
95.65	{(and_not_n307_not_n337->n338, F0, i)}
95.65	{(and_not_n307_not_n337, F0, i)}
95.65	{(not_n307->and_not_n307_not_n337, F0, i)}
95.65	{(not_n337->and_not_n307_not_n337, F0, i)}
95.65	{(not_n307, F0, i)}
95.65	{(n307->not_n307, F1, i)}
95.65	{(not_n337, F0, i)}
95.65	{(n337->not_n337, F1, i)}
95.65	{(n307, F1, i)}
95.65	{(and_not_pi000_not_n306->n307, F1, i)}
95.65	{(n337, F1, i)}
95.65	{(and_pi054_not_n336->n337, F1, i)}
95.65	{(and_not_pi000_not_n306, F1, i)}
95.65	{(and_pi054_not_n336, F1, i)}
95.65	{(not_n338->and_not_pi129_not_n338, F1, i)}
95.65	{(not_n336, F1, i)}
95.65	{(n336->not_n336, F0, i)}
95.65	{(n336, F0, i)}
95.65	{(and_not_n309_not_n335->n336, F0, i)}
95.65	{(and_not_n309_not_n335, F0, i)}
95.65	{(not_n309->and_not_n309_not_n335, F0, i)}
95.65	{(not_n335->and_not_n309_not_n335, F0, i)}
95.65	{(not_n309, F0, i)}
95.65	{(n309->not_n309, F1, i)}
95.65	{(not_n335, F0, i)}
95.65	{(n335->not_n335, F1, i)}
95.65	{(n309, F1, i)}
95.65	{(and_not_pi056_n308->n309, F1, i)}
95.65	{(n335, F1, i)}
95.65	{(and_n302_not_n334->n335, F1, i)}
95.65	{(and_not_pi056_n308, F1, i)}
95.65	{(and_n302_not_n334, F1, i)}
95.65	{(not_n336->and_pi054_not_n336, F1, i)}
91.67	{(n302, F0, i)}
91.67	{(and_not_pi009_not_pi011->n302, F0, i)}
91.67	{(and_not_pi009_not_pi011, F0, i)}
91.67	{(not_pi011->and_not_pi009_not_pi011, F0, i)}
91.67	{(not_pi009->and_not_pi009_not_pi011, F0, i)}
91.67	{(not_pi011, F0, i)}
91.67	{(not_pi009, F0, i)}
100.0	{(not_n657, F1, i)}
100.0	{(n657->not_n657, F0, i)}
100.0	{(n657, F0, i)}
100.0	{(and_pi082_not_n656->n657, F0, i)}
100.0	{(and_pi082_not_n656, F0, i)}
100.0	{(not_n656->and_pi082_not_n656, F0, i)}
100.0	{(not_n656, F0, i)}
100.0	{(n656->not_n656, F1, i)}
100.0	{(n656, F1, i)}
100.0	{(and_not_n654_not_n655->n656, F1, i)}
100.0	{(and_not_n654_not_n655, F1, i)}
100.0	{(not_n657->and_not_n657_not_n658, F1, i)}
100.0	{(n659, F1, i)}
100.0	{(and_not_n657_not_n658->n659, F1, i)}
100.0	{(and_not_n657_not_n658, F1, i)}
100.0	{(n659->and_not_n648_n659, F1, i)}
