100.0	{(n416, F0, i)}
100.0	{(and_not_pi009_1_not_pi014_3->n416, F0, i)}
100.0	{(and_not_pi009_1_not_pi014_3, F0, i)}
100.0	{(not_pi009_1->and_not_pi009_1_not_pi014_3, F0, i)}
100.0	{(not_pi014_3->and_not_pi009_1_not_pi014_3, F0, i)}
100.0	{(not_pi009_1, F0, i)}
100.0	{(not_pi014_3, F0, i)}
100.0	{(not_n799, F1, i)}
100.0	{(n799->not_n799, F0, i)}
100.0	{(n799, F0, i)}
100.0	{(and_pi028_not_n798->n799, F0, i)}
100.0	{(and_pi028_not_n798, F0, i)}
100.0	{(not_n798->and_pi028_not_n798, F0, i)}
100.0	{(not_n798, F0, i)}
100.0	{(n798->not_n798, F1, i)}
100.0	{(n798, F1, i)}
100.0	{(and_not_n793_not_n797->n798, F1, i)}
100.0	{(and_not_n793_not_n797, F1, i)}
100.0	{(not_n799->and_not_n799_n807, F1, i)}
60.0	{(not_n809, F1, i)}
60.0	{(n809->not_n809, F0, i)}
60.0	{(n809, F0, i)}
60.0	{(and_not_pi085_5_not_n808->n809, F0, i)}
60.0	{(and_not_pi085_5_not_n808, F0, i)}
60.0	{(not_pi085_5->and_not_pi085_5_not_n808, F0, i)}
60.0	{(not_n808->and_not_pi085_5_not_n808, F0, i)}
60.0	{(not_pi085_5, F0, i)}
60.0	{(not_n808, F0, i)}
60.0	{(n808->not_n808, F1, i)}
60.0	{(n808, F1, i)}
60.0	{(and_not_n799_n807->n808, F1, i)}
60.0	{(and_not_n799_n807, F1, i)}
60.0	{(not_n809->and_not_n809_not_n815, F1, i)}
54.55	{(not_n817, F1, i)}
54.55	{(n817->not_n817, F0, i)}
54.55	{(n817, F0, i)}
54.55	{(and_not_pi053_3_not_n816->n817, F0, i)}
54.55	{(and_not_pi053_3_not_n816, F0, i)}
54.55	{(not_pi053_3->and_not_pi053_3_not_n816, F0, i)}
54.55	{(not_n816->and_not_pi053_3_not_n816, F0, i)}
54.55	{(not_pi053_3, F0, i)}
54.55	{(not_n816, F0, i)}
54.55	{(n816->not_n816, F1, i)}
54.55	{(n816, F1, i)}
54.55	{(and_not_n809_not_n815->n816, F1, i)}
54.55	{(and_not_n809_not_n815, F1, i)}
54.55	{(not_n817->and_not_n817_not_n821, F1, i)}
52.17	{(not_n823, F1, i)}
52.17	{(n823->not_n823, F0, i)}
52.17	{(n823, F0, i)}
52.17	{(and_not_pi058_2_not_n822->n823, F0, i)}
52.17	{(and_not_pi058_2_not_n822, F0, i)}
52.17	{(not_pi058_2->and_not_pi058_2_not_n822, F0, i)}
52.17	{(not_n822->and_not_pi058_2_not_n822, F0, i)}
52.17	{(not_pi058_2, F0, i)}
52.17	{(not_n822, F0, i)}
52.17	{(n822->not_n822, F1, i)}
52.17	{(n822, F1, i)}
52.17	{(and_not_n817_not_n821->n822, F1, i)}
52.17	{(and_not_n817_not_n821, F1, i)}
52.17	{(not_n823->and_not_n823_not_n825, F1, i)}
50.0	{(po043_driver->po043, F0, i)}
50.0	{(po043_driver, F0, i)}
50.0	{(and_not_pi003_403536070_n827->po043_driver, F0, i)}
50.0	{(and_not_pi003_403536070_n827, F0, i)}
50.0	{(n827->and_not_pi003_403536070_n827, F0, i)}
50.0	{(not_pi003_403536070->and_not_pi003_403536070_n827, F0, i)}
50.0	{(n827, F0, i)}
50.0	{(and_not_pi129_2326305139872070_not_n826->n827, F0, i)}
50.0	{(not_pi003_403536070, F0, i)}
50.0	{(and_not_pi129_2326305139872070_not_n826, F0, i)}
50.0	{(not_pi129_2326305139872070->and_not_pi129_2326305139872070_not_n826, F0, i)}
50.0	{(not_n826->and_not_pi129_2326305139872070_not_n826, F0, i)}
50.0	{(not_pi129_2326305139872070, F0, i)}
50.0	{(not_n826, F0, i)}
50.0	{(n826->not_n826, F1, i)}
50.0	{(n826, F1, i)}
50.0	{(and_not_n823_not_n825->n826, F1, i)}
50.0	{(and_not_n823_not_n825, F1, i)}
100.0	{(n1165, F1, i)}
100.0	{(and_pi026_not_pi058_6->n1165, F1, i)}
100.0	{(and_pi026_not_pi058_6, F1, i)}
100.0	{(n1165->and_pi116_n1165, F1, i)}
100.0	{(not_n1468, F1, i)}
100.0	{(n1468->not_n1468, F0, i)}
100.0	{(n1468, F0, i)}
100.0	{(and_not_n1466_not_n1467->n1468, F0, i)}
100.0	{(and_not_n1466_not_n1467, F0, i)}
100.0	{(not_n1466->and_not_n1466_not_n1467, F0, i)}
100.0	{(not_n1467->and_not_n1466_not_n1467, F0, i)}
100.0	{(not_n1466, F0, i)}
100.0	{(n1466->not_n1466, F1, i)}
100.0	{(not_n1467, F0, i)}
100.0	{(n1467->not_n1467, F1, i)}
100.0	{(n1466, F1, i)}
100.0	{(and_pi091_n1249->n1466, F1, i)}
100.0	{(n1467, F1, i)}
100.0	{(and_pi095_n1324->n1467, F1, i)}
100.0	{(and_pi091_n1249, F1, i)}
100.0	{(and_pi095_n1324, F1, i)}
100.0	{(not_n1468->and_pi138_not_n1468, F1, i)}
100.0	{(n1588, F1, i)}
100.0	{(and_not_pi136_403536070_pi141->n1588, F1, i)}
100.0	{(and_not_pi136_403536070_pi141, F1, i)}
100.0	{(n1588->and_n1583_n1588, F1, i)}
91.67	{(not_n1591, F1, i)}
91.67	{(n1591->not_n1591, F0, i)}
91.67	{(n1591, F0, i)}
91.67	{(and_not_n1589_not_n1590->n1591, F0, i)}
91.67	{(and_not_n1589_not_n1590, F0, i)}
91.67	{(not_n1590->and_not_n1589_not_n1590, F0, i)}
91.67	{(not_n1589->and_not_n1589_not_n1590, F0, i)}
91.67	{(not_n1590, F0, i)}
91.67	{(n1590->not_n1590, F1, i)}
91.67	{(not_n1589, F0, i)}
91.67	{(n1589->not_n1589, F1, i)}
91.67	{(n1590, F1, i)}
91.67	{(and_not_pi112_0_not_n1421_1->n1590, F1, i)}
91.67	{(n1589, F1, i)}
91.67	{(and_n1583_n1588->n1589, F1, i)}
91.67	{(and_not_pi112_0_not_n1421_1, F1, i)}
91.67	{(and_n1583_n1588, F1, i)}
91.67	{(not_n1591->and_n1246_not_n1591, F1, i)}
