100.0	{(not_n1359, F1, i)}
100.0	{(n1359->not_n1359, F0, i)}
100.0	{(n1359, F0, i)}
100.0	{(and_not_pi136_2_not_n1358->n1359, F0, i)}
100.0	{(and_not_pi136_2_not_n1358, F0, i)}
100.0	{(not_pi136_2->and_not_pi136_2_not_n1358, F0, i)}
100.0	{(not_n1358->and_not_pi136_2_not_n1358, F0, i)}
100.0	{(not_pi136_2, F0, i)}
100.0	{(not_n1358, F0, i)}
100.0	{(n1358->not_n1358, F1, i)}
100.0	{(n1358, F1, i)}
100.0	{(and_not_n1356_not_n1357->n1358, F1, i)}
100.0	{(and_not_n1356_not_n1357, F1, i)}
100.0	{(not_n1359->and_not_n1359_not_n1361, F1, i)}
92.31	{(n1363, F0, i)}
92.31	{(and_pi137_not_n1362->n1363, F0, i)}
92.31	{(and_pi137_not_n1362, F0, i)}
92.31	{(not_n1362->and_pi137_not_n1362, F0, i)}
92.31	{(not_n1362, F0, i)}
92.31	{(n1362->not_n1362, F1, i)}
92.31	{(n1362, F1, i)}
92.31	{(and_not_n1359_not_n1361->n1362, F1, i)}
92.31	{(and_not_n1359_not_n1361, F1, i)}
92.31	{(n1363->or_n1355_n1363, F0, i)}
100.0	{(n515, F1, i)}
100.0	{(and_n459_n479->n515, F1, i)}
100.0	{(and_n459_n479, F1, i)}
100.0	{(n630, F1, i)}
100.0	{(and_not_pi004_1_not_pi018_3->n630, F1, i)}
100.0	{(and_not_pi004_1_not_pi018_3, F1, i)}
100.0	{(n630->and_not_pi019_1_n630, F1, i)}
100.0	{(n631, F1, i)}
100.0	{(and_not_pi019_1_n630->n631, F1, i)}
100.0	{(and_not_pi019_1_n630, F1, i)}
100.0	{(n631->and_n448_n631, F1, i)}
100.0	{(n632, F1, i)}
100.0	{(and_n448_n631->n632, F1, i)}
100.0	{(and_n448_n631, F1, i)}
100.0	{(n632->and_n629_n632, F1, i)}
