100.0	{(n1249->and_not_pi143_0_n1249, F1, i)}
100.0	{(n1286, F1, i)}
100.0	{(and_not_pi143_0_n1249->n1286, F1, i)}
100.0	{(and_not_pi143_0_n1249, F1, i)}
100.0	{(n1286->and_n1251_n1286, F1, i)}
100.0	{(not_pi129_3, F1, i)}
100.0	{(not_pi129_3->and_not_pi129_3_not_n437, F1, i)}
100.0	{(not_pi003_113988951853731430, F1, i)}
100.0	{(not_pi003_113988951853731430->and_not_pi003_113988951853731430_n1572, F1, i)}
100.0	{(n572->and_n391_n572, F1, i)}
100.0	{(not_n1108, F1, i)}
100.0	{(n1108->not_n1108, F0, i)}
100.0	{(n1108, F0, i)}
100.0	{(and_pi049_not_n1107->n1108, F0, i)}
100.0	{(and_pi049_not_n1107, F0, i)}
100.0	{(not_n1107->and_pi049_not_n1107, F0, i)}
100.0	{(not_n1107, F0, i)}
100.0	{(n1107->not_n1107, F1, i)}
100.0	{(n1107, F1, i)}
100.0	{(and_n705_n1106->n1107, F1, i)}
100.0	{(and_n705_n1106, F1, i)}
100.0	{(not_n1108->and_not_n1108_not_n1112, F1, i)}
