100.0	{(n390, F0, i)}
100.0	{(and_not_pi042_not_pi044->n390, F0, i)}
100.0	{(and_not_pi042_not_pi044, F0, i)}
100.0	{(not_pi044->and_not_pi042_not_pi044, F0, i)}
100.0	{(not_pi042->and_not_pi042_not_pi044, F0, i)}
100.0	{(not_pi044, F0, i)}
100.0	{(not_pi042, F0, i)}
100.0	{(n1283, F0, i)}
100.0	{(and_not_n1280_not_n1282->n1283, F0, i)}
100.0	{(and_not_n1280_not_n1282, F0, i)}
100.0	{(not_n1280->and_not_n1280_not_n1282, F0, i)}
100.0	{(not_n1282->and_not_n1280_not_n1282, F0, i)}
100.0	{(not_n1280, F0, i)}
100.0	{(n1280->not_n1280, F1, i)}
100.0	{(not_n1282, F0, i)}
100.0	{(n1282->not_n1282, F1, i)}
100.0	{(n1280, F1, i)}
100.0	{(and_pi068_not_n1247_3->n1280, F1, i)}
100.0	{(n1282, F1, i)}
100.0	{(and_n1251_n1281->n1282, F1, i)}
100.0	{(and_pi068_not_n1247_3, F1, i)}
100.0	{(and_n1251_n1281, F1, i)}
100.0	{(n1283->or_pi129_n1283, F0, i)}
90.66	{(po083_driver->po083, F0, i)}
90.66	{(po083_driver, F0, i)}
90.66	{(or_pi129_n1283->po083_driver, F0, i)}
90.66	{(or_pi129_n1283, F0, i)}
100.0	{(not_n1424, F1, i)}
100.0	{(n1424->not_n1424, F0, i)}
100.0	{(n1424, F0, i)}
100.0	{(and_pi095_not_n1423->n1424, F0, i)}
100.0	{(and_pi095_not_n1423, F0, i)}
100.0	{(not_n1423->and_pi095_not_n1423, F0, i)}
100.0	{(not_n1423, F0, i)}
100.0	{(n1423->not_n1423, F1, i)}
100.0	{(not_n1424->and_not_n1424_not_n1425, F1, i)}
