100.0	{(po129_driver, F1, i)}
100.0	{(or_pi123_pi129->po129_driver, F1, i)}
100.0	{(or_pi123_pi129, F1, i)}
100.0	{(not_n1470, F1, i)}
100.0	{(n1470->not_n1470, F0, i)}
100.0	{(n1470, F0, i)}
100.0	{(and_pi079_not_pi136_6->n1470, F0, i)}
100.0	{(and_pi079_not_pi136_6, F0, i)}
100.0	{(not_pi136_6->and_pi079_not_pi136_6, F0, i)}
100.0	{(not_pi136_6, F0, i)}
100.0	{(not_n1470->and_not_n1470_not_n1471, F1, i)}
100.0	{(not_n834, F1, i)}
100.0	{(n834->not_n834, F0, i)}
100.0	{(n834, F0, i)}
100.0	{(and_n724_not_n833->n834, F0, i)}
100.0	{(and_n724_not_n833, F0, i)}
100.0	{(n724->and_n724_not_n833, F0, i)}
100.0	{(not_n833->and_n724_not_n833, F0, i)}
100.0	{(not_n833, F0, i)}
100.0	{(n833->not_n833, F1, i)}
100.0	{(n833, F1, i)}
100.0	{(and_not_n831_not_n832->n833, F1, i)}
100.0	{(and_not_n831_not_n832, F1, i)}
100.0	{(not_n834->and_not_n829_not_n834, F1, i)}
94.44	{(not_n836, F1, i)}
94.44	{(n836->not_n836, F0, i)}
94.44	{(n836, F0, i)}
94.44	{(and_not_pi058_3_not_n835->n836, F0, i)}
94.44	{(and_not_pi058_3_not_n835, F0, i)}
94.44	{(not_pi058_3->and_not_pi058_3_not_n835, F0, i)}
94.44	{(not_n835->and_not_pi058_3_not_n835, F0, i)}
94.44	{(not_pi058_3, F0, i)}
94.44	{(not_n835, F0, i)}
94.44	{(n835->not_n835, F1, i)}
94.44	{(n835, F1, i)}
94.44	{(and_not_n829_not_n834->n835, F1, i)}
94.44	{(and_not_n829_not_n834, F1, i)}
94.44	{(not_n836->and_not_n836_not_n840, F1, i)}
100.0	{(not_pi024, F1, i)}
100.0	{(not_pi024->and_not_pi024_not_pi049, F1, i)}
100.0	{(not_n1065, F1, i)}
100.0	{(n1065->not_n1065, F0, i)}
100.0	{(n1065, F0, i)}
100.0	{(and_pi082_not_n927->n1065, F0, i)}
100.0	{(and_pi082_not_n927, F0, i)}
100.0	{(not_n927->and_pi082_not_n927, F0, i)}
100.0	{(not_n927, F0, i)}
100.0	{(n927->not_n927, F1, i)}
100.0	{(not_n1065->and_n379_not_n1065, F1, i)}
