100.0	{(n1134, F1, i)}
100.0	{(and_not_n1130_n1133->n1134, F1, i)}
100.0	{(and_not_n1130_n1133, F1, i)}
100.0	{(n1134->and_not_n1125_n1134, F1, i)}
90.14	{(po065_driver->po065, F1, i)}
90.14	{(po065_driver, F1, i)}
90.14	{(and_not_n1125_n1134->po065_driver, F1, i)}
90.14	{(and_not_n1125_n1134, F1, i)}
100.0	{(not_pi022_1, F1, i)}
100.0	{(not_pi022_1->and_pi010_not_pi022_1, F1, i)}
100.0	{(not_n1349, F1, i)}
100.0	{(n1349->not_n1349, F0, i)}
100.0	{(n1349, F0, i)}
100.0	{(and_pi136_not_n1348->n1349, F0, i)}
100.0	{(and_pi136_not_n1348, F0, i)}
100.0	{(not_n1348->and_pi136_not_n1348, F0, i)}
100.0	{(not_n1348, F0, i)}
100.0	{(n1348->not_n1348, F1, i)}
100.0	{(n1348, F1, i)}
100.0	{(and_not_n1346_not_n1347->n1348, F1, i)}
100.0	{(and_not_n1346_not_n1347, F1, i)}
100.0	{(not_n1349->and_not_n1349_not_n1353, F1, i)}
100.0	{(n1499, F0, i)}
100.0	{(and_pi138_not_n1498->n1499, F0, i)}
100.0	{(and_pi138_not_n1498, F0, i)}
100.0	{(not_n1498->and_pi138_not_n1498, F0, i)}
100.0	{(not_n1498, F0, i)}
100.0	{(n1498->not_n1498, F1, i)}
100.0	{(n1498, F1, i)}
100.0	{(and_not_n1496_not_n1497->n1498, F1, i)}
100.0	{(and_not_n1496_not_n1497, F1, i)}
100.0	{(n1499->or_n1499_n1509, F0, i)}
