100.0	{(n1175->and_not_pi058_7_n1175, F1, i)}
98.28	{(not_n1177, F1, i)}
98.28	{(n1177->not_n1177, F0, i)}
98.28	{(n1177, F0, i)}
98.28	{(and_not_n1174_not_n1176->n1177, F0, i)}
98.28	{(and_not_n1174_not_n1176, F0, i)}
98.28	{(not_n1176->and_not_n1174_not_n1176, F0, i)}
98.28	{(not_n1174->and_not_n1174_not_n1176, F0, i)}
98.28	{(not_n1176, F0, i)}
98.28	{(n1176->not_n1176, F1, i)}
98.28	{(not_n1174, F0, i)}
98.28	{(n1174->not_n1174, F1, i)}
98.28	{(n1176, F1, i)}
98.28	{(and_not_pi058_7_n1175->n1176, F1, i)}
98.28	{(n1174, F1, i)}
98.28	{(and_not_pi053_6_not_n1173->n1174, F1, i)}
98.28	{(and_not_pi058_7_n1175, F1, i)}
98.28	{(and_not_pi053_6_not_n1173, F1, i)}
98.28	{(not_n1177->and_not_pi085_7_not_n1177, F1, i)}
96.21	{(n1175, F1, i)}
96.21	{(and_not_pi026_490_pi037->n1175, F1, i)}
96.21	{(and_not_pi026_490_pi037, F1, i)}
95.81	{(not_n1180, F1, i)}
95.81	{(n1180->not_n1180, F0, i)}
95.81	{(n1180, F0, i)}
95.81	{(and_not_n1178_not_n1179->n1180, F0, i)}
95.81	{(and_not_n1178_not_n1179, F0, i)}
95.81	{(not_n1179->and_not_n1178_not_n1179, F0, i)}
95.81	{(not_n1178->and_not_n1178_not_n1179, F0, i)}
95.81	{(not_n1179, F0, i)}
95.81	{(n1179->not_n1179, F1, i)}
95.81	{(not_n1178, F0, i)}
95.81	{(n1178->not_n1178, F1, i)}
95.81	{(n1179, F1, i)}
95.81	{(and_n787_n1175->n1179, F1, i)}
95.81	{(n1178, F1, i)}
95.81	{(and_not_pi085_7_not_n1177->n1178, F1, i)}
95.81	{(and_n787_n1175, F1, i)}
95.81	{(and_not_pi085_7_not_n1177, F1, i)}
95.81	{(not_n1180->and_not_pi027_10_not_n1180, F1, i)}
92.89	{(not_n1184, F1, i)}
92.89	{(n1184->not_n1184, F0, i)}
92.89	{(n1184, F0, i)}
92.89	{(and_not_n1181_not_n1183->n1184, F0, i)}
92.89	{(and_not_n1181_not_n1183, F0, i)}
92.89	{(not_n1183->and_not_n1181_not_n1183, F0, i)}
92.89	{(not_n1181->and_not_n1181_not_n1183, F0, i)}
92.89	{(not_n1183, F0, i)}
92.89	{(n1183->not_n1183, F1, i)}
92.89	{(not_n1181, F0, i)}
92.89	{(n1181->not_n1181, F1, i)}
92.89	{(n1183, F1, i)}
92.89	{(and_n1175_n1182->n1183, F1, i)}
92.89	{(n1181, F1, i)}
92.89	{(and_not_pi027_10_not_n1180->n1181, F1, i)}
92.89	{(and_n1175_n1182, F1, i)}
92.89	{(and_not_pi027_10_not_n1180, F1, i)}
92.89	{(not_n1184->and_not_pi129_21838143759917965991093122527538323430_not_n1184, F1, i)}
100.0	{(not_n1193, F1, i)}
100.0	{(n1193->not_n1193, F0, i)}
100.0	{(n1193, F0, i)}
100.0	{(and_not_pi116_9_n1192->n1193, F0, i)}
100.0	{(and_not_pi116_9_n1192, F0, i)}
100.0	{(not_pi116_9->and_not_pi116_9_n1192, F0, i)}
100.0	{(n1192->and_not_pi116_9_n1192, F0, i)}
100.0	{(not_pi116_9, F0, i)}
100.0	{(not_n1193->and_not_n1191_not_n1193, F1, i)}
100.0	{(n736, F1, i)}
100.0	{(and_not_pi039_0_not_pi052_0->n736, F1, i)}
100.0	{(and_not_pi039_0_not_pi052_0, F1, i)}
100.0	{(n1246->and_n1246_not_n1421, F1, i)}
100.0	{(n300, F1, i)}
100.0	{(and_n298_n299->n300, F1, i)}
100.0	{(and_n298_n299, F1, i)}
