100.0	{(po100_driver->po100, F0, i)}
100.0	{(po100_driver, F0, i)}
100.0	{(and_not_pi026_168070_n1375->po100_driver, F0, i)}
100.0	{(and_not_pi026_168070_n1375, F0, i)}
100.0	{(not_pi026_168070->and_not_pi026_168070_n1375, F0, i)}
100.0	{(n1375->and_not_pi026_168070_n1375, F0, i)}
100.0	{(not_pi026_168070, F0, i)}
100.0	{(n1375, F0, i)}
100.0	{(and_n774_n1374->n1375, F0, i)}
100.0	{(and_n774_n1374, F0, i)}
100.0	{(n774->and_n774_n1374, F0, i)}
100.0	{(n1374->and_n774_n1374, F0, i)}
100.0	{(n1374, F0, i)}
100.0	{(and_not_pi003_332329305696010_n1373->n1374, F0, i)}
100.0	{(and_not_pi003_332329305696010_n1373, F0, i)}
100.0	{(n1373->and_not_pi003_332329305696010_n1373, F0, i)}
100.0	{(not_pi003_332329305696010->and_not_pi003_332329305696010_n1373, F0, i)}
100.0	{(n1373, F0, i)}
100.0	{(and_not_pi129_43181145673964365640352930977077280875522488490_not_n1372->n1373, F0, i)}
100.0	{(not_pi003_332329305696010, F0, i)}
100.0	{(and_not_pi129_43181145673964365640352930977077280875522488490_not_n1372, F0, i)}
100.0	{(not_pi129_43181145673964365640352930977077280875522488490->and_not_pi129_43181145673964365640352930977077280875522488490_not_n1372, F0, i)}
100.0	{(not_n1372->and_not_pi129_43181145673964365640352930977077280875522488490_not_n1372, F0, i)}
100.0	{(not_pi129_43181145673964365640352930977077280875522488490, F0, i)}
100.0	{(not_n1372, F0, i)}
100.0	{(n1372->not_n1372, F1, i)}
100.0	{(n1372, F1, i)}
100.0	{(and_not_n761_0_not_n1371->n1372, F1, i)}
100.0	{(and_not_n761_0_not_n1371, F1, i)}
100.0	{(not_n761_0, F1, i)}
100.0	{(n761->not_n761_0, F0, i)}
100.0	{(not_n761_0->and_not_n761_0_not_n1371, F1, i)}
87.5	{(n761, F0, i)}
87.5	{(and_pi085_not_pi116_1->n761, F0, i)}
87.5	{(and_pi085_not_pi116_1, F0, i)}
87.5	{(not_pi116_1->and_pi085_not_pi116_1, F0, i)}
87.5	{(not_pi116_1, F0, i)}
100.0	{(not_pi006_2, F1, i)}
100.0	{(not_pi006_2->and_not_pi006_2_n450, F1, i)}
100.0	{(n465, F1, i)}
100.0	{(and_not_pi006_2_n450->n465, F1, i)}
100.0	{(and_not_pi006_2_n450, F1, i)}
100.0	{(n465->and_n448_n465, F1, i)}
100.0	{(not_n1000, F1, i)}
100.0	{(n1000->not_n1000, F0, i)}
100.0	{(n1000, F0, i)}
100.0	{(and_pi082_not_n407->n1000, F0, i)}
100.0	{(and_pi082_not_n407, F0, i)}
100.0	{(not_n407->and_pi082_not_n407, F0, i)}
100.0	{(not_n407, F0, i)}
100.0	{(n407->not_n407, F1, i)}
100.0	{(not_n1000->and_not_n1000_not_n1003, F1, i)}
100.0	{(n1105, F1, i)}
100.0	{(and_not_pi024_4_not_pi042_2->n1105, F1, i)}
100.0	{(and_not_pi024_4_not_pi042_2, F1, i)}
100.0	{(n1105->and_n990_n1105, F1, i)}
100.0	{(not_pi050_2, F1, i)}
100.0	{(not_pi050_2->and_not_pi050_2_n391, F1, i)}
50.0	{(n929, F1, i)}
50.0	{(and_n638_n928->n929, F1, i)}
50.0	{(and_n638_n928, F1, i)}
50.0	{(n929->and_n927_n929, F1, i)}
50.0	{(n928, F1, i)}
50.0	{(and_not_pi050_2_n391->n928, F1, i)}
50.0	{(and_not_pi050_2_n391, F1, i)}
50.0	{(n928->and_n638_n928, F1, i)}
50.0	{(n932, F1, i)}
50.0	{(and_not_n379_3_not_n931->n932, F1, i)}
50.0	{(and_not_n379_3_not_n931, F1, i)}
50.0	{(n932->and_pi074_n932, F1, i)}
50.0	{(not_n931, F1, i)}
50.0	{(n931->not_n931, F0, i)}
50.0	{(n931, F0, i)}
50.0	{(and_pi082_not_n930->n931, F0, i)}
50.0	{(and_pi082_not_n930, F0, i)}
50.0	{(not_n930->and_pi082_not_n930, F0, i)}
50.0	{(not_n930, F0, i)}
50.0	{(n930->not_n930, F1, i)}
50.0	{(n930, F1, i)}
50.0	{(and_n927_n929->n930, F1, i)}
50.0	{(and_n927_n929, F1, i)}
50.0	{(not_n931->and_not_n379_3_not_n931, F1, i)}
