100.0	{(n1355, F0, i)}
100.0	{(and_not_pi137_2_not_n1354->n1355, F0, i)}
100.0	{(and_not_pi137_2_not_n1354, F0, i)}
100.0	{(not_pi137_2->and_not_pi137_2_not_n1354, F0, i)}
100.0	{(not_n1354->and_not_pi137_2_not_n1354, F0, i)}
100.0	{(not_pi137_2, F0, i)}
100.0	{(not_n1354, F0, i)}
100.0	{(n1354->not_n1354, F1, i)}
100.0	{(n1354, F1, i)}
100.0	{(and_not_n1349_not_n1353->n1354, F1, i)}
100.0	{(and_not_n1349_not_n1353, F1, i)}
100.0	{(n1355->or_n1355_n1363, F0, i)}
97.31	{(po098_driver->po098, F0, i)}
97.31	{(po098_driver, F0, i)}
97.31	{(or_n1355_n1363->po098_driver, F0, i)}
97.31	{(or_n1355_n1363, F0, i)}
100.0	{(not_n1342, F1, i)}
100.0	{(n1342->not_n1342, F0, i)}
100.0	{(n1342, F0, i)}
100.0	{(and_pi082_not_n1325_3->n1342, F0, i)}
100.0	{(and_pi082_not_n1325_3, F0, i)}
100.0	{(not_n1325_3->and_pi082_not_n1325_3, F0, i)}
100.0	{(not_n1325_3, F0, i)}
100.0	{(n1325->not_n1325_3, F1, i)}
100.0	{(not_n1342->and_not_n1342_not_n1343, F1, i)}
99.03	{(po097_driver->po097, F0, i)}
99.03	{(po097_driver, F0, i)}
99.03	{(and_not_pi129_881247870897231951843937366879128181133112010_not_n1344->po097_driver, F0, i)}
99.03	{(and_not_pi129_881247870897231951843937366879128181133112010_not_n1344, F0, i)}
99.03	{(not_pi129_881247870897231951843937366879128181133112010->and_not_pi129_881247870897231951843937366879128181133112010_not_n1344, F0, i)}
99.03	{(not_n1344->and_not_pi129_881247870897231951843937366879128181133112010_not_n1344, F0, i)}
99.03	{(not_pi129_881247870897231951843937366879128181133112010, F0, i)}
99.03	{(not_n1344, F0, i)}
99.03	{(n1344->not_n1344, F1, i)}
99.03	{(n1344, F1, i)}
99.03	{(and_not_n1342_not_n1343->n1344, F1, i)}
99.03	{(and_not_n1342_not_n1343, F1, i)}
100.0	{(not_n306, F1, i)}
100.0	{(n306->not_n306, F0, i)}
100.0	{(n306, F0, i)}
100.0	{(and_pi054_not_n305->n306, F0, i)}
100.0	{(and_pi054_not_n305, F0, i)}
100.0	{(not_n305->and_pi054_not_n305, F0, i)}
100.0	{(not_n305, F0, i)}
100.0	{(n305->not_n305, F1, i)}
100.0	{(n305, F1, i)}
100.0	{(and_n297_n304->n305, F1, i)}
100.0	{(and_n297_n304, F1, i)}
100.0	{(not_n306->and_not_pi000_not_n306, F1, i)}
97.96	{(not_n336, F1, i)}
97.96	{(n336->not_n336, F0, i)}
97.96	{(n336, F0, i)}
97.96	{(and_not_n309_not_n335->n336, F0, i)}
97.96	{(and_not_n309_not_n335, F0, i)}
97.96	{(not_n309->and_not_n309_not_n335, F0, i)}
97.96	{(not_n335->and_not_n309_not_n335, F0, i)}
97.96	{(not_n309, F0, i)}
97.96	{(n309->not_n309, F1, i)}
97.96	{(not_n335, F0, i)}
97.96	{(n335->not_n335, F1, i)}
97.96	{(n309, F1, i)}
97.96	{(and_not_pi056_n308->n309, F1, i)}
97.96	{(n335, F1, i)}
97.96	{(and_n302_not_n334->n335, F1, i)}
97.96	{(and_not_pi056_n308, F1, i)}
97.96	{(and_n302_not_n334, F1, i)}
97.96	{(not_n336->and_pi054_not_n336, F1, i)}
92.31	{(not_n338, F1, i)}
92.31	{(n338->not_n338, F0, i)}
92.31	{(n338, F0, i)}
92.31	{(and_not_n307_not_n337->n338, F0, i)}
92.31	{(and_not_n307_not_n337, F0, i)}
92.31	{(not_n307->and_not_n307_not_n337, F0, i)}
92.31	{(not_n337->and_not_n307_not_n337, F0, i)}
92.31	{(not_n307, F0, i)}
92.31	{(n307->not_n307, F1, i)}
92.31	{(not_n337, F0, i)}
92.31	{(n337->not_n337, F1, i)}
92.31	{(n307, F1, i)}
92.31	{(and_not_pi000_not_n306->n307, F1, i)}
92.31	{(n337, F1, i)}
92.31	{(and_pi054_not_n336->n337, F1, i)}
92.31	{(and_not_pi000_not_n306, F1, i)}
92.31	{(and_pi054_not_n336, F1, i)}
92.31	{(not_n338->and_not_pi129_not_n338, F1, i)}
100.0	{(not_n908, F1, i)}
100.0	{(n908->not_n908, F0, i)}
100.0	{(n908, F0, i)}
100.0	{(and_not_n903_not_n907->n908, F0, i)}
100.0	{(and_not_n903_not_n907, F0, i)}
100.0	{(not_n903->and_not_n903_not_n907, F0, i)}
100.0	{(not_n907->and_not_n903_not_n907, F0, i)}
100.0	{(not_n903, F0, i)}
100.0	{(n903->not_n903, F1, i)}
100.0	{(not_n907, F0, i)}
100.0	{(n907->not_n907, F1, i)}
100.0	{(n903, F1, i)}
100.0	{(and_pi098_pi106->n903, F1, i)}
100.0	{(n907, F1, i)}
100.0	{(and_not_pi106_5_not_n906->n907, F1, i)}
100.0	{(and_pi098_pi106, F1, i)}
100.0	{(and_not_pi106_5_not_n906, F1, i)}
100.0	{(not_n908->and_not_pi129_13410686196639649008070_not_n908, F1, i)}
90.82	{(po051_driver->po051, F1, i)}
90.82	{(po051_driver, F1, i)}
90.82	{(and_not_pi129_13410686196639649008070_not_n908->po051_driver, F1, i)}
90.82	{(and_not_pi129_13410686196639649008070_not_n908, F1, i)}
