100.0	{(n379->and_n379_not_n1002, F1, i)}
96.01	{(not_n1004, F1, i)}
96.01	{(n1004->not_n1004, F0, i)}
96.01	{(n1004, F0, i)}
96.01	{(and_not_n1000_not_n1003->n1004, F0, i)}
96.01	{(and_not_n1000_not_n1003, F0, i)}
96.01	{(not_n1000->and_not_n1000_not_n1003, F0, i)}
96.01	{(not_n1003->and_not_n1000_not_n1003, F0, i)}
96.01	{(not_n1000, F0, i)}
96.01	{(n1000->not_n1000, F1, i)}
96.01	{(not_n1003, F0, i)}
96.01	{(n1003->not_n1003, F1, i)}
96.01	{(n1000, F1, i)}
96.01	{(and_pi082_not_n407->n1000, F1, i)}
96.01	{(n1003, F1, i)}
96.01	{(and_n379_not_n1002->n1003, F1, i)}
96.01	{(and_pi082_not_n407, F1, i)}
96.01	{(and_n379_not_n1002, F1, i)}
96.01	{(not_n1004->and_not_pi043_3_not_n1004, F1, i)}
95.21	{(po058_driver->po058, F0, i)}
95.21	{(po058_driver, F0, i)}
95.21	{(and_not_n1005_n1015->po058_driver, F0, i)}
95.21	{(and_not_n1005_n1015, F0, i)}
95.21	{(n1015->and_not_n1005_n1015, F0, i)}
95.21	{(not_n1005->and_not_n1005_n1015, F0, i)}
95.21	{(n1015, F0, i)}
95.21	{(and_not_n1010_n1014->n1015, F0, i)}
95.21	{(not_n1005, F0, i)}
95.21	{(n1005->not_n1005, F1, i)}
95.21	{(and_not_n1010_n1014, F0, i)}
95.21	{(n1014->and_not_n1010_n1014, F0, i)}
95.21	{(not_n1010->and_not_n1010_n1014, F0, i)}
95.21	{(n1005, F1, i)}
95.21	{(and_not_pi043_3_not_n1004->n1005, F1, i)}
95.21	{(n1014, F0, i)}
95.21	{(and_not_pi129_11044276742439206463052992010_not_n1013->n1014, F0, i)}
95.21	{(not_n1010, F0, i)}
95.21	{(n1010->not_n1010, F1, i)}
95.21	{(and_not_pi043_3_not_n1004, F1, i)}
95.21	{(and_not_pi129_11044276742439206463052992010_not_n1013, F0, i)}
95.21	{(not_pi129_11044276742439206463052992010->and_not_pi129_11044276742439206463052992010_not_n1013, F0, i)}
95.21	{(not_n1013->and_not_pi129_11044276742439206463052992010_not_n1013, F0, i)}
95.21	{(n1010, F1, i)}
95.21	{(and_pi077_n1009->n1010, F1, i)}
95.21	{(not_pi129_11044276742439206463052992010, F0, i)}
95.21	{(not_n1013, F0, i)}
95.21	{(n1013->not_n1013, F1, i)}
95.21	{(and_pi077_n1009, F1, i)}
95.21	{(n1013, F1, i)}
95.21	{(and_n389_n1012->n1013, F1, i)}
95.21	{(and_n389_n1012, F1, i)}
98.15	{(n401, F0, i)}
98.15	{(and_not_pi049_0_n383->n401, F0, i)}
98.15	{(and_not_pi049_0_n383, F0, i)}
98.15	{(n383->and_not_pi049_0_n383, F0, i)}
98.15	{(not_pi049_0->and_not_pi049_0_n383, F0, i)}
98.15	{(not_pi049_0, F0, i)}
100.0	{(not_n1361, F1, i)}
100.0	{(n1361->not_n1361, F0, i)}
100.0	{(n1361, F0, i)}
100.0	{(and_pi031_n1360->n1361, F0, i)}
100.0	{(and_pi031_n1360, F0, i)}
100.0	{(n1360->and_pi031_n1360, F0, i)}
100.0	{(not_n1361->and_not_n1359_not_n1361, F1, i)}
100.0	{(n747, F1, i)}
100.0	{(and_pi025_not_pi026_1->n747, F1, i)}
100.0	{(and_pi025_not_pi026_1, F1, i)}
100.0	{(n747->and_not_pi116_0_n747, F1, i)}
100.0	{(not_pi085_3, F1, i)}
100.0	{(not_pi085_3->and_not_pi027_1_not_pi085_3, F1, i)}
100.0	{(n383, F1, i)}
100.0	{(and_not_pi015_not_pi020->n383, F1, i)}
100.0	{(and_not_pi015_not_pi020, F1, i)}
