100.0	{(not_n1409, F1, i)}
100.0	{(n1409->not_n1409, F0, i)}
100.0	{(n1409, F0, i)}
100.0	{(and_not_n1407_not_n1408->n1409, F0, i)}
100.0	{(and_not_n1407_not_n1408, F0, i)}
100.0	{(not_n1407->and_not_n1407_not_n1408, F0, i)}
100.0	{(not_n1408->and_not_n1407_not_n1408, F0, i)}
100.0	{(not_n1407, F0, i)}
100.0	{(n1407->not_n1407, F1, i)}
100.0	{(not_n1408, F0, i)}
100.0	{(n1408->not_n1408, F1, i)}
100.0	{(n1407, F1, i)}
100.0	{(and_pi093_not_n1386_4->n1407, F1, i)}
100.0	{(n1408, F1, i)}
100.0	{(and_pi146_n1386->n1408, F1, i)}
100.0	{(and_pi093_not_n1386_4, F1, i)}
100.0	{(and_pi146_n1386, F1, i)}
100.0	{(not_n1409->and_not_pi129_248930711762415449007872216849586085868492917169640490_not_n1409, F1, i)}
100.0	{(not_n1466, F1, i)}
100.0	{(n1466->not_n1466, F0, i)}
100.0	{(n1466, F0, i)}
100.0	{(and_pi091_n1249->n1466, F0, i)}
100.0	{(and_pi091_n1249, F0, i)}
100.0	{(n1249->and_pi091_n1249, F0, i)}
100.0	{(not_n1466->and_not_n1466_not_n1467, F1, i)}
50.0	{(n1469, F0, i)}
50.0	{(and_pi138_not_n1468->n1469, F0, i)}
50.0	{(and_pi138_not_n1468, F0, i)}
50.0	{(not_n1468->and_pi138_not_n1468, F0, i)}
50.0	{(not_n1468, F0, i)}
50.0	{(n1468->not_n1468, F1, i)}
50.0	{(n1468, F1, i)}
50.0	{(and_not_n1466_not_n1467->n1468, F1, i)}
50.0	{(and_not_n1466_not_n1467, F1, i)}
50.0	{(n1469->or_n1469_n1479, F0, i)}
100.0	{(not_pi129_16284135979104490, F1, i)}
100.0	{(not_pi129_16284135979104490->and_not_pi129_16284135979104490_not_n858, F1, i)}
100.0	{(not_n390, F1, i)}
100.0	{(n390->not_n390, F0, i)}
100.0	{(not_n390->and_pi082_not_n390, F1, i)}
100.0	{(po044_driver->po044, F1, i)}
100.0	{(po044_driver, F1, i)}
100.0	{(and_not_pi003_2824752490_n859->po044_driver, F1, i)}
100.0	{(and_not_pi003_2824752490_n859, F1, i)}
100.0	{(not_pi129_16284135979104490, F1, i)}
100.0	{(not_pi129_16284135979104490->and_not_pi129_16284135979104490_not_n858, F1, i)}
100.0	{(n859, F1, i)}
100.0	{(and_not_pi129_16284135979104490_not_n858->n859, F1, i)}
100.0	{(and_not_pi129_16284135979104490_not_n858, F1, i)}
100.0	{(n859->and_not_pi003_2824752490_n859, F1, i)}
