100.0	{(n452, F1, i)}
100.0	{(and_n448_n451->n452, F1, i)}
100.0	{(and_n448_n451, F1, i)}
100.0	{(n452->and_n447_n452, F1, i)}
100.0	{(n453, F1, i)}
100.0	{(and_n447_n452->n453, F1, i)}
100.0	{(and_n447_n452, F1, i)}
100.0	{(n453->and_n446_n453, F1, i)}
100.0	{(not_n831, F1, i)}
100.0	{(n831->not_n831, F0, i)}
100.0	{(n831, F0, i)}
100.0	{(and_not_pi096_2_n830->n831, F0, i)}
100.0	{(and_not_pi096_2_n830, F0, i)}
100.0	{(not_pi096_2->and_not_pi096_2_n830, F0, i)}
100.0	{(n830->and_not_pi096_2_n830, F0, i)}
100.0	{(not_pi096_2, F0, i)}
100.0	{(n830, F0, i)}
100.0	{(and_pi097_not_pi110_3->n830, F0, i)}
100.0	{(and_pi097_not_pi110_3, F0, i)}
100.0	{(not_pi110_3->and_pi097_not_pi110_3, F0, i)}
100.0	{(not_pi110_3, F0, i)}
100.0	{(not_n831->and_not_n831_not_n832, F1, i)}
100.0	{(not_pi109_0, F1, i)}
100.0	{(not_pi109_0->and_pi031_not_pi109_0, F1, i)}
100.0	{(not_n1167, F1, i)}
100.0	{(n1167->not_n1167, F0, i)}
100.0	{(n1167, F0, i)}
100.0	{(and_not_n1164_not_n1166->n1167, F0, i)}
100.0	{(and_not_n1164_not_n1166, F0, i)}
100.0	{(not_n1164->and_not_n1164_not_n1166, F0, i)}
100.0	{(not_n1166->and_not_n1164_not_n1166, F0, i)}
100.0	{(not_n1164, F0, i)}
100.0	{(n1164->not_n1164, F1, i)}
100.0	{(not_n1166, F0, i)}
100.0	{(n1166->not_n1166, F1, i)}
100.0	{(n1166, F1, i)}
100.0	{(and_pi116_n1165->n1166, F1, i)}
100.0	{(and_pi116_n1165, F1, i)}
100.0	{(not_n1167->and_pi094_not_n1167, F1, i)}
100.0	{(not_n379_6, F1, i)}
100.0	{(n379->not_n379_6, F0, i)}
100.0	{(not_n379_6->and_not_n379_6_not_n993, F1, i)}
100.0	{(n934->and_pi042_n934, F1, i)}
100.0	{(not_pi042_1, F1, i)}
100.0	{(not_pi042_1->and_not_pi042_1_not_n988, F1, i)}
100.0	{(n934, F1, i)}
100.0	{(and_not_pi044_1_pi082->n934, F1, i)}
100.0	{(and_not_pi044_1_pi082, F1, i)}
