100.0	{(n383, F0, i)}
100.0	{(and_not_pi015_not_pi020->n383, F0, i)}
100.0	{(and_not_pi015_not_pi020, F0, i)}
100.0	{(not_pi015->and_not_pi015_not_pi020, F0, i)}
100.0	{(not_pi020->and_not_pi015_not_pi020, F0, i)}
100.0	{(not_pi015, F0, i)}
100.0	{(not_pi020, F0, i)}
100.0	{(not_pi077, F1, i)}
100.0	{(not_pi077->and_not_pi077_not_pi138_5, F1, i)}
100.0	{(not_pi005_3, F1, i)}
100.0	{(not_pi005_3->and_not_pi005_3_not_pi007_5, F1, i)}
100.0	{(n459->and_pi011_n459, F1, i)}
100.0	{(n459, F1, i)}
100.0	{(and_not_pi005_3_not_pi007_5->n459, F1, i)}
100.0	{(and_not_pi005_3_not_pi007_5, F1, i)}
100.0	{(not_n1236, F1, i)}
100.0	{(n1236->not_n1236, F0, i)}
100.0	{(not_n1236->and_pi060_not_n1236, F1, i)}
100.0	{(po024_driver->po024, F1, i)}
100.0	{(po024_driver, F1, i)}
100.0	{(and_not_pi003_4_n509->po024_driver, F1, i)}
100.0	{(and_not_pi003_4_n509, F1, i)}
100.0	{(n459->and_pi011_n459, F1, i)}
100.0	{(n500, F1, i)}
100.0	{(and_pi011_n459->n500, F1, i)}
100.0	{(and_pi011_n459, F1, i)}
100.0	{(n500->and_n332_n500, F1, i)}
100.0	{(n501, F1, i)}
100.0	{(and_n332_n500->n501, F1, i)}
100.0	{(and_n332_n500, F1, i)}
100.0	{(n501->and_n499_n501, F1, i)}
100.0	{(n502, F1, i)}
100.0	{(and_n499_n501->n502, F1, i)}
100.0	{(and_n499_n501, F1, i)}
100.0	{(n502->and_n502_n506, F1, i)}
100.0	{(not_n508, F1, i)}
100.0	{(n508->not_n508, F1, i)}
100.0	{(n508, F1, i)}
100.0	{(and_not_n498_not_n507->n508, F1, i)}
100.0	{(and_not_n498_not_n507, F1, i)}
100.0	{(not_n508->and_not_pi129_8_not_n508, F1, i)}
100.0	{(n509, F1, i)}
100.0	{(and_not_pi129_8_not_n508->n509, F1, i)}
100.0	{(and_not_pi129_8_not_n508, F1, i)}
100.0	{(n509->and_not_pi003_4_n509, F1, i)}
100.0	{(n459, F1, i)}
100.0	{(and_not_pi005_3_not_pi007_5->n459, F1, i)}
100.0	{(and_not_pi005_3_not_pi007_5, F1, i)}
100.0	{(not_pi005_3, F1, i)}
100.0	{(not_pi005_3->and_not_pi005_3_not_pi007_5, F1, i)}
