100.0	{(not_n1629, F1, i)}
100.0	{(n1629->not_n1629, F0, i)}
100.0	{(n1629, F0, i)}
100.0	{(and_not_pi003_1915812313805664144010_not_n1628->n1629, F0, i)}
100.0	{(and_not_pi003_1915812313805664144010_not_n1628, F0, i)}
100.0	{(not_pi003_1915812313805664144010->and_not_pi003_1915812313805664144010_not_n1628, F0, i)}
100.0	{(not_n1628->and_not_pi003_1915812313805664144010_not_n1628, F0, i)}
100.0	{(not_pi003_1915812313805664144010, F0, i)}
100.0	{(not_n1628, F0, i)}
100.0	{(n1628->not_n1628, F1, i)}
100.0	{(n1628, F1, i)}
100.0	{(and_not_pi096_4_pi125->n1628, F1, i)}
100.0	{(and_not_pi096_4_pi125, F1, i)}
100.0	{(not_n1629->and_not_pi129_139039219498205246833985920753927191137002012320971447249440118756643430_not_n1629, F1, i)}
100.0	{(not_n366, F1, i)}
100.0	{(n366->not_n366, F0, i)}
100.0	{(n366, F0, i)}
100.0	{(and_n312_n357->n366, F0, i)}
100.0	{(and_n312_n357, F0, i)}
100.0	{(n312->and_n312_n357, F0, i)}
100.0	{(n357->and_n312_n357, F0, i)}
100.0	{(not_n366->and_not_n365_not_n366, F1, i)}
100.0	{(n664, F1, i)}
100.0	{(and_not_pi021_3_pi054->n664, F1, i)}
100.0	{(and_not_pi021_3_pi054, F1, i)}
100.0	{(n664->and_pi019_n664, F1, i)}
100.0	{(not_n472, F1, i)}
100.0	{(n472->not_n472, F0, i)}
100.0	{(n472, F0, i)}
100.0	{(and_pi007_not_pi054_2->n472, F0, i)}
100.0	{(and_pi007_not_pi054_2, F0, i)}
100.0	{(not_pi054_2->and_pi007_not_pi054_2, F0, i)}
100.0	{(not_pi054_2, F0, i)}
100.0	{(not_n472->and_not_n472_not_n482, F1, i)}
50.0	{(po022_driver->po022, F0, i)}
50.0	{(po022_driver, F0, i)}
50.0	{(and_not_pi003_2_n484->po022_driver, F0, i)}
50.0	{(and_not_pi003_2_n484, F0, i)}
50.0	{(not_pi003_2->and_not_pi003_2_n484, F0, i)}
50.0	{(n484->and_not_pi003_2_n484, F0, i)}
50.0	{(not_pi003_2, F0, i)}
50.0	{(n484, F0, i)}
50.0	{(and_not_pi129_6_not_n483->n484, F0, i)}
50.0	{(and_not_pi129_6_not_n483, F0, i)}
50.0	{(not_pi129_6->and_not_pi129_6_not_n483, F0, i)}
50.0	{(not_n483->and_not_pi129_6_not_n483, F0, i)}
50.0	{(not_pi129_6, F0, i)}
50.0	{(not_n483, F0, i)}
50.0	{(n483->not_n483, F1, i)}
50.0	{(n483, F1, i)}
50.0	{(and_not_n472_not_n482->n483, F1, i)}
50.0	{(and_not_n472_not_n482, F1, i)}
100.0	{(n574, F1, i)}
100.0	{(and_not_pi015_0_n573->n574, F1, i)}
100.0	{(and_not_pi015_0_n573, F1, i)}
100.0	{(n574->and_n571_n574, F1, i)}
