100.0	{(not_n923, F1, i)}
100.0	{(n923->not_n923, F0, i)}
100.0	{(n923, F0, i)}
100.0	{(and_not_n917_not_n922->n923, F0, i)}
100.0	{(and_not_n917_not_n922, F0, i)}
100.0	{(not_n917->and_not_n917_not_n922, F0, i)}
100.0	{(not_n922->and_not_n917_not_n922, F0, i)}
100.0	{(not_n917, F0, i)}
100.0	{(n917->not_n917, F1, i)}
100.0	{(not_n922, F0, i)}
100.0	{(n922->not_n922, F1, i)}
100.0	{(n917, F1, i)}
100.0	{(and_pi082_not_n391->n917, F1, i)}
100.0	{(n922, F1, i)}
100.0	{(and_n379_not_n921->n922, F1, i)}
100.0	{(and_pi082_not_n391, F1, i)}
100.0	{(and_n379_not_n921, F1, i)}
100.0	{(not_n923->and_not_pi038_1_not_n923, F1, i)}
99.42	{(po053_driver->po053, F0, i)}
99.42	{(po053_driver, F0, i)}
99.42	{(and_not_n924_n938->po053_driver, F0, i)}
99.42	{(and_not_n924_n938, F0, i)}
99.42	{(n938->and_not_n924_n938, F0, i)}
99.42	{(not_n924->and_not_n924_n938, F0, i)}
99.42	{(n938, F0, i)}
99.42	{(and_not_n933_n937->n938, F0, i)}
99.42	{(not_n924, F0, i)}
99.42	{(n924->not_n924, F1, i)}
99.42	{(and_not_n933_n937, F0, i)}
99.42	{(n937->and_not_n933_n937, F0, i)}
99.42	{(not_n933->and_not_n933_n937, F0, i)}
99.42	{(n924, F1, i)}
99.42	{(and_not_pi038_1_not_n923->n924, F1, i)}
99.42	{(n937, F0, i)}
99.42	{(and_not_pi129_657123623635342801395430_not_n936->n937, F0, i)}
99.42	{(not_n933, F0, i)}
99.42	{(n933->not_n933, F1, i)}
99.42	{(and_not_pi038_1_not_n923, F1, i)}
99.42	{(and_not_pi129_657123623635342801395430_not_n936, F0, i)}
99.42	{(not_pi129_657123623635342801395430->and_not_pi129_657123623635342801395430_not_n936, F0, i)}
99.42	{(not_n936->and_not_pi129_657123623635342801395430_not_n936, F0, i)}
99.42	{(n933, F1, i)}
99.42	{(and_pi074_n932->n933, F1, i)}
99.42	{(not_pi129_657123623635342801395430, F0, i)}
99.42	{(not_n936, F0, i)}
99.42	{(n936->not_n936, F1, i)}
99.42	{(and_pi074_n932, F1, i)}
99.42	{(n936, F1, i)}
99.42	{(and_n934_n935->n936, F1, i)}
99.42	{(and_n934_n935, F1, i)}
100.0	{(n1131, F1, i)}
100.0	{(and_pi050_n1041->n1131, F1, i)}
100.0	{(and_pi050_n1041, F1, i)}
100.0	{(n1131->and_n934_n1131, F1, i)}
