100.0	{(n1223, F1, i)}
100.0	{(and_pi059_not_pi116_70->n1223, F1, i)}
100.0	{(and_pi059_not_pi116_70, F1, i)}
100.0	{(not_n927, F1, i)}
100.0	{(n927->not_n927, F0, i)}
100.0	{(not_n927->and_pi082_not_n927, F1, i)}
100.0	{(not_n1554, F1, i)}
100.0	{(n1554->not_n1554, F0, i)}
100.0	{(n1554, F0, i)}
100.0	{(and_not_n1552_not_n1553->n1554, F0, i)}
100.0	{(and_not_n1552_not_n1553, F0, i)}
100.0	{(not_n1552->and_not_n1552_not_n1553, F0, i)}
100.0	{(not_n1553->and_not_n1552_not_n1553, F0, i)}
100.0	{(not_n1552, F0, i)}
100.0	{(n1552->not_n1552, F1, i)}
100.0	{(not_n1553, F0, i)}
100.0	{(n1553->not_n1553, F1, i)}
100.0	{(n1552, F1, i)}
100.0	{(and_pi088_pi138->n1552, F1, i)}
100.0	{(n1553, F1, i)}
100.0	{(and_not_pi064_not_pi138_8235430->n1553, F1, i)}
100.0	{(and_pi088_pi138, F1, i)}
100.0	{(and_not_pi064_not_pi138_8235430, F1, i)}
100.0	{(not_n1554->and_pi136_not_n1554, F1, i)}
100.0	{(not_pi138_8235430, F1, i)}
100.0	{(not_pi138_8235430->and_not_pi064_not_pi138_8235430, F1, i)}
100.0	{(n1249->and_not_pi145_n1249, F1, i)}
100.0	{(n1296, F1, i)}
100.0	{(and_not_pi145_n1249->n1296, F1, i)}
100.0	{(and_not_pi145_n1249, F1, i)}
100.0	{(n1296->and_n1251_n1296, F1, i)}
