100.0	{(n1014, F1, i)}
100.0	{(and_not_pi129_11044276742439206463052992010_not_n1013->n1014, F1, i)}
100.0	{(and_not_pi129_11044276742439206463052992010_not_n1013, F1, i)}
100.0	{(n1014->and_not_n1010_n1014, F1, i)}
100.0	{(n1015, F1, i)}
100.0	{(and_not_n1010_n1014->n1015, F1, i)}
100.0	{(and_not_n1010_n1014, F1, i)}
100.0	{(n1015->and_not_n1005_n1015, F1, i)}
100.0	{(not_n1512, F1, i)}
100.0	{(n1512->not_n1512, F0, i)}
100.0	{(n1512, F0, i)}
100.0	{(and_not_pi070_0_not_pi138_70->n1512, F0, i)}
100.0	{(and_not_pi070_0_not_pi138_70, F0, i)}
100.0	{(not_pi070_0->and_not_pi070_0_not_pi138_70, F0, i)}
100.0	{(not_pi138_70->and_not_pi070_0_not_pi138_70, F0, i)}
100.0	{(not_pi070_0, F0, i)}
100.0	{(not_pi138_70, F0, i)}
100.0	{(not_n1512->and_not_n1511_not_n1512, F1, i)}
100.0	{(not_n1514, F1, i)}
100.0	{(n1514->not_n1514, F0, i)}
100.0	{(n1514, F0, i)}
100.0	{(and_pi136_not_n1513->n1514, F0, i)}
100.0	{(and_pi136_not_n1513, F0, i)}
100.0	{(not_n1513->and_pi136_not_n1513, F0, i)}
100.0	{(not_n1513, F0, i)}
100.0	{(n1513->not_n1513, F1, i)}
100.0	{(n1513, F1, i)}
100.0	{(and_not_n1511_not_n1512->n1513, F1, i)}
100.0	{(and_not_n1511_not_n1512, F1, i)}
100.0	{(not_n1514->and_not_n1514_not_n1518, F1, i)}
100.0	{(n774, F1, i)}
100.0	{(and_not_pi058_0_n773->n774, F1, i)}
100.0	{(and_not_pi058_0_n773, F1, i)}
100.0	{(n773, F1, i)}
100.0	{(and_not_pi027_2_not_pi053_1->n773, F1, i)}
100.0	{(and_not_pi027_2_not_pi053_1, F1, i)}
100.0	{(n773->and_not_pi058_0_n773, F1, i)}
100.0	{(n737, F1, i)}
100.0	{(and_not_pi051_0_n736->n737, F1, i)}
100.0	{(and_not_pi051_0_n736, F1, i)}
