100.0	{(n516, F1, i)}
100.0	{(and_not_pi009_3_not_pi022_2->n516, F1, i)}
100.0	{(and_not_pi009_3_not_pi022_2, F1, i)}
100.0	{(n516->and_n322_n516, F1, i)}
100.0	{(not_pi003_3, F1, i)}
100.0	{(not_pi003_3->and_not_pi003_3_n496, F1, i)}
100.0	{(not_n862, F1, i)}
100.0	{(n862->not_n862, F0, i)}
100.0	{(n862, F0, i)}
100.0	{(and_pi060_pi109->n862, F0, i)}
100.0	{(and_pi060_pi109, F0, i)}
100.0	{(not_n862->and_not_n861_not_n862, F1, i)}
100.0	{(po045_driver->po045, F0, i)}
100.0	{(po045_driver, F0, i)}
100.0	{(and_not_pi129_113988951853731430_not_n866->po045_driver, F0, i)}
100.0	{(and_not_pi129_113988951853731430_not_n866, F0, i)}
100.0	{(not_pi129_113988951853731430->and_not_pi129_113988951853731430_not_n866, F0, i)}
100.0	{(not_n866->and_not_pi129_113988951853731430_not_n866, F0, i)}
100.0	{(not_pi129_113988951853731430, F0, i)}
100.0	{(not_n866, F0, i)}
100.0	{(n866->not_n866, F1, i)}
100.0	{(n866, F1, i)}
100.0	{(and_not_n864_not_n865->n866, F1, i)}
100.0	{(and_not_n864_not_n865, F1, i)}
100.0	{(not_n864, F1, i)}
100.0	{(n864->not_n864, F0, i)}
100.0	{(n864, F0, i)}
100.0	{(and_not_pi106_not_n863->n864, F0, i)}
100.0	{(and_not_pi106_not_n863, F0, i)}
100.0	{(not_pi106->and_not_pi106_not_n863, F0, i)}
100.0	{(not_n863->and_not_pi106_not_n863, F0, i)}
100.0	{(not_pi106, F0, i)}
100.0	{(not_n863, F0, i)}
100.0	{(n863->not_n863, F1, i)}
100.0	{(n863, F1, i)}
100.0	{(and_not_n861_not_n862->n863, F1, i)}
100.0	{(and_not_n861_not_n862, F1, i)}
100.0	{(not_n864->and_not_n864_not_n865, F1, i)}
100.0	{(not_pi111, F1, i)}
100.0	{(not_pi111->and_not_pi111_n1621, F1, i)}
100.0	{(n580, F1, i)}
100.0	{(and_n570_n579->n580, F1, i)}
100.0	{(and_n570_n579, F1, i)}
100.0	{(n580->and_n407_n580, F1, i)}
