100.0	{(not_n1420, F1, i)}
100.0	{(n1420->not_n1420, F0, i)}
100.0	{(n1420, F0, i)}
100.0	{(and_not_pi110_6_n1419->n1420, F0, i)}
100.0	{(and_not_pi110_6_n1419, F0, i)}
100.0	{(not_pi110_6->and_not_pi110_6_n1419, F0, i)}
100.0	{(n1419->and_not_pi110_6_n1419, F0, i)}
100.0	{(not_pi110_6, F0, i)}
100.0	{(n1419, F0, i)}
100.0	{(and_not_pi003_2326305139872070_not_n1246->n1419, F0, i)}
100.0	{(and_not_pi003_2326305139872070_not_n1246, F0, i)}
100.0	{(not_pi003_2326305139872070->and_not_pi003_2326305139872070_not_n1246, F0, i)}
100.0	{(not_n1246->and_not_pi003_2326305139872070_not_n1246, F0, i)}
100.0	{(not_pi003_2326305139872070, F0, i)}
100.0	{(not_n1246, F0, i)}
100.0	{(n1246->not_n1246, F1, i)}
100.0	{(not_n1420->and_not_n1420_not_n1422, F1, i)}
100.0	{(n1423, F1, i)}
100.0	{(and_not_n1420_not_n1422->n1423, F1, i)}
100.0	{(and_not_n1420_not_n1422, F1, i)}
100.0	{(n1421, F0, i)}
100.0	{(and_pi138_n1412->n1421, F0, i)}
100.0	{(and_pi138_n1412, F0, i)}
100.0	{(n1412->and_pi138_n1412, F0, i)}
78.57	{(n1412, F0, i)}
78.57	{(and_not_pi136_3_n1411->n1412, F0, i)}
78.57	{(and_not_pi136_3_n1411, F0, i)}
78.57	{(not_pi136_3->and_not_pi136_3_n1411, F0, i)}
78.57	{(n1411->and_not_pi136_3_n1411, F0, i)}
78.57	{(not_pi136_3, F0, i)}
78.57	{(n1411, F0, i)}
78.57	{(and_pi082_not_pi137_3->n1411, F0, i)}
78.57	{(and_pi082_not_pi137_3, F0, i)}
78.57	{(not_pi137_3->and_pi082_not_pi137_3, F0, i)}
78.57	{(not_pi137_3, F0, i)}
100.0	{(not_pi017_2, F1, i)}
100.0	{(not_pi017_2->and_not_pi008_2_not_pi017_2, F1, i)}
100.0	{(n419, F1, i)}
100.0	{(and_not_pi008_2_not_pi017_2->n419, F1, i)}
100.0	{(and_not_pi008_2_not_pi017_2, F1, i)}
