100.0	{(n737, F0, i)}
100.0	{(and_not_pi051_0_n736->n737, F0, i)}
100.0	{(and_not_pi051_0_n736, F0, i)}
100.0	{(not_pi051_0->and_not_pi051_0_n736, F0, i)}
100.0	{(n736->and_not_pi051_0_n736, F0, i)}
100.0	{(not_pi051_0, F0, i)}
100.0	{(n356, F1, i)}
100.0	{(and_n294_n355->n356, F1, i)}
100.0	{(and_n294_n355, F1, i)}
100.0	{(n294->and_n294_n355, F1, i)}
100.0	{(n294, F1, i)}
100.0	{(and_not_pi017_not_pi021->n294, F1, i)}
100.0	{(and_not_pi017_not_pi021, F1, i)}
100.0	{(n369->and_pi009_n369, F1, i)}
100.0	{(not_pi009_0, F1, i)}
100.0	{(not_pi009_0->and_not_pi009_0_not_n367, F1, i)}
100.0	{(n443, F1, i)}
100.0	{(and_pi028_n442->n443, F1, i)}
100.0	{(and_pi028_n442, F1, i)}
100.0	{(n443->and_n441_n443, F1, i)}
100.0	{(n442, F1, i)}
100.0	{(and_not_pi025_not_pi029->n442, F1, i)}
100.0	{(and_not_pi025_not_pi029, F1, i)}
100.0	{(n442->and_pi028_n442, F1, i)}
100.0	{(n1247, F0, i)}
100.0	{(and_n1244_n1246->n1247, F0, i)}
100.0	{(and_n1244_n1246, F0, i)}
100.0	{(n1246->and_n1244_n1246, F0, i)}
100.0	{(n1244->and_n1244_n1246, F0, i)}
100.0	{(n1244, F0, i)}
100.0	{(and_pi136_n1243->n1244, F0, i)}
100.0	{(and_pi136_n1243, F0, i)}
100.0	{(n1243->and_pi136_n1243, F0, i)}
100.0	{(n1243, F0, i)}
100.0	{(and_not_pi137_not_pi138->n1243, F0, i)}
100.0	{(and_not_pi137_not_pi138, F0, i)}
100.0	{(not_pi137->and_not_pi137_not_pi138, F0, i)}
100.0	{(not_pi138->and_not_pi137_not_pi138, F0, i)}
100.0	{(not_pi137, F0, i)}
100.0	{(not_pi138, F0, i)}
100.0	{(not_pi142, F1, i)}
100.0	{(not_pi142->and_not_pi142_n1249, F1, i)}
100.0	{(not_n1247_0, F1, i)}
100.0	{(n1247->not_n1247_0, F0, i)}
100.0	{(not_n1247_0->and_pi063_not_n1247_0, F1, i)}
