100.0	{(n1249->and_not_pi145_n1249, F1, i)}
100.0	{(n1296, F1, i)}
100.0	{(and_not_pi145_n1249->n1296, F1, i)}
100.0	{(and_not_pi145_n1249, F1, i)}
100.0	{(n1296->and_n1251_n1296, F1, i)}
100.0	{(n1588, F1, i)}
100.0	{(and_not_pi136_403536070_pi141->n1588, F1, i)}
100.0	{(and_not_pi136_403536070_pi141, F1, i)}
100.0	{(n1588->and_n1583_n1588, F1, i)}
100.0	{(not_n1440, F1, i)}
100.0	{(n1440->not_n1440, F0, i)}
100.0	{(n1440, F0, i)}
100.0	{(and_pi099_not_n1386_6->n1440, F0, i)}
100.0	{(and_pi099_not_n1386_6, F0, i)}
100.0	{(not_n1386_6->and_pi099_not_n1386_6, F0, i)}
100.0	{(not_n1386_6, F0, i)}
100.0	{(n1386->not_n1386_6, F1, i)}
100.0	{(not_n1440->and_not_n1440_not_n1441, F1, i)}
75.0	{(po114_driver->po114, F0, i)}
75.0	{(po114_driver, F0, i)}
75.0	{(and_not_pi129_29286449308136415160327158440136953416342323212091034008010_not_n1442->po114_driver, F0, i)}
75.0	{(and_not_pi129_29286449308136415160327158440136953416342323212091034008010_not_n1442, F0, i)}
75.0	{(not_pi129_29286449308136415160327158440136953416342323212091034008010->and_not_pi129_29286449308136415160327158440136953416342323212091034008010_not_n1442, F0, i)}
75.0	{(not_n1442->and_not_pi129_29286449308136415160327158440136953416342323212091034008010_not_n1442, F0, i)}
75.0	{(not_pi129_29286449308136415160327158440136953416342323212091034008010, F0, i)}
75.0	{(not_n1442, F0, i)}
75.0	{(n1442->not_n1442, F1, i)}
75.0	{(n1442, F1, i)}
75.0	{(and_not_n1440_not_n1441->n1442, F1, i)}
75.0	{(and_not_n1440_not_n1441, F1, i)}
100.0	{(not_pi129_6782230728490, F1, i)}
100.0	{(not_pi129_6782230728490->and_not_pi129_6782230728490_not_n758, F1, i)}
100.0	{(not_pi045_2, F1, i)}
100.0	{(not_pi045_2->and_not_pi045_2_n399, F1, i)}
