100.0	{(not_n648, F1, i)}
100.0	{(n648->not_n648, F0, i)}
100.0	{(n648, F0, i)}
100.0	{(and_not_pi071_n647->n648, F0, i)}
100.0	{(and_not_pi071_n647, F0, i)}
100.0	{(not_pi071->and_not_pi071_n647, F0, i)}
100.0	{(n647->and_not_pi071_n647, F0, i)}
100.0	{(not_pi071, F0, i)}
100.0	{(n647, F0, i)}
100.0	{(and_not_n379_1_not_n646->n647, F0, i)}
100.0	{(and_not_n379_1_not_n646, F0, i)}
100.0	{(not_n646->and_not_n379_1_not_n646, F0, i)}
100.0	{(not_n379_1->and_not_n379_1_not_n646, F0, i)}
100.0	{(not_n646, F0, i)}
100.0	{(n646->not_n646, F1, i)}
100.0	{(not_n379_1, F0, i)}
100.0	{(n379->not_n379_1, F1, i)}
100.0	{(n646, F1, i)}
100.0	{(and_pi082_not_n645->n646, F1, i)}
100.0	{(and_pi082_not_n645, F1, i)}
100.0	{(not_n648->and_not_n648_n659, F1, i)}
98.71	{(po035_driver->po035, F0, i)}
98.71	{(po035_driver, F0, i)}
98.71	{(and_not_pi129_403536070_not_n660->po035_driver, F0, i)}
98.71	{(and_not_pi129_403536070_not_n660, F0, i)}
98.71	{(not_pi129_403536070->and_not_pi129_403536070_not_n660, F0, i)}
98.71	{(not_n660->and_not_pi129_403536070_not_n660, F0, i)}
98.71	{(not_pi129_403536070, F0, i)}
98.71	{(not_n660, F0, i)}
98.71	{(n660->not_n660, F1, i)}
98.71	{(n660, F1, i)}
98.71	{(and_not_n648_n659->n660, F1, i)}
98.71	{(and_not_n648_n659, F1, i)}
100.0	{(n1175, F0, i)}
100.0	{(and_not_pi026_490_pi037->n1175, F0, i)}
100.0	{(and_not_pi026_490_pi037, F0, i)}
100.0	{(not_pi026_490->and_not_pi026_490_pi037, F0, i)}
100.0	{(not_pi026_490, F0, i)}
100.0	{(n379->and_n379_not_n1050, F1, i)}
94.24	{(not_n1052, F1, i)}
94.24	{(n1052->not_n1052, F0, i)}
94.24	{(n1052, F0, i)}
94.24	{(and_not_n1048_not_n1051->n1052, F0, i)}
94.24	{(and_not_n1048_not_n1051, F0, i)}
94.24	{(not_n1048->and_not_n1048_not_n1051, F0, i)}
94.24	{(not_n1051->and_not_n1048_not_n1051, F0, i)}
94.24	{(not_n1048, F0, i)}
94.24	{(n1048->not_n1048, F1, i)}
94.24	{(not_n1051, F0, i)}
94.24	{(n1051->not_n1051, F1, i)}
94.24	{(n1048, F1, i)}
94.24	{(and_pi082_not_n1027->n1048, F1, i)}
94.24	{(n1051, F1, i)}
94.24	{(and_n379_not_n1050->n1051, F1, i)}
94.24	{(and_pi082_not_n1027, F1, i)}
94.24	{(and_n379_not_n1050, F1, i)}
94.24	{(not_n1052->and_not_pi046_2_not_n1052, F1, i)}
93.85	{(po061_driver->po061, F0, i)}
93.85	{(po061_driver, F0, i)}
93.85	{(and_not_n1053_n1062->po061_driver, F0, i)}
93.85	{(and_not_n1053_n1062, F0, i)}
93.85	{(n1062->and_not_n1053_n1062, F0, i)}
93.85	{(not_n1053->and_not_n1053_n1062, F0, i)}
93.85	{(n1062, F0, i)}
93.85	{(and_not_n1058_n1061->n1062, F0, i)}
93.85	{(not_n1053, F0, i)}
93.85	{(n1053->not_n1053, F1, i)}
93.85	{(and_not_n1058_n1061, F0, i)}
93.85	{(n1061->and_not_n1058_n1061, F0, i)}
93.85	{(not_n1058->and_not_n1058_n1061, F0, i)}
93.85	{(n1053, F1, i)}
93.85	{(and_not_pi046_2_not_n1052->n1053, F1, i)}
93.85	{(n1061, F0, i)}
93.85	{(and_not_pi129_3788186922656647816827176259430_not_n1060->n1061, F0, i)}
93.85	{(not_n1058, F0, i)}
93.85	{(n1058->not_n1058, F1, i)}
93.85	{(and_not_pi046_2_not_n1052, F1, i)}
93.85	{(and_not_pi129_3788186922656647816827176259430_not_n1060, F0, i)}
93.85	{(not_pi129_3788186922656647816827176259430->and_not_pi129_3788186922656647816827176259430_not_n1060, F0, i)}
93.85	{(not_n1060->and_not_pi129_3788186922656647816827176259430_not_n1060, F0, i)}
93.85	{(n1058, F1, i)}
93.85	{(and_pi075_n1057->n1058, F1, i)}
93.85	{(not_pi129_3788186922656647816827176259430, F0, i)}
93.85	{(not_n1060, F0, i)}
93.85	{(n1060->not_n1060, F1, i)}
93.85	{(and_pi075_n1057, F1, i)}
93.85	{(n1060, F1, i)}
93.85	{(and_n1054_n1059->n1060, F1, i)}
93.85	{(and_n1054_n1059, F1, i)}
