100.0	{(not_n1454, F1, i)}
100.0	{(n1454->not_n1454, F0, i)}
100.0	{(n1454, F0, i)}
100.0	{(and_not_n1452_not_n1453->n1454, F0, i)}
100.0	{(and_not_n1452_not_n1453, F0, i)}
100.0	{(not_n1453->and_not_n1452_not_n1453, F0, i)}
100.0	{(not_n1452->and_not_n1452_not_n1453, F0, i)}
100.0	{(not_n1453, F0, i)}
100.0	{(n1453->not_n1453, F1, i)}
100.0	{(not_n1452, F0, i)}
100.0	{(n1452->not_n1452, F1, i)}
100.0	{(n1453, F1, i)}
100.0	{(and_pi093_pi138->n1453, F1, i)}
100.0	{(n1452, F1, i)}
100.0	{(and_not_pi065_0_not_pi138_6->n1452, F1, i)}
100.0	{(and_pi093_pi138, F1, i)}
100.0	{(and_not_pi065_0_not_pi138_6, F1, i)}
100.0	{(not_n1454->and_pi136_not_n1454, F1, i)}
100.0	{(po110_driver->po110, F0, i)}
100.0	{(po110_driver, F0, i)}
100.0	{(and_not_pi129_12197604876358357001385738625629718207556152941312384010_not_n1426->po110_driver, F0, i)}
100.0	{(and_not_pi129_12197604876358357001385738625629718207556152941312384010_not_n1426, F0, i)}
100.0	{(not_pi129_12197604876358357001385738625629718207556152941312384010->and_not_pi129_12197604876358357001385738625629718207556152941312384010_not_n1426, F0, i)}
100.0	{(not_n1426->and_not_pi129_12197604876358357001385738625629718207556152941312384010_not_n1426, F0, i)}
100.0	{(not_pi129_12197604876358357001385738625629718207556152941312384010, F0, i)}
100.0	{(not_n1426, F0, i)}
100.0	{(n1426->not_n1426, F1, i)}
100.0	{(n1426, F1, i)}
100.0	{(and_not_n1424_not_n1425->n1426, F1, i)}
100.0	{(and_not_n1424_not_n1425, F1, i)}
100.0	{(not_n1424, F1, i)}
100.0	{(n1424->not_n1424, F0, i)}
100.0	{(n1424, F0, i)}
100.0	{(and_pi095_not_n1423->n1424, F0, i)}
100.0	{(and_pi095_not_n1423, F0, i)}
100.0	{(not_n1423->and_pi095_not_n1423, F0, i)}
100.0	{(not_n1423, F0, i)}
100.0	{(n1423->not_n1423, F1, i)}
100.0	{(not_n1424->and_not_n1424_not_n1425, F1, i)}
100.0	{(not_pi026_6, F1, i)}
100.0	{(not_pi026_6->and_not_pi026_6_not_pi100_1, F1, i)}
50.0	{(n800, F1, i)}
50.0	{(and_not_pi026_6_not_pi100_1->n800, F1, i)}
50.0	{(and_not_pi026_6_not_pi100_1, F1, i)}
50.0	{(n800->and_not_pi110_2_n800, F1, i)}
50.0	{(n801, F1, i)}
50.0	{(and_not_pi110_2_n800->n801, F1, i)}
50.0	{(and_not_pi110_2_n800, F1, i)}
50.0	{(n801->and_n776_n801, F1, i)}
100.0	{(n381->and_n381_n406, F1, i)}
100.0	{(n1093, F1, i)}
100.0	{(and_n381_n406->n1093, F1, i)}
100.0	{(and_n381_n406, F1, i)}
100.0	{(n1093->and_n1093_n1095, F1, i)}
100.0	{(n1091, F1, i)}
100.0	{(and_not_n379_490_not_n1090->n1091, F1, i)}
100.0	{(and_not_n379_490_not_n1090, F1, i)}
100.0	{(n1091->and_pi062_n1091, F1, i)}
100.0	{(not_n1090, F1, i)}
100.0	{(n1090->not_n1090, F0, i)}
100.0	{(n1090, F0, i)}
100.0	{(and_pi082_not_n1089->n1090, F0, i)}
100.0	{(and_pi082_not_n1089, F0, i)}
100.0	{(not_n1089->and_pi082_not_n1089, F0, i)}
100.0	{(not_n1089, F0, i)}
100.0	{(n1089->not_n1089, F1, i)}
100.0	{(n1089, F1, i)}
100.0	{(and_n408_n1088->n1089, F1, i)}
100.0	{(and_n408_n1088, F1, i)}
100.0	{(not_n1090->and_not_n379_490_not_n1090, F1, i)}
100.0	{(not_pi106_6, F1, i)}
100.0	{(not_pi106_6->and_not_pi106_6_not_n913, F1, i)}
