100.0	{(not_pi137_4, F1, i)}
100.0	{(not_pi137_4->and_not_pi137_4_not_n1456, F1, i)}
100.0	{(po115_driver->po115, F0, i)}
100.0	{(po115_driver, F0, i)}
100.0	{(and_not_pi129_205005145156954906122290109080958673914396262484637238056070_not_n1446->po115_driver, F0, i)}
100.0	{(and_not_pi129_205005145156954906122290109080958673914396262484637238056070_not_n1446, F0, i)}
100.0	{(not_pi129_205005145156954906122290109080958673914396262484637238056070->and_not_pi129_205005145156954906122290109080958673914396262484637238056070_not_n1446, F0, i)}
100.0	{(not_n1446->and_not_pi129_205005145156954906122290109080958673914396262484637238056070_not_n1446, F0, i)}
100.0	{(not_pi129_205005145156954906122290109080958673914396262484637238056070, F0, i)}
100.0	{(not_n1446, F0, i)}
100.0	{(n1446->not_n1446, F1, i)}
100.0	{(n1446, F1, i)}
100.0	{(and_not_n1444_not_n1445->n1446, F1, i)}
100.0	{(and_not_n1444_not_n1445, F1, i)}
100.0	{(not_n1444, F1, i)}
100.0	{(n1444->not_n1444, F0, i)}
100.0	{(n1444, F0, i)}
100.0	{(and_pi100_not_n1423_2->n1444, F0, i)}
100.0	{(and_pi100_not_n1423_2, F0, i)}
100.0	{(not_n1423_2->and_pi100_not_n1423_2, F0, i)}
100.0	{(not_n1423_2, F0, i)}
100.0	{(n1423->not_n1423_2, F1, i)}
100.0	{(not_n1444->and_not_n1444_not_n1445, F1, i)}
100.0	{(not_n983_0, F1, i)}
100.0	{(n983->not_n983_0, F0, i)}
100.0	{(not_n983_0->and_not_pi129_77309937197074445241370944070_not_n983_0, F1, i)}
100.0	{(n736, F1, i)}
100.0	{(and_not_pi039_0_not_pi052_0->n736, F1, i)}
100.0	{(and_not_pi039_0_not_pi052_0, F1, i)}
100.0	{(not_pi052_0, F1, i)}
100.0	{(not_pi052_0->and_not_pi039_0_not_pi052_0, F1, i)}
100.0	{(n737, F1, i)}
100.0	{(and_not_pi051_0_n736->n737, F1, i)}
100.0	{(and_not_pi051_0_n736, F1, i)}
100.0	{(n736->and_not_pi051_0_n736, F1, i)}
100.0	{(not_pi136_7, F1, i)}
100.0	{(not_pi136_7->and_not_pi066_not_pi136_7, F1, i)}
100.0	{(not_pi069_0, F1, i)}
100.0	{(not_pi069_0->and_not_pi069_0_pi136, F1, i)}
100.0	{(not_n1476, F1, i)}
100.0	{(n1476->not_n1476, F0, i)}
100.0	{(n1476, F0, i)}
100.0	{(and_not_n1474_not_n1475->n1476, F0, i)}
100.0	{(and_not_n1474_not_n1475, F0, i)}
100.0	{(not_n1475->and_not_n1474_not_n1475, F0, i)}
100.0	{(not_n1474->and_not_n1474_not_n1475, F0, i)}
100.0	{(not_n1475, F0, i)}
100.0	{(n1475->not_n1475, F1, i)}
100.0	{(not_n1474, F0, i)}
100.0	{(n1474->not_n1474, F1, i)}
100.0	{(n1475, F1, i)}
100.0	{(and_not_pi066_not_pi136_7->n1475, F1, i)}
100.0	{(n1474, F1, i)}
100.0	{(and_not_pi069_0_pi136->n1474, F1, i)}
100.0	{(and_not_pi066_not_pi136_7, F1, i)}
100.0	{(and_not_pi069_0_pi136, F1, i)}
100.0	{(not_n1476->and_not_pi137_5_not_n1476, F1, i)}
100.0	{(n736, F1, i)}
100.0	{(and_not_pi039_0_not_pi052_0->n736, F1, i)}
100.0	{(and_not_pi039_0_not_pi052_0, F1, i)}
100.0	{(not_pi052_0, F1, i)}
100.0	{(not_pi052_0->and_not_pi039_0_not_pi052_0, F1, i)}
100.0	{(n737, F1, i)}
100.0	{(and_not_pi051_0_n736->n737, F1, i)}
100.0	{(and_not_pi051_0_n736, F1, i)}
100.0	{(n736->and_not_pi051_0_n736, F1, i)}
