100.0	{(not_n885, F1, i)}
100.0	{(n885->not_n885, F0, i)}
100.0	{(n885, F0, i)}
100.0	{(and_not_n883_not_n884->n885, F0, i)}
100.0	{(and_not_n883_not_n884, F0, i)}
100.0	{(not_n884->and_not_n883_not_n884, F0, i)}
100.0	{(not_n883->and_not_n883_not_n884, F0, i)}
100.0	{(not_n884, F0, i)}
100.0	{(n884->not_n884, F1, i)}
100.0	{(not_n883, F0, i)}
100.0	{(n883->not_n883, F1, i)}
100.0	{(n884, F1, i)}
100.0	{(and_pi033_not_pi109_2->n884, F1, i)}
100.0	{(n883, F1, i)}
100.0	{(and_pi032_pi109->n883, F1, i)}
100.0	{(and_pi033_not_pi109_2, F1, i)}
100.0	{(and_pi032_pi109, F1, i)}
100.0	{(not_n885->and_not_pi106_2_not_n885, F1, i)}
97.24	{(not_n887, F1, i)}
97.24	{(n887->not_n887, F0, i)}
97.24	{(n887, F0, i)}
97.24	{(and_not_n882_not_n886->n887, F0, i)}
97.24	{(and_not_n882_not_n886, F0, i)}
97.24	{(not_n882->and_not_n882_not_n886, F0, i)}
97.24	{(not_n886->and_not_n882_not_n886, F0, i)}
97.24	{(not_n882, F0, i)}
97.24	{(n882->not_n882, F1, i)}
97.24	{(not_n886, F0, i)}
97.24	{(n886->not_n886, F1, i)}
97.24	{(n882, F1, i)}
97.24	{(and_pi090_pi106->n882, F1, i)}
97.24	{(n886, F1, i)}
97.24	{(and_not_pi106_2_not_n885->n886, F1, i)}
97.24	{(and_pi090_pi106, F1, i)}
97.24	{(and_not_pi106_2_not_n885, F1, i)}
97.24	{(not_n887->and_not_pi129_39098210485829880490_not_n887, F1, i)}
100.0	{(not_n681, F1, i)}
100.0	{(n681->not_n681, F0, i)}
100.0	{(n681, F0, i)}
100.0	{(and_n675_n680->n681, F0, i)}
100.0	{(and_n675_n680, F0, i)}
100.0	{(n675->and_n675_n680, F0, i)}
100.0	{(n680->and_n675_n680, F0, i)}
100.0	{(n675, F0, i)}
100.0	{(and_n503_n674->n675, F0, i)}
100.0	{(n680, F0, i)}
100.0	{(and_n677_n679->n680, F0, i)}
100.0	{(and_n503_n674, F0, i)}
100.0	{(n674->and_n503_n674, F0, i)}
100.0	{(n503->and_n503_n674, F0, i)}
100.0	{(and_n677_n679, F0, i)}
100.0	{(n677->and_n677_n679, F0, i)}
100.0	{(n679->and_n677_n679, F0, i)}
100.0	{(n674, F0, i)}
100.0	{(and_n448_n673->n674, F0, i)}
100.0	{(n677, F0, i)}
100.0	{(and_n291_n676->n677, F0, i)}
100.0	{(n679, F0, i)}
100.0	{(and_n479_n678->n679, F0, i)}
100.0	{(and_n448_n673, F0, i)}
100.0	{(n673->and_n448_n673, F0, i)}
100.0	{(n448->and_n448_n673, F0, i)}
100.0	{(and_n291_n676, F0, i)}
100.0	{(n676->and_n291_n676, F0, i)}
100.0	{(n291->and_n291_n676, F0, i)}
100.0	{(and_n479_n678, F0, i)}
100.0	{(n678->and_n479_n678, F0, i)}
100.0	{(n479->and_n479_n678, F0, i)}
100.0	{(n673, F0, i)}
100.0	{(and_not_pi022_3_n449->n673, F0, i)}
100.0	{(n676, F0, i)}
100.0	{(and_not_pi009_5_not_pi010_3->n676, F0, i)}
100.0	{(n678, F0, i)}
100.0	{(and_pi005_not_pi007_9->n678, F0, i)}
100.0	{(and_not_pi022_3_n449, F0, i)}
100.0	{(not_pi022_3->and_not_pi022_3_n449, F0, i)}
100.0	{(n449->and_not_pi022_3_n449, F0, i)}
100.0	{(and_not_pi009_5_not_pi010_3, F0, i)}
100.0	{(not_pi009_5->and_not_pi009_5_not_pi010_3, F0, i)}
100.0	{(not_pi010_3->and_not_pi009_5_not_pi010_3, F0, i)}
100.0	{(and_pi005_not_pi007_9, F0, i)}
100.0	{(not_pi007_9->and_pi005_not_pi007_9, F0, i)}
100.0	{(not_pi022_3, F0, i)}
100.0	{(not_pi009_5, F0, i)}
100.0	{(not_pi010_3, F0, i)}
100.0	{(not_pi007_9, F0, i)}
100.0	{(not_n681->and_not_n672_not_n681, F1, i)}
100.0	{(not_pi137_70, F1, i)}
100.0	{(not_pi137_70->and_not_pi137_70_pi138, F1, i)}
100.0	{(n762, F0, i)}
100.0	{(and_not_pi110_1_not_n761->n762, F0, i)}
100.0	{(and_not_pi110_1_not_n761, F0, i)}
100.0	{(not_pi110_1->and_not_pi110_1_not_n761, F0, i)}
100.0	{(not_n761->and_not_pi110_1_not_n761, F0, i)}
100.0	{(not_pi110_1, F0, i)}
100.0	{(not_n761, F0, i)}
100.0	{(n761->not_n761, F1, i)}
100.0	{(n928, F1, i)}
100.0	{(and_not_pi050_2_n391->n928, F1, i)}
100.0	{(and_not_pi050_2_n391, F1, i)}
100.0	{(n928->and_n638_n928, F1, i)}
