100.0	{(not_n1383, F1, i)}
100.0	{(n1383->not_n1383, F0, i)}
100.0	{(n1383, F0, i)}
100.0	{(and_not_n1381_not_n1382->n1383, F0, i)}
100.0	{(and_not_n1381_not_n1382, F0, i)}
100.0	{(not_n1381->and_not_n1381_not_n1382, F0, i)}
100.0	{(not_n1382->and_not_n1381_not_n1382, F0, i)}
100.0	{(not_n1381, F0, i)}
100.0	{(n1381->not_n1381, F1, i)}
100.0	{(not_n1382, F0, i)}
100.0	{(n1382->not_n1382, F1, i)}
100.0	{(n1381, F1, i)}
100.0	{(and_pi087_not_n1325_6->n1381, F1, i)}
100.0	{(n1382, F1, i)}
100.0	{(and_pi140_n1325->n1382, F1, i)}
100.0	{(and_pi087_not_n1325_6, F1, i)}
100.0	{(and_pi140_n1325, F1, i)}
100.0	{(not_n1383->and_not_pi129_2115876138024253916377293617876786762900601936010_not_n1383, F1, i)}
100.0	{(not_n1301, F1, i)}
100.0	{(n1301->not_n1301, F0, i)}
100.0	{(n1301, F0, i)}
100.0	{(and_not_pi140_0_n1271->n1301, F0, i)}
100.0	{(and_not_pi140_0_n1271, F0, i)}
100.0	{(n1271->and_not_pi140_0_n1271, F0, i)}
100.0	{(not_pi140_0->and_not_pi140_0_n1271, F0, i)}
100.0	{(not_pi140_0, F0, i)}
100.0	{(not_n1301->and_not_n1300_not_n1301, F1, i)}
100.0	{(not_n1386_3, F1, i)}
100.0	{(n1386->not_n1386_3, F0, i)}
100.0	{(not_n1386_3->and_pi092_not_n1386_3, F1, i)}
100.0	{(n638->and_n638_n954, F1, i)}
100.0	{(not_pi003_9, F1, i)}
100.0	{(not_pi003_9->and_not_pi003_9_n566, F1, i)}
100.0	{(po055_driver->po055, F1, i)}
100.0	{(po055_driver, F1, i)}
100.0	{(and_not_n953_n963->po055_driver, F1, i)}
100.0	{(and_not_n953_n963, F1, i)}
100.0	{(not_n390, F1, i)}
100.0	{(n390->not_n390, F1, i)}
100.0	{(not_n390->and_pi082_not_n390, F1, i)}
100.0	{(n638->and_n638_n954, F1, i)}
100.0	{(n955, F1, i)}
100.0	{(and_n638_n954->n955, F1, i)}
100.0	{(and_n638_n954, F1, i)}
100.0	{(n955->and_n927_n955, F1, i)}
100.0	{(n960, F1, i)}
100.0	{(and_pi040_pi082->n960, F1, i)}
100.0	{(and_pi040_pi082, F1, i)}
100.0	{(n960->and_n390_n960, F1, i)}
100.0	{(not_n957, F1, i)}
100.0	{(n957->not_n957, F1, i)}
100.0	{(n957, F1, i)}
100.0	{(and_pi082_not_n956->n957, F1, i)}
100.0	{(and_pi082_not_n956, F1, i)}
100.0	{(not_n957->and_not_n379_4_not_n957, F1, i)}
100.0	{(not_n952, F1, i)}
100.0	{(n952->not_n952, F1, i)}
100.0	{(n952, F1, i)}
100.0	{(and_not_n947_not_n951->n952, F1, i)}
100.0	{(and_not_n947_not_n951, F1, i)}
100.0	{(not_n952->and_not_pi040_2_not_n952, F1, i)}
100.0	{(n958, F1, i)}
100.0	{(and_not_n379_4_not_n957->n958, F1, i)}
100.0	{(and_not_n379_4_not_n957, F1, i)}
100.0	{(n958->and_pi073_n958, F1, i)}
