100.0	{(n1249->and_not_pi140_n1249, F1, i)}
95.56	{(n1250, F1, i)}
95.56	{(and_not_pi140_n1249->n1250, F1, i)}
95.56	{(and_not_pi140_n1249, F1, i)}
95.56	{(n1250->and_n1250_n1251, F1, i)}
100.0	{(not_pi011_2, F1, i)}
100.0	{(not_pi011_2->and_not_pi011_2_pi021, F1, i)}
100.0	{(not_n922, F1, i)}
100.0	{(n922->not_n922, F0, i)}
100.0	{(n922, F0, i)}
100.0	{(and_n379_not_n921->n922, F0, i)}
100.0	{(and_n379_not_n921, F0, i)}
100.0	{(n379->and_n379_not_n921, F0, i)}
100.0	{(not_n921->and_n379_not_n921, F0, i)}
100.0	{(not_n921, F0, i)}
100.0	{(n921->not_n921, F1, i)}
100.0	{(n921, F1, i)}
100.0	{(and_pi082_not_n920->n921, F1, i)}
100.0	{(and_pi082_not_n920, F1, i)}
100.0	{(not_n922->and_not_n917_not_n922, F1, i)}
100.0	{(not_pi011_2, F1, i)}
100.0	{(not_pi011_2->and_not_pi011_2_pi021, F1, i)}
100.0	{(n496, F1, i)}
100.0	{(and_not_pi129_7_not_n495->n496, F1, i)}
100.0	{(and_not_pi129_7_not_n495, F1, i)}
100.0	{(n496->and_not_pi003_3_n496, F1, i)}
100.0	{(po023_driver->po023, F1, i)}
100.0	{(po023_driver, F1, i)}
100.0	{(and_not_pi003_3_n496->po023_driver, F1, i)}
100.0	{(and_not_pi003_3_n496, F1, i)}
100.0	{(n489, F1, i)}
100.0	{(and_not_pi011_2_pi021->n489, F1, i)}
100.0	{(and_not_pi011_2_pi021, F1, i)}
100.0	{(n489->and_n488_n489, F1, i)}
100.0	{(n490, F1, i)}
100.0	{(and_n488_n489->n490, F1, i)}
100.0	{(and_n488_n489, F1, i)}
100.0	{(n490->and_n490_n492, F1, i)}
100.0	{(n493, F1, i)}
100.0	{(and_n490_n492->n493, F1, i)}
100.0	{(and_n490_n492, F1, i)}
100.0	{(n493->and_n487_n493, F1, i)}
100.0	{(not_n495, F1, i)}
100.0	{(n495->not_n495, F1, i)}
100.0	{(n495, F1, i)}
100.0	{(and_not_n486_not_n494->n495, F1, i)}
100.0	{(and_not_n486_not_n494, F1, i)}
100.0	{(not_n495->and_not_pi129_7_not_n495, F1, i)}
