100.0	{(not_n1446, F1, i)}
100.0	{(n1446->not_n1446, F0, i)}
100.0	{(n1446, F0, i)}
100.0	{(and_not_n1444_not_n1445->n1446, F0, i)}
100.0	{(and_not_n1444_not_n1445, F0, i)}
100.0	{(not_n1444->and_not_n1444_not_n1445, F0, i)}
100.0	{(not_n1445->and_not_n1444_not_n1445, F0, i)}
100.0	{(not_n1444, F0, i)}
100.0	{(n1444->not_n1444, F1, i)}
100.0	{(not_n1445, F0, i)}
100.0	{(n1445->not_n1445, F1, i)}
100.0	{(n1444, F1, i)}
100.0	{(and_pi100_not_n1423_2->n1444, F1, i)}
100.0	{(n1445, F1, i)}
100.0	{(and_pi144_n1414->n1445, F1, i)}
100.0	{(and_pi100_not_n1423_2, F1, i)}
100.0	{(and_pi144_n1414, F1, i)}
100.0	{(not_n1446->and_not_pi129_205005145156954906122290109080958673914396262484637238056070_not_n1446, F1, i)}
90.71	{(po115_driver->po115, F1, i)}
90.71	{(po115_driver, F1, i)}
90.71	{(and_not_pi129_205005145156954906122290109080958673914396262484637238056070_not_n1446->po115_driver, F1, i)}
90.71	{(and_not_pi129_205005145156954906122290109080958673914396262484637238056070_not_n1446, F1, i)}
100.0	{(not_pi016_1, F1, i)}
100.0	{(not_pi016_1->and_not_pi016_1_n354, F1, i)}
100.0	{(n704->and_n583_n704, F1, i)}
100.0	{(not_pi040_1, F1, i)}
100.0	{(not_pi040_1->and_not_pi040_1_not_pi042_0, F1, i)}
100.0	{(n1577, F1, i)}
100.0	{(and_not_pi129_70316764788835532799945507414768825152637918032230572653232010_not_n1576->n1577, F1, i)}
100.0	{(and_not_pi129_70316764788835532799945507414768825152637918032230572653232010_not_n1576, F1, i)}
100.0	{(n1577->and_not_pi003_797922662976120010_n1577, F1, i)}
91.67	{(n1578, F1, i)}
91.67	{(and_not_pi003_797922662976120010_n1577->n1578, F1, i)}
91.67	{(and_not_pi003_797922662976120010_n1577, F1, i)}
91.67	{(n1578->and_pi116_n1578, F1, i)}
100.0	{(not_n565, F1, i)}
100.0	{(n565->not_n565, F1, i)}
100.0	{(n565, F1, i)}
100.0	{(and_not_n557_not_n564->n565, F1, i)}
100.0	{(and_not_n557_not_n564, F1, i)}
100.0	{(not_n565->and_not_pi129_3430_not_n565, F1, i)}
100.0	{(n558, F1, i)}
100.0	{(and_not_pi016_1_n354->n558, F1, i)}
100.0	{(and_not_pi016_1_n354, F1, i)}
100.0	{(n558->and_n449_n558, F1, i)}
100.0	{(not_pi016_1, F1, i)}
100.0	{(not_pi016_1->and_not_pi016_1_n354, F1, i)}
100.0	{(n559, F1, i)}
100.0	{(and_n449_n558->n559, F1, i)}
100.0	{(and_n449_n558, F1, i)}
100.0	{(n559->and_n503_n559, F1, i)}
100.0	{(n560, F1, i)}
100.0	{(and_n503_n559->n560, F1, i)}
100.0	{(and_n503_n559, F1, i)}
100.0	{(n560->and_n560_n563, F1, i)}
100.0	{(n566, F1, i)}
100.0	{(and_not_pi129_3430_not_n565->n566, F1, i)}
100.0	{(and_not_pi129_3430_not_n565, F1, i)}
100.0	{(n566->and_not_pi003_9_n566, F1, i)}
100.0	{(po029_driver->po029, F1, i)}
100.0	{(po029_driver, F1, i)}
100.0	{(and_not_pi003_9_n566->po029_driver, F1, i)}
100.0	{(and_not_pi003_9_n566, F1, i)}
