100.0	{(n736, F0, i)}
100.0	{(and_not_pi039_0_not_pi052_0->n736, F0, i)}
100.0	{(and_not_pi039_0_not_pi052_0, F0, i)}
100.0	{(not_pi052_0->and_not_pi039_0_not_pi052_0, F0, i)}
100.0	{(not_pi039_0->and_not_pi039_0_not_pi052_0, F0, i)}
100.0	{(not_pi052_0, F0, i)}
100.0	{(not_pi039_0, F0, i)}
100.0	{(n756, F1, i)}
100.0	{(and_n754_n755->n756, F1, i)}
100.0	{(and_n754_n755, F1, i)}
100.0	{(n756->and_n748_n756, F1, i)}
100.0	{(not_n301, F1, i)}
100.0	{(n301->not_n301, F0, i)}
100.0	{(not_n301->and_not_pi056_0_not_n301, F1, i)}
100.0	{(not_n302, F1, i)}
100.0	{(n302->not_n302, F0, i)}
100.0	{(not_n302->and_n301_not_n302, F1, i)}
100.0	{(n301, F0, i)}
100.0	{(and_not_pi005_not_pi022->n301, F0, i)}
100.0	{(and_not_pi005_not_pi022, F0, i)}
100.0	{(not_pi005->and_not_pi005_not_pi022, F0, i)}
100.0	{(not_pi022->and_not_pi005_not_pi022, F0, i)}
100.0	{(not_pi005, F0, i)}
100.0	{(not_pi022, F0, i)}
100.0	{(n473, F0, i)}
100.0	{(and_not_pi018_1_not_pi021_2->n473, F0, i)}
100.0	{(and_not_pi018_1_not_pi021_2, F0, i)}
100.0	{(not_pi021_2->and_not_pi018_1_not_pi021_2, F0, i)}
100.0	{(not_pi018_1->and_not_pi018_1_not_pi021_2, F0, i)}
100.0	{(not_pi021_2, F0, i)}
100.0	{(not_pi018_1, F0, i)}
100.0	{(n479, F0, i)}
100.0	{(and_not_pi006_3_n341->n479, F0, i)}
100.0	{(and_not_pi006_3_n341, F0, i)}
100.0	{(n341->and_not_pi006_3_n341, F0, i)}
100.0	{(not_pi006_3->and_not_pi006_3_n341, F0, i)}
100.0	{(not_pi006_3, F0, i)}
