100.0	{(n1175, F1, i)}
100.0	{(and_not_pi026_490_pi037->n1175, F1, i)}
100.0	{(and_not_pi026_490_pi037, F1, i)}
100.0	{(n1187, F0, i)}
100.0	{(and_not_pi026_3430_not_pi053_7->n1187, F0, i)}
100.0	{(and_not_pi026_3430_not_pi053_7, F0, i)}
100.0	{(not_pi053_7->and_not_pi026_3430_not_pi053_7, F0, i)}
100.0	{(not_pi026_3430->and_not_pi026_3430_not_pi053_7, F0, i)}
100.0	{(not_pi053_7, F0, i)}
100.0	{(not_pi026_3430, F0, i)}
100.0	{(not_pi110_4, F1, i)}
100.0	{(not_pi110_4->and_not_pi058_5_not_pi110_4, F1, i)}
50.0	{(n1145, F1, i)}
50.0	{(and_not_pi058_5_not_pi110_4->n1145, F1, i)}
50.0	{(and_not_pi058_5_not_pi110_4, F1, i)}
50.0	{(n1145->and_not_pi096_3_n1145, F1, i)}
100.0	{(not_pi129_4, F1, i)}
100.0	{(not_pi129_4->and_not_pi129_4_not_n455, F1, i)}
100.0	{(n711, F1, i)}
100.0	{(and_not_n703_n710->n711, F1, i)}
100.0	{(and_not_n703_n710, F1, i)}
100.0	{(n711->and_not_n696_n711, F1, i)}
