100.0	{(not_n1028, F1, i)}
100.0	{(n1028->not_n1028, F0, i)}
100.0	{(n1028, F0, i)}
100.0	{(and_n1026_n1027->n1028, F0, i)}
100.0	{(and_n1026_n1027, F0, i)}
100.0	{(n1027->and_n1026_n1027, F0, i)}
100.0	{(n1026->and_n1026_n1027, F0, i)}
100.0	{(n1026, F0, i)}
100.0	{(and_n399_n704->n1026, F0, i)}
100.0	{(and_n399_n704, F0, i)}
100.0	{(n704->and_n399_n704, F0, i)}
100.0	{(n399->and_n399_n704, F0, i)}
100.0	{(not_n1028->and_pi082_not_n1028, F1, i)}
100.0	{(n1042, F1, i)}
100.0	{(and_pi045_n1041->n1042, F1, i)}
100.0	{(and_pi045_n1041, F1, i)}
100.0	{(n1042->and_n934_n1042, F1, i)}
100.0	{(n299, F1, i)}
100.0	{(and_not_pi004_not_pi016->n299, F1, i)}
100.0	{(and_not_pi004_not_pi016, F1, i)}
100.0	{(not_pi004, F1, i)}
100.0	{(not_pi004->and_not_pi004_not_pi016, F1, i)}
100.0	{(n726->and_n726_n787, F1, i)}
100.0	{(n1219, F1, i)}
100.0	{(and_n726_n787->n1219, F1, i)}
100.0	{(and_n726_n787, F1, i)}
100.0	{(n1219->and_pi096_n1219, F1, i)}
100.0	{(n722, F1, i)}
100.0	{(and_not_pi051_not_pi052->n722, F1, i)}
100.0	{(and_not_pi051_not_pi052, F1, i)}
100.0	{(n723, F1, i)}
100.0	{(and_not_pi039_n722->n723, F1, i)}
100.0	{(and_not_pi039_n722, F1, i)}
100.0	{(n722->and_not_pi039_n722, F1, i)}
100.0	{(not_pi025_0, F1, i)}
100.0	{(not_pi025_0->and_not_pi025_0_pi029, F1, i)}
