100.0	{(n771, F1, i)}
100.0	{(and_not_pi129_47475615099430_not_n770->n771, F1, i)}
100.0	{(and_not_pi129_47475615099430_not_n770, F1, i)}
100.0	{(n771->and_not_pi003_8235430_n771, F1, i)}
100.0	{(not_pi100, F1, i)}
100.0	{(not_pi100->and_not_pi095_not_pi100, F1, i)}
54.55	{(n724, F1, i)}
54.55	{(and_not_pi095_not_pi100->n724, F1, i)}
54.55	{(and_not_pi095_not_pi100, F1, i)}
100.0	{(not_n900, F1, i)}
100.0	{(n900->not_n900, F0, i)}
100.0	{(n900, F0, i)}
100.0	{(and_not_pi106_4_not_n899->n900, F0, i)}
100.0	{(and_not_pi106_4_not_n899, F0, i)}
100.0	{(not_pi106_4->and_not_pi106_4_not_n899, F0, i)}
100.0	{(not_n899->and_not_pi106_4_not_n899, F0, i)}
100.0	{(not_pi106_4, F0, i)}
100.0	{(not_n899, F0, i)}
100.0	{(n899->not_n899, F1, i)}
100.0	{(n899, F1, i)}
100.0	{(and_not_n897_not_n898->n899, F1, i)}
100.0	{(and_not_n897_not_n898, F1, i)}
100.0	{(not_n900->and_not_n896_not_n900, F1, i)}
100.0	{(not_n1031, F1, i)}
100.0	{(n1031->not_n1031, F0, i)}
100.0	{(n1031, F0, i)}
100.0	{(and_pi082_not_n1030->n1031, F0, i)}
100.0	{(and_pi082_not_n1030, F0, i)}
100.0	{(not_n1030->and_pi082_not_n1030, F0, i)}
100.0	{(not_n1030, F0, i)}
100.0	{(n1030->not_n1030, F1, i)}
100.0	{(n1030, F1, i)}
100.0	{(and_not_pi024_3_n692->n1030, F1, i)}
100.0	{(and_not_pi024_3_n692, F1, i)}
100.0	{(not_n1031->and_n379_not_n1031, F1, i)}
100.0	{(n1251->and_n1251_n1266, F1, i)}
