100.0	{(n1054, F0, i)}
100.0	{(and_not_pi050_3_n404->n1054, F0, i)}
100.0	{(and_not_pi050_3_n404, F0, i)}
100.0	{(n404->and_not_pi050_3_n404, F0, i)}
100.0	{(not_pi050_3->and_not_pi050_3_n404, F0, i)}
100.0	{(not_pi050_3, F0, i)}
100.0	{(not_pi129_138412872010, F1, i)}
100.0	{(not_pi129_138412872010->and_not_pi129_138412872010_not_n685, F1, i)}
100.0	{(n686, F1, i)}
100.0	{(and_not_pi129_138412872010_not_n685->n686, F1, i)}
100.0	{(and_not_pi129_138412872010_not_n685, F1, i)}
100.0	{(n686->and_pi061_n686, F1, i)}
100.0	{(not_pi140_0, F1, i)}
100.0	{(not_pi140_0->and_not_pi140_0_n1271, F1, i)}
100.0	{(n856, F1, i)}
100.0	{(and_pi026_n855->n856, F1, i)}
100.0	{(and_pi026_n855, F1, i)}
100.0	{(not_n1151, F1, i)}
100.0	{(n1151->not_n1151, F0, i)}
100.0	{(n1151, F0, i)}
100.0	{(and_not_pi116_6_n843->n1151, F0, i)}
100.0	{(and_not_pi116_6_n843, F0, i)}
100.0	{(not_pi116_6->and_not_pi116_6_n843, F0, i)}
100.0	{(n843->and_not_pi116_6_n843, F0, i)}
100.0	{(not_pi116_6, F0, i)}
100.0	{(not_n1151->and_not_n1150_not_n1151, F1, i)}
77.78	{(n843, F0, i)}
77.78	{(and_pi053_not_pi058_4->n843, F0, i)}
77.78	{(and_pi053_not_pi058_4, F0, i)}
77.78	{(not_pi058_4->and_pi053_not_pi058_4, F0, i)}
77.78	{(not_pi058_4, F0, i)}
