100.0	{(not_n742, F1, i)}
100.0	{(n742->not_n742, F0, i)}
100.0	{(n742, F0, i)}
100.0	{(and_not_n740_not_n741->n742, F0, i)}
100.0	{(and_not_n740_not_n741, F0, i)}
100.0	{(not_n740->and_not_n740_not_n741, F0, i)}
100.0	{(not_n741->and_not_n740_not_n741, F0, i)}
100.0	{(not_n740, F0, i)}
100.0	{(n740->not_n740, F1, i)}
100.0	{(not_n741, F0, i)}
100.0	{(n741->not_n741, F1, i)}
100.0	{(n740, F1, i)}
100.0	{(and_pi027_not_n739->n740, F1, i)}
100.0	{(n741, F1, i)}
100.0	{(and_n723_n727->n741, F1, i)}
100.0	{(and_pi027_not_n739, F1, i)}
100.0	{(and_n723_n727, F1, i)}
100.0	{(not_n742->and_not_n742_n743, F1, i)}
100.0	{(n727, F1, i)}
100.0	{(and_pi025_not_n726->n727, F1, i)}
100.0	{(and_pi025_not_n726, F1, i)}
96.85	{(not_n745, F1, i)}
96.85	{(n745->not_n745, F0, i)}
96.85	{(n745, F0, i)}
96.85	{(and_not_n735_not_n744->n745, F0, i)}
96.85	{(and_not_n735_not_n744, F0, i)}
96.85	{(not_n744->and_not_n735_not_n744, F0, i)}
96.85	{(not_n735->and_not_n735_not_n744, F0, i)}
96.85	{(not_n744, F0, i)}
96.85	{(n744->not_n744, F1, i)}
96.85	{(not_n735, F0, i)}
96.85	{(n735->not_n735, F1, i)}
96.85	{(n744, F1, i)}
96.85	{(and_not_n742_n743->n744, F1, i)}
96.85	{(n735, F1, i)}
96.85	{(and_not_pi027_not_n734->n735, F1, i)}
96.85	{(and_not_n742_n743, F1, i)}
96.85	{(and_not_pi027_not_n734, F1, i)}
96.85	{(not_n745->and_not_pi053_not_n745, F1, i)}
95.14	{(not_n752, F1, i)}
95.14	{(n752->not_n752, F0, i)}
95.14	{(n752, F0, i)}
95.14	{(and_not_n746_not_n751->n752, F0, i)}
95.14	{(and_not_n746_not_n751, F0, i)}
95.14	{(not_n751->and_not_n746_not_n751, F0, i)}
95.14	{(not_n746->and_not_n746_not_n751, F0, i)}
95.14	{(not_n751, F0, i)}
95.14	{(n751->not_n751, F1, i)}
95.14	{(not_n746, F0, i)}
95.14	{(n746->not_n746, F1, i)}
95.14	{(n751, F1, i)}
95.14	{(and_n748_n750->n751, F1, i)}
95.14	{(n746, F1, i)}
95.14	{(and_not_pi053_not_n745->n746, F1, i)}
95.14	{(and_n748_n750, F1, i)}
95.14	{(and_not_pi053_not_n745, F1, i)}
95.14	{(not_n752->and_not_pi058_not_n752, F1, i)}
92.29	{(not_n758, F1, i)}
92.29	{(n758->not_n758, F0, i)}
92.29	{(n758, F0, i)}
92.29	{(and_not_n753_not_n757->n758, F0, i)}
92.29	{(and_not_n753_not_n757, F0, i)}
92.29	{(not_n753->and_not_n753_not_n757, F0, i)}
92.29	{(not_n757->and_not_n753_not_n757, F0, i)}
92.29	{(not_n753, F0, i)}
92.29	{(n753->not_n753, F1, i)}
92.29	{(not_n757, F0, i)}
92.29	{(n757->not_n757, F1, i)}
92.29	{(n753, F1, i)}
92.29	{(and_not_pi058_not_n752->n753, F1, i)}
92.29	{(n757, F1, i)}
92.29	{(and_n748_n756->n757, F1, i)}
92.29	{(and_not_pi058_not_n752, F1, i)}
92.29	{(and_n748_n756, F1, i)}
92.29	{(not_n758->and_not_pi129_6782230728490_not_n758, F1, i)}
100.0	{(not_pi129_492217353521848729599618551903381776068465426225614008572624070, F1, i)}
100.0	{(not_pi129_492217353521848729599618551903381776068465426225614008572624070->and_not_pi129_492217353521848729599618551903381776068465426225614008572624070_n1586, F1, i)}
100.0	{(n348, F1, i)}
100.0	{(and_not_pi014_1_n347->n348, F1, i)}
100.0	{(and_not_pi014_1_n347, F1, i)}
100.0	{(n348->and_n344_n348, F1, i)}
100.0	{(not_pi129_2326305139872070, F1, i)}
100.0	{(not_pi129_2326305139872070->and_not_pi129_2326305139872070_not_n826, F1, i)}
100.0	{(not_pi138_6, F1, i)}
100.0	{(not_pi138_6->and_not_pi065_0_not_pi138_6, F1, i)}
100.0	{(po126_driver->po126, F1, i)}
100.0	{(po126_driver, F1, i)}
100.0	{(and_not_pi129_492217353521848729599618551903381776068465426225614008572624070_n1586->po126_driver, F1, i)}
100.0	{(and_not_pi129_492217353521848729599618551903381776068465426225614008572624070_n1586, F1, i)}
100.0	{(not_pi129_492217353521848729599618551903381776068465426225614008572624070, F1, i)}
100.0	{(not_pi129_492217353521848729599618551903381776068465426225614008572624070->and_not_pi129_492217353521848729599618551903381776068465426225614008572624070_n1586, F1, i)}
100.0	{(po043_driver->po043, F1, i)}
100.0	{(po043_driver, F1, i)}
100.0	{(and_not_pi003_403536070_n827->po043_driver, F1, i)}
100.0	{(and_not_pi003_403536070_n827, F1, i)}
100.0	{(not_pi129_2326305139872070, F1, i)}
100.0	{(not_pi129_2326305139872070->and_not_pi129_2326305139872070_not_n826, F1, i)}
100.0	{(n827, F1, i)}
100.0	{(and_not_pi129_2326305139872070_not_n826->n827, F1, i)}
100.0	{(and_not_pi129_2326305139872070_not_n826, F1, i)}
100.0	{(n827->and_not_pi003_403536070_n827, F1, i)}
