100.0	{(n932, F1, i)}
100.0	{(and_not_n379_3_not_n931->n932, F1, i)}
100.0	{(and_not_n379_3_not_n931, F1, i)}
100.0	{(n932->and_pi074_n932, F1, i)}
100.0	{(n948, F0, i)}
100.0	{(and_n579_n919->n948, F0, i)}
100.0	{(and_n579_n919, F0, i)}
100.0	{(n919->and_n579_n919, F0, i)}
100.0	{(n579->and_n579_n919, F0, i)}
100.0	{(n1247, F0, i)}
100.0	{(and_n1244_n1246->n1247, F0, i)}
100.0	{(and_n1244_n1246, F0, i)}
100.0	{(n1246->and_n1244_n1246, F0, i)}
100.0	{(n1244->and_n1244_n1246, F0, i)}
100.0	{(n1244, F0, i)}
100.0	{(and_pi136_n1243->n1244, F0, i)}
100.0	{(and_pi136_n1243, F0, i)}
100.0	{(n1243->and_pi136_n1243, F0, i)}
100.0	{(n1243, F0, i)}
100.0	{(and_not_pi137_not_pi138->n1243, F0, i)}
100.0	{(and_not_pi137_not_pi138, F0, i)}
100.0	{(not_pi137->and_not_pi137_not_pi138, F0, i)}
100.0	{(not_pi138->and_not_pi137_not_pi138, F0, i)}
100.0	{(not_pi137, F0, i)}
100.0	{(not_pi138, F0, i)}
100.0	{(not_pi145, F1, i)}
100.0	{(not_pi145->and_not_pi145_n1249, F1, i)}
100.0	{(not_n1247_6, F1, i)}
100.0	{(n1247->not_n1247_6, F0, i)}
100.0	{(not_n1247_6->and_pi071_not_n1247_6, F1, i)}
100.0	{(n814->and_n814_n1169, F1, i)}
100.0	{(n814, F1, i)}
100.0	{(and_not_pi026_7_not_pi027_7->n814, F1, i)}
100.0	{(and_not_pi026_7_not_pi027_7, F1, i)}
100.0	{(not_pi026_7, F1, i)}
100.0	{(not_pi026_7->and_not_pi026_7_not_pi027_7, F1, i)}
100.0	{(n301->and_n301_n302, F1, i)}
100.0	{(n301->and_n301_not_n328, F1, i)}
100.0	{(not_pi056_0, F1, i)}
100.0	{(not_pi056_0->and_not_pi056_0_not_n301, F1, i)}
