100.0	{(not_n812, F1, i)}
100.0	{(n812->not_n812, F0, i)}
100.0	{(n812, F0, i)}
100.0	{(and_not_n810_not_n811->n812, F0, i)}
100.0	{(and_not_n810_not_n811, F0, i)}
100.0	{(not_n810->and_not_n810_not_n811, F0, i)}
100.0	{(not_n811->and_not_n810_not_n811, F0, i)}
100.0	{(not_n810, F0, i)}
100.0	{(n810->not_n810, F1, i)}
100.0	{(not_n811, F0, i)}
100.0	{(n811->not_n811, F1, i)}
100.0	{(n810, F1, i)}
100.0	{(and_pi028_not_pi116_3->n810, F1, i)}
100.0	{(n811, F1, i)}
100.0	{(and_not_pi100_2_pi116->n811, F1, i)}
100.0	{(and_pi028_not_pi116_3, F1, i)}
100.0	{(and_not_pi100_2_pi116, F1, i)}
100.0	{(not_n812->and_pi085_not_n812, F1, i)}
100.0	{(not_pi129_3430, F1, i)}
100.0	{(not_pi129_3430->and_not_pi129_3430_not_n565, F1, i)}
100.0	{(not_pi109_7, F1, i)}
100.0	{(not_pi109_7->and_pi051_not_pi109_7, F1, i)}
100.0	{(po095_driver->po095, F0, i)}
100.0	{(po095_driver, F0, i)}
100.0	{(and_not_pi129_17984650426474121466202803405696493492512490_not_n1336->po095_driver, F0, i)}
100.0	{(and_not_pi129_17984650426474121466202803405696493492512490_not_n1336, F0, i)}
100.0	{(not_pi129_17984650426474121466202803405696493492512490->and_not_pi129_17984650426474121466202803405696493492512490_not_n1336, F0, i)}
100.0	{(not_n1336->and_not_pi129_17984650426474121466202803405696493492512490_not_n1336, F0, i)}
100.0	{(not_pi129_17984650426474121466202803405696493492512490, F0, i)}
100.0	{(not_n1336, F0, i)}
100.0	{(n1336->not_n1336, F1, i)}
100.0	{(n1336, F1, i)}
100.0	{(and_not_n1334_not_n1335->n1336, F1, i)}
100.0	{(and_not_n1334_not_n1335, F1, i)}
100.0	{(not_n1335, F1, i)}
100.0	{(n1335->not_n1335, F0, i)}
100.0	{(n1335, F0, i)}
100.0	{(and_pi144_n1325->n1335, F0, i)}
100.0	{(and_pi144_n1325, F0, i)}
100.0	{(n1325->and_pi144_n1325, F0, i)}
100.0	{(not_n1335->and_not_n1334_not_n1335, F1, i)}
100.0	{(n1325, F0, i)}
100.0	{(and_n1251_n1324->n1325, F0, i)}
100.0	{(and_n1251_n1324, F0, i)}
100.0	{(n1251->and_n1251_n1324, F0, i)}
100.0	{(n1324->and_n1251_n1324, F0, i)}
100.0	{(n1182, F0, i)}
100.0	{(and_not_pi085_8_n787->n1182, F0, i)}
100.0	{(and_not_pi085_8_n787, F0, i)}
100.0	{(not_pi085_8->and_not_pi085_8_n787, F0, i)}
100.0	{(n787->and_not_pi085_8_n787, F0, i)}
100.0	{(not_pi085_8, F0, i)}
