100.0	{(not_n1353, F1, i)}
100.0	{(n1353->not_n1353, F0, i)}
100.0	{(n1353, F0, i)}
100.0	{(and_not_pi136_1_not_n1352->n1353, F0, i)}
100.0	{(and_not_pi136_1_not_n1352, F0, i)}
100.0	{(not_pi136_1->and_not_pi136_1_not_n1352, F0, i)}
100.0	{(not_n1352->and_not_pi136_1_not_n1352, F0, i)}
100.0	{(not_pi136_1, F0, i)}
100.0	{(not_n1352, F0, i)}
100.0	{(n1352->not_n1352, F1, i)}
100.0	{(n1352, F1, i)}
100.0	{(and_not_n1350_not_n1351->n1352, F1, i)}
100.0	{(and_not_n1350_not_n1351, F1, i)}
100.0	{(not_n1353->and_not_n1349_not_n1353, F1, i)}
97.42	{(n1355, F0, i)}
97.42	{(and_not_pi137_2_not_n1354->n1355, F0, i)}
97.42	{(and_not_pi137_2_not_n1354, F0, i)}
97.42	{(not_pi137_2->and_not_pi137_2_not_n1354, F0, i)}
97.42	{(not_n1354->and_not_pi137_2_not_n1354, F0, i)}
97.42	{(not_pi137_2, F0, i)}
97.42	{(not_n1354, F0, i)}
97.42	{(n1354->not_n1354, F1, i)}
97.42	{(n1354, F1, i)}
97.42	{(and_not_n1349_not_n1353->n1354, F1, i)}
97.42	{(and_not_n1349_not_n1353, F1, i)}
97.42	{(n1355->or_n1355_n1363, F0, i)}
95.17	{(po098_driver->po098, F0, i)}
95.17	{(po098_driver, F0, i)}
95.17	{(or_n1355_n1363->po098_driver, F0, i)}
95.17	{(or_n1355_n1363, F0, i)}
100.0	{(not_n1459, F1, i)}
100.0	{(n1459->not_n1459, F0, i)}
100.0	{(n1459, F0, i)}
100.0	{(and_pi096_pi138->n1459, F0, i)}
100.0	{(and_pi096_pi138, F0, i)}
100.0	{(not_n1459->and_not_n1459_not_n1460, F1, i)}
100.0	{(n1464, F0, i)}
100.0	{(and_pi137_not_n1463->n1464, F0, i)}
100.0	{(and_pi137_not_n1463, F0, i)}
100.0	{(not_n1463->and_pi137_not_n1463, F0, i)}
100.0	{(not_n1463, F0, i)}
100.0	{(n1463->not_n1463, F1, i)}
100.0	{(n1463, F1, i)}
100.0	{(and_not_n1458_not_n1462->n1463, F1, i)}
100.0	{(and_not_n1458_not_n1462, F1, i)}
100.0	{(n1464->or_n1457_n1464, F0, i)}
100.0	{(not_n1462, F1, i)}
100.0	{(n1462->not_n1462, F0, i)}
100.0	{(n1462, F0, i)}
100.0	{(and_not_pi136_5_not_n1461->n1462, F0, i)}
100.0	{(and_not_pi136_5_not_n1461, F0, i)}
100.0	{(not_pi136_5->and_not_pi136_5_not_n1461, F0, i)}
100.0	{(not_n1461->and_not_pi136_5_not_n1461, F0, i)}
100.0	{(not_pi136_5, F0, i)}
100.0	{(not_n1461, F0, i)}
100.0	{(n1461->not_n1461, F1, i)}
100.0	{(n1461, F1, i)}
100.0	{(and_not_n1459_not_n1460->n1461, F1, i)}
100.0	{(and_not_n1459_not_n1460, F1, i)}
100.0	{(not_n1462->and_not_n1458_not_n1462, F1, i)}
100.0	{(not_pi038, F1, i)}
100.0	{(not_pi038->and_not_pi038_not_pi050, F1, i)}
100.0	{(not_n1128, F1, i)}
100.0	{(n1128->not_n1128, F0, i)}
100.0	{(n1128, F0, i)}
100.0	{(and_pi082_not_n1127->n1128, F0, i)}
100.0	{(and_pi082_not_n1127, F0, i)}
100.0	{(not_n1127->and_pi082_not_n1127, F0, i)}
100.0	{(not_n1127, F0, i)}
100.0	{(n1127->not_n1127, F1, i)}
100.0	{(n1127, F1, i)}
100.0	{(and_n927_n1126->n1127, F1, i)}
100.0	{(and_n927_n1126, F1, i)}
100.0	{(not_n1128->and_not_n379_24010_not_n1128, F1, i)}
100.0	{(n1087, F0, i)}
100.0	{(and_n398_n401->n1087, F0, i)}
100.0	{(and_n398_n401, F0, i)}
100.0	{(n398->and_n398_n401, F0, i)}
100.0	{(n401->and_n398_n401, F0, i)}
100.0	{(not_n1459, F1, i)}
100.0	{(n1459->not_n1459, F1, i)}
100.0	{(n1459, F1, i)}
100.0	{(and_pi096_pi138->n1459, F1, i)}
100.0	{(and_pi096_pi138, F1, i)}
100.0	{(not_n1459->and_not_n1459_not_n1460, F1, i)}
100.0	{(po116_driver->po116, F1, i)}
100.0	{(po116_driver, F1, i)}
100.0	{(or_n1457_n1464->po116_driver, F1, i)}
100.0	{(or_n1457_n1464, F1, i)}
100.0	{(not_n1462, F1, i)}
100.0	{(n1462->not_n1462, F1, i)}
100.0	{(n1462, F1, i)}
100.0	{(and_not_pi136_5_not_n1461->n1462, F1, i)}
100.0	{(and_not_pi136_5_not_n1461, F1, i)}
100.0	{(not_n1462->and_not_n1458_not_n1462, F1, i)}
100.0	{(n1464, F1, i)}
100.0	{(and_pi137_not_n1463->n1464, F1, i)}
100.0	{(and_pi137_not_n1463, F1, i)}
100.0	{(n1464->or_n1457_n1464, F1, i)}
