100.0	{(not_pi054_8235430, F1, i)}
100.0	{(not_pi054_8235430->and_not_pi054_8235430_pi118, F1, i)}
100.0	{(not_pi008, F1, i)}
100.0	{(not_pi008->and_not_pi008_n294, F1, i)}
100.0	{(n295->and_pi018_n295, F1, i)}
100.0	{(n295, F1, i)}
100.0	{(and_not_pi008_n294->n295, F1, i)}
100.0	{(and_not_pi008_n294, F1, i)}
100.0	{(not_n1150, F1, i)}
100.0	{(n1150->not_n1150, F0, i)}
100.0	{(n1150, F0, i)}
100.0	{(and_pi097_n1149->n1150, F0, i)}
100.0	{(and_pi097_n1149, F0, i)}
100.0	{(n1149->and_pi097_n1149, F0, i)}
100.0	{(n1149, F0, i)}
100.0	{(and_not_pi053_5_not_n1148->n1149, F0, i)}
100.0	{(and_not_pi053_5_not_n1148, F0, i)}
100.0	{(not_pi053_5->and_not_pi053_5_not_n1148, F0, i)}
100.0	{(not_n1148->and_not_pi053_5_not_n1148, F0, i)}
100.0	{(not_pi053_5, F0, i)}
100.0	{(not_n1148, F0, i)}
100.0	{(n1148->not_n1148, F1, i)}
100.0	{(n1148, F1, i)}
100.0	{(and_not_n1144_not_n1147->n1148, F1, i)}
100.0	{(and_not_n1144_not_n1147, F1, i)}
100.0	{(not_n1150->and_not_n1150_not_n1151, F1, i)}
100.0	{(not_n1001, F1, i)}
100.0	{(n1001->not_n1001, F0, i)}
100.0	{(not_n1001->and_pi082_not_n1001, F1, i)}
100.0	{(n697->and_n385_n697, F1, i)}
