100.0	{(not_n635, F1, i)}
100.0	{(n635->not_n635, F0, i)}
100.0	{(n635, F0, i)}
100.0	{(and_not_n628_not_n634->n635, F0, i)}
100.0	{(and_not_n628_not_n634, F0, i)}
100.0	{(not_n628->and_not_n628_not_n634, F0, i)}
100.0	{(not_n634->and_not_n628_not_n634, F0, i)}
100.0	{(not_n628, F0, i)}
100.0	{(n628->not_n628, F1, i)}
100.0	{(not_n634, F0, i)}
100.0	{(n634->not_n634, F1, i)}
100.0	{(n628, F1, i)}
100.0	{(and_pi019_not_pi054_3430->n628, F1, i)}
100.0	{(n634, F1, i)}
100.0	{(and_n487_n633->n634, F1, i)}
100.0	{(and_pi019_not_pi054_3430, F1, i)}
100.0	{(and_n487_n633, F1, i)}
100.0	{(not_n635->and_not_pi129_57648010_not_n635, F1, i)}
100.0	{(not_n314, F1, i)}
100.0	{(n314->not_n314, F0, i)}
100.0	{(not_n314->and_not_n314_not_n315, F1, i)}
50.0	{(n312->and_n311_n312, F1, i)}
50.0	{(n322->and_n314_n322, F1, i)}
50.0	{(n316, F1, i)}
50.0	{(and_not_n314_not_n315->n316, F1, i)}
50.0	{(and_not_n314_not_n315, F1, i)}
50.0	{(n316->and_n316_n318, F1, i)}
100.0	{(not_pi146, F1, i)}
100.0	{(not_pi146->and_not_pi146_n1249, F1, i)}
100.0	{(not_n1247_2, F1, i)}
100.0	{(n1247->not_n1247_2, F0, i)}
100.0	{(not_n1247_2->and_pi065_not_n1247_2, F1, i)}
100.0	{(not_n1386_1, F1, i)}
100.0	{(n1386->not_n1386_1, F0, i)}
100.0	{(not_n1386_1->and_pi090_not_n1386_1, F1, i)}
100.0	{(n948, F0, i)}
100.0	{(and_n579_n919->n948, F0, i)}
100.0	{(and_n579_n919, F0, i)}
100.0	{(n919->and_n579_n919, F0, i)}
100.0	{(n579->and_n579_n919, F0, i)}
100.0	{(n948, F1, i)}
100.0	{(and_n579_n919->n948, F1, i)}
100.0	{(and_n579_n919, F1, i)}
