100.0	{(n1061, F1, i)}
100.0	{(and_not_pi129_3788186922656647816827176259430_not_n1060->n1061, F1, i)}
100.0	{(and_not_pi129_3788186922656647816827176259430_not_n1060, F1, i)}
100.0	{(n1061->and_not_n1058_n1061, F1, i)}
100.0	{(n974, F1, i)}
100.0	{(and_not_n379_5_not_n973->n974, F1, i)}
100.0	{(and_not_n379_5_not_n973, F1, i)}
100.0	{(n974->and_pi076_n974, F1, i)}
100.0	{(not_n973, F1, i)}
100.0	{(n973->not_n973, F0, i)}
100.0	{(n973, F0, i)}
100.0	{(and_pi082_not_n972->n973, F0, i)}
100.0	{(and_pi082_not_n972, F0, i)}
100.0	{(not_n972->and_pi082_not_n972, F0, i)}
100.0	{(not_n972, F0, i)}
100.0	{(n972->not_n972, F1, i)}
100.0	{(n972, F1, i)}
100.0	{(and_n927_n971->n972, F1, i)}
100.0	{(and_n927_n971, F1, i)}
100.0	{(not_n973->and_not_n379_5_not_n973, F1, i)}
100.0	{(n723, F1, i)}
100.0	{(and_not_pi039_n722->n723, F1, i)}
100.0	{(and_not_pi039_n722, F1, i)}
