64.01	{(n724, F0, i)}
64.01	{(and_not_pi095_not_pi100->n724, F0, i)}
64.01	{(and_not_pi095_not_pi100, F0, i)}
64.01	{(not_pi100->and_not_pi095_not_pi100, F0, i)}
64.01	{(not_pi095->and_not_pi095_not_pi100, F0, i)}
64.01	{(not_pi100, F0, i)}
64.01	{(not_pi095, F0, i)}
35.66	{(n1155, F1, i)}
35.66	{(and_n754_n1154->n1155, F1, i)}
35.66	{(and_n754_n1154, F1, i)}
35.66	{(n1155->and_not_pi026_10_n1155, F1, i)}
34.97	{(po068_driver->po068, F1, i)}
34.97	{(po068_driver, F1, i)}
34.97	{(and_not_pi026_10_n1155->po068_driver, F1, i)}
34.97	{(and_not_pi026_10_n1155, F1, i)}
34.0	{(not_n724, F1, i)}
34.0	{(n724->not_n724, F0, i)}
34.0	{(not_n724->and_not_pi129_57908879424491981188665523012880962572678888930017262494560649211430_not_n724, F1, i)}
33.48	{(n1154, F1, i)}
33.48	{(and_not_pi003_19773267430_n1153->n1154, F1, i)}
33.48	{(and_not_pi003_19773267430_n1153, F1, i)}
33.48	{(n1154->and_n754_n1154, F1, i)}
32.84	{(po134_driver->po134, F1, i)}
32.84	{(po134_driver, F1, i)}
32.84	{(and_not_pi129_57908879424491981188665523012880962572678888930017262494560649211430_not_n724->po134_driver, F1, i)}
32.84	{(and_not_pi129_57908879424491981188665523012880962572678888930017262494560649211430_not_n724, F1, i)}
31.88	{(n1153, F1, i)}
31.88	{(and_not_pi129_3119734822845423713013303218219760490_not_n1152->n1153, F1, i)}
31.88	{(and_not_pi129_3119734822845423713013303218219760490_not_n1152, F1, i)}
31.88	{(n1153->and_not_pi003_19773267430_n1153, F1, i)}
100.0	{(not_n1493, F1, i)}
100.0	{(n1493->not_n1493, F0, i)}
100.0	{(n1493, F0, i)}
100.0	{(and_not_n1488_not_n1492->n1493, F0, i)}
100.0	{(and_not_n1488_not_n1492, F0, i)}
100.0	{(not_n1492->and_not_n1488_not_n1492, F0, i)}
100.0	{(not_n1488->and_not_n1488_not_n1492, F0, i)}
100.0	{(not_n1492, F0, i)}
100.0	{(n1492->not_n1492, F1, i)}
100.0	{(not_n1488, F0, i)}
100.0	{(n1488->not_n1488, F1, i)}
100.0	{(n1492, F1, i)}
100.0	{(and_not_pi137_6_not_n1491->n1492, F1, i)}
100.0	{(n1488, F1, i)}
100.0	{(and_pi137_not_n1487->n1488, F1, i)}
100.0	{(and_not_pi137_6_not_n1491, F1, i)}
100.0	{(and_pi137_not_n1487, F1, i)}
100.0	{(not_n1493->and_not_pi138_9_not_n1493, F1, i)}
100.0	{(not_n1198, F1, i)}
100.0	{(n1198->not_n1198, F0, i)}
100.0	{(n1198, F0, i)}
100.0	{(and_not_n1195_not_n1197->n1198, F0, i)}
100.0	{(and_not_n1195_not_n1197, F0, i)}
100.0	{(not_n1195->and_not_n1195_not_n1197, F0, i)}
100.0	{(not_n1197->and_not_n1195_not_n1197, F0, i)}
100.0	{(not_n1195, F0, i)}
100.0	{(n1195->not_n1195, F1, i)}
100.0	{(not_n1197, F0, i)}
100.0	{(n1197->not_n1197, F1, i)}
100.0	{(n1195, F1, i)}
100.0	{(and_pi057_not_n1194->n1195, F1, i)}
100.0	{(n1197, F1, i)}
100.0	{(and_n1192_n1196->n1197, F1, i)}
100.0	{(and_pi057_not_n1194, F1, i)}
100.0	{(and_n1192_n1196, F1, i)}
100.0	{(not_n1198->and_not_pi027_70_not_n1198, F1, i)}
95.91	{(not_n1202, F1, i)}
95.91	{(n1202->not_n1202, F0, i)}
95.91	{(n1202, F0, i)}
95.91	{(and_not_n1199_not_n1201->n1202, F0, i)}
95.91	{(and_not_n1199_not_n1201, F0, i)}
95.91	{(not_n1201->and_not_n1199_not_n1201, F0, i)}
95.91	{(not_n1199->and_not_n1199_not_n1201, F0, i)}
95.91	{(not_n1201, F0, i)}
95.91	{(n1201->not_n1201, F1, i)}
95.91	{(not_n1199, F0, i)}
95.91	{(n1199->not_n1199, F1, i)}
95.91	{(n1201, F1, i)}
95.91	{(and_n1192_n1200->n1201, F1, i)}
95.91	{(n1199, F1, i)}
95.91	{(and_not_pi027_70_not_n1198->n1199, F1, i)}
95.91	{(and_n1192_n1200, F1, i)}
95.91	{(and_not_pi027_70_not_n1198, F1, i)}
95.91	{(not_n1202->and_not_pi129_152867006319425761937651857692768264010_not_n1202, F1, i)}
