100.0	{(not_n968, F1, i)}
100.0	{(n968->not_n968, F0, i)}
100.0	{(n968, F0, i)}
100.0	{(and_not_n965_not_n967->n968, F0, i)}
100.0	{(and_not_n965_not_n967, F0, i)}
100.0	{(not_n965->and_not_n965_not_n967, F0, i)}
100.0	{(not_n967->and_not_n965_not_n967, F0, i)}
100.0	{(not_n965, F0, i)}
100.0	{(n965->not_n965, F1, i)}
100.0	{(not_n967, F0, i)}
100.0	{(n967->not_n967, F1, i)}
100.0	{(n965, F1, i)}
100.0	{(and_pi082_not_n573->n965, F1, i)}
100.0	{(n967, F1, i)}
100.0	{(and_n379_not_n966->n967, F1, i)}
100.0	{(and_pi082_not_n573, F1, i)}
100.0	{(and_n379_not_n966, F1, i)}
100.0	{(not_n968->and_not_pi041_2_not_n968, F1, i)}
99.2	{(po056_driver->po056, F0, i)}
99.2	{(po056_driver, F0, i)}
99.2	{(and_not_n969_n981->po056_driver, F0, i)}
99.2	{(and_not_n969_n981, F0, i)}
99.2	{(n981->and_not_n969_n981, F0, i)}
99.2	{(not_n969->and_not_n969_n981, F0, i)}
99.2	{(n981, F0, i)}
99.2	{(and_not_n975_n980->n981, F0, i)}
99.2	{(not_n969, F0, i)}
99.2	{(n969->not_n969, F1, i)}
99.2	{(and_not_n975_n980, F0, i)}
99.2	{(n980->and_not_n975_n980, F0, i)}
99.2	{(not_n975->and_not_n975_n980, F0, i)}
99.2	{(n969, F1, i)}
99.2	{(and_not_pi041_2_not_n968->n969, F1, i)}
99.2	{(n980, F0, i)}
99.2	{(and_not_pi129_225393402906922580878632490_not_n979->n980, F0, i)}
99.2	{(not_n975, F0, i)}
99.2	{(n975->not_n975, F1, i)}
99.2	{(and_not_pi041_2_not_n968, F1, i)}
99.2	{(and_not_pi129_225393402906922580878632490_not_n979, F0, i)}
99.2	{(not_pi129_225393402906922580878632490->and_not_pi129_225393402906922580878632490_not_n979, F0, i)}
99.2	{(not_n979->and_not_pi129_225393402906922580878632490_not_n979, F0, i)}
99.2	{(n975, F1, i)}
99.2	{(and_pi076_n974->n975, F1, i)}
99.2	{(not_pi129_225393402906922580878632490, F0, i)}
99.2	{(not_n979, F0, i)}
99.2	{(n979->not_n979, F1, i)}
99.2	{(and_pi076_n974, F1, i)}
99.2	{(n979, F1, i)}
99.2	{(and_n976_n978->n979, F1, i)}
99.2	{(and_n976_n978, F1, i)}
100.0	{(not_n1590, F1, i)}
100.0	{(n1590->not_n1590, F0, i)}
100.0	{(n1590, F0, i)}
100.0	{(and_not_pi112_0_not_n1421_1->n1590, F0, i)}
100.0	{(and_not_pi112_0_not_n1421_1, F0, i)}
100.0	{(not_pi112_0->and_not_pi112_0_not_n1421_1, F0, i)}
100.0	{(not_n1421_1->and_not_pi112_0_not_n1421_1, F0, i)}
100.0	{(not_pi112_0, F0, i)}
100.0	{(not_n1421_1, F0, i)}
100.0	{(n1421->not_n1421_1, F1, i)}
100.0	{(not_n1590->and_not_n1589_not_n1590, F1, i)}
98.39	{(po127_driver->po127, F0, i)}
98.39	{(po127_driver, F0, i)}
98.39	{(and_not_pi129_3445521474652941107197329863323672432479257983579298060008368490_n1592->po127_driver, F0, i)}
98.39	{(and_not_pi129_3445521474652941107197329863323672432479257983579298060008368490_n1592, F0, i)}
98.39	{(not_pi129_3445521474652941107197329863323672432479257983579298060008368490->and_not_pi129_3445521474652941107197329863323672432479257983579298060008368490_n1592, F0, i)}
98.39	{(n1592->and_not_pi129_3445521474652941107197329863323672432479257983579298060008368490_n1592, F0, i)}
98.39	{(not_pi129_3445521474652941107197329863323672432479257983579298060008368490, F0, i)}
98.39	{(n1592, F0, i)}
98.39	{(and_n1246_not_n1591->n1592, F0, i)}
98.39	{(and_n1246_not_n1591, F0, i)}
98.39	{(n1246->and_n1246_not_n1591, F0, i)}
98.39	{(not_n1591->and_n1246_not_n1591, F0, i)}
98.39	{(not_n1591, F0, i)}
98.39	{(n1591->not_n1591, F1, i)}
98.39	{(n1591, F1, i)}
98.39	{(and_not_n1589_not_n1590->n1591, F1, i)}
98.39	{(and_not_n1589_not_n1590, F1, i)}
100.0	{(n621, F1, i)}
100.0	{(and_pi016_pi054->n621, F1, i)}
100.0	{(and_pi016_pi054, F1, i)}
100.0	{(n621->and_n450_n621, F1, i)}
97.91	{(n622, F1, i)}
97.91	{(and_n450_n621->n622, F1, i)}
97.91	{(and_n450_n621, F1, i)}
97.91	{(n622->and_n356_n622, F1, i)}
93.14	{(n623, F1, i)}
93.14	{(and_n356_n622->n623, F1, i)}
93.14	{(and_n356_n622, F1, i)}
93.14	{(n623->and_n487_n623, F1, i)}
