100.0	{(n379->and_n379_not_n1065, F1, i)}
96.22	{(not_n1067, F1, i)}
96.22	{(n1067->not_n1067, F0, i)}
96.22	{(n1067, F0, i)}
96.22	{(and_not_n1064_not_n1066->n1067, F0, i)}
96.22	{(and_not_n1064_not_n1066, F0, i)}
96.22	{(not_n1064->and_not_n1064_not_n1066, F0, i)}
96.22	{(not_n1066->and_not_n1064_not_n1066, F0, i)}
96.22	{(not_n1064, F0, i)}
96.22	{(n1064->not_n1064, F1, i)}
96.22	{(not_n1066, F0, i)}
96.22	{(n1066->not_n1066, F1, i)}
96.22	{(n1064, F1, i)}
96.22	{(and_pi082_not_n408->n1064, F1, i)}
96.22	{(n1066, F1, i)}
96.22	{(and_n379_not_n1065->n1066, F1, i)}
96.22	{(and_pi082_not_n408, F1, i)}
96.22	{(and_n379_not_n1065, F1, i)}
96.22	{(not_n1067->and_not_pi047_3_not_n1067, F1, i)}
95.62	{(po062_driver->po062, F0, i)}
95.62	{(po062_driver, F0, i)}
95.62	{(and_not_n1068_n1078->po062_driver, F0, i)}
95.62	{(and_not_n1068_n1078, F0, i)}
95.62	{(n1078->and_not_n1068_n1078, F0, i)}
95.62	{(not_n1068->and_not_n1068_n1078, F0, i)}
95.62	{(n1078, F0, i)}
95.62	{(and_not_n1072_n1077->n1078, F0, i)}
95.62	{(not_n1068, F0, i)}
95.62	{(n1068->not_n1068, F1, i)}
95.62	{(and_not_n1072_n1077, F0, i)}
95.62	{(n1077->and_not_n1072_n1077, F0, i)}
95.62	{(not_n1072->and_not_n1072_n1077, F0, i)}
95.62	{(n1068, F1, i)}
95.62	{(and_not_pi047_3_not_n1067->n1068, F1, i)}
95.62	{(n1077, F0, i)}
95.62	{(and_not_pi129_26517308458596534717790233816010_not_n1076->n1077, F0, i)}
95.62	{(not_n1072, F0, i)}
95.62	{(n1072->not_n1072, F1, i)}
95.62	{(and_not_pi047_3_not_n1067, F1, i)}
95.62	{(and_not_pi129_26517308458596534717790233816010_not_n1076, F0, i)}
95.62	{(not_pi129_26517308458596534717790233816010->and_not_pi129_26517308458596534717790233816010_not_n1076, F0, i)}
95.62	{(not_n1076->and_not_pi129_26517308458596534717790233816010_not_n1076, F0, i)}
95.62	{(n1072, F1, i)}
95.62	{(and_pi064_n1071->n1072, F1, i)}
95.62	{(not_pi129_26517308458596534717790233816010, F0, i)}
95.62	{(not_n1076, F0, i)}
95.62	{(n1076->not_n1076, F1, i)}
95.62	{(and_pi064_n1071, F1, i)}
95.62	{(n1076, F1, i)}
95.62	{(and_n1073_n1075->n1076, F1, i)}
95.62	{(and_n1073_n1075, F1, i)}
100.0	{(n1247, F0, i)}
100.0	{(and_n1244_n1246->n1247, F0, i)}
100.0	{(and_n1244_n1246, F0, i)}
100.0	{(n1246->and_n1244_n1246, F0, i)}
100.0	{(n1244->and_n1244_n1246, F0, i)}
100.0	{(n1244, F0, i)}
100.0	{(and_pi136_n1243->n1244, F0, i)}
100.0	{(and_pi136_n1243, F0, i)}
100.0	{(n1243->and_pi136_n1243, F0, i)}
100.0	{(n1243, F0, i)}
100.0	{(and_not_pi137_not_pi138->n1243, F0, i)}
100.0	{(and_not_pi137_not_pi138, F0, i)}
100.0	{(not_pi137->and_not_pi137_not_pi138, F0, i)}
100.0	{(not_pi138->and_not_pi137_not_pi138, F0, i)}
100.0	{(not_pi137, F0, i)}
100.0	{(not_pi138, F0, i)}
100.0	{(not_pi002_1, F1, i)}
100.0	{(not_pi002_1->and_not_pi002_1_not_pi045_3, F1, i)}
100.0	{(not_pi019_0, F1, i)}
100.0	{(not_pi019_0->and_not_pi004_0_not_pi019_0, F1, i)}
100.0	{(not_pi012_0, F1, i)}
100.0	{(not_pi012_0->and_not_pi006_0_not_pi012_0, F1, i)}
