100.0	{(not_n784, F1, i)}
100.0	{(n784->not_n784, F0, i)}
100.0	{(n784, F0, i)}
100.0	{(and_not_n782_not_n783->n784, F0, i)}
100.0	{(and_not_n782_not_n783, F0, i)}
100.0	{(not_n783->and_not_n782_not_n783, F0, i)}
100.0	{(not_n782->and_not_n782_not_n783, F0, i)}
100.0	{(not_n783, F0, i)}
100.0	{(n783->not_n783, F1, i)}
100.0	{(not_n782, F0, i)}
100.0	{(n782->not_n782, F1, i)}
100.0	{(n783, F1, i)}
100.0	{(and_pi027_n768->n783, F1, i)}
100.0	{(n782, F1, i)}
100.0	{(and_not_pi100_0_not_n781->n782, F1, i)}
100.0	{(and_pi027_n768, F1, i)}
100.0	{(and_not_pi100_0_not_n781, F1, i)}
100.0	{(not_n784->and_not_pi129_332329305696010_not_n784, F1, i)}
100.0	{(not_n832, F1, i)}
100.0	{(n832->not_n832, F0, i)}
100.0	{(n832, F0, i)}
100.0	{(and_pi029_not_pi097_0->n832, F0, i)}
100.0	{(and_pi029_not_pi097_0, F0, i)}
100.0	{(not_pi097_0->and_pi029_not_pi097_0, F0, i)}
100.0	{(not_pi097_0, F0, i)}
100.0	{(not_n832->and_not_n831_not_n832, F1, i)}
100.0	{(n714, F1, i)}
100.0	{(and_not_pi085_not_pi110->n714, F1, i)}
100.0	{(and_not_pi085_not_pi110, F1, i)}
100.0	{(n714->and_not_pi096_n714, F1, i)}
66.67	{(not_n716, F1, i)}
66.67	{(n716->not_n716, F0, i)}
66.67	{(n716, F0, i)}
66.67	{(and_not_n713_not_n715->n716, F0, i)}
66.67	{(and_not_n713_not_n715, F0, i)}
66.67	{(not_n713->and_not_n713_not_n715, F0, i)}
66.67	{(not_n715->and_not_n713_not_n715, F0, i)}
66.67	{(not_n713, F0, i)}
66.67	{(n713->not_n713, F1, i)}
66.67	{(not_n715, F0, i)}
66.67	{(n715->not_n715, F1, i)}
66.67	{(n715, F1, i)}
66.67	{(and_not_pi096_n714->n715, F1, i)}
66.67	{(and_not_pi096_n714, F1, i)}
66.67	{(not_n716->and_pi100_not_n716, F1, i)}
100.0	{(not_n1262, F1, i)}
100.0	{(n1262->not_n1262, F0, i)}
100.0	{(n1262, F0, i)}
100.0	{(and_n1251_n1261->n1262, F0, i)}
100.0	{(and_n1251_n1261, F0, i)}
100.0	{(n1251->and_n1251_n1261, F0, i)}
100.0	{(n1261->and_n1251_n1261, F0, i)}
100.0	{(n1261, F0, i)}
100.0	{(and_not_pi139_n1249->n1261, F0, i)}
100.0	{(and_not_pi139_n1249, F0, i)}
100.0	{(not_pi139->and_not_pi139_n1249, F0, i)}
100.0	{(n1249->and_not_pi139_n1249, F0, i)}
100.0	{(not_pi139, F0, i)}
100.0	{(not_n1262->and_not_n1260_not_n1262, F1, i)}
100.0	{(n383->and_not_pi002_5_n383, F1, i)}
