100.0	{(n1278, F0, i)}
100.0	{(and_not_n1276_not_n1277->n1278, F0, i)}
100.0	{(and_not_n1276_not_n1277, F0, i)}
100.0	{(not_n1276->and_not_n1276_not_n1277, F0, i)}
100.0	{(not_n1277->and_not_n1276_not_n1277, F0, i)}
100.0	{(not_n1276, F0, i)}
100.0	{(n1276->not_n1276, F1, i)}
100.0	{(not_n1277, F0, i)}
100.0	{(n1277->not_n1277, F1, i)}
100.0	{(n1276, F1, i)}
100.0	{(and_pi067_not_n1271_0->n1276, F1, i)}
100.0	{(n1277, F1, i)}
100.0	{(and_not_pi139_0_n1271->n1277, F1, i)}
100.0	{(and_pi067_not_n1271_0, F1, i)}
100.0	{(and_not_pi139_0_n1271, F1, i)}
100.0	{(n1278->or_pi129_n1278, F0, i)}
90.66	{(po082_driver->po082, F0, i)}
90.66	{(po082_driver, F0, i)}
90.66	{(or_pi129_n1278->po082_driver, F0, i)}
90.66	{(or_pi129_n1278, F0, i)}
100.0	{(not_pi138_57648010, F1, i)}
100.0	{(not_pi138_57648010->and_not_pi067_not_pi138_57648010, F1, i)}
90.32	{(not_n1558, F1, i)}
90.32	{(n1558->not_n1558, F0, i)}
90.32	{(n1558, F0, i)}
90.32	{(and_not_n1556_not_n1557->n1558, F0, i)}
90.32	{(and_not_n1556_not_n1557, F0, i)}
90.32	{(not_n1556->and_not_n1556_not_n1557, F0, i)}
90.32	{(not_n1557->and_not_n1556_not_n1557, F0, i)}
90.32	{(not_n1556, F0, i)}
90.32	{(n1556->not_n1556, F1, i)}
90.32	{(not_n1557, F0, i)}
90.32	{(n1557->not_n1557, F1, i)}
90.32	{(n1556, F1, i)}
90.32	{(and_pi120_pi138->n1556, F1, i)}
90.32	{(n1557, F1, i)}
90.32	{(and_not_pi067_not_pi138_57648010->n1557, F1, i)}
90.32	{(and_pi120_pi138, F1, i)}
90.32	{(and_not_pi067_not_pi138_57648010, F1, i)}
90.32	{(not_n1558->and_not_pi136_1176490_not_n1558, F1, i)}
100.0	{(n683, F1, i)}
100.0	{(and_not_pi129_19773267430_not_n682->n683, F1, i)}
100.0	{(and_not_pi129_19773267430_not_n682, F1, i)}
100.0	{(n683->and_not_pi003_168070_n683, F1, i)}
95.17	{(po037_driver->po037, F1, i)}
95.17	{(po037_driver, F1, i)}
95.17	{(and_not_pi003_168070_n683->po037_driver, F1, i)}
95.17	{(and_not_pi003_168070_n683, F1, i)}
