100.0	{(n1175, F1, i)}
100.0	{(and_not_pi026_490_pi037->n1175, F1, i)}
100.0	{(and_not_pi026_490_pi037, F1, i)}
95.83	{(not_n1184, F1, i)}
95.83	{(n1184->not_n1184, F0, i)}
95.83	{(n1184, F0, i)}
95.83	{(and_not_n1181_not_n1183->n1184, F0, i)}
95.83	{(and_not_n1181_not_n1183, F0, i)}
95.83	{(not_n1183->and_not_n1181_not_n1183, F0, i)}
95.83	{(not_n1181->and_not_n1181_not_n1183, F0, i)}
95.83	{(not_n1183, F0, i)}
95.83	{(n1183->not_n1183, F1, i)}
95.83	{(not_n1181, F0, i)}
95.83	{(n1181->not_n1181, F1, i)}
95.83	{(n1183, F1, i)}
95.83	{(and_n1175_n1182->n1183, F1, i)}
95.83	{(n1181, F1, i)}
95.83	{(and_not_pi027_10_not_n1180->n1181, F1, i)}
95.83	{(and_n1175_n1182, F1, i)}
95.83	{(and_not_pi027_10_not_n1180, F1, i)}
95.83	{(not_n1184->and_not_pi129_21838143759917965991093122527538323430_not_n1184, F1, i)}
100.0	{(not_n327, F1, i)}
100.0	{(n327->not_n327, F0, i)}
100.0	{(n327, F0, i)}
100.0	{(and_n314_n326->n327, F0, i)}
100.0	{(and_n314_n326, F0, i)}
100.0	{(n314->and_n314_n326, F0, i)}
100.0	{(n326->and_n314_n326, F0, i)}
100.0	{(n326, F0, i)}
100.0	{(and_pi010_n291->n326, F0, i)}
100.0	{(and_pi010_n291, F0, i)}
100.0	{(n291->and_pi010_n291, F0, i)}
100.0	{(not_n327->and_not_n325_not_n327, F1, i)}
100.0	{(and_not_pi003_968890104070_n1203, F1, i)}
100.0	{(po072_driver, F1, i)}
100.0	{(and_not_pi003_968890104070_n1203->po072_driver, F1, i)}
100.0	{(po072_driver->po072, F1, i)}
100.0	{(not_pi003_968890104070, F1, i)}
100.0	{(not_pi003_968890104070->and_not_pi003_968890104070_n1203, F1, i)}
75.0	{(n1192, F0, i)}
75.0	{(and_not_pi085_10_n1187->n1192, F0, i)}
75.0	{(and_not_pi085_10_n1187, F0, i)}
75.0	{(n1187->and_not_pi085_10_n1187, F0, i)}
75.0	{(not_pi085_10->and_not_pi085_10_n1187, F0, i)}
75.0	{(not_pi085_10, F0, i)}
100.0	{(n411->and_pi015_n411, F1, i)}
100.0	{(not_n581, F1, i)}
100.0	{(n581->not_n581, F0, i)}
100.0	{(n581, F0, i)}
100.0	{(and_n407_n580->n581, F0, i)}
100.0	{(and_n407_n580, F0, i)}
100.0	{(n580->and_n407_n580, F0, i)}
100.0	{(n407->and_n407_n580, F0, i)}
100.0	{(n580, F0, i)}
100.0	{(and_n570_n579->n580, F0, i)}
100.0	{(and_n570_n579, F0, i)}
100.0	{(n570->and_n570_n579, F0, i)}
100.0	{(n579->and_n570_n579, F0, i)}
100.0	{(not_n581->and_pi015_not_n581, F1, i)}
