94.78	{(not_n816, F1, i)}
94.78	{(n816->not_n816, F0, i)}
94.78	{(n816, F0, i)}
94.78	{(and_not_n809_not_n815->n816, F0, i)}
94.78	{(and_not_n809_not_n815, F0, i)}
94.78	{(not_n809->and_not_n809_not_n815, F0, i)}
94.78	{(not_n815->and_not_n809_not_n815, F0, i)}
94.78	{(not_n809, F0, i)}
94.78	{(n809->not_n809, F1, i)}
94.78	{(not_n815, F0, i)}
94.78	{(n815->not_n815, F1, i)}
94.78	{(n809, F1, i)}
94.78	{(and_not_pi085_5_not_n808->n809, F1, i)}
94.78	{(n815, F1, i)}
94.78	{(and_n813_n814->n815, F1, i)}
94.78	{(and_not_pi085_5_not_n808, F1, i)}
94.78	{(and_n813_n814, F1, i)}
94.78	{(not_n816->and_not_pi053_3_not_n816, F1, i)}
91.79	{(not_n822, F1, i)}
91.79	{(n822->not_n822, F0, i)}
91.79	{(n822, F0, i)}
91.79	{(and_not_n817_not_n821->n822, F0, i)}
91.79	{(and_not_n817_not_n821, F0, i)}
91.79	{(not_n821->and_not_n817_not_n821, F0, i)}
91.79	{(not_n817->and_not_n817_not_n821, F0, i)}
91.79	{(not_n821, F0, i)}
91.79	{(n821->not_n821, F1, i)}
91.79	{(not_n817, F0, i)}
91.79	{(n817->not_n817, F1, i)}
91.79	{(n821, F1, i)}
91.79	{(and_n819_n820->n821, F1, i)}
91.79	{(n817, F1, i)}
91.79	{(and_not_pi053_3_not_n816->n817, F1, i)}
91.79	{(and_n819_n820, F1, i)}
91.79	{(and_not_pi053_3_not_n816, F1, i)}
91.79	{(not_n822->and_not_pi058_2_not_n822, F1, i)}
87.9	{(not_n826, F1, i)}
87.9	{(n826->not_n826, F0, i)}
87.9	{(n826, F0, i)}
87.9	{(and_not_n823_not_n825->n826, F0, i)}
87.9	{(and_not_n823_not_n825, F0, i)}
87.9	{(not_n823->and_not_n823_not_n825, F0, i)}
87.9	{(not_n825->and_not_n823_not_n825, F0, i)}
87.9	{(not_n823, F0, i)}
87.9	{(n823->not_n823, F1, i)}
87.9	{(not_n825, F0, i)}
87.9	{(n825->not_n825, F1, i)}
87.9	{(n823, F1, i)}
87.9	{(and_not_pi058_2_not_n822->n823, F1, i)}
87.9	{(n825, F1, i)}
87.9	{(and_n819_n824->n825, F1, i)}
87.9	{(and_not_pi058_2_not_n822, F1, i)}
87.9	{(and_n819_n824, F1, i)}
87.9	{(not_n826->and_not_pi129_2326305139872070_not_n826, F1, i)}
79.27	{(n827, F1, i)}
79.27	{(and_not_pi129_2326305139872070_not_n826->n827, F1, i)}
79.27	{(and_not_pi129_2326305139872070_not_n826, F1, i)}
79.27	{(n827->and_not_pi003_403536070_n827, F1, i)}
75.3	{(po043_driver->po043, F1, i)}
75.3	{(po043_driver, F1, i)}
75.3	{(and_not_pi003_403536070_n827->po043_driver, F1, i)}
75.3	{(and_not_pi003_403536070_n827, F1, i)}
100.0	{(n299, F1, i)}
100.0	{(and_not_pi004_not_pi016->n299, F1, i)}
100.0	{(and_not_pi004_not_pi016, F1, i)}
100.0	{(n379->and_n379_not_n1122, F1, i)}
91.04	{(not_n1124, F1, i)}
91.04	{(n1124->not_n1124, F0, i)}
91.04	{(n1124, F0, i)}
91.04	{(and_not_n1119_not_n1123->n1124, F0, i)}
91.04	{(and_not_n1119_not_n1123, F0, i)}
91.04	{(not_n1119->and_not_n1119_not_n1123, F0, i)}
91.04	{(not_n1123->and_not_n1119_not_n1123, F0, i)}
91.04	{(not_n1119, F0, i)}
91.04	{(n1119->not_n1119, F1, i)}
91.04	{(not_n1123, F0, i)}
91.04	{(n1123->not_n1123, F1, i)}
91.04	{(n1119, F1, i)}
91.04	{(and_pi082_not_n404->n1119, F1, i)}
91.04	{(n1123, F1, i)}
91.04	{(and_n379_not_n1122->n1123, F1, i)}
91.04	{(and_pi082_not_n404, F1, i)}
91.04	{(and_n379_not_n1122, F1, i)}
91.04	{(not_n1124->and_not_pi050_4_not_n1124, F1, i)}
90.32	{(po065_driver->po065, F0, i)}
90.32	{(po065_driver, F0, i)}
90.32	{(and_not_n1125_n1134->po065_driver, F0, i)}
90.32	{(and_not_n1125_n1134, F0, i)}
90.32	{(n1134->and_not_n1125_n1134, F0, i)}
90.32	{(not_n1125->and_not_n1125_n1134, F0, i)}
90.32	{(n1134, F0, i)}
90.32	{(and_not_n1130_n1133->n1134, F0, i)}
90.32	{(not_n1125, F0, i)}
90.32	{(n1125->not_n1125, F1, i)}
90.32	{(and_not_n1130_n1133, F0, i)}
90.32	{(n1133->and_not_n1130_n1133, F0, i)}
90.32	{(not_n1130->and_not_n1130_n1133, F0, i)}
90.32	{(n1125, F1, i)}
90.32	{(and_not_pi050_4_not_n1124->n1125, F1, i)}
90.32	{(n1133, F0, i)}
90.32	{(and_not_pi129_9095436801298611408202050198891430_not_n1132->n1133, F0, i)}
90.32	{(not_n1130, F0, i)}
90.32	{(n1130->not_n1130, F1, i)}
90.32	{(and_not_pi050_4_not_n1124, F1, i)}
90.32	{(and_not_pi129_9095436801298611408202050198891430_not_n1132, F0, i)}
90.32	{(not_pi129_9095436801298611408202050198891430->and_not_pi129_9095436801298611408202050198891430_not_n1132, F0, i)}
90.32	{(not_n1132->and_not_pi129_9095436801298611408202050198891430_not_n1132, F0, i)}
90.32	{(n1130, F1, i)}
90.32	{(and_pi066_n1129->n1130, F1, i)}
90.32	{(not_pi129_9095436801298611408202050198891430, F0, i)}
90.32	{(not_n1132, F0, i)}
90.32	{(n1132->not_n1132, F1, i)}
90.32	{(and_pi066_n1129, F1, i)}
90.32	{(n1132, F1, i)}
90.32	{(and_n934_n1131->n1132, F1, i)}
90.32	{(and_n934_n1131, F1, i)}
