100.0	{(not_n878, F1, i)}
100.0	{(n878->not_n878, F0, i)}
100.0	{(n878, F0, i)}
100.0	{(and_not_n876_not_n877->n878, F0, i)}
100.0	{(and_not_n876_not_n877, F0, i)}
100.0	{(not_n877->and_not_n876_not_n877, F0, i)}
100.0	{(not_n876->and_not_n876_not_n877, F0, i)}
100.0	{(not_n877, F0, i)}
100.0	{(n877->not_n877, F1, i)}
100.0	{(not_n876, F0, i)}
100.0	{(n876->not_n876, F1, i)}
100.0	{(n877, F1, i)}
100.0	{(and_pi032_not_pi109_1->n877, F1, i)}
100.0	{(n876, F1, i)}
100.0	{(and_pi031_pi109->n876, F1, i)}
100.0	{(and_pi032_not_pi109_1, F1, i)}
100.0	{(and_pi031_pi109, F1, i)}
100.0	{(not_n878->and_not_pi106_1_not_n878, F1, i)}
100.0	{(not_n882, F1, i)}
100.0	{(n882->not_n882, F0, i)}
100.0	{(n882, F0, i)}
100.0	{(and_pi090_pi106->n882, F0, i)}
100.0	{(and_pi090_pi106, F0, i)}
100.0	{(not_n882->and_not_n882_not_n886, F1, i)}
100.0	{(not_pi129_70, F1, i)}
100.0	{(not_pi129_70->and_not_pi129_70_not_n541, F1, i)}
100.0	{(not_n1297, F1, i)}
100.0	{(n1297->not_n1297, F0, i)}
100.0	{(n1297, F0, i)}
100.0	{(and_n1251_n1296->n1297, F0, i)}
100.0	{(and_n1251_n1296, F0, i)}
100.0	{(n1251->and_n1251_n1296, F0, i)}
100.0	{(n1296->and_n1251_n1296, F0, i)}
100.0	{(n1296, F0, i)}
100.0	{(and_not_pi145_n1249->n1296, F0, i)}
100.0	{(and_not_pi145_n1249, F0, i)}
100.0	{(n1249->and_not_pi145_n1249, F0, i)}
100.0	{(not_pi145->and_not_pi145_n1249, F0, i)}
100.0	{(not_pi145, F0, i)}
100.0	{(not_n1297->and_not_n1295_not_n1297, F1, i)}
100.0	{(n583, F1, i)}
100.0	{(and_not_pi045_2_n399->n583, F1, i)}
100.0	{(and_not_pi045_2_n399, F1, i)}
