100.0	{(not_n1530, F1, i)}
100.0	{(n1530->not_n1530, F0, i)}
100.0	{(n1530, F0, i)}
100.0	{(and_not_pi027_3430_n1529->n1530, F0, i)}
100.0	{(and_not_pi027_3430_n1529, F0, i)}
100.0	{(not_pi027_3430->and_not_pi027_3430_n1529, F0, i)}
100.0	{(n1529->and_not_pi027_3430_n1529, F0, i)}
100.0	{(not_pi027_3430, F0, i)}
100.0	{(n1529, F0, i)}
100.0	{(and_n788_n1370->n1529, F0, i)}
100.0	{(and_n788_n1370, F0, i)}
100.0	{(n788->and_n788_n1370, F0, i)}
100.0	{(n1370->and_n788_n1370, F0, i)}
100.0	{(not_n1530->and_not_n713_0_not_n1530, F1, i)}
100.0	{(n1414->and_pi146_n1414, F1, i)}
100.0	{(n748, F0, i)}
100.0	{(and_not_pi116_0_n747->n748, F0, i)}
100.0	{(and_not_pi116_0_n747, F0, i)}
100.0	{(not_pi116_0->and_not_pi116_0_n747, F0, i)}
100.0	{(n747->and_not_pi116_0_n747, F0, i)}
100.0	{(not_pi116_0, F0, i)}
100.0	{(n747, F0, i)}
100.0	{(and_pi025_not_pi026_1->n747, F0, i)}
100.0	{(and_pi025_not_pi026_1, F0, i)}
100.0	{(not_pi026_1->and_pi025_not_pi026_1, F0, i)}
100.0	{(not_pi026_1, F0, i)}
100.0	{(not_n751, F1, i)}
100.0	{(n751->not_n751, F0, i)}
100.0	{(n751, F0, i)}
100.0	{(and_n748_n750->n751, F0, i)}
100.0	{(and_n748_n750, F0, i)}
100.0	{(n750->and_n748_n750, F0, i)}
100.0	{(n748->and_n748_n750, F0, i)}
100.0	{(n750, F0, i)}
100.0	{(and_not_pi027_0_n749->n750, F0, i)}
100.0	{(and_not_pi027_0_n749, F0, i)}
100.0	{(n749->and_not_pi027_0_n749, F0, i)}
100.0	{(not_pi027_0->and_not_pi027_0_n749, F0, i)}
100.0	{(not_pi027_0, F0, i)}
100.0	{(not_n751->and_not_n746_not_n751, F1, i)}
50.0	{(n749, F0, i)}
50.0	{(and_pi053_not_pi085_2->n749, F0, i)}
50.0	{(and_pi053_not_pi085_2, F0, i)}
50.0	{(not_pi085_2->and_pi053_not_pi085_2, F0, i)}
50.0	{(not_pi085_2, F0, i)}
100.0	{(not_n933, F1, i)}
100.0	{(n933->not_n933, F0, i)}
100.0	{(n933, F0, i)}
100.0	{(and_pi074_n932->n933, F0, i)}
100.0	{(and_pi074_n932, F0, i)}
100.0	{(n932->and_pi074_n932, F0, i)}
100.0	{(n932, F0, i)}
100.0	{(and_not_n379_3_not_n931->n932, F0, i)}
100.0	{(and_not_n379_3_not_n931, F0, i)}
100.0	{(not_n931->and_not_n379_3_not_n931, F0, i)}
100.0	{(not_n379_3->and_not_n379_3_not_n931, F0, i)}
100.0	{(not_n931, F0, i)}
100.0	{(n931->not_n931, F1, i)}
100.0	{(not_n379_3, F0, i)}
100.0	{(n379->not_n379_3, F1, i)}
100.0	{(n931, F1, i)}
100.0	{(and_pi082_not_n930->n931, F1, i)}
100.0	{(and_pi082_not_n930, F1, i)}
100.0	{(not_n933->and_not_n933_n937, F1, i)}
100.0	{(n399->and_n399_n697, F1, i)}
90.91	{(n698->and_n385_n698, F1, i)}
90.91	{(n698, F1, i)}
90.91	{(and_n399_n697->n698, F1, i)}
90.91	{(and_n399_n697, F1, i)}
