100.0	{(n599, F1, i)}
100.0	{(and_n417_n598->n599, F1, i)}
100.0	{(and_n417_n598, F1, i)}
100.0	{(n599->and_n434_n599, F1, i)}
100.0	{(n479, F1, i)}
100.0	{(and_not_pi006_3_n341->n479, F1, i)}
100.0	{(and_not_pi006_3_n341, F1, i)}
100.0	{(not_n360, F1, i)}
100.0	{(n360->not_n360, F0, i)}
100.0	{(n360, F0, i)}
100.0	{(and_pi006_pi012->n360, F0, i)}
100.0	{(and_pi006_pi012, F0, i)}
100.0	{(not_n360->and_not_pi007_3_not_n360, F1, i)}
100.0	{(n650, F0, i)}
100.0	{(and_not_pi015_2_not_pi049_1->n650, F0, i)}
100.0	{(and_not_pi015_2_not_pi049_1, F0, i)}
100.0	{(not_pi049_1->and_not_pi015_2_not_pi049_1, F0, i)}
100.0	{(not_pi015_2->and_not_pi015_2_not_pi049_1, F0, i)}
100.0	{(not_pi049_1, F0, i)}
100.0	{(not_pi015_2, F0, i)}
100.0	{(n411->and_pi020_n411, F1, i)}
100.0	{(not_n653, F1, i)}
100.0	{(n653->not_n653, F0, i)}
100.0	{(n653, F0, i)}
100.0	{(and_n640_n652->n653, F0, i)}
100.0	{(and_n640_n652, F0, i)}
100.0	{(n640->and_n640_n652, F0, i)}
100.0	{(n652->and_n640_n652, F0, i)}
100.0	{(n652, F0, i)}
100.0	{(and_n649_n651->n652, F0, i)}
100.0	{(and_n649_n651, F0, i)}
100.0	{(n651->and_n649_n651, F0, i)}
100.0	{(n649->and_n649_n651, F0, i)}
100.0	{(n651, F0, i)}
100.0	{(and_n390_n650->n651, F0, i)}
100.0	{(and_n390_n650, F0, i)}
100.0	{(n390->and_n390_n650, F0, i)}
100.0	{(n650->and_n390_n650, F0, i)}
100.0	{(not_n653->and_pi020_not_n653, F1, i)}
100.0	{(not_pi137_7, F1, i)}
100.0	{(not_pi137_7->and_not_pi137_7_not_n1502, F1, i)}
100.0	{(not_n1506, F1, i)}
100.0	{(n1506->not_n1506, F0, i)}
100.0	{(n1506, F0, i)}
100.0	{(and_not_n1504_not_n1505->n1506, F0, i)}
100.0	{(and_not_n1504_not_n1505, F0, i)}
100.0	{(not_n1504->and_not_n1504_not_n1505, F0, i)}
100.0	{(not_n1505->and_not_n1504_not_n1505, F0, i)}
100.0	{(not_n1504, F0, i)}
100.0	{(n1504->not_n1504, F1, i)}
100.0	{(not_n1505, F0, i)}
100.0	{(n1505->not_n1505, F1, i)}
100.0	{(n1504, F1, i)}
100.0	{(and_pi084_not_pi136_70->n1504, F1, i)}
100.0	{(n1505, F1, i)}
100.0	{(and_pi032_pi136->n1505, F1, i)}
100.0	{(and_pi084_not_pi136_70, F1, i)}
100.0	{(and_pi032_pi136, F1, i)}
100.0	{(not_n1506->and_pi137_not_n1506, F1, i)}
95.08	{(not_n1508, F1, i)}
95.08	{(n1508->not_n1508, F0, i)}
95.08	{(n1508, F0, i)}
95.08	{(and_not_n1503_not_n1507->n1508, F0, i)}
95.08	{(and_not_n1503_not_n1507, F0, i)}
95.08	{(not_n1503->and_not_n1503_not_n1507, F0, i)}
95.08	{(not_n1507->and_not_n1503_not_n1507, F0, i)}
95.08	{(not_n1503, F0, i)}
95.08	{(n1503->not_n1503, F1, i)}
95.08	{(not_n1507, F0, i)}
95.08	{(n1507->not_n1507, F1, i)}
95.08	{(n1503, F1, i)}
95.08	{(and_not_pi137_7_not_n1502->n1503, F1, i)}
95.08	{(n1507, F1, i)}
95.08	{(and_pi137_not_n1506->n1507, F1, i)}
95.08	{(and_not_pi137_7_not_n1502, F1, i)}
95.08	{(and_pi137_not_n1506, F1, i)}
95.08	{(not_n1508->and_not_pi138_10_not_n1508, F1, i)}
