100.0	{(not_n732, F1, i)}
100.0	{(n732->not_n732, F0, i)}
100.0	{(n732, F0, i)}
100.0	{(and_not_n730_not_n731->n732, F0, i)}
100.0	{(and_not_n730_not_n731, F0, i)}
100.0	{(not_n731->and_not_n730_not_n731, F0, i)}
100.0	{(not_n730->and_not_n730_not_n731, F0, i)}
100.0	{(not_n731, F0, i)}
100.0	{(n731->not_n731, F1, i)}
100.0	{(not_n730, F0, i)}
100.0	{(n730->not_n730, F1, i)}
100.0	{(n731, F1, i)}
100.0	{(and_pi026_n718->n731, F1, i)}
100.0	{(n730, F1, i)}
100.0	{(and_not_n723_not_n729->n730, F1, i)}
100.0	{(and_pi026_n718, F1, i)}
100.0	{(and_not_n723_not_n729, F1, i)}
100.0	{(not_n732->and_not_pi085_0_not_n732, F1, i)}
100.0	{(n856->and_n838_n856, F1, i)}
50.0	{(n856, F1, i)}
50.0	{(and_pi026_n855->n856, F1, i)}
50.0	{(and_pi026_n855, F1, i)}
100.0	{(n356->and_n356_n372, F1, i)}
