100.0	{(po024_driver->po024, F0, i)}
100.0	{(po024_driver, F0, i)}
100.0	{(and_not_pi003_4_n509->po024_driver, F0, i)}
100.0	{(and_not_pi003_4_n509, F0, i)}
100.0	{(not_pi003_4->and_not_pi003_4_n509, F0, i)}
100.0	{(n509->and_not_pi003_4_n509, F0, i)}
100.0	{(not_pi003_4, F0, i)}
100.0	{(n509, F0, i)}
100.0	{(and_not_pi129_8_not_n508->n509, F0, i)}
100.0	{(and_not_pi129_8_not_n508, F0, i)}
100.0	{(not_pi129_8->and_not_pi129_8_not_n508, F0, i)}
100.0	{(not_n508->and_not_pi129_8_not_n508, F0, i)}
100.0	{(not_pi129_8, F0, i)}
100.0	{(not_n508, F0, i)}
100.0	{(n508->not_n508, F1, i)}
100.0	{(n508, F1, i)}
100.0	{(and_not_n498_not_n507->n508, F1, i)}
100.0	{(and_not_n498_not_n507, F1, i)}
100.0	{(not_n498, F1, i)}
100.0	{(n498->not_n498, F0, i)}
100.0	{(n498, F0, i)}
100.0	{(and_pi009_not_pi054_4->n498, F0, i)}
100.0	{(and_pi009_not_pi054_4, F0, i)}
100.0	{(not_pi054_4->and_pi009_not_pi054_4, F0, i)}
100.0	{(not_pi054_4, F0, i)}
100.0	{(not_n498->and_not_n498_not_n507, F1, i)}
100.0	{(n918, F1, i)}
100.0	{(and_n406_n579->n918, F1, i)}
100.0	{(and_n406_n579, F1, i)}
80.0	{(n722, F1, i)}
80.0	{(and_not_pi051_not_pi052->n722, F1, i)}
80.0	{(and_not_pi051_not_pi052, F1, i)}
80.0	{(n723, F1, i)}
80.0	{(and_not_pi039_n722->n723, F1, i)}
80.0	{(and_not_pi039_n722, F1, i)}
80.0	{(n722->and_not_pi039_n722, F1, i)}
60.0	{(not_pi051, F1, i)}
60.0	{(not_pi051->and_not_pi051_not_pi052, F1, i)}
100.0	{(n788, F1, i)}
100.0	{(and_not_pi026_3_n787->n788, F1, i)}
100.0	{(and_not_pi026_3_n787, F1, i)}
100.0	{(n787->and_not_pi026_3_n787, F1, i)}
