100.0	{(not_n1567, F1, i)}
100.0	{(n1567->not_n1567, F0, i)}
100.0	{(n1567, F0, i)}
100.0	{(and_not_n1565_not_n1566->n1567, F0, i)}
100.0	{(and_not_n1565_not_n1566, F0, i)}
100.0	{(not_n1565->and_not_n1565_not_n1566, F0, i)}
100.0	{(not_n1566->and_not_n1565_not_n1566, F0, i)}
100.0	{(not_n1565, F0, i)}
100.0	{(n1565->not_n1565, F1, i)}
100.0	{(not_n1566, F0, i)}
100.0	{(n1566->not_n1566, F1, i)}
100.0	{(n1565, F1, i)}
100.0	{(and_not_pi136_8235430_not_n1564->n1565, F1, i)}
100.0	{(n1566, F1, i)}
100.0	{(and_pi030_n1360->n1566, F1, i)}
100.0	{(and_not_pi136_8235430_not_n1564, F1, i)}
100.0	{(and_pi030_n1360, F1, i)}
100.0	{(not_n1567->and_pi137_not_n1567, F1, i)}
100.0	{(not_pi145, F1, i)}
100.0	{(not_pi145->and_not_pi145_n1249, F1, i)}
100.0	{(not_n1247_6, F1, i)}
100.0	{(n1247->not_n1247_6, F0, i)}
100.0	{(not_n1247_6->and_pi071_not_n1247_6, F1, i)}
100.0	{(not_n1392, F1, i)}
100.0	{(n1392->not_n1392, F0, i)}
100.0	{(n1392, F0, i)}
100.0	{(and_pi140_n1386->n1392, F0, i)}
100.0	{(and_pi140_n1386, F0, i)}
100.0	{(n1386->and_pi140_n1386, F0, i)}
100.0	{(not_n1392->and_not_n1391_not_n1392, F1, i)}
50.0	{(po104_driver->po104, F0, i)}
50.0	{(po104_driver, F0, i)}
50.0	{(and_not_pi129_103677930763188441902487387275962551382129494864490_not_n1393->po104_driver, F0, i)}
50.0	{(and_not_pi129_103677930763188441902487387275962551382129494864490_not_n1393, F0, i)}
50.0	{(not_pi129_103677930763188441902487387275962551382129494864490->and_not_pi129_103677930763188441902487387275962551382129494864490_not_n1393, F0, i)}
50.0	{(not_n1393->and_not_pi129_103677930763188441902487387275962551382129494864490_not_n1393, F0, i)}
50.0	{(not_pi129_103677930763188441902487387275962551382129494864490, F0, i)}
50.0	{(not_n1393, F0, i)}
50.0	{(n1393->not_n1393, F1, i)}
50.0	{(n1393, F1, i)}
50.0	{(and_not_n1391_not_n1392->n1393, F1, i)}
50.0	{(and_not_n1391_not_n1392, F1, i)}
100.0	{(n1027->and_n638_n1027, F1, i)}
100.0	{(n400, F1, i)}
100.0	{(and_n398_n399->n400, F1, i)}
100.0	{(and_n398_n399, F1, i)}
100.0	{(n400->and_n400_n401, F1, i)}
100.0	{(n399->and_n398_n399, F1, i)}
