100.0	{(not_n1472, F1, i)}
100.0	{(n1472->not_n1472, F0, i)}
100.0	{(n1472, F0, i)}
100.0	{(and_not_n1470_not_n1471->n1472, F0, i)}
100.0	{(and_not_n1470_not_n1471, F0, i)}
100.0	{(not_n1471->and_not_n1470_not_n1471, F0, i)}
100.0	{(not_n1470->and_not_n1470_not_n1471, F0, i)}
100.0	{(not_n1471, F0, i)}
100.0	{(n1471->not_n1471, F1, i)}
100.0	{(not_n1470, F0, i)}
100.0	{(n1470->not_n1470, F1, i)}
100.0	{(n1471, F1, i)}
100.0	{(and_pi034_pi136->n1471, F1, i)}
100.0	{(n1470, F1, i)}
100.0	{(and_pi079_not_pi136_6->n1470, F1, i)}
100.0	{(and_pi034_pi136, F1, i)}
100.0	{(and_pi079_not_pi136_6, F1, i)}
100.0	{(not_n1472->and_pi137_not_n1472, F1, i)}
100.0	{(not_pi137_5, F1, i)}
100.0	{(not_pi137_5->and_not_pi137_5_not_n1476, F1, i)}
100.0	{(not_n1478, F1, i)}
100.0	{(n1478->not_n1478, F0, i)}
100.0	{(n1478, F0, i)}
100.0	{(and_not_n1473_not_n1477->n1478, F0, i)}
100.0	{(and_not_n1473_not_n1477, F0, i)}
100.0	{(not_n1477->and_not_n1473_not_n1477, F0, i)}
100.0	{(not_n1473->and_not_n1473_not_n1477, F0, i)}
100.0	{(not_n1477, F0, i)}
100.0	{(n1477->not_n1477, F1, i)}
100.0	{(not_n1473, F0, i)}
100.0	{(n1473->not_n1473, F1, i)}
100.0	{(n1477, F1, i)}
100.0	{(and_not_pi137_5_not_n1476->n1477, F1, i)}
100.0	{(n1473, F1, i)}
100.0	{(and_pi137_not_n1472->n1473, F1, i)}
100.0	{(and_not_pi137_5_not_n1476, F1, i)}
100.0	{(and_pi137_not_n1472, F1, i)}
100.0	{(not_n1478->and_not_pi138_8_not_n1478, F1, i)}
100.0	{(not_n1589, F1, i)}
100.0	{(n1589->not_n1589, F0, i)}
100.0	{(n1589, F0, i)}
100.0	{(and_n1583_n1588->n1589, F0, i)}
100.0	{(and_n1583_n1588, F0, i)}
100.0	{(n1588->and_n1583_n1588, F0, i)}
100.0	{(n1583->and_n1583_n1588, F0, i)}
100.0	{(n1588, F0, i)}
100.0	{(and_not_pi136_403536070_pi141->n1588, F0, i)}
100.0	{(and_not_pi136_403536070_pi141, F0, i)}
100.0	{(not_pi136_403536070->and_not_pi136_403536070_pi141, F0, i)}
100.0	{(not_pi136_403536070, F0, i)}
100.0	{(not_n1589->and_not_n1589_not_n1590, F1, i)}
50.0	{(n1583, F0, i)}
50.0	{(and_pi082_n1582->n1583, F0, i)}
50.0	{(and_pi082_n1582, F0, i)}
50.0	{(n1582->and_pi082_n1582, F0, i)}
50.0	{(n1582, F0, i)}
50.0	{(and_not_pi137_70_pi138->n1582, F0, i)}
50.0	{(and_not_pi137_70_pi138, F0, i)}
50.0	{(not_pi137_70->and_not_pi137_70_pi138, F0, i)}
50.0	{(not_pi137_70, F0, i)}
100.0	{(n807, F1, i)}
100.0	{(and_not_n805_not_n806->n807, F1, i)}
100.0	{(and_not_n805_not_n806, F1, i)}
100.0	{(n807->and_not_n799_n807, F1, i)}
100.0	{(not_n805, F1, i)}
100.0	{(n805->not_n805, F0, i)}
100.0	{(n805, F0, i)}
100.0	{(and_not_pi027_6_not_n804->n805, F0, i)}
100.0	{(and_not_pi027_6_not_n804, F0, i)}
100.0	{(not_pi027_6->and_not_pi027_6_not_n804, F0, i)}
100.0	{(not_n804->and_not_pi027_6_not_n804, F0, i)}
100.0	{(not_pi027_6, F0, i)}
100.0	{(not_n804, F0, i)}
100.0	{(n804->not_n804, F1, i)}
100.0	{(n804, F1, i)}
100.0	{(and_not_n802_not_n803->n804, F1, i)}
100.0	{(and_not_n802_not_n803, F1, i)}
100.0	{(not_n805->and_not_n805_not_n806, F1, i)}
100.0	{(not_pi129_2, F1, i)}
100.0	{(not_pi129_2->and_not_pi129_2_not_n428, F1, i)}
