100.0	{(not_n1321, F1, i)}
100.0	{(n1321->not_n1321, F0, i)}
100.0	{(n1321, F0, i)}
100.0	{(and_not_pi146_0_n1271->n1321, F0, i)}
100.0	{(and_not_pi146_0_n1271, F0, i)}
100.0	{(n1271->and_not_pi146_0_n1271, F0, i)}
100.0	{(not_pi146_0->and_not_pi146_0_n1271, F0, i)}
100.0	{(not_pi146_0, F0, i)}
100.0	{(not_n1321->and_not_n1320_not_n1321, F1, i)}
100.0	{(po092_driver->po092, F1, i)}
100.0	{(po092_driver, F1, i)}
100.0	{(or_pi129_n1322->po092_driver, F1, i)}
100.0	{(or_pi129_n1322, F1, i)}
100.0	{(n1322->or_pi129_n1322, F1, i)}
100.0	{(n1322, F1, i)}
100.0	{(and_not_n1320_not_n1321->n1322, F1, i)}
100.0	{(and_not_n1320_not_n1321, F1, i)}
100.0	{(n718->and_pi026_n718, F1, i)}
100.0	{(not_n723, F1, i)}
100.0	{(n723->not_n723, F0, i)}
100.0	{(not_n723->and_not_n723_not_n729, F1, i)}
100.0	{(not_pi053_8, F1, i)}
100.0	{(not_pi053_8->and_not_pi053_8_n1211, F1, i)}
100.0	{(not_pi013, F1, i)}
100.0	{(not_pi013->and_not_pi013_not_pi014, F1, i)}
100.0	{(not_n534, F1, i)}
100.0	{(n534->not_n534, F0, i)}
100.0	{(n534, F0, i)}
100.0	{(and_pi012_not_pi054_7->n534, F0, i)}
100.0	{(and_pi012_not_pi054_7, F0, i)}
100.0	{(not_pi054_7->and_pi012_not_pi054_7, F0, i)}
100.0	{(not_pi054_7, F0, i)}
100.0	{(not_n534->and_not_n534_not_n540, F1, i)}
100.0	{(po027_driver->po027, F0, i)}
100.0	{(po027_driver, F0, i)}
100.0	{(and_not_pi003_7_n542->po027_driver, F0, i)}
100.0	{(and_not_pi003_7_n542, F0, i)}
100.0	{(n542->and_not_pi003_7_n542, F0, i)}
100.0	{(not_pi003_7->and_not_pi003_7_n542, F0, i)}
100.0	{(n542, F0, i)}
100.0	{(and_not_pi129_70_not_n541->n542, F0, i)}
100.0	{(not_pi003_7, F0, i)}
100.0	{(and_not_pi129_70_not_n541, F0, i)}
100.0	{(not_pi129_70->and_not_pi129_70_not_n541, F0, i)}
100.0	{(not_n541->and_not_pi129_70_not_n541, F0, i)}
100.0	{(not_pi129_70, F0, i)}
100.0	{(not_n541, F0, i)}
100.0	{(n541->not_n541, F1, i)}
100.0	{(n541, F1, i)}
100.0	{(and_not_n534_not_n540->n541, F1, i)}
100.0	{(and_not_n534_not_n540, F1, i)}
