100.0	{(not_n554, F1, i)}
100.0	{(n554->not_n554, F0, i)}
100.0	{(n554, F0, i)}
100.0	{(and_not_n544_not_n553->n554, F0, i)}
100.0	{(and_not_n544_not_n553, F0, i)}
100.0	{(not_n544->and_not_n544_not_n553, F0, i)}
100.0	{(not_n553->and_not_n544_not_n553, F0, i)}
100.0	{(not_n544, F0, i)}
100.0	{(n544->not_n544, F1, i)}
100.0	{(not_n553, F0, i)}
100.0	{(n553->not_n553, F1, i)}
100.0	{(n544, F1, i)}
100.0	{(and_pi013_not_pi054_8->n544, F1, i)}
100.0	{(n553, F1, i)}
100.0	{(and_n547_n552->n553, F1, i)}
100.0	{(and_pi013_not_pi054_8, F1, i)}
100.0	{(and_n547_n552, F1, i)}
100.0	{(not_n554->and_not_pi129_490_not_n554, F1, i)}
100.0	{(not_pi022, F1, i)}
100.0	{(not_pi022->and_not_pi005_not_pi022, F1, i)}
100.0	{(not_pi018_3, F1, i)}
100.0	{(not_pi018_3->and_not_pi004_1_not_pi018_3, F1, i)}
100.0	{(n291->and_n291_n676, F1, i)}
100.0	{(not_n685, F1, i)}
100.0	{(n685->not_n685, F0, i)}
100.0	{(n685, F0, i)}
100.0	{(and_not_pi023_pi055->n685, F0, i)}
100.0	{(and_not_pi023_pi055, F0, i)}
100.0	{(not_pi023->and_not_pi023_pi055, F0, i)}
100.0	{(not_pi023, F0, i)}
100.0	{(not_n685->and_not_pi129_138412872010_not_n685, F1, i)}
100.0	{(n680, F1, i)}
100.0	{(and_n677_n679->n680, F1, i)}
100.0	{(and_n677_n679, F1, i)}
100.0	{(n680->and_n675_n680, F1, i)}
100.0	{(n291->and_n291_n676, F1, i)}
100.0	{(po037_driver->po037, F1, i)}
100.0	{(po037_driver, F1, i)}
100.0	{(and_not_pi003_168070_n683->po037_driver, F1, i)}
100.0	{(and_not_pi003_168070_n683, F1, i)}
100.0	{(not_n682, F1, i)}
100.0	{(n682->not_n682, F1, i)}
100.0	{(n682, F1, i)}
100.0	{(and_not_n672_not_n681->n682, F1, i)}
100.0	{(and_not_n672_not_n681, F1, i)}
100.0	{(not_n682->and_not_pi129_19773267430_not_n682, F1, i)}
100.0	{(n683, F1, i)}
100.0	{(and_not_pi129_19773267430_not_n682->n683, F1, i)}
100.0	{(and_not_pi129_19773267430_not_n682, F1, i)}
100.0	{(n683->and_not_pi003_168070_n683, F1, i)}
100.0	{(n677, F1, i)}
100.0	{(and_n291_n676->n677, F1, i)}
100.0	{(and_n291_n676, F1, i)}
100.0	{(n677->and_n677_n679, F1, i)}
100.0	{(not_pi013, F1, i)}
100.0	{(not_pi013->and_not_pi013_not_pi014, F1, i)}
100.0	{(n291, F1, i)}
100.0	{(and_not_pi013_not_pi014->n291, F1, i)}
100.0	{(and_not_pi013_not_pi014, F1, i)}
