100.0	{(not_n483, F1, i)}
100.0	{(n483->not_n483, F0, i)}
100.0	{(n483, F0, i)}
100.0	{(and_not_n472_not_n482->n483, F0, i)}
100.0	{(and_not_n472_not_n482, F0, i)}
100.0	{(not_n472->and_not_n472_not_n482, F0, i)}
100.0	{(not_n482->and_not_n472_not_n482, F0, i)}
100.0	{(not_n472, F0, i)}
100.0	{(n472->not_n472, F1, i)}
100.0	{(not_n482, F0, i)}
100.0	{(n482->not_n482, F1, i)}
100.0	{(n472, F1, i)}
100.0	{(and_pi007_not_pi054_2->n472, F1, i)}
100.0	{(n482, F1, i)}
100.0	{(and_n478_n481->n482, F1, i)}
100.0	{(and_pi007_not_pi054_2, F1, i)}
100.0	{(and_n478_n481, F1, i)}
100.0	{(not_n483->and_not_pi129_6_not_n483, F1, i)}
100.0	{(n1192->and_n1192_n1200, F1, i)}
100.0	{(n1187, F1, i)}
100.0	{(and_not_pi026_3430_not_pi053_7->n1187, F1, i)}
100.0	{(and_not_pi026_3430_not_pi053_7, F1, i)}
100.0	{(n1120, F1, i)}
100.0	{(and_n704_n1035->n1120, F1, i)}
100.0	{(and_n704_n1035, F1, i)}
100.0	{(n1120->and_n1087_n1120, F1, i)}
100.0	{(not_n379_3, F1, i)}
100.0	{(n379->not_n379_3, F0, i)}
100.0	{(not_n379_3->and_not_n379_3_not_n931, F1, i)}
100.0	{(not_n985, F1, i)}
100.0	{(n985->not_n985, F0, i)}
100.0	{(n985, F0, i)}
100.0	{(and_n927_n984->n985, F0, i)}
100.0	{(and_n927_n984, F0, i)}
100.0	{(n984->and_n927_n984, F0, i)}
100.0	{(n927->and_n927_n984, F0, i)}
100.0	{(n984, F0, i)}
100.0	{(and_n688_n976->n984, F0, i)}
100.0	{(and_n688_n976, F0, i)}
100.0	{(n688->and_n688_n976, F0, i)}
100.0	{(n976->and_n688_n976, F0, i)}
100.0	{(not_n985->and_pi082_not_n985, F1, i)}
100.0	{(po057_driver->po057, F1, i)}
100.0	{(po057_driver, F1, i)}
100.0	{(and_not_n989_n998->po057_driver, F1, i)}
100.0	{(and_not_n989_n998, F1, i)}
100.0	{(not_n987, F1, i)}
100.0	{(n987->not_n987, F1, i)}
100.0	{(n987, F1, i)}
100.0	{(and_n379_not_n986->n987, F1, i)}
100.0	{(and_n379_not_n986, F1, i)}
100.0	{(not_n987->and_not_n983_not_n987, F1, i)}
100.0	{(not_n985, F1, i)}
100.0	{(n985->not_n985, F1, i)}
100.0	{(n985, F1, i)}
100.0	{(and_n927_n984->n985, F1, i)}
100.0	{(and_n927_n984, F1, i)}
100.0	{(not_n985->and_pi082_not_n985, F1, i)}
100.0	{(not_n989, F1, i)}
100.0	{(n989->not_n989, F1, i)}
100.0	{(n989, F1, i)}
100.0	{(and_not_pi042_1_not_n988->n989, F1, i)}
100.0	{(and_not_pi042_1_not_n988, F1, i)}
100.0	{(not_n989->and_not_n989_n998, F1, i)}
100.0	{(n976, F1, i)}
100.0	{(and_n403_n405->n976, F1, i)}
100.0	{(and_n403_n405, F1, i)}
100.0	{(n403, F1, i)}
100.0	{(and_not_pi038_0_not_pi040_0->n403, F1, i)}
100.0	{(and_not_pi038_0_not_pi040_0, F1, i)}
