100.0	{(n1423, F1, i)}
100.0	{(and_not_n1420_not_n1422->n1423, F1, i)}
100.0	{(and_not_n1420_not_n1422, F1, i)}
100.0	{(po095_driver->po095, F0, i)}
100.0	{(po095_driver, F0, i)}
100.0	{(and_not_pi129_17984650426474121466202803405696493492512490_not_n1336->po095_driver, F0, i)}
100.0	{(and_not_pi129_17984650426474121466202803405696493492512490_not_n1336, F0, i)}
100.0	{(not_pi129_17984650426474121466202803405696493492512490->and_not_pi129_17984650426474121466202803405696493492512490_not_n1336, F0, i)}
100.0	{(not_n1336->and_not_pi129_17984650426474121466202803405696493492512490_not_n1336, F0, i)}
100.0	{(not_pi129_17984650426474121466202803405696493492512490, F0, i)}
100.0	{(not_n1336, F0, i)}
100.0	{(n1336->not_n1336, F1, i)}
100.0	{(n1336, F1, i)}
100.0	{(and_not_n1334_not_n1335->n1336, F1, i)}
100.0	{(and_not_n1334_not_n1335, F1, i)}
100.0	{(not_n1334, F1, i)}
100.0	{(n1334->not_n1334, F0, i)}
100.0	{(n1334, F0, i)}
100.0	{(and_pi080_not_n1325_1->n1334, F0, i)}
100.0	{(and_pi080_not_n1325_1, F0, i)}
100.0	{(not_n1325_1->and_pi080_not_n1325_1, F0, i)}
100.0	{(not_n1325_1, F0, i)}
100.0	{(n1325->not_n1325_1, F1, i)}
100.0	{(not_n1334->and_not_n1334_not_n1335, F1, i)}
100.0	{(not_pi122_0, F1, i)}
100.0	{(not_pi122_0->and_not_pi117_not_pi122_0, F1, i)}
100.0	{(n1236->and_pi123_n1236, F1, i)}
100.0	{(n1236, F1, i)}
100.0	{(and_not_pi117_not_pi122_0->n1236, F1, i)}
100.0	{(and_not_pi117_not_pi122_0, F1, i)}
100.0	{(not_n1114, F1, i)}
100.0	{(n1114->not_n1114, F0, i)}
100.0	{(n1114, F0, i)}
100.0	{(and_pi082_not_n1113->n1114, F0, i)}
100.0	{(and_pi082_not_n1113, F0, i)}
100.0	{(not_n1113->and_pi082_not_n1113, F0, i)}
100.0	{(not_n1113, F0, i)}
100.0	{(n1113->not_n1113, F1, i)}
100.0	{(n1113, F1, i)}
100.0	{(and_not_n1108_not_n1112->n1113, F1, i)}
100.0	{(and_not_n1108_not_n1112, F1, i)}
100.0	{(not_n1114->and_not_n1114_not_n1115, F1, i)}
100.0	{(n1116, F1, i)}
100.0	{(and_not_n1114_not_n1115->n1116, F1, i)}
100.0	{(and_not_n1114_not_n1115, F1, i)}
100.0	{(n1116->and_not_n1104_n1116, F1, i)}
100.0	{(n1251, F1, i)}
100.0	{(and_not_pi138_0_n1246->n1251, F1, i)}
100.0	{(and_not_pi138_0_n1246, F1, i)}
100.0	{(po095_driver->po095, F1, i)}
100.0	{(po095_driver, F1, i)}
100.0	{(and_not_pi129_17984650426474121466202803405696493492512490_not_n1336->po095_driver, F1, i)}
100.0	{(and_not_pi129_17984650426474121466202803405696493492512490_not_n1336, F1, i)}
100.0	{(not_n1334, F1, i)}
100.0	{(n1334->not_n1334, F1, i)}
100.0	{(n1334, F1, i)}
100.0	{(and_pi080_not_n1325_1->n1334, F1, i)}
100.0	{(and_pi080_not_n1325_1, F1, i)}
100.0	{(not_n1334->and_not_n1334_not_n1335, F1, i)}
100.0	{(n1325, F1, i)}
100.0	{(and_n1251_n1324->n1325, F1, i)}
100.0	{(and_n1251_n1324, F1, i)}
100.0	{(n1251->and_n1251_n1324, F1, i)}
