100.0	{(n688, F0, i)}
100.0	{(and_not_pi047_1_n568->n688, F0, i)}
100.0	{(and_not_pi047_1_n568, F0, i)}
100.0	{(not_pi047_1->and_not_pi047_1_n568, F0, i)}
100.0	{(n568->and_not_pi047_1_n568, F0, i)}
100.0	{(not_pi047_1, F0, i)}
57.89	{(n568, F0, i)}
57.89	{(and_not_pi041_1_not_pi043_1->n568, F0, i)}
57.89	{(and_not_pi041_1_not_pi043_1, F0, i)}
57.89	{(not_pi041_1->and_not_pi041_1_not_pi043_1, F0, i)}
57.89	{(not_pi043_1->and_not_pi041_1_not_pi043_1, F0, i)}
57.89	{(not_pi041_1, F0, i)}
57.89	{(not_pi043_1, F0, i)}
100.0	{(not_n1064, F1, i)}
100.0	{(n1064->not_n1064, F0, i)}
100.0	{(n1064, F0, i)}
100.0	{(and_pi082_not_n408->n1064, F0, i)}
100.0	{(and_pi082_not_n408, F0, i)}
100.0	{(not_n408->and_pi082_not_n408, F0, i)}
100.0	{(not_n408, F0, i)}
100.0	{(n408->not_n408, F1, i)}
100.0	{(not_n1064->and_not_n1064_not_n1066, F1, i)}
87.8	{(not_n1068, F1, i)}
87.8	{(n1068->not_n1068, F0, i)}
87.8	{(n1068, F0, i)}
87.8	{(and_not_pi047_3_not_n1067->n1068, F0, i)}
87.8	{(and_not_pi047_3_not_n1067, F0, i)}
87.8	{(not_pi047_3->and_not_pi047_3_not_n1067, F0, i)}
87.8	{(not_n1067->and_not_pi047_3_not_n1067, F0, i)}
87.8	{(not_pi047_3, F0, i)}
87.8	{(not_n1067, F0, i)}
87.8	{(n1067->not_n1067, F1, i)}
87.8	{(n1067, F1, i)}
87.8	{(and_not_n1064_not_n1066->n1067, F1, i)}
87.8	{(and_not_n1064_not_n1066, F1, i)}
87.8	{(not_n1068->and_not_n1068_n1078, F1, i)}
70.59	{(po062_driver->po062, F1, i)}
70.59	{(po062_driver, F1, i)}
70.59	{(and_not_n1068_n1078->po062_driver, F1, i)}
70.59	{(and_not_n1068_n1078, F1, i)}
56.25	{(n408, F1, i)}
56.25	{(and_not_pi043_0_n407->n408, F1, i)}
56.25	{(and_not_pi043_0_n407, F1, i)}
100.0	{(not_n1246, F1, i)}
100.0	{(n1246->not_n1246, F0, i)}
100.0	{(not_n1246->and_not_pi003_2326305139872070_not_n1246, F1, i)}
100.0	{(not_n1421, F1, i)}
100.0	{(n1421->not_n1421, F0, i)}
100.0	{(not_n1421->and_n1246_not_n1421, F1, i)}
