100.0	{(n1494, F0, i)}
100.0	{(and_not_pi138_9_not_n1493->n1494, F0, i)}
100.0	{(and_not_pi138_9_not_n1493, F0, i)}
100.0	{(not_pi138_9->and_not_pi138_9_not_n1493, F0, i)}
100.0	{(not_n1493->and_not_pi138_9_not_n1493, F0, i)}
100.0	{(not_pi138_9, F0, i)}
100.0	{(not_n1493, F0, i)}
100.0	{(n1493->not_n1493, F1, i)}
100.0	{(n1493, F1, i)}
100.0	{(and_not_n1488_not_n1492->n1493, F1, i)}
100.0	{(and_not_n1488_not_n1492, F1, i)}
100.0	{(n1494->or_n1484_n1494, F0, i)}
99.58	{(po118_driver->po118, F0, i)}
99.58	{(po118_driver, F0, i)}
99.58	{(or_n1484_n1494->po118_driver, F0, i)}
99.58	{(or_n1484_n1494, F0, i)}
95.14	{(n728->and_n728_n737, F1, i)}
94.31	{(not_n804, F1, i)}
94.31	{(n804->not_n804, F0, i)}
94.31	{(n804, F0, i)}
94.31	{(and_not_n802_not_n803->n804, F0, i)}
94.31	{(and_not_n802_not_n803, F0, i)}
94.31	{(not_n803->and_not_n802_not_n803, F0, i)}
94.31	{(not_n802->and_not_n802_not_n803, F0, i)}
94.31	{(not_n803, F0, i)}
94.31	{(n803->not_n803, F1, i)}
94.31	{(not_n802, F0, i)}
94.31	{(n802->not_n802, F1, i)}
94.31	{(n803, F1, i)}
94.31	{(and_n728_n737->n803, F1, i)}
94.31	{(n802, F1, i)}
94.31	{(and_n776_n801->n802, F1, i)}
94.31	{(and_n728_n737, F1, i)}
94.31	{(and_n776_n801, F1, i)}
94.31	{(not_n804->and_not_pi027_6_not_n804, F1, i)}
93.49	{(n728, F1, i)}
93.49	{(and_pi026_pi116->n728, F1, i)}
93.49	{(and_pi026_pi116, F1, i)}
91.9	{(not_n808, F1, i)}
91.9	{(n808->not_n808, F0, i)}
91.9	{(n808, F0, i)}
91.9	{(and_not_n799_n807->n808, F0, i)}
91.9	{(and_not_n799_n807, F0, i)}
91.9	{(not_n799->and_not_n799_n807, F0, i)}
91.9	{(n807->and_not_n799_n807, F0, i)}
91.9	{(not_n799, F0, i)}
91.9	{(n799->not_n799, F1, i)}
91.9	{(n807, F0, i)}
91.9	{(and_not_n805_not_n806->n807, F0, i)}
91.9	{(n799, F1, i)}
91.9	{(and_pi028_not_n798->n799, F1, i)}
91.9	{(and_not_n805_not_n806, F0, i)}
91.9	{(not_n806->and_not_n805_not_n806, F0, i)}
91.9	{(not_n805->and_not_n805_not_n806, F0, i)}
91.9	{(and_pi028_not_n798, F1, i)}
91.9	{(not_n806, F0, i)}
91.9	{(n806->not_n806, F1, i)}
91.9	{(not_n805, F0, i)}
91.9	{(n805->not_n805, F1, i)}
91.9	{(n806, F1, i)}
91.9	{(and_n777_n790->n806, F1, i)}
91.9	{(n805, F1, i)}
91.9	{(and_not_pi027_6_not_n804->n805, F1, i)}
91.9	{(and_n777_n790, F1, i)}
91.9	{(and_not_pi027_6_not_n804, F1, i)}
91.9	{(not_n808->and_not_pi085_5_not_n808, F1, i)}
91.38	{(n813, F1, i)}
91.38	{(and_pi085_not_n812->n813, F1, i)}
91.38	{(and_pi085_not_n812, F1, i)}
91.38	{(n813->and_n813_n814, F1, i)}
89.42	{(not_n816, F1, i)}
89.42	{(n816->not_n816, F0, i)}
89.42	{(n816, F0, i)}
89.42	{(and_not_n809_not_n815->n816, F0, i)}
89.42	{(and_not_n809_not_n815, F0, i)}
89.42	{(not_n809->and_not_n809_not_n815, F0, i)}
89.42	{(not_n815->and_not_n809_not_n815, F0, i)}
89.42	{(not_n809, F0, i)}
89.42	{(n809->not_n809, F1, i)}
89.42	{(not_n815, F0, i)}
89.42	{(n815->not_n815, F1, i)}
89.42	{(n809, F1, i)}
89.42	{(and_not_pi085_5_not_n808->n809, F1, i)}
89.42	{(n815, F1, i)}
89.42	{(and_n813_n814->n815, F1, i)}
89.42	{(and_not_pi085_5_not_n808, F1, i)}
89.42	{(and_n813_n814, F1, i)}
89.42	{(not_n816->and_not_pi053_3_not_n816, F1, i)}
86.72	{(not_n822, F1, i)}
86.72	{(n822->not_n822, F0, i)}
86.72	{(n822, F0, i)}
86.72	{(and_not_n817_not_n821->n822, F0, i)}
86.72	{(and_not_n817_not_n821, F0, i)}
86.72	{(not_n821->and_not_n817_not_n821, F0, i)}
86.72	{(not_n817->and_not_n817_not_n821, F0, i)}
86.72	{(not_n821, F0, i)}
86.72	{(n821->not_n821, F1, i)}
86.72	{(not_n817, F0, i)}
86.72	{(n817->not_n817, F1, i)}
86.72	{(n821, F1, i)}
86.72	{(and_n819_n820->n821, F1, i)}
86.72	{(n817, F1, i)}
86.72	{(and_not_pi053_3_not_n816->n817, F1, i)}
86.72	{(and_n819_n820, F1, i)}
86.72	{(and_not_pi053_3_not_n816, F1, i)}
86.72	{(not_n822->and_not_pi058_2_not_n822, F1, i)}
83.56	{(not_n826, F1, i)}
83.56	{(n826->not_n826, F0, i)}
83.56	{(n826, F0, i)}
83.56	{(and_not_n823_not_n825->n826, F0, i)}
83.56	{(and_not_n823_not_n825, F0, i)}
83.56	{(not_n823->and_not_n823_not_n825, F0, i)}
83.56	{(not_n825->and_not_n823_not_n825, F0, i)}
83.56	{(not_n823, F0, i)}
83.56	{(n823->not_n823, F1, i)}
83.56	{(not_n825, F0, i)}
83.56	{(n825->not_n825, F1, i)}
83.56	{(n823, F1, i)}
83.56	{(and_not_pi058_2_not_n822->n823, F1, i)}
83.56	{(n825, F1, i)}
83.56	{(and_n819_n824->n825, F1, i)}
83.56	{(and_not_pi058_2_not_n822, F1, i)}
83.56	{(and_n819_n824, F1, i)}
83.56	{(not_n826->and_not_pi129_2326305139872070_not_n826, F1, i)}
75.66	{(n827, F1, i)}
75.66	{(and_not_pi129_2326305139872070_not_n826->n827, F1, i)}
75.66	{(and_not_pi129_2326305139872070_not_n826, F1, i)}
75.66	{(n827->and_not_pi003_403536070_n827, F1, i)}
72.0	{(po043_driver->po043, F1, i)}
72.0	{(po043_driver, F1, i)}
72.0	{(and_not_pi003_403536070_n827->po043_driver, F1, i)}
72.0	{(and_not_pi003_403536070_n827, F1, i)}
4.42	{(n755, F1, i)}
4.42	{(and_not_pi053_0_pi058->n755, F1, i)}
4.42	{(and_not_pi053_0_pi058, F1, i)}
3.75	{(n755->and_not_pi097_1_n755, F1, i)}
3.73	{(not_n1576, F1, i)}
3.73	{(n1576->not_n1576, F0, i)}
3.73	{(n1576, F0, i)}
3.73	{(and_not_n843_0_not_n1575->n1576, F0, i)}
3.73	{(and_not_n843_0_not_n1575, F0, i)}
3.73	{(not_n843_0->and_not_n843_0_not_n1575, F0, i)}
3.73	{(not_n1575->and_not_n843_0_not_n1575, F0, i)}
3.73	{(not_n843_0, F0, i)}
3.73	{(n843->not_n843_0, F1, i)}
3.73	{(not_n1575, F0, i)}
3.73	{(n1575->not_n1575, F1, i)}
3.73	{(n1575, F1, i)}
3.73	{(and_not_pi097_1_n755->n1575, F1, i)}
3.73	{(and_not_pi097_1_n755, F1, i)}
3.73	{(not_n1576->and_not_pi129_70316764788835532799945507414768825152637918032230572653232010_not_n1576, F1, i)}
3.71	{(n1577, F1, i)}
3.71	{(and_not_pi129_70316764788835532799945507414768825152637918032230572653232010_not_n1576->n1577, F1, i)}
3.71	{(and_not_pi129_70316764788835532799945507414768825152637918032230572653232010_not_n1576, F1, i)}
3.71	{(n1577->and_not_pi003_797922662976120010_n1577, F1, i)}
3.7	{(n1578, F1, i)}
3.7	{(and_not_pi003_797922662976120010_n1577->n1578, F1, i)}
3.7	{(and_not_pi003_797922662976120010_n1577, F1, i)}
3.7	{(n1578->and_pi116_n1578, F1, i)}
