100.0	{(n391, F0, i)}
100.0	{(and_not_pi040_n390->n391, F0, i)}
100.0	{(and_not_pi040_n390, F0, i)}
100.0	{(n390->and_not_pi040_n390, F0, i)}
100.0	{(not_pi040->and_not_pi040_n390, F0, i)}
100.0	{(not_pi040, F0, i)}
100.0	{(not_n986, F1, i)}
100.0	{(n986->not_n986, F0, i)}
100.0	{(n986, F0, i)}
100.0	{(and_pi082_not_n985->n986, F0, i)}
100.0	{(and_pi082_not_n985, F0, i)}
100.0	{(not_n985->and_pi082_not_n985, F0, i)}
100.0	{(not_n985, F0, i)}
100.0	{(n985->not_n985, F1, i)}
100.0	{(n985, F1, i)}
100.0	{(and_n927_n984->n985, F1, i)}
100.0	{(and_n927_n984, F1, i)}
100.0	{(not_n986->and_n379_not_n986, F1, i)}
100.0	{(not_n379_70, F1, i)}
100.0	{(n379->not_n379_70, F0, i)}
100.0	{(not_n379_70->and_not_n379_70_not_n1070, F1, i)}
100.0	{(n934->and_n934_n1074, F1, i)}
50.0	{(n934, F1, i)}
50.0	{(and_not_pi044_1_pi082->n934, F1, i)}
50.0	{(and_not_pi044_1_pi082, F1, i)}
