100.0	{(n384->and_n384_n586, F1, i)}
100.0	{(not_pi053_4, F1, i)}
100.0	{(not_pi053_4->and_not_pi053_4_not_n841, F1, i)}
100.0	{(not_pi136_2824752490, F1, i)}
100.0	{(not_pi136_2824752490->and_not_pi136_2824752490_pi140, F1, i)}
100.0	{(not_n1190, F1, i)}
100.0	{(n1190->not_n1190, F0, i)}
100.0	{(n1190, F0, i)}
100.0	{(and_not_n1187_not_n1189->n1190, F0, i)}
100.0	{(and_not_n1187_not_n1189, F0, i)}
100.0	{(not_n1189->and_not_n1187_not_n1189, F0, i)}
100.0	{(not_n1187->and_not_n1187_not_n1189, F0, i)}
100.0	{(not_n1189, F0, i)}
100.0	{(n1189->not_n1189, F1, i)}
100.0	{(not_n1187, F0, i)}
100.0	{(n1187->not_n1187, F1, i)}
100.0	{(n1189, F1, i)}
100.0	{(and_not_pi085_9_not_n1188->n1189, F1, i)}
100.0	{(and_not_pi085_9_not_n1188, F1, i)}
100.0	{(not_n1190->and_not_pi058_8_not_n1190, F1, i)}
100.0	{(n1192->and_n1192_n1200, F1, i)}
100.0	{(n1192->and_not_pi116_9_n1192, F1, i)}
100.0	{(not_n1194, F1, i)}
100.0	{(n1194->not_n1194, F0, i)}
100.0	{(n1194, F0, i)}
100.0	{(and_not_n1191_not_n1193->n1194, F0, i)}
100.0	{(and_not_n1191_not_n1193, F0, i)}
100.0	{(not_n1191->and_not_n1191_not_n1193, F0, i)}
100.0	{(not_n1193->and_not_n1191_not_n1193, F0, i)}
100.0	{(not_n1191, F0, i)}
100.0	{(n1191->not_n1191, F1, i)}
100.0	{(not_n1193, F0, i)}
100.0	{(n1193->not_n1193, F1, i)}
100.0	{(n1191, F1, i)}
100.0	{(and_not_pi058_8_not_n1190->n1191, F1, i)}
100.0	{(n1193, F1, i)}
100.0	{(and_not_pi116_9_n1192->n1193, F1, i)}
100.0	{(and_not_pi058_8_not_n1190, F1, i)}
100.0	{(and_not_pi116_9_n1192, F1, i)}
100.0	{(not_n1194->and_pi057_not_n1194, F1, i)}
100.0	{(n1187, F1, i)}
100.0	{(and_not_pi026_3430_not_pi053_7->n1187, F1, i)}
100.0	{(and_not_pi026_3430_not_pi053_7, F1, i)}
100.0	{(n459, F0, i)}
100.0	{(and_not_pi005_3_not_pi007_5->n459, F0, i)}
100.0	{(and_not_pi005_3_not_pi007_5, F0, i)}
100.0	{(not_pi007_5->and_not_pi005_3_not_pi007_5, F0, i)}
100.0	{(not_pi005_3->and_not_pi005_3_not_pi007_5, F0, i)}
100.0	{(not_pi007_5, F0, i)}
100.0	{(not_pi005_3, F0, i)}
100.0	{(n473, F0, i)}
100.0	{(and_not_pi018_1_not_pi021_2->n473, F0, i)}
100.0	{(and_not_pi018_1_not_pi021_2, F0, i)}
100.0	{(not_pi021_2->and_not_pi018_1_not_pi021_2, F0, i)}
100.0	{(not_pi018_1->and_not_pi018_1_not_pi021_2, F0, i)}
100.0	{(not_pi021_2, F0, i)}
100.0	{(not_pi018_1, F0, i)}
100.0	{(n503, F0, i)}
100.0	{(and_n419_n473->n503, F0, i)}
100.0	{(and_n419_n473, F0, i)}
100.0	{(n473->and_n419_n473, F0, i)}
100.0	{(n419->and_n419_n473, F0, i)}
100.0	{(n479, F0, i)}
100.0	{(and_not_pi006_3_n341->n479, F0, i)}
100.0	{(and_not_pi006_3_n341, F0, i)}
100.0	{(n341->and_not_pi006_3_n341, F0, i)}
100.0	{(not_pi006_3->and_not_pi006_3_n341, F0, i)}
100.0	{(not_pi006_3, F0, i)}
100.0	{(n515, F0, i)}
100.0	{(and_n459_n479->n515, F0, i)}
100.0	{(and_n459_n479, F0, i)}
100.0	{(n459->and_n459_n479, F0, i)}
100.0	{(n479->and_n459_n479, F0, i)}
