100.0	{(n529, F1, i)}
100.0	{(and_n369_n528->n529, F1, i)}
100.0	{(and_n369_n528, F1, i)}
100.0	{(n529->and_n526_n529, F1, i)}
100.0	{(n1223->and_n856_n1223, F1, i)}
100.0	{(not_n1255, F1, i)}
100.0	{(n1255->not_n1255, F0, i)}
100.0	{(n1255, F0, i)}
100.0	{(and_pi063_not_n1247_0->n1255, F0, i)}
100.0	{(and_pi063_not_n1247_0, F0, i)}
100.0	{(not_n1247_0->and_pi063_not_n1247_0, F0, i)}
100.0	{(not_n1247_0, F0, i)}
100.0	{(n1247->not_n1247_0, F1, i)}
100.0	{(not_n1255->and_not_n1255_not_n1257, F1, i)}
90.91	{(po078_driver->po078, F1, i)}
90.91	{(po078_driver, F1, i)}
90.91	{(or_pi129_n1258->po078_driver, F1, i)}
90.91	{(or_pi129_n1258, F1, i)}
90.91	{(n1258->or_pi129_n1258, F1, i)}
90.91	{(n1258, F1, i)}
90.91	{(and_not_n1255_not_n1257->n1258, F1, i)}
90.91	{(and_not_n1255_not_n1257, F1, i)}
