100.0	{(not_n1367, F1, i)}
100.0	{(n1367->not_n1367, F0, i)}
100.0	{(n1367, F0, i)}
100.0	{(and_not_n1365_not_n1366->n1367, F0, i)}
100.0	{(and_not_n1365_not_n1366, F0, i)}
100.0	{(not_n1365->and_not_n1365_not_n1366, F0, i)}
100.0	{(not_n1366->and_not_n1365_not_n1366, F0, i)}
100.0	{(not_n1365, F0, i)}
100.0	{(n1365->not_n1365, F1, i)}
100.0	{(not_n1366, F0, i)}
100.0	{(n1366->not_n1366, F1, i)}
100.0	{(n1365, F1, i)}
100.0	{(and_pi084_not_n1325_4->n1365, F1, i)}
100.0	{(n1366, F1, i)}
100.0	{(and_pi141_n1325->n1366, F1, i)}
100.0	{(and_pi084_not_n1325_4, F1, i)}
100.0	{(and_pi141_n1325, F1, i)}
100.0	{(not_n1367->and_not_pi129_6168735096280623662907561568153897267931784070_not_n1367, F1, i)}
100.0	{(n768->and_pi026_n768, F1, i)}
100.0	{(n418->and_n418_n422, F1, i)}
97.92	{(n418, F1, i)}
97.92	{(and_n347_n417->n418, F1, i)}
97.92	{(and_n347_n417, F1, i)}
100.0	{(n503->and_n503_n505, F1, i)}
50.0	{(n473->and_n419_n473, F1, i)}
