100.0	{(n748, F1, i)}
100.0	{(and_not_pi116_0_n747->n748, F1, i)}
100.0	{(and_not_pi116_0_n747, F1, i)}
100.0	{(n1035, F0, i)}
100.0	{(and_not_pi002_3_n399->n1035, F0, i)}
100.0	{(and_not_pi002_3_n399, F0, i)}
100.0	{(n399->and_not_pi002_3_n399, F0, i)}
100.0	{(not_pi002_3->and_not_pi002_3_n399, F0, i)}
100.0	{(not_pi002_3, F0, i)}
100.0	{(not_n1262, F1, i)}
100.0	{(n1262->not_n1262, F0, i)}
100.0	{(n1262, F0, i)}
100.0	{(and_n1251_n1261->n1262, F0, i)}
100.0	{(and_n1251_n1261, F0, i)}
100.0	{(n1251->and_n1251_n1261, F0, i)}
100.0	{(n1261->and_n1251_n1261, F0, i)}
100.0	{(n1261, F0, i)}
100.0	{(and_not_pi139_n1249->n1261, F0, i)}
100.0	{(and_not_pi139_n1249, F0, i)}
100.0	{(not_pi139->and_not_pi139_n1249, F0, i)}
100.0	{(n1249->and_not_pi139_n1249, F0, i)}
100.0	{(not_pi139, F0, i)}
100.0	{(not_n1262->and_not_n1260_not_n1262, F1, i)}
100.0	{(po079_driver->po079, F1, i)}
100.0	{(po079_driver, F1, i)}
100.0	{(or_pi129_n1263->po079_driver, F1, i)}
100.0	{(or_pi129_n1263, F1, i)}
100.0	{(n1263->or_pi129_n1263, F1, i)}
100.0	{(n1263, F1, i)}
100.0	{(and_not_n1260_not_n1262->n1263, F1, i)}
100.0	{(and_not_n1260_not_n1262, F1, i)}
