100.0	{(not_n1198, F1, i)}
100.0	{(n1198->not_n1198, F0, i)}
100.0	{(n1198, F0, i)}
100.0	{(and_not_n1195_not_n1197->n1198, F0, i)}
100.0	{(and_not_n1195_not_n1197, F0, i)}
100.0	{(not_n1195->and_not_n1195_not_n1197, F0, i)}
100.0	{(not_n1197->and_not_n1195_not_n1197, F0, i)}
100.0	{(not_n1195, F0, i)}
100.0	{(n1195->not_n1195, F1, i)}
100.0	{(not_n1197, F0, i)}
100.0	{(n1197->not_n1197, F1, i)}
100.0	{(n1195, F1, i)}
100.0	{(and_pi057_not_n1194->n1195, F1, i)}
100.0	{(n1197, F1, i)}
100.0	{(and_n1192_n1196->n1197, F1, i)}
100.0	{(and_pi057_not_n1194, F1, i)}
100.0	{(and_n1192_n1196, F1, i)}
100.0	{(not_n1198->and_not_pi027_70_not_n1198, F1, i)}
96.48	{(not_n1202, F1, i)}
96.48	{(n1202->not_n1202, F0, i)}
96.48	{(n1202, F0, i)}
96.48	{(and_not_n1199_not_n1201->n1202, F0, i)}
96.48	{(and_not_n1199_not_n1201, F0, i)}
96.48	{(not_n1201->and_not_n1199_not_n1201, F0, i)}
96.48	{(not_n1199->and_not_n1199_not_n1201, F0, i)}
96.48	{(not_n1201, F0, i)}
96.48	{(n1201->not_n1201, F1, i)}
96.48	{(not_n1199, F0, i)}
96.48	{(n1199->not_n1199, F1, i)}
96.48	{(n1201, F1, i)}
96.48	{(and_n1192_n1200->n1201, F1, i)}
96.48	{(n1199, F1, i)}
96.48	{(and_not_pi027_70_not_n1198->n1199, F1, i)}
96.48	{(and_n1192_n1200, F1, i)}
96.48	{(and_not_pi027_70_not_n1198, F1, i)}
96.48	{(not_n1202->and_not_pi129_152867006319425761937651857692768264010_not_n1202, F1, i)}
100.0	{(not_n1038, F1, i)}
100.0	{(n1038->not_n1038, F0, i)}
100.0	{(n1038, F0, i)}
100.0	{(and_pi082_not_n1037->n1038, F0, i)}
100.0	{(and_pi082_not_n1037, F0, i)}
100.0	{(not_n1037->and_pi082_not_n1037, F0, i)}
100.0	{(not_n1037, F0, i)}
100.0	{(n1037->not_n1037, F1, i)}
100.0	{(n1037, F1, i)}
100.0	{(and_n408_n1036->n1037, F1, i)}
100.0	{(and_n408_n1036, F1, i)}
100.0	{(not_n1038->and_not_n379_9_not_n1038, F1, i)}
100.0	{(not_n379_2, F1, i)}
100.0	{(n379->not_n379_2, F0, i)}
100.0	{(not_n379_2->and_not_n379_2_not_n701, F1, i)}
100.0	{(n481, F1, i)}
100.0	{(and_n445_n480->n481, F1, i)}
100.0	{(and_n445_n480, F1, i)}
100.0	{(n481->and_n478_n481, F1, i)}
100.0	{(not_pi138_4, F1, i)}
100.0	{(not_pi138_4->and_pi136_not_pi138_4, F1, i)}
