100.0	{(not_n1362, F1, i)}
100.0	{(n1362->not_n1362, F0, i)}
100.0	{(n1362, F0, i)}
100.0	{(and_not_n1359_not_n1361->n1362, F0, i)}
100.0	{(and_not_n1359_not_n1361, F0, i)}
100.0	{(not_n1361->and_not_n1359_not_n1361, F0, i)}
100.0	{(not_n1359->and_not_n1359_not_n1361, F0, i)}
100.0	{(not_n1361, F0, i)}
100.0	{(n1361->not_n1361, F1, i)}
100.0	{(not_n1359, F0, i)}
100.0	{(n1359->not_n1359, F1, i)}
100.0	{(n1361, F1, i)}
100.0	{(and_pi031_n1360->n1361, F1, i)}
100.0	{(n1359, F1, i)}
100.0	{(and_not_pi136_2_not_n1358->n1359, F1, i)}
100.0	{(and_pi031_n1360, F1, i)}
100.0	{(and_not_pi136_2_not_n1358, F1, i)}
100.0	{(not_n1362->and_pi137_not_n1362, F1, i)}
100.0	{(not_n903, F1, i)}
100.0	{(n903->not_n903, F0, i)}
100.0	{(n903, F0, i)}
100.0	{(and_pi098_pi106->n903, F0, i)}
100.0	{(and_pi098_pi106, F0, i)}
100.0	{(not_n903->and_not_n903_not_n907, F1, i)}
100.0	{(n790, F0, i)}
100.0	{(and_not_pi026_4_not_n723_0->n790, F0, i)}
100.0	{(and_not_pi026_4_not_n723_0, F0, i)}
100.0	{(not_pi026_4->and_not_pi026_4_not_n723_0, F0, i)}
100.0	{(not_n723_0->and_not_pi026_4_not_n723_0, F0, i)}
100.0	{(not_pi026_4, F0, i)}
100.0	{(not_n723_0, F0, i)}
100.0	{(n723->not_n723_0, F1, i)}
75.0	{(n723, F1, i)}
75.0	{(and_not_pi039_n722->n723, F1, i)}
75.0	{(and_not_pi039_n722, F1, i)}
100.0	{(not_pi045_1, F1, i)}
100.0	{(not_pi045_1->and_not_pi045_1_n384, F1, i)}
100.0	{(n570->and_n570_n579, F1, i)}
100.0	{(n580, F1, i)}
100.0	{(and_n570_n579->n580, F1, i)}
100.0	{(and_n570_n579, F1, i)}
100.0	{(n580->and_n407_n580, F1, i)}
100.0	{(n611, F1, i)}
100.0	{(and_n450_n610->n611, F1, i)}
100.0	{(and_n450_n610, F1, i)}
100.0	{(n611->and_n611_n614, F1, i)}
100.0	{(po051_driver->po051, F1, i)}
100.0	{(po051_driver, F1, i)}
100.0	{(and_not_pi129_13410686196639649008070_not_n908->po051_driver, F1, i)}
100.0	{(and_not_pi129_13410686196639649008070_not_n908, F1, i)}
100.0	{(not_n903, F1, i)}
100.0	{(n903->not_n903, F1, i)}
100.0	{(n903, F1, i)}
100.0	{(and_pi098_pi106->n903, F1, i)}
100.0	{(and_pi098_pi106, F1, i)}
100.0	{(not_n903->and_not_n903_not_n907, F1, i)}
100.0	{(n570, F1, i)}
100.0	{(and_not_pi045_1_n384->n570, F1, i)}
100.0	{(and_not_pi045_1_n384, F1, i)}
100.0	{(not_pi045_1, F1, i)}
100.0	{(not_pi045_1->and_not_pi045_1_n384, F1, i)}
100.0	{(po030_driver->po030, F1, i)}
100.0	{(po030_driver, F1, i)}
100.0	{(and_not_pi129_24010_not_n593->po030_driver, F1, i)}
100.0	{(and_not_pi129_24010_not_n593, F1, i)}
100.0	{(n592, F1, i)}
100.0	{(and_not_n590_not_n591->n592, F1, i)}
100.0	{(and_not_n590_not_n591, F1, i)}
100.0	{(n592->and_not_n578_n592, F1, i)}
100.0	{(n570->and_n570_n579, F1, i)}
100.0	{(n580, F1, i)}
100.0	{(and_n570_n579->n580, F1, i)}
100.0	{(and_n570_n579, F1, i)}
100.0	{(n580->and_n407_n580, F1, i)}
100.0	{(not_n582, F1, i)}
100.0	{(n582->not_n582, F1, i)}
100.0	{(n582, F1, i)}
100.0	{(and_pi015_not_n581->n582, F1, i)}
100.0	{(and_pi015_not_n581, F1, i)}
100.0	{(not_n582->and_not_n582_not_n588, F1, i)}
100.0	{(not_n590, F1, i)}
100.0	{(n590->not_n590, F1, i)}
100.0	{(n590, F1, i)}
100.0	{(and_pi082_not_n589->n590, F1, i)}
100.0	{(and_pi082_not_n589, F1, i)}
100.0	{(not_n590->and_not_n590_not_n591, F1, i)}
