100.0	{(not_n635, F1, i)}
100.0	{(n635->not_n635, F0, i)}
100.0	{(n635, F0, i)}
100.0	{(and_not_n628_not_n634->n635, F0, i)}
100.0	{(and_not_n628_not_n634, F0, i)}
100.0	{(not_n628->and_not_n628_not_n634, F0, i)}
100.0	{(not_n634->and_not_n628_not_n634, F0, i)}
100.0	{(not_n628, F0, i)}
100.0	{(n628->not_n628, F1, i)}
100.0	{(not_n634, F0, i)}
100.0	{(n634->not_n634, F1, i)}
100.0	{(n628, F1, i)}
100.0	{(and_pi019_not_pi054_3430->n628, F1, i)}
100.0	{(n634, F1, i)}
100.0	{(and_n487_n633->n634, F1, i)}
100.0	{(and_pi019_not_pi054_3430, F1, i)}
100.0	{(and_n487_n633, F1, i)}
100.0	{(not_n635->and_not_pi129_57648010_not_n635, F1, i)}
90.56	{(n636, F1, i)}
90.56	{(and_not_pi129_57648010_not_n635->n636, F1, i)}
90.56	{(and_not_pi129_57648010_not_n635, F1, i)}
90.56	{(n636->and_not_pi003_3430_n636, F1, i)}
100.0	{(n1015, F1, i)}
100.0	{(and_not_n1010_n1014->n1015, F1, i)}
100.0	{(and_not_n1010_n1014, F1, i)}
100.0	{(n1015->and_not_n1005_n1015, F1, i)}
100.0	{(n786, F1, i)}
100.0	{(and_not_pi003_57648010_n785->n786, F1, i)}
100.0	{(and_not_pi003_57648010_n785, F1, i)}
100.0	{(n786->and_n786_n788, F1, i)}
