100.0	{(not_n766, F1, i)}
100.0	{(n766->not_n766, F0, i)}
100.0	{(n766, F0, i)}
100.0	{(and_not_n764_not_n765->n766, F0, i)}
100.0	{(and_not_n764_not_n765, F0, i)}
100.0	{(not_n765->and_not_n764_not_n765, F0, i)}
100.0	{(not_n764->and_not_n764_not_n765, F0, i)}
100.0	{(not_n765, F0, i)}
100.0	{(n765->not_n765, F1, i)}
100.0	{(not_n764, F0, i)}
100.0	{(n764->not_n764, F1, i)}
100.0	{(n765, F1, i)}
100.0	{(and_not_pi026_2_n713->n765, F1, i)}
100.0	{(n764, F1, i)}
100.0	{(and_not_pi096_0_n763->n764, F1, i)}
100.0	{(and_not_pi026_2_n713, F1, i)}
100.0	{(and_not_pi096_0_n763, F1, i)}
100.0	{(not_n766->and_pi100_not_n766, F1, i)}
100.0	{(not_n839, F1, i)}
100.0	{(n839->not_n839, F0, i)}
100.0	{(n839, F0, i)}
100.0	{(and_not_n837_not_n838->n839, F0, i)}
100.0	{(and_not_n837_not_n838, F0, i)}
100.0	{(not_n838->and_not_n837_not_n838, F0, i)}
100.0	{(not_n837->and_not_n837_not_n838, F0, i)}
100.0	{(not_n838, F0, i)}
100.0	{(n838->not_n838, F1, i)}
100.0	{(not_n837, F0, i)}
100.0	{(n837->not_n837, F1, i)}
100.0	{(n837, F1, i)}
100.0	{(and_pi097_pi116->n837, F1, i)}
100.0	{(and_pi097_pi116, F1, i)}
100.0	{(not_n839->and_pi058_not_n839, F1, i)}
100.0	{(not_pi058_3, F1, i)}
100.0	{(not_pi058_3->and_not_pi058_3_not_n835, F1, i)}
91.67	{(not_pi019, F1, i)}
91.67	{(not_pi019->and_not_pi018_not_pi019, F1, i)}
84.62	{(n298, F1, i)}
84.62	{(and_not_pi018_not_pi019->n298, F1, i)}
84.62	{(and_not_pi018_not_pi019, F1, i)}
84.62	{(n298->and_n298_n299, F1, i)}
78.57	{(n300, F1, i)}
78.57	{(and_n298_n299->n300, F1, i)}
78.57	{(and_n298_n299, F1, i)}
100.0	{(n711, F1, i)}
100.0	{(and_not_n703_n710->n711, F1, i)}
100.0	{(and_not_n703_n710, F1, i)}
100.0	{(n711->and_not_n696_n711, F1, i)}
