100.0	{(not_n1230, F1, i)}
100.0	{(n1230->not_n1230, F0, i)}
100.0	{(n1230, F0, i)}
100.0	{(and_not_n1227_not_n1229->n1230, F0, i)}
100.0	{(and_not_n1227_not_n1229, F0, i)}
100.0	{(not_n1229->and_not_n1227_not_n1229, F0, i)}
100.0	{(not_n1227->and_not_n1227_not_n1229, F0, i)}
100.0	{(not_n1229, F0, i)}
100.0	{(n1229->not_n1229, F1, i)}
100.0	{(not_n1227, F0, i)}
100.0	{(n1227->not_n1227, F1, i)}
100.0	{(n1229, F1, i)}
100.0	{(and_n1223_n1228->n1229, F1, i)}
100.0	{(n1227, F1, i)}
100.0	{(and_not_pi027_490_not_n1226->n1227, F1, i)}
100.0	{(and_n1223_n1228, F1, i)}
100.0	{(and_not_pi027_490_not_n1226, F1, i)}
100.0	{(not_n1230->and_not_pi026_24010_not_n1230, F1, i)}
100.0	{(n1370, F0, i)}
100.0	{(and_not_pi110_5_n1369->n1370, F0, i)}
100.0	{(and_not_pi110_5_n1369, F0, i)}
100.0	{(n1369->and_not_pi110_5_n1369, F0, i)}
100.0	{(not_pi110_5->and_not_pi110_5_n1369, F0, i)}
100.0	{(n1369, F0, i)}
100.0	{(and_not_pi085_3430_not_n725_0->n1369, F0, i)}
100.0	{(not_pi110_5, F0, i)}
100.0	{(and_not_pi085_3430_not_n725_0, F0, i)}
100.0	{(not_pi085_3430->and_not_pi085_3430_not_n725_0, F0, i)}
100.0	{(not_n725_0->and_not_pi085_3430_not_n725_0, F0, i)}
100.0	{(not_pi085_3430, F0, i)}
100.0	{(not_n725_0, F0, i)}
100.0	{(n725->not_n725_0, F1, i)}
100.0	{(n387->and_n387_n388, F1, i)}
100.0	{(n389->and_n389_n1012, F1, i)}
100.0	{(n638->and_n638_n928, F1, i)}
100.0	{(not_n1555, F1, i)}
100.0	{(n1555->not_n1555, F0, i)}
100.0	{(n1555, F0, i)}
100.0	{(and_pi136_not_n1554->n1555, F0, i)}
100.0	{(and_pi136_not_n1554, F0, i)}
100.0	{(not_n1554->and_pi136_not_n1554, F0, i)}
100.0	{(not_n1554, F0, i)}
100.0	{(n1554->not_n1554, F1, i)}
100.0	{(n1554, F1, i)}
100.0	{(and_not_n1552_not_n1553->n1554, F1, i)}
100.0	{(and_not_n1552_not_n1553, F1, i)}
100.0	{(not_n1555->and_not_n1555_not_n1559, F1, i)}
