100.0	{(not_n1003, F1, i)}
100.0	{(n1003->not_n1003, F0, i)}
100.0	{(n1003, F0, i)}
100.0	{(and_n379_not_n1002->n1003, F0, i)}
100.0	{(and_n379_not_n1002, F0, i)}
100.0	{(n379->and_n379_not_n1002, F0, i)}
100.0	{(not_n1002->and_n379_not_n1002, F0, i)}
100.0	{(not_n1002, F0, i)}
100.0	{(n1002->not_n1002, F1, i)}
100.0	{(n1002, F1, i)}
100.0	{(and_pi082_not_n1001->n1002, F1, i)}
100.0	{(and_pi082_not_n1001, F1, i)}
100.0	{(not_n1003->and_not_n1000_not_n1003, F1, i)}
100.0	{(not_n933, F1, i)}
100.0	{(n933->not_n933, F0, i)}
100.0	{(n933, F0, i)}
100.0	{(and_pi074_n932->n933, F0, i)}
100.0	{(and_pi074_n932, F0, i)}
100.0	{(n932->and_pi074_n932, F0, i)}
100.0	{(n932, F0, i)}
100.0	{(and_not_n379_3_not_n931->n932, F0, i)}
100.0	{(and_not_n379_3_not_n931, F0, i)}
100.0	{(not_n931->and_not_n379_3_not_n931, F0, i)}
100.0	{(not_n379_3->and_not_n379_3_not_n931, F0, i)}
100.0	{(not_n931, F0, i)}
100.0	{(n931->not_n931, F1, i)}
100.0	{(not_n379_3, F0, i)}
100.0	{(n379->not_n379_3, F1, i)}
100.0	{(n931, F1, i)}
100.0	{(and_pi082_not_n930->n931, F1, i)}
100.0	{(and_pi082_not_n930, F1, i)}
100.0	{(not_n933->and_not_n933_n937, F1, i)}
100.0	{(n814->and_n813_n814, F1, i)}
100.0	{(n814, F1, i)}
100.0	{(and_not_pi026_7_not_pi027_7->n814, F1, i)}
100.0	{(and_not_pi026_7_not_pi027_7, F1, i)}
100.0	{(not_pi027_7, F1, i)}
100.0	{(not_pi027_7->and_not_pi026_7_not_pi027_7, F1, i)}
100.0	{(not_pi085_8, F1, i)}
100.0	{(not_pi085_8->and_not_pi085_8_n787, F1, i)}
100.0	{(n1182->and_pi027_n1182, F1, i)}
100.0	{(not_pi027_490, F1, i)}
100.0	{(not_pi027_490->and_not_pi027_490_not_n1226, F1, i)}
100.0	{(n1228, F1, i)}
100.0	{(and_pi027_n1182->n1228, F1, i)}
100.0	{(and_pi027_n1182, F1, i)}
100.0	{(n1228->and_n1223_n1228, F1, i)}
