100.0	{(n1175->and_n1175_n1182, F1, i)}
96.85	{(n1175, F1, i)}
96.85	{(and_not_pi026_490_pi037->n1175, F1, i)}
96.85	{(and_not_pi026_490_pi037, F1, i)}
93.51	{(not_n1184, F1, i)}
93.51	{(n1184->not_n1184, F0, i)}
93.51	{(n1184, F0, i)}
93.51	{(and_not_n1181_not_n1183->n1184, F0, i)}
93.51	{(and_not_n1181_not_n1183, F0, i)}
93.51	{(not_n1183->and_not_n1181_not_n1183, F0, i)}
93.51	{(not_n1181->and_not_n1181_not_n1183, F0, i)}
93.51	{(not_n1183, F0, i)}
93.51	{(n1183->not_n1183, F1, i)}
93.51	{(not_n1181, F0, i)}
93.51	{(n1181->not_n1181, F1, i)}
93.51	{(n1183, F1, i)}
93.51	{(and_n1175_n1182->n1183, F1, i)}
93.51	{(n1181, F1, i)}
93.51	{(and_not_pi027_10_not_n1180->n1181, F1, i)}
93.51	{(and_n1175_n1182, F1, i)}
93.51	{(and_not_pi027_10_not_n1180, F1, i)}
93.51	{(not_n1184->and_not_pi129_21838143759917965991093122527538323430_not_n1184, F1, i)}
100.0	{(n974, F1, i)}
100.0	{(and_not_n379_5_not_n973->n974, F1, i)}
100.0	{(and_not_n379_5_not_n973, F1, i)}
100.0	{(n974->and_pi076_n974, F1, i)}
100.0	{(n518, F1, i)}
100.0	{(and_n515_n517->n518, F1, i)}
100.0	{(and_n515_n517, F1, i)}
100.0	{(n518->and_n514_n518, F1, i)}
