100.0	{(n919->and_n579_n919, F1, i)}
100.0	{(not_n657, F1, i)}
100.0	{(n657->not_n657, F0, i)}
100.0	{(n657, F0, i)}
100.0	{(and_pi082_not_n656->n657, F0, i)}
100.0	{(and_pi082_not_n656, F0, i)}
100.0	{(not_n656->and_pi082_not_n656, F0, i)}
100.0	{(not_n656, F0, i)}
100.0	{(n656->not_n656, F1, i)}
100.0	{(n656, F1, i)}
100.0	{(and_not_n654_not_n655->n656, F1, i)}
100.0	{(and_not_n654_not_n655, F1, i)}
100.0	{(not_n657->and_not_n657_not_n658, F1, i)}
100.0	{(n659, F1, i)}
100.0	{(and_not_n657_not_n658->n659, F1, i)}
100.0	{(and_not_n657_not_n658, F1, i)}
100.0	{(n659->and_not_n648_n659, F1, i)}
100.0	{(not_n1122, F1, i)}
100.0	{(n1122->not_n1122, F0, i)}
100.0	{(n1122, F0, i)}
100.0	{(and_pi082_not_n1121->n1122, F0, i)}
100.0	{(and_pi082_not_n1121, F0, i)}
100.0	{(not_n1121->and_pi082_not_n1121, F0, i)}
100.0	{(not_n1121, F0, i)}
100.0	{(n1121->not_n1121, F1, i)}
100.0	{(n1121, F1, i)}
100.0	{(and_n1087_n1120->n1121, F1, i)}
100.0	{(and_n1087_n1120, F1, i)}
100.0	{(not_n1122->and_n379_not_n1122, F1, i)}
100.0	{(n381->and_n381_n406, F1, i)}
100.0	{(n1093, F1, i)}
100.0	{(and_n381_n406->n1093, F1, i)}
100.0	{(and_n381_n406, F1, i)}
100.0	{(n1093->and_n1093_n1095, F1, i)}
100.0	{(n1091, F1, i)}
100.0	{(and_not_n379_490_not_n1090->n1091, F1, i)}
100.0	{(and_not_n379_490_not_n1090, F1, i)}
100.0	{(n1091->and_pi062_n1091, F1, i)}
100.0	{(not_n1090, F1, i)}
100.0	{(n1090->not_n1090, F0, i)}
100.0	{(n1090, F0, i)}
100.0	{(and_pi082_not_n1089->n1090, F0, i)}
100.0	{(and_pi082_not_n1089, F0, i)}
100.0	{(not_n1089->and_pi082_not_n1089, F0, i)}
100.0	{(not_n1089, F0, i)}
100.0	{(n1089->not_n1089, F1, i)}
100.0	{(n1089, F1, i)}
100.0	{(and_n408_n1088->n1089, F1, i)}
100.0	{(and_n408_n1088, F1, i)}
100.0	{(not_n1090->and_not_n379_490_not_n1090, F1, i)}
100.0	{(not_pi114, F1, i)}
100.0	{(not_pi114->and_not_pi114_pi123, F1, i)}
