100.0	{(not_n901, F1, i)}
100.0	{(n901->not_n901, F0, i)}
100.0	{(n901, F0, i)}
100.0	{(and_not_n896_not_n900->n901, F0, i)}
100.0	{(and_not_n896_not_n900, F0, i)}
100.0	{(not_n896->and_not_n896_not_n900, F0, i)}
100.0	{(not_n900->and_not_n896_not_n900, F0, i)}
100.0	{(not_n896, F0, i)}
100.0	{(n896->not_n896, F1, i)}
100.0	{(not_n900, F0, i)}
100.0	{(n900->not_n900, F1, i)}
100.0	{(n896, F1, i)}
100.0	{(and_pi092_pi106->n896, F1, i)}
100.0	{(n900, F1, i)}
100.0	{(and_not_pi106_4_not_n899->n900, F1, i)}
100.0	{(and_pi092_pi106, F1, i)}
100.0	{(and_not_pi106_4_not_n899, F1, i)}
100.0	{(not_n901->and_not_pi129_1915812313805664144010_not_n901, F1, i)}
100.0	{(not_n1346, F1, i)}
100.0	{(n1346->not_n1346, F0, i)}
100.0	{(n1346, F0, i)}
100.0	{(and_pi089_pi138->n1346, F0, i)}
100.0	{(and_pi089_pi138, F0, i)}
100.0	{(not_n1346->and_not_n1346_not_n1347, F1, i)}
100.0	{(not_n1157, F1, i)}
100.0	{(n1157->not_n1157, F0, i)}
100.0	{(n1157, F0, i)}
100.0	{(and_n408_n1001->n1157, F0, i)}
100.0	{(and_n408_n1001, F0, i)}
100.0	{(n408->and_n408_n1001, F0, i)}
100.0	{(n1001->and_n408_n1001, F0, i)}
100.0	{(not_n1157->and_pi082_not_n1157, F1, i)}
100.0	{(not_n1112, F1, i)}
100.0	{(n1112->not_n1112, F0, i)}
100.0	{(n1112, F0, i)}
100.0	{(and_n380_n1111->n1112, F0, i)}
100.0	{(and_n380_n1111, F0, i)}
100.0	{(n380->and_n380_n1111, F0, i)}
100.0	{(n1111->and_n380_n1111, F0, i)}
100.0	{(n1111, F0, i)}
100.0	{(and_n638_n1110->n1111, F0, i)}
100.0	{(and_n638_n1110, F0, i)}
100.0	{(n638->and_n638_n1110, F0, i)}
100.0	{(n1110->and_n638_n1110, F0, i)}
100.0	{(n1110, F0, i)}
100.0	{(and_n1100_not_n1109->n1110, F0, i)}
100.0	{(and_n1100_not_n1109, F0, i)}
100.0	{(n1100->and_n1100_not_n1109, F0, i)}
100.0	{(not_n1109->and_n1100_not_n1109, F0, i)}
100.0	{(not_n1109, F0, i)}
100.0	{(n1109->not_n1109, F1, i)}
100.0	{(n1109, F1, i)}
100.0	{(and_not_pi002_5_n383->n1109, F1, i)}
100.0	{(and_not_pi002_5_n383, F1, i)}
100.0	{(not_n1112->and_not_n1108_not_n1112, F1, i)}
100.0	{(n570->and_n570_n579, F1, i)}
50.0	{(not_pi045_1, F1, i)}
50.0	{(not_pi045_1->and_not_pi045_1_n384, F1, i)}
50.0	{(n580, F1, i)}
50.0	{(and_n570_n579->n580, F1, i)}
50.0	{(and_n570_n579, F1, i)}
50.0	{(n580->and_n407_n580, F1, i)}
