100.0	{(not_pi050_3, F1, i)}
100.0	{(not_pi050_3->and_not_pi050_3_n404, F1, i)}
100.0	{(n1054, F1, i)}
100.0	{(and_not_pi050_3_n404->n1054, F1, i)}
100.0	{(and_not_pi050_3_n404, F1, i)}
100.0	{(n927->and_n688_n927, F1, i)}
100.0	{(n1049, F1, i)}
100.0	{(and_n688_n927->n1049, F1, i)}
100.0	{(and_n688_n927, F1, i)}
100.0	{(not_n1050, F1, i)}
100.0	{(n1050->not_n1050, F0, i)}
100.0	{(n1050, F0, i)}
100.0	{(and_pi082_not_n1049->n1050, F0, i)}
100.0	{(and_pi082_not_n1049, F0, i)}
100.0	{(not_n1049->and_pi082_not_n1049, F0, i)}
100.0	{(not_n1049, F0, i)}
100.0	{(n1049->not_n1049, F1, i)}
100.0	{(not_n1050->and_n379_not_n1050, F1, i)}
100.0	{(not_pi129_490, F1, i)}
100.0	{(not_pi129_490->and_not_pi129_490_not_n554, F1, i)}
100.0	{(not_n1271_4, F1, i)}
100.0	{(n1271->not_n1271_4, F0, i)}
100.0	{(not_n1271_4->and_pi075_not_n1271_4, F1, i)}
100.0	{(not_pi144_0, F1, i)}
100.0	{(not_pi144_0->and_not_pi144_0_n1271, F1, i)}
100.0	{(not_pi129_1070069044235980333563563003849377848070, F1, i)}
100.0	{(not_pi129_1070069044235980333563563003849377848070->and_not_pi129_1070069044235980333563563003849377848070_not_n1209, F1, i)}
