100.0	{(not_n1312, F1, i)}
100.0	{(n1312->not_n1312, F0, i)}
100.0	{(n1312, F0, i)}
100.0	{(and_pi075_not_n1271_4->n1312, F0, i)}
100.0	{(and_pi075_not_n1271_4, F0, i)}
100.0	{(not_n1271_4->and_pi075_not_n1271_4, F0, i)}
100.0	{(not_n1271_4, F0, i)}
100.0	{(n1271->not_n1271_4, F1, i)}
100.0	{(not_n1312->and_not_n1312_not_n1313, F1, i)}
100.0	{(not_pi136_6, F1, i)}
100.0	{(not_pi136_6->and_pi079_not_pi136_6, F1, i)}
100.0	{(not_n740, F1, i)}
100.0	{(n740->not_n740, F0, i)}
100.0	{(n740, F0, i)}
100.0	{(and_pi027_not_n739->n740, F0, i)}
100.0	{(and_pi027_not_n739, F0, i)}
100.0	{(not_n739->and_pi027_not_n739, F0, i)}
100.0	{(not_n739, F0, i)}
100.0	{(n739->not_n739, F1, i)}
100.0	{(n739, F1, i)}
100.0	{(and_not_n718_not_n738->n739, F1, i)}
100.0	{(and_not_n718_not_n738, F1, i)}
100.0	{(not_n740->and_not_n740_not_n741, F1, i)}
93.75	{(not_pi050_0, F1, i)}
93.75	{(not_pi050_0->and_not_pi046_0_not_pi050_0, F1, i)}
78.95	{(n405, F1, i)}
78.95	{(and_not_pi046_0_not_pi050_0->n405, F1, i)}
78.95	{(and_not_pi046_0_not_pi050_0, F1, i)}
68.42	{(n405->and_not_pi041_0_n405, F1, i)}
