100.0	{(not_n1502, F1, i)}
100.0	{(n1502->not_n1502, F0, i)}
100.0	{(n1502, F0, i)}
100.0	{(and_not_n1500_not_n1501->n1502, F0, i)}
100.0	{(and_not_n1500_not_n1501, F0, i)}
100.0	{(not_n1500->and_not_n1500_not_n1501, F0, i)}
100.0	{(not_n1501->and_not_n1500_not_n1501, F0, i)}
100.0	{(not_n1500, F0, i)}
100.0	{(n1500->not_n1500, F1, i)}
100.0	{(not_n1501, F0, i)}
100.0	{(n1501->not_n1501, F1, i)}
100.0	{(n1500, F1, i)}
100.0	{(and_not_pi068_pi136->n1500, F1, i)}
100.0	{(n1501, F1, i)}
100.0	{(and_not_pi073_not_pi136_10->n1501, F1, i)}
100.0	{(and_not_pi068_pi136, F1, i)}
100.0	{(and_not_pi073_not_pi136_10, F1, i)}
100.0	{(not_n1502->and_not_pi137_7_not_n1502, F1, i)}
100.0	{(n401, F1, i)}
100.0	{(and_not_pi049_0_n383->n401, F1, i)}
100.0	{(and_not_pi049_0_n383, F1, i)}
100.0	{(not_pi002_5, F1, i)}
100.0	{(not_pi002_5->and_not_pi002_5_n383, F1, i)}
100.0	{(n549, F1, i)}
100.0	{(and_not_pi028_0_n548->n549, F1, i)}
100.0	{(and_not_pi028_0_n548, F1, i)}
100.0	{(n316, F1, i)}
100.0	{(and_not_n314_not_n315->n316, F1, i)}
100.0	{(and_not_n314_not_n315, F1, i)}
100.0	{(n316->and_n316_n318, F1, i)}
