100.0	{(not_pi129_1299348114471230201171721456984490, F1, i)}
100.0	{(not_pi129_1299348114471230201171721456984490->and_not_pi129_1299348114471230201171721456984490_not_n1117, F1, i)}
58.7	{(po064_driver->po064, F1, i)}
58.7	{(po064_driver, F1, i)}
58.7	{(and_not_pi129_1299348114471230201171721456984490_not_n1117->po064_driver, F1, i)}
58.7	{(and_not_pi129_1299348114471230201171721456984490_not_n1117, F1, i)}
100.0	{(not_n1125, F1, i)}
100.0	{(n1125->not_n1125, F0, i)}
100.0	{(n1125, F0, i)}
100.0	{(and_not_pi050_4_not_n1124->n1125, F0, i)}
100.0	{(and_not_pi050_4_not_n1124, F0, i)}
100.0	{(not_pi050_4->and_not_pi050_4_not_n1124, F0, i)}
100.0	{(not_n1124->and_not_pi050_4_not_n1124, F0, i)}
100.0	{(not_pi050_4, F0, i)}
100.0	{(not_n1124, F0, i)}
100.0	{(n1124->not_n1124, F1, i)}
100.0	{(n1124, F1, i)}
100.0	{(and_not_n1119_not_n1123->n1124, F1, i)}
100.0	{(and_not_n1119_not_n1123, F1, i)}
100.0	{(not_n1125->and_not_n1125_n1134, F1, i)}
100.0	{(n459, F1, i)}
100.0	{(and_not_pi005_3_not_pi007_5->n459, F1, i)}
100.0	{(and_not_pi005_3_not_pi007_5, F1, i)}
100.0	{(not_pi007_5, F1, i)}
100.0	{(not_pi007_5->and_not_pi005_3_not_pi007_5, F1, i)}
100.0	{(not_pi129_8272697060641711598380789001840137510382698418573894642080092744490, F1, i)}
100.0	{(not_pi129_8272697060641711598380789001840137510382698418573894642080092744490->and_not_pi129_8272697060641711598380789001840137510382698418573894642080092744490_not_n1616, F1, i)}
100.0	{(n934->and_pi042_n934, F1, i)}
100.0	{(not_n379_6, F1, i)}
100.0	{(n379->not_n379_6, F1, i)}
100.0	{(not_n379_6->and_not_n379_6_not_n993, F1, i)}
100.0	{(not_pi042_1, F1, i)}
100.0	{(not_pi042_1->and_not_pi042_1_not_n988, F1, i)}
100.0	{(n994, F1, i)}
100.0	{(and_not_n379_6_not_n993->n994, F1, i)}
100.0	{(and_not_n379_6_not_n993, F1, i)}
100.0	{(n994->and_pi072_n994, F1, i)}
100.0	{(po057_driver->po057, F1, i)}
100.0	{(po057_driver, F1, i)}
100.0	{(and_not_n989_n998->po057_driver, F1, i)}
100.0	{(and_not_n989_n998, F1, i)}
100.0	{(n934, F1, i)}
100.0	{(and_not_pi044_1_pi082->n934, F1, i)}
100.0	{(and_not_pi044_1_pi082, F1, i)}
