100.0	{(n1149, F1, i)}
100.0	{(and_not_pi053_5_not_n1148->n1149, F1, i)}
100.0	{(and_not_pi053_5_not_n1148, F1, i)}
100.0	{(n1149->and_pi097_n1149, F1, i)}
80.0	{(not_pi014_2, F1, i)}
80.0	{(not_pi014_2->and_not_pi014_2_pi054, F1, i)}
80.0	{(n354, F1, i)}
80.0	{(and_not_pi014_2_pi054->n354, F1, i)}
80.0	{(and_not_pi014_2_pi054, F1, i)}
60.0	{(n354->and_n354_n373, F1, i)}
100.0	{(po133_driver->po133, F0, i)}
100.0	{(po133_driver, F0, i)}
100.0	{(and_not_pi129_8272697060641711598380789001840137510382698418573894642080092744490_not_n1616->po133_driver, F0, i)}
100.0	{(and_not_pi129_8272697060641711598380789001840137510382698418573894642080092744490_not_n1616, F0, i)}
100.0	{(not_pi129_8272697060641711598380789001840137510382698418573894642080092744490->and_not_pi129_8272697060641711598380789001840137510382698418573894642080092744490_not_n1616, F0, i)}
100.0	{(not_n1616->and_not_pi129_8272697060641711598380789001840137510382698418573894642080092744490_not_n1616, F0, i)}
100.0	{(not_pi129_8272697060641711598380789001840137510382698418573894642080092744490, F0, i)}
100.0	{(not_n1616, F0, i)}
100.0	{(n1616->not_n1616, F1, i)}
100.0	{(n1616, F1, i)}
100.0	{(and_not_n1613_not_n1615->n1616, F1, i)}
100.0	{(and_not_n1613_not_n1615, F1, i)}
100.0	{(not_n1615, F1, i)}
100.0	{(n1615->not_n1615, F0, i)}
100.0	{(n1615, F0, i)}
100.0	{(and_n549_n1614->n1615, F0, i)}
100.0	{(and_n549_n1614, F0, i)}
100.0	{(n549->and_n549_n1614, F0, i)}
100.0	{(n1614->and_n549_n1614, F0, i)}
100.0	{(n1614, F0, i)}
100.0	{(and_pi054_not_pi059_0->n1614, F0, i)}
100.0	{(and_pi054_not_pi059_0, F0, i)}
100.0	{(not_pi059_0->and_pi054_not_pi059_0, F0, i)}
100.0	{(not_pi059_0, F0, i)}
100.0	{(not_n1615->and_not_n1613_not_n1615, F1, i)}
85.71	{(n549, F0, i)}
85.71	{(and_not_pi028_0_n548->n549, F0, i)}
85.71	{(and_not_pi028_0_n548, F0, i)}
85.71	{(n548->and_not_pi028_0_n548, F0, i)}
85.71	{(not_pi028_0->and_not_pi028_0_n548, F0, i)}
85.71	{(n548, F0, i)}
85.71	{(and_not_pi025_0_pi029->n548, F0, i)}
85.71	{(not_pi028_0, F0, i)}
85.71	{(and_not_pi025_0_pi029, F0, i)}
85.71	{(not_pi025_0->and_not_pi025_0_pi029, F0, i)}
85.71	{(not_pi025_0, F0, i)}
