100.0	{(n446, F1, i)}
100.0	{(and_n444_n445->n446, F1, i)}
100.0	{(and_n444_n445, F1, i)}
100.0	{(n446->and_n446_n453, F1, i)}
100.0	{(not_n1227, F1, i)}
100.0	{(n1227->not_n1227, F0, i)}
100.0	{(n1227, F0, i)}
100.0	{(and_not_pi027_490_not_n1226->n1227, F0, i)}
100.0	{(and_not_pi027_490_not_n1226, F0, i)}
100.0	{(not_pi027_490->and_not_pi027_490_not_n1226, F0, i)}
100.0	{(not_n1226->and_not_pi027_490_not_n1226, F0, i)}
100.0	{(not_pi027_490, F0, i)}
100.0	{(not_n1226, F0, i)}
100.0	{(n1226->not_n1226, F1, i)}
100.0	{(n1226, F1, i)}
100.0	{(and_not_n1222_not_n1225->n1226, F1, i)}
100.0	{(and_not_n1222_not_n1225, F1, i)}
100.0	{(not_n1227->and_not_n1227_not_n1229, F1, i)}
100.0	{(po074_driver->po074, F0, i)}
100.0	{(po074_driver, F0, i)}
100.0	{(and_not_pi003_47475615099430_n1234->po074_driver, F0, i)}
100.0	{(and_not_pi003_47475615099430_n1234, F0, i)}
100.0	{(not_pi003_47475615099430->and_not_pi003_47475615099430_n1234, F0, i)}
100.0	{(n1234->and_not_pi003_47475615099430_n1234, F0, i)}
100.0	{(not_pi003_47475615099430, F0, i)}
100.0	{(n1234, F0, i)}
100.0	{(and_not_pi129_7490483309651862334944941026945644936490_not_n1233->n1234, F0, i)}
100.0	{(and_not_pi129_7490483309651862334944941026945644936490_not_n1233, F0, i)}
100.0	{(not_pi129_7490483309651862334944941026945644936490->and_not_pi129_7490483309651862334944941026945644936490_not_n1233, F0, i)}
100.0	{(not_n1233->and_not_pi129_7490483309651862334944941026945644936490_not_n1233, F0, i)}
100.0	{(not_pi129_7490483309651862334944941026945644936490, F0, i)}
100.0	{(not_n1233, F0, i)}
100.0	{(n1233->not_n1233, F1, i)}
100.0	{(n1233, F1, i)}
100.0	{(and_not_n1231_not_n1232->n1233, F1, i)}
100.0	{(and_not_n1231_not_n1232, F1, i)}
100.0	{(not_n1231, F1, i)}
100.0	{(n1231->not_n1231, F0, i)}
100.0	{(n1231, F0, i)}
100.0	{(and_not_pi026_24010_not_n1230->n1231, F0, i)}
100.0	{(and_not_pi026_24010_not_n1230, F0, i)}
100.0	{(not_pi026_24010->and_not_pi026_24010_not_n1230, F0, i)}
100.0	{(not_n1230->and_not_pi026_24010_not_n1230, F0, i)}
100.0	{(not_pi026_24010, F0, i)}
100.0	{(not_n1230, F0, i)}
100.0	{(n1230->not_n1230, F1, i)}
100.0	{(n1230, F1, i)}
100.0	{(and_not_n1227_not_n1229->n1230, F1, i)}
100.0	{(and_not_n1227_not_n1229, F1, i)}
100.0	{(not_n1231->and_not_n1231_not_n1232, F1, i)}
100.0	{(not_n1222, F1, i)}
100.0	{(n1222->not_n1222, F0, i)}
100.0	{(n1222, F0, i)}
100.0	{(and_not_pi085_490_not_n1221->n1222, F0, i)}
100.0	{(and_not_pi085_490_not_n1221, F0, i)}
100.0	{(not_pi085_490->and_not_pi085_490_not_n1221, F0, i)}
100.0	{(not_n1221->and_not_pi085_490_not_n1221, F0, i)}
100.0	{(not_pi085_490, F0, i)}
100.0	{(not_n1221, F0, i)}
100.0	{(n1221->not_n1221, F1, i)}
100.0	{(n1221, F1, i)}
100.0	{(and_not_n1218_not_n1220->n1221, F1, i)}
100.0	{(and_not_n1218_not_n1220, F1, i)}
100.0	{(not_n1222->and_not_n1222_not_n1225, F1, i)}
100.0	{(n754->and_n754_n1154, F1, i)}
100.0	{(n754, F1, i)}
100.0	{(and_not_pi027_1_not_pi085_3->n754, F1, i)}
100.0	{(and_not_pi027_1_not_pi085_3, F1, i)}
100.0	{(not_pi027, F1, i)}
100.0	{(not_pi027->and_not_pi027_not_n734, F1, i)}
100.0	{(n514, F1, i)}
100.0	{(and_n503_n513->n514, F1, i)}
100.0	{(and_n503_n513, F1, i)}
100.0	{(n514->and_n514_n518, F1, i)}
100.0	{(n513, F1, i)}
100.0	{(and_n448_n512->n513, F1, i)}
100.0	{(and_n448_n512, F1, i)}
100.0	{(n513->and_n503_n513, F1, i)}
100.0	{(n512, F1, i)}
100.0	{(and_not_pi010_1_n449->n512, F1, i)}
100.0	{(and_not_pi010_1_n449, F1, i)}
100.0	{(n512->and_n448_n512, F1, i)}
100.0	{(not_pi010_1, F1, i)}
100.0	{(not_pi010_1->and_not_pi010_1_n449, F1, i)}
