100.0	{(not_n635, F1, i)}
100.0	{(n635->not_n635, F0, i)}
100.0	{(n635, F0, i)}
100.0	{(and_not_n628_not_n634->n635, F0, i)}
100.0	{(and_not_n628_not_n634, F0, i)}
100.0	{(not_n628->and_not_n628_not_n634, F0, i)}
100.0	{(not_n634->and_not_n628_not_n634, F0, i)}
100.0	{(not_n628, F0, i)}
100.0	{(n628->not_n628, F1, i)}
100.0	{(not_n634, F0, i)}
100.0	{(n634->not_n634, F1, i)}
100.0	{(n628, F1, i)}
100.0	{(and_pi019_not_pi054_3430->n628, F1, i)}
100.0	{(n634, F1, i)}
100.0	{(and_n487_n633->n634, F1, i)}
100.0	{(and_pi019_not_pi054_3430, F1, i)}
100.0	{(and_n487_n633, F1, i)}
100.0	{(not_n635->and_not_pi129_57648010_not_n635, F1, i)}
90.56	{(n636, F1, i)}
90.56	{(and_not_pi129_57648010_not_n635->n636, F1, i)}
90.56	{(and_not_pi129_57648010_not_n635, F1, i)}
90.56	{(n636->and_not_pi003_3430_n636, F1, i)}
100.0	{(not_n1356, F1, i)}
100.0	{(n1356->not_n1356, F0, i)}
100.0	{(n1356, F0, i)}
100.0	{(and_not_pi115_pi138->n1356, F0, i)}
100.0	{(and_not_pi115_pi138, F0, i)}
100.0	{(not_pi115->and_not_pi115_pi138, F0, i)}
100.0	{(not_pi115, F0, i)}
100.0	{(not_n1356->and_not_n1356_not_n1357, F1, i)}
91.67	{(not_n1359, F1, i)}
91.67	{(n1359->not_n1359, F0, i)}
91.67	{(n1359, F0, i)}
91.67	{(and_not_pi136_2_not_n1358->n1359, F0, i)}
91.67	{(and_not_pi136_2_not_n1358, F0, i)}
91.67	{(not_pi136_2->and_not_pi136_2_not_n1358, F0, i)}
91.67	{(not_n1358->and_not_pi136_2_not_n1358, F0, i)}
91.67	{(not_pi136_2, F0, i)}
91.67	{(not_n1358, F0, i)}
91.67	{(n1358->not_n1358, F1, i)}
91.67	{(n1358, F1, i)}
91.67	{(and_not_n1356_not_n1357->n1358, F1, i)}
91.67	{(and_not_n1356_not_n1357, F1, i)}
91.67	{(not_n1359->and_not_n1359_not_n1361, F1, i)}
100.0	{(n1075, F1, i)}
100.0	{(and_n934_n1074->n1075, F1, i)}
100.0	{(and_n934_n1074, F1, i)}
100.0	{(n1075->and_n1073_n1075, F1, i)}
98.97	{(po062_driver->po062, F0, i)}
98.97	{(po062_driver, F0, i)}
98.97	{(and_not_n1068_n1078->po062_driver, F0, i)}
98.97	{(and_not_n1068_n1078, F0, i)}
98.97	{(n1078->and_not_n1068_n1078, F0, i)}
98.97	{(not_n1068->and_not_n1068_n1078, F0, i)}
98.97	{(n1078, F0, i)}
98.97	{(and_not_n1072_n1077->n1078, F0, i)}
98.97	{(not_n1068, F0, i)}
98.97	{(n1068->not_n1068, F1, i)}
98.97	{(and_not_n1072_n1077, F0, i)}
98.97	{(n1077->and_not_n1072_n1077, F0, i)}
98.97	{(not_n1072->and_not_n1072_n1077, F0, i)}
98.97	{(n1068, F1, i)}
98.97	{(and_not_pi047_3_not_n1067->n1068, F1, i)}
98.97	{(n1077, F0, i)}
98.97	{(and_not_pi129_26517308458596534717790233816010_not_n1076->n1077, F0, i)}
98.97	{(not_n1072, F0, i)}
98.97	{(n1072->not_n1072, F1, i)}
98.97	{(and_not_pi047_3_not_n1067, F1, i)}
98.97	{(and_not_pi129_26517308458596534717790233816010_not_n1076, F0, i)}
98.97	{(not_pi129_26517308458596534717790233816010->and_not_pi129_26517308458596534717790233816010_not_n1076, F0, i)}
98.97	{(not_n1076->and_not_pi129_26517308458596534717790233816010_not_n1076, F0, i)}
98.97	{(n1072, F1, i)}
98.97	{(and_pi064_n1071->n1072, F1, i)}
98.97	{(not_pi129_26517308458596534717790233816010, F0, i)}
98.97	{(not_n1076, F0, i)}
98.97	{(n1076->not_n1076, F1, i)}
98.97	{(and_pi064_n1071, F1, i)}
98.97	{(n1076, F1, i)}
98.97	{(and_n1073_n1075->n1076, F1, i)}
98.97	{(and_n1073_n1075, F1, i)}
