100.0	{(and_not_pi129_12197604876358357001385738625629718207556152941312384010_not_n1426, F1, i)}
100.0	{(po110_driver, F1, i)}
100.0	{(and_not_pi129_12197604876358357001385738625629718207556152941312384010_not_n1426->po110_driver, F1, i)}
100.0	{(po110_driver->po110, F1, i)}
100.0	{(n1414->and_pi143_n1414, F1, i)}
100.0	{(and_not_n1424_not_n1425, F1, i)}
100.0	{(n1426, F1, i)}
100.0	{(and_not_n1424_not_n1425->n1426, F1, i)}
100.0	{(not_n1426, F1, i)}
100.0	{(n1426->not_n1426, F1, i)}
100.0	{(not_n1426->and_not_pi129_12197604876358357001385738625629718207556152941312384010_not_n1426, F1, i)}
100.0	{(and_pi143_n1414, F1, i)}
100.0	{(n1425, F1, i)}
100.0	{(and_pi143_n1414->n1425, F1, i)}
100.0	{(not_n1425, F1, i)}
100.0	{(n1425->not_n1425, F1, i)}
100.0	{(not_n1425->and_not_n1424_not_n1425, F1, i)}
100.0	{(and_n1412_n1413, F1, i)}
100.0	{(n1414, F1, i)}
100.0	{(and_n1412_n1413->n1414, F1, i)}
