100.0	{(and_not_n1500_not_n1501, F1, i)}
100.0	{(n1502, F1, i)}
100.0	{(and_not_n1500_not_n1501->n1502, F1, i)}
100.0	{(not_n1502, F1, i)}
100.0	{(n1502->not_n1502, F1, i)}
100.0	{(not_n1502->and_not_pi137_7_not_n1502, F1, i)}
100.0	{(or_n1499_n1509, F1, i)}
100.0	{(po119_driver, F1, i)}
100.0	{(or_n1499_n1509->po119_driver, F1, i)}
100.0	{(po119_driver->po119, F1, i)}
100.0	{(and_not_n1503_not_n1507, F1, i)}
100.0	{(n1508, F1, i)}
100.0	{(and_not_n1503_not_n1507->n1508, F1, i)}
100.0	{(not_n1508, F1, i)}
100.0	{(n1508->not_n1508, F1, i)}
100.0	{(not_n1508->and_not_pi138_10_not_n1508, F1, i)}
100.0	{(and_not_pi137_7_not_n1502, F1, i)}
100.0	{(n1503, F1, i)}
100.0	{(and_not_pi137_7_not_n1502->n1503, F1, i)}
100.0	{(not_n1503, F1, i)}
100.0	{(n1503->not_n1503, F1, i)}
100.0	{(not_n1503->and_not_n1503_not_n1507, F1, i)}
100.0	{(and_not_pi073_not_pi136_10, F1, i)}
100.0	{(n1501, F1, i)}
100.0	{(and_not_pi073_not_pi136_10->n1501, F1, i)}
100.0	{(not_n1501, F1, i)}
100.0	{(n1501->not_n1501, F1, i)}
100.0	{(not_n1501->and_not_n1500_not_n1501, F1, i)}
100.0	{(and_not_pi138_10_not_n1508, F1, i)}
100.0	{(n1509, F1, i)}
100.0	{(and_not_pi138_10_not_n1508->n1509, F1, i)}
100.0	{(n1509->or_n1499_n1509, F1, i)}
