100.0	{(and_not_pi026_168070_n1375, F1, i)}
100.0	{(po100_driver, F1, i)}
100.0	{(and_not_pi026_168070_n1375->po100_driver, F1, i)}
100.0	{(po100_driver->po100, F1, i)}
100.0	{(and_not_n761_0_not_n1371, F1, i)}
100.0	{(n1372, F1, i)}
100.0	{(and_not_n761_0_not_n1371->n1372, F1, i)}
100.0	{(not_n1372, F1, i)}
100.0	{(n1372->not_n1372, F1, i)}
100.0	{(not_n1372->and_not_pi129_43181145673964365640352930977077280875522488490_not_n1372, F1, i)}
100.0	{(not_n761_0, F1, i)}
100.0	{(n761->not_n761_0, F1, i)}
100.0	{(not_n761_0->and_not_n761_0_not_n1371, F1, i)}
100.0	{(and_n774_n1374, F1, i)}
100.0	{(n1375, F1, i)}
100.0	{(and_n774_n1374->n1375, F1, i)}
100.0	{(n1375->and_not_pi026_168070_n1375, F1, i)}
100.0	{(and_not_pi129_43181145673964365640352930977077280875522488490_not_n1372, F1, i)}
100.0	{(n1373, F1, i)}
100.0	{(and_not_pi129_43181145673964365640352930977077280875522488490_not_n1372->n1373, F1, i)}
100.0	{(n1373->and_not_pi003_332329305696010_n1373, F1, i)}
100.0	{(and_not_pi003_332329305696010_n1373, F1, i)}
100.0	{(n1374, F1, i)}
100.0	{(and_not_pi003_332329305696010_n1373->n1374, F1, i)}
100.0	{(n1374->and_n774_n1374, F1, i)}
