100.0	{(and_not_n696_n711, F1, i)}
100.0	{(po039_driver, F1, i)}
100.0	{(and_not_n696_n711->po039_driver, F1, i)}
100.0	{(po039_driver->po039, F1, i)}
100.0	{(and_not_pi024_2_not_n695, F1, i)}
100.0	{(n696, F1, i)}
100.0	{(and_not_pi024_2_not_n695->n696, F1, i)}
100.0	{(not_n696, F1, i)}
100.0	{(n696->not_n696, F1, i)}
100.0	{(not_n696->and_not_n696_n711, F1, i)}
100.0	{(and_not_n691_not_n694, F1, i)}
100.0	{(n695, F1, i)}
100.0	{(and_not_n691_not_n694->n695, F1, i)}
100.0	{(not_n695, F1, i)}
100.0	{(n695->not_n695, F1, i)}
100.0	{(not_n695->and_not_pi024_2_not_n695, F1, i)}
100.0	{(and_pi082_not_n690, F1, i)}
100.0	{(n691, F1, i)}
100.0	{(and_pi082_not_n690->n691, F1, i)}
100.0	{(not_n691, F1, i)}
100.0	{(n691->not_n691, F1, i)}
100.0	{(not_n691->and_not_n691_not_n694, F1, i)}
96.43	{(not_n695, F1, i)}
96.43	{(n695->not_n695, F0, i)}
96.43	{(n695, F0, i)}
96.43	{(and_not_n691_not_n694->n695, F0, i)}
96.43	{(and_not_n691_not_n694, F0, i)}
96.43	{(not_n691->and_not_n691_not_n694, F0, i)}
96.43	{(not_n694->and_not_n691_not_n694, F0, i)}
96.43	{(not_n691, F0, i)}
96.43	{(n691->not_n691, F1, i)}
96.43	{(not_n694, F0, i)}
96.43	{(n694->not_n694, F1, i)}
96.43	{(n691, F1, i)}
96.43	{(and_pi082_not_n690->n691, F1, i)}
96.43	{(n694, F1, i)}
96.43	{(and_n379_not_n693->n694, F1, i)}
96.43	{(and_pi082_not_n690, F1, i)}
96.43	{(and_n379_not_n693, F1, i)}
96.43	{(not_n695->and_not_pi024_2_not_n695, F1, i)}
96.21	{(n708, F1, i)}
96.21	{(and_n649_n707->n708, F1, i)}
96.21	{(and_n649_n707, F1, i)}
96.21	{(n708->and_n705_n708, F1, i)}
95.78	{(n707, F1, i)}
95.78	{(and_n390_n706->n707, F1, i)}
95.78	{(and_n390_n706, F1, i)}
95.78	{(n707->and_n649_n707, F1, i)}
95.77	{(n706, F1, i)}
95.77	{(and_pi024_pi082->n706, F1, i)}
95.77	{(and_pi024_pi082, F1, i)}
95.77	{(n706->and_n390_n706, F1, i)}
95.62	{(po039_driver->po039, F0, i)}
95.62	{(po039_driver, F0, i)}
95.62	{(and_not_n696_n711->po039_driver, F0, i)}
95.62	{(and_not_n696_n711, F0, i)}
95.62	{(n711->and_not_n696_n711, F0, i)}
95.62	{(not_n696->and_not_n696_n711, F0, i)}
95.62	{(n711, F0, i)}
95.62	{(and_not_n703_n710->n711, F0, i)}
95.62	{(not_n696, F0, i)}
95.62	{(n696->not_n696, F1, i)}
95.62	{(and_not_n703_n710, F0, i)}
95.62	{(n710->and_not_n703_n710, F0, i)}
95.62	{(not_n703->and_not_n703_n710, F0, i)}
95.62	{(n696, F1, i)}
95.62	{(and_not_pi024_2_not_n695->n696, F1, i)}
95.62	{(n710, F0, i)}
95.62	{(and_not_pi129_968890104070_not_n709->n710, F0, i)}
95.62	{(not_n703, F0, i)}
95.62	{(n703->not_n703, F1, i)}
95.62	{(and_not_pi024_2_not_n695, F1, i)}
95.62	{(and_not_pi129_968890104070_not_n709, F0, i)}
95.62	{(not_pi129_968890104070->and_not_pi129_968890104070_not_n709, F0, i)}
95.62	{(not_n709->and_not_pi129_968890104070_not_n709, F0, i)}
95.62	{(n703, F1, i)}
95.62	{(and_pi063_n702->n703, F1, i)}
95.62	{(not_pi129_968890104070, F0, i)}
95.62	{(not_n709, F0, i)}
95.62	{(n709->not_n709, F1, i)}
95.62	{(and_pi063_n702, F1, i)}
95.62	{(n709, F1, i)}
95.62	{(and_n705_n708->n709, F1, i)}
95.62	{(and_n705_n708, F1, i)}
