100.0	{(n927, F0, i)}
100.0	{(and_n401_n926->n927, F0, i)}
100.0	{(and_n401_n926, F0, i)}
100.0	{(n926->and_n401_n926, F0, i)}
100.0	{(n401->and_n401_n926, F0, i)}
100.0	{(n926, F0, i)}
100.0	{(and_n398_n925->n926, F0, i)}
100.0	{(and_n398_n925, F0, i)}
100.0	{(n925->and_n398_n925, F0, i)}
100.0	{(n398->and_n398_n925, F0, i)}
100.0	{(n925, F0, i)}
100.0	{(and_not_pi002_2_not_pi048_2->n925, F0, i)}
100.0	{(and_not_pi002_2_not_pi048_2, F0, i)}
100.0	{(not_pi048_2->and_not_pi002_2_not_pi048_2, F0, i)}
100.0	{(not_pi002_2->and_not_pi002_2_not_pi048_2, F0, i)}
100.0	{(not_pi048_2, F0, i)}
100.0	{(not_pi002_2, F0, i)}
100.0	{(not_n956, F1, i)}
100.0	{(n956->not_n956, F0, i)}
100.0	{(n956, F0, i)}
100.0	{(and_n927_n955->n956, F0, i)}
100.0	{(and_n927_n955, F0, i)}
100.0	{(n955->and_n927_n955, F0, i)}
100.0	{(n927->and_n927_n955, F0, i)}
100.0	{(n955, F0, i)}
100.0	{(and_n638_n954->n955, F0, i)}
100.0	{(and_n638_n954, F0, i)}
100.0	{(n954->and_n638_n954, F0, i)}
100.0	{(n638->and_n638_n954, F0, i)}
100.0	{(n954, F0, i)}
100.0	{(and_n388_n390->n954, F0, i)}
100.0	{(and_n388_n390, F0, i)}
100.0	{(n388->and_n388_n390, F0, i)}
100.0	{(n390->and_n388_n390, F0, i)}
100.0	{(not_n956->and_pi082_not_n956, F1, i)}
