100.0	{(not_pi138_24010, F1, i)}
100.0	{(not_pi138_24010->and_not_pi071_0_not_pi138_24010, F1, i)}
100.0	{(not_n1536, F1, i)}
100.0	{(n1536->not_n1536, F0, i)}
100.0	{(n1536, F0, i)}
100.0	{(and_not_n1534_not_n1535->n1536, F0, i)}
100.0	{(and_not_n1534_not_n1535, F0, i)}
100.0	{(not_n1535->and_not_n1534_not_n1535, F0, i)}
100.0	{(not_n1534->and_not_n1534_not_n1535, F0, i)}
100.0	{(not_n1535, F0, i)}
100.0	{(n1535->not_n1535, F1, i)}
100.0	{(not_n1534, F0, i)}
100.0	{(n1534->not_n1534, F1, i)}
100.0	{(n1535, F1, i)}
100.0	{(and_not_pi071_0_not_pi138_24010->n1535, F1, i)}
100.0	{(n1534, F1, i)}
100.0	{(and_pi098_pi138->n1534, F1, i)}
100.0	{(and_not_pi071_0_not_pi138_24010, F1, i)}
100.0	{(and_pi098_pi138, F1, i)}
100.0	{(not_n1536->and_pi136_not_n1536, F1, i)}
