100.0	{(and_not_pi003_n438, F1, i)}
100.0	{(po019_driver, F1, i)}
100.0	{(and_not_pi003_n438->po019_driver, F1, i)}
100.0	{(po019_driver->po019, F1, i)}
100.0	{(and_not_n435_not_n436, F1, i)}
100.0	{(n437, F1, i)}
100.0	{(and_not_n435_not_n436->n437, F1, i)}
100.0	{(not_n437, F1, i)}
100.0	{(n437->not_n437, F1, i)}
100.0	{(not_n437->and_not_pi129_3_not_n437, F1, i)}
100.0	{(and_pi004_not_pi054, F1, i)}
100.0	{(n436, F1, i)}
100.0	{(and_pi004_not_pi054->n436, F1, i)}
100.0	{(not_n436, F1, i)}
100.0	{(n436->not_n436, F1, i)}
100.0	{(not_n436->and_not_n435_not_n436, F1, i)}
100.0	{(and_not_pi129_3_not_n437, F1, i)}
100.0	{(n438, F1, i)}
100.0	{(and_not_pi129_3_not_n437->n438, F1, i)}
100.0	{(n438->and_not_pi003_n438, F1, i)}
