100.0	{(not_n1114, F1, i)}
100.0	{(n1114->not_n1114, F0, i)}
100.0	{(n1114, F0, i)}
100.0	{(and_pi082_not_n1113->n1114, F0, i)}
100.0	{(and_pi082_not_n1113, F0, i)}
100.0	{(not_n1113->and_pi082_not_n1113, F0, i)}
100.0	{(not_n1113, F0, i)}
100.0	{(n1113->not_n1113, F1, i)}
100.0	{(n1113, F1, i)}
100.0	{(and_not_n1108_not_n1112->n1113, F1, i)}
100.0	{(and_not_n1108_not_n1112, F1, i)}
100.0	{(not_n1114->and_not_n1114_not_n1115, F1, i)}
100.0	{(not_n1112, F1, i)}
100.0	{(n1112->not_n1112, F0, i)}
100.0	{(n1112, F0, i)}
100.0	{(and_n380_n1111->n1112, F0, i)}
100.0	{(and_n380_n1111, F0, i)}
100.0	{(n380->and_n380_n1111, F0, i)}
100.0	{(n1111->and_n380_n1111, F0, i)}
100.0	{(n1111, F0, i)}
100.0	{(and_n638_n1110->n1111, F0, i)}
100.0	{(and_n638_n1110, F0, i)}
100.0	{(n638->and_n638_n1110, F0, i)}
100.0	{(n1110->and_n638_n1110, F0, i)}
100.0	{(n1110, F0, i)}
100.0	{(and_n1100_not_n1109->n1110, F0, i)}
100.0	{(and_n1100_not_n1109, F0, i)}
100.0	{(n1100->and_n1100_not_n1109, F0, i)}
100.0	{(not_n1109->and_n1100_not_n1109, F0, i)}
100.0	{(not_n1109, F0, i)}
100.0	{(n1109->not_n1109, F1, i)}
100.0	{(n1109, F1, i)}
100.0	{(and_not_pi002_5_n383->n1109, F1, i)}
100.0	{(and_not_pi002_5_n383, F1, i)}
100.0	{(not_n1112->and_not_n1108_not_n1112, F1, i)}
100.0	{(n1116, F1, i)}
100.0	{(and_not_n1114_not_n1115->n1116, F1, i)}
100.0	{(and_not_n1114_not_n1115, F1, i)}
100.0	{(n1116->and_not_n1104_n1116, F1, i)}
