100.0	{(not_n1576, F1, i)}
100.0	{(n1576->not_n1576, F0, i)}
100.0	{(n1576, F0, i)}
100.0	{(and_not_n843_0_not_n1575->n1576, F0, i)}
100.0	{(and_not_n843_0_not_n1575, F0, i)}
100.0	{(not_n843_0->and_not_n843_0_not_n1575, F0, i)}
100.0	{(not_n1575->and_not_n843_0_not_n1575, F0, i)}
100.0	{(not_n843_0, F0, i)}
100.0	{(n843->not_n843_0, F1, i)}
100.0	{(not_n1575, F0, i)}
100.0	{(n1575->not_n1575, F1, i)}
100.0	{(n1575, F1, i)}
100.0	{(and_not_pi097_1_n755->n1575, F1, i)}
100.0	{(and_not_pi097_1_n755, F1, i)}
100.0	{(not_n1576->and_not_pi129_70316764788835532799945507414768825152637918032230572653232010_not_n1576, F1, i)}
95.24	{(n1578, F1, i)}
95.24	{(and_not_pi003_797922662976120010_n1577->n1578, F1, i)}
95.24	{(and_not_pi003_797922662976120010_n1577, F1, i)}
95.24	{(n1578->and_pi116_n1578, F1, i)}
95.24	{(n1577, F1, i)}
95.24	{(and_not_pi129_70316764788835532799945507414768825152637918032230572653232010_not_n1576->n1577, F1, i)}
95.24	{(and_not_pi129_70316764788835532799945507414768825152637918032230572653232010_not_n1576, F1, i)}
95.24	{(n1577->and_not_pi003_797922662976120010_n1577, F1, i)}
