100.0	{(and_n447_n466, F1, i)}
100.0	{(and_n447_n466->n467, F1, i)}
100.0	{(n467, F1, i)}
100.0	{(n467->and_n464_n467, F1, i)}
100.0	{(n466, F1, i)}
100.0	{(and_not_pi016_0_pi054, F1, i)}
100.0	{(n448, F1, i)}
100.0	{(and_not_pi016_0_pi054->n448, F1, i)}
100.0	{(and_not_n458_not_n468, F1, i)}
100.0	{(n469, F1, i)}
100.0	{(and_not_n458_not_n468->n469, F1, i)}
100.0	{(not_n469, F1, i)}
100.0	{(n469->not_n469, F1, i)}
100.0	{(not_n469->and_not_pi129_5_not_n469, F1, i)}
100.0	{(and_n464_n467, F1, i)}
100.0	{(n468, F1, i)}
100.0	{(and_n464_n467->n468, F1, i)}
100.0	{(not_n468, F1, i)}
100.0	{(n468->not_n468, F1, i)}
100.0	{(not_n468->and_not_n458_not_n468, F1, i)}
100.0	{(and_not_pi129_5_not_n469, F1, i)}
100.0	{(n470, F1, i)}
100.0	{(and_not_pi129_5_not_n469->n470, F1, i)}
100.0	{(n470->and_not_pi003_1_n470, F1, i)}
100.0	{(and_not_pi003_1_n470, F1, i)}
100.0	{(po021_driver, F1, i)}
100.0	{(and_not_pi003_1_n470->po021_driver, F1, i)}
100.0	{(po021_driver->po021, F1, i)}
100.0	{(n448->and_n448_n465, F1, i)}
100.0	{(and_n448_n465, F1, i)}
100.0	{(n466->and_n447_n466, F1, i)}
100.0	{(and_n448_n465->n466, F1, i)}
