100.0	{(and_not_pi003_70_n618, F1, i)}
100.0	{(po032_driver, F1, i)}
100.0	{(and_not_pi003_70_n618->po032_driver, F1, i)}
100.0	{(po032_driver->po032, F1, i)}
100.0	{(n346->and_not_pi007_8_n346, F1, i)}
100.0	{(and_n605_n607, F1, i)}
100.0	{(n608, F1, i)}
100.0	{(and_n605_n607->n608, F1, i)}
100.0	{(n608->and_n445_n608, F1, i)}
100.0	{(and_n445_n608, F1, i)}
100.0	{(n609, F1, i)}
100.0	{(and_n445_n608->n609, F1, i)}
100.0	{(n609->and_n609_n615, F1, i)}
100.0	{(and_not_pi007_8_n346, F1, i)}
100.0	{(n605, F1, i)}
100.0	{(and_not_pi007_8_n346->n605, F1, i)}
100.0	{(n605->and_n605_n607, F1, i)}
100.0	{(and_n609_n615, F1, i)}
100.0	{(n616, F1, i)}
100.0	{(and_n609_n615->n616, F1, i)}
100.0	{(not_n616, F1, i)}
100.0	{(n616->not_n616, F1, i)}
100.0	{(not_n616->and_not_n604_not_n616, F1, i)}
100.0	{(and_not_n604_not_n616, F1, i)}
100.0	{(n617, F1, i)}
100.0	{(and_not_n604_not_n616->n617, F1, i)}
100.0	{(not_n617, F1, i)}
100.0	{(n617->not_n617, F1, i)}
100.0	{(not_n617->and_not_pi129_1176490_not_n617, F1, i)}
100.0	{(and_not_pi129_1176490_not_n617, F1, i)}
100.0	{(n618, F1, i)}
100.0	{(and_not_pi129_1176490_not_n617->n618, F1, i)}
100.0	{(n618->and_not_pi003_70_n618, F1, i)}
