100.0	{(and_not_pi129_1_not_n414, F1, i)}
100.0	{(po017_driver, F1, i)}
100.0	{(and_not_pi129_1_not_n414->po017_driver, F1, i)}
100.0	{(po017_driver->po017, F1, i)}
100.0	{(not_pi129_1, F1, i)}
100.0	{(not_pi129_1->and_not_pi129_1_not_n414, F1, i)}
98.66	{(and_not_n379_not_n395->n396, F0, i)}
98.66	{(n396, F0, i)}
98.66	{(not_pi065, F0, i)}
98.66	{(not_n395->and_not_n379_not_n395, F0, i)}
98.66	{(not_n379->and_not_n379_not_n395, F0, i)}
98.66	{(not_n395, F0, i)}
98.66	{(n395->not_n395, F1, i)}
98.66	{(not_n379, F0, i)}
98.66	{(n379->not_n379, F1, i)}
98.66	{(n395, F1, i)}
98.66	{(and_pi082_not_n394->n395, F1, i)}
98.66	{(and_pi082_not_n394, F1, i)}
98.66	{(and_not_n379_not_n395, F0, i)}
97.38	{(po017_driver->po017, F0, i)}
97.38	{(po017_driver, F0, i)}
97.38	{(and_not_pi129_1_not_n414->po017_driver, F0, i)}
97.38	{(and_not_pi129_1_not_n414, F0, i)}
97.38	{(not_pi129_1->and_not_pi129_1_not_n414, F0, i)}
97.38	{(not_n414->and_not_pi129_1_not_n414, F0, i)}
97.38	{(not_pi129_1, F0, i)}
97.38	{(not_n414, F0, i)}
97.38	{(n414->not_n414, F1, i)}
97.38	{(n414, F1, i)}
97.38	{(and_not_n397_not_n413->n414, F1, i)}
97.38	{(and_not_n397_not_n413, F1, i)}
96.29	{(not_n397, F1, i)}
96.29	{(n397->not_n397, F0, i)}
96.29	{(n397, F0, i)}
96.29	{(and_not_pi065_n396->n397, F0, i)}
96.29	{(and_not_pi065_n396, F0, i)}
96.29	{(not_pi065->and_not_pi065_n396, F0, i)}
96.29	{(n396->and_not_pi065_n396, F0, i)}
96.29	{(not_pi065, F0, i)}
96.29	{(n396, F0, i)}
96.29	{(and_not_n379_not_n395->n396, F0, i)}
96.29	{(and_not_n379_not_n395, F0, i)}
96.29	{(not_n395->and_not_n379_not_n395, F0, i)}
96.29	{(not_n379->and_not_n379_not_n395, F0, i)}
96.29	{(not_n395, F0, i)}
96.29	{(n395->not_n395, F1, i)}
96.29	{(not_n379, F0, i)}
96.29	{(n379->not_n379, F1, i)}
96.29	{(n395, F1, i)}
96.29	{(and_pi082_not_n394->n395, F1, i)}
96.29	{(and_pi082_not_n394, F1, i)}
96.29	{(not_n397->and_not_n397_not_n413, F1, i)}
