100.0	{(and_not_n836_not_n840, F1, i)}
100.0	{(n841, F1, i)}
100.0	{(and_not_n836_not_n840->n841, F1, i)}
100.0	{(not_n841, F1, i)}
100.0	{(n841->not_n841, F1, i)}
100.0	{(not_n841->and_not_pi053_4_not_n841, F1, i)}
100.0	{(and_not_pi003_2824752490_n859, F1, i)}
100.0	{(po044_driver, F1, i)}
100.0	{(and_not_pi003_2824752490_n859->po044_driver, F1, i)}
100.0	{(po044_driver->po044, F1, i)}
100.0	{(and_not_n842_not_n844, F1, i)}
100.0	{(n845, F1, i)}
100.0	{(and_not_n842_not_n844->n845, F1, i)}
100.0	{(not_n845, F1, i)}
100.0	{(n845->not_n845, F1, i)}
100.0	{(not_n845->and_not_pi027_9_not_n845, F1, i)}
100.0	{(and_not_n829_not_n834, F1, i)}
100.0	{(n835, F1, i)}
100.0	{(and_not_n829_not_n834->n835, F1, i)}
100.0	{(not_n835, F1, i)}
100.0	{(n835->not_n835, F1, i)}
100.0	{(not_n835->and_not_pi058_3_not_n835, F1, i)}
100.0	{(and_not_pi026_9_not_n853, F1, i)}
100.0	{(n854, F1, i)}
100.0	{(and_not_pi026_9_not_n853->n854, F1, i)}
100.0	{(not_n854, F1, i)}
100.0	{(n854->not_n854, F1, i)}
100.0	{(not_n854->and_not_n854_not_n857, F1, i)}
100.0	{(and_not_n854_not_n857, F1, i)}
100.0	{(n858, F1, i)}
100.0	{(and_not_n854_not_n857->n858, F1, i)}
100.0	{(not_n858, F1, i)}
100.0	{(n858->not_n858, F1, i)}
100.0	{(not_n858->and_not_pi129_16284135979104490_not_n858, F1, i)}
100.0	{(and_not_pi058_3_not_n835, F1, i)}
100.0	{(n836, F1, i)}
100.0	{(and_not_pi058_3_not_n835->n836, F1, i)}
100.0	{(not_n836, F1, i)}
100.0	{(n836->not_n836, F1, i)}
100.0	{(not_n836->and_not_n836_not_n840, F1, i)}
100.0	{(and_not_pi085_6_not_n849, F1, i)}
100.0	{(n850, F1, i)}
100.0	{(and_not_pi085_6_not_n849->n850, F1, i)}
100.0	{(not_n850, F1, i)}
100.0	{(n850->not_n850, F1, i)}
100.0	{(not_n850->and_not_n850_not_n852, F1, i)}
100.0	{(and_not_pi129_16284135979104490_not_n858, F1, i)}
100.0	{(n859, F1, i)}
100.0	{(and_not_pi129_16284135979104490_not_n858->n859, F1, i)}
100.0	{(n859->and_not_pi003_2824752490_n859, F1, i)}
100.0	{(and_not_pi053_4_not_n841, F1, i)}
100.0	{(n842, F1, i)}
100.0	{(and_not_pi053_4_not_n841->n842, F1, i)}
100.0	{(not_n842, F1, i)}
100.0	{(n842->not_n842, F1, i)}
100.0	{(not_n842->and_not_n842_not_n844, F1, i)}
100.0	{(and_not_pi027_9_not_n845, F1, i)}
100.0	{(n846, F1, i)}
100.0	{(and_not_pi027_9_not_n845->n846, F1, i)}
100.0	{(not_n846, F1, i)}
100.0	{(n846->not_n846, F1, i)}
100.0	{(not_n846->and_not_n846_not_n848, F1, i)}
100.0	{(and_not_n846_not_n848, F1, i)}
100.0	{(n849, F1, i)}
100.0	{(and_not_n846_not_n848->n849, F1, i)}
100.0	{(not_n849, F1, i)}
100.0	{(n849->not_n849, F1, i)}
100.0	{(not_n849->and_not_pi085_6_not_n849, F1, i)}
100.0	{(and_not_n850_not_n852, F1, i)}
100.0	{(n853, F1, i)}
100.0	{(and_not_n850_not_n852->n853, F1, i)}
100.0	{(not_n853, F1, i)}
100.0	{(n853->not_n853, F1, i)}
100.0	{(not_n853->and_not_pi026_9_not_n853, F1, i)}
