100.0	{(n411->and_pi015_n411, F1, i)}
100.0	{(n579, F0, i)}
100.0	{(and_not_pi048_1_n381->n579, F0, i)}
100.0	{(and_not_pi048_1_n381, F0, i)}
100.0	{(not_pi048_1->and_not_pi048_1_n381, F0, i)}
100.0	{(n381->and_not_pi048_1_n381, F0, i)}
100.0	{(not_pi048_1, F0, i)}
100.0	{(n585, F1, i)}
100.0	{(and_not_pi015_1_not_n584->n585, F1, i)}
100.0	{(and_not_pi015_1_not_n584, F1, i)}
100.0	{(n585->and_n408_n585, F1, i)}
100.0	{(not_n581, F1, i)}
100.0	{(n581->not_n581, F0, i)}
100.0	{(n581, F0, i)}
100.0	{(and_n407_n580->n581, F0, i)}
100.0	{(and_n407_n580, F0, i)}
100.0	{(n580->and_n407_n580, F0, i)}
100.0	{(n407->and_n407_n580, F0, i)}
100.0	{(n580, F0, i)}
100.0	{(and_n570_n579->n580, F0, i)}
100.0	{(and_n570_n579, F0, i)}
100.0	{(n570->and_n570_n579, F0, i)}
100.0	{(n579->and_n570_n579, F0, i)}
100.0	{(not_n581->and_pi015_not_n581, F1, i)}
