98.49	{(not_n906, F1, i)}
98.49	{(n906->not_n906, F0, i)}
98.49	{(n906, F0, i)}
98.49	{(and_not_n904_not_n905->n906, F0, i)}
98.49	{(and_not_n904_not_n905, F0, i)}
98.49	{(not_n905->and_not_n904_not_n905, F0, i)}
98.49	{(not_n904->and_not_n904_not_n905, F0, i)}
98.49	{(not_n905, F0, i)}
98.49	{(n905->not_n905, F1, i)}
98.49	{(not_n904, F0, i)}
98.49	{(n904->not_n904, F1, i)}
98.49	{(n905, F1, i)}
98.49	{(and_pi036_not_pi109_5->n905, F1, i)}
98.49	{(n904, F1, i)}
98.49	{(and_pi035_pi109->n904, F1, i)}
98.49	{(and_pi036_not_pi109_5, F1, i)}
98.49	{(and_pi035_pi109, F1, i)}
98.49	{(not_n906->and_not_pi106_5_not_n906, F1, i)}
95.77	{(not_n908, F1, i)}
95.77	{(n908->not_n908, F0, i)}
95.77	{(n908, F0, i)}
95.77	{(and_not_n903_not_n907->n908, F0, i)}
95.77	{(and_not_n903_not_n907, F0, i)}
95.77	{(not_n903->and_not_n903_not_n907, F0, i)}
95.77	{(not_n907->and_not_n903_not_n907, F0, i)}
95.77	{(not_n903, F0, i)}
95.77	{(n903->not_n903, F1, i)}
95.77	{(not_n907, F0, i)}
95.77	{(n907->not_n907, F1, i)}
95.77	{(n903, F1, i)}
95.77	{(and_pi098_pi106->n903, F1, i)}
95.77	{(n907, F1, i)}
95.77	{(and_not_pi106_5_not_n906->n907, F1, i)}
95.77	{(and_pi098_pi106, F1, i)}
95.77	{(and_not_pi106_5_not_n906, F1, i)}
95.77	{(not_n908->and_not_pi129_13410686196639649008070_not_n908, F1, i)}
86.98	{(po051_driver->po051, F1, i)}
86.98	{(po051_driver, F1, i)}
86.98	{(and_not_pi129_13410686196639649008070_not_n908->po051_driver, F1, i)}
86.98	{(and_not_pi129_13410686196639649008070_not_n908, F1, i)}
