100.0	{(and_not_n817_not_n821, F1, i)}
100.0	{(n822, F1, i)}
100.0	{(and_not_n817_not_n821->n822, F1, i)}
100.0	{(not_n822, F1, i)}
100.0	{(n822->not_n822, F1, i)}
100.0	{(not_n822->and_not_pi058_2_not_n822, F1, i)}
100.0	{(and_not_pi003_403536070_n827, F1, i)}
100.0	{(po043_driver, F1, i)}
100.0	{(and_not_pi003_403536070_n827->po043_driver, F1, i)}
100.0	{(po043_driver->po043, F1, i)}
100.0	{(n776->and_n776_n801, F1, i)}
100.0	{(and_not_n799_n807, F1, i)}
100.0	{(n808, F1, i)}
100.0	{(and_not_n799_n807->n808, F1, i)}
100.0	{(not_n808, F1, i)}
100.0	{(n808->not_n808, F1, i)}
100.0	{(not_n808->and_not_pi085_5_not_n808, F1, i)}
100.0	{(and_not_pi027_6_not_n804, F1, i)}
100.0	{(n805, F1, i)}
100.0	{(and_not_pi027_6_not_n804->n805, F1, i)}
100.0	{(not_n805, F1, i)}
100.0	{(n805->not_n805, F1, i)}
100.0	{(not_n805->and_not_n805_not_n806, F1, i)}
100.0	{(and_not_n802_not_n803, F1, i)}
100.0	{(n804, F1, i)}
100.0	{(and_not_n802_not_n803->n804, F1, i)}
100.0	{(not_n804, F1, i)}
100.0	{(n804->not_n804, F1, i)}
100.0	{(not_n804->and_not_pi027_6_not_n804, F1, i)}
100.0	{(and_not_n805_not_n806, F1, i)}
100.0	{(n807, F1, i)}
100.0	{(and_not_n805_not_n806->n807, F1, i)}
100.0	{(n807->and_not_n799_n807, F1, i)}
100.0	{(and_not_pi129_2326305139872070_not_n826, F1, i)}
100.0	{(n827, F1, i)}
100.0	{(and_not_pi129_2326305139872070_not_n826->n827, F1, i)}
100.0	{(n827->and_not_pi003_403536070_n827, F1, i)}
100.0	{(and_not_n823_not_n825, F1, i)}
100.0	{(n826, F1, i)}
100.0	{(and_not_n823_not_n825->n826, F1, i)}
100.0	{(not_n826, F1, i)}
100.0	{(n826->not_n826, F1, i)}
100.0	{(not_n826->and_not_pi129_2326305139872070_not_n826, F1, i)}
100.0	{(and_not_pi058_2_not_n822, F1, i)}
100.0	{(n823, F1, i)}
100.0	{(and_not_pi058_2_not_n822->n823, F1, i)}
100.0	{(not_n823, F1, i)}
100.0	{(n823->not_n823, F1, i)}
100.0	{(not_n823->and_not_n823_not_n825, F1, i)}
100.0	{(and_not_pi085_5_not_n808, F1, i)}
100.0	{(n809, F1, i)}
100.0	{(and_not_pi085_5_not_n808->n809, F1, i)}
100.0	{(not_n809, F1, i)}
100.0	{(n809->not_n809, F1, i)}
100.0	{(not_n809->and_not_n809_not_n815, F1, i)}
100.0	{(and_n776_n801, F1, i)}
100.0	{(n802, F1, i)}
100.0	{(and_n776_n801->n802, F1, i)}
100.0	{(not_n802, F1, i)}
100.0	{(n802->not_n802, F1, i)}
100.0	{(not_n802->and_not_n802_not_n803, F1, i)}
100.0	{(and_not_n809_not_n815, F1, i)}
100.0	{(n816, F1, i)}
100.0	{(and_not_n809_not_n815->n816, F1, i)}
100.0	{(not_n816, F1, i)}
100.0	{(n816->not_n816, F1, i)}
100.0	{(not_n816->and_not_pi053_3_not_n816, F1, i)}
100.0	{(and_not_pi053_3_not_n816, F1, i)}
100.0	{(n817, F1, i)}
100.0	{(and_not_pi053_3_not_n816->n817, F1, i)}
100.0	{(not_n817, F1, i)}
100.0	{(n817->not_n817, F1, i)}
100.0	{(not_n817->and_not_n817_not_n821, F1, i)}
