97.97	{(n667, F1, i)}
97.97	{(and_n663_n666->n667, F1, i)}
97.97	{(and_n663_n666, F1, i)}
97.97	{(n667->and_n487_n667, F1, i)}
89.86	{(not_n669, F1, i)}
89.86	{(n669->not_n669, F0, i)}
89.86	{(n669, F0, i)}
89.86	{(and_not_n662_not_n668->n669, F0, i)}
89.86	{(and_not_n662_not_n668, F0, i)}
89.86	{(not_n662->and_not_n662_not_n668, F0, i)}
89.86	{(not_n668->and_not_n662_not_n668, F0, i)}
89.86	{(not_n662, F0, i)}
89.86	{(n662->not_n662, F1, i)}
89.86	{(not_n668, F0, i)}
89.86	{(n668->not_n668, F1, i)}
89.86	{(n662, F1, i)}
89.86	{(and_pi021_not_pi054_24010->n662, F1, i)}
89.86	{(n668, F1, i)}
89.86	{(and_n487_n667->n668, F1, i)}
89.86	{(and_pi021_not_pi054_24010, F1, i)}
89.86	{(and_n487_n667, F1, i)}
89.86	{(not_n669->and_not_pi129_2824752490_not_n669, F1, i)}
84.6	{(n670, F1, i)}
84.6	{(and_not_pi129_2824752490_not_n669->n670, F1, i)}
84.6	{(and_not_pi129_2824752490_not_n669, F1, i)}
84.6	{(n670->and_not_pi003_24010_n670, F1, i)}
82.04	{(po036_driver->po036, F1, i)}
82.04	{(po036_driver, F1, i)}
82.04	{(and_not_pi003_24010_n670->po036_driver, F1, i)}
82.04	{(and_not_pi003_24010_n670, F1, i)}
