100.0	{(not_n793, F1, i)}
100.0	{(n793->not_n793, F0, i)}
100.0	{(n793, F0, i)}
100.0	{(and_not_n726_0_not_n792->n793, F0, i)}
100.0	{(and_not_n726_0_not_n792, F0, i)}
100.0	{(not_n726_0->and_not_n726_0_not_n792, F0, i)}
100.0	{(not_n792->and_not_n726_0_not_n792, F0, i)}
100.0	{(not_n726_0, F0, i)}
100.0	{(n726->not_n726_0, F1, i)}
100.0	{(not_n792, F0, i)}
100.0	{(n792->not_n792, F1, i)}
100.0	{(n792, F1, i)}
100.0	{(and_not_n790_not_n791->n792, F1, i)}
100.0	{(and_not_n790_not_n791, F1, i)}
100.0	{(not_n793->and_not_n793_not_n797, F1, i)}
100.0	{(not_n799, F1, i)}
100.0	{(n799->not_n799, F0, i)}
100.0	{(n799, F0, i)}
100.0	{(and_pi028_not_n798->n799, F0, i)}
100.0	{(and_pi028_not_n798, F0, i)}
100.0	{(not_n798->and_pi028_not_n798, F0, i)}
100.0	{(not_n798, F0, i)}
100.0	{(n798->not_n798, F1, i)}
100.0	{(n798, F1, i)}
100.0	{(and_not_n793_not_n797->n798, F1, i)}
100.0	{(and_not_n793_not_n797, F1, i)}
100.0	{(not_n799->and_not_n799_n807, F1, i)}
100.0	{(not_n791, F1, i)}
100.0	{(n791->not_n791, F0, i)}
100.0	{(n791, F0, i)}
100.0	{(and_not_pi027_4_n737->n791, F0, i)}
100.0	{(and_not_pi027_4_n737, F0, i)}
100.0	{(not_pi027_4->and_not_pi027_4_n737, F0, i)}
100.0	{(n737->and_not_pi027_4_n737, F0, i)}
100.0	{(not_pi027_4, F0, i)}
100.0	{(not_n791->and_not_n790_not_n791, F1, i)}
