100.0	{(and_not_pi003_1176490_n759, F1, i)}
100.0	{(po040_driver, F1, i)}
100.0	{(and_not_pi003_1176490_n759->po040_driver, F1, i)}
100.0	{(po040_driver->po040, F1, i)}
100.0	{(and_pi025_not_n726, F1, i)}
100.0	{(n727, F1, i)}
100.0	{(and_pi025_not_n726->n727, F1, i)}
100.0	{(and_not_pi129_6782230728490_not_n758, F1, i)}
100.0	{(n759, F1, i)}
100.0	{(and_not_pi129_6782230728490_not_n758->n759, F1, i)}
100.0	{(n759->and_not_pi003_1176490_n759, F1, i)}
100.0	{(and_not_n753_not_n757, F1, i)}
100.0	{(n758, F1, i)}
100.0	{(and_not_n753_not_n757->n758, F1, i)}
100.0	{(not_n758, F1, i)}
100.0	{(n758->not_n758, F1, i)}
100.0	{(not_n758->and_not_pi129_6782230728490_not_n758, F1, i)}
100.0	{(and_not_n735_not_n744, F1, i)}
100.0	{(n745, F1, i)}
100.0	{(and_not_n735_not_n744->n745, F1, i)}
100.0	{(not_n745, F1, i)}
100.0	{(n745->not_n745, F1, i)}
100.0	{(not_n745->and_not_pi053_not_n745, F1, i)}
100.0	{(and_not_n746_not_n751, F1, i)}
100.0	{(n752, F1, i)}
100.0	{(and_not_n746_not_n751->n752, F1, i)}
100.0	{(not_n752, F1, i)}
100.0	{(n752->not_n752, F1, i)}
100.0	{(not_n752->and_not_pi058_not_n752, F1, i)}
100.0	{(and_not_pi058_not_n752, F1, i)}
100.0	{(n753, F1, i)}
100.0	{(and_not_pi058_not_n752->n753, F1, i)}
100.0	{(not_n753, F1, i)}
100.0	{(n753->not_n753, F1, i)}
100.0	{(not_n753->and_not_n753_not_n757, F1, i)}
100.0	{(and_not_pi053_not_n745, F1, i)}
100.0	{(n746, F1, i)}
100.0	{(and_not_pi053_not_n745->n746, F1, i)}
100.0	{(not_n746, F1, i)}
100.0	{(n746->not_n746, F1, i)}
100.0	{(not_n746->and_not_n746_not_n751, F1, i)}
