100.0	{(and_not_pi003_47475615099430_n1234, F1, i)}
100.0	{(po074_driver, F1, i)}
100.0	{(and_not_pi003_47475615099430_n1234->po074_driver, F1, i)}
100.0	{(po074_driver->po074, F1, i)}
100.0	{(and_not_n1227_not_n1229, F1, i)}
100.0	{(n1230, F1, i)}
100.0	{(and_not_n1227_not_n1229->n1230, F1, i)}
100.0	{(not_n1230, F1, i)}
100.0	{(n1230->not_n1230, F1, i)}
100.0	{(not_n1230->and_not_pi026_24010_not_n1230, F1, i)}
100.0	{(and_pi059_not_n1217, F1, i)}
100.0	{(n1218, F1, i)}
100.0	{(and_pi059_not_n1217->n1218, F1, i)}
100.0	{(not_n1218, F1, i)}
100.0	{(n1218->not_n1218, F1, i)}
100.0	{(not_n1218->and_not_n1218_not_n1220, F1, i)}
100.0	{(and_not_n1218_not_n1220, F1, i)}
100.0	{(n1221, F1, i)}
100.0	{(and_not_n1218_not_n1220->n1221, F1, i)}
100.0	{(not_n1221, F1, i)}
100.0	{(n1221->not_n1221, F1, i)}
100.0	{(not_n1221->and_not_pi085_490_not_n1221, F1, i)}
100.0	{(and_not_pi026_24010_not_n1230, F1, i)}
100.0	{(n1231, F1, i)}
100.0	{(and_not_pi026_24010_not_n1230->n1231, F1, i)}
100.0	{(not_n1231, F1, i)}
100.0	{(n1231->not_n1231, F1, i)}
100.0	{(not_n1231->and_not_n1231_not_n1232, F1, i)}
100.0	{(and_not_n1231_not_n1232, F1, i)}
100.0	{(n1233, F1, i)}
100.0	{(and_not_n1231_not_n1232->n1233, F1, i)}
100.0	{(not_n1233, F1, i)}
100.0	{(n1233->not_n1233, F1, i)}
100.0	{(not_n1233->and_not_pi129_7490483309651862334944941026945644936490_not_n1233, F1, i)}
100.0	{(and_not_pi085_490_not_n1221, F1, i)}
100.0	{(n1222, F1, i)}
100.0	{(and_not_pi085_490_not_n1221->n1222, F1, i)}
100.0	{(not_n1222, F1, i)}
100.0	{(n1222->not_n1222, F1, i)}
100.0	{(not_n1222->and_not_n1222_not_n1225, F1, i)}
100.0	{(and_not_pi027_490_not_n1226, F1, i)}
100.0	{(n1227, F1, i)}
100.0	{(and_not_pi027_490_not_n1226->n1227, F1, i)}
100.0	{(not_n1227, F1, i)}
100.0	{(n1227->not_n1227, F1, i)}
100.0	{(not_n1227->and_not_n1227_not_n1229, F1, i)}
100.0	{(and_not_pi129_7490483309651862334944941026945644936490_not_n1233, F1, i)}
100.0	{(n1234, F1, i)}
100.0	{(and_not_pi129_7490483309651862334944941026945644936490_not_n1233->n1234, F1, i)}
100.0	{(n1234->and_not_pi003_47475615099430_n1234, F1, i)}
100.0	{(and_not_n1222_not_n1225, F1, i)}
100.0	{(n1226, F1, i)}
100.0	{(and_not_n1222_not_n1225->n1226, F1, i)}
100.0	{(not_n1226, F1, i)}
100.0	{(n1226->not_n1226, F1, i)}
100.0	{(not_n1226->and_not_pi027_490_not_n1226, F1, i)}
97.3	{(not_n1221, F1, i)}
97.3	{(n1221->not_n1221, F0, i)}
97.3	{(n1221, F0, i)}
97.3	{(and_not_n1218_not_n1220->n1221, F0, i)}
97.3	{(and_not_n1218_not_n1220, F0, i)}
97.3	{(not_n1218->and_not_n1218_not_n1220, F0, i)}
97.3	{(not_n1220->and_not_n1218_not_n1220, F0, i)}
97.3	{(not_n1218, F0, i)}
97.3	{(n1218->not_n1218, F1, i)}
97.3	{(not_n1220, F0, i)}
97.3	{(n1220->not_n1220, F1, i)}
97.3	{(n1218, F1, i)}
97.3	{(and_pi059_not_n1217->n1218, F1, i)}
97.3	{(n1220, F1, i)}
97.3	{(and_pi096_n1219->n1220, F1, i)}
97.3	{(and_pi059_not_n1217, F1, i)}
97.3	{(and_pi096_n1219, F1, i)}
97.3	{(not_n1221->and_not_pi085_490_not_n1221, F1, i)}
