100.0	{(and_not_n903_not_n907, F1, i)}
100.0	{(n908, F1, i)}
100.0	{(and_not_n903_not_n907->n908, F1, i)}
100.0	{(not_n908, F1, i)}
100.0	{(n908->not_n908, F1, i)}
100.0	{(not_n908->and_not_pi129_13410686196639649008070_not_n908, F1, i)}
100.0	{(and_not_pi129_13410686196639649008070_not_n908, F1, i)}
100.0	{(po051_driver, F1, i)}
100.0	{(and_not_pi129_13410686196639649008070_not_n908->po051_driver, F1, i)}
100.0	{(po051_driver->po051, F1, i)}
100.0	{(and_not_pi106_5_not_n906, F1, i)}
100.0	{(n907, F1, i)}
100.0	{(and_not_pi106_5_not_n906->n907, F1, i)}
100.0	{(not_n907, F1, i)}
100.0	{(n907->not_n907, F1, i)}
100.0	{(not_n907->and_not_n903_not_n907, F1, i)}
100.0	{(and_not_n904_not_n905, F1, i)}
100.0	{(n906, F1, i)}
100.0	{(and_not_n904_not_n905->n906, F1, i)}
100.0	{(not_n906, F1, i)}
100.0	{(n906->not_n906, F1, i)}
100.0	{(not_n906->and_not_pi106_5_not_n906, F1, i)}
100.0	{(and_pi036_not_pi109_5, F1, i)}
100.0	{(n905, F1, i)}
100.0	{(and_pi036_not_pi109_5->n905, F1, i)}
100.0	{(not_n905, F1, i)}
100.0	{(n905->not_n905, F1, i)}
100.0	{(not_n905->and_not_n904_not_n905, F1, i)}
