100.0	{(and_not_pi129_19773267430_not_n682, F1, i)}
100.0	{(n683, F1, i)}
100.0	{(and_not_pi129_19773267430_not_n682->n683, F1, i)}
100.0	{(n683->and_not_pi003_168070_n683, F1, i)}
100.0	{(and_not_pi003_168070_n683, F1, i)}
100.0	{(po037_driver, F1, i)}
100.0	{(and_not_pi003_168070_n683->po037_driver, F1, i)}
100.0	{(po037_driver->po037, F1, i)}
100.0	{(and_not_n672_not_n681, F1, i)}
100.0	{(n682, F1, i)}
100.0	{(and_not_n672_not_n681->n682, F1, i)}
100.0	{(not_n682, F1, i)}
100.0	{(n682->not_n682, F1, i)}
100.0	{(not_n682->and_not_pi129_19773267430_not_n682, F1, i)}
100.0	{(and_pi022_not_pi054_168070, F1, i)}
100.0	{(n672, F1, i)}
100.0	{(and_pi022_not_pi054_168070->n672, F1, i)}
100.0	{(not_n672, F1, i)}
100.0	{(n672->not_n672, F1, i)}
100.0	{(not_n672->and_not_n672_not_n681, F1, i)}
