100.0	{(and_not_pi136_1176490_not_n1558, F1, i)}
100.0	{(n1559, F1, i)}
100.0	{(and_not_pi136_1176490_not_n1558->n1559, F1, i)}
100.0	{(not_n1559, F1, i)}
100.0	{(n1559->not_n1559, F1, i)}
100.0	{(not_n1559->and_not_n1555_not_n1559, F1, i)}
100.0	{(or_n1561_n1568, F1, i)}
100.0	{(po123_driver, F1, i)}
100.0	{(or_n1561_n1568->po123_driver, F1, i)}
100.0	{(po123_driver->po123, F1, i)}
100.0	{(and_not_pi067_not_pi138_57648010, F1, i)}
100.0	{(n1557, F1, i)}
100.0	{(and_not_pi067_not_pi138_57648010->n1557, F1, i)}
100.0	{(not_n1557, F1, i)}
100.0	{(n1557->not_n1557, F1, i)}
100.0	{(not_n1557->and_not_n1556_not_n1557, F1, i)}
100.0	{(and_not_pi137_10_not_n1560, F1, i)}
100.0	{(n1561, F1, i)}
100.0	{(and_not_pi137_10_not_n1560->n1561, F1, i)}
100.0	{(n1561->or_n1561_n1568, F1, i)}
100.0	{(and_not_n1555_not_n1559, F1, i)}
100.0	{(n1560, F1, i)}
100.0	{(and_not_n1555_not_n1559->n1560, F1, i)}
100.0	{(not_n1560, F1, i)}
100.0	{(n1560->not_n1560, F1, i)}
100.0	{(not_n1560->and_not_pi137_10_not_n1560, F1, i)}
100.0	{(and_not_n1556_not_n1557, F1, i)}
100.0	{(n1558, F1, i)}
100.0	{(and_not_n1556_not_n1557->n1558, F1, i)}
100.0	{(not_n1558, F1, i)}
100.0	{(n1558->not_n1558, F1, i)}
100.0	{(not_n1558->and_not_pi136_1176490_not_n1558, F1, i)}
100.0	{(not_pi138_57648010, F1, i)}
100.0	{(not_pi138_57648010->and_not_pi067_not_pi138_57648010, F1, i)}
