100.0	{(and_not_pi137_6_not_n1491, F1, i)}
100.0	{(n1492, F1, i)}
100.0	{(and_not_pi137_6_not_n1491->n1492, F1, i)}
100.0	{(not_n1492, F1, i)}
100.0	{(n1492->not_n1492, F1, i)}
100.0	{(not_n1492->and_not_n1488_not_n1492, F1, i)}
100.0	{(or_n1484_n1494, F1, i)}
100.0	{(po118_driver, F1, i)}
100.0	{(or_n1484_n1494->po118_driver, F1, i)}
100.0	{(po118_driver->po118, F1, i)}
100.0	{(and_not_pi074_not_pi136_9, F1, i)}
100.0	{(n1490, F1, i)}
100.0	{(and_not_pi074_not_pi136_9->n1490, F1, i)}
100.0	{(not_n1490, F1, i)}
100.0	{(n1490->not_n1490, F1, i)}
100.0	{(not_n1490->and_not_n1489_not_n1490, F1, i)}
100.0	{(and_not_pi138_9_not_n1493, F1, i)}
100.0	{(n1494, F1, i)}
100.0	{(and_not_pi138_9_not_n1493->n1494, F1, i)}
100.0	{(n1494->or_n1484_n1494, F1, i)}
100.0	{(not_pi136_9, F1, i)}
100.0	{(not_pi136_9->and_not_pi074_not_pi136_9, F1, i)}
100.0	{(and_not_n1489_not_n1490, F1, i)}
100.0	{(n1491, F1, i)}
100.0	{(and_not_n1489_not_n1490->n1491, F1, i)}
100.0	{(not_n1491, F1, i)}
100.0	{(n1491->not_n1491, F1, i)}
100.0	{(not_n1491->and_not_pi137_6_not_n1491, F1, i)}
100.0	{(and_not_n1488_not_n1492, F1, i)}
100.0	{(n1493, F1, i)}
100.0	{(and_not_n1488_not_n1492->n1493, F1, i)}
100.0	{(not_n1493, F1, i)}
100.0	{(n1493->not_n1493, F1, i)}
100.0	{(not_n1493->and_not_pi138_9_not_n1493, F1, i)}
