100.0	{(not_pi045_0, F1, i)}
100.0	{(not_pi045_0->and_not_pi024_0_not_pi045_0, F1, i)}
100.0	{(not_n1090, F1, i)}
100.0	{(n1090->not_n1090, F0, i)}
100.0	{(n1090, F0, i)}
100.0	{(and_pi082_not_n1089->n1090, F0, i)}
100.0	{(and_pi082_not_n1089, F0, i)}
100.0	{(not_n1089->and_pi082_not_n1089, F0, i)}
100.0	{(not_n1089, F0, i)}
100.0	{(n1089->not_n1089, F1, i)}
100.0	{(n1089, F1, i)}
100.0	{(and_n408_n1088->n1089, F1, i)}
100.0	{(and_n408_n1088, F1, i)}
100.0	{(not_n1090->and_not_n379_490_not_n1090, F1, i)}
100.0	{(n1088, F1, i)}
100.0	{(and_n1086_n1087->n1088, F1, i)}
100.0	{(and_n1086_n1087, F1, i)}
100.0	{(n1088->and_n408_n1088, F1, i)}
100.0	{(n1091, F1, i)}
100.0	{(and_not_n379_490_not_n1090->n1091, F1, i)}
100.0	{(and_not_n379_490_not_n1090, F1, i)}
100.0	{(n1091->and_pi062_n1091, F1, i)}
100.0	{(n1087->and_n1086_n1087, F1, i)}
