97.32	{(not_n423, F1, i)}
97.32	{(n423->not_n423, F0, i)}
97.32	{(n423, F0, i)}
97.32	{(and_n418_n422->n423, F0, i)}
97.32	{(and_n418_n422, F0, i)}
97.32	{(n418->and_n418_n422, F0, i)}
97.32	{(n422->and_n418_n422, F0, i)}
97.32	{(n422, F0, i)}
97.32	{(and_n420_n421->n422, F0, i)}
97.32	{(and_n420_n421, F0, i)}
97.32	{(n421->and_n420_n421, F0, i)}
97.32	{(n420->and_n420_n421, F0, i)}
97.32	{(n421, F0, i)}
97.32	{(and_not_pi021_1_n300->n421, F0, i)}
97.32	{(n420, F0, i)}
97.32	{(and_n341_n419->n420, F0, i)}
97.32	{(and_not_pi021_1_n300, F0, i)}
97.32	{(not_pi021_1->and_not_pi021_1_n300, F0, i)}
97.32	{(n300->and_not_pi021_1_n300, F0, i)}
97.32	{(and_n341_n419, F0, i)}
97.32	{(n341->and_n341_n419, F0, i)}
97.32	{(n419->and_n341_n419, F0, i)}
97.32	{(not_pi021_1, F0, i)}
97.32	{(not_n423->and_not_n423_n424, F1, i)}
97.09	{(n418, F0, i)}
97.09	{(and_n347_n417->n418, F0, i)}
97.09	{(and_n347_n417, F0, i)}
97.09	{(n417->and_n347_n417, F0, i)}
97.09	{(n347->and_n347_n417, F0, i)}
96.62	{(n426, F1, i)}
96.62	{(and_pi000_not_pi123->n426, F1, i)}
96.62	{(and_pi000_not_pi123, F1, i)}
96.62	{(n426->and_not_pi113_n426, F1, i)}
96.15	{(n419, F0, i)}
96.15	{(and_not_pi008_2_not_pi017_2->n419, F0, i)}
96.15	{(and_not_pi008_2_not_pi017_2, F0, i)}
96.15	{(not_pi008_2->and_not_pi008_2_not_pi017_2, F0, i)}
96.15	{(not_pi017_2->and_not_pi008_2_not_pi017_2, F0, i)}
96.15	{(not_pi008_2, F0, i)}
96.15	{(not_pi017_2, F0, i)}
96.15	{(not_n428, F1, i)}
96.15	{(n428->not_n428, F0, i)}
96.15	{(n428, F0, i)}
96.15	{(and_not_n425_not_n427->n428, F0, i)}
96.15	{(and_not_n425_not_n427, F0, i)}
96.15	{(not_n427->and_not_n425_not_n427, F0, i)}
96.15	{(not_n425->and_not_n425_not_n427, F0, i)}
96.15	{(not_n427, F0, i)}
96.15	{(n427->not_n427, F1, i)}
96.15	{(not_n425, F0, i)}
96.15	{(n425->not_n425, F1, i)}
96.15	{(n427, F1, i)}
96.15	{(and_not_pi113_n426->n427, F1, i)}
96.15	{(n425, F1, i)}
96.15	{(and_not_n423_n424->n425, F1, i)}
96.15	{(and_not_pi113_n426, F1, i)}
96.15	{(and_not_n423_n424, F1, i)}
96.15	{(not_n428->and_not_pi129_2_not_n428, F1, i)}
90.5	{(po018_driver->po018, F1, i)}
90.5	{(po018_driver, F1, i)}
90.5	{(and_not_pi129_2_not_n428->po018_driver, F1, i)}
90.5	{(and_not_pi129_2_not_n428, F1, i)}
