100.0	{(and_pi054_not_n336, F1, i)}
100.0	{(n337, F1, i)}
100.0	{(and_pi054_not_n336->n337, F1, i)}
100.0	{(not_n337, F1, i)}
100.0	{(n337->not_n337, F1, i)}
100.0	{(not_n337->and_not_n307_not_n337, F1, i)}
100.0	{(and_not_n307_not_n337, F1, i)}
100.0	{(n338, F1, i)}
100.0	{(and_not_n307_not_n337->n338, F1, i)}
100.0	{(not_n338, F1, i)}
100.0	{(n338->not_n338, F1, i)}
100.0	{(not_n338->and_not_pi129_not_n338, F1, i)}
100.0	{(and_not_n309_not_n335, F1, i)}
100.0	{(n336, F1, i)}
100.0	{(and_not_n309_not_n335->n336, F1, i)}
100.0	{(not_n336, F1, i)}
100.0	{(n336->not_n336, F1, i)}
100.0	{(not_n336->and_pi054_not_n336, F1, i)}
100.0	{(or_pi003_not_n339, F1, i)}
100.0	{(po015_driver, F1, i)}
100.0	{(or_pi003_not_n339->po015_driver, F1, i)}
100.0	{(po015_driver->po015, F1, i)}
100.0	{(not_n301, F1, i)}
100.0	{(n301->not_n301, F1, i)}
100.0	{(not_n301->and_not_pi056_0_not_n301, F1, i)}
100.0	{(and_not_pi056_0_not_n301, F1, i)}
100.0	{(n310, F1, i)}
100.0	{(and_not_pi056_0_not_n301->n310, F1, i)}
100.0	{(not_n310, F1, i)}
100.0	{(n310->not_n310, F1, i)}
100.0	{(not_n310->and_not_n310_not_n333, F1, i)}
100.0	{(and_n302_not_n334, F1, i)}
100.0	{(n335, F1, i)}
100.0	{(and_n302_not_n334->n335, F1, i)}
100.0	{(not_n335, F1, i)}
100.0	{(n335->not_n335, F1, i)}
100.0	{(not_n335->and_not_n309_not_n335, F1, i)}
100.0	{(and_not_n310_not_n333, F1, i)}
100.0	{(n334, F1, i)}
100.0	{(and_not_n310_not_n333->n334, F1, i)}
100.0	{(not_n334, F1, i)}
100.0	{(n334->not_n334, F1, i)}
100.0	{(not_n334->and_n302_not_n334, F1, i)}
100.0	{(and_not_pi129_not_n338, F1, i)}
100.0	{(n339, F1, i)}
100.0	{(and_not_pi129_not_n338->n339, F1, i)}
100.0	{(not_n339, F1, i)}
100.0	{(n339->not_n339, F1, i)}
100.0	{(not_n339->or_pi003_not_n339, F1, i)}
