100.0	{(n699->and_n408_n699, F1, i)}
100.0	{(and_n401_n698, F1, i)}
100.0	{(and_not_n696_n711, F1, i)}
100.0	{(po039_driver, F1, i)}
100.0	{(and_not_n696_n711->po039_driver, F1, i)}
100.0	{(po039_driver->po039, F1, i)}
100.0	{(not_n700, F1, i)}
100.0	{(n700->not_n700, F1, i)}
100.0	{(and_not_n703_n710, F1, i)}
100.0	{(n711, F1, i)}
100.0	{(and_not_n703_n710->n711, F1, i)}
100.0	{(n711->and_not_n696_n711, F1, i)}
100.0	{(not_n700->and_pi082_not_n700, F1, i)}
100.0	{(and_n401_n698->n699, F1, i)}
100.0	{(n699, F1, i)}
100.0	{(and_pi063_n702, F1, i)}
100.0	{(n703, F1, i)}
100.0	{(and_pi063_n702->n703, F1, i)}
100.0	{(not_n703, F1, i)}
100.0	{(n703->not_n703, F1, i)}
100.0	{(not_n703->and_not_n703_n710, F1, i)}
100.0	{(and_n408_n699, F1, i)}
100.0	{(and_not_n379_2_not_n701, F1, i)}
100.0	{(n702, F1, i)}
100.0	{(and_not_n379_2_not_n701->n702, F1, i)}
100.0	{(n702->and_pi063_n702, F1, i)}
100.0	{(and_pi082_not_n700, F1, i)}
100.0	{(n701, F1, i)}
100.0	{(and_pi082_not_n700->n701, F1, i)}
100.0	{(not_n701, F1, i)}
100.0	{(n701->not_n701, F1, i)}
100.0	{(not_n701->and_not_n379_2_not_n701, F1, i)}
100.0	{(n700, F1, i)}
100.0	{(n401->and_n401_n698, F1, i)}
100.0	{(and_n408_n699->n700, F1, i)}
