100.0	{(po073_driver->po073, F0, i)}
100.0	{(po073_driver, F0, i)}
100.0	{(and_not_pi085_70_n1212->po073_driver, F0, i)}
100.0	{(and_not_pi085_70_n1212, F0, i)}
100.0	{(n1212->and_not_pi085_70_n1212, F0, i)}
100.0	{(not_pi085_70->and_not_pi085_70_n1212, F0, i)}
100.0	{(n1212, F0, i)}
100.0	{(and_not_pi053_8_n1211->n1212, F0, i)}
100.0	{(not_pi085_70, F0, i)}
100.0	{(and_not_pi053_8_n1211, F0, i)}
100.0	{(n1211->and_not_pi053_8_n1211, F0, i)}
100.0	{(not_pi053_8->and_not_pi053_8_n1211, F0, i)}
100.0	{(n1211, F0, i)}
100.0	{(and_not_pi003_6782230728490_n1210->n1211, F0, i)}
100.0	{(not_pi053_8, F0, i)}
100.0	{(and_not_pi003_6782230728490_n1210, F0, i)}
100.0	{(n1210->and_not_pi003_6782230728490_n1210, F0, i)}
100.0	{(not_pi003_6782230728490->and_not_pi003_6782230728490_n1210, F0, i)}
100.0	{(n1210, F0, i)}
100.0	{(and_not_pi129_1070069044235980333563563003849377848070_not_n1209->n1210, F0, i)}
100.0	{(not_pi003_6782230728490, F0, i)}
100.0	{(and_not_pi129_1070069044235980333563563003849377848070_not_n1209, F0, i)}
100.0	{(not_pi129_1070069044235980333563563003849377848070->and_not_pi129_1070069044235980333563563003849377848070_not_n1209, F0, i)}
100.0	{(not_n1209->and_not_pi129_1070069044235980333563563003849377848070_not_n1209, F0, i)}
100.0	{(not_pi129_1070069044235980333563563003849377848070, F0, i)}
100.0	{(not_n1209, F0, i)}
100.0	{(n1209->not_n1209, F1, i)}
100.0	{(n1209, F1, i)}
100.0	{(and_not_n1205_not_n1208->n1209, F1, i)}
100.0	{(and_not_n1205_not_n1208, F1, i)}
