100.0	{(and_not_pi003_7_n542, F1, i)}
100.0	{(po027_driver, F1, i)}
100.0	{(and_not_pi003_7_n542->po027_driver, F1, i)}
100.0	{(po027_driver->po027, F1, i)}
100.0	{(and_not_n534_not_n540, F1, i)}
100.0	{(n541, F1, i)}
100.0	{(and_not_n534_not_n540->n541, F1, i)}
100.0	{(not_n541, F1, i)}
100.0	{(n541->not_n541, F1, i)}
100.0	{(not_n541->and_not_pi129_70_not_n541, F1, i)}
100.0	{(and_not_pi129_70_not_n541, F1, i)}
100.0	{(n542, F1, i)}
100.0	{(and_not_pi129_70_not_n541->n542, F1, i)}
100.0	{(n542->and_not_pi003_7_n542, F1, i)}
100.0	{(and_n538_n539, F1, i)}
100.0	{(n540, F1, i)}
100.0	{(and_n538_n539->n540, F1, i)}
100.0	{(not_n540, F1, i)}
100.0	{(n540->not_n540, F1, i)}
100.0	{(not_n540->and_not_n534_not_n540, F1, i)}
