100.0	{(and_not_n544_not_n553, F1, i)}
100.0	{(n554, F1, i)}
100.0	{(and_not_n544_not_n553->n554, F1, i)}
100.0	{(not_n554, F1, i)}
100.0	{(n554->not_n554, F1, i)}
100.0	{(not_n554->and_not_pi129_490_not_n554, F1, i)}
100.0	{(and_not_pi129_490_not_n554, F1, i)}
100.0	{(n555, F1, i)}
100.0	{(and_not_pi129_490_not_n554->n555, F1, i)}
100.0	{(n555->and_not_pi003_8_n555, F1, i)}
100.0	{(and_pi013_not_pi054_8, F1, i)}
100.0	{(n544, F1, i)}
100.0	{(and_pi013_not_pi054_8->n544, F1, i)}
100.0	{(not_n544, F1, i)}
100.0	{(n544->not_n544, F1, i)}
100.0	{(not_n544->and_not_n544_not_n553, F1, i)}
100.0	{(and_not_pi003_8_n555, F1, i)}
100.0	{(po028_driver, F1, i)}
100.0	{(and_not_pi003_8_n555->po028_driver, F1, i)}
100.0	{(po028_driver->po028, F1, i)}
