100.0	{(and_not_pi136_24010_not_n1540, F1, i)}
100.0	{(n1541, F1, i)}
100.0	{(and_not_pi136_24010_not_n1540->n1541, F1, i)}
100.0	{(not_n1541, F1, i)}
100.0	{(n1541->not_n1541, F1, i)}
100.0	{(not_n1541->and_not_n1537_not_n1541, F1, i)}
100.0	{(and_not_n1538_not_n1539, F1, i)}
100.0	{(n1540, F1, i)}
100.0	{(and_not_n1538_not_n1539->n1540, F1, i)}
100.0	{(not_n1540, F1, i)}
100.0	{(n1540->not_n1540, F1, i)}
100.0	{(not_n1540->and_not_pi136_24010_not_n1540, F1, i)}
100.0	{(and_not_pi137_9_not_n1542, F1, i)}
100.0	{(n1543, F1, i)}
100.0	{(and_not_pi137_9_not_n1542->n1543, F1, i)}
100.0	{(n1543->or_n1543_n1550, F1, i)}
100.0	{(and_not_n1537_not_n1541, F1, i)}
100.0	{(n1542, F1, i)}
100.0	{(and_not_n1537_not_n1541->n1542, F1, i)}
100.0	{(not_n1542, F1, i)}
100.0	{(n1542->not_n1542, F1, i)}
100.0	{(not_n1542->and_not_pi137_9_not_n1542, F1, i)}
100.0	{(or_n1543_n1550, F1, i)}
100.0	{(po122_driver, F1, i)}
100.0	{(or_n1543_n1550->po122_driver, F1, i)}
100.0	{(po122_driver->po122, F1, i)}
98.68	{(not_n1541, F1, i)}
98.68	{(n1541->not_n1541, F0, i)}
98.68	{(n1541, F0, i)}
98.68	{(and_not_pi136_24010_not_n1540->n1541, F0, i)}
98.68	{(and_not_pi136_24010_not_n1540, F0, i)}
98.68	{(not_pi136_24010->and_not_pi136_24010_not_n1540, F0, i)}
98.68	{(not_n1540->and_not_pi136_24010_not_n1540, F0, i)}
98.68	{(not_pi136_24010, F0, i)}
98.68	{(not_n1540, F0, i)}
98.68	{(n1540->not_n1540, F1, i)}
98.68	{(n1540, F1, i)}
98.68	{(and_not_n1538_not_n1539->n1540, F1, i)}
98.68	{(and_not_n1538_not_n1539, F1, i)}
98.68	{(not_n1541->and_not_n1537_not_n1541, F1, i)}
98.45	{(not_n1538, F1, i)}
98.45	{(n1538->not_n1538, F0, i)}
98.45	{(n1538, F0, i)}
98.45	{(and_not_pi076_not_pi138_168070->n1538, F0, i)}
98.45	{(and_not_pi076_not_pi138_168070, F0, i)}
98.45	{(not_pi076->and_not_pi076_not_pi138_168070, F0, i)}
98.45	{(not_pi138_168070->and_not_pi076_not_pi138_168070, F0, i)}
98.45	{(not_pi076, F0, i)}
98.45	{(not_pi138_168070, F0, i)}
98.45	{(not_n1538->and_not_n1538_not_n1539, F1, i)}
96.13	{(n1543, F0, i)}
96.13	{(and_not_pi137_9_not_n1542->n1543, F0, i)}
96.13	{(and_not_pi137_9_not_n1542, F0, i)}
96.13	{(not_pi137_9->and_not_pi137_9_not_n1542, F0, i)}
96.13	{(not_n1542->and_not_pi137_9_not_n1542, F0, i)}
96.13	{(not_pi137_9, F0, i)}
96.13	{(not_n1542, F0, i)}
96.13	{(n1542->not_n1542, F1, i)}
96.13	{(n1542, F1, i)}
96.13	{(and_not_n1537_not_n1541->n1542, F1, i)}
96.13	{(and_not_n1537_not_n1541, F1, i)}
96.13	{(n1543->or_n1543_n1550, F0, i)}
95.92	{(po122_driver->po122, F0, i)}
95.92	{(po122_driver, F0, i)}
95.92	{(or_n1543_n1550->po122_driver, F0, i)}
95.92	{(or_n1543_n1550, F0, i)}
