100.0	{(and_not_n1473_not_n1477, F1, i)}
100.0	{(n1478, F1, i)}
100.0	{(and_not_n1473_not_n1477->n1478, F1, i)}
100.0	{(not_n1478, F1, i)}
100.0	{(n1478->not_n1478, F1, i)}
100.0	{(not_n1478->and_not_pi138_8_not_n1478, F1, i)}
100.0	{(and_not_n1470_not_n1471, F1, i)}
100.0	{(n1472, F1, i)}
100.0	{(and_not_n1470_not_n1471->n1472, F1, i)}
100.0	{(not_n1472, F1, i)}
100.0	{(n1472->not_n1472, F1, i)}
100.0	{(not_n1472->and_pi137_not_n1472, F1, i)}
100.0	{(and_pi079_not_pi136_6, F1, i)}
100.0	{(n1470, F1, i)}
100.0	{(and_pi079_not_pi136_6->n1470, F1, i)}
100.0	{(not_n1470, F1, i)}
100.0	{(n1470->not_n1470, F1, i)}
100.0	{(not_n1470->and_not_n1470_not_n1471, F1, i)}
100.0	{(or_n1469_n1479, F1, i)}
100.0	{(po117_driver, F1, i)}
100.0	{(or_n1469_n1479->po117_driver, F1, i)}
100.0	{(po117_driver->po117, F1, i)}
100.0	{(and_not_pi138_8_not_n1478, F1, i)}
100.0	{(n1479, F1, i)}
100.0	{(and_not_pi138_8_not_n1478->n1479, F1, i)}
100.0	{(n1479->or_n1469_n1479, F1, i)}
100.0	{(and_pi137_not_n1472, F1, i)}
100.0	{(n1473, F1, i)}
100.0	{(and_pi137_not_n1472->n1473, F1, i)}
100.0	{(not_n1473, F1, i)}
100.0	{(n1473->not_n1473, F1, i)}
100.0	{(not_n1473->and_not_n1473_not_n1477, F1, i)}
