100.0	{(n814, F0, i)}
100.0	{(and_not_pi026_7_not_pi027_7->n814, F0, i)}
100.0	{(and_not_pi026_7_not_pi027_7, F0, i)}
100.0	{(not_pi026_7->and_not_pi026_7_not_pi027_7, F0, i)}
100.0	{(not_pi027_7->and_not_pi026_7_not_pi027_7, F0, i)}
100.0	{(not_pi026_7, F0, i)}
100.0	{(not_pi027_7, F0, i)}
100.0	{(not_n815, F1, i)}
100.0	{(n815->not_n815, F0, i)}
100.0	{(n815, F0, i)}
100.0	{(and_n813_n814->n815, F0, i)}
100.0	{(and_n813_n814, F0, i)}
100.0	{(n814->and_n813_n814, F0, i)}
100.0	{(n813->and_n813_n814, F0, i)}
100.0	{(n813, F0, i)}
100.0	{(and_pi085_not_n812->n813, F0, i)}
100.0	{(and_pi085_not_n812, F0, i)}
100.0	{(not_n812->and_pi085_not_n812, F0, i)}
100.0	{(not_n812, F0, i)}
100.0	{(n812->not_n812, F1, i)}
100.0	{(n812, F1, i)}
100.0	{(and_not_n810_not_n811->n812, F1, i)}
100.0	{(and_not_n810_not_n811, F1, i)}
100.0	{(not_n815->and_not_n809_not_n815, F1, i)}
