100.0	{(n448, F0, i)}
100.0	{(and_not_pi016_0_pi054->n448, F0, i)}
100.0	{(and_not_pi016_0_pi054, F0, i)}
100.0	{(not_pi016_0->and_not_pi016_0_pi054, F0, i)}
100.0	{(not_pi016_0, F0, i)}
100.0	{(not_n454, F1, i)}
100.0	{(n454->not_n454, F0, i)}
100.0	{(n454, F0, i)}
100.0	{(and_n446_n453->n454, F0, i)}
100.0	{(and_n446_n453, F0, i)}
100.0	{(n453->and_n446_n453, F0, i)}
100.0	{(n446->and_n446_n453, F0, i)}
100.0	{(n453, F0, i)}
100.0	{(and_n447_n452->n453, F0, i)}
100.0	{(n446, F0, i)}
100.0	{(and_n444_n445->n446, F0, i)}
100.0	{(and_n447_n452, F0, i)}
100.0	{(n452->and_n447_n452, F0, i)}
100.0	{(n447->and_n447_n452, F0, i)}
100.0	{(and_n444_n445, F0, i)}
100.0	{(n444->and_n444_n445, F0, i)}
100.0	{(n445->and_n444_n445, F0, i)}
100.0	{(n452, F0, i)}
100.0	{(and_n448_n451->n452, F0, i)}
100.0	{(n444, F0, i)}
100.0	{(and_n441_n443->n444, F0, i)}
100.0	{(and_n448_n451, F0, i)}
100.0	{(n451->and_n448_n451, F0, i)}
100.0	{(n448->and_n448_n451, F0, i)}
100.0	{(and_n441_n443, F0, i)}
100.0	{(n441->and_n441_n443, F0, i)}
100.0	{(n443->and_n441_n443, F0, i)}
100.0	{(n451, F0, i)}
100.0	{(and_not_pi005_2_n450->n451, F0, i)}
100.0	{(n441, F0, i)}
100.0	{(and_not_pi007_4_n332->n441, F0, i)}
100.0	{(n443, F0, i)}
100.0	{(and_pi028_n442->n443, F0, i)}
100.0	{(and_not_pi005_2_n450, F0, i)}
100.0	{(n450->and_not_pi005_2_n450, F0, i)}
100.0	{(not_pi005_2->and_not_pi005_2_n450, F0, i)}
100.0	{(and_not_pi007_4_n332, F0, i)}
100.0	{(not_pi007_4->and_not_pi007_4_n332, F0, i)}
100.0	{(n332->and_not_pi007_4_n332, F0, i)}
100.0	{(and_pi028_n442, F0, i)}
100.0	{(n442->and_pi028_n442, F0, i)}
100.0	{(not_pi005_2, F0, i)}
100.0	{(not_pi007_4, F0, i)}
100.0	{(n442, F0, i)}
100.0	{(and_not_pi025_not_pi029->n442, F0, i)}
100.0	{(and_not_pi025_not_pi029, F0, i)}
100.0	{(not_pi029->and_not_pi025_not_pi029, F0, i)}
100.0	{(not_pi025->and_not_pi025_not_pi029, F0, i)}
100.0	{(not_pi029, F0, i)}
100.0	{(not_pi025, F0, i)}
100.0	{(not_n454->and_not_n440_not_n454, F1, i)}
100.0	{(n447, F0, i)}
100.0	{(and_not_pi059_n356->n447, F0, i)}
100.0	{(and_not_pi059_n356, F0, i)}
100.0	{(n356->and_not_pi059_n356, F0, i)}
100.0	{(not_pi059->and_not_pi059_n356, F0, i)}
100.0	{(not_pi059, F0, i)}
100.0	{(po020_driver->po020, F0, i)}
100.0	{(po020_driver, F0, i)}
100.0	{(and_not_pi003_0_n456->po020_driver, F0, i)}
100.0	{(and_not_pi003_0_n456, F0, i)}
100.0	{(not_pi003_0->and_not_pi003_0_n456, F0, i)}
100.0	{(n456->and_not_pi003_0_n456, F0, i)}
100.0	{(not_pi003_0, F0, i)}
100.0	{(n456, F0, i)}
100.0	{(and_not_pi129_4_not_n455->n456, F0, i)}
100.0	{(and_not_pi129_4_not_n455, F0, i)}
100.0	{(not_pi129_4->and_not_pi129_4_not_n455, F0, i)}
100.0	{(not_n455->and_not_pi129_4_not_n455, F0, i)}
100.0	{(not_pi129_4, F0, i)}
100.0	{(not_n455, F0, i)}
100.0	{(n455->not_n455, F1, i)}
100.0	{(n455, F1, i)}
100.0	{(and_not_n440_not_n454->n455, F1, i)}
100.0	{(and_not_n440_not_n454, F1, i)}
