99.23	{(n940->and_n736_n940, F1, i)}
98.65	{(not_n945, F1, i)}
98.65	{(n945->not_n945, F0, i)}
98.65	{(n945, F0, i)}
98.65	{(and_n942_not_n944->n945, F0, i)}
98.65	{(and_n942_not_n944, F0, i)}
98.65	{(n942->and_n942_not_n944, F0, i)}
98.65	{(not_n944->and_n942_not_n944, F0, i)}
98.65	{(n942, F0, i)}
98.65	{(and_not_pi106_7_not_n941->n942, F0, i)}
98.65	{(not_n944, F0, i)}
98.65	{(n944->not_n944, F1, i)}
98.65	{(and_not_pi106_7_not_n941, F0, i)}
98.65	{(not_pi106_7->and_not_pi106_7_not_n941, F0, i)}
98.65	{(not_n941->and_not_pi106_7_not_n941, F0, i)}
98.65	{(n944, F1, i)}
98.65	{(and_pi039_not_n943->n944, F1, i)}
98.65	{(not_pi106_7, F0, i)}
98.65	{(not_n941, F0, i)}
98.65	{(n941->not_n941, F1, i)}
98.65	{(and_pi039_not_n943, F1, i)}
98.65	{(n941, F1, i)}
98.65	{(and_n736_n940->n941, F1, i)}
98.65	{(and_n736_n940, F1, i)}
98.65	{(not_n945->and_not_pi129_4599865365447399609768010_not_n945, F1, i)}
89.22	{(po054_driver->po054, F1, i)}
89.22	{(po054_driver, F1, i)}
89.22	{(and_not_pi129_4599865365447399609768010_not_n945->po054_driver, F1, i)}
89.22	{(and_not_pi129_4599865365447399609768010_not_n945, F1, i)}
