100.0	{(not_n328, F1, i)}
100.0	{(n328->not_n328, F0, i)}
100.0	{(n328, F0, i)}
100.0	{(and_not_n325_not_n327->n328, F0, i)}
100.0	{(and_not_n325_not_n327, F0, i)}
100.0	{(not_n327->and_not_n325_not_n327, F0, i)}
100.0	{(not_n325->and_not_n325_not_n327, F0, i)}
100.0	{(not_n327, F0, i)}
100.0	{(n327->not_n327, F1, i)}
100.0	{(not_n325, F0, i)}
100.0	{(n325->not_n325, F1, i)}
100.0	{(n327, F1, i)}
100.0	{(and_n314_n326->n327, F1, i)}
100.0	{(n325, F1, i)}
100.0	{(and_not_pi010_not_n324->n325, F1, i)}
100.0	{(and_n314_n326, F1, i)}
100.0	{(and_not_pi010_not_n324, F1, i)}
100.0	{(not_n328->and_n301_not_n328, F1, i)}
100.0	{(n329, F1, i)}
100.0	{(and_n301_not_n328->n329, F1, i)}
100.0	{(and_n301_not_n328, F1, i)}
100.0	{(n329->and_n300_n329, F1, i)}
