100.0	{(po026_driver->po026, F0, i)}
100.0	{(po026_driver, F0, i)}
100.0	{(and_not_pi003_6_n532->po026_driver, F0, i)}
100.0	{(and_not_pi003_6_n532, F0, i)}
100.0	{(n532->and_not_pi003_6_n532, F0, i)}
100.0	{(not_pi003_6->and_not_pi003_6_n532, F0, i)}
100.0	{(n532, F0, i)}
100.0	{(and_not_pi129_10_not_n531->n532, F0, i)}
100.0	{(not_pi003_6, F0, i)}
100.0	{(and_not_pi129_10_not_n531, F0, i)}
100.0	{(not_pi129_10->and_not_pi129_10_not_n531, F0, i)}
100.0	{(not_n531->and_not_pi129_10_not_n531, F0, i)}
100.0	{(not_pi129_10, F0, i)}
100.0	{(not_n531, F0, i)}
100.0	{(n531->not_n531, F1, i)}
100.0	{(n531, F1, i)}
100.0	{(and_not_n523_not_n530->n531, F1, i)}
100.0	{(and_not_n523_not_n530, F1, i)}
100.0	{(not_n523, F1, i)}
100.0	{(n523->not_n523, F0, i)}
100.0	{(n523, F0, i)}
100.0	{(and_pi011_not_pi054_6->n523, F0, i)}
100.0	{(and_pi011_not_pi054_6, F0, i)}
100.0	{(not_pi054_6->and_pi011_not_pi054_6, F0, i)}
100.0	{(not_pi054_6, F0, i)}
100.0	{(not_n523->and_not_n523_not_n530, F1, i)}
