100.0	{(not_n375, F1, i)}
100.0	{(n375->not_n375, F0, i)}
100.0	{(n375, F0, i)}
100.0	{(and_n344_n374->n375, F0, i)}
100.0	{(and_n344_n374, F0, i)}
100.0	{(n344->and_n344_n374, F0, i)}
100.0	{(n374->and_n344_n374, F0, i)}
100.0	{(n374, F0, i)}
100.0	{(and_n354_n373->n374, F0, i)}
100.0	{(and_n354_n373, F0, i)}
100.0	{(n373->and_n354_n373, F0, i)}
100.0	{(n354->and_n354_n373, F0, i)}
100.0	{(n373, F0, i)}
100.0	{(and_n356_n372->n373, F0, i)}
100.0	{(and_n356_n372, F0, i)}
100.0	{(n356->and_n356_n372, F0, i)}
100.0	{(n372->and_n356_n372, F0, i)}
100.0	{(n372, F0, i)}
100.0	{(and_n300_not_n371->n372, F0, i)}
100.0	{(and_n300_not_n371, F0, i)}
100.0	{(n300->and_n300_not_n371, F0, i)}
100.0	{(not_n371->and_n300_not_n371, F0, i)}
100.0	{(not_n371, F0, i)}
100.0	{(n371->not_n371, F1, i)}
100.0	{(n371, F1, i)}
100.0	{(and_not_n368_not_n370->n371, F1, i)}
100.0	{(and_not_n368_not_n370, F1, i)}
100.0	{(not_n375->and_not_n353_not_n375, F1, i)}
