100.0	{(n726, F0, i)}
100.0	{(and_not_pi110_0_not_n725->n726, F0, i)}
100.0	{(and_not_pi110_0_not_n725, F0, i)}
100.0	{(not_pi110_0->and_not_pi110_0_not_n725, F0, i)}
100.0	{(not_n725->and_not_pi110_0_not_n725, F0, i)}
100.0	{(not_pi110_0, F0, i)}
100.0	{(not_n725, F0, i)}
100.0	{(n725->not_n725, F1, i)}
100.0	{(not_n1220, F1, i)}
100.0	{(n1220->not_n1220, F0, i)}
100.0	{(n1220, F0, i)}
100.0	{(and_pi096_n1219->n1220, F0, i)}
100.0	{(and_pi096_n1219, F0, i)}
100.0	{(n1219->and_pi096_n1219, F0, i)}
100.0	{(n1219, F0, i)}
100.0	{(and_n726_n787->n1219, F0, i)}
100.0	{(and_n726_n787, F0, i)}
100.0	{(n726->and_n726_n787, F0, i)}
100.0	{(n787->and_n726_n787, F0, i)}
100.0	{(not_n1220->and_not_n1218_not_n1220, F1, i)}
