100.0	{(and_not_pi003_403536070_n827, F1, i)}
100.0	{(po043_driver, F1, i)}
100.0	{(and_not_pi003_403536070_n827->po043_driver, F1, i)}
100.0	{(po043_driver->po043, F1, i)}
100.0	{(and_not_pi027_8_pi028, F1, i)}
100.0	{(n818, F1, i)}
100.0	{(and_not_pi027_8_pi028->n818, F1, i)}
100.0	{(n818->and_not_pi116_4_n818, F1, i)}
100.0	{(and_not_pi116_4_n818, F1, i)}
100.0	{(n819, F1, i)}
100.0	{(and_not_pi116_4_n818->n819, F1, i)}
100.0	{(and_not_n823_not_n825, F1, i)}
100.0	{(n826, F1, i)}
100.0	{(and_not_n823_not_n825->n826, F1, i)}
100.0	{(not_n826, F1, i)}
100.0	{(n826->not_n826, F1, i)}
100.0	{(not_n826->and_not_pi129_2326305139872070_not_n826, F1, i)}
100.0	{(and_not_pi129_2326305139872070_not_n826, F1, i)}
100.0	{(n827, F1, i)}
100.0	{(and_not_pi129_2326305139872070_not_n826->n827, F1, i)}
100.0	{(n827->and_not_pi003_403536070_n827, F1, i)}
