100.0	{(and_not_pi136_24010_not_n1540, F1, i)}
100.0	{(n1541, F1, i)}
100.0	{(and_not_pi136_24010_not_n1540->n1541, F1, i)}
100.0	{(not_n1541, F1, i)}
100.0	{(n1541->not_n1541, F1, i)}
100.0	{(not_n1541->and_not_n1537_not_n1541, F1, i)}
100.0	{(or_n1543_n1550, F1, i)}
100.0	{(po122_driver, F1, i)}
100.0	{(or_n1543_n1550->po122_driver, F1, i)}
100.0	{(po122_driver->po122, F1, i)}
100.0	{(and_not_n1538_not_n1539, F1, i)}
100.0	{(n1540, F1, i)}
100.0	{(and_not_n1538_not_n1539->n1540, F1, i)}
100.0	{(not_n1540, F1, i)}
100.0	{(n1540->not_n1540, F1, i)}
100.0	{(not_n1540->and_not_pi136_24010_not_n1540, F1, i)}
100.0	{(and_not_pi076_not_pi138_168070, F1, i)}
100.0	{(n1538, F1, i)}
100.0	{(and_not_pi076_not_pi138_168070->n1538, F1, i)}
100.0	{(not_n1538, F1, i)}
100.0	{(n1538->not_n1538, F1, i)}
100.0	{(not_n1538->and_not_n1538_not_n1539, F1, i)}
100.0	{(and_not_n1537_not_n1541, F1, i)}
100.0	{(n1542, F1, i)}
100.0	{(and_not_n1537_not_n1541->n1542, F1, i)}
100.0	{(not_n1542, F1, i)}
100.0	{(n1542->not_n1542, F1, i)}
100.0	{(not_n1542->and_not_pi137_9_not_n1542, F1, i)}
100.0	{(and_not_pi137_9_not_n1542, F1, i)}
100.0	{(n1543, F1, i)}
100.0	{(and_not_pi137_9_not_n1542->n1543, F1, i)}
100.0	{(n1543->or_n1543_n1550, F1, i)}
