100.0	{(not_n519, F1, i)}
100.0	{(n519->not_n519, F0, i)}
100.0	{(n519, F0, i)}
100.0	{(and_n514_n518->n519, F0, i)}
100.0	{(and_n514_n518, F0, i)}
100.0	{(n514->and_n514_n518, F0, i)}
100.0	{(n518->and_n514_n518, F0, i)}
100.0	{(n514, F0, i)}
100.0	{(and_n503_n513->n514, F0, i)}
100.0	{(n518, F0, i)}
100.0	{(and_n515_n517->n518, F0, i)}
100.0	{(and_n503_n513, F0, i)}
100.0	{(n513->and_n503_n513, F0, i)}
100.0	{(n503->and_n503_n513, F0, i)}
100.0	{(and_n515_n517, F0, i)}
100.0	{(n515->and_n515_n517, F0, i)}
100.0	{(n517->and_n515_n517, F0, i)}
100.0	{(n513, F0, i)}
100.0	{(and_n448_n512->n513, F0, i)}
100.0	{(n517, F0, i)}
100.0	{(and_n322_n516->n517, F0, i)}
100.0	{(and_n448_n512, F0, i)}
100.0	{(n512->and_n448_n512, F0, i)}
100.0	{(n448->and_n448_n512, F0, i)}
100.0	{(and_n322_n516, F0, i)}
100.0	{(n516->and_n322_n516, F0, i)}
100.0	{(n322->and_n322_n516, F0, i)}
100.0	{(n512, F0, i)}
100.0	{(and_not_pi010_1_n449->n512, F0, i)}
100.0	{(n516, F0, i)}
100.0	{(and_not_pi009_3_not_pi022_2->n516, F0, i)}
100.0	{(and_not_pi010_1_n449, F0, i)}
100.0	{(not_pi010_1->and_not_pi010_1_n449, F0, i)}
100.0	{(n449->and_not_pi010_1_n449, F0, i)}
100.0	{(and_not_pi009_3_not_pi022_2, F0, i)}
100.0	{(not_pi022_2->and_not_pi009_3_not_pi022_2, F0, i)}
100.0	{(not_pi009_3->and_not_pi009_3_not_pi022_2, F0, i)}
100.0	{(not_pi010_1, F0, i)}
100.0	{(not_pi022_2, F0, i)}
100.0	{(not_pi009_3, F0, i)}
100.0	{(not_n519->and_not_n511_not_n519, F1, i)}
100.0	{(n448, F0, i)}
100.0	{(and_not_pi016_0_pi054->n448, F0, i)}
100.0	{(and_not_pi016_0_pi054, F0, i)}
100.0	{(not_pi016_0->and_not_pi016_0_pi054, F0, i)}
100.0	{(not_pi016_0, F0, i)}
100.0	{(po025_driver->po025, F0, i)}
100.0	{(po025_driver, F0, i)}
100.0	{(and_not_pi003_5_n521->po025_driver, F0, i)}
100.0	{(and_not_pi003_5_n521, F0, i)}
100.0	{(n521->and_not_pi003_5_n521, F0, i)}
100.0	{(not_pi003_5->and_not_pi003_5_n521, F0, i)}
100.0	{(n521, F0, i)}
100.0	{(and_not_pi129_9_not_n520->n521, F0, i)}
100.0	{(not_pi003_5, F0, i)}
100.0	{(and_not_pi129_9_not_n520, F0, i)}
100.0	{(not_pi129_9->and_not_pi129_9_not_n520, F0, i)}
100.0	{(not_n520->and_not_pi129_9_not_n520, F0, i)}
100.0	{(not_pi129_9, F0, i)}
100.0	{(not_n520, F0, i)}
100.0	{(n520->not_n520, F1, i)}
100.0	{(n520, F1, i)}
100.0	{(and_not_n511_not_n519->n520, F1, i)}
100.0	{(and_not_n511_not_n519, F1, i)}
