100.0	{(not_pi008_0, F1, i)}
100.0	{(not_pi008_0->and_not_pi008_0_not_pi021_0, F1, i)}
100.0	{(n311, F1, i)}
100.0	{(and_not_pi008_0_not_pi021_0->n311, F1, i)}
100.0	{(and_not_pi008_0_not_pi021_0, F1, i)}
100.0	{(not_n315, F1, i)}
100.0	{(n315->not_n315, F0, i)}
100.0	{(n315, F0, i)}
100.0	{(and_pi007_not_n311->n315, F0, i)}
100.0	{(and_pi007_not_n311, F0, i)}
100.0	{(not_n311->and_pi007_not_n311, F0, i)}
100.0	{(not_n311, F0, i)}
100.0	{(n311->not_n311, F1, i)}
100.0	{(not_n315->and_not_n314_not_n315, F1, i)}
100.0	{(not_n320, F1, i)}
100.0	{(n320->not_n320, F0, i)}
100.0	{(n320, F0, i)}
100.0	{(and_not_n313_not_n319->n320, F0, i)}
100.0	{(and_not_n313_not_n319, F0, i)}
100.0	{(not_n319->and_not_n313_not_n319, F0, i)}
100.0	{(not_n313->and_not_n313_not_n319, F0, i)}
100.0	{(not_n319, F0, i)}
100.0	{(n319->not_n319, F1, i)}
100.0	{(not_n313, F0, i)}
100.0	{(n313->not_n313, F1, i)}
100.0	{(n319, F1, i)}
100.0	{(and_n316_n318->n319, F1, i)}
100.0	{(n313, F1, i)}
100.0	{(and_n311_n312->n313, F1, i)}
100.0	{(and_n316_n318, F1, i)}
100.0	{(and_n311_n312, F1, i)}
100.0	{(not_n320->and_not_pi014_0_not_n320, F1, i)}
100.0	{(n316, F1, i)}
100.0	{(and_not_n314_not_n315->n316, F1, i)}
100.0	{(and_not_n314_not_n315, F1, i)}
100.0	{(n316->and_n316_n318, F1, i)}
