100.0	{(not_n1342, F1, i)}
100.0	{(n1342->not_n1342, F0, i)}
100.0	{(n1342, F0, i)}
100.0	{(and_pi082_not_n1325_3->n1342, F0, i)}
100.0	{(and_pi082_not_n1325_3, F0, i)}
100.0	{(not_n1325_3->and_pi082_not_n1325_3, F0, i)}
100.0	{(not_n1325_3, F0, i)}
100.0	{(n1325->not_n1325_3, F1, i)}
100.0	{(not_n1342->and_not_n1342_not_n1343, F1, i)}
100.0	{(po097_driver->po097, F0, i)}
100.0	{(po097_driver, F0, i)}
100.0	{(and_not_pi129_881247870897231951843937366879128181133112010_not_n1344->po097_driver, F0, i)}
100.0	{(and_not_pi129_881247870897231951843937366879128181133112010_not_n1344, F0, i)}
100.0	{(not_pi129_881247870897231951843937366879128181133112010->and_not_pi129_881247870897231951843937366879128181133112010_not_n1344, F0, i)}
100.0	{(not_n1344->and_not_pi129_881247870897231951843937366879128181133112010_not_n1344, F0, i)}
100.0	{(not_pi129_881247870897231951843937366879128181133112010, F0, i)}
100.0	{(not_n1344, F0, i)}
100.0	{(n1344->not_n1344, F1, i)}
100.0	{(n1344, F1, i)}
100.0	{(and_not_n1342_not_n1343->n1344, F1, i)}
100.0	{(and_not_n1342_not_n1343, F1, i)}
