96.98	{(n538, F1, i)}
96.98	{(and_n536_n537->n538, F1, i)}
96.98	{(and_n536_n537, F1, i)}
96.98	{(n538->and_n538_n539, F1, i)}
89.32	{(not_n541, F1, i)}
89.32	{(n541->not_n541, F0, i)}
89.32	{(n541, F0, i)}
89.32	{(and_not_n534_not_n540->n541, F0, i)}
89.32	{(and_not_n534_not_n540, F0, i)}
89.32	{(not_n534->and_not_n534_not_n540, F0, i)}
89.32	{(not_n540->and_not_n534_not_n540, F0, i)}
89.32	{(not_n534, F0, i)}
89.32	{(n534->not_n534, F1, i)}
89.32	{(not_n540, F0, i)}
89.32	{(n540->not_n540, F1, i)}
89.32	{(n534, F1, i)}
89.32	{(and_pi012_not_pi054_7->n534, F1, i)}
89.32	{(n540, F1, i)}
89.32	{(and_n538_n539->n540, F1, i)}
89.32	{(and_pi012_not_pi054_7, F1, i)}
89.32	{(and_n538_n539, F1, i)}
89.32	{(not_n541->and_not_pi129_70_not_n541, F1, i)}
84.44	{(n542, F1, i)}
84.44	{(and_not_pi129_70_not_n541->n542, F1, i)}
84.44	{(and_not_pi129_70_not_n541, F1, i)}
84.44	{(n542->and_not_pi003_7_n542, F1, i)}
81.8	{(po027_driver->po027, F1, i)}
81.8	{(po027_driver, F1, i)}
81.8	{(and_not_pi003_7_n542->po027_driver, F1, i)}
81.8	{(and_not_pi003_7_n542, F1, i)}
