94.12	{(not_n908, F1, i)}
94.12	{(n908->not_n908, F0, i)}
94.12	{(n908, F0, i)}
94.12	{(and_not_n903_not_n907->n908, F0, i)}
94.12	{(and_not_n903_not_n907, F0, i)}
94.12	{(not_n903->and_not_n903_not_n907, F0, i)}
94.12	{(not_n907->and_not_n903_not_n907, F0, i)}
94.12	{(not_n903, F0, i)}
94.12	{(n903->not_n903, F1, i)}
94.12	{(not_n907, F0, i)}
94.12	{(n907->not_n907, F1, i)}
94.12	{(n903, F1, i)}
94.12	{(and_pi098_pi106->n903, F1, i)}
94.12	{(n907, F1, i)}
94.12	{(and_not_pi106_5_not_n906->n907, F1, i)}
94.12	{(and_pi098_pi106, F1, i)}
94.12	{(and_not_pi106_5_not_n906, F1, i)}
94.12	{(not_n908->and_not_pi129_13410686196639649008070_not_n908, F1, i)}
85.48	{(po051_driver->po051, F1, i)}
85.48	{(po051_driver, F1, i)}
85.48	{(and_not_pi129_13410686196639649008070_not_n908->po051_driver, F1, i)}
85.48	{(and_not_pi129_13410686196639649008070_not_n908, F1, i)}
