100.0	{(not_pi044, F1, i)}
100.0	{(not_pi044->and_not_pi042_not_pi044, F1, i)}
100.0	{(n958, F1, i)}
100.0	{(and_not_n379_4_not_n957->n958, F1, i)}
100.0	{(and_not_n379_4_not_n957, F1, i)}
100.0	{(n958->and_pi073_n958, F1, i)}
100.0	{(n954, F1, i)}
100.0	{(and_n388_n390->n954, F1, i)}
100.0	{(and_n388_n390, F1, i)}
100.0	{(n954->and_n638_n954, F1, i)}
100.0	{(not_n957, F1, i)}
100.0	{(n957->not_n957, F0, i)}
100.0	{(n957, F0, i)}
100.0	{(and_pi082_not_n956->n957, F0, i)}
100.0	{(and_pi082_not_n956, F0, i)}
100.0	{(not_n956->and_pi082_not_n956, F0, i)}
100.0	{(not_n956, F0, i)}
100.0	{(n956->not_n956, F1, i)}
100.0	{(n956, F1, i)}
100.0	{(and_n927_n955->n956, F1, i)}
100.0	{(and_n927_n955, F1, i)}
100.0	{(not_n957->and_not_n379_4_not_n957, F1, i)}
100.0	{(not_pi040_2, F1, i)}
100.0	{(not_pi040_2->and_not_pi040_2_not_n952, F1, i)}
100.0	{(n955, F1, i)}
100.0	{(and_n638_n954->n955, F1, i)}
100.0	{(and_n638_n954, F1, i)}
100.0	{(n955->and_n927_n955, F1, i)}
100.0	{(n390->and_n390_n960, F1, i)}
100.0	{(n390->and_n388_n390, F1, i)}
