100.0	{(not_n715, F1, i)}
100.0	{(n715->not_n715, F0, i)}
100.0	{(n715, F0, i)}
100.0	{(and_not_pi096_n714->n715, F0, i)}
100.0	{(and_not_pi096_n714, F0, i)}
100.0	{(n714->and_not_pi096_n714, F0, i)}
100.0	{(not_pi096->and_not_pi096_n714, F0, i)}
100.0	{(n714, F0, i)}
100.0	{(and_not_pi085_not_pi110->n714, F0, i)}
100.0	{(not_pi096, F0, i)}
100.0	{(and_not_pi085_not_pi110, F0, i)}
100.0	{(not_pi110->and_not_pi085_not_pi110, F0, i)}
100.0	{(not_pi085->and_not_pi085_not_pi110, F0, i)}
100.0	{(not_pi110, F0, i)}
100.0	{(not_pi085, F0, i)}
100.0	{(not_n715->and_not_n713_not_n715, F1, i)}
100.0	{(not_n717, F1, i)}
100.0	{(n717->not_n717, F0, i)}
100.0	{(n717, F0, i)}
100.0	{(and_pi100_not_n716->n717, F0, i)}
100.0	{(and_pi100_not_n716, F0, i)}
100.0	{(not_n716->and_pi100_not_n716, F0, i)}
100.0	{(not_n716, F0, i)}
100.0	{(n716->not_n716, F1, i)}
100.0	{(n716, F1, i)}
100.0	{(and_not_n713_not_n715->n716, F1, i)}
100.0	{(and_not_n713_not_n715, F1, i)}
100.0	{(not_n717->and_not_n717_not_n719, F1, i)}
100.0	{(not_n721, F1, i)}
100.0	{(n721->not_n721, F0, i)}
100.0	{(n721, F0, i)}
100.0	{(and_not_pi026_not_n720->n721, F0, i)}
100.0	{(and_not_pi026_not_n720, F0, i)}
100.0	{(not_pi026->and_not_pi026_not_n720, F0, i)}
100.0	{(not_n720->and_not_pi026_not_n720, F0, i)}
100.0	{(not_pi026, F0, i)}
100.0	{(not_n720, F0, i)}
100.0	{(n720->not_n720, F1, i)}
100.0	{(n720, F1, i)}
100.0	{(and_not_n717_not_n719->n720, F1, i)}
100.0	{(and_not_n717_not_n719, F1, i)}
100.0	{(not_n721->and_not_n721_not_n733, F1, i)}
100.0	{(not_n735, F1, i)}
100.0	{(n735->not_n735, F0, i)}
100.0	{(n735, F0, i)}
100.0	{(and_not_pi027_not_n734->n735, F0, i)}
100.0	{(and_not_pi027_not_n734, F0, i)}
100.0	{(not_pi027->and_not_pi027_not_n734, F0, i)}
100.0	{(not_n734->and_not_pi027_not_n734, F0, i)}
100.0	{(not_pi027, F0, i)}
100.0	{(not_n734, F0, i)}
100.0	{(n734->not_n734, F1, i)}
100.0	{(n734, F1, i)}
100.0	{(and_not_n721_not_n733->n734, F1, i)}
100.0	{(and_not_n721_not_n733, F1, i)}
100.0	{(not_n735->and_not_n735_not_n744, F1, i)}
