94.63	{(not_n720, F1, i)}
94.63	{(n720->not_n720, F0, i)}
94.63	{(n720, F0, i)}
94.63	{(and_not_n717_not_n719->n720, F0, i)}
94.63	{(and_not_n717_not_n719, F0, i)}
94.63	{(not_n719->and_not_n717_not_n719, F0, i)}
94.63	{(not_n717->and_not_n717_not_n719, F0, i)}
94.63	{(not_n719, F0, i)}
94.63	{(n719->not_n719, F1, i)}
94.63	{(not_n717, F0, i)}
94.63	{(n717->not_n717, F1, i)}
94.63	{(n719, F1, i)}
94.63	{(and_pi085_n718->n719, F1, i)}
94.63	{(n717, F1, i)}
94.63	{(and_pi100_not_n716->n717, F1, i)}
94.63	{(and_pi085_n718, F1, i)}
94.63	{(and_pi100_not_n716, F1, i)}
94.63	{(not_n720->and_not_pi026_not_n720, F1, i)}
94.17	{(not_n734, F1, i)}
94.17	{(n734->not_n734, F0, i)}
94.17	{(n734, F0, i)}
94.17	{(and_not_n721_not_n733->n734, F0, i)}
94.17	{(and_not_n721_not_n733, F0, i)}
94.17	{(not_n721->and_not_n721_not_n733, F0, i)}
94.17	{(not_n733->and_not_n721_not_n733, F0, i)}
94.17	{(not_n721, F0, i)}
94.17	{(n721->not_n721, F1, i)}
94.17	{(not_n733, F0, i)}
94.17	{(n733->not_n733, F1, i)}
94.17	{(n721, F1, i)}
94.17	{(and_not_pi026_not_n720->n721, F1, i)}
94.17	{(n733, F1, i)}
94.17	{(and_not_pi085_0_not_n732->n733, F1, i)}
94.17	{(and_not_pi026_not_n720, F1, i)}
94.17	{(and_not_pi085_0_not_n732, F1, i)}
94.17	{(not_n734->and_not_pi027_not_n734, F1, i)}
92.16	{(not_n745, F1, i)}
92.16	{(n745->not_n745, F0, i)}
92.16	{(n745, F0, i)}
92.16	{(and_not_n735_not_n744->n745, F0, i)}
92.16	{(and_not_n735_not_n744, F0, i)}
92.16	{(not_n744->and_not_n735_not_n744, F0, i)}
92.16	{(not_n735->and_not_n735_not_n744, F0, i)}
92.16	{(not_n744, F0, i)}
92.16	{(n744->not_n744, F1, i)}
92.16	{(not_n735, F0, i)}
92.16	{(n735->not_n735, F1, i)}
92.16	{(n744, F1, i)}
92.16	{(and_not_n742_n743->n744, F1, i)}
92.16	{(n735, F1, i)}
92.16	{(and_not_pi027_not_n734->n735, F1, i)}
92.16	{(and_not_n742_n743, F1, i)}
92.16	{(and_not_pi027_not_n734, F1, i)}
92.16	{(not_n745->and_not_pi053_not_n745, F1, i)}
91.08	{(not_n752, F1, i)}
91.08	{(n752->not_n752, F0, i)}
91.08	{(n752, F0, i)}
91.08	{(and_not_n746_not_n751->n752, F0, i)}
91.08	{(and_not_n746_not_n751, F0, i)}
91.08	{(not_n751->and_not_n746_not_n751, F0, i)}
91.08	{(not_n746->and_not_n746_not_n751, F0, i)}
91.08	{(not_n751, F0, i)}
91.08	{(n751->not_n751, F1, i)}
91.08	{(not_n746, F0, i)}
91.08	{(n746->not_n746, F1, i)}
91.08	{(n751, F1, i)}
91.08	{(and_n748_n750->n751, F1, i)}
91.08	{(n746, F1, i)}
91.08	{(and_not_pi053_not_n745->n746, F1, i)}
91.08	{(and_n748_n750, F1, i)}
91.08	{(and_not_pi053_not_n745, F1, i)}
91.08	{(not_n752->and_not_pi058_not_n752, F1, i)}
88.99	{(not_n758, F1, i)}
88.99	{(n758->not_n758, F0, i)}
88.99	{(n758, F0, i)}
88.99	{(and_not_n753_not_n757->n758, F0, i)}
88.99	{(and_not_n753_not_n757, F0, i)}
88.99	{(not_n753->and_not_n753_not_n757, F0, i)}
88.99	{(not_n757->and_not_n753_not_n757, F0, i)}
88.99	{(not_n753, F0, i)}
88.99	{(n753->not_n753, F1, i)}
88.99	{(not_n757, F0, i)}
88.99	{(n757->not_n757, F1, i)}
88.99	{(n753, F1, i)}
88.99	{(and_not_pi058_not_n752->n753, F1, i)}
88.99	{(n757, F1, i)}
88.99	{(and_n748_n756->n757, F1, i)}
88.99	{(and_not_pi058_not_n752, F1, i)}
88.99	{(and_n748_n756, F1, i)}
88.99	{(not_n758->and_not_pi129_6782230728490_not_n758, F1, i)}
84.35	{(n759, F1, i)}
84.35	{(and_not_pi129_6782230728490_not_n758->n759, F1, i)}
84.35	{(and_not_pi129_6782230728490_not_n758, F1, i)}
84.35	{(n759->and_not_pi003_1176490_n759, F1, i)}
82.2	{(po040_driver->po040, F1, i)}
82.2	{(po040_driver, F1, i)}
82.2	{(and_not_pi003_1176490_n759->po040_driver, F1, i)}
82.2	{(and_not_pi003_1176490_n759, F1, i)}
