100.0	{(and_not_n1119_not_n1123, F1, i)}
100.0	{(n1124, F1, i)}
100.0	{(and_not_n1119_not_n1123->n1124, F1, i)}
100.0	{(not_n1124, F1, i)}
100.0	{(n1124->not_n1124, F1, i)}
100.0	{(not_n1124->and_not_pi050_4_not_n1124, F1, i)}
100.0	{(and_not_n1125_n1134, F1, i)}
100.0	{(po065_driver, F1, i)}
100.0	{(and_not_n1125_n1134->po065_driver, F1, i)}
100.0	{(po065_driver->po065, F1, i)}
100.0	{(and_n379_not_n1122, F1, i)}
100.0	{(n1123, F1, i)}
100.0	{(and_n379_not_n1122->n1123, F1, i)}
100.0	{(not_n1123, F1, i)}
100.0	{(n1123->not_n1123, F1, i)}
100.0	{(not_n1123->and_not_n1119_not_n1123, F1, i)}
100.0	{(and_not_pi050_4_not_n1124, F1, i)}
100.0	{(n1125, F1, i)}
100.0	{(and_not_pi050_4_not_n1124->n1125, F1, i)}
100.0	{(not_n1125, F1, i)}
100.0	{(n1125->not_n1125, F1, i)}
100.0	{(not_n1125->and_not_n1125_n1134, F1, i)}
