92.1	{(not_n781, F1, i)}
92.1	{(n781->not_n781, F0, i)}
92.1	{(n781, F0, i)}
92.1	{(and_not_n779_not_n780->n781, F0, i)}
92.1	{(and_not_n779_not_n780, F0, i)}
92.1	{(not_n780->and_not_n779_not_n780, F0, i)}
92.1	{(not_n779->and_not_n779_not_n780, F0, i)}
92.1	{(not_n780, F0, i)}
92.1	{(n780->not_n780, F1, i)}
92.1	{(not_n779, F0, i)}
92.1	{(n779->not_n779, F1, i)}
92.1	{(n780, F1, i)}
92.1	{(and_not_pi027_3_n713->n780, F1, i)}
92.1	{(n779, F1, i)}
92.1	{(and_n776_n778->n779, F1, i)}
92.1	{(and_not_pi027_3_n713, F1, i)}
92.1	{(and_n776_n778, F1, i)}
92.1	{(not_n781->and_not_pi100_0_not_n781, F1, i)}
90.75	{(not_n784, F1, i)}
90.75	{(n784->not_n784, F0, i)}
90.75	{(n784, F0, i)}
90.75	{(and_not_n782_not_n783->n784, F0, i)}
90.75	{(and_not_n782_not_n783, F0, i)}
90.75	{(not_n783->and_not_n782_not_n783, F0, i)}
90.75	{(not_n782->and_not_n782_not_n783, F0, i)}
90.75	{(not_n783, F0, i)}
90.75	{(n783->not_n783, F1, i)}
90.75	{(not_n782, F0, i)}
90.75	{(n782->not_n782, F1, i)}
90.75	{(n783, F1, i)}
90.75	{(and_pi027_n768->n783, F1, i)}
90.75	{(n782, F1, i)}
90.75	{(and_not_pi100_0_not_n781->n782, F1, i)}
90.75	{(and_pi027_n768, F1, i)}
90.75	{(and_not_pi100_0_not_n781, F1, i)}
90.75	{(not_n784->and_not_pi129_332329305696010_not_n784, F1, i)}
86.54	{(n785, F1, i)}
86.54	{(and_not_pi129_332329305696010_not_n784->n785, F1, i)}
86.54	{(and_not_pi129_332329305696010_not_n784, F1, i)}
86.54	{(n785->and_not_pi003_57648010_n785, F1, i)}
84.97	{(n786, F1, i)}
84.97	{(and_not_pi003_57648010_n785->n786, F1, i)}
84.97	{(and_not_pi003_57648010_n785, F1, i)}
84.97	{(n786->and_n786_n788, F1, i)}
80.22	{(po042_driver->po042, F1, i)}
80.22	{(po042_driver, F1, i)}
80.22	{(and_n786_n788->po042_driver, F1, i)}
80.22	{(and_n786_n788, F1, i)}
