96.13	{(not_n1401, F1, i)}
96.13	{(n1401->not_n1401, F0, i)}
96.13	{(n1401, F0, i)}
96.13	{(and_not_n1399_not_n1400->n1401, F0, i)}
96.13	{(and_not_n1399_not_n1400, F0, i)}
96.13	{(not_n1399->and_not_n1399_not_n1400, F0, i)}
96.13	{(not_n1400->and_not_n1399_not_n1400, F0, i)}
96.13	{(not_n1399, F0, i)}
96.13	{(n1399->not_n1399, F1, i)}
96.13	{(not_n1400, F0, i)}
96.13	{(n1400->not_n1400, F1, i)}
96.13	{(n1399, F1, i)}
96.13	{(and_pi091_not_n1386_2->n1399, F1, i)}
96.13	{(n1400, F1, i)}
96.13	{(and_pi143_n1386->n1400, F1, i)}
96.13	{(and_pi091_not_n1386_2, F1, i)}
96.13	{(and_pi143_n1386, F1, i)}
96.13	{(not_n1401->and_not_pi129_5080218607396233653221881976522165017724345248360010_not_n1401, F1, i)}
87.29	{(po106_driver->po106, F1, i)}
87.29	{(po106_driver, F1, i)}
87.29	{(and_not_pi129_5080218607396233653221881976522165017724345248360010_not_n1401->po106_driver, F1, i)}
87.29	{(and_not_pi129_5080218607396233653221881976522165017724345248360010_not_n1401, F1, i)}
