{(N3043, F1, i)(N2328,0,i) + (N1074->N2372, F1, i)}
{(N3043, F1, i)(N2328,0,i) + (N2372, F1, i)(N1074,0,i)}
{(N3043, F1, i)(N2328,0,i) + (N3504->N3852, F1, i)}
{(N3043, F1, i)(N2328,0,i) + (N3550, F1, i)}
{(N3043, F1, i)(N2328,0,i) + (N1842, F0, i)}
{(N3043, F1, i)(N2328,0,i) + (N1618, F0, i)}
{(N3043, F1, i)(N2328,0,i) + (N1070->N1548, F1, i)}
{(N3043, F1, i)(N2328,0,i) + (N1548, F0, i)}
{(N3043, F1, i)(N2328,0,i) + (N3312->N3693, F1, i)}
{(N3043, F1, i)(N2328,0,i) + (N3693, F0, i)}
{(N2328, F1, i) + (N1074->N2372, F1, i)}
{(N2328, F1, i) + (N3550, F1, i)}
{(N2328, F1, i) + (N1842, F0, i)}
{(N2328, F1, i) + (N1618, F0, i)}
{(N2328, F1, i) + (N1070->N1548, F1, i)}
{(N2328, F1, i) + (N1548, F0, i)}
{(N2328, F1, i) + (N3312->N3693, F1, i)}
{(N2328, F1, i) + (N3693, F0, i)}
{(N646, F0, i) + (N1074->N2372, F1, i)}
{(N646, F0, i) + (N3550, F1, i)}
{(N646, F0, i) + (N1842, F0, i)}
{(N646, F0, i) + (N1618, F0, i)}
{(N646, F0, i) + (N1070->N1548, F1, i)}
{(N646, F0, i) + (N1548, F0, i)}
{(N646, F0, i) + (N3312->N3693, F1, i)}
{(N646, F0, i) + (N3693, F0, i)}
{(N3504->N3852, F0, i) + (N1074->N2372, F1, i)}
{(N3504->N3852, F0, i) + (N3550, F1, i)}
{(N3504->N3852, F0, i) + (N1842, F0, i)}
{(N3504->N3852, F0, i) + (N1618, F0, i)}
{(N3504->N3852, F0, i) + (N1070->N1548, F1, i)}
{(N3504->N3852, F0, i) + (N1548, F0, i)}
{(N3504->N3852, F0, i) + (N3312->N3693, F1, i)}
{(N3504->N3852, F0, i) + (N3693, F0, i)}
{(N3852, F0, i) + (N1074->N2372, F1, i)}
{(N3852, F0, i) + (N3550, F1, i)}
{(N3852, F0, i) + (N1842, F0, i)}
{(N3852, F0, i) + (N1618, F0, i)}
{(N3852, F0, i) + (N1070->N1548, F1, i)}
{(N3852, F0, i) + (N1548, F0, i)}
{(N3852, F0, i) + (N3312->N3693, F1, i)}
{(N3852, F0, i) + (N3693, F0, i)}
{(N1074->N1890, F1, i) + (N1074->N2372, F1, i)}
{(N1074->N1890, F1, i) + (N3550, F1, i)}
{(N1074->N1890, F1, i) + (N1842, F0, i)}
{(N1074->N1890, F1, i) + (N1618, F0, i)}
{(N1074->N1890, F1, i) + (N1070->N1548, F1, i)}
{(N1074->N1890, F1, i) + (N1548, F0, i)}
{(N1074->N1890, F1, i) + (N3312->N3693, F1, i)}
{(N1074->N1890, F1, i) + (N3693, F0, i)}
{(N1890, F0, i) + (N1074->N2372, F1, i)}
{(N1890, F0, i) + (N3550, F1, i)}
{(N1890, F0, i) + (N1842, F0, i)}
{(N1890, F0, i) + (N1618, F0, i)}
{(N1890, F0, i) + (N1070->N1548, F1, i)}
{(N1890, F0, i) + (N1548, F0, i)}
{(N1890, F0, i) + (N3312->N3693, F1, i)}
{(N1890, F0, i) + (N3693, F0, i)}
