{(N2606, F0, i) + (N3872, F1, i)}
{(N2606, F0, i) + (N483, F0, i)}
{(N2606, F0, i) + (N2161, F0, i)}
{(N2606, F0, i) + (N2960->N2247, F1, i)}
{(N2606, F0, i) + (N2247, F0, i)}
{(N2606, F0, i) + (N3877->N2583, F1, i)}
{(N2606, F0, i) + (N2583, F0, i)}
{(N2238, F0, i) + (N3872, F1, i)}
{(N2238, F0, i) + (N483, F0, i)}
{(N2238, F0, i) + (N2161, F0, i)}
{(N2238, F0, i) + (N2960->N2247, F1, i)}
{(N2238, F0, i) + (N2247, F0, i)}
{(N2238, F0, i) + (N3877->N2583, F1, i)}
{(N2238, F0, i) + (N2583, F0, i)}
{(N33->N2396, F1, i) + (N3872, F1, i)}
{(N33->N2396, F1, i) + (N483, F0, i)}
{(N33->N2396, F1, i) + (N2161, F0, i)}
{(N33->N2396, F1, i) + (N2960->N2247, F1, i)}
{(N33->N2396, F1, i) + (N2247, F0, i)}
{(N33->N2396, F1, i) + (N3877->N2583, F1, i)}
{(N33->N2396, F1, i) + (N2583, F0, i)}
{(N33->N2396, F1, i) + (N2238, F1, i)(N1972,0,i)}
{(N2396, F0, i) + (N3872, F1, i)}
{(N2396, F0, i) + (N483, F0, i)}
{(N2396, F0, i) + (N2161, F0, i)}
{(N2396, F0, i) + (N2960->N2247, F1, i)}
{(N2396, F0, i) + (N2247, F0, i)}
{(N2396, F0, i) + (N3877->N2583, F1, i)}
{(N2396, F0, i) + (N2583, F0, i)}
{(N2396, F0, i) + (N2238, F1, i)(N1972,0,i)}
{(N218->N1972, F1, i) + (N3872, F1, i)}
{(N218->N1972, F1, i) + (N483, F0, i)}
{(N218->N1972, F1, i) + (N2161, F0, i)}
{(N218->N1972, F1, i) + (N2960->N2247, F1, i)}
{(N218->N1972, F1, i) + (N2247, F0, i)}
{(N218->N1972, F1, i) + (N3877->N2583, F1, i)}
{(N218->N1972, F1, i) + (N2583, F0, i)}
{(N1972, F0, i) + (N3872, F1, i)}
{(N1972, F0, i) + (N483, F0, i)}
{(N1972, F0, i) + (N2161, F0, i)}
{(N1972, F0, i) + (N2960->N2247, F1, i)}
{(N1972, F0, i) + (N2247, F0, i)}
{(N1972, F0, i) + (N3877->N2583, F1, i)}
{(N1972, F0, i) + (N2583, F0, i)}
