{(N1799, F1, i)(N1598,1,i) + (N677->N2694, F1, i)}
{(N1799, F1, i)(N1598,1,i) + (N2694, F1, i)(N980,1,i)}
{(N1799, F1, i)(N1598,1,i) + (N1718, F1, i)}
{(N1799, F1, i)(N1598,1,i) + (N1007, F0, i)}
{(N1799, F1, i)(N1598,1,i) + (N2130, F0, i)}
{(N1799, F1, i)(N1598,1,i) + (N1849->N517, F1, i)}
{(N1799, F1, i)(N1598,1,i) + (N517, F0, i)}
{(N1799, F1, i)(N1598,1,i) + (N481->N2746, F1, i)}
{(N1799, F1, i)(N1598,1,i) + (N2746, F0, i)}
{(N3889, F1, i) + (N677->N2694, F1, i)}
{(N3889, F1, i) + (N2694, F1, i)(N980,1,i)}
{(N3889, F1, i) + (N1718, F1, i)}
{(N3889, F1, i) + (N1007, F0, i)}
{(N3889, F1, i) + (N2130, F0, i)}
{(N3889, F1, i) + (N1849->N517, F1, i)}
{(N3889, F1, i) + (N517, F0, i)}
{(N3889, F1, i) + (N481->N2746, F1, i)}
{(N3889, F1, i) + (N2746, F0, i)}
{(N3156, F0, i) + (N677->N2694, F1, i)}
{(N3156, F0, i) + (N2694, F1, i)(N980,1,i)}
{(N3156, F0, i) + (N1718, F1, i)}
{(N3156, F0, i) + (N1007, F0, i)}
{(N3156, F0, i) + (N2130, F0, i)}
{(N3156, F0, i) + (N1849->N517, F1, i)}
{(N3156, F0, i) + (N517, F0, i)}
{(N3156, F0, i) + (N481->N2746, F1, i)}
{(N3156, F0, i) + (N2746, F0, i)}
{(N2007->N556, F0, i) + (N677->N2694, F1, i)}
{(N2007->N556, F0, i) + (N2694, F1, i)(N980,1,i)}
{(N2007->N556, F0, i) + (N1718, F1, i)}
{(N2007->N556, F0, i) + (N1007, F0, i)}
{(N2007->N556, F0, i) + (N2130, F0, i)}
{(N2007->N556, F0, i) + (N1849->N517, F1, i)}
{(N2007->N556, F0, i) + (N517, F0, i)}
{(N2007->N556, F0, i) + (N481->N2746, F1, i)}
{(N2007->N556, F0, i) + (N2746, F0, i)}
{(N556, F0, i) + (N677->N2694, F1, i)}
{(N556, F0, i) + (N2694, F1, i)(N980,1,i)}
{(N556, F0, i) + (N1718, F1, i)}
{(N556, F0, i) + (N1007, F0, i)}
{(N556, F0, i) + (N2130, F0, i)}
{(N556, F0, i) + (N1849->N517, F1, i)}
{(N556, F0, i) + (N517, F0, i)}
{(N556, F0, i) + (N481->N2746, F1, i)}
{(N556, F0, i) + (N2746, F0, i)}
{(N677->N2562, F1, i) + (N677->N2694, F1, i)}
{(N677->N2562, F1, i) + (N2694, F1, i)(N980,1,i)}
{(N677->N2562, F1, i) + (N1718, F1, i)}
{(N677->N2562, F1, i) + (N1007, F0, i)}
{(N677->N2562, F1, i) + (N2130, F0, i)}
{(N677->N2562, F1, i) + (N1849->N517, F1, i)}
{(N677->N2562, F1, i) + (N517, F0, i)}
{(N677->N2562, F1, i) + (N481->N2746, F1, i)}
{(N677->N2562, F1, i) + (N2746, F0, i)}
{(N2562, F0, i) + (N677->N2694, F1, i)}
{(N2562, F0, i) + (N2694, F1, i)(N980,1,i)}
{(N2562, F0, i) + (N1718, F1, i)}
{(N2562, F0, i) + (N1007, F0, i)}
{(N2562, F0, i) + (N2130, F0, i)}
{(N2562, F0, i) + (N1849->N517, F1, i)}
{(N2562, F0, i) + (N517, F0, i)}
{(N2562, F0, i) + (N481->N2746, F1, i)}
{(N2562, F0, i) + (N2746, F0, i)}
{(N178->N1012, F1, i) + (N1718, F1, i)}
{(N178->N1012, F1, i) + (N1007, F0, i)}
{(N178->N1012, F1, i) + (N2130, F0, i)}
{(N178->N1012, F1, i) + (N1849->N517, F1, i)}
{(N178->N1012, F1, i) + (N517, F0, i)}
{(N178->N1012, F1, i) + (N481->N2746, F1, i)}
{(N178->N1012, F1, i) + (N2746, F0, i)}
{(N1012, F1, i)(N13,1,i) + (N1718, F1, i)}
{(N1012, F1, i)(N13,1,i) + (N1007, F0, i)}
{(N1012, F1, i)(N13,1,i) + (N2130, F0, i)}
{(N1012, F1, i)(N13,1,i) + (N1849->N517, F1, i)}
{(N1012, F1, i)(N13,1,i) + (N517, F0, i)}
{(N1012, F1, i)(N13,1,i) + (N481->N2746, F1, i)}
{(N1012, F1, i)(N13,1,i) + (N2746, F0, i)}
