{(N3096, F1, i)(N3028,1,i) + (N1062->N2360, F1, i)}
{(N3096, F1, i)(N3028,1,i) + (N3048, F1, i)}
{(N3096, F1, i)(N3028,1,i) + (N3356, F0, i)}
{(N3096, F1, i)(N3028,1,i) + (N3799, F0, i)}
{(N3096, F1, i)(N3028,1,i) + (N2057->N1555, F1, i)}
{(N3096, F1, i)(N3028,1,i) + (N1555, F0, i)}
{(N3096, F1, i)(N3028,1,i) + (N2385->N3266, F1, i)}
{(N3096, F1, i)(N3028,1,i) + (N3266, F0, i)}
{(N1242, F1, i) + (N1062->N2360, F1, i)}
{(N1242, F1, i) + (N3048, F1, i)}
{(N1242, F1, i) + (N3356, F0, i)}
{(N1242, F1, i) + (N3799, F0, i)}
{(N1242, F1, i) + (N2057->N1555, F1, i)}
{(N1242, F1, i) + (N1555, F0, i)}
{(N1242, F1, i) + (N2385->N3266, F1, i)}
{(N1242, F1, i) + (N3266, F0, i)}
{(N2489, F0, i) + (N1062->N2360, F1, i)}
{(N2489, F0, i) + (N3048, F1, i)}
{(N2489, F0, i) + (N3356, F0, i)}
{(N2489, F0, i) + (N3799, F0, i)}
{(N2489, F0, i) + (N2057->N1555, F1, i)}
{(N2489, F0, i) + (N1555, F0, i)}
{(N2489, F0, i) + (N2385->N3266, F1, i)}
{(N2489, F0, i) + (N3266, F0, i)}
{(N3054->N3675, F0, i) + (N3675, F1, i)(N3054,0,i)}
{(N3054->N3675, F0, i) + (N1062->N2360, F1, i)}
{(N3054->N3675, F0, i) + (N3048, F1, i)}
{(N3054->N3675, F0, i) + (N3356, F0, i)}
{(N3054->N3675, F0, i) + (N3799, F0, i)}
{(N3054->N3675, F0, i) + (N2057->N1555, F1, i)}
{(N3054->N3675, F0, i) + (N1555, F0, i)}
{(N3054->N3675, F0, i) + (N2385->N3266, F1, i)}
{(N3054->N3675, F0, i) + (N3266, F0, i)}
{(N3675, F0, i) + (N1062->N2360, F1, i)}
{(N3675, F0, i) + (N3048, F1, i)}
{(N3675, F0, i) + (N3356, F0, i)}
{(N3675, F0, i) + (N3799, F0, i)}
{(N3675, F0, i) + (N2057->N1555, F1, i)}
{(N3675, F0, i) + (N1555, F0, i)}
{(N3675, F0, i) + (N2385->N3266, F1, i)}
{(N3675, F0, i) + (N3266, F0, i)}
{(N1062->N1915, F1, i) + (N3675, F1, i)(N3054,0,i)}
{(N1062->N1915, F1, i) + (N1062->N2360, F1, i)}
{(N1062->N1915, F1, i) + (N3048, F1, i)}
{(N1062->N1915, F1, i) + (N3356, F0, i)}
{(N1062->N1915, F1, i) + (N3799, F0, i)}
{(N1062->N1915, F1, i) + (N2057->N1555, F1, i)}
{(N1062->N1915, F1, i) + (N1555, F0, i)}
{(N1062->N1915, F1, i) + (N2385->N3266, F1, i)}
{(N1062->N1915, F1, i) + (N3266, F0, i)}
{(N1915, F0, i) + (N3675, F1, i)(N3054,0,i)}
{(N1915, F0, i) + (N1062->N2360, F1, i)}
{(N1915, F0, i) + (N3048, F1, i)}
{(N1915, F0, i) + (N3356, F0, i)}
{(N1915, F0, i) + (N3799, F0, i)}
{(N1915, F0, i) + (N2057->N1555, F1, i)}
{(N1915, F0, i) + (N1555, F0, i)}
{(N1915, F0, i) + (N2385->N3266, F1, i)}
{(N1915, F0, i) + (N3266, F0, i)}
{(N155->N2780, F1, i) + (N3048, F1, i)}
{(N155->N2780, F1, i) + (N3356, F0, i)}
{(N155->N2780, F1, i) + (N3799, F0, i)}
{(N155->N2780, F1, i) + (N2057->N1555, F1, i)}
{(N155->N2780, F1, i) + (N1555, F0, i)}
{(N155->N2780, F1, i) + (N2385->N3266, F1, i)}
{(N155->N2780, F1, i) + (N3266, F0, i)}
{(N2780, F1, i)(N115,1,i) + (N3048, F1, i)}
{(N2780, F1, i)(N115,1,i) + (N3356, F0, i)}
{(N2780, F1, i)(N115,1,i) + (N3799, F0, i)}
{(N2780, F1, i)(N115,1,i) + (N2057->N1555, F1, i)}
{(N2780, F1, i)(N115,1,i) + (N1555, F0, i)}
{(N2780, F1, i)(N115,1,i) + (N2385->N3266, F1, i)}
{(N2780, F1, i)(N115,1,i) + (N3266, F0, i)}
