{(N2212, F0, i) + (N3358, F1, i)}
{(N2212, F0, i) + (N2877, F0, i)}
{(N2212, F0, i) + (N3679, F0, i)}
{(N2212, F0, i) + (N2154->N2726, F1, i)}
{(N2212, F0, i) + (N2726, F0, i)}
{(N2212, F0, i) + (N2430->N1637, F1, i)}
{(N2212, F0, i) + (N1637, F0, i)}
{(N2538, F0, i) + (N3358, F1, i)}
{(N2538, F0, i) + (N2877, F0, i)}
{(N2538, F0, i) + (N3679, F0, i)}
{(N2538, F0, i) + (N2154->N2726, F1, i)}
{(N2538, F0, i) + (N2726, F0, i)}
{(N2538, F0, i) + (N2430->N1637, F1, i)}
{(N2538, F0, i) + (N1637, F0, i)}
{(N145->N532, F1, i) + (N3358, F1, i)}
{(N145->N532, F1, i) + (N2877, F0, i)}
{(N145->N532, F1, i) + (N2538, F1, i)(N3019,0,i)}
{(N145->N532, F1, i) + (N3679, F0, i)}
{(N145->N532, F1, i) + (N2154->N2726, F1, i)}
{(N145->N532, F1, i) + (N2726, F0, i)}
{(N145->N532, F1, i) + (N2430->N1637, F1, i)}
{(N145->N532, F1, i) + (N1637, F0, i)}
{(N532, F0, i) + (N3358, F1, i)}
{(N532, F0, i) + (N2877, F0, i)}
{(N532, F0, i) + (N2538, F1, i)(N3019,0,i)}
{(N532, F0, i) + (N3679, F0, i)}
{(N532, F0, i) + (N2154->N2726, F1, i)}
{(N532, F0, i) + (N2726, F0, i)}
{(N532, F0, i) + (N2430->N1637, F1, i)}
{(N532, F0, i) + (N1637, F0, i)}
{(N199->N3019, F1, i) + (N3358, F1, i)}
{(N199->N3019, F1, i) + (N2877, F0, i)}
{(N199->N3019, F1, i) + (N3679, F0, i)}
{(N199->N3019, F1, i) + (N2154->N2726, F1, i)}
{(N199->N3019, F1, i) + (N2726, F0, i)}
{(N199->N3019, F1, i) + (N2430->N1637, F1, i)}
{(N199->N3019, F1, i) + (N1637, F0, i)}
{(N3019, F0, i) + (N3358, F1, i)}
{(N3019, F0, i) + (N2877, F0, i)}
{(N3019, F0, i) + (N3679, F0, i)}
{(N3019, F0, i) + (N2154->N2726, F1, i)}
{(N3019, F0, i) + (N2726, F0, i)}
{(N3019, F0, i) + (N2430->N1637, F1, i)}
{(N3019, F0, i) + (N1637, F0, i)}
