{(N2001, F1, i)(N3620,1,i) + (N1070->N932, F1, i)}
{(N2001, F1, i)(N3620,1,i) + (N932, F1, i)(N2888,1,i)}
{(N2001, F1, i)(N3620,1,i) + (N2909, F1, i)}
{(N2001, F1, i)(N3620,1,i) + (N953, F0, i)}
{(N2001, F1, i)(N3620,1,i) + (N1841, F0, i)}
{(N2001, F1, i)(N3620,1,i) + (N1505->N1922, F1, i)}
{(N2001, F1, i)(N3620,1,i) + (N1922, F0, i)}
{(N2001, F1, i)(N3620,1,i) + (N890->N1275, F1, i)}
{(N2001, F1, i)(N3620,1,i) + (N1275, F0, i)}
{(N2884, F1, i) + (N1070->N932, F1, i)}
{(N2884, F1, i) + (N932, F1, i)(N2888,1,i)}
{(N2884, F1, i) + (N2909, F1, i)}
{(N2884, F1, i) + (N953, F0, i)}
{(N2884, F1, i) + (N1841, F0, i)}
{(N2884, F1, i) + (N1505->N1922, F1, i)}
{(N2884, F1, i) + (N1922, F0, i)}
{(N2884, F1, i) + (N890->N1275, F1, i)}
{(N2884, F1, i) + (N1275, F0, i)}
{(N3437, F0, i) + (N1070->N932, F1, i)}
{(N3437, F0, i) + (N932, F1, i)(N2888,1,i)}
{(N3437, F0, i) + (N2909, F1, i)}
{(N3437, F0, i) + (N953, F0, i)}
{(N3437, F0, i) + (N1841, F0, i)}
{(N3437, F0, i) + (N1505->N1922, F1, i)}
{(N3437, F0, i) + (N1922, F0, i)}
{(N3437, F0, i) + (N890->N1275, F1, i)}
{(N3437, F0, i) + (N1275, F0, i)}
{(N875->N1401, F0, i) + (N1401, F1, i)(N875,0,i)}
{(N875->N1401, F0, i) + (N1070->N932, F1, i)}
{(N875->N1401, F0, i) + (N932, F1, i)(N2888,1,i)}
{(N875->N1401, F0, i) + (N2909, F1, i)}
{(N875->N1401, F0, i) + (N953, F0, i)}
{(N875->N1401, F0, i) + (N1841, F0, i)}
{(N875->N1401, F0, i) + (N1505->N1922, F1, i)}
{(N875->N1401, F0, i) + (N1922, F0, i)}
{(N875->N1401, F0, i) + (N890->N1275, F1, i)}
{(N875->N1401, F0, i) + (N1275, F0, i)}
{(N1401, F0, i) + (N1070->N932, F1, i)}
{(N1401, F0, i) + (N932, F1, i)(N2888,1,i)}
{(N1401, F0, i) + (N2909, F1, i)}
{(N1401, F0, i) + (N953, F0, i)}
{(N1401, F0, i) + (N1841, F0, i)}
{(N1401, F0, i) + (N1505->N1922, F1, i)}
{(N1401, F0, i) + (N1922, F0, i)}
{(N1401, F0, i) + (N890->N1275, F1, i)}
{(N1401, F0, i) + (N1275, F0, i)}
{(N1070->N2648, F1, i) + (N1401, F1, i)(N875,0,i)}
{(N1070->N2648, F1, i) + (N1070->N932, F1, i)}
{(N1070->N2648, F1, i) + (N932, F1, i)(N2888,1,i)}
{(N1070->N2648, F1, i) + (N2909, F1, i)}
{(N1070->N2648, F1, i) + (N953, F0, i)}
{(N1070->N2648, F1, i) + (N1841, F0, i)}
{(N1070->N2648, F1, i) + (N1505->N1922, F1, i)}
{(N1070->N2648, F1, i) + (N1922, F0, i)}
{(N1070->N2648, F1, i) + (N890->N1275, F1, i)}
{(N1070->N2648, F1, i) + (N1275, F0, i)}
{(N2648, F0, i) + (N1401, F1, i)(N875,0,i)}
{(N2648, F0, i) + (N1070->N932, F1, i)}
{(N2648, F0, i) + (N932, F1, i)(N2888,1,i)}
{(N2648, F0, i) + (N2909, F1, i)}
{(N2648, F0, i) + (N953, F0, i)}
{(N2648, F0, i) + (N1841, F0, i)}
{(N2648, F0, i) + (N1505->N1922, F1, i)}
{(N2648, F0, i) + (N1922, F0, i)}
{(N2648, F0, i) + (N890->N1275, F1, i)}
{(N2648, F0, i) + (N1275, F0, i)}
{(N98->N940, F1, i) + (N2909, F1, i)}
{(N98->N940, F1, i) + (N953, F0, i)}
{(N98->N940, F1, i) + (N1841, F0, i)}
{(N98->N940, F1, i) + (N1505->N1922, F1, i)}
{(N98->N940, F1, i) + (N1922, F0, i)}
{(N98->N940, F1, i) + (N890->N1275, F1, i)}
{(N98->N940, F1, i) + (N1275, F0, i)}
{(N940, F1, i)(N209,1,i) + (N2909, F1, i)}
{(N940, F1, i)(N209,1,i) + (N953, F0, i)}
{(N940, F1, i)(N209,1,i) + (N1841, F0, i)}
{(N940, F1, i)(N209,1,i) + (N1505->N1922, F1, i)}
{(N940, F1, i)(N209,1,i) + (N1922, F0, i)}
{(N940, F1, i)(N209,1,i) + (N890->N1275, F1, i)}
{(N940, F1, i)(N209,1,i) + (N1275, F0, i)}
