{(N3178, F1, i)(N2262,0,i) + (N2262->N3178, F0, i)}
{(N3178, F1, i)(N2262,0,i) + (N1302->N1643, F1, i)}
{(N3178, F1, i)(N2262,0,i) + (N1643, F0, i)}
{(N1302->N2828, F1, i) + (N1138, F1, i)(N1193,1,i)}
{(N1302->N2828, F1, i) + (N2471, F1, i)}
{(N1302->N2828, F1, i) + (N2140, F0, i)}
{(N1302->N2828, F1, i) + (N2262->N3178, F0, i)}
{(N1302->N2828, F1, i) + (N3178, F0, i)}
{(N1302->N2828, F1, i) + (N1302->N1643, F1, i)}
{(N1302->N2828, F1, i) + (N1643, F0, i)}
{(N2828, F1, i)(N3497,1,i) + (N1138, F1, i)(N1193,1,i)}
{(N2828, F1, i)(N3497,1,i) + (N2471, F1, i)}
{(N2828, F1, i)(N3497,1,i) + (N2140, F0, i)}
{(N2828, F1, i)(N3497,1,i) + (N2262->N3178, F0, i)}
{(N2828, F1, i)(N3497,1,i) + (N3178, F0, i)}
{(N2828, F1, i)(N3497,1,i) + (N1302->N1643, F1, i)}
{(N2828, F1, i)(N3497,1,i) + (N1643, F0, i)}
{(N3797, F1, i) + (N1138, F1, i)(N1193,1,i)}
{(N3797, F1, i) + (N2471, F1, i)}
{(N3797, F1, i) + (N2140, F0, i)}
{(N3797, F1, i) + (N2262->N3178, F0, i)}
{(N3797, F1, i) + (N3178, F0, i)}
{(N3797, F1, i) + (N1302->N1643, F1, i)}
{(N3797, F1, i) + (N1643, F0, i)}
{(N3797, F1, i) + (N220->N3121, F1, i)}
{(N3797, F1, i) + (N3121, F1, i)(N110,1,i)}
{(N1802, F0, i) + (N1138, F1, i)(N1193,1,i)}
{(N1802, F0, i) + (N2471, F1, i)}
{(N1802, F0, i) + (N2140, F0, i)}
{(N1802, F0, i) + (N2262->N3178, F0, i)}
{(N1802, F0, i) + (N3178, F0, i)}
{(N1802, F0, i) + (N1302->N1643, F1, i)}
{(N1802, F0, i) + (N1643, F0, i)}
{(N1802, F0, i) + (N220->N3121, F1, i)}
{(N1802, F0, i) + (N3121, F1, i)(N110,1,i)}
{(N2608, F0, i) + (N1138, F1, i)(N1193,1,i)}
{(N2608, F0, i) + (N2471, F1, i)}
{(N2608, F0, i) + (N2140, F0, i)}
{(N2608, F0, i) + (N2262->N3178, F0, i)}
{(N2608, F0, i) + (N3178, F0, i)}
{(N2608, F0, i) + (N1302->N1643, F1, i)}
{(N2608, F0, i) + (N1643, F0, i)}
{(N2608, F0, i) + (N220->N3121, F1, i)}
{(N2608, F0, i) + (N3121, F1, i)(N110,1,i)}
{(N3350->N762, F1, i) + (N1138, F1, i)(N1193,1,i)}
{(N3350->N762, F1, i) + (N2471, F1, i)}
{(N3350->N762, F1, i) + (N2140, F0, i)}
{(N3350->N762, F1, i) + (N2262->N3178, F0, i)}
{(N3350->N762, F1, i) + (N3178, F0, i)}
{(N3350->N762, F1, i) + (N1302->N1643, F1, i)}
{(N3350->N762, F1, i) + (N1643, F0, i)}
{(N3350->N762, F1, i) + (N220->N3121, F1, i)}
{(N3350->N762, F1, i) + (N3121, F1, i)(N110,1,i)}
{(N762, F0, i) + (N1138, F1, i)(N1193,1,i)}
{(N762, F0, i) + (N2471, F1, i)}
{(N762, F0, i) + (N2140, F0, i)}
{(N762, F0, i) + (N2262->N3178, F0, i)}
{(N762, F0, i) + (N3178, F0, i)}
{(N762, F0, i) + (N1302->N1643, F1, i)}
{(N762, F0, i) + (N1643, F0, i)}
{(N762, F0, i) + (N220->N3121, F1, i)}
{(N762, F0, i) + (N3121, F1, i)(N110,1,i)}
{(N3277->N3677, F1, i) + (N1138, F1, i)(N1193,1,i)}
{(N3277->N3677, F1, i) + (N2471, F1, i)}
{(N3277->N3677, F1, i) + (N2140, F0, i)}
{(N3277->N3677, F1, i) + (N2262->N3178, F0, i)}
{(N3277->N3677, F1, i) + (N3178, F0, i)}
{(N3277->N3677, F1, i) + (N1302->N1643, F1, i)}
{(N3277->N3677, F1, i) + (N1643, F0, i)}
{(N3277->N3677, F1, i) + (N220->N3121, F1, i)}
{(N3277->N3677, F1, i) + (N3121, F1, i)(N110,1,i)}
{(N3677, F0, i) + (N1138, F1, i)(N1193,1,i)}
{(N3677, F0, i) + (N2471, F1, i)}
{(N3677, F0, i) + (N2140, F0, i)}
{(N3677, F0, i) + (N2262->N3178, F0, i)}
{(N3677, F0, i) + (N3178, F0, i)}
{(N3677, F0, i) + (N1302->N1643, F1, i)}
{(N3677, F0, i) + (N1643, F0, i)}
{(N3677, F0, i) + (N220->N3121, F1, i)}
{(N3677, F0, i) + (N3121, F1, i)(N110,1,i)}
