{(N2342, F1, i)(N2713,0,i) + (N2713->N2342, F0, i)}
{(N2342, F1, i)(N2713,0,i) + (N3447->N413, F1, i)}
{(N2342, F1, i)(N2713,0,i) + (N413, F0, i)}
{(N3447->N2734, F1, i) + (N3847, F1, i)(N3104,1,i)}
{(N3447->N2734, F1, i) + (N968, F1, i)}
{(N3447->N2734, F1, i) + (N2992, F0, i)}
{(N3447->N2734, F1, i) + (N2713->N2342, F0, i)}
{(N3447->N2734, F1, i) + (N2342, F0, i)}
{(N3447->N2734, F1, i) + (N3447->N413, F1, i)}
{(N3447->N2734, F1, i) + (N413, F0, i)}
{(N2734, F1, i)(N2280,1,i) + (N3847, F1, i)(N3104,1,i)}
{(N2734, F1, i)(N2280,1,i) + (N968, F1, i)}
{(N2734, F1, i)(N2280,1,i) + (N2992, F0, i)}
{(N2734, F1, i)(N2280,1,i) + (N2713->N2342, F0, i)}
{(N2734, F1, i)(N2280,1,i) + (N2342, F0, i)}
{(N2734, F1, i)(N2280,1,i) + (N3447->N413, F1, i)}
{(N2734, F1, i)(N2280,1,i) + (N413, F0, i)}
{(N472, F1, i) + (N3847, F1, i)(N3104,1,i)}
{(N472, F1, i) + (N968, F1, i)}
{(N472, F1, i) + (N2992, F0, i)}
{(N472, F1, i) + (N2713->N2342, F0, i)}
{(N472, F1, i) + (N2342, F0, i)}
{(N472, F1, i) + (N3447->N413, F1, i)}
{(N472, F1, i) + (N413, F0, i)}
{(N472, F1, i) + (N173->N2421, F1, i)}
{(N472, F1, i) + (N2421, F1, i)(N46,1,i)}
{(N583, F0, i) + (N3847, F1, i)(N3104,1,i)}
{(N583, F0, i) + (N968, F1, i)}
{(N583, F0, i) + (N2992, F0, i)}
{(N583, F0, i) + (N2713->N2342, F0, i)}
{(N583, F0, i) + (N2342, F0, i)}
{(N583, F0, i) + (N3447->N413, F1, i)}
{(N583, F0, i) + (N413, F0, i)}
{(N583, F0, i) + (N173->N2421, F1, i)}
{(N583, F0, i) + (N2421, F1, i)(N46,1,i)}
{(N947, F0, i) + (N3847, F1, i)(N3104,1,i)}
{(N947, F0, i) + (N968, F1, i)}
{(N947, F0, i) + (N2992, F0, i)}
{(N947, F0, i) + (N2713->N2342, F0, i)}
{(N947, F0, i) + (N2342, F0, i)}
{(N947, F0, i) + (N3447->N413, F1, i)}
{(N947, F0, i) + (N413, F0, i)}
{(N947, F0, i) + (N173->N2421, F1, i)}
{(N947, F0, i) + (N2421, F1, i)(N46,1,i)}
{(N1328->N2978, F1, i) + (N3847, F1, i)(N3104,1,i)}
{(N1328->N2978, F1, i) + (N968, F1, i)}
{(N1328->N2978, F1, i) + (N2992, F0, i)}
{(N1328->N2978, F1, i) + (N2713->N2342, F0, i)}
{(N1328->N2978, F1, i) + (N2342, F0, i)}
{(N1328->N2978, F1, i) + (N3447->N413, F1, i)}
{(N1328->N2978, F1, i) + (N413, F0, i)}
{(N1328->N2978, F1, i) + (N173->N2421, F1, i)}
{(N1328->N2978, F1, i) + (N2421, F1, i)(N46,1,i)}
{(N2978, F0, i) + (N3847, F1, i)(N3104,1,i)}
{(N2978, F0, i) + (N968, F1, i)}
{(N2978, F0, i) + (N2992, F0, i)}
{(N2978, F0, i) + (N2713->N2342, F0, i)}
{(N2978, F0, i) + (N2342, F0, i)}
{(N2978, F0, i) + (N3447->N413, F1, i)}
{(N2978, F0, i) + (N413, F0, i)}
{(N2978, F0, i) + (N173->N2421, F1, i)}
{(N2978, F0, i) + (N2421, F1, i)(N46,1,i)}
{(N2951->N3866, F1, i) + (N3847, F1, i)(N3104,1,i)}
{(N2951->N3866, F1, i) + (N968, F1, i)}
{(N2951->N3866, F1, i) + (N2992, F0, i)}
{(N2951->N3866, F1, i) + (N2713->N2342, F0, i)}
{(N2951->N3866, F1, i) + (N2342, F0, i)}
{(N2951->N3866, F1, i) + (N3447->N413, F1, i)}
{(N2951->N3866, F1, i) + (N413, F0, i)}
{(N2951->N3866, F1, i) + (N173->N2421, F1, i)}
{(N2951->N3866, F1, i) + (N2421, F1, i)(N46,1,i)}
{(N3866, F0, i) + (N3847, F1, i)(N3104,1,i)}
{(N3866, F0, i) + (N968, F1, i)}
{(N3866, F0, i) + (N2992, F0, i)}
{(N3866, F0, i) + (N2713->N2342, F0, i)}
{(N3866, F0, i) + (N2342, F0, i)}
{(N3866, F0, i) + (N3447->N413, F1, i)}
{(N3866, F0, i) + (N413, F0, i)}
{(N3866, F0, i) + (N173->N2421, F1, i)}
{(N3866, F0, i) + (N2421, F1, i)(N46,1,i)}
