{(N1138, F1, i)(N1193,0,i) + (N3178, F1, i)(N2262,1,i)}
{(N1138, F1, i)(N1193,0,i) + (N1302->N1643, F0, i)}
{(N1138, F1, i)(N1193,0,i) + (N1643, F1, i)}
{(N1193, F1, i) + (N3178, F1, i)(N2262,1,i)}
{(N1193, F1, i) + (N1302->N1643, F0, i)}
{(N1193, F1, i) + (N1643, F1, i)}
{(N3892, F0, i) + (N3178, F1, i)(N2262,1,i)}
{(N3892, F0, i) + (N1302->N1643, F0, i)}
{(N3892, F0, i) + (N1643, F1, i)}
{(N1302->N2828, F0, i) + (N3178, F1, i)(N2262,1,i)}
{(N1302->N2828, F0, i) + (N2828, F1, i)(N3497,0,i)}
{(N1302->N2828, F0, i) + (N1302->N1643, F0, i)}
{(N1302->N2828, F0, i) + (N1643, F1, i)}
{(N2828, F0, i) + (N3178, F1, i)(N2262,1,i)}
{(N2828, F0, i) + (N1302->N1643, F0, i)}
{(N2828, F0, i) + (N1643, F1, i)}
{(N2262->N3497, F1, i) + (N3178, F1, i)(N2262,1,i)}
{(N2262->N3497, F1, i) + (N1302->N1643, F0, i)}
{(N2262->N3497, F1, i) + (N1643, F1, i)}
{(N3497, F0, i) + (N3178, F1, i)(N2262,1,i)}
{(N3497, F0, i) + (N1302->N1643, F0, i)}
{(N3497, F0, i) + (N1643, F1, i)}
{(N2608, F1, i)(N3677,0,i) + (N3178, F1, i)(N2262,1,i)}
{(N2608, F1, i)(N3677,0,i) + (N2828, F1, i)(N3497,0,i)}
{(N2608, F1, i)(N3677,0,i) + (N1302->N1643, F0, i)}
{(N2608, F1, i)(N3677,0,i) + (N1643, F1, i)}
{(N2608, F1, i)(N3677,0,i) + (N2262->N3497, F0, i)}
{(N2608, F1, i)(N3677,0,i) + (N3497, F1, i)}
{(N2608, F1, i)(N3677,0,i) + (N2610, F1, i)(N2004,0,i)}
{(N2608, F1, i)(N3677,0,i) + (N220->N2004, F0, i)}
{(N2608, F1, i)(N3677,0,i) + (N2004, F1, i)}
{(N1884, F1, i)(N35,0,i)(N40,0,i) + (N3178, F1, i)(N2262,1,i)}
{(N1884, F1, i)(N35,0,i)(N40,0,i) + (N2828, F1, i)(N3497,0,i)}
{(N1884, F1, i)(N35,0,i)(N40,0,i) + (N1302->N1643, F0, i)}
{(N1884, F1, i)(N35,0,i)(N40,0,i) + (N1643, F1, i)}
{(N1884, F1, i)(N35,0,i)(N40,0,i) + (N2262->N3497, F0, i)}
{(N1884, F1, i)(N35,0,i)(N40,0,i) + (N3497, F1, i)}
{(N1884, F1, i)(N35,0,i)(N40,0,i) + (N2610, F1, i)(N2004,0,i)}
{(N1884, F1, i)(N35,0,i)(N40,0,i) + (N220->N2004, F0, i)}
{(N1884, F1, i)(N35,0,i)(N40,0,i) + (N2004, F1, i)}
