{(N3405, F1, i)(N2957,0,i) + (N1843, F1, i)(N2500,1,i)}
{(N3405, F1, i)(N2957,0,i) + (N1006->N3151, F0, i)}
{(N3405, F1, i)(N2957,0,i) + (N3151, F1, i)}
{(N2957, F1, i) + (N1843, F1, i)(N2500,1,i)}
{(N2957, F1, i) + (N1006->N3151, F0, i)}
{(N2957, F1, i) + (N3151, F1, i)}
{(N2207, F0, i) + (N1843, F1, i)(N2500,1,i)}
{(N2207, F0, i) + (N1006->N3151, F0, i)}
{(N2207, F0, i) + (N3151, F1, i)}
{(N1006->N2126, F0, i) + (N1843, F1, i)(N2500,1,i)}
{(N1006->N2126, F0, i) + (N1006->N3151, F0, i)}
{(N1006->N2126, F0, i) + (N3151, F1, i)}
{(N2126, F0, i) + (N1843, F1, i)(N2500,1,i)}
{(N2126, F0, i) + (N1006->N3151, F0, i)}
{(N2126, F0, i) + (N3151, F1, i)}
{(N2500->N3863, F1, i) + (N1843, F1, i)(N2500,1,i)}
{(N2500->N3863, F1, i) + (N1006->N3151, F0, i)}
{(N2500->N3863, F1, i) + (N3151, F1, i)}
{(N3863, F0, i) + (N1843, F1, i)(N2500,1,i)}
{(N3863, F0, i) + (N1006->N3151, F0, i)}
{(N3863, F0, i) + (N3151, F1, i)}
