{(N2067->N2279, F1, i) + (N3282, F1, i)(N3711,0,i)}
{(N2067->N2279, F1, i) + (N3711, F1, i)}
{(N2067->N2279, F1, i) + (N3685, F0, i)}
{(N2067->N2279, F1, i) + (N1873->N1918, F0, i)}
{(N2067->N2279, F1, i) + (N1918, F0, i)}
{(N2067->N2279, F1, i) + (N2067->N2545, F1, i)}
{(N2067->N2279, F1, i) + (N2545, F0, i)}
{(N2279, F1, i)(N2067,0,i) + (N3282, F1, i)(N3711,0,i)}
{(N1873->N1918, F1, i) + (N3282, F1, i)(N3711,0,i)}
{(N1736, F1, i) + (N3282, F1, i)(N3711,0,i)}
{(N1736, F1, i) + (N3711, F1, i)}
{(N1736, F1, i) + (N3685, F0, i)}
{(N1736, F1, i) + (N1873->N1918, F0, i)}
{(N1736, F1, i) + (N1918, F0, i)}
{(N1736, F1, i) + (N2067->N2545, F1, i)}
{(N1736, F1, i) + (N2545, F0, i)}
{(N1736, F1, i) + (N194->N1192, F1, i)}
{(N1736, F1, i) + (N1192, F1, i)(N140,1,i)}
{(N2456, F0, i) + (N3282, F1, i)(N3711,0,i)}
{(N2456, F0, i) + (N3711, F1, i)}
{(N2456, F0, i) + (N3685, F0, i)}
{(N2456, F0, i) + (N1873->N1918, F0, i)}
{(N2456, F0, i) + (N1918, F0, i)}
{(N2456, F0, i) + (N2067->N2545, F1, i)}
{(N2456, F0, i) + (N2545, F0, i)}
{(N2456, F0, i) + (N194->N1192, F1, i)}
{(N2456, F0, i) + (N1192, F1, i)(N140,1,i)}
{(N756, F0, i) + (N3282, F1, i)(N3711,0,i)}
{(N756, F0, i) + (N3711, F1, i)}
{(N756, F0, i) + (N3685, F0, i)}
{(N756, F0, i) + (N1873->N1918, F0, i)}
{(N756, F0, i) + (N1918, F0, i)}
{(N756, F0, i) + (N2067->N2545, F1, i)}
{(N756, F0, i) + (N2545, F0, i)}
{(N756, F0, i) + (N194->N1192, F1, i)}
{(N756, F0, i) + (N1192, F1, i)(N140,1,i)}
{(N1486->N1075, F1, i) + (N3282, F1, i)(N3711,0,i)}
{(N1486->N1075, F1, i) + (N3711, F1, i)}
{(N1486->N1075, F1, i) + (N3685, F0, i)}
{(N1486->N1075, F1, i) + (N1873->N1918, F0, i)}
{(N1486->N1075, F1, i) + (N1918, F0, i)}
{(N1486->N1075, F1, i) + (N2067->N2545, F1, i)}
{(N1486->N1075, F1, i) + (N2545, F0, i)}
{(N1486->N1075, F1, i) + (N194->N1192, F1, i)}
{(N1486->N1075, F1, i) + (N1192, F1, i)(N140,1,i)}
{(N1075, F0, i) + (N3282, F1, i)(N3711,0,i)}
{(N1075, F0, i) + (N3711, F1, i)}
{(N1075, F0, i) + (N3685, F0, i)}
{(N1075, F0, i) + (N1873->N1918, F0, i)}
{(N1075, F0, i) + (N1918, F0, i)}
{(N1075, F0, i) + (N2067->N2545, F1, i)}
{(N1075, F0, i) + (N2545, F0, i)}
{(N1075, F0, i) + (N194->N1192, F1, i)}
{(N1075, F0, i) + (N1192, F1, i)(N140,1,i)}
{(N1219->N970, F1, i) + (N3282, F1, i)(N3711,0,i)}
{(N1219->N970, F1, i) + (N3711, F1, i)}
{(N1219->N970, F1, i) + (N3685, F0, i)}
{(N1219->N970, F1, i) + (N1873->N1918, F0, i)}
{(N1219->N970, F1, i) + (N1918, F0, i)}
{(N1219->N970, F1, i) + (N2067->N2545, F1, i)}
{(N1219->N970, F1, i) + (N2545, F0, i)}
{(N1219->N970, F1, i) + (N194->N1192, F1, i)}
{(N1219->N970, F1, i) + (N1192, F1, i)(N140,1,i)}
{(N970, F0, i) + (N3282, F1, i)(N3711,0,i)}
{(N970, F0, i) + (N3711, F1, i)}
{(N970, F0, i) + (N3685, F0, i)}
{(N970, F0, i) + (N1873->N1918, F0, i)}
{(N970, F0, i) + (N1918, F0, i)}
{(N970, F0, i) + (N2067->N2545, F1, i)}
{(N970, F0, i) + (N2545, F0, i)}
{(N970, F0, i) + (N194->N1192, F1, i)}
{(N970, F0, i) + (N1192, F1, i)(N140,1,i)}
