{(and_not_n557_not_n564, F1, i)(not_n557,1,i)}
{(not_n564, F1, i)}
{(n564, F0, i)}
{(and_n560_n563, F0, i)}
{(n560, F0, i)}
{(n563, F0, i)}
{(n503->and_n503_n559, F0, i)}
{(and_n503_n559, F0, i)}
{(n515->and_n515_n562, F0, i)}
{(and_n515_n562, F0, i)}
{(n559, F0, i)}
{(n562, F0, i)}
{(n449->and_n449_n558, F0, i)}
{(and_n449_n558, F0, i)}
{(n344->and_n344_n561, F0, i)}
{(and_n344_n561, F0, i)}
{(n558, F0, i)}
{(n561, F0, i)}
{(n354->and_not_pi016_1_n354, F0, i)}
{(and_not_pi016_1_n354, F0, i)}
{(pi013->and_not_pi009_4_pi013, F0, i)}
{(and_not_pi009_4_pi013, F0, i)}
{(pi016->not_pi016_1, F1, i)}
{(not_pi016_1, F0, i)}
{(pi009->not_pi009_4, F1, i)}
{(not_pi009_4, F0, i)}
