{(and_not_n498_not_n507, F1, i)(not_n507,0,i)}
{(not_n507, F1, i)}
{(n507, F0, i)}
{(and_n502_n506, F0, i)}
{(n506, F0, i)}
{(n502, F0, i)}
{(n503->and_n503_n505, F0, i)}
{(and_n503_n505, F0, i)}
{(and_n499_n501, F0, i)}
{(n505, F0, i)}
{(n501, F0, i)}
{(n499, F0, i)}
{(n448->and_n448_n504, F0, i)}
{(and_n448_n504, F0, i)}
{(n332->and_n332_n500, F0, i)}
{(and_n332_n500, F0, i)}
{(n291->and_n291_n344, F0, i)}
{(n344->and_n291_n344, F0, i)}
{(and_n291_n344, F0, i)}
{(n504, F0, i)}
{(n500, F0, i)}
{(n449->and_not_pi009_2_n449, F0, i)}
{(and_not_pi009_2_n449, F0, i)}
{(pi011->and_pi011_n459, F0, i)}
{(n459->and_pi011_n459, F0, i)}
{(and_pi011_n459, F0, i)}
{(pi009->not_pi009_2, F1, i)}
{(not_pi009_2, F0, i)}
