100.0	{(not_n410, F1, i)}
100.0	{(n410->not_n410, F0, i)}
100.0	{(n410, F0, i)}
100.0	{(and_pi082_not_n409->n410, F0, i)}
100.0	{(and_pi082_not_n409, F0, i)}
100.0	{(not_n409->and_pi082_not_n409, F0, i)}
100.0	{(not_n409, F0, i)}
100.0	{(n409->not_n409, F1, i)}
100.0	{(n409, F1, i)}
100.0	{(and_n402_n408->n409, F1, i)}
100.0	{(and_n402_n408, F1, i)}
100.0	{(not_n410->and_not_n410_not_n411, F1, i)}
100.0	{(not_n751, F1, i)}
100.0	{(n751->not_n751, F0, i)}
100.0	{(n751, F0, i)}
100.0	{(and_n748_n750->n751, F0, i)}
100.0	{(and_n748_n750, F0, i)}
100.0	{(n750->and_n748_n750, F0, i)}
100.0	{(n748->and_n748_n750, F0, i)}
100.0	{(n750, F0, i)}
100.0	{(and_not_pi027_0_n749->n750, F0, i)}
100.0	{(and_not_pi027_0_n749, F0, i)}
100.0	{(n749->and_not_pi027_0_n749, F0, i)}
100.0	{(not_pi027_0->and_not_pi027_0_n749, F0, i)}
100.0	{(not_pi027_0, F0, i)}
100.0	{(not_n751->and_not_n746_not_n751, F1, i)}
100.0	{(n748, F0, i)}
100.0	{(and_not_pi116_0_n747->n748, F0, i)}
100.0	{(and_not_pi116_0_n747, F0, i)}
100.0	{(not_pi116_0->and_not_pi116_0_n747, F0, i)}
100.0	{(n747->and_not_pi116_0_n747, F0, i)}
100.0	{(not_pi116_0, F0, i)}
100.0	{(n747, F0, i)}
100.0	{(and_pi025_not_pi026_1->n747, F0, i)}
100.0	{(and_pi025_not_pi026_1, F0, i)}
100.0	{(not_pi026_1->and_pi025_not_pi026_1, F0, i)}
100.0	{(not_pi026_1, F0, i)}
