100.0	{(n1421, F0, i)}
100.0	{(and_pi138_n1412->n1421, F0, i)}
100.0	{(and_pi138_n1412, F0, i)}
100.0	{(n1412->and_pi138_n1412, F0, i)}
100.0	{(n488, F0, i)}
100.0	{(and_not_pi017_4_not_pi018_2->n488, F0, i)}
100.0	{(and_not_pi017_4_not_pi018_2, F0, i)}
100.0	{(not_pi017_4->and_not_pi017_4_not_pi018_2, F0, i)}
100.0	{(not_pi018_2->and_not_pi017_4_not_pi018_2, F0, i)}
100.0	{(not_pi017_4, F0, i)}
100.0	{(not_pi018_2, F0, i)}
100.0	{(n487, F0, i)}
100.0	{(and_n369_n417->n487, F0, i)}
100.0	{(and_n369_n417, F0, i)}
100.0	{(n369->and_n369_n417, F0, i)}
100.0	{(n417->and_n369_n417, F0, i)}
100.0	{(not_n668, F1, i)}
100.0	{(n668->not_n668, F0, i)}
100.0	{(n668, F0, i)}
100.0	{(and_n487_n667->n668, F0, i)}
100.0	{(and_n487_n667, F0, i)}
100.0	{(n487->and_n487_n667, F0, i)}
100.0	{(n667->and_n487_n667, F0, i)}
100.0	{(n667, F0, i)}
100.0	{(and_n663_n666->n667, F0, i)}
100.0	{(and_n663_n666, F0, i)}
100.0	{(n663->and_n663_n666, F0, i)}
100.0	{(n666->and_n663_n666, F0, i)}
100.0	{(n663, F0, i)}
100.0	{(and_n355_n488->n663, F0, i)}
100.0	{(n666, F0, i)}
100.0	{(and_n299_n665->n666, F0, i)}
100.0	{(and_n355_n488, F0, i)}
100.0	{(n355->and_n355_n488, F0, i)}
100.0	{(n488->and_n355_n488, F0, i)}
100.0	{(and_n299_n665, F0, i)}
100.0	{(n299->and_n299_n665, F0, i)}
100.0	{(n665->and_n299_n665, F0, i)}
100.0	{(n665, F0, i)}
100.0	{(and_pi019_n664->n665, F0, i)}
100.0	{(and_pi019_n664, F0, i)}
100.0	{(n664->and_pi019_n664, F0, i)}
100.0	{(n664, F0, i)}
100.0	{(and_not_pi021_3_pi054->n664, F0, i)}
100.0	{(and_not_pi021_3_pi054, F0, i)}
100.0	{(not_pi021_3->and_not_pi021_3_pi054, F0, i)}
100.0	{(not_pi021_3, F0, i)}
100.0	{(not_n668->and_not_n662_not_n668, F1, i)}
100.0	{(po036_driver->po036, F0, i)}
100.0	{(po036_driver, F0, i)}
100.0	{(and_not_pi003_24010_n670->po036_driver, F0, i)}
100.0	{(and_not_pi003_24010_n670, F0, i)}
100.0	{(n670->and_not_pi003_24010_n670, F0, i)}
100.0	{(not_pi003_24010->and_not_pi003_24010_n670, F0, i)}
100.0	{(n670, F0, i)}
100.0	{(and_not_pi129_2824752490_not_n669->n670, F0, i)}
100.0	{(not_pi003_24010, F0, i)}
100.0	{(and_not_pi129_2824752490_not_n669, F0, i)}
100.0	{(not_pi129_2824752490->and_not_pi129_2824752490_not_n669, F0, i)}
100.0	{(not_n669->and_not_pi129_2824752490_not_n669, F0, i)}
100.0	{(not_pi129_2824752490, F0, i)}
100.0	{(not_n669, F0, i)}
100.0	{(n669->not_n669, F1, i)}
100.0	{(n669, F1, i)}
100.0	{(and_not_n662_not_n668->n669, F1, i)}
100.0	{(and_not_n662_not_n668, F1, i)}
100.0	{(n369, F0, i)}
100.0	{(and_n345_n357->n369, F0, i)}
100.0	{(and_n345_n357, F0, i)}
100.0	{(n345->and_n345_n357, F0, i)}
100.0	{(n357->and_n345_n357, F0, i)}
