100.0	{(n726, F0, i)}
100.0	{(and_not_pi110_0_not_n725->n726, F0, i)}
100.0	{(and_not_pi110_0_not_n725, F0, i)}
100.0	{(not_pi110_0->and_not_pi110_0_not_n725, F0, i)}
100.0	{(not_n725->and_not_pi110_0_not_n725, F0, i)}
100.0	{(not_pi110_0, F0, i)}
100.0	{(not_n725, F0, i)}
100.0	{(n725->not_n725, F1, i)}
100.0	{(n1325, F0, i)}
100.0	{(and_n1251_n1324->n1325, F0, i)}
100.0	{(and_n1251_n1324, F0, i)}
100.0	{(n1251->and_n1251_n1324, F0, i)}
100.0	{(n1324->and_n1251_n1324, F0, i)}
100.0	{(not_n1366, F1, i)}
100.0	{(n1366->not_n1366, F0, i)}
100.0	{(n1366, F0, i)}
100.0	{(and_pi141_n1325->n1366, F0, i)}
100.0	{(and_pi141_n1325, F0, i)}
100.0	{(n1325->and_pi141_n1325, F0, i)}
100.0	{(not_n1366->and_not_n1365_not_n1366, F1, i)}
