100.0	{(not_n861, F1, i)}
100.0	{(n861->not_n861, F0, i)}
100.0	{(n861, F0, i)}
100.0	{(and_pi030_not_pi109->n861, F0, i)}
100.0	{(and_pi030_not_pi109, F0, i)}
100.0	{(not_pi109->and_pi030_not_pi109, F0, i)}
100.0	{(not_pi109, F0, i)}
100.0	{(not_n861->and_not_n861_not_n862, F1, i)}
100.0	{(not_n864, F1, i)}
100.0	{(n864->not_n864, F0, i)}
100.0	{(n864, F0, i)}
100.0	{(and_not_pi106_not_n863->n864, F0, i)}
100.0	{(and_not_pi106_not_n863, F0, i)}
100.0	{(not_pi106->and_not_pi106_not_n863, F0, i)}
100.0	{(not_n863->and_not_pi106_not_n863, F0, i)}
100.0	{(not_pi106, F0, i)}
100.0	{(not_n863, F0, i)}
100.0	{(n863->not_n863, F1, i)}
100.0	{(n863, F1, i)}
100.0	{(and_not_n861_not_n862->n863, F1, i)}
100.0	{(and_not_n861_not_n862, F1, i)}
100.0	{(not_n864->and_not_n864_not_n865, F1, i)}
100.0	{(po045_driver->po045, F0, i)}
100.0	{(po045_driver, F0, i)}
100.0	{(and_not_pi129_113988951853731430_not_n866->po045_driver, F0, i)}
100.0	{(and_not_pi129_113988951853731430_not_n866, F0, i)}
100.0	{(not_pi129_113988951853731430->and_not_pi129_113988951853731430_not_n866, F0, i)}
100.0	{(not_n866->and_not_pi129_113988951853731430_not_n866, F0, i)}
100.0	{(not_pi129_113988951853731430, F0, i)}
100.0	{(not_n866, F0, i)}
100.0	{(n866->not_n866, F1, i)}
100.0	{(n866, F1, i)}
100.0	{(and_not_n864_not_n865->n866, F1, i)}
100.0	{(and_not_n864_not_n865, F1, i)}
