99.08	{(not_n1393, F1, i)}
99.08	{(n1393->not_n1393, F0, i)}
99.08	{(n1393, F0, i)}
99.08	{(and_not_n1391_not_n1392->n1393, F0, i)}
99.08	{(and_not_n1391_not_n1392, F0, i)}
99.08	{(not_n1391->and_not_n1391_not_n1392, F0, i)}
99.08	{(not_n1392->and_not_n1391_not_n1392, F0, i)}
99.08	{(not_n1391, F0, i)}
99.08	{(n1391->not_n1391, F1, i)}
99.08	{(not_n1392, F0, i)}
99.08	{(n1392->not_n1392, F1, i)}
99.08	{(n1391, F1, i)}
99.08	{(and_pi089_not_n1386_0->n1391, F1, i)}
99.08	{(n1392, F1, i)}
99.08	{(and_pi140_n1386->n1392, F1, i)}
99.08	{(and_pi089_not_n1386_0, F1, i)}
99.08	{(and_pi140_n1386, F1, i)}
99.08	{(not_n1393->and_not_pi129_103677930763188441902487387275962551382129494864490_not_n1393, F1, i)}
89.98	{(po104_driver->po104, F1, i)}
89.98	{(po104_driver, F1, i)}
89.98	{(and_not_pi129_103677930763188441902487387275962551382129494864490_not_n1393->po104_driver, F1, i)}
89.98	{(and_not_pi129_103677930763188441902487387275962551382129494864490_not_n1393, F1, i)}
