100.0	{(not_n1191, F1, i)}
100.0	{(n1191->not_n1191, F0, i)}
100.0	{(n1191, F0, i)}
100.0	{(and_not_pi058_8_not_n1190->n1191, F0, i)}
100.0	{(and_not_pi058_8_not_n1190, F0, i)}
100.0	{(not_pi058_8->and_not_pi058_8_not_n1190, F0, i)}
100.0	{(not_n1190->and_not_pi058_8_not_n1190, F0, i)}
100.0	{(not_pi058_8, F0, i)}
100.0	{(not_n1190, F0, i)}
100.0	{(n1190->not_n1190, F1, i)}
100.0	{(n1190, F1, i)}
100.0	{(and_not_n1187_not_n1189->n1190, F1, i)}
100.0	{(and_not_n1187_not_n1189, F1, i)}
100.0	{(not_n1191->and_not_n1191_not_n1193, F1, i)}
100.0	{(not_n1195, F1, i)}
100.0	{(n1195->not_n1195, F0, i)}
100.0	{(n1195, F0, i)}
100.0	{(and_pi057_not_n1194->n1195, F0, i)}
100.0	{(and_pi057_not_n1194, F0, i)}
100.0	{(not_n1194->and_pi057_not_n1194, F0, i)}
100.0	{(not_n1194, F0, i)}
100.0	{(n1194->not_n1194, F1, i)}
100.0	{(n1194, F1, i)}
100.0	{(and_not_n1191_not_n1193->n1194, F1, i)}
100.0	{(and_not_n1191_not_n1193, F1, i)}
100.0	{(not_n1195->and_not_n1195_not_n1197, F1, i)}
100.0	{(not_n1189, F1, i)}
100.0	{(n1189->not_n1189, F0, i)}
100.0	{(n1189, F0, i)}
100.0	{(and_not_pi085_9_not_n1188->n1189, F0, i)}
100.0	{(and_not_pi085_9_not_n1188, F0, i)}
100.0	{(not_pi085_9->and_not_pi085_9_not_n1188, F0, i)}
100.0	{(not_n1188->and_not_pi085_9_not_n1188, F0, i)}
100.0	{(not_pi085_9, F0, i)}
100.0	{(not_n1188, F0, i)}
100.0	{(n1188->not_n1188, F1, i)}
100.0	{(n1188, F1, i)}
100.0	{(and_pi026_pi053->n1188, F1, i)}
100.0	{(and_pi026_pi053, F1, i)}
100.0	{(not_n1189->and_not_n1187_not_n1189, F1, i)}
100.0	{(po072_driver->po072, F0, i)}
100.0	{(po072_driver, F0, i)}
100.0	{(and_not_pi003_968890104070_n1203->po072_driver, F0, i)}
100.0	{(and_not_pi003_968890104070_n1203, F0, i)}
100.0	{(not_pi003_968890104070->and_not_pi003_968890104070_n1203, F0, i)}
100.0	{(n1203->and_not_pi003_968890104070_n1203, F0, i)}
100.0	{(not_pi003_968890104070, F0, i)}
100.0	{(n1203, F0, i)}
100.0	{(and_not_pi129_152867006319425761937651857692768264010_not_n1202->n1203, F0, i)}
100.0	{(and_not_pi129_152867006319425761937651857692768264010_not_n1202, F0, i)}
100.0	{(not_pi129_152867006319425761937651857692768264010->and_not_pi129_152867006319425761937651857692768264010_not_n1202, F0, i)}
100.0	{(not_n1202->and_not_pi129_152867006319425761937651857692768264010_not_n1202, F0, i)}
100.0	{(not_pi129_152867006319425761937651857692768264010, F0, i)}
100.0	{(not_n1202, F0, i)}
100.0	{(n1202->not_n1202, F1, i)}
100.0	{(n1202, F1, i)}
100.0	{(and_not_n1199_not_n1201->n1202, F1, i)}
100.0	{(and_not_n1199_not_n1201, F1, i)}
100.0	{(not_n1199, F1, i)}
100.0	{(n1199->not_n1199, F0, i)}
100.0	{(n1199, F0, i)}
100.0	{(and_not_pi027_70_not_n1198->n1199, F0, i)}
100.0	{(and_not_pi027_70_not_n1198, F0, i)}
100.0	{(not_pi027_70->and_not_pi027_70_not_n1198, F0, i)}
100.0	{(not_n1198->and_not_pi027_70_not_n1198, F0, i)}
100.0	{(not_pi027_70, F0, i)}
100.0	{(not_n1198, F0, i)}
100.0	{(n1198->not_n1198, F1, i)}
100.0	{(n1198, F1, i)}
100.0	{(and_not_n1195_not_n1197->n1198, F1, i)}
100.0	{(and_not_n1195_not_n1197, F1, i)}
100.0	{(not_n1199->and_not_n1199_not_n1201, F1, i)}
