100.0	{(po042_driver->po042, F0, i)}
100.0	{(po042_driver, F0, i)}
100.0	{(and_n786_n788->po042_driver, F0, i)}
100.0	{(and_n786_n788, F0, i)}
100.0	{(n788->and_n786_n788, F0, i)}
100.0	{(n786->and_n786_n788, F0, i)}
100.0	{(n786, F0, i)}
100.0	{(and_not_pi003_57648010_n785->n786, F0, i)}
100.0	{(and_not_pi003_57648010_n785, F0, i)}
100.0	{(not_pi003_57648010->and_not_pi003_57648010_n785, F0, i)}
100.0	{(n785->and_not_pi003_57648010_n785, F0, i)}
100.0	{(not_pi003_57648010, F0, i)}
100.0	{(n785, F0, i)}
100.0	{(and_not_pi129_332329305696010_not_n784->n785, F0, i)}
100.0	{(and_not_pi129_332329305696010_not_n784, F0, i)}
100.0	{(not_pi129_332329305696010->and_not_pi129_332329305696010_not_n784, F0, i)}
100.0	{(not_n784->and_not_pi129_332329305696010_not_n784, F0, i)}
100.0	{(not_pi129_332329305696010, F0, i)}
100.0	{(not_n784, F0, i)}
100.0	{(n784->not_n784, F1, i)}
100.0	{(n784, F1, i)}
100.0	{(and_not_n782_not_n783->n784, F1, i)}
100.0	{(and_not_n782_not_n783, F1, i)}
