25.51	{(n1355, F0, i)}
25.51	{(and_not_pi137_2_not_n1354->n1355, F0, i)}
25.51	{(and_not_pi137_2_not_n1354, F0, i)}
25.51	{(not_pi137_2->and_not_pi137_2_not_n1354, F0, i)}
25.51	{(not_n1354->and_not_pi137_2_not_n1354, F0, i)}
25.51	{(not_pi137_2, F0, i)}
25.51	{(not_n1354, F0, i)}
25.51	{(n1354->not_n1354, F1, i)}
25.51	{(n1354, F1, i)}
25.51	{(and_not_n1349_not_n1353->n1354, F1, i)}
25.51	{(and_not_n1349_not_n1353, F1, i)}
25.51	{(n1355->or_n1355_n1363, F0, i)}
25.51	{(not_n1351, F1, i)}
25.51	{(n1351->not_n1351, F0, i)}
25.51	{(n1351, F0, i)}
25.51	{(and_not_pi072_not_pi138_2->n1351, F0, i)}
25.51	{(and_not_pi072_not_pi138_2, F0, i)}
25.51	{(not_pi138_2->and_not_pi072_not_pi138_2, F0, i)}
25.51	{(not_pi072->and_not_pi072_not_pi138_2, F0, i)}
25.51	{(not_pi138_2, F0, i)}
25.51	{(not_pi072, F0, i)}
25.51	{(not_n1351->and_not_n1350_not_n1351, F1, i)}
25.51	{(not_n1353, F1, i)}
25.51	{(n1353->not_n1353, F0, i)}
25.51	{(n1353, F0, i)}
25.51	{(and_not_pi136_1_not_n1352->n1353, F0, i)}
25.51	{(and_not_pi136_1_not_n1352, F0, i)}
25.51	{(not_pi136_1->and_not_pi136_1_not_n1352, F0, i)}
25.51	{(not_n1352->and_not_pi136_1_not_n1352, F0, i)}
25.51	{(not_pi136_1, F0, i)}
25.51	{(not_n1352, F0, i)}
25.51	{(n1352->not_n1352, F1, i)}
25.51	{(n1352, F1, i)}
25.51	{(and_not_n1350_not_n1351->n1352, F1, i)}
25.51	{(and_not_n1350_not_n1351, F1, i)}
25.51	{(not_n1353->and_not_n1349_not_n1353, F1, i)}
