24.18	{(not_n353, F1, i)}
24.18	{(n353->not_n353, F0, i)}
24.18	{(n353, F0, i)}
24.18	{(and_not_pi001_not_n352->n353, F0, i)}
24.18	{(and_not_pi001_not_n352, F0, i)}
24.18	{(not_pi001->and_not_pi001_not_n352, F0, i)}
24.18	{(not_n352->and_not_pi001_not_n352, F0, i)}
24.18	{(not_pi001, F0, i)}
24.18	{(not_n352, F0, i)}
24.18	{(n352->not_n352, F1, i)}
24.18	{(n352, F1, i)}
24.18	{(and_not_n350_n351->n352, F1, i)}
24.18	{(and_not_n350_n351, F1, i)}
24.18	{(not_n353->and_not_n353_not_n375, F1, i)}
24.18	{(n353, F0, i)}
24.18	{(and_not_pi001_not_n352->n353, F0, i)}
24.18	{(and_not_pi001_not_n352, F0, i)}
24.18	{(not_pi001->and_not_pi001_not_n352, F0, i)}
24.18	{(not_n352->and_not_pi001_not_n352, F0, i)}
24.18	{(not_n352, F0, i)}
