100.0	{(not_n1147, F1, i)}
100.0	{(n1147->not_n1147, F0, i)}
100.0	{(n1147, F0, i)}
100.0	{(and_n724_n1146->n1147, F0, i)}
100.0	{(and_n724_n1146, F0, i)}
100.0	{(n724->and_n724_n1146, F0, i)}
100.0	{(n1146->and_n724_n1146, F0, i)}
100.0	{(n1146, F0, i)}
100.0	{(and_not_pi096_3_n1145->n1146, F0, i)}
100.0	{(and_not_pi096_3_n1145, F0, i)}
100.0	{(not_pi096_3->and_not_pi096_3_n1145, F0, i)}
100.0	{(n1145->and_not_pi096_3_n1145, F0, i)}
100.0	{(not_pi096_3, F0, i)}
100.0	{(n1145, F0, i)}
100.0	{(and_not_pi058_5_not_pi110_4->n1145, F0, i)}
100.0	{(and_not_pi058_5_not_pi110_4, F0, i)}
100.0	{(not_pi058_5->and_not_pi058_5_not_pi110_4, F0, i)}
100.0	{(not_pi110_4->and_not_pi058_5_not_pi110_4, F0, i)}
100.0	{(not_pi058_5, F0, i)}
100.0	{(not_pi110_4, F0, i)}
100.0	{(not_n1147->and_not_n1144_not_n1147, F1, i)}
100.0	{(not_n1150, F1, i)}
100.0	{(n1150->not_n1150, F0, i)}
100.0	{(n1150, F0, i)}
100.0	{(and_pi097_n1149->n1150, F0, i)}
100.0	{(and_pi097_n1149, F0, i)}
100.0	{(n1149->and_pi097_n1149, F0, i)}
100.0	{(n1149, F0, i)}
100.0	{(and_not_pi053_5_not_n1148->n1149, F0, i)}
100.0	{(and_not_pi053_5_not_n1148, F0, i)}
100.0	{(not_pi053_5->and_not_pi053_5_not_n1148, F0, i)}
100.0	{(not_n1148->and_not_pi053_5_not_n1148, F0, i)}
100.0	{(not_pi053_5, F0, i)}
100.0	{(not_n1148, F0, i)}
100.0	{(n1148->not_n1148, F1, i)}
100.0	{(n1148, F1, i)}
100.0	{(and_not_n1144_not_n1147->n1148, F1, i)}
100.0	{(and_not_n1144_not_n1147, F1, i)}
100.0	{(not_n1150->and_not_n1150_not_n1151, F1, i)}
