37.5	{(not_n726_1, F0, i)}
37.5	{(not_n726_1->and_not_n726_1_n787, F0, i)}
37.5	{(n787->and_not_n726_1_n787, F0, i)}
37.5	{(and_not_n726_1_n787, F0, i)}
37.5	{(and_not_n726_1_n787->n1216, F0, i)}
37.5	{(n1216, F0, i)}
37.5	{(n1216->not_n1216, F0, i)}
37.5	{(not_n1233, F0, i)}
37.5	{(not_pi129_7490483309651862334944941026945644936490, F0, i)}
37.5	{(not_n1233->and_not_pi129_7490483309651862334944941026945644936490_not_n1233, F0, i)}
37.5	{(not_pi129_7490483309651862334944941026945644936490->and_not_pi129_7490483309651862334944941026945644936490_not_n1233, F0, i)}
37.5	{(and_not_pi129_7490483309651862334944941026945644936490_not_n1233, F0, i)}
37.5	{(and_not_pi129_7490483309651862334944941026945644936490_not_n1233->n1234, F0, i)}
37.5	{(n1234, F0, i)}
37.5	{(not_pi003_47475615099430, F0, i)}
37.5	{(n1234->and_not_pi003_47475615099430_n1234, F0, i)}
37.5	{(not_pi003_47475615099430->and_not_pi003_47475615099430_n1234, F0, i)}
37.5	{(and_not_pi003_47475615099430_n1234, F0, i)}
37.5	{(and_not_pi003_47475615099430_n1234->po074_driver, F0, i)}
37.5	{(po074_driver, F0, i)}
37.5	{(not_pi026_24010->and_not_pi026_24010_not_n1230, F0, i)}
37.5	{(po074_driver->po074, F0, i)}
37.5	{(n1227->not_n1227, F0, i)}
37.5	{(n1227, F0, i)}
37.5	{(and_not_pi027_490_not_n1226->n1227, F0, i)}
37.5	{(and_not_pi027_490_not_n1226, F0, i)}
37.5	{(not_pi027_490->and_not_pi027_490_not_n1226, F0, i)}
37.5	{(not_n1226->and_not_pi027_490_not_n1226, F0, i)}
37.5	{(not_pi027_490, F0, i)}
37.5	{(not_n1226, F0, i)}
37.5	{(not_n1230->and_not_pi026_24010_not_n1230, F0, i)}
37.5	{(not_n1230, F0, i)}
37.5	{(not_pi026_24010, F0, i)}
37.5	{(and_not_pi026_24010_not_n1230, F0, i)}
37.5	{(n1222->not_n1222, F0, i)}
37.5	{(n1222, F0, i)}
37.5	{(and_not_pi085_490_not_n1221->n1222, F0, i)}
37.5	{(and_not_pi085_490_not_n1221, F0, i)}
37.5	{(not_pi085_490->and_not_pi085_490_not_n1221, F0, i)}
37.5	{(not_n1221->and_not_pi085_490_not_n1221, F0, i)}
37.5	{(not_pi085_490, F0, i)}
37.5	{(and_not_pi026_24010_not_n1230->n1231, F0, i)}
37.5	{(not_n1221, F0, i)}
37.5	{(n1231, F0, i)}
37.5	{(n1231->not_n1231, F0, i)}
37.5	{(not_n1217, F0, i)}
37.5	{(not_n1217->and_pi059_not_n1217, F0, i)}
37.5	{(and_pi059_not_n1217, F0, i)}
37.5	{(n1218->not_n1218, F0, i)}
37.5	{(n1218, F0, i)}
37.5	{(and_pi059_not_n1217->n1218, F0, i)}
