97.57	{(n1283, F0, i)}
97.57	{(and_not_n1280_not_n1282->n1283, F0, i)}
97.57	{(and_not_n1280_not_n1282, F0, i)}
97.57	{(not_n1280->and_not_n1280_not_n1282, F0, i)}
97.57	{(not_n1282->and_not_n1280_not_n1282, F0, i)}
97.57	{(not_n1280, F0, i)}
97.57	{(n1280->not_n1280, F1, i)}
97.57	{(not_n1282, F0, i)}
97.57	{(n1282->not_n1282, F1, i)}
97.57	{(n1280, F1, i)}
97.57	{(and_pi068_not_n1247_3->n1280, F1, i)}
97.57	{(n1282, F1, i)}
97.57	{(and_n1251_n1281->n1282, F1, i)}
97.57	{(and_pi068_not_n1247_3, F1, i)}
97.57	{(and_n1251_n1281, F1, i)}
97.57	{(n1283->or_pi129_n1283, F0, i)}
88.46	{(po083_driver->po083, F0, i)}
88.46	{(po083_driver, F0, i)}
88.46	{(or_pi129_n1283->po083_driver, F0, i)}
88.46	{(or_pi129_n1283, F0, i)}
