92.87	{(n1164, F1, i)}
92.87	{(and_not_pi026_70_pi058->n1164, F1, i)}
92.87	{(and_not_pi026_70_pi058, F1, i)}
92.87	{(not_n1171, F1, i)}
92.87	{(n1171->not_n1171, F0, i)}
92.87	{(n1171, F0, i)}
92.87	{(and_not_n1164_0_not_n1170->n1171, F0, i)}
92.87	{(and_not_n1164_0_not_n1170, F0, i)}
92.87	{(not_n1170->and_not_n1164_0_not_n1170, F0, i)}
92.87	{(not_n1164_0->and_not_n1164_0_not_n1170, F0, i)}
92.87	{(not_n1170, F0, i)}
92.87	{(n1170->not_n1170, F1, i)}
92.87	{(not_n1164_0, F0, i)}
92.87	{(n1164->not_n1164_0, F1, i)}
92.87	{(n1170, F1, i)}
92.87	{(and_pi037_not_pi116_8->n1170, F1, i)}
92.87	{(and_pi037_not_pi116_8, F1, i)}
92.87	{(not_n1171->and_not_n1169_not_n1171, F1, i)}
92.42	{(not_n1173, F1, i)}
92.42	{(n1173->not_n1173, F0, i)}
92.42	{(n1173, F0, i)}
92.42	{(and_not_n1168_not_n1172->n1173, F0, i)}
92.42	{(and_not_n1168_not_n1172, F0, i)}
92.42	{(not_n1168->and_not_n1168_not_n1172, F0, i)}
92.42	{(not_n1172->and_not_n1168_not_n1172, F0, i)}
92.42	{(not_n1168, F0, i)}
92.42	{(n1168->not_n1168, F1, i)}
92.42	{(not_n1172, F0, i)}
92.42	{(n1172->not_n1172, F1, i)}
92.42	{(n1168, F1, i)}
92.42	{(and_pi094_not_n1167->n1168, F1, i)}
92.42	{(n1172, F1, i)}
92.42	{(and_not_n1169_not_n1171->n1172, F1, i)}
92.42	{(and_pi094_not_n1167, F1, i)}
92.42	{(and_not_n1169_not_n1171, F1, i)}
92.42	{(not_n1173->and_not_pi053_6_not_n1173, F1, i)}
91.3	{(not_n1177, F1, i)}
91.3	{(n1177->not_n1177, F0, i)}
91.3	{(n1177, F0, i)}
91.3	{(and_not_n1174_not_n1176->n1177, F0, i)}
91.3	{(and_not_n1174_not_n1176, F0, i)}
91.3	{(not_n1176->and_not_n1174_not_n1176, F0, i)}
91.3	{(not_n1174->and_not_n1174_not_n1176, F0, i)}
91.3	{(not_n1176, F0, i)}
91.3	{(n1176->not_n1176, F1, i)}
91.3	{(not_n1174, F0, i)}
91.3	{(n1174->not_n1174, F1, i)}
91.3	{(n1176, F1, i)}
91.3	{(and_not_pi058_7_n1175->n1176, F1, i)}
91.3	{(n1174, F1, i)}
91.3	{(and_not_pi053_6_not_n1173->n1174, F1, i)}
91.3	{(and_not_pi058_7_n1175, F1, i)}
91.3	{(and_not_pi053_6_not_n1173, F1, i)}
91.3	{(not_n1177->and_not_pi085_7_not_n1177, F1, i)}
88.73	{(not_n1180, F1, i)}
88.73	{(n1180->not_n1180, F0, i)}
88.73	{(n1180, F0, i)}
88.73	{(and_not_n1178_not_n1179->n1180, F0, i)}
88.73	{(and_not_n1178_not_n1179, F0, i)}
88.73	{(not_n1179->and_not_n1178_not_n1179, F0, i)}
88.73	{(not_n1178->and_not_n1178_not_n1179, F0, i)}
88.73	{(not_n1179, F0, i)}
88.73	{(n1179->not_n1179, F1, i)}
88.73	{(not_n1178, F0, i)}
88.73	{(n1178->not_n1178, F1, i)}
88.73	{(n1179, F1, i)}
88.73	{(and_n787_n1175->n1179, F1, i)}
88.73	{(n1178, F1, i)}
88.73	{(and_not_pi085_7_not_n1177->n1178, F1, i)}
88.73	{(and_n787_n1175, F1, i)}
88.73	{(and_not_pi085_7_not_n1177, F1, i)}
88.73	{(not_n1180->and_not_pi027_10_not_n1180, F1, i)}
86.7	{(not_n1184, F1, i)}
86.7	{(n1184->not_n1184, F0, i)}
86.7	{(n1184, F0, i)}
86.7	{(and_not_n1181_not_n1183->n1184, F0, i)}
86.7	{(and_not_n1181_not_n1183, F0, i)}
86.7	{(not_n1183->and_not_n1181_not_n1183, F0, i)}
86.7	{(not_n1181->and_not_n1181_not_n1183, F0, i)}
86.7	{(not_n1183, F0, i)}
86.7	{(n1183->not_n1183, F1, i)}
86.7	{(not_n1181, F0, i)}
86.7	{(n1181->not_n1181, F1, i)}
86.7	{(n1183, F1, i)}
86.7	{(and_n1175_n1182->n1183, F1, i)}
86.7	{(n1181, F1, i)}
86.7	{(and_not_pi027_10_not_n1180->n1181, F1, i)}
86.7	{(and_n1175_n1182, F1, i)}
86.7	{(and_not_pi027_10_not_n1180, F1, i)}
86.7	{(not_n1184->and_not_pi129_21838143759917965991093122527538323430_not_n1184, F1, i)}
82.35	{(n1185, F1, i)}
82.35	{(and_not_pi129_21838143759917965991093122527538323430_not_n1184->n1185, F1, i)}
82.35	{(and_not_pi129_21838143759917965991093122527538323430_not_n1184, F1, i)}
82.35	{(n1185->and_not_pi003_138412872010_n1185, F1, i)}
80.43	{(po071_driver->po071, F1, i)}
80.43	{(po071_driver, F1, i)}
80.43	{(and_not_pi003_138412872010_n1185->po071_driver, F1, i)}
80.43	{(and_not_pi003_138412872010_n1185, F1, i)}
