100.0	{(not_n1420, F1, i)}
100.0	{(n1420->not_n1420, F0, i)}
100.0	{(n1420, F0, i)}
100.0	{(and_not_pi110_6_n1419->n1420, F0, i)}
100.0	{(and_not_pi110_6_n1419, F0, i)}
100.0	{(not_pi110_6->and_not_pi110_6_n1419, F0, i)}
100.0	{(n1419->and_not_pi110_6_n1419, F0, i)}
100.0	{(not_pi110_6, F0, i)}
100.0	{(n1419, F0, i)}
100.0	{(and_not_pi003_2326305139872070_not_n1246->n1419, F0, i)}
100.0	{(and_not_pi003_2326305139872070_not_n1246, F0, i)}
100.0	{(not_pi003_2326305139872070->and_not_pi003_2326305139872070_not_n1246, F0, i)}
100.0	{(not_n1246->and_not_pi003_2326305139872070_not_n1246, F0, i)}
100.0	{(not_pi003_2326305139872070, F0, i)}
100.0	{(not_n1246, F0, i)}
100.0	{(n1246->not_n1246, F1, i)}
100.0	{(not_n1420->and_not_n1420_not_n1422, F1, i)}
100.0	{(n1423, F1, i)}
100.0	{(and_not_n1420_not_n1422->n1423, F1, i)}
100.0	{(and_not_n1420_not_n1422, F1, i)}
