28.45	{(not_n483, F1, i)}
28.45	{(n483->not_n483, F0, i)}
28.45	{(n483, F0, i)}
28.45	{(and_not_n472_not_n482->n483, F0, i)}
28.45	{(and_not_n472_not_n482, F0, i)}
28.45	{(not_n472->and_not_n472_not_n482, F0, i)}
28.45	{(not_n482->and_not_n472_not_n482, F0, i)}
28.45	{(not_n472, F0, i)}
28.45	{(n472->not_n472, F1, i)}
28.45	{(not_n482, F0, i)}
28.45	{(n482->not_n482, F1, i)}
28.45	{(n472, F1, i)}
28.45	{(and_pi007_not_pi054_2->n472, F1, i)}
28.45	{(n482, F1, i)}
28.45	{(and_n478_n481->n482, F1, i)}
28.45	{(and_pi007_not_pi054_2, F1, i)}
28.45	{(and_n478_n481, F1, i)}
28.45	{(not_n483->and_not_pi129_6_not_n483, F1, i)}
28.45	{(not_n472->and_not_n472_not_n482, F0, i)}
28.45	{(n483, F0, i)}
28.45	{(and_not_n472_not_n482->n483, F0, i)}
28.45	{(and_not_n472_not_n482, F0, i)}
28.45	{(not_n482->and_not_n472_not_n482, F0, i)}
