99.36	{(not_n1177, F1, i)}
99.36	{(n1177->not_n1177, F0, i)}
99.36	{(n1177, F0, i)}
99.36	{(and_not_n1174_not_n1176->n1177, F0, i)}
99.36	{(and_not_n1174_not_n1176, F0, i)}
99.36	{(not_n1176->and_not_n1174_not_n1176, F0, i)}
99.36	{(not_n1174->and_not_n1174_not_n1176, F0, i)}
99.36	{(not_n1176, F0, i)}
99.36	{(n1176->not_n1176, F1, i)}
99.36	{(not_n1174, F0, i)}
99.36	{(n1174->not_n1174, F1, i)}
99.36	{(n1176, F1, i)}
99.36	{(and_not_pi058_7_n1175->n1176, F1, i)}
99.36	{(n1174, F1, i)}
99.36	{(and_not_pi053_6_not_n1173->n1174, F1, i)}
99.36	{(and_not_pi058_7_n1175, F1, i)}
99.36	{(and_not_pi053_6_not_n1173, F1, i)}
99.36	{(not_n1177->and_not_pi085_7_not_n1177, F1, i)}
96.88	{(not_n1180, F1, i)}
96.88	{(n1180->not_n1180, F0, i)}
96.88	{(n1180, F0, i)}
96.88	{(and_not_n1178_not_n1179->n1180, F0, i)}
96.88	{(and_not_n1178_not_n1179, F0, i)}
96.88	{(not_n1179->and_not_n1178_not_n1179, F0, i)}
96.88	{(not_n1178->and_not_n1178_not_n1179, F0, i)}
96.88	{(not_n1179, F0, i)}
96.88	{(n1179->not_n1179, F1, i)}
96.88	{(not_n1178, F0, i)}
96.88	{(n1178->not_n1178, F1, i)}
96.88	{(n1179, F1, i)}
96.88	{(and_n787_n1175->n1179, F1, i)}
96.88	{(n1178, F1, i)}
96.88	{(and_not_pi085_7_not_n1177->n1178, F1, i)}
96.88	{(and_n787_n1175, F1, i)}
96.88	{(and_not_pi085_7_not_n1177, F1, i)}
96.88	{(not_n1180->and_not_pi027_10_not_n1180, F1, i)}
94.14	{(not_n1184, F1, i)}
94.14	{(n1184->not_n1184, F0, i)}
94.14	{(n1184, F0, i)}
94.14	{(and_not_n1181_not_n1183->n1184, F0, i)}
94.14	{(and_not_n1181_not_n1183, F0, i)}
94.14	{(not_n1183->and_not_n1181_not_n1183, F0, i)}
94.14	{(not_n1181->and_not_n1181_not_n1183, F0, i)}
94.14	{(not_n1183, F0, i)}
94.14	{(n1183->not_n1183, F1, i)}
94.14	{(not_n1181, F0, i)}
94.14	{(n1181->not_n1181, F1, i)}
94.14	{(n1183, F1, i)}
94.14	{(and_n1175_n1182->n1183, F1, i)}
94.14	{(n1181, F1, i)}
94.14	{(and_not_pi027_10_not_n1180->n1181, F1, i)}
94.14	{(and_n1175_n1182, F1, i)}
94.14	{(and_not_pi027_10_not_n1180, F1, i)}
94.14	{(not_n1184->and_not_pi129_21838143759917965991093122527538323430_not_n1184, F1, i)}
87.43	{(n1185, F1, i)}
87.43	{(and_not_pi129_21838143759917965991093122527538323430_not_n1184->n1185, F1, i)}
87.43	{(and_not_pi129_21838143759917965991093122527538323430_not_n1184, F1, i)}
87.43	{(n1185->and_not_pi003_138412872010_n1185, F1, i)}
84.57	{(po071_driver->po071, F1, i)}
84.57	{(po071_driver, F1, i)}
84.57	{(and_not_pi003_138412872010_n1185->po071_driver, F1, i)}
84.57	{(and_not_pi003_138412872010_n1185, F1, i)}
