98.72	{(not_n853, F1, i)}
98.72	{(n853->not_n853, F0, i)}
98.72	{(n853, F0, i)}
98.72	{(and_not_n850_not_n852->n853, F0, i)}
98.72	{(and_not_n850_not_n852, F0, i)}
98.72	{(not_n850->and_not_n850_not_n852, F0, i)}
98.72	{(not_n852->and_not_n850_not_n852, F0, i)}
98.72	{(not_n850, F0, i)}
98.72	{(n850->not_n850, F1, i)}
98.72	{(not_n852, F0, i)}
98.72	{(n852->not_n852, F1, i)}
98.72	{(n850, F1, i)}
98.72	{(and_not_pi085_6_not_n849->n850, F1, i)}
98.72	{(n852, F1, i)}
98.72	{(and_n838_n851->n852, F1, i)}
98.72	{(and_not_pi085_6_not_n849, F1, i)}
98.72	{(and_n838_n851, F1, i)}
98.72	{(not_n853->and_not_pi026_9_not_n853, F1, i)}
95.67	{(not_n858, F1, i)}
95.67	{(n858->not_n858, F0, i)}
95.67	{(n858, F0, i)}
95.67	{(and_not_n854_not_n857->n858, F0, i)}
95.67	{(and_not_n854_not_n857, F0, i)}
95.67	{(not_n857->and_not_n854_not_n857, F0, i)}
95.67	{(not_n854->and_not_n854_not_n857, F0, i)}
95.67	{(not_n857, F0, i)}
95.67	{(n857->not_n857, F1, i)}
95.67	{(not_n854, F0, i)}
95.67	{(n854->not_n854, F1, i)}
95.67	{(n857, F1, i)}
95.67	{(and_n838_n856->n857, F1, i)}
95.67	{(n854, F1, i)}
95.67	{(and_not_pi026_9_not_n853->n854, F1, i)}
95.67	{(and_n838_n856, F1, i)}
95.67	{(and_not_pi026_9_not_n853, F1, i)}
95.67	{(not_n858->and_not_pi129_16284135979104490_not_n858, F1, i)}
88.55	{(n859, F1, i)}
88.55	{(and_not_pi129_16284135979104490_not_n858->n859, F1, i)}
88.55	{(and_not_pi129_16284135979104490_not_n858, F1, i)}
88.55	{(n859->and_not_pi003_2824752490_n859, F1, i)}
85.29	{(po044_driver->po044, F1, i)}
85.29	{(po044_driver, F1, i)}
85.29	{(and_not_pi003_2824752490_n859->po044_driver, F1, i)}
85.29	{(and_not_pi003_2824752490_n859, F1, i)}
