100.0	{(n748, F0, i)}
100.0	{(and_not_pi116_0_n747->n748, F0, i)}
100.0	{(and_not_pi116_0_n747, F0, i)}
100.0	{(not_pi116_0->and_not_pi116_0_n747, F0, i)}
100.0	{(n747->and_not_pi116_0_n747, F0, i)}
100.0	{(not_pi116_0, F0, i)}
100.0	{(n747, F0, i)}
100.0	{(and_pi025_not_pi026_1->n747, F0, i)}
100.0	{(and_pi025_not_pi026_1, F0, i)}
100.0	{(not_pi026_1->and_pi025_not_pi026_1, F0, i)}
100.0	{(not_pi026_1, F0, i)}
100.0	{(not_n751, F1, i)}
100.0	{(n751->not_n751, F0, i)}
100.0	{(n751, F0, i)}
100.0	{(and_n748_n750->n751, F0, i)}
100.0	{(and_n748_n750, F0, i)}
100.0	{(n750->and_n748_n750, F0, i)}
100.0	{(n748->and_n748_n750, F0, i)}
100.0	{(n750, F0, i)}
100.0	{(and_not_pi027_0_n749->n750, F0, i)}
100.0	{(and_not_pi027_0_n749, F0, i)}
100.0	{(n749->and_not_pi027_0_n749, F0, i)}
100.0	{(not_pi027_0->and_not_pi027_0_n749, F0, i)}
100.0	{(not_pi027_0, F0, i)}
100.0	{(not_n751->and_not_n746_not_n751, F1, i)}
100.0	{(not_n1257, F1, i)}
100.0	{(n1257->not_n1257, F0, i)}
100.0	{(n1257, F0, i)}
100.0	{(and_n1251_n1256->n1257, F0, i)}
100.0	{(and_n1251_n1256, F0, i)}
100.0	{(n1251->and_n1251_n1256, F0, i)}
100.0	{(n1256->and_n1251_n1256, F0, i)}
100.0	{(n1256, F0, i)}
100.0	{(and_not_pi142_n1249->n1256, F0, i)}
100.0	{(and_not_pi142_n1249, F0, i)}
100.0	{(n1249->and_not_pi142_n1249, F0, i)}
100.0	{(not_pi142->and_not_pi142_n1249, F0, i)}
100.0	{(not_pi142, F0, i)}
100.0	{(not_n1257->and_not_n1255_not_n1257, F1, i)}
