88.58	{(n1288, F0, i)}
88.58	{(and_not_n1285_not_n1287->n1288, F0, i)}
88.58	{(and_not_n1285_not_n1287, F0, i)}
88.58	{(not_n1285->and_not_n1285_not_n1287, F0, i)}
88.58	{(not_n1287->and_not_n1285_not_n1287, F0, i)}
88.58	{(not_n1285, F0, i)}
88.58	{(n1285->not_n1285, F1, i)}
88.58	{(not_n1287, F0, i)}
88.58	{(n1287->not_n1287, F1, i)}
88.58	{(n1285, F1, i)}
88.58	{(and_pi069_not_n1247_4->n1285, F1, i)}
88.58	{(n1287, F1, i)}
88.58	{(and_n1251_n1286->n1287, F1, i)}
88.58	{(and_pi069_not_n1247_4, F1, i)}
88.58	{(and_n1251_n1286, F1, i)}
88.58	{(n1288->or_pi129_n1288, F0, i)}
83.4	{(po084_driver->po084, F0, i)}
83.4	{(po084_driver, F0, i)}
83.4	{(or_pi129_n1288->po084_driver, F0, i)}
83.4	{(or_pi129_n1288, F0, i)}
