50.0	{(not_n1608, F1, i)}
50.0	{(n1608->not_n1608, F0, i)}
50.0	{(n1608, F0, i)}
50.0	{(and_n1606_n1607->n1608, F0, i)}
50.0	{(and_n1606_n1607, F0, i)}
50.0	{(n1607->and_n1606_n1607, F0, i)}
50.0	{(n1606->and_n1606_n1607, F0, i)}
50.0	{(n1607, F0, i)}
50.0	{(and_not_pi007_10_not_pi009_6->n1607, F0, i)}
50.0	{(n1606, F0, i)}
50.0	{(and_not_pi004_2_not_pi012_6->n1606, F0, i)}
50.0	{(and_not_pi007_10_not_pi009_6, F0, i)}
50.0	{(not_pi009_6->and_not_pi007_10_not_pi009_6, F0, i)}
50.0	{(not_pi007_10->and_not_pi007_10_not_pi009_6, F0, i)}
50.0	{(and_not_pi004_2_not_pi012_6, F0, i)}
50.0	{(not_pi004_2->and_not_pi004_2_not_pi012_6, F0, i)}
50.0	{(not_pi012_6->and_not_pi004_2_not_pi012_6, F0, i)}
50.0	{(not_pi009_6, F0, i)}
50.0	{(not_pi007_10, F0, i)}
50.0	{(not_pi004_2, F0, i)}
50.0	{(not_pi012_6, F0, i)}
50.0	{(not_n1608->and_not_pi129_1181813865805958799768684143120019644340385488367699234582870392070_not_n1608, F1, i)}
