100.0	{(n448, F0, i)}
100.0	{(and_not_pi016_0_pi054->n448, F0, i)}
100.0	{(and_not_pi016_0_pi054, F0, i)}
100.0	{(not_pi016_0->and_not_pi016_0_pi054, F0, i)}
100.0	{(not_pi016_0, F0, i)}
100.0	{(po034_driver->po034, F0, i)}
100.0	{(po034_driver, F0, i)}
100.0	{(and_not_pi003_3430_n636->po034_driver, F0, i)}
100.0	{(and_not_pi003_3430_n636, F0, i)}
100.0	{(n636->and_not_pi003_3430_n636, F0, i)}
100.0	{(not_pi003_3430->and_not_pi003_3430_n636, F0, i)}
100.0	{(n636, F0, i)}
100.0	{(and_not_pi129_57648010_not_n635->n636, F0, i)}
100.0	{(not_pi003_3430, F0, i)}
100.0	{(and_not_pi129_57648010_not_n635, F0, i)}
100.0	{(not_pi129_57648010->and_not_pi129_57648010_not_n635, F0, i)}
100.0	{(not_n635->and_not_pi129_57648010_not_n635, F0, i)}
100.0	{(not_pi129_57648010, F0, i)}
100.0	{(not_n635, F0, i)}
100.0	{(n635->not_n635, F1, i)}
100.0	{(n635, F1, i)}
100.0	{(and_not_n628_not_n634->n635, F1, i)}
100.0	{(and_not_n628_not_n634, F1, i)}
100.0	{(not_n634, F1, i)}
100.0	{(n634->not_n634, F0, i)}
100.0	{(n634, F0, i)}
100.0	{(and_n487_n633->n634, F0, i)}
100.0	{(and_n487_n633, F0, i)}
100.0	{(n487->and_n487_n633, F0, i)}
100.0	{(n633->and_n487_n633, F0, i)}
100.0	{(n633, F0, i)}
100.0	{(and_n629_n632->n633, F0, i)}
100.0	{(and_n629_n632, F0, i)}
100.0	{(n629->and_n629_n632, F0, i)}
100.0	{(n632->and_n629_n632, F0, i)}
100.0	{(n629, F0, i)}
100.0	{(and_pi017_n612->n629, F0, i)}
100.0	{(n632, F0, i)}
100.0	{(and_n448_n631->n632, F0, i)}
100.0	{(and_pi017_n612, F0, i)}
100.0	{(n612->and_pi017_n612, F0, i)}
100.0	{(and_n448_n631, F0, i)}
100.0	{(n631->and_n448_n631, F0, i)}
100.0	{(n448->and_n448_n631, F0, i)}
100.0	{(n631, F0, i)}
100.0	{(and_not_pi019_1_n630->n631, F0, i)}
100.0	{(and_not_pi019_1_n630, F0, i)}
100.0	{(n630->and_not_pi019_1_n630, F0, i)}
100.0	{(not_pi019_1->and_not_pi019_1_n630, F0, i)}
100.0	{(n630, F0, i)}
100.0	{(and_not_pi004_1_not_pi018_3->n630, F0, i)}
100.0	{(not_pi019_1, F0, i)}
100.0	{(and_not_pi004_1_not_pi018_3, F0, i)}
100.0	{(not_pi004_1->and_not_pi004_1_not_pi018_3, F0, i)}
100.0	{(not_pi018_3->and_not_pi004_1_not_pi018_3, F0, i)}
100.0	{(not_pi004_1, F0, i)}
100.0	{(not_pi018_3, F0, i)}
100.0	{(not_n634->and_not_n628_not_n634, F1, i)}
