37.07	{(n1509, F0, i)}
37.07	{(and_not_pi138_10_not_n1508->n1509, F0, i)}
37.07	{(and_not_pi138_10_not_n1508, F0, i)}
37.07	{(not_pi138_10->and_not_pi138_10_not_n1508, F0, i)}
37.07	{(not_n1508->and_not_pi138_10_not_n1508, F0, i)}
37.07	{(not_pi138_10, F0, i)}
37.07	{(not_n1508, F0, i)}
37.07	{(n1508->not_n1508, F1, i)}
37.07	{(n1508, F1, i)}
37.07	{(and_not_n1503_not_n1507->n1508, F1, i)}
37.07	{(and_not_n1503_not_n1507, F1, i)}
37.07	{(n1509->or_n1499_n1509, F0, i)}
37.07	{(not_n1501, F1, i)}
37.07	{(n1501->not_n1501, F0, i)}
37.07	{(n1501, F0, i)}
37.07	{(and_not_pi073_not_pi136_10->n1501, F0, i)}
37.07	{(and_not_pi073_not_pi136_10, F0, i)}
37.07	{(not_pi136_10->and_not_pi073_not_pi136_10, F0, i)}
37.07	{(not_pi073->and_not_pi073_not_pi136_10, F0, i)}
37.07	{(not_pi136_10, F0, i)}
37.07	{(not_pi073, F0, i)}
37.07	{(not_n1501->and_not_n1500_not_n1501, F1, i)}
37.07	{(not_n1503, F1, i)}
37.07	{(n1503->not_n1503, F0, i)}
37.07	{(n1503, F0, i)}
37.07	{(and_not_pi137_7_not_n1502->n1503, F0, i)}
37.07	{(and_not_pi137_7_not_n1502, F0, i)}
37.07	{(not_pi137_7->and_not_pi137_7_not_n1502, F0, i)}
37.07	{(not_n1502->and_not_pi137_7_not_n1502, F0, i)}
37.07	{(not_pi137_7, F0, i)}
37.07	{(not_n1502, F0, i)}
37.07	{(n1502->not_n1502, F1, i)}
37.07	{(n1502, F1, i)}
37.07	{(and_not_n1500_not_n1501->n1502, F1, i)}
37.07	{(and_not_n1500_not_n1501, F1, i)}
37.07	{(not_n1503->and_not_n1503_not_n1507, F1, i)}
