100.0	{(n727, F0, i)}
100.0	{(and_pi025_not_n726->n727, F0, i)}
100.0	{(and_pi025_not_n726, F0, i)}
100.0	{(not_n726->and_pi025_not_n726, F0, i)}
100.0	{(not_n726, F0, i)}
100.0	{(n726->not_n726, F1, i)}
100.0	{(not_n1232, F1, i)}
100.0	{(n1232->not_n1232, F0, i)}
100.0	{(n1232, F0, i)}
100.0	{(and_n856_n1223->n1232, F0, i)}
100.0	{(and_n856_n1223, F0, i)}
100.0	{(n1223->and_n856_n1223, F0, i)}
100.0	{(n856->and_n856_n1223, F0, i)}
100.0	{(not_n1232->and_not_n1231_not_n1232, F1, i)}
100.0	{(n856, F0, i)}
100.0	{(and_pi026_n855->n856, F0, i)}
100.0	{(and_pi026_n855, F0, i)}
100.0	{(n855->and_pi026_n855, F0, i)}
100.0	{(n855, F0, i)}
100.0	{(and_n754_n787->n855, F0, i)}
100.0	{(and_n754_n787, F0, i)}
100.0	{(n754->and_n754_n787, F0, i)}
100.0	{(n787->and_n754_n787, F0, i)}
100.0	{(n1223, F0, i)}
100.0	{(and_pi059_not_pi116_70->n1223, F0, i)}
100.0	{(and_pi059_not_pi116_70, F0, i)}
100.0	{(not_pi116_70->and_pi059_not_pi116_70, F0, i)}
100.0	{(not_pi116_70, F0, i)}
