100.0	{(not_n338, F1, i)}
100.0	{(n338->not_n338, F0, i)}
100.0	{(n338, F0, i)}
100.0	{(and_not_n307_not_n337->n338, F0, i)}
100.0	{(and_not_n307_not_n337, F0, i)}
100.0	{(not_n307->and_not_n307_not_n337, F0, i)}
100.0	{(not_n337->and_not_n307_not_n337, F0, i)}
100.0	{(not_n307, F0, i)}
100.0	{(n307->not_n307, F1, i)}
100.0	{(not_n337, F0, i)}
100.0	{(n337->not_n337, F1, i)}
100.0	{(n307, F1, i)}
100.0	{(and_not_pi000_not_n306->n307, F1, i)}
100.0	{(n337, F1, i)}
100.0	{(and_pi054_not_n336->n337, F1, i)}
100.0	{(and_not_pi000_not_n306, F1, i)}
100.0	{(and_pi054_not_n336, F1, i)}
100.0	{(not_n338->and_not_pi129_not_n338, F1, i)}
100.0	{(po111_driver->po111, F0, i)}
100.0	{(po111_driver, F0, i)}
100.0	{(and_not_pi129_85383234134508499009700170379408027452893070589186688070_not_n1430->po111_driver, F0, i)}
100.0	{(and_not_pi129_85383234134508499009700170379408027452893070589186688070_not_n1430, F0, i)}
100.0	{(not_pi129_85383234134508499009700170379408027452893070589186688070->and_not_pi129_85383234134508499009700170379408027452893070589186688070_not_n1430, F0, i)}
100.0	{(not_n1430->and_not_pi129_85383234134508499009700170379408027452893070589186688070_not_n1430, F0, i)}
100.0	{(not_pi129_85383234134508499009700170379408027452893070589186688070, F0, i)}
100.0	{(not_n1430, F0, i)}
100.0	{(n1430->not_n1430, F1, i)}
100.0	{(n1430, F1, i)}
100.0	{(and_not_n1428_not_n1429->n1430, F1, i)}
100.0	{(and_not_n1428_not_n1429, F1, i)}
