100.0	{(not_n482, F1, i)}
100.0	{(n482->not_n482, F0, i)}
100.0	{(n482, F0, i)}
100.0	{(and_n478_n481->n482, F0, i)}
100.0	{(and_n478_n481, F0, i)}
100.0	{(n481->and_n478_n481, F0, i)}
100.0	{(n478->and_n478_n481, F0, i)}
100.0	{(n481, F0, i)}
100.0	{(and_n445_n480->n481, F0, i)}
100.0	{(n478, F0, i)}
100.0	{(and_n475_n477->n478, F0, i)}
100.0	{(and_n445_n480, F0, i)}
100.0	{(n445->and_n445_n480, F0, i)}
100.0	{(n480->and_n445_n480, F0, i)}
100.0	{(and_n475_n477, F0, i)}
100.0	{(n477->and_n475_n477, F0, i)}
100.0	{(n475->and_n475_n477, F0, i)}
100.0	{(n480, F0, i)}
100.0	{(and_not_pi005_4_n479->n480, F0, i)}
100.0	{(n477, F0, i)}
100.0	{(and_n448_n476->n477, F0, i)}
100.0	{(n475, F0, i)}
100.0	{(and_n473_n474->n475, F0, i)}
100.0	{(and_not_pi005_4_n479, F0, i)}
100.0	{(n479->and_not_pi005_4_n479, F0, i)}
100.0	{(not_pi005_4->and_not_pi005_4_n479, F0, i)}
100.0	{(and_n448_n476, F0, i)}
100.0	{(n476->and_n448_n476, F0, i)}
100.0	{(n448->and_n448_n476, F0, i)}
100.0	{(and_n473_n474, F0, i)}
100.0	{(n473->and_n473_n474, F0, i)}
100.0	{(n474->and_n473_n474, F0, i)}
100.0	{(not_pi005_4, F0, i)}
100.0	{(n476, F0, i)}
100.0	{(and_not_pi007_6_n449->n476, F0, i)}
100.0	{(n474, F0, i)}
100.0	{(and_pi008_not_pi017_3->n474, F0, i)}
100.0	{(and_not_pi007_6_n449, F0, i)}
100.0	{(not_pi007_6->and_not_pi007_6_n449, F0, i)}
100.0	{(n449->and_not_pi007_6_n449, F0, i)}
100.0	{(and_pi008_not_pi017_3, F0, i)}
100.0	{(not_pi017_3->and_pi008_not_pi017_3, F0, i)}
100.0	{(not_pi007_6, F0, i)}
100.0	{(not_pi017_3, F0, i)}
100.0	{(not_n482->and_not_n472_not_n482, F1, i)}
100.0	{(n448, F0, i)}
100.0	{(and_not_pi016_0_pi054->n448, F0, i)}
100.0	{(and_not_pi016_0_pi054, F0, i)}
100.0	{(not_pi016_0->and_not_pi016_0_pi054, F0, i)}
100.0	{(not_pi016_0, F0, i)}
100.0	{(po022_driver->po022, F0, i)}
100.0	{(po022_driver, F0, i)}
100.0	{(and_not_pi003_2_n484->po022_driver, F0, i)}
100.0	{(and_not_pi003_2_n484, F0, i)}
100.0	{(not_pi003_2->and_not_pi003_2_n484, F0, i)}
100.0	{(n484->and_not_pi003_2_n484, F0, i)}
100.0	{(not_pi003_2, F0, i)}
100.0	{(n484, F0, i)}
100.0	{(and_not_pi129_6_not_n483->n484, F0, i)}
100.0	{(and_not_pi129_6_not_n483, F0, i)}
100.0	{(not_pi129_6->and_not_pi129_6_not_n483, F0, i)}
100.0	{(not_n483->and_not_pi129_6_not_n483, F0, i)}
100.0	{(not_pi129_6, F0, i)}
100.0	{(not_n483, F0, i)}
100.0	{(n483->not_n483, F1, i)}
100.0	{(n483, F1, i)}
100.0	{(and_not_n472_not_n482->n483, F1, i)}
100.0	{(and_not_n472_not_n482, F1, i)}
