99.36	{(po039_driver->po039, F0, i)}
99.36	{(po039_driver, F0, i)}
99.36	{(and_not_n696_n711->po039_driver, F0, i)}
99.36	{(and_not_n696_n711, F0, i)}
99.36	{(n711->and_not_n696_n711, F0, i)}
99.36	{(not_n696->and_not_n696_n711, F0, i)}
99.36	{(n711, F0, i)}
99.36	{(and_not_n703_n710->n711, F0, i)}
99.36	{(not_n696, F0, i)}
99.36	{(n696->not_n696, F1, i)}
99.36	{(and_not_n703_n710, F0, i)}
99.36	{(n710->and_not_n703_n710, F0, i)}
99.36	{(not_n703->and_not_n703_n710, F0, i)}
99.36	{(n696, F1, i)}
99.36	{(and_not_pi024_2_not_n695->n696, F1, i)}
99.36	{(n710, F0, i)}
99.36	{(and_not_pi129_968890104070_not_n709->n710, F0, i)}
99.36	{(not_n703, F0, i)}
99.36	{(n703->not_n703, F1, i)}
99.36	{(and_not_pi024_2_not_n695, F1, i)}
99.36	{(and_not_pi129_968890104070_not_n709, F0, i)}
99.36	{(not_pi129_968890104070->and_not_pi129_968890104070_not_n709, F0, i)}
99.36	{(not_n709->and_not_pi129_968890104070_not_n709, F0, i)}
99.36	{(n703, F1, i)}
99.36	{(and_pi063_n702->n703, F1, i)}
99.36	{(not_pi129_968890104070, F0, i)}
99.36	{(not_n709, F0, i)}
99.36	{(n709->not_n709, F1, i)}
99.36	{(and_pi063_n702, F1, i)}
99.36	{(n709, F1, i)}
99.36	{(and_n705_n708->n709, F1, i)}
99.36	{(and_n705_n708, F1, i)}
