100.0	{(n434, F0, i)}
100.0	{(and_n356_n433->n434, F0, i)}
100.0	{(and_n356_n433, F0, i)}
100.0	{(n433->and_n356_n433, F0, i)}
100.0	{(n356->and_n356_n433, F0, i)}
100.0	{(n433, F0, i)}
100.0	{(and_pi054_n300->n433, F0, i)}
100.0	{(and_pi054_n300, F0, i)}
100.0	{(n300->and_pi054_n300, F0, i)}
100.0	{(not_n435, F1, i)}
100.0	{(n435->not_n435, F0, i)}
100.0	{(n435, F0, i)}
100.0	{(and_n432_n434->n435, F0, i)}
100.0	{(and_n432_n434, F0, i)}
100.0	{(n432->and_n432_n434, F0, i)}
100.0	{(n434->and_n432_n434, F0, i)}
100.0	{(n432, F0, i)}
100.0	{(and_n369_n431->n432, F0, i)}
100.0	{(and_n369_n431, F0, i)}
100.0	{(n369->and_n369_n431, F0, i)}
100.0	{(n431->and_n369_n431, F0, i)}
100.0	{(n431, F0, i)}
100.0	{(and_n416_n430->n431, F0, i)}
100.0	{(and_n416_n430, F0, i)}
100.0	{(n430->and_n416_n430, F0, i)}
100.0	{(n416->and_n416_n430, F0, i)}
100.0	{(n430, F0, i)}
100.0	{(and_pi010_not_pi022_1->n430, F0, i)}
100.0	{(and_pi010_not_pi022_1, F0, i)}
100.0	{(not_pi022_1->and_pi010_not_pi022_1, F0, i)}
100.0	{(not_pi022_1, F0, i)}
100.0	{(not_n435->and_not_n435_not_n436, F1, i)}
