50.0	{(n799->not_n799, F0, i)}
50.0	{(n799, F0, i)}
50.0	{(and_pi028_not_n798->n799, F0, i)}
50.0	{(and_pi028_not_n798, F0, i)}
50.0	{(not_n798->and_pi028_not_n798, F0, i)}
50.0	{(not_n798, F0, i)}
50.0	{(not_pi027_4, F0, i)}
50.0	{(n737->and_not_pi027_4_n737, F0, i)}
50.0	{(not_pi027_4->and_not_pi027_4_n737, F0, i)}
50.0	{(and_not_pi027_4_n737, F0, i)}
50.0	{(and_not_pi027_4_n737->n791, F0, i)}
50.0	{(n793->not_n793, F0, i)}
50.0	{(n793, F0, i)}
50.0	{(and_not_n726_0_not_n792->n793, F0, i)}
50.0	{(and_not_n726_0_not_n792, F0, i)}
50.0	{(not_n726_0->and_not_n726_0_not_n792, F0, i)}
50.0	{(not_n792->and_not_n726_0_not_n792, F0, i)}
50.0	{(not_n726_0, F0, i)}
50.0	{(n791, F0, i)}
50.0	{(not_n792, F0, i)}
50.0	{(n791->not_n791, F0, i)}
