23.96	{(not_n1492, F1, i)}
23.96	{(n1492->not_n1492, F0, i)}
23.96	{(n1492, F0, i)}
23.96	{(and_not_pi137_6_not_n1491->n1492, F0, i)}
23.96	{(and_not_pi137_6_not_n1491, F0, i)}
23.96	{(not_pi137_6->and_not_pi137_6_not_n1491, F0, i)}
23.96	{(not_n1491->and_not_pi137_6_not_n1491, F0, i)}
23.96	{(not_pi137_6, F0, i)}
23.96	{(not_n1491, F0, i)}
23.96	{(n1491->not_n1491, F1, i)}
23.96	{(n1491, F1, i)}
23.96	{(and_not_n1489_not_n1490->n1491, F1, i)}
23.96	{(and_not_n1489_not_n1490, F1, i)}
23.96	{(not_n1492->and_not_n1488_not_n1492, F1, i)}
23.96	{(not_n1490, F1, i)}
23.96	{(n1490->not_n1490, F0, i)}
23.96	{(n1490, F0, i)}
23.96	{(and_not_pi074_not_pi136_9->n1490, F0, i)}
23.96	{(and_not_pi074_not_pi136_9, F0, i)}
23.96	{(not_pi074->and_not_pi074_not_pi136_9, F0, i)}
23.96	{(not_pi136_9->and_not_pi074_not_pi136_9, F0, i)}
23.96	{(not_pi074, F0, i)}
23.96	{(not_pi136_9, F0, i)}
23.96	{(not_n1490->and_not_n1489_not_n1490, F1, i)}
