93.79	{(not_n968, F1, i)}
93.79	{(n968->not_n968, F0, i)}
93.79	{(n968, F0, i)}
93.79	{(and_not_n965_not_n967->n968, F0, i)}
93.79	{(and_not_n965_not_n967, F0, i)}
93.79	{(not_n965->and_not_n965_not_n967, F0, i)}
93.79	{(not_n967->and_not_n965_not_n967, F0, i)}
93.79	{(not_n965, F0, i)}
93.79	{(n965->not_n965, F1, i)}
93.79	{(not_n967, F0, i)}
93.79	{(n967->not_n967, F1, i)}
93.79	{(n965, F1, i)}
93.79	{(and_pi082_not_n573->n965, F1, i)}
93.79	{(n967, F1, i)}
93.79	{(and_n379_not_n966->n967, F1, i)}
93.79	{(and_pi082_not_n573, F1, i)}
93.79	{(and_n379_not_n966, F1, i)}
93.79	{(not_n968->and_not_pi041_2_not_n968, F1, i)}
93.4	{(po056_driver->po056, F0, i)}
93.4	{(po056_driver, F0, i)}
93.4	{(and_not_n969_n981->po056_driver, F0, i)}
93.4	{(and_not_n969_n981, F0, i)}
93.4	{(n981->and_not_n969_n981, F0, i)}
93.4	{(not_n969->and_not_n969_n981, F0, i)}
93.4	{(n981, F0, i)}
93.4	{(and_not_n975_n980->n981, F0, i)}
93.4	{(not_n969, F0, i)}
93.4	{(n969->not_n969, F1, i)}
93.4	{(and_not_n975_n980, F0, i)}
93.4	{(n980->and_not_n975_n980, F0, i)}
93.4	{(not_n975->and_not_n975_n980, F0, i)}
93.4	{(n969, F1, i)}
93.4	{(and_not_pi041_2_not_n968->n969, F1, i)}
93.4	{(n980, F0, i)}
93.4	{(and_not_pi129_225393402906922580878632490_not_n979->n980, F0, i)}
93.4	{(not_n975, F0, i)}
93.4	{(n975->not_n975, F1, i)}
93.4	{(and_not_pi041_2_not_n968, F1, i)}
93.4	{(and_not_pi129_225393402906922580878632490_not_n979, F0, i)}
93.4	{(not_pi129_225393402906922580878632490->and_not_pi129_225393402906922580878632490_not_n979, F0, i)}
93.4	{(not_n979->and_not_pi129_225393402906922580878632490_not_n979, F0, i)}
93.4	{(n975, F1, i)}
93.4	{(and_pi076_n974->n975, F1, i)}
93.4	{(not_pi129_225393402906922580878632490, F0, i)}
93.4	{(not_n979, F0, i)}
93.4	{(n979->not_n979, F1, i)}
93.4	{(and_pi076_n974, F1, i)}
93.4	{(n979, F1, i)}
93.4	{(and_n976_n978->n979, F1, i)}
93.4	{(and_n976_n978, F1, i)}
