100.0	{(not_n930, F1, i)}
100.0	{(n930->not_n930, F0, i)}
100.0	{(n930, F0, i)}
100.0	{(and_n927_n929->n930, F0, i)}
100.0	{(and_n927_n929, F0, i)}
100.0	{(n929->and_n927_n929, F0, i)}
100.0	{(n927->and_n927_n929, F0, i)}
100.0	{(n929, F0, i)}
100.0	{(and_n638_n928->n929, F0, i)}
100.0	{(and_n638_n928, F0, i)}
100.0	{(n638->and_n638_n928, F0, i)}
100.0	{(n928->and_n638_n928, F0, i)}
100.0	{(n928, F0, i)}
100.0	{(and_not_pi050_2_n391->n928, F0, i)}
100.0	{(and_not_pi050_2_n391, F0, i)}
100.0	{(n391->and_not_pi050_2_n391, F0, i)}
100.0	{(not_pi050_2->and_not_pi050_2_n391, F0, i)}
100.0	{(not_pi050_2, F0, i)}
100.0	{(not_n930->and_pi082_not_n930, F1, i)}
100.0	{(n927, F0, i)}
100.0	{(and_n401_n926->n927, F0, i)}
100.0	{(and_n401_n926, F0, i)}
100.0	{(n926->and_n401_n926, F0, i)}
100.0	{(n401->and_n401_n926, F0, i)}
100.0	{(n926, F0, i)}
100.0	{(and_n398_n925->n926, F0, i)}
100.0	{(and_n398_n925, F0, i)}
100.0	{(n925->and_n398_n925, F0, i)}
100.0	{(n398->and_n398_n925, F0, i)}
100.0	{(n925, F0, i)}
100.0	{(and_not_pi002_2_not_pi048_2->n925, F0, i)}
100.0	{(and_not_pi002_2_not_pi048_2, F0, i)}
100.0	{(not_pi048_2->and_not_pi002_2_not_pi048_2, F0, i)}
100.0	{(not_pi002_2->and_not_pi002_2_not_pi048_2, F0, i)}
100.0	{(not_pi048_2, F0, i)}
100.0	{(not_pi002_2, F0, i)}
100.0	{(not_n933, F1, i)}
100.0	{(n933->not_n933, F0, i)}
100.0	{(n933, F0, i)}
100.0	{(and_pi074_n932->n933, F0, i)}
100.0	{(and_pi074_n932, F0, i)}
100.0	{(n932->and_pi074_n932, F0, i)}
100.0	{(n932, F0, i)}
100.0	{(and_not_n379_3_not_n931->n932, F0, i)}
100.0	{(and_not_n379_3_not_n931, F0, i)}
100.0	{(not_n931->and_not_n379_3_not_n931, F0, i)}
100.0	{(not_n379_3->and_not_n379_3_not_n931, F0, i)}
100.0	{(not_n931, F0, i)}
100.0	{(n931->not_n931, F1, i)}
100.0	{(not_n379_3, F0, i)}
100.0	{(n379->not_n379_3, F1, i)}
100.0	{(n931, F1, i)}
100.0	{(and_pi082_not_n930->n931, F1, i)}
100.0	{(and_pi082_not_n930, F1, i)}
100.0	{(not_n933->and_not_n933_n937, F1, i)}
