100.0	{(not_n709, F1, i)}
100.0	{(n709->not_n709, F0, i)}
100.0	{(n709, F0, i)}
100.0	{(and_n705_n708->n709, F0, i)}
100.0	{(and_n705_n708, F0, i)}
100.0	{(n708->and_n705_n708, F0, i)}
100.0	{(n705->and_n705_n708, F0, i)}
100.0	{(n708, F0, i)}
100.0	{(and_n649_n707->n708, F0, i)}
100.0	{(and_n649_n707, F0, i)}
100.0	{(n707->and_n649_n707, F0, i)}
100.0	{(n649->and_n649_n707, F0, i)}
100.0	{(n707, F0, i)}
100.0	{(and_n390_n706->n707, F0, i)}
100.0	{(and_n390_n706, F0, i)}
100.0	{(n706->and_n390_n706, F0, i)}
100.0	{(n390->and_n390_n706, F0, i)}
100.0	{(n706, F0, i)}
100.0	{(and_pi024_pi082->n706, F0, i)}
100.0	{(and_pi024_pi082, F0, i)}
100.0	{(not_n709->and_not_pi129_968890104070_not_n709, F1, i)}
100.0	{(po108_driver->po108, F0, i)}
100.0	{(po108_driver, F0, i)}
100.0	{(and_not_pi129_248930711762415449007872216849586085868492917169640490_not_n1409->po108_driver, F0, i)}
100.0	{(and_not_pi129_248930711762415449007872216849586085868492917169640490_not_n1409, F0, i)}
100.0	{(not_pi129_248930711762415449007872216849586085868492917169640490->and_not_pi129_248930711762415449007872216849586085868492917169640490_not_n1409, F0, i)}
100.0	{(not_n1409->and_not_pi129_248930711762415449007872216849586085868492917169640490_not_n1409, F0, i)}
100.0	{(not_pi129_248930711762415449007872216849586085868492917169640490, F0, i)}
100.0	{(not_n1409, F0, i)}
100.0	{(n1409->not_n1409, F1, i)}
100.0	{(n1409, F1, i)}
100.0	{(and_not_n1407_not_n1408->n1409, F1, i)}
100.0	{(and_not_n1407_not_n1408, F1, i)}
100.0	{(not_n1408, F1, i)}
100.0	{(n1408->not_n1408, F0, i)}
100.0	{(n1408, F0, i)}
100.0	{(and_pi146_n1386->n1408, F0, i)}
100.0	{(and_pi146_n1386, F0, i)}
100.0	{(n1386->and_pi146_n1386, F0, i)}
100.0	{(not_n1408->and_not_n1407_not_n1408, F1, i)}
