98.63	{(not_n845, F1, i)}
98.63	{(n845->not_n845, F0, i)}
98.63	{(n845, F0, i)}
98.63	{(and_not_n842_not_n844->n845, F0, i)}
98.63	{(and_not_n842_not_n844, F0, i)}
98.63	{(not_n844->and_not_n842_not_n844, F0, i)}
98.63	{(not_n842->and_not_n842_not_n844, F0, i)}
98.63	{(not_n844, F0, i)}
98.63	{(n844->not_n844, F1, i)}
98.63	{(not_n842, F0, i)}
98.63	{(n842->not_n842, F1, i)}
98.63	{(n844, F1, i)}
98.63	{(and_n838_n843->n844, F1, i)}
98.63	{(n842, F1, i)}
98.63	{(and_not_pi053_4_not_n841->n842, F1, i)}
98.63	{(and_n838_n843, F1, i)}
98.63	{(and_not_pi053_4_not_n841, F1, i)}
98.63	{(not_n845->and_not_pi027_9_not_n845, F1, i)}
97.52	{(not_n849, F1, i)}
97.52	{(n849->not_n849, F0, i)}
97.52	{(n849, F0, i)}
97.52	{(and_not_n846_not_n848->n849, F0, i)}
97.52	{(and_not_n846_not_n848, F0, i)}
97.52	{(not_n848->and_not_n846_not_n848, F0, i)}
97.52	{(not_n846->and_not_n846_not_n848, F0, i)}
97.52	{(not_n848, F0, i)}
97.52	{(n848->not_n848, F1, i)}
97.52	{(not_n846, F0, i)}
97.52	{(n846->not_n846, F1, i)}
97.52	{(n848, F1, i)}
97.52	{(and_n787_n847->n848, F1, i)}
97.52	{(n846, F1, i)}
97.52	{(and_not_pi027_9_not_n845->n846, F1, i)}
97.52	{(and_n787_n847, F1, i)}
97.52	{(and_not_pi027_9_not_n845, F1, i)}
97.52	{(not_n849->and_not_pi085_6_not_n849, F1, i)}
94.53	{(not_n853, F1, i)}
94.53	{(n853->not_n853, F0, i)}
94.53	{(n853, F0, i)}
94.53	{(and_not_n850_not_n852->n853, F0, i)}
94.53	{(and_not_n850_not_n852, F0, i)}
94.53	{(not_n850->and_not_n850_not_n852, F0, i)}
94.53	{(not_n852->and_not_n850_not_n852, F0, i)}
94.53	{(not_n850, F0, i)}
94.53	{(n850->not_n850, F1, i)}
94.53	{(not_n852, F0, i)}
94.53	{(n852->not_n852, F1, i)}
94.53	{(n850, F1, i)}
94.53	{(and_not_pi085_6_not_n849->n850, F1, i)}
94.53	{(n852, F1, i)}
94.53	{(and_n838_n851->n852, F1, i)}
94.53	{(and_not_pi085_6_not_n849, F1, i)}
94.53	{(and_n838_n851, F1, i)}
94.53	{(not_n853->and_not_pi026_9_not_n853, F1, i)}
92.11	{(not_n858, F1, i)}
92.11	{(n858->not_n858, F0, i)}
92.11	{(n858, F0, i)}
92.11	{(and_not_n854_not_n857->n858, F0, i)}
92.11	{(and_not_n854_not_n857, F0, i)}
92.11	{(not_n857->and_not_n854_not_n857, F0, i)}
92.11	{(not_n854->and_not_n854_not_n857, F0, i)}
92.11	{(not_n857, F0, i)}
92.11	{(n857->not_n857, F1, i)}
92.11	{(not_n854, F0, i)}
92.11	{(n854->not_n854, F1, i)}
92.11	{(n857, F1, i)}
92.11	{(and_n838_n856->n857, F1, i)}
92.11	{(n854, F1, i)}
92.11	{(and_not_pi026_9_not_n853->n854, F1, i)}
92.11	{(and_n838_n856, F1, i)}
92.11	{(and_not_pi026_9_not_n853, F1, i)}
92.11	{(not_n858->and_not_pi129_16284135979104490_not_n858, F1, i)}
86.57	{(n859, F1, i)}
86.57	{(and_not_pi129_16284135979104490_not_n858->n859, F1, i)}
86.57	{(and_not_pi129_16284135979104490_not_n858, F1, i)}
86.57	{(n859->and_not_pi003_2824752490_n859, F1, i)}
83.88	{(po044_driver->po044, F1, i)}
83.88	{(po044_driver, F1, i)}
83.88	{(and_not_pi003_2824752490_n859->po044_driver, F1, i)}
83.88	{(and_not_pi003_2824752490_n859, F1, i)}
