100.0	{(not_n1521, F1, i)}
100.0	{(n1521->not_n1521, F0, i)}
100.0	{(n1521, F0, i)}
100.0	{(and_pi080_not_pi138_3430->n1521, F0, i)}
100.0	{(and_pi080_not_pi138_3430, F0, i)}
100.0	{(not_pi138_3430->and_pi080_not_pi138_3430, F0, i)}
100.0	{(not_pi138_3430, F0, i)}
100.0	{(not_n1521->and_not_n1521_not_n1522, F1, i)}
100.0	{(not_n1524, F1, i)}
100.0	{(n1524->not_n1524, F0, i)}
100.0	{(n1524, F0, i)}
100.0	{(and_not_pi136_3430_not_n1523->n1524, F0, i)}
100.0	{(and_not_pi136_3430_not_n1523, F0, i)}
100.0	{(not_pi136_3430->and_not_pi136_3430_not_n1523, F0, i)}
100.0	{(not_n1523->and_not_pi136_3430_not_n1523, F0, i)}
100.0	{(not_pi136_3430, F0, i)}
100.0	{(not_n1523, F0, i)}
100.0	{(n1523->not_n1523, F1, i)}
100.0	{(n1523, F1, i)}
100.0	{(and_not_n1521_not_n1522->n1523, F1, i)}
100.0	{(and_not_n1521_not_n1522, F1, i)}
100.0	{(not_n1524->and_not_n1524_not_n1525, F1, i)}
100.0	{(n1527, F0, i)}
100.0	{(and_pi137_not_n1526->n1527, F0, i)}
100.0	{(and_pi137_not_n1526, F0, i)}
100.0	{(not_n1526->and_pi137_not_n1526, F0, i)}
100.0	{(not_n1526, F0, i)}
100.0	{(n1526->not_n1526, F1, i)}
100.0	{(n1526, F1, i)}
100.0	{(and_not_n1524_not_n1525->n1526, F1, i)}
100.0	{(and_not_n1524_not_n1525, F1, i)}
100.0	{(n1527->or_n1520_n1527, F0, i)}
