100.0	{(not_n972, F1, i)}
100.0	{(n972->not_n972, F0, i)}
100.0	{(n972, F0, i)}
100.0	{(and_n927_n971->n972, F0, i)}
100.0	{(and_n927_n971, F0, i)}
100.0	{(n971->and_n927_n971, F0, i)}
100.0	{(n927->and_n927_n971, F0, i)}
100.0	{(n971, F0, i)}
100.0	{(and_n404_n970->n971, F0, i)}
100.0	{(and_n404_n970, F0, i)}
100.0	{(n404->and_n404_n970, F0, i)}
100.0	{(n970->and_n404_n970, F0, i)}
100.0	{(n970, F0, i)}
100.0	{(and_n381_n405->n970, F0, i)}
100.0	{(and_n381_n405, F0, i)}
100.0	{(n405->and_n381_n405, F0, i)}
100.0	{(n381->and_n381_n405, F0, i)}
100.0	{(not_n972->and_pi082_not_n972, F1, i)}
100.0	{(n927, F0, i)}
100.0	{(and_n401_n926->n927, F0, i)}
100.0	{(and_n401_n926, F0, i)}
100.0	{(n926->and_n401_n926, F0, i)}
100.0	{(n401->and_n401_n926, F0, i)}
100.0	{(n926, F0, i)}
100.0	{(and_n398_n925->n926, F0, i)}
100.0	{(and_n398_n925, F0, i)}
100.0	{(n925->and_n398_n925, F0, i)}
100.0	{(n398->and_n398_n925, F0, i)}
100.0	{(n925, F0, i)}
100.0	{(and_not_pi002_2_not_pi048_2->n925, F0, i)}
100.0	{(and_not_pi002_2_not_pi048_2, F0, i)}
100.0	{(not_pi048_2->and_not_pi002_2_not_pi048_2, F0, i)}
100.0	{(not_pi002_2->and_not_pi002_2_not_pi048_2, F0, i)}
100.0	{(not_pi048_2, F0, i)}
100.0	{(not_pi002_2, F0, i)}
