99.77	{(not_n353, F1, i)}
99.77	{(n353->not_n353, F0, i)}
99.77	{(n353, F0, i)}
99.77	{(and_not_pi001_not_n352->n353, F0, i)}
99.77	{(and_not_pi001_not_n352, F0, i)}
99.77	{(not_pi001->and_not_pi001_not_n352, F0, i)}
99.77	{(not_n352->and_not_pi001_not_n352, F0, i)}
99.77	{(not_pi001, F0, i)}
99.77	{(not_n352, F0, i)}
99.77	{(n352->not_n352, F1, i)}
99.77	{(n352, F1, i)}
99.77	{(and_not_n350_n351->n352, F1, i)}
99.77	{(and_not_n350_n351, F1, i)}
99.77	{(not_n353->and_not_n353_not_n375, F1, i)}
97.12	{(po016_driver->po016, F1, i)}
97.12	{(po016_driver, F1, i)}
97.12	{(or_pi003_not_n377->po016_driver, F1, i)}
97.12	{(or_pi003_not_n377, F1, i)}
97.12	{(not_n377->or_pi003_not_n377, F1, i)}
97.12	{(not_n377, F1, i)}
97.12	{(n377->not_n377, F0, i)}
97.12	{(n377, F0, i)}
97.12	{(and_not_pi129_0_not_n376->n377, F0, i)}
97.12	{(and_not_pi129_0_not_n376, F0, i)}
97.12	{(not_pi129_0->and_not_pi129_0_not_n376, F0, i)}
97.12	{(not_n376->and_not_pi129_0_not_n376, F0, i)}
97.12	{(not_pi129_0, F0, i)}
97.12	{(not_n376, F0, i)}
97.12	{(n376->not_n376, F1, i)}
97.12	{(n376, F1, i)}
97.12	{(and_not_n353_not_n375->n376, F1, i)}
97.12	{(and_not_n353_not_n375, F1, i)}
