100.0	{(not_n1518, F1, i)}
100.0	{(n1518->not_n1518, F0, i)}
100.0	{(n1518, F0, i)}
100.0	{(and_not_pi136_490_not_n1517->n1518, F0, i)}
100.0	{(and_not_pi136_490_not_n1517, F0, i)}
100.0	{(not_pi136_490->and_not_pi136_490_not_n1517, F0, i)}
100.0	{(not_n1517->and_not_pi136_490_not_n1517, F0, i)}
100.0	{(not_pi136_490, F0, i)}
100.0	{(not_n1517, F0, i)}
100.0	{(n1517->not_n1517, F1, i)}
100.0	{(n1517, F1, i)}
100.0	{(and_not_n1515_not_n1516->n1517, F1, i)}
100.0	{(and_not_n1515_not_n1516, F1, i)}
100.0	{(not_n1518->and_not_n1514_not_n1518, F1, i)}
100.0	{(not_n1516, F1, i)}
100.0	{(n1516->not_n1516, F0, i)}
100.0	{(n1516, F0, i)}
100.0	{(and_not_pi075_not_pi138_490->n1516, F0, i)}
100.0	{(and_not_pi075_not_pi138_490, F0, i)}
100.0	{(not_pi075->and_not_pi075_not_pi138_490, F0, i)}
100.0	{(not_pi138_490->and_not_pi075_not_pi138_490, F0, i)}
100.0	{(not_pi075, F0, i)}
100.0	{(not_pi138_490, F0, i)}
100.0	{(not_n1516->and_not_n1515_not_n1516, F1, i)}
97.21	{(n1520, F0, i)}
97.21	{(and_not_pi137_8_not_n1519->n1520, F0, i)}
97.21	{(and_not_pi137_8_not_n1519, F0, i)}
97.21	{(not_pi137_8->and_not_pi137_8_not_n1519, F0, i)}
97.21	{(not_n1519->and_not_pi137_8_not_n1519, F0, i)}
97.21	{(not_pi137_8, F0, i)}
97.21	{(not_n1519, F0, i)}
97.21	{(n1519->not_n1519, F1, i)}
97.21	{(n1519, F1, i)}
97.21	{(and_not_n1514_not_n1518->n1519, F1, i)}
97.21	{(and_not_n1514_not_n1518, F1, i)}
97.21	{(n1520->or_n1520_n1527, F0, i)}
96.79	{(po120_driver->po120, F0, i)}
96.79	{(po120_driver, F0, i)}
96.79	{(or_n1520_n1527->po120_driver, F0, i)}
96.79	{(or_n1520_n1527, F0, i)}
