100.0	{(not_n333, F1, i)}
100.0	{(n333->not_n333, F0, i)}
100.0	{(n333, F0, i)}
100.0	{(and_n331_n332->n333, F0, i)}
100.0	{(and_n331_n332, F0, i)}
100.0	{(n332->and_n331_n332, F0, i)}
100.0	{(n331->and_n331_n332, F0, i)}
100.0	{(n331, F0, i)}
100.0	{(and_not_pi017_0_n330->n331, F0, i)}
100.0	{(and_not_pi017_0_n330, F0, i)}
100.0	{(not_pi017_0->and_not_pi017_0_n330, F0, i)}
100.0	{(n330->and_not_pi017_0_n330, F0, i)}
100.0	{(not_pi017_0, F0, i)}
100.0	{(n330, F0, i)}
100.0	{(and_n300_n329->n330, F0, i)}
100.0	{(and_n300_n329, F0, i)}
100.0	{(n329->and_n300_n329, F0, i)}
100.0	{(n300->and_n300_n329, F0, i)}
100.0	{(n329, F0, i)}
100.0	{(and_n301_not_n328->n329, F0, i)}
100.0	{(and_n301_not_n328, F0, i)}
100.0	{(n301->and_n301_not_n328, F0, i)}
100.0	{(not_n328->and_n301_not_n328, F0, i)}
100.0	{(not_n328, F0, i)}
100.0	{(n328->not_n328, F1, i)}
100.0	{(n328, F1, i)}
100.0	{(and_not_n325_not_n327->n328, F1, i)}
100.0	{(and_not_n325_not_n327, F1, i)}
100.0	{(not_n333->and_not_n310_not_n333, F1, i)}
100.0	{(not_n1060, F1, i)}
100.0	{(n1060->not_n1060, F0, i)}
100.0	{(n1060, F0, i)}
100.0	{(and_n1054_n1059->n1060, F0, i)}
100.0	{(and_n1054_n1059, F0, i)}
100.0	{(n1054->and_n1054_n1059, F0, i)}
100.0	{(n1059->and_n1054_n1059, F0, i)}
100.0	{(n1059, F0, i)}
100.0	{(and_pi046_pi082->n1059, F0, i)}
100.0	{(and_pi046_pi082, F0, i)}
100.0	{(not_n1060->and_not_pi129_3788186922656647816827176259430_not_n1060, F1, i)}
