100.0	{(not_n1000, F1, i)}
100.0	{(n1000->not_n1000, F0, i)}
100.0	{(n1000, F0, i)}
100.0	{(and_pi082_not_n407->n1000, F0, i)}
100.0	{(and_pi082_not_n407, F0, i)}
100.0	{(not_n407->and_pi082_not_n407, F0, i)}
100.0	{(not_n407, F0, i)}
100.0	{(n407->not_n407, F1, i)}
100.0	{(not_n1000->and_not_n1000_not_n1003, F1, i)}
100.0	{(not_n700, F1, i)}
100.0	{(n700->not_n700, F0, i)}
100.0	{(n700, F0, i)}
100.0	{(and_n408_n699->n700, F0, i)}
100.0	{(and_n408_n699, F0, i)}
100.0	{(n699->and_n408_n699, F0, i)}
100.0	{(n408->and_n408_n699, F0, i)}
100.0	{(n699, F0, i)}
100.0	{(and_n401_n698->n699, F0, i)}
100.0	{(and_n401_n698, F0, i)}
100.0	{(n698->and_n401_n698, F0, i)}
100.0	{(n401->and_n401_n698, F0, i)}
100.0	{(not_n700->and_pi082_not_n700, F1, i)}
