94.81	{(po063_driver->po063, F0, i)}
94.81	{(po063_driver, F0, i)}
94.81	{(and_not_n1085_n1098->po063_driver, F0, i)}
94.81	{(and_not_n1085_n1098, F0, i)}
94.81	{(n1098->and_not_n1085_n1098, F0, i)}
94.81	{(not_n1085->and_not_n1085_n1098, F0, i)}
94.81	{(n1098, F0, i)}
94.81	{(and_not_n1092_n1097->n1098, F0, i)}
94.81	{(not_n1085, F0, i)}
94.81	{(n1085->not_n1085, F1, i)}
94.81	{(and_not_n1092_n1097, F0, i)}
94.81	{(n1097->and_not_n1092_n1097, F0, i)}
94.81	{(not_n1092->and_not_n1092_n1097, F0, i)}
94.81	{(n1085, F1, i)}
94.81	{(and_not_pi048_3_not_n1084->n1085, F1, i)}
94.81	{(n1097, F0, i)}
94.81	{(and_not_pi129_185621159210175743024531636712070_not_n1096->n1097, F0, i)}
94.81	{(not_n1092, F0, i)}
94.81	{(n1092->not_n1092, F1, i)}
94.81	{(and_not_pi048_3_not_n1084, F1, i)}
94.81	{(and_not_pi129_185621159210175743024531636712070_not_n1096, F0, i)}
94.81	{(not_pi129_185621159210175743024531636712070->and_not_pi129_185621159210175743024531636712070_not_n1096, F0, i)}
94.81	{(not_n1096->and_not_pi129_185621159210175743024531636712070_not_n1096, F0, i)}
94.81	{(n1092, F1, i)}
94.81	{(and_pi062_n1091->n1092, F1, i)}
94.81	{(not_pi129_185621159210175743024531636712070, F0, i)}
94.81	{(not_n1096, F0, i)}
94.81	{(n1096->not_n1096, F1, i)}
94.81	{(and_pi062_n1091, F1, i)}
94.81	{(n1096, F1, i)}
94.81	{(and_n1093_n1095->n1096, F1, i)}
94.81	{(and_n1093_n1095, F1, i)}
