100.0	{(n445, F0, i)}
100.0	{(and_not_pi013_4_n417->n445, F0, i)}
100.0	{(and_not_pi013_4_n417, F0, i)}
100.0	{(n417->and_not_pi013_4_n417, F0, i)}
100.0	{(not_pi013_4->and_not_pi013_4_n417, F0, i)}
100.0	{(not_pi013_4, F0, i)}
100.0	{(n450, F0, i)}
100.0	{(and_not_pi018_0_n449->n450, F0, i)}
100.0	{(and_not_pi018_0_n449, F0, i)}
100.0	{(n449->and_not_pi018_0_n449, F0, i)}
100.0	{(not_pi018_0->and_not_pi018_0_n449, F0, i)}
100.0	{(not_pi018_0, F0, i)}
100.0	{(not_n616, F1, i)}
100.0	{(n616->not_n616, F0, i)}
100.0	{(n616, F0, i)}
100.0	{(and_n609_n615->n616, F0, i)}
100.0	{(and_n609_n615, F0, i)}
100.0	{(n615->and_n609_n615, F0, i)}
100.0	{(n609->and_n609_n615, F0, i)}
100.0	{(n615, F0, i)}
100.0	{(and_n611_n614->n615, F0, i)}
100.0	{(n609, F0, i)}
100.0	{(and_n445_n608->n609, F0, i)}
100.0	{(and_n611_n614, F0, i)}
100.0	{(n614->and_n611_n614, F0, i)}
100.0	{(n611->and_n611_n614, F0, i)}
100.0	{(and_n445_n608, F0, i)}
100.0	{(n608->and_n445_n608, F0, i)}
100.0	{(n445->and_n445_n608, F0, i)}
100.0	{(n614, F0, i)}
100.0	{(and_n612_n613->n614, F0, i)}
100.0	{(n611, F0, i)}
100.0	{(and_n450_n610->n611, F0, i)}
100.0	{(n608, F0, i)}
100.0	{(and_n605_n607->n608, F0, i)}
100.0	{(and_n612_n613, F0, i)}
100.0	{(n613->and_n612_n613, F0, i)}
100.0	{(n612->and_n612_n613, F0, i)}
100.0	{(and_n450_n610, F0, i)}
100.0	{(n610->and_n450_n610, F0, i)}
100.0	{(n450->and_n450_n610, F0, i)}
100.0	{(and_n605_n607, F0, i)}
100.0	{(n607->and_n605_n607, F0, i)}
100.0	{(n605->and_n605_n607, F0, i)}
100.0	{(n613, F0, i)}
100.0	{(and_not_pi029_1_pi059->n613, F0, i)}
100.0	{(n610, F0, i)}
100.0	{(and_not_pi016_2_n351->n610, F0, i)}
100.0	{(n607, F0, i)}
100.0	{(and_not_pi012_5_n606->n607, F0, i)}
100.0	{(n605, F0, i)}
100.0	{(and_not_pi007_8_n346->n605, F0, i)}
100.0	{(and_not_pi029_1_pi059, F0, i)}
100.0	{(not_pi029_1->and_not_pi029_1_pi059, F0, i)}
100.0	{(and_not_pi016_2_n351, F0, i)}
100.0	{(not_pi016_2->and_not_pi016_2_n351, F0, i)}
100.0	{(n351->and_not_pi016_2_n351, F0, i)}
100.0	{(and_not_pi012_5_n606, F0, i)}
100.0	{(not_pi012_5->and_not_pi012_5_n606, F0, i)}
100.0	{(n606->and_not_pi012_5_n606, F0, i)}
100.0	{(and_not_pi007_8_n346, F0, i)}
100.0	{(n346->and_not_pi007_8_n346, F0, i)}
100.0	{(not_pi007_8->and_not_pi007_8_n346, F0, i)}
100.0	{(not_pi029_1, F0, i)}
100.0	{(not_pi016_2, F0, i)}
100.0	{(not_pi012_5, F0, i)}
100.0	{(n606, F0, i)}
100.0	{(and_not_pi025_1_not_pi028_1->n606, F0, i)}
100.0	{(not_pi007_8, F0, i)}
100.0	{(and_not_pi025_1_not_pi028_1, F0, i)}
100.0	{(not_pi028_1->and_not_pi025_1_not_pi028_1, F0, i)}
100.0	{(not_pi025_1->and_not_pi025_1_not_pi028_1, F0, i)}
100.0	{(not_pi028_1, F0, i)}
100.0	{(not_pi025_1, F0, i)}
100.0	{(not_n616->and_not_n604_not_n616, F1, i)}
100.0	{(n612, F0, i)}
100.0	{(and_not_pi011_5_n311->n612, F0, i)}
100.0	{(and_not_pi011_5_n311, F0, i)}
100.0	{(n311->and_not_pi011_5_n311, F0, i)}
100.0	{(not_pi011_5->and_not_pi011_5_n311, F0, i)}
100.0	{(not_pi011_5, F0, i)}
100.0	{(po032_driver->po032, F0, i)}
100.0	{(po032_driver, F0, i)}
100.0	{(and_not_pi003_70_n618->po032_driver, F0, i)}
100.0	{(and_not_pi003_70_n618, F0, i)}
100.0	{(n618->and_not_pi003_70_n618, F0, i)}
100.0	{(not_pi003_70->and_not_pi003_70_n618, F0, i)}
100.0	{(n618, F0, i)}
100.0	{(and_not_pi129_1176490_not_n617->n618, F0, i)}
100.0	{(not_pi003_70, F0, i)}
100.0	{(and_not_pi129_1176490_not_n617, F0, i)}
100.0	{(not_pi129_1176490->and_not_pi129_1176490_not_n617, F0, i)}
100.0	{(not_n617->and_not_pi129_1176490_not_n617, F0, i)}
100.0	{(not_pi129_1176490, F0, i)}
100.0	{(not_n617, F0, i)}
100.0	{(n617->not_n617, F1, i)}
100.0	{(n617, F1, i)}
100.0	{(and_not_n604_not_n616->n617, F1, i)}
100.0	{(and_not_n604_not_n616, F1, i)}
