12.63	{(not_n1202, F1, i)}
12.63	{(n1202->not_n1202, F0, i)}
12.63	{(n1202, F0, i)}
12.63	{(and_not_n1199_not_n1201->n1202, F0, i)}
12.63	{(and_not_n1199_not_n1201, F0, i)}
12.63	{(not_n1201->and_not_n1199_not_n1201, F0, i)}
12.63	{(not_n1199->and_not_n1199_not_n1201, F0, i)}
12.63	{(not_n1201, F0, i)}
12.63	{(n1201->not_n1201, F1, i)}
12.63	{(not_n1199, F0, i)}
12.63	{(n1199->not_n1199, F1, i)}
12.63	{(n1201, F1, i)}
12.63	{(and_n1192_n1200->n1201, F1, i)}
12.63	{(n1199, F1, i)}
12.63	{(and_not_pi027_70_not_n1198->n1199, F1, i)}
12.63	{(and_n1192_n1200, F1, i)}
12.63	{(and_not_pi027_70_not_n1198, F1, i)}
12.63	{(not_n1202->and_not_pi129_152867006319425761937651857692768264010_not_n1202, F1, i)}
12.63	{(n1202, F0, i)}
12.63	{(and_not_n1199_not_n1201->n1202, F0, i)}
12.63	{(and_not_n1199_not_n1201, F0, i)}
12.63	{(not_n1201->and_not_n1199_not_n1201, F0, i)}
12.63	{(not_n1199->and_not_n1199_not_n1201, F0, i)}
