83.33	{(not_pi076, F1, i)}
83.33	{(not_pi076->and_not_pi076_not_pi138_168070, F1, i)}
86.67	{(not_n1101, F1, i)}
86.67	{(n1101->not_n1101, F0, i)}
86.67	{(n1101, F0, i)}
86.67	{(and_n705_n1100->n1101, F0, i)}
86.67	{(and_n705_n1100, F0, i)}
86.67	{(n705->and_n705_n1100, F0, i)}
86.67	{(n1100->and_n705_n1100, F0, i)}
86.67	{(not_n1101->and_pi082_not_n1101, F1, i)}
72.22	{(n1100, F0, i)}
72.22	{(and_n384_n1054->n1100, F0, i)}
72.22	{(and_n384_n1054, F0, i)}
72.22	{(n1054->and_n384_n1054, F0, i)}
72.22	{(n384->and_n384_n1054, F0, i)}
72.22	{(n705, F0, i)}
72.22	{(and_n583_n704->n705, F0, i)}
72.22	{(and_n583_n704, F0, i)}
72.22	{(n704->and_n583_n704, F0, i)}
72.22	{(n583->and_n583_n704, F0, i)}
65.0	{(n583, F0, i)}
65.0	{(and_not_pi045_2_n399->n583, F0, i)}
65.0	{(and_not_pi045_2_n399, F0, i)}
65.0	{(n399->and_not_pi045_2_n399, F0, i)}
65.0	{(not_pi045_2->and_not_pi045_2_n399, F0, i)}
65.0	{(not_pi045_2, F0, i)}
