96.86	{(po055_driver->po055, F0, i)}
96.86	{(po055_driver, F0, i)}
96.86	{(and_not_n953_n963->po055_driver, F0, i)}
96.86	{(and_not_n953_n963, F0, i)}
96.86	{(n963->and_not_n953_n963, F0, i)}
96.86	{(not_n953->and_not_n953_n963, F0, i)}
96.86	{(n963, F0, i)}
96.86	{(and_not_n959_n962->n963, F0, i)}
96.86	{(not_n953, F0, i)}
96.86	{(n953->not_n953, F1, i)}
96.86	{(and_not_n959_n962, F0, i)}
96.86	{(n962->and_not_n959_n962, F0, i)}
96.86	{(not_n959->and_not_n959_n962, F0, i)}
96.86	{(n953, F1, i)}
96.86	{(and_not_pi040_2_not_n952->n953, F1, i)}
96.86	{(n962, F0, i)}
96.86	{(and_not_pi129_32199057558131797268376070_not_n961->n962, F0, i)}
96.86	{(not_n959, F0, i)}
96.86	{(n959->not_n959, F1, i)}
96.86	{(and_not_pi040_2_not_n952, F1, i)}
96.86	{(and_not_pi129_32199057558131797268376070_not_n961, F0, i)}
96.86	{(not_pi129_32199057558131797268376070->and_not_pi129_32199057558131797268376070_not_n961, F0, i)}
96.86	{(not_n961->and_not_pi129_32199057558131797268376070_not_n961, F0, i)}
96.86	{(n959, F1, i)}
96.86	{(and_pi073_n958->n959, F1, i)}
96.86	{(not_pi129_32199057558131797268376070, F0, i)}
96.86	{(not_n961, F0, i)}
96.86	{(n961->not_n961, F1, i)}
96.86	{(and_pi073_n958, F1, i)}
96.86	{(n961, F1, i)}
96.86	{(and_n390_n960->n961, F1, i)}
96.86	{(and_n390_n960, F1, i)}
