100.0	{(not_n494, F1, i)}
100.0	{(n494->not_n494, F0, i)}
100.0	{(n494, F0, i)}
100.0	{(and_n487_n493->n494, F0, i)}
100.0	{(and_n487_n493, F0, i)}
100.0	{(n493->and_n487_n493, F0, i)}
100.0	{(n487->and_n487_n493, F0, i)}
100.0	{(n493, F0, i)}
100.0	{(and_n490_n492->n493, F0, i)}
100.0	{(and_n490_n492, F0, i)}
100.0	{(n492->and_n490_n492, F0, i)}
100.0	{(n490->and_n490_n492, F0, i)}
100.0	{(n492, F0, i)}
100.0	{(and_n448_n491->n492, F0, i)}
100.0	{(n490, F0, i)}
100.0	{(and_n488_n489->n490, F0, i)}
100.0	{(and_n448_n491, F0, i)}
100.0	{(n448->and_n448_n491, F0, i)}
100.0	{(n491->and_n448_n491, F0, i)}
100.0	{(and_n488_n489, F0, i)}
100.0	{(n489->and_n488_n489, F0, i)}
100.0	{(n488->and_n488_n489, F0, i)}
100.0	{(n491, F0, i)}
100.0	{(and_not_pi008_3_n449->n491, F0, i)}
100.0	{(n489, F0, i)}
100.0	{(and_not_pi011_2_pi021->n489, F0, i)}
100.0	{(and_not_pi008_3_n449, F0, i)}
100.0	{(n449->and_not_pi008_3_n449, F0, i)}
100.0	{(not_pi008_3->and_not_pi008_3_n449, F0, i)}
100.0	{(and_not_pi011_2_pi021, F0, i)}
100.0	{(not_pi011_2->and_not_pi011_2_pi021, F0, i)}
100.0	{(not_pi008_3, F0, i)}
100.0	{(not_pi011_2, F0, i)}
100.0	{(not_n494->and_not_n486_not_n494, F1, i)}
100.0	{(n448, F0, i)}
100.0	{(and_not_pi016_0_pi054->n448, F0, i)}
100.0	{(and_not_pi016_0_pi054, F0, i)}
100.0	{(not_pi016_0->and_not_pi016_0_pi054, F0, i)}
100.0	{(not_pi016_0, F0, i)}
100.0	{(po023_driver->po023, F0, i)}
100.0	{(po023_driver, F0, i)}
100.0	{(and_not_pi003_3_n496->po023_driver, F0, i)}
100.0	{(and_not_pi003_3_n496, F0, i)}
100.0	{(not_pi003_3->and_not_pi003_3_n496, F0, i)}
100.0	{(n496->and_not_pi003_3_n496, F0, i)}
100.0	{(not_pi003_3, F0, i)}
100.0	{(n496, F0, i)}
100.0	{(and_not_pi129_7_not_n495->n496, F0, i)}
100.0	{(and_not_pi129_7_not_n495, F0, i)}
100.0	{(not_pi129_7->and_not_pi129_7_not_n495, F0, i)}
100.0	{(not_n495->and_not_pi129_7_not_n495, F0, i)}
100.0	{(not_pi129_7, F0, i)}
100.0	{(not_n495, F0, i)}
100.0	{(n495->not_n495, F1, i)}
100.0	{(n495, F1, i)}
100.0	{(and_not_n486_not_n494->n495, F1, i)}
100.0	{(and_not_n486_not_n494, F1, i)}
