10.64	{(not_n1142, F1, i)}
10.64	{(n1142->not_n1142, F0, i)}
10.64	{(n1142, F0, i)}
10.64	{(and_not_n1140_n1141->n1142, F0, i)}
10.64	{(and_not_n1140_n1141, F0, i)}
10.64	{(n1141->and_not_n1140_n1141, F0, i)}
10.64	{(not_n1140->and_not_n1140_n1141, F0, i)}
10.64	{(n1141, F0, i)}
10.64	{(and_not_pi106_9_not_n943_0->n1141, F0, i)}
10.64	{(not_n1140, F0, i)}
10.64	{(n1140->not_n1140, F1, i)}
10.64	{(and_not_pi106_9_not_n943_0, F0, i)}
10.64	{(not_pi106_9->and_not_pi106_9_not_n943_0, F0, i)}
10.64	{(not_n943_0->and_not_pi106_9_not_n943_0, F0, i)}
10.64	{(n1140, F1, i)}
10.64	{(and_pi052_not_n940_0->n1140, F1, i)}
10.64	{(not_pi106_9, F0, i)}
10.64	{(not_n943_0, F0, i)}
10.64	{(n943->not_n943_0, F1, i)}
10.64	{(and_pi052_not_n940_0, F1, i)}
10.64	{(not_n1142->and_not_pi129_445676403263631959001900459745680070_not_n1142, F1, i)}
10.64	{(n943, F1, i)}
10.64	{(and_pi109_n722->n943, F1, i)}
10.64	{(and_pi109_n722, F1, i)}
