25.0	{(not_n394, F1, i)}
25.0	{(n394->not_n394, F0, i)}
25.0	{(n394, F0, i)}
25.0	{(and_n386_n393->n394, F0, i)}
25.0	{(and_n386_n393, F0, i)}
25.0	{(n386->and_n386_n393, F0, i)}
25.0	{(n393->and_n386_n393, F0, i)}
25.0	{(n386, F0, i)}
25.0	{(and_n382_n385->n386, F0, i)}
25.0	{(n393, F0, i)}
25.0	{(and_n389_n392->n393, F0, i)}
25.0	{(and_n382_n385, F0, i)}
25.0	{(n385->and_n382_n385, F0, i)}
25.0	{(n382->and_n382_n385, F0, i)}
25.0	{(and_n389_n392, F0, i)}
25.0	{(n389->and_n389_n392, F0, i)}
25.0	{(n392->and_n389_n392, F0, i)}
25.0	{(n382, F0, i)}
25.0	{(and_n380_n381->n382, F0, i)}
25.0	{(n392, F0, i)}
25.0	{(and_not_pi002_n391->n392, F0, i)}
25.0	{(and_n380_n381, F0, i)}
25.0	{(n380->and_n380_n381, F0, i)}
25.0	{(n381->and_n380_n381, F0, i)}
25.0	{(and_not_pi002_n391, F0, i)}
25.0	{(n391->and_not_pi002_n391, F0, i)}
25.0	{(not_pi002->and_not_pi002_n391, F0, i)}
25.0	{(not_pi002, F0, i)}
25.0	{(not_n394->and_pi082_not_n394, F1, i)}
