98.85	{(not_n804, F1, i)}
98.85	{(n804->not_n804, F0, i)}
98.85	{(n804, F0, i)}
98.85	{(and_not_n802_not_n803->n804, F0, i)}
98.85	{(and_not_n802_not_n803, F0, i)}
98.85	{(not_n803->and_not_n802_not_n803, F0, i)}
98.85	{(not_n802->and_not_n802_not_n803, F0, i)}
98.85	{(not_n803, F0, i)}
98.85	{(n803->not_n803, F1, i)}
98.85	{(not_n802, F0, i)}
98.85	{(n802->not_n802, F1, i)}
98.85	{(n803, F1, i)}
98.85	{(and_n728_n737->n803, F1, i)}
98.85	{(n802, F1, i)}
98.85	{(and_n776_n801->n802, F1, i)}
98.85	{(and_n728_n737, F1, i)}
98.85	{(and_n776_n801, F1, i)}
98.85	{(not_n804->and_not_pi027_6_not_n804, F1, i)}
97.27	{(not_n808, F1, i)}
97.27	{(n808->not_n808, F0, i)}
97.27	{(n808, F0, i)}
97.27	{(and_not_n799_n807->n808, F0, i)}
97.27	{(and_not_n799_n807, F0, i)}
97.27	{(not_n799->and_not_n799_n807, F0, i)}
97.27	{(n807->and_not_n799_n807, F0, i)}
97.27	{(not_n799, F0, i)}
97.27	{(n799->not_n799, F1, i)}
97.27	{(n807, F0, i)}
97.27	{(and_not_n805_not_n806->n807, F0, i)}
97.27	{(n799, F1, i)}
97.27	{(and_pi028_not_n798->n799, F1, i)}
97.27	{(and_not_n805_not_n806, F0, i)}
97.27	{(not_n806->and_not_n805_not_n806, F0, i)}
97.27	{(not_n805->and_not_n805_not_n806, F0, i)}
97.27	{(and_pi028_not_n798, F1, i)}
97.27	{(not_n806, F0, i)}
97.27	{(n806->not_n806, F1, i)}
97.27	{(not_n805, F0, i)}
97.27	{(n805->not_n805, F1, i)}
97.27	{(n806, F1, i)}
97.27	{(and_n777_n790->n806, F1, i)}
97.27	{(n805, F1, i)}
97.27	{(and_not_pi027_6_not_n804->n805, F1, i)}
97.27	{(and_n777_n790, F1, i)}
97.27	{(and_not_pi027_6_not_n804, F1, i)}
97.27	{(not_n808->and_not_pi085_5_not_n808, F1, i)}
94.9	{(not_n816, F1, i)}
94.9	{(n816->not_n816, F0, i)}
94.9	{(n816, F0, i)}
94.9	{(and_not_n809_not_n815->n816, F0, i)}
94.9	{(and_not_n809_not_n815, F0, i)}
94.9	{(not_n809->and_not_n809_not_n815, F0, i)}
94.9	{(not_n815->and_not_n809_not_n815, F0, i)}
94.9	{(not_n809, F0, i)}
94.9	{(n809->not_n809, F1, i)}
94.9	{(not_n815, F0, i)}
94.9	{(n815->not_n815, F1, i)}
94.9	{(n809, F1, i)}
94.9	{(and_not_pi085_5_not_n808->n809, F1, i)}
94.9	{(n815, F1, i)}
94.9	{(and_n813_n814->n815, F1, i)}
94.9	{(and_not_pi085_5_not_n808, F1, i)}
94.9	{(and_n813_n814, F1, i)}
94.9	{(not_n816->and_not_pi053_3_not_n816, F1, i)}
93.86	{(not_n822, F1, i)}
93.86	{(n822->not_n822, F0, i)}
93.86	{(n822, F0, i)}
93.86	{(and_not_n817_not_n821->n822, F0, i)}
93.86	{(and_not_n817_not_n821, F0, i)}
93.86	{(not_n821->and_not_n817_not_n821, F0, i)}
93.86	{(not_n817->and_not_n817_not_n821, F0, i)}
93.86	{(not_n821, F0, i)}
93.86	{(n821->not_n821, F1, i)}
93.86	{(not_n817, F0, i)}
93.86	{(n817->not_n817, F1, i)}
93.86	{(n821, F1, i)}
93.86	{(and_n819_n820->n821, F1, i)}
93.86	{(n817, F1, i)}
93.86	{(and_not_pi053_3_not_n816->n817, F1, i)}
93.86	{(and_n819_n820, F1, i)}
93.86	{(and_not_pi053_3_not_n816, F1, i)}
93.86	{(not_n822->and_not_pi058_2_not_n822, F1, i)}
91.26	{(not_n826, F1, i)}
91.26	{(n826->not_n826, F0, i)}
91.26	{(n826, F0, i)}
91.26	{(and_not_n823_not_n825->n826, F0, i)}
91.26	{(and_not_n823_not_n825, F0, i)}
91.26	{(not_n823->and_not_n823_not_n825, F0, i)}
91.26	{(not_n825->and_not_n823_not_n825, F0, i)}
91.26	{(not_n823, F0, i)}
91.26	{(n823->not_n823, F1, i)}
91.26	{(not_n825, F0, i)}
91.26	{(n825->not_n825, F1, i)}
91.26	{(n823, F1, i)}
91.26	{(and_not_pi058_2_not_n822->n823, F1, i)}
91.26	{(n825, F1, i)}
91.26	{(and_n819_n824->n825, F1, i)}
91.26	{(and_not_pi058_2_not_n822, F1, i)}
91.26	{(and_n819_n824, F1, i)}
91.26	{(not_n826->and_not_pi129_2326305139872070_not_n826, F1, i)}
86.29	{(n827, F1, i)}
86.29	{(and_not_pi129_2326305139872070_not_n826->n827, F1, i)}
86.29	{(and_not_pi129_2326305139872070_not_n826, F1, i)}
86.29	{(n827->and_not_pi003_403536070_n827, F1, i)}
83.59	{(po043_driver->po043, F1, i)}
83.59	{(po043_driver, F1, i)}
83.59	{(and_not_pi003_403536070_n827->po043_driver, F1, i)}
83.59	{(and_not_pi003_403536070_n827, F1, i)}
