100.0	{(not_n1297, F1, i)}
100.0	{(n1297->not_n1297, F0, i)}
100.0	{(n1297, F0, i)}
100.0	{(and_n1251_n1296->n1297, F0, i)}
100.0	{(and_n1251_n1296, F0, i)}
100.0	{(n1251->and_n1251_n1296, F0, i)}
100.0	{(n1296->and_n1251_n1296, F0, i)}
100.0	{(n1296, F0, i)}
100.0	{(and_not_pi145_n1249->n1296, F0, i)}
100.0	{(and_not_pi145_n1249, F0, i)}
100.0	{(n1249->and_not_pi145_n1249, F0, i)}
100.0	{(not_pi145->and_not_pi145_n1249, F0, i)}
100.0	{(not_pi145, F0, i)}
100.0	{(not_n1297->and_not_n1295_not_n1297, F1, i)}
100.0	{(po086_driver->po086, F1, i)}
100.0	{(po086_driver, F1, i)}
100.0	{(or_pi129_n1298->po086_driver, F1, i)}
100.0	{(or_pi129_n1298, F1, i)}
100.0	{(n1298->or_pi129_n1298, F1, i)}
100.0	{(n1298, F1, i)}
100.0	{(and_not_n1295_not_n1297->n1298, F1, i)}
100.0	{(and_not_n1295_not_n1297, F1, i)}
