100.0	{(not_n338, F1, i)}
100.0	{(n338->not_n338, F0, i)}
100.0	{(n338, F0, i)}
100.0	{(and_not_n307_not_n337->n338, F0, i)}
100.0	{(and_not_n307_not_n337, F0, i)}
100.0	{(not_n307->and_not_n307_not_n337, F0, i)}
100.0	{(not_n337->and_not_n307_not_n337, F0, i)}
100.0	{(not_n307, F0, i)}
100.0	{(n307->not_n307, F1, i)}
100.0	{(not_n337, F0, i)}
100.0	{(n337->not_n337, F1, i)}
100.0	{(n307, F1, i)}
100.0	{(and_not_pi000_not_n306->n307, F1, i)}
100.0	{(n337, F1, i)}
100.0	{(and_pi054_not_n336->n337, F1, i)}
100.0	{(and_not_pi000_not_n306, F1, i)}
100.0	{(and_pi054_not_n336, F1, i)}
100.0	{(not_n338->and_not_pi129_not_n338, F1, i)}
100.0	{(not_n306, F1, i)}
100.0	{(n306->not_n306, F0, i)}
100.0	{(n306, F0, i)}
100.0	{(and_pi054_not_n305->n306, F0, i)}
100.0	{(and_pi054_not_n305, F0, i)}
100.0	{(not_n305->and_pi054_not_n305, F0, i)}
100.0	{(not_n305, F0, i)}
100.0	{(n305->not_n305, F1, i)}
100.0	{(n305, F1, i)}
100.0	{(and_n297_n304->n305, F1, i)}
100.0	{(and_n297_n304, F1, i)}
100.0	{(not_n306->and_not_pi000_not_n306, F1, i)}
100.0	{(not_n336, F1, i)}
100.0	{(n336->not_n336, F0, i)}
100.0	{(n336, F0, i)}
100.0	{(and_not_n309_not_n335->n336, F0, i)}
100.0	{(and_not_n309_not_n335, F0, i)}
100.0	{(not_n309->and_not_n309_not_n335, F0, i)}
100.0	{(not_n335->and_not_n309_not_n335, F0, i)}
100.0	{(not_n309, F0, i)}
100.0	{(n309->not_n309, F1, i)}
100.0	{(not_n335, F0, i)}
100.0	{(n335->not_n335, F1, i)}
100.0	{(n309, F1, i)}
100.0	{(and_not_pi056_n308->n309, F1, i)}
100.0	{(n335, F1, i)}
100.0	{(and_n302_not_n334->n335, F1, i)}
100.0	{(and_not_pi056_n308, F1, i)}
100.0	{(and_n302_not_n334, F1, i)}
100.0	{(not_n336->and_pi054_not_n336, F1, i)}
