100.0	{(and_pi082_not_n985, F1, i)}
100.0	{(n986, F1, i)}
100.0	{(and_pi082_not_n985->n986, F1, i)}
100.0	{(not_n986, F1, i)}
100.0	{(n986->not_n986, F1, i)}
100.0	{(not_n986->and_n379_not_n986, F1, i)}
100.0	{(n985, F1, i)}
100.0	{(and_n927_n984->n985, F1, i)}
100.0	{(and_n927_n984, F1, i)}
100.0	{(n927->and_n927_n984, F1, i)}
100.0	{(and_pi082_not_n985, F1, i)}
100.0	{(not_n985->and_pi082_not_n985, F1, i)}
100.0	{(and_not_n989_n998, F1, i)}
100.0	{(po057_driver, F1, i)}
100.0	{(and_not_n989_n998->po057_driver, F1, i)}
100.0	{(po057_driver->po057, F1, i)}
100.0	{(and_n379_not_n986, F1, i)}
100.0	{(n987, F1, i)}
100.0	{(and_n379_not_n986->n987, F1, i)}
100.0	{(not_n987, F1, i)}
100.0	{(n987->not_n987, F1, i)}
100.0	{(not_n987->and_not_n983_not_n987, F1, i)}
100.0	{(not_n985, F1, i)}
100.0	{(and_not_n983_not_n987, F1, i)}
100.0	{(n988, F1, i)}
100.0	{(and_not_n983_not_n987->n988, F1, i)}
100.0	{(not_n988, F1, i)}
100.0	{(n988->not_n988, F1, i)}
100.0	{(not_n988->and_not_pi042_1_not_n988, F1, i)}
100.0	{(n985->not_n985, F1, i)}
100.0	{(and_not_pi042_1_not_n988, F1, i)}
100.0	{(n989, F1, i)}
100.0	{(and_not_pi042_1_not_n988->n989, F1, i)}
100.0	{(not_n989, F1, i)}
100.0	{(n989->not_n989, F1, i)}
100.0	{(not_n989->and_not_n989_n998, F1, i)}
