100.0	{(not_n1449, F1, i)}
100.0	{(n1449->not_n1449, F0, i)}
100.0	{(n1449, F0, i)}
100.0	{(and_not_pi077_not_pi138_5->n1449, F0, i)}
100.0	{(and_not_pi077_not_pi138_5, F0, i)}
100.0	{(not_pi077->and_not_pi077_not_pi138_5, F0, i)}
100.0	{(not_pi138_5->and_not_pi077_not_pi138_5, F0, i)}
100.0	{(not_pi077, F0, i)}
100.0	{(not_pi138_5, F0, i)}
100.0	{(not_n1449->and_not_n1448_not_n1449, F1, i)}
99.78	{(not_n1451, F1, i)}
99.78	{(n1451->not_n1451, F0, i)}
99.78	{(n1451, F0, i)}
99.78	{(and_not_pi136_4_not_n1450->n1451, F0, i)}
99.78	{(and_not_pi136_4_not_n1450, F0, i)}
99.78	{(not_pi136_4->and_not_pi136_4_not_n1450, F0, i)}
99.78	{(not_n1450->and_not_pi136_4_not_n1450, F0, i)}
99.78	{(not_pi136_4, F0, i)}
99.78	{(not_n1450, F0, i)}
99.78	{(n1450->not_n1450, F1, i)}
99.78	{(n1450, F1, i)}
99.78	{(and_not_n1448_not_n1449->n1450, F1, i)}
99.78	{(and_not_n1448_not_n1449, F1, i)}
99.78	{(not_n1451->and_not_n1451_not_n1455, F1, i)}
97.0	{(po116_driver->po116, F0, i)}
97.0	{(po116_driver, F0, i)}
97.0	{(or_n1457_n1464->po116_driver, F0, i)}
97.0	{(or_n1457_n1464, F0, i)}
97.0	{(n1457, F0, i)}
97.0	{(and_not_pi137_4_not_n1456->n1457, F0, i)}
97.0	{(and_not_pi137_4_not_n1456, F0, i)}
97.0	{(not_pi137_4->and_not_pi137_4_not_n1456, F0, i)}
97.0	{(not_n1456->and_not_pi137_4_not_n1456, F0, i)}
97.0	{(not_pi137_4, F0, i)}
97.0	{(not_n1456, F0, i)}
97.0	{(n1456->not_n1456, F1, i)}
97.0	{(n1456, F1, i)}
97.0	{(and_not_n1451_not_n1455->n1456, F1, i)}
97.0	{(and_not_n1451_not_n1455, F1, i)}
97.0	{(n1457->or_n1457_n1464, F0, i)}
