100.0	{(and_not_pi003_2_n484, F1, i)}
100.0	{(po022_driver, F1, i)}
100.0	{(and_not_pi003_2_n484->po022_driver, F1, i)}
100.0	{(po022_driver->po022, F1, i)}
100.0	{(and_n478_n481, F1, i)}
100.0	{(and_not_pi129_6_not_n483, F1, i)}
100.0	{(n484, F1, i)}
100.0	{(and_not_pi129_6_not_n483->n484, F1, i)}
100.0	{(n484->and_not_pi003_2_n484, F1, i)}
100.0	{(and_not_n472_not_n482, F1, i)}
100.0	{(n483, F1, i)}
100.0	{(and_not_n472_not_n482->n483, F1, i)}
100.0	{(not_n483, F1, i)}
100.0	{(n483->not_n483, F1, i)}
100.0	{(not_n483->and_not_pi129_6_not_n483, F1, i)}
99.42	{(not_n482->and_not_n472_not_n482, F1, i)}
99.42	{(and_n478_n481->n482, F1, i)}
99.42	{(n482, F1, i)}
99.42	{(n482->not_n482, F1, i)}
99.42	{(not_n482, F1, i)}
99.42	{(and_not_n472_not_n482, F1, i)}
99.23	{(not_n483->and_not_pi129_6_not_n483, F1, i)}
99.23	{(not_n483, F1, i)}
99.23	{(n483->not_n483, F1, i)}
99.23	{(n483, F1, i)}
99.23	{(and_not_n472_not_n482->n483, F1, i)}
99.23	{(not_n483, F1, i)}
99.23	{(n483->not_n483, F0, i)}
99.23	{(n483, F0, i)}
99.23	{(and_not_n472_not_n482->n483, F0, i)}
99.23	{(and_not_n472_not_n482, F0, i)}
99.23	{(not_n472->and_not_n472_not_n482, F0, i)}
99.23	{(not_n482->and_not_n472_not_n482, F0, i)}
99.23	{(not_n472, F0, i)}
99.23	{(n472->not_n472, F1, i)}
99.23	{(not_n482, F0, i)}
99.23	{(n482->not_n482, F1, i)}
99.23	{(n472, F1, i)}
99.23	{(and_pi007_not_pi054_2->n472, F1, i)}
99.23	{(n482, F1, i)}
99.23	{(and_n478_n481->n482, F1, i)}
99.23	{(and_pi007_not_pi054_2, F1, i)}
99.23	{(and_n478_n481, F1, i)}
99.23	{(not_n483->and_not_pi129_6_not_n483, F1, i)}
