100.0	{(and_not_pi042_1_not_n988, F1, i)}
100.0	{(n989, F1, i)}
100.0	{(and_not_pi042_1_not_n988->n989, F1, i)}
100.0	{(not_n989, F1, i)}
100.0	{(n989->not_n989, F1, i)}
100.0	{(not_n989->and_not_n989_n998, F1, i)}
100.0	{(and_not_pi042_1_not_n988, F1, i)}
100.0	{(not_pi042_1->and_not_pi042_1_not_n988, F1, i)}
100.0	{(not_pi042_1, F1, i)}
100.0	{(and_not_n989_n998, F1, i)}
100.0	{(po057_driver, F1, i)}
100.0	{(and_not_n989_n998->po057_driver, F1, i)}
100.0	{(po057_driver->po057, F1, i)}
95.83	{(not_n989, F1, i)}
95.83	{(n989->not_n989, F0, i)}
95.83	{(n989, F0, i)}
95.83	{(and_not_pi042_1_not_n988->n989, F0, i)}
95.83	{(and_not_pi042_1_not_n988, F0, i)}
95.83	{(not_pi042_1->and_not_pi042_1_not_n988, F0, i)}
95.83	{(not_n988->and_not_pi042_1_not_n988, F0, i)}
95.83	{(not_pi042_1, F0, i)}
95.83	{(not_n988, F0, i)}
95.83	{(n988->not_n988, F1, i)}
95.83	{(n988, F1, i)}
95.83	{(and_not_n983_not_n987->n988, F1, i)}
95.83	{(and_not_n983_not_n987, F1, i)}
95.83	{(not_n989->and_not_n989_n998, F1, i)}
