100.0	{(po113_driver->po113, F0, i)}
100.0	{(po113_driver, F0, i)}
100.0	{(and_not_pi129_4183778472590916451475308348590993345191760458870147715430_not_n1438->po113_driver, F0, i)}
100.0	{(and_not_pi129_4183778472590916451475308348590993345191760458870147715430_not_n1438, F0, i)}
100.0	{(not_pi129_4183778472590916451475308348590993345191760458870147715430->and_not_pi129_4183778472590916451475308348590993345191760458870147715430_not_n1438, F0, i)}
100.0	{(not_n1438->and_not_pi129_4183778472590916451475308348590993345191760458870147715430_not_n1438, F0, i)}
100.0	{(not_pi129_4183778472590916451475308348590993345191760458870147715430, F0, i)}
100.0	{(not_n1438, F0, i)}
100.0	{(n1438->not_n1438, F1, i)}
100.0	{(n1438, F1, i)}
100.0	{(and_not_n1436_not_n1437->n1438, F1, i)}
100.0	{(and_not_n1436_not_n1437, F1, i)}
100.0	{(not_n1436, F1, i)}
100.0	{(n1436->not_n1436, F0, i)}
100.0	{(n1436, F0, i)}
100.0	{(and_pi098_not_n1386_5->n1436, F0, i)}
100.0	{(and_pi098_not_n1386_5, F0, i)}
100.0	{(not_n1386_5->and_pi098_not_n1386_5, F0, i)}
100.0	{(not_n1386_5, F0, i)}
100.0	{(n1386->not_n1386_5, F1, i)}
100.0	{(not_n1436->and_not_n1436_not_n1437, F1, i)}
