100.0	{(not_n1194, F1, i)}
100.0	{(n1194->not_n1194, F0, i)}
100.0	{(n1194, F0, i)}
100.0	{(and_not_n1191_not_n1193->n1194, F0, i)}
100.0	{(and_not_n1191_not_n1193, F0, i)}
100.0	{(not_n1191->and_not_n1191_not_n1193, F0, i)}
100.0	{(not_n1193->and_not_n1191_not_n1193, F0, i)}
100.0	{(not_n1191, F0, i)}
100.0	{(n1191->not_n1191, F1, i)}
100.0	{(not_n1193, F0, i)}
100.0	{(n1193->not_n1193, F1, i)}
100.0	{(n1191, F1, i)}
100.0	{(and_not_pi058_8_not_n1190->n1191, F1, i)}
100.0	{(n1193, F1, i)}
100.0	{(and_not_pi116_9_n1192->n1193, F1, i)}
100.0	{(and_not_pi058_8_not_n1190, F1, i)}
100.0	{(and_not_pi116_9_n1192, F1, i)}
100.0	{(not_n1194->and_pi057_not_n1194, F1, i)}
100.0	{(not_pi058_8, F1, i)}
100.0	{(not_pi058_8->and_not_pi058_8_not_n1190, F1, i)}
100.0	{(not_pi058_9, F1, i)}
100.0	{(not_pi058_9->and_pi057_not_pi058_9, F1, i)}
100.0	{(not_pi116_9, F1, i)}
100.0	{(not_pi116_9->and_not_pi116_9_n1192, F1, i)}
