100.0	{(and_not_n817_not_n821, F1, i)}
100.0	{(and_not_n817_not_n821->n822, F1, i)}
100.0	{(n822, F1, i)}
100.0	{(n822->not_n822, F1, i)}
100.0	{(and_not_pi003_403536070_n827, F1, i)}
100.0	{(po043_driver, F1, i)}
100.0	{(and_not_pi003_403536070_n827->po043_driver, F1, i)}
100.0	{(po043_driver->po043, F1, i)}
100.0	{(not_n822, F1, i)}
100.0	{(and_not_pi129_2326305139872070_not_n826, F1, i)}
100.0	{(n827, F1, i)}
100.0	{(and_not_pi129_2326305139872070_not_n826->n827, F1, i)}
100.0	{(n827->and_not_pi003_403536070_n827, F1, i)}
100.0	{(not_n822->and_not_pi058_2_not_n822, F1, i)}
100.0	{(and_not_n823_not_n825, F1, i)}
100.0	{(n826, F1, i)}
100.0	{(and_not_n823_not_n825->n826, F1, i)}
100.0	{(not_n826, F1, i)}
100.0	{(n826->not_n826, F1, i)}
100.0	{(not_n826->and_not_pi129_2326305139872070_not_n826, F1, i)}
100.0	{(and_not_pi058_2_not_n822, F1, i)}
100.0	{(n823, F1, i)}
100.0	{(and_not_pi058_2_not_n822->n823, F1, i)}
100.0	{(not_n823, F1, i)}
100.0	{(n823->not_n823, F1, i)}
100.0	{(not_n823->and_not_n823_not_n825, F1, i)}
96.14	{(n823, F1, i)}
96.14	{(and_not_n823_not_n825, F1, i)}
96.14	{(not_n823->and_not_n823_not_n825, F1, i)}
96.14	{(not_n823, F1, i)}
96.14	{(n823->not_n823, F1, i)}
96.14	{(and_not_pi058_2_not_n822->n823, F1, i)}
95.95	{(not_n826, F1, i)}
95.95	{(n826->not_n826, F1, i)}
95.95	{(n826, F1, i)}
95.95	{(and_not_n823_not_n825->n826, F1, i)}
95.95	{(not_n826->and_not_pi129_2326305139872070_not_n826, F1, i)}
