100.0	{(and_not_n897_not_n898, F1, i)}
100.0	{(and_not_n897_not_n898->n899, F1, i)}
100.0	{(not_n899->and_not_pi106_4_not_n899, F1, i)}
100.0	{(n899, F1, i)}
100.0	{(n899->not_n899, F1, i)}
100.0	{(and_not_pi129_1915812313805664144010_not_n901, F1, i)}
100.0	{(po050_driver, F1, i)}
100.0	{(and_not_pi129_1915812313805664144010_not_n901->po050_driver, F1, i)}
100.0	{(po050_driver->po050, F1, i)}
100.0	{(and_not_pi106_4_not_n899, F1, i)}
100.0	{(n900, F1, i)}
100.0	{(and_not_pi106_4_not_n899->n900, F1, i)}
100.0	{(not_n900, F1, i)}
100.0	{(n900->not_n900, F1, i)}
100.0	{(not_n900->and_not_n896_not_n900, F1, i)}
100.0	{(not_n899, F1, i)}
100.0	{(and_not_n896_not_n900, F1, i)}
100.0	{(n901, F1, i)}
100.0	{(and_not_n896_not_n900->n901, F1, i)}
100.0	{(not_n901, F1, i)}
100.0	{(n901->not_n901, F1, i)}
100.0	{(not_n901->and_not_pi129_1915812313805664144010_not_n901, F1, i)}
97.26	{(and_not_n896_not_n900, F1, i)}
97.26	{(not_n900->and_not_n896_not_n900, F1, i)}
97.26	{(not_n900, F1, i)}
97.26	{(n900->not_n900, F1, i)}
97.26	{(n900, F1, i)}
97.26	{(and_not_pi106_4_not_n899->n900, F1, i)}
97.08	{(n901, F1, i)}
97.08	{(and_not_n896_not_n900->n901, F1, i)}
97.08	{(n901->not_n901, F1, i)}
97.08	{(not_n901->and_not_pi129_1915812313805664144010_not_n901, F1, i)}
97.08	{(not_n901, F1, i)}
96.53	{(not_n901, F1, i)}
96.53	{(n901->not_n901, F0, i)}
96.53	{(n901, F0, i)}
96.53	{(and_not_n896_not_n900->n901, F0, i)}
96.53	{(and_not_n896_not_n900, F0, i)}
96.53	{(not_n896->and_not_n896_not_n900, F0, i)}
96.53	{(not_n900->and_not_n896_not_n900, F0, i)}
96.53	{(not_n896, F0, i)}
96.53	{(n896->not_n896, F1, i)}
96.53	{(not_n900, F0, i)}
96.53	{(n900->not_n900, F1, i)}
96.53	{(n896, F1, i)}
96.53	{(and_pi092_pi106->n896, F1, i)}
96.53	{(n900, F1, i)}
96.53	{(and_not_pi106_4_not_n899->n900, F1, i)}
96.53	{(and_pi092_pi106, F1, i)}
96.53	{(and_not_pi106_4_not_n899, F1, i)}
96.53	{(not_n901->and_not_pi129_1915812313805664144010_not_n901, F1, i)}
