100.0	{(and_n640_n644, F1, i)}
100.0	{(n645, F1, i)}
100.0	{(and_n640_n644->n645, F1, i)}
100.0	{(and_not_pi129_403536070_not_n660, F1, i)}
100.0	{(po035_driver, F1, i)}
100.0	{(and_not_pi129_403536070_not_n660->po035_driver, F1, i)}
100.0	{(po035_driver->po035, F1, i)}
100.0	{(and_not_n648_n659, F1, i)}
100.0	{(n660, F1, i)}
100.0	{(and_not_n648_n659->n660, F1, i)}
100.0	{(not_n660, F1, i)}
100.0	{(n660->not_n660, F1, i)}
100.0	{(not_n660->and_not_pi129_403536070_not_n660, F1, i)}
100.0	{(n642, F1, i)}
100.0	{(and_n388_n641, F1, i)}
100.0	{(and_n388_n641->n642, F1, i)}
100.0	{(and_n642_n643, F1, i)}
100.0	{(n644, F1, i)}
100.0	{(and_n642_n643->n644, F1, i)}
100.0	{(n644->and_n640_n644, F1, i)}
100.0	{(and_n642_n643, F1, i)}
100.0	{(n642->and_n642_n643, F1, i)}
95.35	{(and_n640_n644, F1, i)}
95.35	{(n644->and_n640_n644, F1, i)}
95.35	{(n644, F1, i)}
95.35	{(and_n642_n643->n644, F1, i)}
