100.0	{(not_n822, F1, i)}
100.0	{(n822->not_n822, F0, i)}
100.0	{(n822, F0, i)}
100.0	{(and_not_n817_not_n821->n822, F0, i)}
100.0	{(and_not_n817_not_n821, F0, i)}
100.0	{(not_n821->and_not_n817_not_n821, F0, i)}
100.0	{(not_n817->and_not_n817_not_n821, F0, i)}
100.0	{(not_n821, F0, i)}
100.0	{(n821->not_n821, F1, i)}
100.0	{(not_n817, F0, i)}
100.0	{(n817->not_n817, F1, i)}
100.0	{(n821, F1, i)}
100.0	{(and_n819_n820->n821, F1, i)}
100.0	{(n817, F1, i)}
100.0	{(and_not_pi053_3_not_n816->n817, F1, i)}
100.0	{(and_n819_n820, F1, i)}
100.0	{(and_not_pi053_3_not_n816, F1, i)}
100.0	{(not_n822->and_not_pi058_2_not_n822, F1, i)}
96.35	{(not_n826, F1, i)}
96.35	{(n826->not_n826, F0, i)}
96.35	{(n826, F0, i)}
96.35	{(and_not_n823_not_n825->n826, F0, i)}
96.35	{(and_not_n823_not_n825, F0, i)}
96.35	{(not_n823->and_not_n823_not_n825, F0, i)}
96.35	{(not_n825->and_not_n823_not_n825, F0, i)}
96.35	{(not_n823, F0, i)}
96.35	{(n823->not_n823, F1, i)}
96.35	{(not_n825, F0, i)}
96.35	{(n825->not_n825, F1, i)}
96.35	{(n823, F1, i)}
96.35	{(and_not_pi058_2_not_n822->n823, F1, i)}
96.35	{(n825, F1, i)}
96.35	{(and_n819_n824->n825, F1, i)}
96.35	{(and_not_pi058_2_not_n822, F1, i)}
96.35	{(and_n819_n824, F1, i)}
96.35	{(not_n826->and_not_pi129_2326305139872070_not_n826, F1, i)}
