100.0	{(not_n1180, F1, i)}
100.0	{(and_not_pi003_138412872010_n1185, F1, i)}
100.0	{(po071_driver, F1, i)}
100.0	{(and_not_pi003_138412872010_n1185->po071_driver, F1, i)}
100.0	{(po071_driver->po071, F1, i)}
100.0	{(not_n1180->and_not_pi027_10_not_n1180, F1, i)}
100.0	{(n1180->not_n1180, F1, i)}
100.0	{(n1180, F1, i)}
100.0	{(and_not_pi129_21838143759917965991093122527538323430_not_n1184, F1, i)}
100.0	{(n1185, F1, i)}
100.0	{(and_not_pi129_21838143759917965991093122527538323430_not_n1184->n1185, F1, i)}
100.0	{(n1185->and_not_pi003_138412872010_n1185, F1, i)}
100.0	{(and_not_n1178_not_n1179->n1180, F1, i)}
100.0	{(and_not_n1178_not_n1179, F1, i)}
100.0	{(and_not_n1181_not_n1183, F1, i)}
100.0	{(n1184, F1, i)}
100.0	{(and_not_n1181_not_n1183->n1184, F1, i)}
100.0	{(not_n1184, F1, i)}
100.0	{(n1184->not_n1184, F1, i)}
100.0	{(not_n1184->and_not_pi129_21838143759917965991093122527538323430_not_n1184, F1, i)}
100.0	{(and_not_pi027_10_not_n1180, F1, i)}
100.0	{(n1181, F1, i)}
100.0	{(and_not_pi027_10_not_n1180->n1181, F1, i)}
100.0	{(not_n1181, F1, i)}
100.0	{(n1181->not_n1181, F1, i)}
100.0	{(not_n1181->and_not_n1181_not_n1183, F1, i)}
96.49	{(and_not_pi027_10_not_n1180->n1181, F1, i)}
96.49	{(n1181, F1, i)}
96.49	{(n1181->not_n1181, F1, i)}
96.49	{(not_n1181, F1, i)}
96.49	{(and_not_n1181_not_n1183, F1, i)}
96.49	{(not_n1181->and_not_n1181_not_n1183, F1, i)}
95.74	{(n1184->not_n1184, F1, i)}
95.74	{(not_n1184->and_not_pi129_21838143759917965991093122527538323430_not_n1184, F1, i)}
95.74	{(not_n1184, F1, i)}
95.74	{(n1184, F1, i)}
95.74	{(and_not_n1181_not_n1183->n1184, F1, i)}
