100.0	{(n1039, F1, i)}
100.0	{(and_not_n379_9_not_n1038->n1039, F1, i)}
100.0	{(and_not_n379_9_not_n1038, F1, i)}
100.0	{(n1039->and_pi068_n1039, F1, i)}
100.0	{(not_n1038, F1, i)}
100.0	{(n1038->not_n1038, F0, i)}
100.0	{(n1038, F0, i)}
100.0	{(and_pi082_not_n1037->n1038, F0, i)}
100.0	{(and_pi082_not_n1037, F0, i)}
100.0	{(not_n1037->and_pi082_not_n1037, F0, i)}
100.0	{(not_n1037, F0, i)}
100.0	{(n1037->not_n1037, F1, i)}
100.0	{(n1037, F1, i)}
100.0	{(and_n408_n1036->n1037, F1, i)}
100.0	{(and_n408_n1036, F1, i)}
100.0	{(not_n1038->and_not_n379_9_not_n1038, F1, i)}
100.0	{(n1036, F1, i)}
100.0	{(and_n385_n1035->n1036, F1, i)}
100.0	{(and_n385_n1035, F1, i)}
100.0	{(n1036->and_n408_n1036, F1, i)}
100.0	{(n385->and_n385_n1035, F1, i)}
