100.0	{(and_pi028_not_n798, F1, i)}
100.0	{(n799, F1, i)}
100.0	{(and_pi028_not_n798->n799, F1, i)}
100.0	{(not_n799, F1, i)}
100.0	{(n799->not_n799, F1, i)}
100.0	{(not_n799->and_not_n799_n807, F1, i)}
100.0	{(not_n792->and_not_n726_0_not_n792, F1, i)}
100.0	{(and_not_n726_0_not_n792, F1, i)}
100.0	{(and_not_pi058_2_not_n822, F1, i)}
100.0	{(n823, F1, i)}
100.0	{(and_not_pi058_2_not_n822->n823, F1, i)}
100.0	{(not_n823, F1, i)}
100.0	{(n823->not_n823, F1, i)}
100.0	{(not_n823->and_not_n823_not_n825, F1, i)}
100.0	{(not_n798, F1, i)}
100.0	{(not_n798->and_pi028_not_n798, F1, i)}
100.0	{(not_n792, F1, i)}
100.0	{(and_not_pi027_4_n737->n791, F1, i)}
100.0	{(and_pi028_not_n798, F1, i)}
100.0	{(and_not_pi027_4_n737, F1, i)}
100.0	{(and_not_pi003_403536070_n827, F1, i)}
100.0	{(po043_driver, F1, i)}
100.0	{(and_not_pi003_403536070_n827->po043_driver, F1, i)}
100.0	{(po043_driver->po043, F1, i)}
100.0	{(n793->not_n793, F1, i)}
100.0	{(n793, F1, i)}
100.0	{(not_n791, F1, i)}
100.0	{(and_not_n799_n807, F1, i)}
100.0	{(n808, F1, i)}
100.0	{(and_not_n799_n807->n808, F1, i)}
100.0	{(not_n808, F1, i)}
100.0	{(n808->not_n808, F1, i)}
100.0	{(not_n808->and_not_pi085_5_not_n808, F1, i)}
100.0	{(not_n791->and_not_n790_not_n791, F1, i)}
100.0	{(and_not_n726_0_not_n792->n793, F1, i)}
100.0	{(and_not_n790_not_n791, F1, i)}
100.0	{(and_not_n790_not_n791->n792, F1, i)}
100.0	{(n792, F1, i)}
100.0	{(and_not_pi129_2326305139872070_not_n826, F1, i)}
100.0	{(n827, F1, i)}
100.0	{(and_not_pi129_2326305139872070_not_n826->n827, F1, i)}
100.0	{(n827->and_not_pi003_403536070_n827, F1, i)}
100.0	{(and_not_n823_not_n825, F1, i)}
100.0	{(n826, F1, i)}
100.0	{(and_not_n823_not_n825->n826, F1, i)}
100.0	{(not_n826, F1, i)}
100.0	{(n826->not_n826, F1, i)}
100.0	{(not_n826->and_not_pi129_2326305139872070_not_n826, F1, i)}
100.0	{(n792->not_n792, F1, i)}
100.0	{(and_not_pi085_5_not_n808, F1, i)}
100.0	{(n809, F1, i)}
100.0	{(and_not_pi085_5_not_n808->n809, F1, i)}
100.0	{(not_n809, F1, i)}
100.0	{(n809->not_n809, F1, i)}
100.0	{(not_n809->and_not_n809_not_n815, F1, i)}
100.0	{(and_not_n817_not_n821, F1, i)}
100.0	{(n822, F1, i)}
100.0	{(and_not_n817_not_n821->n822, F1, i)}
100.0	{(not_n822, F1, i)}
100.0	{(n822->not_n822, F1, i)}
100.0	{(not_n822->and_not_pi058_2_not_n822, F1, i)}
100.0	{(n798->not_n798, F1, i)}
100.0	{(n798, F1, i)}
100.0	{(and_not_n809_not_n815, F1, i)}
100.0	{(n816, F1, i)}
100.0	{(and_not_n809_not_n815->n816, F1, i)}
100.0	{(not_n816, F1, i)}
100.0	{(n816->not_n816, F1, i)}
100.0	{(not_n816->and_not_pi053_3_not_n816, F1, i)}
100.0	{(and_not_n793_not_n797->n798, F1, i)}
100.0	{(n791, F1, i)}
100.0	{(and_not_pi053_3_not_n816, F1, i)}
100.0	{(n817, F1, i)}
100.0	{(and_not_pi053_3_not_n816->n817, F1, i)}
100.0	{(not_n817, F1, i)}
100.0	{(n817->not_n817, F1, i)}
100.0	{(not_n817->and_not_n817_not_n821, F1, i)}
100.0	{(and_not_n793_not_n797, F1, i)}
100.0	{(not_n793->and_not_n793_not_n797, F1, i)}
100.0	{(not_n793, F1, i)}
100.0	{(n791->not_n791, F1, i)}
