100.0	{(not_n1530->and_not_n713_0_not_n1530, F1, i)}
100.0	{(and_not_n713_0_not_n1530, F1, i)}
100.0	{(and_not_pi027_3430_n1529, F1, i)}
100.0	{(and_not_pi027_3430_n1529->n1530, F1, i)}
100.0	{(n1530, F1, i)}
100.0	{(n1530->not_n1530, F1, i)}
100.0	{(not_n1530, F1, i)}
100.0	{(and_not_pi129_1435036016098684342856030763566710717400773837392460666392490_not_n1531, F1, i)}
100.0	{(n1532, F1, i)}
100.0	{(and_not_pi129_1435036016098684342856030763566710717400773837392460666392490_not_n1531->n1532, F1, i)}
100.0	{(n1532->and_not_pi003_16284135979104490_n1532, F1, i)}
100.0	{(and_not_pi003_16284135979104490_n1532, F1, i)}
100.0	{(po121_driver, F1, i)}
100.0	{(and_not_pi003_16284135979104490_n1532->po121_driver, F1, i)}
100.0	{(po121_driver->po121, F1, i)}
98.85	{(not_n1531->and_not_pi129_1435036016098684342856030763566710717400773837392460666392490_not_n1531, F1, i)}
98.85	{(not_n1531, F1, i)}
98.85	{(n1531->not_n1531, F1, i)}
98.85	{(n1531, F1, i)}
98.85	{(and_not_n713_0_not_n1530->n1531, F1, i)}
96.3	{(not_n1531, F1, i)}
96.3	{(n1531->not_n1531, F0, i)}
96.3	{(n1531, F0, i)}
96.3	{(and_not_n713_0_not_n1530->n1531, F0, i)}
96.3	{(and_not_n713_0_not_n1530, F0, i)}
96.3	{(not_n713_0->and_not_n713_0_not_n1530, F0, i)}
96.3	{(not_n1530->and_not_n713_0_not_n1530, F0, i)}
96.3	{(not_n713_0, F0, i)}
96.3	{(n713->not_n713_0, F1, i)}
96.3	{(not_n1530, F0, i)}
96.3	{(n1530->not_n1530, F1, i)}
96.3	{(n1530, F1, i)}
96.3	{(and_not_pi027_3430_n1529->n1530, F1, i)}
96.3	{(and_not_pi027_3430_n1529, F1, i)}
96.3	{(not_n1531->and_not_pi129_1435036016098684342856030763566710717400773837392460666392490_not_n1531, F1, i)}
