16.84	{(not_n853, F1, i)}
16.84	{(n853->not_n853, F0, i)}
16.84	{(n853, F0, i)}
16.84	{(and_not_n850_not_n852->n853, F0, i)}
16.84	{(and_not_n850_not_n852, F0, i)}
16.84	{(not_n850->and_not_n850_not_n852, F0, i)}
16.84	{(not_n852->and_not_n850_not_n852, F0, i)}
16.84	{(not_n850, F0, i)}
16.84	{(n850->not_n850, F1, i)}
16.84	{(not_n852, F0, i)}
16.84	{(n852->not_n852, F1, i)}
16.84	{(n850, F1, i)}
16.84	{(and_not_pi085_6_not_n849->n850, F1, i)}
16.84	{(n852, F1, i)}
16.84	{(and_n838_n851->n852, F1, i)}
16.84	{(and_not_pi085_6_not_n849, F1, i)}
16.84	{(and_n838_n851, F1, i)}
16.84	{(not_n853->and_not_pi026_9_not_n853, F1, i)}
16.84	{(not_n850->and_not_n850_not_n852, F0, i)}
16.84	{(and_not_n850_not_n852, F0, i)}
16.84	{(and_not_n850_not_n852->n853, F0, i)}
16.84	{(n853, F0, i)}
16.84	{(not_n852->and_not_n850_not_n852, F0, i)}
