100.0	{(and_pi033_not_pi109_2->n884, F1, i)}
100.0	{(not_n884->and_not_n883_not_n884, F1, i)}
100.0	{(not_n884, F1, i)}
100.0	{(and_not_n883_not_n884, F1, i)}
100.0	{(and_not_pi129_39098210485829880490_not_n887, F1, i)}
100.0	{(po048_driver, F1, i)}
100.0	{(and_not_pi129_39098210485829880490_not_n887->po048_driver, F1, i)}
100.0	{(po048_driver->po048, F1, i)}
100.0	{(n884->not_n884, F1, i)}
100.0	{(n884, F1, i)}
100.0	{(and_pi033_not_pi109_2, F1, i)}
100.0	{(and_not_n882_not_n886, F1, i)}
100.0	{(n887, F1, i)}
100.0	{(and_not_n882_not_n886->n887, F1, i)}
100.0	{(not_n887, F1, i)}
100.0	{(n887->not_n887, F1, i)}
100.0	{(not_n887->and_not_pi129_39098210485829880490_not_n887, F1, i)}
100.0	{(and_not_pi106_2_not_n885, F1, i)}
100.0	{(n886, F1, i)}
100.0	{(and_not_pi106_2_not_n885->n886, F1, i)}
100.0	{(not_n886, F1, i)}
100.0	{(n886->not_n886, F1, i)}
100.0	{(not_n886->and_not_n882_not_n886, F1, i)}
99.81	{(not_n885->and_not_pi106_2_not_n885, F1, i)}
99.81	{(and_not_n883_not_n884->n885, F1, i)}
99.81	{(n885->not_n885, F1, i)}
99.81	{(not_n885, F1, i)}
99.81	{(n885, F1, i)}
99.44	{(not_n885, F1, i)}
99.44	{(n885->not_n885, F0, i)}
99.44	{(n885, F0, i)}
99.44	{(and_not_n883_not_n884->n885, F0, i)}
99.44	{(and_not_n883_not_n884, F0, i)}
99.44	{(not_n884->and_not_n883_not_n884, F0, i)}
99.44	{(not_n883->and_not_n883_not_n884, F0, i)}
99.44	{(not_n884, F0, i)}
99.44	{(n884->not_n884, F1, i)}
99.44	{(not_n883, F0, i)}
99.44	{(n883->not_n883, F1, i)}
99.44	{(n884, F1, i)}
99.44	{(and_pi033_not_pi109_2->n884, F1, i)}
99.44	{(n883, F1, i)}
99.44	{(and_pi032_pi109->n883, F1, i)}
99.44	{(and_pi033_not_pi109_2, F1, i)}
99.44	{(and_pi032_pi109, F1, i)}
99.44	{(not_n885->and_not_pi106_2_not_n885, F1, i)}
96.7	{(not_n887, F1, i)}
96.7	{(n887->not_n887, F0, i)}
96.7	{(n887, F0, i)}
96.7	{(and_not_n882_not_n886->n887, F0, i)}
96.7	{(and_not_n882_not_n886, F0, i)}
96.7	{(not_n882->and_not_n882_not_n886, F0, i)}
96.7	{(not_n886->and_not_n882_not_n886, F0, i)}
96.7	{(not_n882, F0, i)}
96.7	{(n882->not_n882, F1, i)}
96.7	{(not_n886, F0, i)}
96.7	{(n886->not_n886, F1, i)}
96.7	{(n882, F1, i)}
96.7	{(and_pi090_pi106->n882, F1, i)}
96.7	{(n886, F1, i)}
96.7	{(and_not_pi106_2_not_n885->n886, F1, i)}
96.7	{(and_pi090_pi106, F1, i)}
96.7	{(and_not_pi106_2_not_n885, F1, i)}
96.7	{(not_n887->and_not_pi129_39098210485829880490_not_n887, F1, i)}
