100.0	{(and_not_n379_0_not_n576, F1, i)}
100.0	{(and_not_pi129_24010_not_n593, F1, i)}
100.0	{(po030_driver, F1, i)}
100.0	{(and_not_pi129_24010_not_n593->po030_driver, F1, i)}
100.0	{(po030_driver->po030, F1, i)}
100.0	{(and_not_n578_n592, F1, i)}
100.0	{(n593, F1, i)}
100.0	{(and_not_n578_n592->n593, F1, i)}
100.0	{(not_n593, F1, i)}
100.0	{(n593->not_n593, F1, i)}
100.0	{(not_n593->and_not_pi129_24010_not_n593, F1, i)}
100.0	{(and_not_pi070_n577, F1, i)}
100.0	{(n578, F1, i)}
100.0	{(and_not_pi070_n577->n578, F1, i)}
100.0	{(not_n578, F1, i)}
100.0	{(n578->not_n578, F1, i)}
100.0	{(not_n578->and_not_n578_n592, F1, i)}
98.92	{(not_n578, F1, i)}
98.92	{(n578->not_n578, F0, i)}
98.92	{(n578, F0, i)}
98.92	{(and_not_pi070_n577->n578, F0, i)}
98.92	{(and_not_pi070_n577, F0, i)}
98.92	{(not_pi070->and_not_pi070_n577, F0, i)}
98.92	{(n577->and_not_pi070_n577, F0, i)}
98.92	{(not_pi070, F0, i)}
98.92	{(n577, F0, i)}
98.92	{(and_not_n379_0_not_n576->n577, F0, i)}
98.92	{(and_not_n379_0_not_n576, F0, i)}
98.92	{(not_n576->and_not_n379_0_not_n576, F0, i)}
98.92	{(not_n379_0->and_not_n379_0_not_n576, F0, i)}
98.92	{(not_n576, F0, i)}
98.92	{(n576->not_n576, F1, i)}
98.92	{(not_n379_0, F0, i)}
98.92	{(n379->not_n379_0, F1, i)}
98.92	{(n576, F1, i)}
98.92	{(and_pi082_not_n575->n576, F1, i)}
98.92	{(and_pi082_not_n575, F1, i)}
98.92	{(not_n578->and_not_n578_n592, F1, i)}
97.66	{(po030_driver->po030, F0, i)}
97.66	{(po030_driver, F0, i)}
97.66	{(and_not_pi129_24010_not_n593->po030_driver, F0, i)}
97.66	{(and_not_pi129_24010_not_n593, F0, i)}
97.66	{(not_pi129_24010->and_not_pi129_24010_not_n593, F0, i)}
97.66	{(not_n593->and_not_pi129_24010_not_n593, F0, i)}
97.66	{(not_pi129_24010, F0, i)}
97.66	{(not_n593, F0, i)}
97.66	{(n593->not_n593, F1, i)}
97.66	{(n593, F1, i)}
97.66	{(and_not_n578_n592->n593, F1, i)}
97.66	{(and_not_n578_n592, F1, i)}
