100.0	{(and_n1093_n1095, F1, i)}
100.0	{(n1096, F1, i)}
100.0	{(and_n1093_n1095->n1096, F1, i)}
100.0	{(not_n1096, F1, i)}
100.0	{(n1096->not_n1096, F1, i)}
100.0	{(not_n1096->and_not_pi129_185621159210175743024531636712070_not_n1096, F1, i)}
100.0	{(n406->and_n381_n406, F1, i)}
100.0	{(and_n381_n406, F1, i)}
100.0	{(and_n381_n406->n1093, F1, i)}
100.0	{(and_not_n1085_n1098, F1, i)}
100.0	{(po063_driver, F1, i)}
100.0	{(and_not_n1085_n1098->po063_driver, F1, i)}
100.0	{(po063_driver->po063, F1, i)}
100.0	{(n1093, F1, i)}
100.0	{(and_n1093_n1095, F1, i)}
100.0	{(and_not_n1092_n1097, F1, i)}
100.0	{(n1098, F1, i)}
100.0	{(and_not_n1092_n1097->n1098, F1, i)}
100.0	{(n1098->and_not_n1085_n1098, F1, i)}
100.0	{(n1093->and_n1093_n1095, F1, i)}
100.0	{(and_not_pi129_185621159210175743024531636712070_not_n1096, F1, i)}
100.0	{(n1097, F1, i)}
100.0	{(and_not_pi129_185621159210175743024531636712070_not_n1096->n1097, F1, i)}
100.0	{(n1097->and_not_n1092_n1097, F1, i)}
