100.0	{(po027_driver->po027, F0, i)}
100.0	{(po027_driver, F0, i)}
100.0	{(and_not_pi003_7_n542->po027_driver, F0, i)}
100.0	{(and_not_pi003_7_n542, F0, i)}
100.0	{(n542->and_not_pi003_7_n542, F0, i)}
100.0	{(not_pi003_7->and_not_pi003_7_n542, F0, i)}
100.0	{(n542, F0, i)}
100.0	{(and_not_pi129_70_not_n541->n542, F0, i)}
100.0	{(not_pi003_7, F0, i)}
100.0	{(and_not_pi129_70_not_n541, F0, i)}
100.0	{(not_pi129_70->and_not_pi129_70_not_n541, F0, i)}
100.0	{(not_n541->and_not_pi129_70_not_n541, F0, i)}
100.0	{(not_pi129_70, F0, i)}
100.0	{(not_n541, F0, i)}
100.0	{(n541->not_n541, F1, i)}
100.0	{(n541, F1, i)}
100.0	{(and_not_n534_not_n540->n541, F1, i)}
100.0	{(and_not_n534_not_n540, F1, i)}
100.0	{(n448, F0, i)}
100.0	{(and_not_pi016_0_pi054->n448, F0, i)}
100.0	{(and_not_pi016_0_pi054, F0, i)}
100.0	{(not_pi016_0->and_not_pi016_0_pi054, F0, i)}
100.0	{(not_pi016_0, F0, i)}
100.0	{(not_n540, F1, i)}
100.0	{(n540->not_n540, F0, i)}
100.0	{(n540, F0, i)}
100.0	{(and_n538_n539->n540, F0, i)}
100.0	{(and_n538_n539, F0, i)}
100.0	{(n539->and_n538_n539, F0, i)}
100.0	{(n538->and_n538_n539, F0, i)}
100.0	{(n539, F0, i)}
100.0	{(and_not_pi011_4_n418->n539, F0, i)}
100.0	{(n538, F0, i)}
100.0	{(and_n536_n537->n538, F0, i)}
100.0	{(and_not_pi011_4_n418, F0, i)}
100.0	{(n418->and_not_pi011_4_n418, F0, i)}
100.0	{(not_pi011_4->and_not_pi011_4_n418, F0, i)}
100.0	{(and_n536_n537, F0, i)}
100.0	{(n537->and_n536_n537, F0, i)}
100.0	{(n536->and_n536_n537, F0, i)}
100.0	{(not_pi011_4, F0, i)}
100.0	{(n537, F0, i)}
100.0	{(and_pi018_n295->n537, F0, i)}
100.0	{(n536, F0, i)}
100.0	{(and_n448_n535->n536, F0, i)}
100.0	{(and_pi018_n295, F0, i)}
100.0	{(n295->and_pi018_n295, F0, i)}
100.0	{(and_n448_n535, F0, i)}
100.0	{(n535->and_n448_n535, F0, i)}
100.0	{(n448->and_n448_n535, F0, i)}
100.0	{(n535, F0, i)}
100.0	{(and_not_pi012_3_n449->n535, F0, i)}
100.0	{(and_not_pi012_3_n449, F0, i)}
100.0	{(not_pi012_3->and_not_pi012_3_n449, F0, i)}
100.0	{(n449->and_not_pi012_3_n449, F0, i)}
100.0	{(not_pi012_3, F0, i)}
100.0	{(not_n540->and_not_n534_not_n540, F1, i)}
