100.0	{(n468->not_n468, F1, i)}
100.0	{(not_n468, F1, i)}
100.0	{(and_not_pi003_1_n470, F1, i)}
100.0	{(po021_driver, F1, i)}
100.0	{(and_not_pi003_1_n470->po021_driver, F1, i)}
100.0	{(po021_driver->po021, F1, i)}
100.0	{(n468, F1, i)}
100.0	{(and_n464_n467->n468, F1, i)}
100.0	{(and_n464_n467, F1, i)}
100.0	{(not_n468->and_not_n458_not_n468, F1, i)}
100.0	{(and_not_n458_not_n468, F1, i)}
100.0	{(and_not_pi129_5_not_n469, F1, i)}
100.0	{(n470, F1, i)}
100.0	{(and_not_pi129_5_not_n469->n470, F1, i)}
100.0	{(n470->and_not_pi003_1_n470, F1, i)}
99.81	{(not_n469->and_not_pi129_5_not_n469, F1, i)}
99.81	{(not_n469, F1, i)}
99.81	{(n469, F1, i)}
99.81	{(and_not_n458_not_n468->n469, F1, i)}
99.81	{(n469->not_n469, F1, i)}
99.81	{(not_n469, F1, i)}
99.81	{(n469->not_n469, F0, i)}
99.81	{(n469, F0, i)}
99.81	{(and_not_n458_not_n468->n469, F0, i)}
99.81	{(and_not_n458_not_n468, F0, i)}
99.81	{(not_n458->and_not_n458_not_n468, F0, i)}
99.81	{(not_n468->and_not_n458_not_n468, F0, i)}
99.81	{(not_n458, F0, i)}
99.81	{(n458->not_n458, F1, i)}
99.81	{(not_n468, F0, i)}
99.81	{(n468->not_n468, F1, i)}
99.81	{(n458, F1, i)}
99.81	{(and_pi006_not_pi054_1->n458, F1, i)}
99.81	{(n468, F1, i)}
99.81	{(and_n464_n467->n468, F1, i)}
99.81	{(and_pi006_not_pi054_1, F1, i)}
99.81	{(and_n464_n467, F1, i)}
99.81	{(not_n469->and_not_pi129_5_not_n469, F1, i)}
