100.0	{(and_not_n1005_n1015, F1, i)}
99.8	{(po058_driver->po058, F0, i)}
99.8	{(po058_driver, F0, i)}
99.8	{(and_not_n1005_n1015->po058_driver, F0, i)}
99.8	{(and_not_n1005_n1015, F0, i)}
99.8	{(n1015->and_not_n1005_n1015, F0, i)}
99.8	{(not_n1005->and_not_n1005_n1015, F0, i)}
99.8	{(n1015, F0, i)}
99.8	{(and_not_n1010_n1014->n1015, F0, i)}
99.8	{(not_n1005, F0, i)}
99.8	{(n1005->not_n1005, F1, i)}
99.8	{(and_not_n1010_n1014, F0, i)}
99.8	{(n1014->and_not_n1010_n1014, F0, i)}
99.8	{(not_n1010->and_not_n1010_n1014, F0, i)}
99.8	{(n1005, F1, i)}
99.8	{(and_not_pi043_3_not_n1004->n1005, F1, i)}
99.8	{(n1014, F0, i)}
99.8	{(and_not_pi129_11044276742439206463052992010_not_n1013->n1014, F0, i)}
99.8	{(not_n1010, F0, i)}
99.8	{(n1010->not_n1010, F1, i)}
99.8	{(and_not_pi043_3_not_n1004, F1, i)}
99.8	{(and_not_pi129_11044276742439206463052992010_not_n1013, F0, i)}
99.8	{(not_pi129_11044276742439206463052992010->and_not_pi129_11044276742439206463052992010_not_n1013, F0, i)}
99.8	{(not_n1013->and_not_pi129_11044276742439206463052992010_not_n1013, F0, i)}
99.8	{(n1010, F1, i)}
99.8	{(and_pi077_n1009->n1010, F1, i)}
99.8	{(not_pi129_11044276742439206463052992010, F0, i)}
99.8	{(not_n1013, F0, i)}
99.8	{(n1013->not_n1013, F1, i)}
99.8	{(and_pi077_n1009, F1, i)}
99.8	{(n1013, F1, i)}
99.8	{(and_n389_n1012->n1013, F1, i)}
99.8	{(and_n389_n1012, F1, i)}
98.98	{(n1012, F1, i)}
98.98	{(and_n934_n1011->n1012, F1, i)}
98.98	{(and_n934_n1011, F1, i)}
98.98	{(n1012->and_n389_n1012, F1, i)}
98.78	{(not_n1004, F1, i)}
98.78	{(n1004->not_n1004, F0, i)}
98.78	{(n1004, F0, i)}
98.78	{(and_not_n1000_not_n1003->n1004, F0, i)}
98.78	{(and_not_n1000_not_n1003, F0, i)}
98.78	{(not_n1000->and_not_n1000_not_n1003, F0, i)}
98.78	{(not_n1003->and_not_n1000_not_n1003, F0, i)}
98.78	{(not_n1000, F0, i)}
98.78	{(n1000->not_n1000, F1, i)}
98.78	{(not_n1003, F0, i)}
98.78	{(n1003->not_n1003, F1, i)}
98.78	{(n1000, F1, i)}
98.78	{(and_pi082_not_n407->n1000, F1, i)}
98.78	{(n1003, F1, i)}
98.78	{(and_n379_not_n1002->n1003, F1, i)}
98.78	{(and_pi082_not_n407, F1, i)}
98.78	{(and_n379_not_n1002, F1, i)}
98.78	{(not_n1004->and_not_pi043_3_not_n1004, F1, i)}
