100.0	{(and_not_pi003_138412872010_n1185, F1, i)}
100.0	{(po071_driver, F1, i)}
100.0	{(and_not_pi003_138412872010_n1185->po071_driver, F1, i)}
100.0	{(po071_driver->po071, F1, i)}
100.0	{(n1182->and_n1175_n1182, F1, i)}
100.0	{(n787->and_not_pi085_8_n787, F1, i)}
100.0	{(and_not_pi085_8_n787, F1, i)}
100.0	{(n1182, F1, i)}
100.0	{(and_not_pi085_8_n787->n1182, F1, i)}
100.0	{(and_not_pi129_21838143759917965991093122527538323430_not_n1184, F1, i)}
100.0	{(n1185, F1, i)}
100.0	{(and_not_pi129_21838143759917965991093122527538323430_not_n1184->n1185, F1, i)}
100.0	{(n1185->and_not_pi003_138412872010_n1185, F1, i)}
100.0	{(and_n1175_n1182, F1, i)}
100.0	{(n1183, F1, i)}
100.0	{(and_n1175_n1182->n1183, F1, i)}
100.0	{(not_n1183, F1, i)}
100.0	{(n1183->not_n1183, F1, i)}
100.0	{(not_n1183->and_not_n1181_not_n1183, F1, i)}
100.0	{(and_not_n1181_not_n1183, F1, i)}
100.0	{(n1184, F1, i)}
100.0	{(and_not_n1181_not_n1183->n1184, F1, i)}
100.0	{(not_n1184, F1, i)}
100.0	{(n1184->not_n1184, F1, i)}
100.0	{(not_n1184->and_not_pi129_21838143759917965991093122527538323430_not_n1184, F1, i)}
