17.58	{(not_n745, F1, i)}
17.58	{(n745->not_n745, F0, i)}
17.58	{(n745, F0, i)}
17.58	{(and_not_n735_not_n744->n745, F0, i)}
17.58	{(and_not_n735_not_n744, F0, i)}
17.58	{(not_n744->and_not_n735_not_n744, F0, i)}
17.58	{(not_n735->and_not_n735_not_n744, F0, i)}
17.58	{(not_n744, F0, i)}
17.58	{(n744->not_n744, F1, i)}
17.58	{(not_n735, F0, i)}
17.58	{(n735->not_n735, F1, i)}
17.58	{(n744, F1, i)}
17.58	{(and_not_n742_n743->n744, F1, i)}
17.58	{(n735, F1, i)}
17.58	{(and_not_pi027_not_n734->n735, F1, i)}
17.58	{(and_not_n742_n743, F1, i)}
17.58	{(and_not_pi027_not_n734, F1, i)}
17.58	{(not_n745->and_not_pi053_not_n745, F1, i)}
17.58	{(and_not_n735_not_n744, F0, i)}
17.58	{(n745, F0, i)}
17.58	{(not_n744->and_not_n735_not_n744, F0, i)}
17.58	{(not_n735->and_not_n735_not_n744, F0, i)}
17.58	{(and_not_n735_not_n744->n745, F0, i)}
