100.0	{(and_not_n730_not_n731, F1, i)}
100.0	{(not_n731->and_not_n730_not_n731, F1, i)}
100.0	{(not_n731, F1, i)}
100.0	{(and_not_pi003_1176490_n759, F1, i)}
100.0	{(po040_driver, F1, i)}
100.0	{(and_not_pi003_1176490_n759->po040_driver, F1, i)}
100.0	{(po040_driver->po040, F1, i)}
100.0	{(n731->not_n731, F1, i)}
100.0	{(n731, F1, i)}
100.0	{(and_pi026_n718->n731, F1, i)}
100.0	{(and_pi026_n718, F1, i)}
100.0	{(and_not_n746_not_n751, F1, i)}
100.0	{(n752, F1, i)}
100.0	{(and_not_n746_not_n751->n752, F1, i)}
100.0	{(not_n752, F1, i)}
100.0	{(n752->not_n752, F1, i)}
100.0	{(not_n752->and_not_pi058_not_n752, F1, i)}
100.0	{(and_not_pi085_0_not_n732, F1, i)}
100.0	{(n733, F1, i)}
100.0	{(and_not_pi085_0_not_n732->n733, F1, i)}
100.0	{(not_n733, F1, i)}
100.0	{(n733->not_n733, F1, i)}
100.0	{(not_n733->and_not_n721_not_n733, F1, i)}
100.0	{(and_not_n721_not_n733, F1, i)}
100.0	{(n734, F1, i)}
100.0	{(and_not_n721_not_n733->n734, F1, i)}
100.0	{(not_n734, F1, i)}
100.0	{(n734->not_n734, F1, i)}
100.0	{(not_n734->and_not_pi027_not_n734, F1, i)}
100.0	{(and_not_pi053_not_n745, F1, i)}
100.0	{(n746, F1, i)}
100.0	{(and_not_pi053_not_n745->n746, F1, i)}
100.0	{(not_n746, F1, i)}
100.0	{(n746->not_n746, F1, i)}
100.0	{(not_n746->and_not_n746_not_n751, F1, i)}
100.0	{(and_not_pi129_6782230728490_not_n758, F1, i)}
100.0	{(n759, F1, i)}
100.0	{(and_not_pi129_6782230728490_not_n758->n759, F1, i)}
100.0	{(n759->and_not_pi003_1176490_n759, F1, i)}
100.0	{(and_not_n753_not_n757, F1, i)}
100.0	{(n758, F1, i)}
100.0	{(and_not_n753_not_n757->n758, F1, i)}
100.0	{(not_n758, F1, i)}
100.0	{(n758->not_n758, F1, i)}
100.0	{(not_n758->and_not_pi129_6782230728490_not_n758, F1, i)}
100.0	{(and_not_pi058_not_n752, F1, i)}
100.0	{(n753, F1, i)}
100.0	{(and_not_pi058_not_n752->n753, F1, i)}
100.0	{(not_n753, F1, i)}
100.0	{(n753->not_n753, F1, i)}
100.0	{(not_n753->and_not_n753_not_n757, F1, i)}
100.0	{(and_not_n735_not_n744, F1, i)}
100.0	{(n745, F1, i)}
100.0	{(and_not_n735_not_n744->n745, F1, i)}
100.0	{(not_n745, F1, i)}
100.0	{(n745->not_n745, F1, i)}
100.0	{(not_n745->and_not_pi053_not_n745, F1, i)}
100.0	{(and_not_pi027_not_n734, F1, i)}
100.0	{(n735, F1, i)}
100.0	{(and_not_pi027_not_n734->n735, F1, i)}
100.0	{(not_n735, F1, i)}
100.0	{(n735->not_n735, F1, i)}
100.0	{(not_n735->and_not_n735_not_n744, F1, i)}
99.77	{(n732->not_n732, F1, i)}
99.77	{(n732, F1, i)}
99.77	{(and_not_n730_not_n731->n732, F1, i)}
99.77	{(not_n732, F1, i)}
99.77	{(not_n732->and_not_pi085_0_not_n732, F1, i)}
99.77	{(not_n732, F1, i)}
99.77	{(n732->not_n732, F0, i)}
99.77	{(n732, F0, i)}
99.77	{(and_not_n730_not_n731->n732, F0, i)}
99.77	{(and_not_n730_not_n731, F0, i)}
99.77	{(not_n731->and_not_n730_not_n731, F0, i)}
99.77	{(not_n730->and_not_n730_not_n731, F0, i)}
99.77	{(not_n731, F0, i)}
99.77	{(n731->not_n731, F1, i)}
99.77	{(not_n730, F0, i)}
99.77	{(n730->not_n730, F1, i)}
99.77	{(n731, F1, i)}
99.77	{(and_pi026_n718->n731, F1, i)}
99.77	{(n730, F1, i)}
99.77	{(and_not_n723_not_n729->n730, F1, i)}
99.77	{(and_pi026_n718, F1, i)}
99.77	{(and_not_n723_not_n729, F1, i)}
99.77	{(not_n732->and_not_pi085_0_not_n732, F1, i)}
98.42	{(not_n734, F1, i)}
98.42	{(n734->not_n734, F0, i)}
98.42	{(n734, F0, i)}
98.42	{(and_not_n721_not_n733->n734, F0, i)}
98.42	{(and_not_n721_not_n733, F0, i)}
98.42	{(not_n721->and_not_n721_not_n733, F0, i)}
98.42	{(not_n733->and_not_n721_not_n733, F0, i)}
98.42	{(not_n721, F0, i)}
98.42	{(n721->not_n721, F1, i)}
98.42	{(not_n733, F0, i)}
98.42	{(n733->not_n733, F1, i)}
98.42	{(n721, F1, i)}
98.42	{(and_not_pi026_not_n720->n721, F1, i)}
98.42	{(n733, F1, i)}
98.42	{(and_not_pi085_0_not_n732->n733, F1, i)}
98.42	{(and_not_pi026_not_n720, F1, i)}
98.42	{(and_not_pi085_0_not_n732, F1, i)}
98.42	{(not_n734->and_not_pi027_not_n734, F1, i)}
97.04	{(not_n742, F1, i)}
97.04	{(n742->not_n742, F0, i)}
97.04	{(n742, F0, i)}
97.04	{(and_not_n740_not_n741->n742, F0, i)}
97.04	{(and_not_n740_not_n741, F0, i)}
97.04	{(not_n740->and_not_n740_not_n741, F0, i)}
97.04	{(not_n741->and_not_n740_not_n741, F0, i)}
97.04	{(not_n740, F0, i)}
97.04	{(n740->not_n740, F1, i)}
97.04	{(not_n741, F0, i)}
97.04	{(n741->not_n741, F1, i)}
97.04	{(n740, F1, i)}
97.04	{(and_pi027_not_n739->n740, F1, i)}
97.04	{(n741, F1, i)}
97.04	{(and_n723_n727->n741, F1, i)}
97.04	{(and_pi027_not_n739, F1, i)}
97.04	{(and_n723_n727, F1, i)}
97.04	{(not_n742->and_not_n742_n743, F1, i)}
96.6	{(not_n720, F1, i)}
96.6	{(n720->not_n720, F0, i)}
96.6	{(n720, F0, i)}
96.6	{(and_not_n717_not_n719->n720, F0, i)}
96.6	{(and_not_n717_not_n719, F0, i)}
96.6	{(not_n719->and_not_n717_not_n719, F0, i)}
96.6	{(not_n717->and_not_n717_not_n719, F0, i)}
96.6	{(not_n719, F0, i)}
96.6	{(n719->not_n719, F1, i)}
96.6	{(not_n717, F0, i)}
96.6	{(n717->not_n717, F1, i)}
96.6	{(n719, F1, i)}
96.6	{(and_pi085_n718->n719, F1, i)}
96.6	{(n717, F1, i)}
96.6	{(and_pi100_not_n716->n717, F1, i)}
96.6	{(and_pi085_n718, F1, i)}
96.6	{(and_pi100_not_n716, F1, i)}
96.6	{(not_n720->and_not_pi026_not_n720, F1, i)}
96.24	{(not_n745, F1, i)}
96.24	{(n745->not_n745, F0, i)}
96.24	{(n745, F0, i)}
96.24	{(and_not_n735_not_n744->n745, F0, i)}
96.24	{(and_not_n735_not_n744, F0, i)}
96.24	{(not_n744->and_not_n735_not_n744, F0, i)}
96.24	{(not_n735->and_not_n735_not_n744, F0, i)}
96.24	{(not_n744, F0, i)}
96.24	{(n744->not_n744, F1, i)}
96.24	{(not_n735, F0, i)}
96.24	{(n735->not_n735, F1, i)}
96.24	{(n744, F1, i)}
96.24	{(and_not_n742_n743->n744, F1, i)}
96.24	{(n735, F1, i)}
96.24	{(and_not_pi027_not_n734->n735, F1, i)}
96.24	{(and_not_n742_n743, F1, i)}
96.24	{(and_not_pi027_not_n734, F1, i)}
96.24	{(not_n745->and_not_pi053_not_n745, F1, i)}
