100.0	{(and_not_n578_n592, F1, i)}
100.0	{(n593, F1, i)}
100.0	{(and_not_n578_n592->n593, F1, i)}
100.0	{(not_n593, F1, i)}
100.0	{(n593->not_n593, F1, i)}
100.0	{(not_n593->and_not_pi129_24010_not_n593, F1, i)}
100.0	{(and_not_pi129_24010_not_n593, F1, i)}
100.0	{(po030_driver, F1, i)}
100.0	{(and_not_pi129_24010_not_n593->po030_driver, F1, i)}
100.0	{(po030_driver->po030, F1, i)}
100.0	{(and_not_pi070_n577, F1, i)}
100.0	{(n578, F1, i)}
100.0	{(and_not_pi070_n577->n578, F1, i)}
100.0	{(not_n578, F1, i)}
100.0	{(n578->not_n578, F1, i)}
100.0	{(not_n578->and_not_n578_n592, F1, i)}
100.0	{(and_not_pi070_n577, F1, i)}
99.81	{(n578, F1, i)}
99.81	{(n578->not_n578, F1, i)}
99.81	{(not_n578->and_not_n578_n592, F1, i)}
99.81	{(and_not_pi070_n577->n578, F1, i)}
99.81	{(not_n578, F1, i)}
98.36	{(not_n593, F1, i)}
98.36	{(not_n593->and_not_pi129_24010_not_n593, F1, i)}
98.36	{(and_not_pi129_24010_not_n593, F1, i)}
98.36	{(n593->not_n593, F1, i)}
98.36	{(n593, F1, i)}
98.36	{(and_not_n578_n592->n593, F1, i)}
