100.0	{(not_n1180, F1, i)}
100.0	{(n1180->not_n1180, F0, i)}
100.0	{(n1180, F0, i)}
100.0	{(and_not_n1178_not_n1179->n1180, F0, i)}
100.0	{(and_not_n1178_not_n1179, F0, i)}
100.0	{(not_n1179->and_not_n1178_not_n1179, F0, i)}
100.0	{(not_n1178->and_not_n1178_not_n1179, F0, i)}
100.0	{(not_n1179, F0, i)}
100.0	{(n1179->not_n1179, F1, i)}
100.0	{(not_n1178, F0, i)}
100.0	{(n1178->not_n1178, F1, i)}
100.0	{(n1179, F1, i)}
100.0	{(and_n787_n1175->n1179, F1, i)}
100.0	{(n1178, F1, i)}
100.0	{(and_not_pi085_7_not_n1177->n1178, F1, i)}
100.0	{(and_n787_n1175, F1, i)}
100.0	{(and_not_pi085_7_not_n1177, F1, i)}
100.0	{(not_n1180->and_not_pi027_10_not_n1180, F1, i)}
96.81	{(not_n1184, F1, i)}
96.81	{(n1184->not_n1184, F0, i)}
96.81	{(n1184, F0, i)}
96.81	{(and_not_n1181_not_n1183->n1184, F0, i)}
96.81	{(and_not_n1181_not_n1183, F0, i)}
96.81	{(not_n1183->and_not_n1181_not_n1183, F0, i)}
96.81	{(not_n1181->and_not_n1181_not_n1183, F0, i)}
96.81	{(not_n1183, F0, i)}
96.81	{(n1183->not_n1183, F1, i)}
96.81	{(not_n1181, F0, i)}
96.81	{(n1181->not_n1181, F1, i)}
96.81	{(n1183, F1, i)}
96.81	{(and_n1175_n1182->n1183, F1, i)}
96.81	{(n1181, F1, i)}
96.81	{(and_not_pi027_10_not_n1180->n1181, F1, i)}
96.81	{(and_n1175_n1182, F1, i)}
96.81	{(and_not_pi027_10_not_n1180, F1, i)}
96.81	{(not_n1184->and_not_pi129_21838143759917965991093122527538323430_not_n1184, F1, i)}
