100.0	{(and_n1073_n1075, F1, i)}
100.0	{(n1076, F1, i)}
100.0	{(and_n1073_n1075->n1076, F1, i)}
100.0	{(not_n1076, F1, i)}
100.0	{(n1076->not_n1076, F1, i)}
100.0	{(not_n1076->and_not_pi129_26517308458596534717790233816010_not_n1076, F1, i)}
100.0	{(n1073->and_n1073_n1075, F1, i)}
100.0	{(and_n568_n572, F1, i)}
100.0	{(and_n1073_n1075, F1, i)}
100.0	{(and_n568_n572->n1073, F1, i)}
100.0	{(and_not_n1068_n1078, F1, i)}
100.0	{(po062_driver, F1, i)}
100.0	{(and_not_n1068_n1078->po062_driver, F1, i)}
100.0	{(po062_driver->po062, F1, i)}
100.0	{(and_not_pi129_26517308458596534717790233816010_not_n1076, F1, i)}
100.0	{(n1077, F1, i)}
100.0	{(and_not_pi129_26517308458596534717790233816010_not_n1076->n1077, F1, i)}
100.0	{(n1077->and_not_n1072_n1077, F1, i)}
100.0	{(n1073, F1, i)}
100.0	{(and_not_n1072_n1077, F1, i)}
100.0	{(n1078, F1, i)}
100.0	{(and_not_n1072_n1077->n1078, F1, i)}
100.0	{(n1078->and_not_n1068_n1078, F1, i)}
