100.0	{(n1550, F0, i)}
100.0	{(and_pi137_not_n1549->n1550, F0, i)}
100.0	{(and_pi137_not_n1549, F0, i)}
100.0	{(not_n1549->and_pi137_not_n1549, F0, i)}
100.0	{(not_n1549, F0, i)}
100.0	{(n1549->not_n1549, F1, i)}
100.0	{(n1549, F1, i)}
100.0	{(and_not_n1544_not_n1548->n1549, F1, i)}
100.0	{(and_not_n1544_not_n1548, F1, i)}
100.0	{(n1550->or_n1543_n1550, F0, i)}
100.0	{(not_n1546, F1, i)}
100.0	{(n1546->not_n1546, F0, i)}
100.0	{(n1546, F0, i)}
100.0	{(and_pi097_pi138->n1546, F0, i)}
100.0	{(and_pi097_pi138, F0, i)}
100.0	{(not_n1546->and_not_n1545_not_n1546, F1, i)}
100.0	{(not_n1548, F1, i)}
100.0	{(n1548->not_n1548, F0, i)}
100.0	{(n1548, F0, i)}
100.0	{(and_not_pi136_168070_not_n1547->n1548, F0, i)}
100.0	{(and_not_pi136_168070_not_n1547, F0, i)}
100.0	{(not_pi136_168070->and_not_pi136_168070_not_n1547, F0, i)}
100.0	{(not_n1547->and_not_pi136_168070_not_n1547, F0, i)}
100.0	{(not_pi136_168070, F0, i)}
100.0	{(not_n1547, F0, i)}
100.0	{(n1547->not_n1547, F1, i)}
100.0	{(n1547, F1, i)}
100.0	{(and_not_n1545_not_n1546->n1547, F1, i)}
100.0	{(and_not_n1545_not_n1546, F1, i)}
100.0	{(not_n1548->and_not_n1544_not_n1548, F1, i)}
