100.0	{(not_n1297->and_not_n1295_not_n1297, F1, i)}
100.0	{(and_n1251_n1296, F1, i)}
100.0	{(n1297, F1, i)}
100.0	{(n1297->not_n1297, F1, i)}
100.0	{(and_n1251_n1296->n1297, F1, i)}
100.0	{(not_n1297, F1, i)}
100.0	{(and_not_n1295_not_n1297, F1, i)}
100.0	{(or_pi129_n1298, F1, i)}
100.0	{(po086_driver, F1, i)}
100.0	{(or_pi129_n1298->po086_driver, F1, i)}
100.0	{(po086_driver->po086, F1, i)}
99.82	{(and_not_n1295_not_n1297->n1298, F1, i)}
99.82	{(n1298->or_pi129_n1298, F1, i)}
99.82	{(n1298, F1, i)}
98.72	{(n1298, F0, i)}
98.72	{(and_not_n1295_not_n1297->n1298, F0, i)}
98.72	{(and_not_n1295_not_n1297, F0, i)}
98.72	{(not_n1295->and_not_n1295_not_n1297, F0, i)}
98.72	{(not_n1297->and_not_n1295_not_n1297, F0, i)}
98.72	{(not_n1295, F0, i)}
98.72	{(n1295->not_n1295, F1, i)}
98.72	{(not_n1297, F0, i)}
98.72	{(n1297->not_n1297, F1, i)}
98.72	{(n1295, F1, i)}
98.72	{(and_pi071_not_n1247_6->n1295, F1, i)}
98.72	{(n1297, F1, i)}
98.72	{(and_n1251_n1296->n1297, F1, i)}
98.72	{(and_pi071_not_n1247_6, F1, i)}
98.72	{(and_n1251_n1296, F1, i)}
98.72	{(n1298->or_pi129_n1298, F0, i)}
