100.0	{(and_not_pi026_24010_not_n1230, F1, i)}
100.0	{(n1231, F1, i)}
100.0	{(and_not_pi026_24010_not_n1230->n1231, F1, i)}
100.0	{(not_n1231, F1, i)}
100.0	{(n1231->not_n1231, F1, i)}
100.0	{(not_n1231->and_not_n1231_not_n1232, F1, i)}
100.0	{(and_not_pi003_47475615099430_n1234, F1, i)}
100.0	{(po074_driver, F1, i)}
100.0	{(and_not_pi003_47475615099430_n1234->po074_driver, F1, i)}
100.0	{(po074_driver->po074, F1, i)}
100.0	{(and_not_pi027_490_not_n1226, F1, i)}
100.0	{(and_not_n1227_not_n1229, F1, i)}
100.0	{(n1230, F1, i)}
100.0	{(and_not_n1227_not_n1229->n1230, F1, i)}
100.0	{(not_n1230, F1, i)}
100.0	{(n1230->not_n1230, F1, i)}
100.0	{(not_n1230->and_not_pi026_24010_not_n1230, F1, i)}
100.0	{(and_not_pi129_7490483309651862334944941026945644936490_not_n1233, F1, i)}
100.0	{(n1234, F1, i)}
100.0	{(and_not_pi129_7490483309651862334944941026945644936490_not_n1233->n1234, F1, i)}
100.0	{(n1234->and_not_pi003_47475615099430_n1234, F1, i)}
100.0	{(and_not_n1231_not_n1232, F1, i)}
100.0	{(n1233, F1, i)}
100.0	{(and_not_n1231_not_n1232->n1233, F1, i)}
100.0	{(not_n1233, F1, i)}
100.0	{(n1233->not_n1233, F1, i)}
100.0	{(not_n1233->and_not_pi129_7490483309651862334944941026945644936490_not_n1233, F1, i)}
