100.0	{(n1039->and_pi068_n1039, F1, i)}
100.0	{(n1039, F1, i)}
100.0	{(and_not_n379_9_not_n1038->n1039, F1, i)}
100.0	{(and_not_n379_9_not_n1038, F1, i)}
100.0	{(not_n1038->and_not_n379_9_not_n1038, F1, i)}
100.0	{(not_n1038, F1, i)}
100.0	{(not_n1037->and_pi082_not_n1037, F1, i)}
100.0	{(and_pi082_not_n1037, F1, i)}
100.0	{(and_pi082_not_n1037->n1038, F1, i)}
100.0	{(n1038, F1, i)}
100.0	{(n1038->not_n1038, F1, i)}
100.0	{(n1037->not_n1037, F1, i)}
100.0	{(n1037, F1, i)}
100.0	{(and_n408_n1036->n1037, F1, i)}
100.0	{(and_n408_n1036, F1, i)}
100.0	{(n408->and_n408_n1036, F1, i)}
100.0	{(and_not_n1034_n1046, F1, i)}
100.0	{(po060_driver, F1, i)}
100.0	{(and_not_n1034_n1046->po060_driver, F1, i)}
100.0	{(po060_driver->po060, F1, i)}
100.0	{(and_pi068_n1039, F1, i)}
100.0	{(n1040, F1, i)}
100.0	{(and_pi068_n1039->n1040, F1, i)}
100.0	{(not_n1040, F1, i)}
100.0	{(n1040->not_n1040, F1, i)}
100.0	{(not_n1040->and_not_n1040_n1045, F1, i)}
100.0	{(not_n1037, F1, i)}
100.0	{(and_not_n1040_n1045, F1, i)}
100.0	{(n1046, F1, i)}
100.0	{(and_not_n1040_n1045->n1046, F1, i)}
100.0	{(n1046->and_not_n1034_n1046, F1, i)}
