100.0	{(n448, F0, i)}
100.0	{(and_not_pi016_0_pi054->n448, F0, i)}
100.0	{(and_not_pi016_0_pi054, F0, i)}
100.0	{(not_pi016_0->and_not_pi016_0_pi054, F0, i)}
100.0	{(not_pi016_0, F0, i)}
100.0	{(po021_driver->po021, F0, i)}
100.0	{(po021_driver, F0, i)}
100.0	{(and_not_pi003_1_n470->po021_driver, F0, i)}
100.0	{(and_not_pi003_1_n470, F0, i)}
100.0	{(not_pi003_1->and_not_pi003_1_n470, F0, i)}
100.0	{(n470->and_not_pi003_1_n470, F0, i)}
100.0	{(not_pi003_1, F0, i)}
100.0	{(n470, F0, i)}
100.0	{(and_not_pi129_5_not_n469->n470, F0, i)}
100.0	{(and_not_pi129_5_not_n469, F0, i)}
100.0	{(not_pi129_5->and_not_pi129_5_not_n469, F0, i)}
100.0	{(not_n469->and_not_pi129_5_not_n469, F0, i)}
100.0	{(not_pi129_5, F0, i)}
100.0	{(not_n469, F0, i)}
100.0	{(n469->not_n469, F1, i)}
100.0	{(n469, F1, i)}
100.0	{(and_not_n458_not_n468->n469, F1, i)}
100.0	{(and_not_n458_not_n468, F1, i)}
100.0	{(n447, F0, i)}
100.0	{(and_not_pi059_n356->n447, F0, i)}
100.0	{(and_not_pi059_n356, F0, i)}
100.0	{(n356->and_not_pi059_n356, F0, i)}
100.0	{(not_pi059->and_not_pi059_n356, F0, i)}
100.0	{(not_pi059, F0, i)}
100.0	{(not_n468, F1, i)}
100.0	{(n468->not_n468, F0, i)}
100.0	{(n468, F0, i)}
100.0	{(and_n464_n467->n468, F0, i)}
100.0	{(and_n464_n467, F0, i)}
100.0	{(n464->and_n464_n467, F0, i)}
100.0	{(n467->and_n464_n467, F0, i)}
100.0	{(n464, F0, i)}
100.0	{(and_n445_n463->n464, F0, i)}
100.0	{(n467, F0, i)}
100.0	{(and_n447_n466->n467, F0, i)}
100.0	{(and_n445_n463, F0, i)}
100.0	{(n445->and_n445_n463, F0, i)}
100.0	{(n463->and_n445_n463, F0, i)}
100.0	{(and_n447_n466, F0, i)}
100.0	{(n466->and_n447_n466, F0, i)}
100.0	{(n447->and_n447_n466, F0, i)}
100.0	{(n463, F0, i)}
100.0	{(and_n459_n462->n463, F0, i)}
100.0	{(n466, F0, i)}
100.0	{(and_n448_n465->n466, F0, i)}
100.0	{(and_n459_n462, F0, i)}
100.0	{(n459->and_n459_n462, F0, i)}
100.0	{(n462->and_n459_n462, F0, i)}
100.0	{(and_n448_n465, F0, i)}
100.0	{(n465->and_n448_n465, F0, i)}
100.0	{(n448->and_n448_n465, F0, i)}
100.0	{(n462, F0, i)}
100.0	{(and_not_pi012_2_n461->n462, F0, i)}
100.0	{(n465, F0, i)}
100.0	{(and_not_pi006_2_n450->n465, F0, i)}
100.0	{(and_not_pi012_2_n461, F0, i)}
100.0	{(n461->and_not_pi012_2_n461, F0, i)}
100.0	{(not_pi012_2->and_not_pi012_2_n461, F0, i)}
100.0	{(and_not_pi006_2_n450, F0, i)}
100.0	{(not_pi006_2->and_not_pi006_2_n450, F0, i)}
100.0	{(n450->and_not_pi006_2_n450, F0, i)}
100.0	{(n461, F0, i)}
100.0	{(and_not_pi028_n460->n461, F0, i)}
100.0	{(not_pi012_2, F0, i)}
100.0	{(not_pi006_2, F0, i)}
100.0	{(and_not_pi028_n460, F0, i)}
100.0	{(not_pi028->and_not_pi028_n460, F0, i)}
100.0	{(n460->and_not_pi028_n460, F0, i)}
100.0	{(not_pi028, F0, i)}
100.0	{(n460, F0, i)}
100.0	{(and_pi025_not_pi029_0->n460, F0, i)}
100.0	{(and_pi025_not_pi029_0, F0, i)}
100.0	{(not_pi029_0->and_pi025_not_pi029_0, F0, i)}
100.0	{(not_pi029_0, F0, i)}
100.0	{(not_n468->and_not_n458_not_n468, F1, i)}
