100.0	{(and_pi033_pi109, F1, i)}
100.0	{(and_pi033_pi109->n890, F1, i)}
100.0	{(n890, F1, i)}
100.0	{(n890->not_n890, F1, i)}
100.0	{(and_not_pi129_273687473400809163430_not_n894, F1, i)}
100.0	{(po049_driver, F1, i)}
100.0	{(and_not_pi129_273687473400809163430_not_n894->po049_driver, F1, i)}
100.0	{(po049_driver->po049, F1, i)}
100.0	{(not_n890, F1, i)}
100.0	{(and_not_n890_not_n891, F1, i)}
100.0	{(not_n890->and_not_n890_not_n891, F1, i)}
100.0	{(and_not_pi106_3_not_n892, F1, i)}
100.0	{(n893, F1, i)}
100.0	{(and_not_pi106_3_not_n892->n893, F1, i)}
100.0	{(not_n893, F1, i)}
100.0	{(n893->not_n893, F1, i)}
100.0	{(not_n893->and_not_n889_not_n893, F1, i)}
100.0	{(and_not_n889_not_n893, F1, i)}
100.0	{(n894, F1, i)}
100.0	{(and_not_n889_not_n893->n894, F1, i)}
100.0	{(not_n894, F1, i)}
100.0	{(n894->not_n894, F1, i)}
100.0	{(not_n894->and_not_pi129_273687473400809163430_not_n894, F1, i)}
99.81	{(not_n892, F1, i)}
99.81	{(n892->not_n892, F0, i)}
99.81	{(n892, F0, i)}
99.81	{(and_not_n890_not_n891->n892, F0, i)}
99.81	{(and_not_n890_not_n891, F0, i)}
99.81	{(not_n890->and_not_n890_not_n891, F0, i)}
99.81	{(not_n891->and_not_n890_not_n891, F0, i)}
99.81	{(not_n890, F0, i)}
99.81	{(n890->not_n890, F1, i)}
99.81	{(not_n891, F0, i)}
99.81	{(n891->not_n891, F1, i)}
99.81	{(n890, F1, i)}
99.81	{(and_pi033_pi109->n890, F1, i)}
99.81	{(n891, F1, i)}
99.81	{(and_pi034_not_pi109_3->n891, F1, i)}
99.81	{(and_pi033_pi109, F1, i)}
99.81	{(and_pi034_not_pi109_3, F1, i)}
99.81	{(not_n892->and_not_pi106_3_not_n892, F1, i)}
97.06	{(not_n894, F1, i)}
97.06	{(n894->not_n894, F0, i)}
97.06	{(n894, F0, i)}
97.06	{(and_not_n889_not_n893->n894, F0, i)}
97.06	{(and_not_n889_not_n893, F0, i)}
97.06	{(not_n889->and_not_n889_not_n893, F0, i)}
97.06	{(not_n893->and_not_n889_not_n893, F0, i)}
97.06	{(not_n889, F0, i)}
97.06	{(n889->not_n889, F1, i)}
97.06	{(not_n893, F0, i)}
97.06	{(n893->not_n893, F1, i)}
97.06	{(n889, F1, i)}
97.06	{(and_pi091_pi106->n889, F1, i)}
97.06	{(n893, F1, i)}
97.06	{(and_not_pi106_3_not_n892->n893, F1, i)}
97.06	{(and_pi091_pi106, F1, i)}
97.06	{(and_not_pi106_3_not_n892, F1, i)}
97.06	{(not_n894->and_not_pi129_273687473400809163430_not_n894, F1, i)}
