100.0	{(not_n681, F1, i)}
100.0	{(n681->not_n681, F0, i)}
100.0	{(n681, F0, i)}
100.0	{(and_n675_n680->n681, F0, i)}
100.0	{(and_n675_n680, F0, i)}
100.0	{(n675->and_n675_n680, F0, i)}
100.0	{(n680->and_n675_n680, F0, i)}
100.0	{(n675, F0, i)}
100.0	{(and_n503_n674->n675, F0, i)}
100.0	{(n680, F0, i)}
100.0	{(and_n677_n679->n680, F0, i)}
100.0	{(and_n503_n674, F0, i)}
100.0	{(n674->and_n503_n674, F0, i)}
100.0	{(n503->and_n503_n674, F0, i)}
100.0	{(and_n677_n679, F0, i)}
100.0	{(n677->and_n677_n679, F0, i)}
100.0	{(n679->and_n677_n679, F0, i)}
100.0	{(n674, F0, i)}
100.0	{(and_n448_n673->n674, F0, i)}
100.0	{(n677, F0, i)}
100.0	{(and_n291_n676->n677, F0, i)}
100.0	{(n679, F0, i)}
100.0	{(and_n479_n678->n679, F0, i)}
100.0	{(and_n448_n673, F0, i)}
100.0	{(n673->and_n448_n673, F0, i)}
100.0	{(n448->and_n448_n673, F0, i)}
100.0	{(and_n291_n676, F0, i)}
100.0	{(n676->and_n291_n676, F0, i)}
100.0	{(n291->and_n291_n676, F0, i)}
100.0	{(and_n479_n678, F0, i)}
100.0	{(n678->and_n479_n678, F0, i)}
100.0	{(n479->and_n479_n678, F0, i)}
100.0	{(n673, F0, i)}
100.0	{(and_not_pi022_3_n449->n673, F0, i)}
100.0	{(n676, F0, i)}
100.0	{(and_not_pi009_5_not_pi010_3->n676, F0, i)}
100.0	{(n678, F0, i)}
100.0	{(and_pi005_not_pi007_9->n678, F0, i)}
100.0	{(and_not_pi022_3_n449, F0, i)}
100.0	{(not_pi022_3->and_not_pi022_3_n449, F0, i)}
100.0	{(n449->and_not_pi022_3_n449, F0, i)}
100.0	{(and_not_pi009_5_not_pi010_3, F0, i)}
100.0	{(not_pi009_5->and_not_pi009_5_not_pi010_3, F0, i)}
100.0	{(not_pi010_3->and_not_pi009_5_not_pi010_3, F0, i)}
100.0	{(and_pi005_not_pi007_9, F0, i)}
100.0	{(not_pi007_9->and_pi005_not_pi007_9, F0, i)}
100.0	{(not_pi022_3, F0, i)}
100.0	{(not_pi009_5, F0, i)}
100.0	{(not_pi010_3, F0, i)}
100.0	{(not_pi007_9, F0, i)}
100.0	{(not_n681->and_not_n672_not_n681, F1, i)}
100.0	{(n448, F0, i)}
100.0	{(and_not_pi016_0_pi054->n448, F0, i)}
100.0	{(and_not_pi016_0_pi054, F0, i)}
100.0	{(not_pi016_0->and_not_pi016_0_pi054, F0, i)}
100.0	{(not_pi016_0, F0, i)}
100.0	{(po037_driver->po037, F0, i)}
100.0	{(po037_driver, F0, i)}
100.0	{(and_not_pi003_168070_n683->po037_driver, F0, i)}
100.0	{(and_not_pi003_168070_n683, F0, i)}
100.0	{(not_pi003_168070->and_not_pi003_168070_n683, F0, i)}
100.0	{(n683->and_not_pi003_168070_n683, F0, i)}
100.0	{(not_pi003_168070, F0, i)}
100.0	{(n683, F0, i)}
100.0	{(and_not_pi129_19773267430_not_n682->n683, F0, i)}
100.0	{(and_not_pi129_19773267430_not_n682, F0, i)}
100.0	{(not_pi129_19773267430->and_not_pi129_19773267430_not_n682, F0, i)}
100.0	{(not_n682->and_not_pi129_19773267430_not_n682, F0, i)}
100.0	{(not_pi129_19773267430, F0, i)}
100.0	{(not_n682, F0, i)}
100.0	{(n682->not_n682, F1, i)}
100.0	{(n682, F1, i)}
100.0	{(and_not_n672_not_n681->n682, F1, i)}
100.0	{(and_not_n672_not_n681, F1, i)}
