100.0	{(not_n593, F1, i)}
100.0	{(n593->not_n593, F0, i)}
100.0	{(n593, F0, i)}
100.0	{(and_not_n578_n592->n593, F0, i)}
100.0	{(and_not_n578_n592, F0, i)}
100.0	{(not_n578->and_not_n578_n592, F0, i)}
100.0	{(n592->and_not_n578_n592, F0, i)}
100.0	{(not_n578, F0, i)}
100.0	{(n578->not_n578, F1, i)}
100.0	{(n592, F0, i)}
100.0	{(and_not_n590_not_n591->n592, F0, i)}
100.0	{(n578, F1, i)}
100.0	{(and_not_pi070_n577->n578, F1, i)}
100.0	{(and_not_n590_not_n591, F0, i)}
100.0	{(not_n590->and_not_n590_not_n591, F0, i)}
100.0	{(not_n591->and_not_n590_not_n591, F0, i)}
100.0	{(and_not_pi070_n577, F1, i)}
100.0	{(not_n590, F0, i)}
100.0	{(n590->not_n590, F1, i)}
100.0	{(not_n591, F0, i)}
100.0	{(n591->not_n591, F1, i)}
100.0	{(n590, F1, i)}
100.0	{(and_pi082_not_n589->n590, F1, i)}
100.0	{(n591, F1, i)}
100.0	{(and_pi015_n411->n591, F1, i)}
100.0	{(and_pi082_not_n589, F1, i)}
100.0	{(and_pi015_n411, F1, i)}
100.0	{(not_n593->and_not_pi129_24010_not_n593, F1, i)}
