100.0	{(and_not_n307_not_n337, F1, i)}
100.0	{(n338, F1, i)}
100.0	{(and_not_n307_not_n337->n338, F1, i)}
100.0	{(not_n338, F1, i)}
100.0	{(n338->not_n338, F1, i)}
100.0	{(not_n338->and_not_pi129_not_n338, F1, i)}
100.0	{(n327->not_n327, F1, i)}
100.0	{(not_n327->and_not_n325_not_n327, F1, i)}
100.0	{(not_n327, F1, i)}
100.0	{(and_not_n310_not_n333, F1, i)}
100.0	{(n334, F1, i)}
100.0	{(and_not_n310_not_n333->n334, F1, i)}
100.0	{(not_n334, F1, i)}
100.0	{(n334->not_n334, F1, i)}
100.0	{(not_n334->and_n302_not_n334, F1, i)}
100.0	{(and_not_n325_not_n327, F1, i)}
100.0	{(and_n314_n326->n327, F1, i)}
100.0	{(and_n314_n326, F1, i)}
100.0	{(and_not_n309_not_n335, F1, i)}
100.0	{(n336, F1, i)}
100.0	{(and_not_n309_not_n335->n336, F1, i)}
100.0	{(not_n336, F1, i)}
100.0	{(n336->not_n336, F1, i)}
100.0	{(not_n336->and_pi054_not_n336, F1, i)}
100.0	{(and_pi054_not_n336, F1, i)}
100.0	{(n337, F1, i)}
100.0	{(and_pi054_not_n336->n337, F1, i)}
100.0	{(not_n337, F1, i)}
100.0	{(n337->not_n337, F1, i)}
100.0	{(not_n337->and_not_n307_not_n337, F1, i)}
100.0	{(n327, F1, i)}
100.0	{(and_n300_n329, F1, i)}
100.0	{(n330, F1, i)}
100.0	{(and_n300_n329->n330, F1, i)}
100.0	{(n330->and_not_pi017_0_n330, F1, i)}
100.0	{(and_n301_not_n328, F1, i)}
100.0	{(n329, F1, i)}
100.0	{(and_n301_not_n328->n329, F1, i)}
100.0	{(n329->and_n300_n329, F1, i)}
100.0	{(or_pi003_not_n339, F1, i)}
100.0	{(po015_driver, F1, i)}
100.0	{(or_pi003_not_n339->po015_driver, F1, i)}
100.0	{(po015_driver->po015, F1, i)}
100.0	{(and_n302_not_n334, F1, i)}
100.0	{(n335, F1, i)}
100.0	{(and_n302_not_n334->n335, F1, i)}
100.0	{(not_n335, F1, i)}
100.0	{(n335->not_n335, F1, i)}
100.0	{(not_n335->and_not_n309_not_n335, F1, i)}
100.0	{(and_not_pi129_not_n338, F1, i)}
100.0	{(n339, F1, i)}
100.0	{(and_not_pi129_not_n338->n339, F1, i)}
100.0	{(not_n339, F1, i)}
100.0	{(n339->not_n339, F1, i)}
100.0	{(not_n339->or_pi003_not_n339, F1, i)}
100.0	{(and_not_pi017_0_n330, F1, i)}
100.0	{(n331, F1, i)}
100.0	{(and_not_pi017_0_n330->n331, F1, i)}
100.0	{(n331->and_n331_n332, F1, i)}
100.0	{(and_n331_n332, F1, i)}
100.0	{(n333, F1, i)}
100.0	{(and_n331_n332->n333, F1, i)}
100.0	{(not_n333, F1, i)}
100.0	{(n333->not_n333, F1, i)}
100.0	{(not_n333->and_not_n310_not_n333, F1, i)}
