97.43	{(not_n873, F1, i)}
97.43	{(n873->not_n873, F0, i)}
97.43	{(n873, F0, i)}
97.43	{(and_not_n868_not_n872->n873, F0, i)}
97.43	{(and_not_n868_not_n872, F0, i)}
97.43	{(not_n868->and_not_n868_not_n872, F0, i)}
97.43	{(not_n872->and_not_n868_not_n872, F0, i)}
97.43	{(not_n868, F0, i)}
97.43	{(n868->not_n868, F1, i)}
97.43	{(not_n872, F0, i)}
97.43	{(n872->not_n872, F1, i)}
97.43	{(n868, F1, i)}
97.43	{(and_pi089_pi106->n868, F1, i)}
97.43	{(n872, F1, i)}
97.43	{(and_not_pi106_0_not_n871->n872, F1, i)}
97.43	{(and_pi089_pi106, F1, i)}
97.43	{(and_not_pi106_0_not_n871, F1, i)}
97.43	{(not_n873->and_not_pi129_797922662976120010_not_n873, F1, i)}
88.48	{(po046_driver->po046, F1, i)}
88.48	{(po046_driver, F1, i)}
88.48	{(and_not_pi129_797922662976120010_not_n873->po046_driver, F1, i)}
88.48	{(and_not_pi129_797922662976120010_not_n873, F1, i)}
