100.0	{(and_n446_n453, F1, i)}
100.0	{(n454, F1, i)}
100.0	{(and_n446_n453->n454, F1, i)}
100.0	{(not_n454, F1, i)}
100.0	{(n454->not_n454, F1, i)}
100.0	{(not_n454->and_not_n440_not_n454, F1, i)}
100.0	{(n443->and_n441_n443, F1, i)}
100.0	{(not_pi025, F1, i)}
100.0	{(not_pi025->and_not_pi025_not_pi029, F1, i)}
100.0	{(and_not_pi025_not_pi029, F1, i)}
100.0	{(and_not_pi025_not_pi029->n442, F1, i)}
100.0	{(n442, F1, i)}
100.0	{(n442->and_pi028_n442, F1, i)}
100.0	{(and_pi028_n442, F1, i)}
100.0	{(and_pi028_n442->n443, F1, i)}
100.0	{(n443, F1, i)}
100.0	{(and_not_pi003_0_n456, F1, i)}
100.0	{(po020_driver, F1, i)}
100.0	{(and_not_pi003_0_n456->po020_driver, F1, i)}
100.0	{(po020_driver->po020, F1, i)}
100.0	{(and_not_n440_not_n454, F1, i)}
100.0	{(n455, F1, i)}
100.0	{(and_not_n440_not_n454->n455, F1, i)}
100.0	{(not_n455, F1, i)}
100.0	{(n455->not_n455, F1, i)}
100.0	{(not_n455->and_not_pi129_4_not_n455, F1, i)}
100.0	{(and_n444_n445, F1, i)}
100.0	{(n446, F1, i)}
100.0	{(and_n444_n445->n446, F1, i)}
100.0	{(n446->and_n446_n453, F1, i)}
100.0	{(and_n441_n443, F1, i)}
100.0	{(n444, F1, i)}
100.0	{(and_n441_n443->n444, F1, i)}
100.0	{(n444->and_n444_n445, F1, i)}
100.0	{(and_not_pi129_4_not_n455, F1, i)}
100.0	{(n456, F1, i)}
100.0	{(and_not_pi129_4_not_n455->n456, F1, i)}
100.0	{(n456->and_not_pi003_0_n456, F1, i)}
