90.24	{(not_n1463, F1, i)}
90.24	{(n1463->not_n1463, F0, i)}
90.24	{(n1463, F0, i)}
90.24	{(and_not_n1458_not_n1462->n1463, F0, i)}
90.24	{(and_not_n1458_not_n1462, F0, i)}
90.24	{(not_n1458->and_not_n1458_not_n1462, F0, i)}
90.24	{(not_n1462->and_not_n1458_not_n1462, F0, i)}
90.24	{(not_n1458, F0, i)}
90.24	{(n1458->not_n1458, F1, i)}
90.24	{(not_n1462, F0, i)}
90.24	{(n1462->not_n1462, F1, i)}
90.24	{(n1458, F1, i)}
90.24	{(and_pi037_n1360->n1458, F1, i)}
90.24	{(n1462, F1, i)}
90.24	{(and_not_pi136_5_not_n1461->n1462, F1, i)}
90.24	{(and_pi037_n1360, F1, i)}
90.24	{(and_not_pi136_5_not_n1461, F1, i)}
90.24	{(not_n1463->and_pi137_not_n1463, F1, i)}
90.24	{(not_n1462->and_not_n1458_not_n1462, F0, i)}
90.24	{(n1463, F0, i)}
90.24	{(and_not_n1458_not_n1462->n1463, F0, i)}
90.24	{(not_n1458->and_not_n1458_not_n1462, F0, i)}
90.24	{(and_not_n1458_not_n1462, F0, i)}
75.51	{(po116_driver->po116, F1, i)}
75.51	{(po116_driver, F1, i)}
75.51	{(or_n1457_n1464->po116_driver, F1, i)}
75.51	{(or_n1457_n1464, F1, i)}
75.51	{(n1464->or_n1457_n1464, F1, i)}
75.51	{(n1457->or_n1457_n1464, F1, i)}
75.51	{(n1464, F1, i)}
75.51	{(and_pi137_not_n1463->n1464, F1, i)}
75.51	{(n1457, F1, i)}
75.51	{(and_not_pi137_4_not_n1456->n1457, F1, i)}
75.51	{(and_pi137_not_n1463, F1, i)}
75.51	{(and_not_pi137_4_not_n1456, F1, i)}
