100.0	{(not_n319, F1, i)}
100.0	{(not_n319->and_not_n313_not_n319, F1, i)}
100.0	{(n314->not_n314, F1, i)}
100.0	{(n319->not_n319, F1, i)}
100.0	{(n319, F1, i)}
100.0	{(and_n316_n318->n319, F1, i)}
100.0	{(and_n316_n318, F1, i)}
100.0	{(and_not_pi007_1_n311, F1, i)}
100.0	{(n316->and_n316_n318, F1, i)}
100.0	{(n316, F1, i)}
100.0	{(and_not_n314_not_n315->n316, F1, i)}
100.0	{(and_not_n314_not_n315, F1, i)}
100.0	{(not_n314->and_not_n314_not_n315, F1, i)}
100.0	{(and_not_pi007_1_n311->n314, F1, i)}
100.0	{(n314, F1, i)}
100.0	{(and_n300_n329, F1, i)}
100.0	{(n330, F1, i)}
100.0	{(and_n300_n329->n330, F1, i)}
100.0	{(n330->and_not_pi017_0_n330, F1, i)}
100.0	{(and_n301_not_n328, F1, i)}
100.0	{(n329, F1, i)}
100.0	{(and_n301_not_n328->n329, F1, i)}
100.0	{(n329->and_n300_n329, F1, i)}
100.0	{(and_n302_not_n334, F1, i)}
100.0	{(n335, F1, i)}
100.0	{(and_n302_not_n334->n335, F1, i)}
100.0	{(not_n335, F1, i)}
100.0	{(n335->not_n335, F1, i)}
100.0	{(not_n335->and_not_n309_not_n335, F1, i)}
100.0	{(and_not_n310_not_n333, F1, i)}
100.0	{(n334, F1, i)}
100.0	{(and_not_n310_not_n333->n334, F1, i)}
100.0	{(not_n334, F1, i)}
100.0	{(n334->not_n334, F1, i)}
100.0	{(not_n334->and_n302_not_n334, F1, i)}
100.0	{(and_not_n313_not_n319, F1, i)}
100.0	{(n320, F1, i)}
100.0	{(and_not_n313_not_n319->n320, F1, i)}
100.0	{(not_n320, F1, i)}
100.0	{(n320->not_n320, F1, i)}
100.0	{(not_n320->and_not_pi014_0_not_n320, F1, i)}
100.0	{(and_not_pi129_not_n338, F1, i)}
100.0	{(n339, F1, i)}
100.0	{(and_not_pi129_not_n338->n339, F1, i)}
100.0	{(not_n339, F1, i)}
100.0	{(n339->not_n339, F1, i)}
100.0	{(not_n339->or_pi003_not_n339, F1, i)}
100.0	{(and_not_pi017_0_n330, F1, i)}
100.0	{(n331, F1, i)}
100.0	{(and_not_pi017_0_n330->n331, F1, i)}
100.0	{(n331->and_n331_n332, F1, i)}
100.0	{(and_not_pi010_not_n324, F1, i)}
100.0	{(n325, F1, i)}
100.0	{(and_not_pi010_not_n324->n325, F1, i)}
100.0	{(not_n325, F1, i)}
100.0	{(n325->not_n325, F1, i)}
100.0	{(not_n325->and_not_n325_not_n327, F1, i)}
100.0	{(and_not_n321_not_n323, F1, i)}
100.0	{(n324, F1, i)}
100.0	{(and_not_n321_not_n323->n324, F1, i)}
100.0	{(not_n324, F1, i)}
100.0	{(n324->not_n324, F1, i)}
100.0	{(not_n324->and_not_pi010_not_n324, F1, i)}
100.0	{(and_not_n325_not_n327, F1, i)}
100.0	{(n328, F1, i)}
100.0	{(and_not_n325_not_n327->n328, F1, i)}
100.0	{(not_n328, F1, i)}
100.0	{(n328->not_n328, F1, i)}
100.0	{(not_n328->and_n301_not_n328, F1, i)}
100.0	{(and_not_n309_not_n335, F1, i)}
100.0	{(n336, F1, i)}
100.0	{(and_not_n309_not_n335->n336, F1, i)}
100.0	{(not_n336, F1, i)}
100.0	{(n336->not_n336, F1, i)}
100.0	{(not_n336->and_pi054_not_n336, F1, i)}
100.0	{(and_not_n307_not_n337, F1, i)}
100.0	{(n338, F1, i)}
100.0	{(and_not_n307_not_n337->n338, F1, i)}
100.0	{(not_n338, F1, i)}
100.0	{(n338->not_n338, F1, i)}
100.0	{(not_n338->and_not_pi129_not_n338, F1, i)}
100.0	{(not_n314, F1, i)}
100.0	{(and_n331_n332, F1, i)}
100.0	{(n333, F1, i)}
100.0	{(and_n331_n332->n333, F1, i)}
100.0	{(not_n333, F1, i)}
100.0	{(n333->not_n333, F1, i)}
100.0	{(not_n333->and_not_n310_not_n333, F1, i)}
100.0	{(and_not_pi014_0_not_n320, F1, i)}
100.0	{(n321, F1, i)}
100.0	{(and_not_pi014_0_not_n320->n321, F1, i)}
100.0	{(not_n321, F1, i)}
100.0	{(n321->not_n321, F1, i)}
100.0	{(not_n321->and_not_n321_not_n323, F1, i)}
100.0	{(or_pi003_not_n339, F1, i)}
100.0	{(po015_driver, F1, i)}
100.0	{(or_pi003_not_n339->po015_driver, F1, i)}
100.0	{(po015_driver->po015, F1, i)}
100.0	{(and_pi054_not_n336, F1, i)}
100.0	{(n337, F1, i)}
100.0	{(and_pi054_not_n336->n337, F1, i)}
100.0	{(not_n337, F1, i)}
100.0	{(n337->not_n337, F1, i)}
100.0	{(not_n337->and_not_n307_not_n337, F1, i)}
