99.81	{(not_n915, F1, i)}
99.81	{(n915->not_n915, F0, i)}
99.81	{(n915, F0, i)}
99.81	{(and_not_n910_not_n914->n915, F0, i)}
99.81	{(and_not_n910_not_n914, F0, i)}
99.81	{(not_n910->and_not_n910_not_n914, F0, i)}
99.81	{(not_n914->and_not_n910_not_n914, F0, i)}
99.81	{(not_n910, F0, i)}
99.81	{(n910->not_n910, F1, i)}
99.81	{(not_n914, F0, i)}
99.81	{(n914->not_n914, F1, i)}
99.81	{(n910, F1, i)}
99.81	{(and_pi093_pi106->n910, F1, i)}
99.81	{(n914, F1, i)}
99.81	{(and_not_pi106_6_not_n913->n914, F1, i)}
99.81	{(and_pi093_pi106, F1, i)}
99.81	{(and_not_pi106_6_not_n913, F1, i)}
99.81	{(not_n915->and_not_pi129_93874803376477543056490_not_n915, F1, i)}
99.81	{(n915, F0, i)}
99.81	{(and_not_n910_not_n914->n915, F0, i)}
99.81	{(and_not_n910_not_n914, F0, i)}
99.81	{(not_n914->and_not_n910_not_n914, F0, i)}
99.81	{(not_n910->and_not_n910_not_n914, F0, i)}
90.52	{(po052_driver->po052, F1, i)}
90.52	{(po052_driver, F1, i)}
90.52	{(and_not_pi129_93874803376477543056490_not_n915->po052_driver, F1, i)}
90.52	{(and_not_pi129_93874803376477543056490_not_n915, F1, i)}
