100.0	{(and_not_n911_not_n912, F1, i)}
100.0	{(and_pi037_not_pi109_6, F1, i)}
100.0	{(and_pi037_not_pi109_6->n912, F1, i)}
100.0	{(n912, F1, i)}
100.0	{(n912->not_n912, F1, i)}
100.0	{(and_not_pi129_93874803376477543056490_not_n915, F1, i)}
100.0	{(po052_driver, F1, i)}
100.0	{(and_not_pi129_93874803376477543056490_not_n915->po052_driver, F1, i)}
100.0	{(po052_driver->po052, F1, i)}
100.0	{(not_n912->and_not_n911_not_n912, F1, i)}
100.0	{(not_n912, F1, i)}
100.0	{(and_not_n910_not_n914, F1, i)}
100.0	{(n915, F1, i)}
100.0	{(and_not_n910_not_n914->n915, F1, i)}
100.0	{(not_n915, F1, i)}
100.0	{(n915->not_n915, F1, i)}
100.0	{(not_n915->and_not_pi129_93874803376477543056490_not_n915, F1, i)}
100.0	{(and_not_pi106_6_not_n913, F1, i)}
100.0	{(n914, F1, i)}
100.0	{(and_not_pi106_6_not_n913->n914, F1, i)}
100.0	{(not_n914, F1, i)}
100.0	{(n914->not_n914, F1, i)}
100.0	{(not_n914->and_not_n910_not_n914, F1, i)}
99.81	{(not_n913->and_not_pi106_6_not_n913, F1, i)}
99.81	{(not_n913, F1, i)}
99.81	{(and_not_n911_not_n912->n913, F1, i)}
99.81	{(n913->not_n913, F1, i)}
99.81	{(n913, F1, i)}
98.12	{(not_n913, F1, i)}
98.12	{(n913->not_n913, F0, i)}
98.12	{(n913, F0, i)}
98.12	{(and_not_n911_not_n912->n913, F0, i)}
98.12	{(and_not_n911_not_n912, F0, i)}
98.12	{(not_n912->and_not_n911_not_n912, F0, i)}
98.12	{(not_n911->and_not_n911_not_n912, F0, i)}
98.12	{(not_n912, F0, i)}
98.12	{(n912->not_n912, F1, i)}
98.12	{(not_n911, F0, i)}
98.12	{(n911->not_n911, F1, i)}
98.12	{(n912, F1, i)}
98.12	{(and_pi037_not_pi109_6->n912, F1, i)}
98.12	{(n911, F1, i)}
98.12	{(and_pi036_pi109->n911, F1, i)}
98.12	{(and_pi037_not_pi109_6, F1, i)}
98.12	{(and_pi036_pi109, F1, i)}
98.12	{(not_n913->and_not_pi106_6_not_n913, F1, i)}
95.42	{(not_n915, F1, i)}
95.42	{(n915->not_n915, F0, i)}
95.42	{(n915, F0, i)}
95.42	{(and_not_n910_not_n914->n915, F0, i)}
95.42	{(and_not_n910_not_n914, F0, i)}
95.42	{(not_n910->and_not_n910_not_n914, F0, i)}
95.42	{(not_n914->and_not_n910_not_n914, F0, i)}
95.42	{(not_n910, F0, i)}
95.42	{(n910->not_n910, F1, i)}
95.42	{(not_n914, F0, i)}
95.42	{(n914->not_n914, F1, i)}
95.42	{(n910, F1, i)}
95.42	{(and_pi093_pi106->n910, F1, i)}
95.42	{(n914, F1, i)}
95.42	{(and_not_pi106_6_not_n913->n914, F1, i)}
95.42	{(and_pi093_pi106, F1, i)}
95.42	{(and_not_pi106_6_not_n913, F1, i)}
95.42	{(not_n915->and_not_pi129_93874803376477543056490_not_n915, F1, i)}
