100.0	{(and_not_n486_not_n494, F1, i)}
100.0	{(n495, F1, i)}
100.0	{(and_not_n486_not_n494->n495, F1, i)}
100.0	{(not_n495, F1, i)}
100.0	{(n495->not_n495, F1, i)}
100.0	{(not_n495->and_not_pi129_7_not_n495, F1, i)}
100.0	{(and_not_pi003_3_n496, F1, i)}
100.0	{(po023_driver, F1, i)}
100.0	{(and_not_pi003_3_n496->po023_driver, F1, i)}
100.0	{(po023_driver->po023, F1, i)}
100.0	{(and_n488_n489, F1, i)}
100.0	{(n490, F1, i)}
100.0	{(and_n488_n489->n490, F1, i)}
100.0	{(n490->and_n490_n492, F1, i)}
100.0	{(and_n490_n492, F1, i)}
100.0	{(n493, F1, i)}
100.0	{(and_n490_n492->n493, F1, i)}
100.0	{(n493->and_n487_n493, F1, i)}
100.0	{(and_n487_n493, F1, i)}
100.0	{(n494, F1, i)}
100.0	{(and_n487_n493->n494, F1, i)}
100.0	{(not_n494, F1, i)}
100.0	{(n494->not_n494, F1, i)}
100.0	{(not_n494->and_not_n486_not_n494, F1, i)}
100.0	{(and_not_pi129_7_not_n495, F1, i)}
100.0	{(n496, F1, i)}
100.0	{(and_not_pi129_7_not_n495->n496, F1, i)}
100.0	{(n496->and_not_pi003_3_n496, F1, i)}
100.0	{(and_n488_n489, F1, i)}
