100.0	{(and_not_pi003_9_n566, F1, i)}
100.0	{(po029_driver, F1, i)}
100.0	{(and_not_pi003_9_n566->po029_driver, F1, i)}
100.0	{(po029_driver->po029, F1, i)}
100.0	{(and_n503_n559->n560, F1, i)}
100.0	{(n560, F1, i)}
100.0	{(n560->and_n560_n563, F1, i)}
100.0	{(and_n560_n563, F1, i)}
100.0	{(n564, F1, i)}
100.0	{(and_n560_n563->n564, F1, i)}
100.0	{(not_n564, F1, i)}
100.0	{(n564->not_n564, F1, i)}
100.0	{(not_n564->and_not_n557_not_n564, F1, i)}
100.0	{(and_not_n557_not_n564, F1, i)}
100.0	{(n565, F1, i)}
100.0	{(and_not_n557_not_n564->n565, F1, i)}
100.0	{(not_n565, F1, i)}
100.0	{(n565->not_n565, F1, i)}
100.0	{(not_n565->and_not_pi129_3430_not_n565, F1, i)}
100.0	{(and_n503_n559, F1, i)}
100.0	{(and_not_pi129_3430_not_n565, F1, i)}
100.0	{(n566, F1, i)}
100.0	{(and_not_pi129_3430_not_n565->n566, F1, i)}
100.0	{(n566->and_not_pi003_9_n566, F1, i)}
