100.0	{(not_n1138, F1, i)}
100.0	{(n1138->not_n1138, F0, i)}
100.0	{(n1138, F0, i)}
100.0	{(and_not_pi106_8_n1137->n1138, F0, i)}
100.0	{(and_not_pi106_8_n1137, F0, i)}
100.0	{(not_pi106_8->and_not_pi106_8_n1137, F0, i)}
100.0	{(n1137->and_not_pi106_8_n1137, F0, i)}
100.0	{(not_pi106_8, F0, i)}
100.0	{(n1137, F0, i)}
100.0	{(and_not_n940_not_n1136->n1137, F0, i)}
100.0	{(and_not_n940_not_n1136, F0, i)}
100.0	{(not_n1136->and_not_n940_not_n1136, F0, i)}
100.0	{(not_n940->and_not_n940_not_n1136, F0, i)}
100.0	{(not_n1136, F0, i)}
100.0	{(n1136->not_n1136, F1, i)}
100.0	{(not_n940, F0, i)}
100.0	{(n940->not_n940, F1, i)}
100.0	{(n1136, F1, i)}
100.0	{(and_pi051_not_pi109_7->n1136, F1, i)}
100.0	{(and_pi051_not_pi109_7, F1, i)}
100.0	{(not_n1138->and_not_pi129_63668057609090279857414351392240010_not_n1138, F1, i)}
