100.0	{(or_n1543_n1550, F1, i)}
100.0	{(po122_driver, F1, i)}
100.0	{(or_n1543_n1550->po122_driver, F1, i)}
100.0	{(po122_driver->po122, F1, i)}
100.0	{(and_not_pi071_0_not_pi138_24010, F1, i)}
100.0	{(not_n1535, F1, i)}
100.0	{(not_n1535->and_not_n1534_not_n1535, F1, i)}
100.0	{(and_not_n1534_not_n1535, F1, i)}
100.0	{(not_pi138_24010, F1, i)}
100.0	{(not_pi138_24010->and_not_pi071_0_not_pi138_24010, F1, i)}
100.0	{(and_not_n1534_not_n1535->n1536, F1, i)}
100.0	{(n1536, F1, i)}
100.0	{(and_pi136_not_n1536, F1, i)}
100.0	{(not_n1536->and_pi136_not_n1536, F1, i)}
100.0	{(n1536->not_n1536, F1, i)}
100.0	{(not_n1536, F1, i)}
100.0	{(n1535->not_n1535, F1, i)}
100.0	{(n1535, F1, i)}
100.0	{(and_not_pi071_0_not_pi138_24010->n1535, F1, i)}
100.0	{(and_not_n1537_not_n1541, F1, i)}
100.0	{(n1542, F1, i)}
100.0	{(and_not_n1537_not_n1541->n1542, F1, i)}
100.0	{(not_n1542, F1, i)}
100.0	{(n1542->not_n1542, F1, i)}
100.0	{(not_n1542->and_not_pi137_9_not_n1542, F1, i)}
100.0	{(and_not_pi137_9_not_n1542, F1, i)}
100.0	{(n1543, F1, i)}
100.0	{(and_not_pi137_9_not_n1542->n1543, F1, i)}
100.0	{(n1543->or_n1543_n1550, F1, i)}
