100.0	{(and_not_pi129_2824752490_not_n669, F1, i)}
100.0	{(n670, F1, i)}
100.0	{(and_not_pi129_2824752490_not_n669->n670, F1, i)}
100.0	{(n670->and_not_pi003_24010_n670, F1, i)}
100.0	{(and_not_pi003_24010_n670, F1, i)}
100.0	{(po036_driver, F1, i)}
100.0	{(and_not_pi003_24010_n670->po036_driver, F1, i)}
100.0	{(po036_driver->po036, F1, i)}
100.0	{(n663, F1, i)}
100.0	{(n355->and_n355_n488, F1, i)}
100.0	{(and_n355_n488, F1, i)}
100.0	{(and_n355_n488->n663, F1, i)}
100.0	{(n663->and_n663_n666, F1, i)}
100.0	{(and_not_pi008_1_not_pi011_1, F1, i)}
100.0	{(n355, F1, i)}
100.0	{(and_not_pi008_1_not_pi011_1->n355, F1, i)}
100.0	{(and_not_n662_not_n668, F1, i)}
100.0	{(n669, F1, i)}
100.0	{(and_not_n662_not_n668->n669, F1, i)}
100.0	{(not_n669, F1, i)}
100.0	{(n669->not_n669, F1, i)}
100.0	{(not_n669->and_not_pi129_2824752490_not_n669, F1, i)}
100.0	{(and_n663_n666, F1, i)}
100.0	{(n667, F1, i)}
100.0	{(and_n663_n666->n667, F1, i)}
100.0	{(n667->and_n487_n667, F1, i)}
100.0	{(and_n487_n667, F1, i)}
100.0	{(n668, F1, i)}
100.0	{(and_n487_n667->n668, F1, i)}
100.0	{(not_n668, F1, i)}
100.0	{(n668->not_n668, F1, i)}
100.0	{(not_n668->and_not_n662_not_n668, F1, i)}
