100.0	{(and_not_pi003_168070_n683, F1, i)}
100.0	{(po037_driver, F1, i)}
100.0	{(and_not_pi003_168070_n683->po037_driver, F1, i)}
100.0	{(po037_driver->po037, F1, i)}
100.0	{(n677->and_n677_n679, F1, i)}
100.0	{(n677, F1, i)}
100.0	{(and_n291_n676->n677, F1, i)}
100.0	{(and_n291_n676, F1, i)}
100.0	{(and_n677_n679, F1, i)}
100.0	{(n680, F1, i)}
100.0	{(and_n677_n679->n680, F1, i)}
100.0	{(n680->and_n675_n680, F1, i)}
100.0	{(and_n675_n680, F1, i)}
100.0	{(n681, F1, i)}
100.0	{(and_n675_n680->n681, F1, i)}
100.0	{(not_n681, F1, i)}
100.0	{(n681->not_n681, F1, i)}
100.0	{(not_n681->and_not_n672_not_n681, F1, i)}
100.0	{(and_not_pi129_19773267430_not_n682, F1, i)}
100.0	{(n683, F1, i)}
100.0	{(and_not_pi129_19773267430_not_n682->n683, F1, i)}
100.0	{(n683->and_not_pi003_168070_n683, F1, i)}
100.0	{(and_not_n672_not_n681, F1, i)}
100.0	{(n682, F1, i)}
100.0	{(and_not_n672_not_n681->n682, F1, i)}
100.0	{(not_n682, F1, i)}
100.0	{(n682->not_n682, F1, i)}
100.0	{(not_n682->and_not_pi129_19773267430_not_n682, F1, i)}
