100.0	{(n448, F0, i)}
100.0	{(and_not_pi016_0_pi054->n448, F0, i)}
100.0	{(and_not_pi016_0_pi054, F0, i)}
100.0	{(not_pi016_0->and_not_pi016_0_pi054, F0, i)}
100.0	{(not_pi016_0, F0, i)}
100.0	{(po026_driver->po026, F0, i)}
100.0	{(po026_driver, F0, i)}
100.0	{(and_not_pi003_6_n532->po026_driver, F0, i)}
100.0	{(and_not_pi003_6_n532, F0, i)}
100.0	{(n532->and_not_pi003_6_n532, F0, i)}
100.0	{(not_pi003_6->and_not_pi003_6_n532, F0, i)}
100.0	{(n532, F0, i)}
100.0	{(and_not_pi129_10_not_n531->n532, F0, i)}
100.0	{(not_pi003_6, F0, i)}
100.0	{(and_not_pi129_10_not_n531, F0, i)}
100.0	{(not_pi129_10->and_not_pi129_10_not_n531, F0, i)}
100.0	{(not_n531->and_not_pi129_10_not_n531, F0, i)}
100.0	{(not_pi129_10, F0, i)}
100.0	{(not_n531, F0, i)}
100.0	{(n531->not_n531, F1, i)}
100.0	{(n531, F1, i)}
100.0	{(and_not_n523_not_n530->n531, F1, i)}
100.0	{(and_not_n523_not_n530, F1, i)}
100.0	{(not_n530, F1, i)}
100.0	{(n530->not_n530, F0, i)}
100.0	{(n530, F0, i)}
100.0	{(and_n526_n529->n530, F0, i)}
100.0	{(and_n526_n529, F0, i)}
100.0	{(n529->and_n526_n529, F0, i)}
100.0	{(n526->and_n526_n529, F0, i)}
100.0	{(n529, F0, i)}
100.0	{(and_n369_n528->n529, F0, i)}
100.0	{(n526, F0, i)}
100.0	{(and_n503_n525->n526, F0, i)}
100.0	{(and_n369_n528, F0, i)}
100.0	{(n528->and_n369_n528, F0, i)}
100.0	{(n369->and_n369_n528, F0, i)}
100.0	{(and_n503_n525, F0, i)}
100.0	{(n525->and_n503_n525, F0, i)}
100.0	{(n503->and_n503_n525, F0, i)}
100.0	{(n528, F0, i)}
100.0	{(and_n416_n527->n528, F0, i)}
100.0	{(n525, F0, i)}
100.0	{(and_n448_n524->n525, F0, i)}
100.0	{(and_n416_n527, F0, i)}
100.0	{(n416->and_n416_n527, F0, i)}
100.0	{(n527->and_n416_n527, F0, i)}
100.0	{(and_n448_n524, F0, i)}
100.0	{(n524->and_n448_n524, F0, i)}
100.0	{(n448->and_n448_n524, F0, i)}
100.0	{(n527, F0, i)}
100.0	{(and_not_pi010_2_pi022->n527, F0, i)}
100.0	{(n524, F0, i)}
100.0	{(and_not_pi011_3_n449->n524, F0, i)}
100.0	{(and_not_pi010_2_pi022, F0, i)}
100.0	{(not_pi010_2->and_not_pi010_2_pi022, F0, i)}
100.0	{(and_not_pi011_3_n449, F0, i)}
100.0	{(not_pi011_3->and_not_pi011_3_n449, F0, i)}
100.0	{(n449->and_not_pi011_3_n449, F0, i)}
100.0	{(not_pi010_2, F0, i)}
100.0	{(not_pi011_3, F0, i)}
100.0	{(not_n530->and_not_n523_not_n530, F1, i)}
