100.0	{(not_n914, F1, i)}
100.0	{(n914->not_n914, F0, i)}
100.0	{(n914, F0, i)}
100.0	{(and_not_pi106_6_not_n913->n914, F0, i)}
100.0	{(and_not_pi106_6_not_n913, F0, i)}
100.0	{(not_pi106_6->and_not_pi106_6_not_n913, F0, i)}
100.0	{(not_n913->and_not_pi106_6_not_n913, F0, i)}
100.0	{(not_pi106_6, F0, i)}
100.0	{(not_n913, F0, i)}
100.0	{(n913->not_n913, F1, i)}
100.0	{(n913, F1, i)}
100.0	{(and_not_n911_not_n912->n913, F1, i)}
100.0	{(and_not_n911_not_n912, F1, i)}
100.0	{(not_n914->and_not_n910_not_n914, F1, i)}
100.0	{(po052_driver->po052, F0, i)}
100.0	{(po052_driver, F0, i)}
100.0	{(and_not_pi129_93874803376477543056490_not_n915->po052_driver, F0, i)}
100.0	{(and_not_pi129_93874803376477543056490_not_n915, F0, i)}
100.0	{(not_pi129_93874803376477543056490->and_not_pi129_93874803376477543056490_not_n915, F0, i)}
100.0	{(not_n915->and_not_pi129_93874803376477543056490_not_n915, F0, i)}
100.0	{(not_pi129_93874803376477543056490, F0, i)}
100.0	{(not_n915, F0, i)}
100.0	{(n915->not_n915, F1, i)}
100.0	{(n915, F1, i)}
100.0	{(and_not_n910_not_n914->n915, F1, i)}
100.0	{(and_not_n910_not_n914, F1, i)}
