{(and_not_pi129_9095436801298611408202050198891430_not_n1132, F1, i)(not_n1132,0,i) + (and_not_pi058_10_n1206, F1, i)(n1206,1,i)}
{(and_not_pi129_9095436801298611408202050198891430_not_n1132, F1, i)(not_n1132,0,i) + (pi058->not_pi058_10, F0, i)}
{(and_not_pi129_9095436801298611408202050198891430_not_n1132, F1, i)(not_n1132,0,i) + (not_pi058_10, F1, i)}
{(not_n1132, F1, i) + (and_not_pi058_10_n1206, F1, i)(n1206,1,i)}
{(not_n1132, F1, i) + (pi058->not_pi058_10, F0, i)}
{(not_n1132, F1, i) + (not_pi058_10, F1, i)}
{(n1132, F0, i) + (and_not_pi058_10_n1206, F1, i)(n1206,1,i)}
{(n1132, F0, i) + (pi058->not_pi058_10, F0, i)}
{(n1132, F0, i) + (not_pi058_10, F1, i)}
{(n934->and_n934_n1131, F0, i) + (and_not_pi058_10_n1206, F1, i)(n1206,1,i)}
{(n934->and_n934_n1131, F0, i) + (pi058->not_pi058_10, F0, i)}
{(n934->and_n934_n1131, F0, i) + (not_pi058_10, F1, i)}
{(and_n934_n1131, F0, i) + (and_not_pi058_10_n1206, F1, i)(n1206,1,i)}
{(and_n934_n1131, F0, i) + (pi058->not_pi058_10, F0, i)}
{(and_n934_n1131, F0, i) + (not_pi058_10, F1, i)}
{(n1131, F0, i) + (and_not_pi058_10_n1206, F1, i)(n1206,1,i)}
{(n1131, F0, i) + (pi058->not_pi058_10, F0, i)}
{(n1131, F0, i) + (not_pi058_10, F1, i)}
{(n1041->and_pi050_n1041, F0, i) + (and_not_pi058_10_n1206, F1, i)(n1206,1,i)}
{(n1041->and_pi050_n1041, F0, i) + (pi058->not_pi058_10, F0, i)}
{(n1041->and_pi050_n1041, F0, i) + (not_pi058_10, F1, i)}
{(pi050->and_pi050_n1041, F0, i) + (and_not_pi058_10_n1206, F1, i)(n1206,1,i)}
{(pi050->and_pi050_n1041, F0, i) + (pi058->not_pi058_10, F0, i)}
{(pi050->and_pi050_n1041, F0, i) + (not_pi058_10, F1, i)}
{(and_pi050_n1041, F0, i) + (and_not_pi058_10_n1206, F1, i)(n1206,1,i)}
{(and_pi050_n1041, F0, i) + (pi058->not_pi058_10, F0, i)}
{(and_pi050_n1041, F0, i) + (not_pi058_10, F1, i)}
