{(and_not_pi136_2_not_n1358, F1, i)(not_pi136_2,1,i) + (and_not_pi012_5_n606, F1, i)(not_pi012_5,1,i)}
{(and_not_pi136_2_not_n1358, F1, i)(not_pi136_2,1,i) + (n606, F1, i)}
{(and_not_pi136_2_not_n1358, F1, i)(not_pi136_2,1,i) + (and_not_pi025_1_not_pi028_1, F1, i)}
{(not_n1358, F1, i) + (and_not_pi012_5_n606, F1, i)(not_pi012_5,1,i)}
{(not_n1358, F1, i) + (n606, F1, i)}
{(not_n1358, F1, i) + (and_not_pi025_1_not_pi028_1, F1, i)}
{(n1358, F0, i) + (and_not_pi012_5_n606, F1, i)(not_pi012_5,1,i)}
{(n1358, F0, i) + (n606, F1, i)}
{(n1358, F0, i) + (and_not_pi025_1_not_pi028_1, F1, i)}
{(and_not_n1356_not_n1357, F0, i) + (and_not_pi012_5_n606, F1, i)(not_pi012_5,1,i)}
{(and_not_n1356_not_n1357, F0, i) + (n606, F1, i)}
{(and_not_n1356_not_n1357, F0, i) + (and_not_pi025_1_not_pi028_1, F1, i)}
{(not_n1357, F0, i) + (and_not_pi012_5_n606, F1, i)(not_pi012_5,1,i)}
{(not_n1357, F0, i) + (n606, F1, i)}
{(not_n1357, F0, i) + (and_not_pi025_1_not_pi028_1, F1, i)}
{(not_n1356, F0, i) + (and_not_pi012_5_n606, F1, i)(not_pi012_5,1,i)}
{(not_n1356, F0, i) + (n606, F1, i)}
{(not_n1356, F0, i) + (and_not_pi025_1_not_pi028_1, F1, i)}
{(n1357, F1, i) + (and_not_pi012_5_n606, F1, i)(not_pi012_5,1,i)}
{(n1357, F1, i) + (n606, F1, i)}
{(n1357, F1, i) + (and_not_pi025_1_not_pi028_1, F1, i)}
{(n1356, F1, i) + (and_not_pi012_5_n606, F1, i)(not_pi012_5,1,i)}
{(n1356, F1, i) + (n606, F1, i)}
{(n1356, F1, i) + (and_not_pi025_1_not_pi028_1, F1, i)}
{(and_pi087_not_pi138_3, F1, i) + (and_not_pi012_5_n606, F1, i)(not_pi012_5,1,i)}
{(and_pi087_not_pi138_3, F1, i) + (n606, F1, i)}
{(and_pi087_not_pi138_3, F1, i) + (and_not_pi025_1_not_pi028_1, F1, i)}
{(and_not_pi115_pi138, F1, i) + (and_not_pi012_5_n606, F1, i)(not_pi012_5,1,i)}
{(and_not_pi115_pi138, F1, i) + (n606, F1, i)}
{(and_not_pi115_pi138, F1, i) + (and_not_pi025_1_not_pi028_1, F1, i)}
