{(and_not_n353_not_n375, F1, i)(not_n375,0,i) + (and_not_pi013_not_pi014, F1, i)(not_pi014,1,i)}
{(and_not_n353_not_n375, F1, i)(not_n375,0,i) + (pi013->not_pi013, F0, i)}
{(and_not_n353_not_n375, F1, i)(not_n375,0,i) + (not_pi013, F1, i)}
{(not_n375, F1, i) + (and_not_pi013_not_pi014, F1, i)(not_pi014,1,i)}
{(not_n375, F1, i) + (pi013->not_pi013, F0, i)}
{(not_n375, F1, i) + (not_pi013, F1, i)}
{(n375, F0, i) + (and_not_pi013_not_pi014, F1, i)(not_pi014,1,i)}
{(n375, F0, i) + (pi013->not_pi013, F0, i)}
{(n375, F0, i) + (not_pi013, F1, i)}
{(n344->and_n344_n374, F0, i) + (and_not_pi013_not_pi014, F1, i)(not_pi014,1,i)}
{(n344->and_n344_n374, F0, i) + (pi013->not_pi013, F0, i)}
{(n344->and_n344_n374, F0, i) + (not_pi013, F1, i)}
{(and_n344_n374, F0, i) + (and_not_pi013_not_pi014, F1, i)(not_pi014,1,i)}
{(and_n344_n374, F0, i) + (pi013->not_pi013, F0, i)}
{(and_n344_n374, F0, i) + (not_pi013, F1, i)}
{(n374, F0, i) + (and_not_pi013_not_pi014, F1, i)(not_pi014,1,i)}
{(n374, F0, i) + (pi013->not_pi013, F0, i)}
{(n374, F0, i) + (not_pi013, F1, i)}
{(n354->and_n354_n373, F0, i) + (and_not_pi013_not_pi014, F1, i)(not_pi014,1,i)}
{(n354->and_n354_n373, F0, i) + (pi013->not_pi013, F0, i)}
{(n354->and_n354_n373, F0, i) + (not_pi013, F1, i)}
{(and_n354_n373, F0, i) + (and_not_pi013_not_pi014, F1, i)(not_pi014,1,i)}
{(and_n354_n373, F0, i) + (pi013->not_pi013, F0, i)}
{(and_n354_n373, F0, i) + (not_pi013, F1, i)}
{(n373, F0, i) + (and_not_pi013_not_pi014, F1, i)(not_pi014,1,i)}
{(n373, F0, i) + (pi013->not_pi013, F0, i)}
{(n373, F0, i) + (not_pi013, F1, i)}
{(n356->and_n356_n372, F0, i) + (and_not_pi013_not_pi014, F1, i)(not_pi014,1,i)}
{(n356->and_n356_n372, F0, i) + (pi013->not_pi013, F0, i)}
{(n356->and_n356_n372, F0, i) + (not_pi013, F1, i)}
{(and_n356_n372, F0, i) + (and_not_pi013_not_pi014, F1, i)(not_pi014,1,i)}
{(and_n356_n372, F0, i) + (pi013->not_pi013, F0, i)}
{(and_n356_n372, F0, i) + (not_pi013, F1, i)}
{(n372, F0, i) + (and_not_pi013_not_pi014, F1, i)(not_pi014,1,i)}
{(n372, F0, i) + (pi013->not_pi013, F0, i)}
{(n372, F0, i) + (not_pi013, F1, i)}
{(n300->and_n300_not_n371, F0, i) + (and_not_pi013_not_pi014, F1, i)(not_pi014,1,i)}
{(n300->and_n300_not_n371, F0, i) + (pi013->not_pi013, F0, i)}
{(n300->and_n300_not_n371, F0, i) + (not_pi013, F1, i)}
{(and_n300_not_n371, F0, i) + (and_not_pi013_not_pi014, F1, i)(not_pi014,1,i)}
{(and_n300_not_n371, F0, i) + (pi013->not_pi013, F0, i)}
{(and_n300_not_n371, F0, i) + (not_pi013, F1, i)}
{(not_n371, F0, i) + (and_not_pi013_not_pi014, F1, i)(not_pi014,1,i)}
{(not_n371, F0, i) + (pi013->not_pi013, F0, i)}
{(not_n371, F0, i) + (not_pi013, F1, i)}
{(n371, F1, i) + (and_not_pi013_not_pi014, F1, i)(not_pi014,1,i)}
{(n371, F1, i) + (pi013->not_pi013, F0, i)}
{(n371, F1, i) + (not_pi013, F1, i)}
{(and_not_n368_not_n370, F1, i) + (and_not_pi013_not_pi014, F1, i)(not_pi014,1,i)}
{(and_not_n368_not_n370, F1, i) + (pi013->not_pi013, F0, i)}
{(and_not_n368_not_n370, F1, i) + (not_pi013, F1, i)}
