{(and_not_n969_n981, F1, i)(n981,1,i) + (and_not_n1034_n1046, F1, i)(not_n1034,1,i)}
{(and_not_n969_n981, F1, i)(n981,1,i) + (n1046, F1, i)}
{(and_not_n969_n981, F1, i)(n981,1,i) + (and_not_n1040_n1045, F1, i)}
{(not_n969, F1, i) + (and_not_n1034_n1046, F1, i)(not_n1034,1,i)}
{(not_n969, F1, i) + (n1046, F1, i)}
{(not_n969, F1, i) + (and_not_n1040_n1045, F1, i)}
{(n969, F0, i) + (and_not_n1034_n1046, F1, i)(not_n1034,1,i)}
{(n969, F0, i) + (n1046, F1, i)}
{(n969, F0, i) + (and_not_n1040_n1045, F1, i)}
{(and_not_pi041_2_not_n968, F0, i) + (and_not_n1034_n1046, F1, i)(not_n1034,1,i)}
{(and_not_pi041_2_not_n968, F0, i) + (n1046, F1, i)}
{(and_not_pi041_2_not_n968, F0, i) + (and_not_n1040_n1045, F1, i)}
{(pi041->not_pi041_2, F1, i) + (and_not_n1034_n1046, F1, i)(not_n1034,1,i)}
{(pi041->not_pi041_2, F1, i) + (n1046, F1, i)}
{(pi041->not_pi041_2, F1, i) + (and_not_n1040_n1045, F1, i)}
{(not_pi041_2, F0, i) + (and_not_n1034_n1046, F1, i)(not_n1034,1,i)}
{(not_pi041_2, F0, i) + (n1046, F1, i)}
{(not_pi041_2, F0, i) + (and_not_n1040_n1045, F1, i)}
{(not_n968, F0, i) + (and_not_n1034_n1046, F1, i)(not_n1034,1,i)}
{(not_n968, F0, i) + (n1046, F1, i)}
{(not_n968, F0, i) + (and_not_n1040_n1045, F1, i)}
{(n968, F1, i) + (and_not_n1034_n1046, F1, i)(not_n1034,1,i)}
{(n968, F1, i) + (n1046, F1, i)}
{(n968, F1, i) + (and_not_n1040_n1045, F1, i)}
{(and_not_n965_not_n967, F1, i) + (and_not_n1034_n1046, F1, i)(not_n1034,1,i)}
{(and_not_n965_not_n967, F1, i) + (n1046, F1, i)}
{(and_not_n965_not_n967, F1, i) + (and_not_n1040_n1045, F1, i)}
