{(and_not_n1515_not_n1516, F1, i)(not_n1516,0,i) + (and_not_pi136_1176490_not_n1558, F1, i)(not_n1558,0,i)(not_pi136_1176490,0,i)}
{(and_not_n1515_not_n1516, F1, i)(not_n1516,0,i) + (and_not_pi064_not_pi138_8235430, F1, i)(not_pi064,1,i)}
{(and_not_n1515_not_n1516, F1, i)(not_n1516,0,i) + (pi088->and_pi088_pi138, F1, i)}
{(and_not_n1515_not_n1516, F1, i)(not_n1516,0,i) + (and_pi088_pi138, F1, i)(pi138,1,i)}
{(and_not_n1515_not_n1516, F1, i)(not_n1516,0,i) + (pi138->not_pi138_8235430, F0, i)}
{(and_not_n1515_not_n1516, F1, i)(not_n1516,0,i) + (not_pi138_8235430, F1, i)}
{(not_n1516, F1, i) + (and_not_pi136_1176490_not_n1558, F1, i)(not_n1558,0,i)(not_pi136_1176490,0,i)}
{(not_n1516, F1, i) + (and_not_pi064_not_pi138_8235430, F1, i)(not_pi064,1,i)}
{(not_n1516, F1, i) + (pi088->and_pi088_pi138, F1, i)}
{(not_n1516, F1, i) + (and_pi088_pi138, F1, i)(pi138,1,i)}
{(not_n1516, F1, i) + (pi138->not_pi138_8235430, F0, i)}
{(not_n1516, F1, i) + (not_pi138_8235430, F1, i)}
{(n1516, F0, i) + (and_not_pi136_1176490_not_n1558, F1, i)(not_n1558,0,i)(not_pi136_1176490,0,i)}
{(n1516, F0, i) + (and_not_pi064_not_pi138_8235430, F1, i)(not_pi064,1,i)}
{(n1516, F0, i) + (pi088->and_pi088_pi138, F1, i)}
{(n1516, F0, i) + (and_pi088_pi138, F1, i)(pi138,1,i)}
{(n1516, F0, i) + (pi138->not_pi138_8235430, F0, i)}
{(n1516, F0, i) + (not_pi138_8235430, F1, i)}
{(and_not_pi075_not_pi138_490, F0, i) + (and_not_pi136_1176490_not_n1558, F1, i)(not_n1558,0,i)(not_pi136_1176490,0,i)}
{(and_not_pi075_not_pi138_490, F0, i) + (and_not_pi064_not_pi138_8235430, F1, i)(not_pi064,1,i)}
{(and_not_pi075_not_pi138_490, F0, i) + (pi088->and_pi088_pi138, F1, i)}
{(and_not_pi075_not_pi138_490, F0, i) + (and_pi088_pi138, F1, i)(pi138,1,i)}
{(and_not_pi075_not_pi138_490, F0, i) + (pi138->not_pi138_8235430, F0, i)}
{(and_not_pi075_not_pi138_490, F0, i) + (not_pi138_8235430, F1, i)}
{(pi138->not_pi138_490, F1, i) + (and_not_pi136_1176490_not_n1558, F1, i)(not_n1558,0,i)(not_pi136_1176490,0,i)}
{(pi138->not_pi138_490, F1, i) + (and_not_pi064_not_pi138_8235430, F1, i)(not_pi064,1,i)}
{(pi138->not_pi138_490, F1, i) + (pi088->and_pi088_pi138, F1, i)}
{(pi138->not_pi138_490, F1, i) + (and_pi088_pi138, F1, i)(pi138,1,i)}
{(pi138->not_pi138_490, F1, i) + (pi138->not_pi138_8235430, F0, i)}
{(pi138->not_pi138_490, F1, i) + (not_pi138_8235430, F1, i)}
{(not_pi138_490, F0, i) + (and_not_pi136_1176490_not_n1558, F1, i)(not_n1558,0,i)(not_pi136_1176490,0,i)}
{(not_pi138_490, F0, i) + (and_not_pi064_not_pi138_8235430, F1, i)(not_pi064,1,i)}
{(not_pi138_490, F0, i) + (pi088->and_pi088_pi138, F1, i)}
{(not_pi138_490, F0, i) + (and_pi088_pi138, F1, i)(pi138,1,i)}
{(not_pi138_490, F0, i) + (pi138->not_pi138_8235430, F0, i)}
{(not_pi138_490, F0, i) + (not_pi138_8235430, F1, i)}
{(pi075->not_pi075, F1, i) + (and_not_pi136_1176490_not_n1558, F1, i)(not_n1558,0,i)(not_pi136_1176490,0,i)}
{(pi075->not_pi075, F1, i) + (and_not_pi064_not_pi138_8235430, F1, i)(not_pi064,1,i)}
{(pi075->not_pi075, F1, i) + (pi088->and_pi088_pi138, F1, i)}
{(pi075->not_pi075, F1, i) + (and_pi088_pi138, F1, i)(pi138,1,i)}
{(pi075->not_pi075, F1, i) + (pi138->not_pi138_8235430, F0, i)}
{(pi075->not_pi075, F1, i) + (not_pi138_8235430, F1, i)}
{(not_pi075, F0, i) + (and_not_pi136_1176490_not_n1558, F1, i)(not_n1558,0,i)(not_pi136_1176490,0,i)}
{(not_pi075, F0, i) + (and_not_pi064_not_pi138_8235430, F1, i)(not_pi064,1,i)}
{(not_pi075, F0, i) + (pi088->and_pi088_pi138, F1, i)}
{(not_pi075, F0, i) + (and_pi088_pi138, F1, i)(pi138,1,i)}
{(not_pi075, F0, i) + (pi138->not_pi138_8235430, F0, i)}
{(not_pi075, F0, i) + (not_pi138_8235430, F1, i)}
