{(and_not_n362_not_n363, F1, i)(not_n362,1,i) + (and_not_n809_not_n815, F1, i)(not_n809,1,i)}
{(and_not_n362_not_n363, F1, i)(not_n362,1,i) + (not_n815, F1, i)}
{(and_not_n362_not_n363, F1, i)(not_n362,1,i) + (n815, F0, i)}
{(and_not_n362_not_n363, F1, i)(not_n362,1,i) + (n814->and_n813_n814, F0, i)}
{(and_not_n362_not_n363, F1, i)(not_n362,1,i) + (and_n813_n814, F0, i)}
{(and_not_n362_not_n363, F1, i)(not_n362,1,i) + (n813, F0, i)}
{(and_not_n362_not_n363, F1, i)(not_n362,1,i) + (pi085->and_pi085_not_n812, F0, i)}
{(and_not_n362_not_n363, F1, i)(not_n362,1,i) + (and_pi085_not_n812, F0, i)}
{(and_not_n362_not_n363, F1, i)(not_n362,1,i) + (not_n812, F0, i)}
{(and_not_n362_not_n363, F1, i)(not_n362,1,i) + (n812, F1, i)}
{(and_not_n362_not_n363, F1, i)(not_n362,1,i) + (and_not_n810_not_n811, F1, i)}
{(not_n363, F1, i) + (and_not_n809_not_n815, F1, i)(not_n809,1,i)}
{(not_n363, F1, i) + (not_n815, F1, i)}
{(not_n363, F1, i) + (n815, F0, i)}
{(not_n363, F1, i) + (n814->and_n813_n814, F0, i)}
{(not_n363, F1, i) + (and_n813_n814, F0, i)}
{(not_n363, F1, i) + (n813, F0, i)}
{(not_n363, F1, i) + (pi085->and_pi085_not_n812, F0, i)}
{(not_n363, F1, i) + (and_pi085_not_n812, F0, i)}
{(not_n363, F1, i) + (not_n812, F0, i)}
{(not_n363, F1, i) + (n812, F1, i)}
{(not_n363, F1, i) + (and_not_n810_not_n811, F1, i)}
{(n363, F0, i) + (and_not_n809_not_n815, F1, i)(not_n809,1,i)}
{(n363, F0, i) + (not_n815, F1, i)}
{(n363, F0, i) + (n815, F0, i)}
{(n363, F0, i) + (n814->and_n813_n814, F0, i)}
{(n363, F0, i) + (and_n813_n814, F0, i)}
{(n363, F0, i) + (n813, F0, i)}
{(n363, F0, i) + (pi085->and_pi085_not_n812, F0, i)}
{(n363, F0, i) + (and_pi085_not_n812, F0, i)}
{(n363, F0, i) + (not_n812, F0, i)}
{(n363, F0, i) + (n812, F1, i)}
{(n363, F0, i) + (and_not_n810_not_n811, F1, i)}
{(n357->and_pi007_n357, F0, i) + (and_not_n809_not_n815, F1, i)(not_n809,1,i)}
{(n357->and_pi007_n357, F0, i) + (not_n815, F1, i)}
{(n357->and_pi007_n357, F0, i) + (n815, F0, i)}
{(n357->and_pi007_n357, F0, i) + (n814->and_n813_n814, F0, i)}
{(n357->and_pi007_n357, F0, i) + (and_n813_n814, F0, i)}
{(n357->and_pi007_n357, F0, i) + (n813, F0, i)}
{(n357->and_pi007_n357, F0, i) + (pi085->and_pi085_not_n812, F0, i)}
{(n357->and_pi007_n357, F0, i) + (and_pi085_not_n812, F0, i)}
{(n357->and_pi007_n357, F0, i) + (not_n812, F0, i)}
{(n357->and_pi007_n357, F0, i) + (n812, F1, i)}
{(n357->and_pi007_n357, F0, i) + (and_not_n810_not_n811, F1, i)}
{(pi007->and_pi007_n357, F0, i) + (and_not_n809_not_n815, F1, i)(not_n809,1,i)}
{(pi007->and_pi007_n357, F0, i) + (not_n815, F1, i)}
{(pi007->and_pi007_n357, F0, i) + (n815, F0, i)}
{(pi007->and_pi007_n357, F0, i) + (n814->and_n813_n814, F0, i)}
{(pi007->and_pi007_n357, F0, i) + (and_n813_n814, F0, i)}
{(pi007->and_pi007_n357, F0, i) + (n813, F0, i)}
{(pi007->and_pi007_n357, F0, i) + (pi085->and_pi085_not_n812, F0, i)}
{(pi007->and_pi007_n357, F0, i) + (and_pi085_not_n812, F0, i)}
{(pi007->and_pi007_n357, F0, i) + (not_n812, F0, i)}
{(pi007->and_pi007_n357, F0, i) + (n812, F1, i)}
{(pi007->and_pi007_n357, F0, i) + (and_not_n810_not_n811, F1, i)}
{(and_pi007_n357, F0, i) + (and_not_n809_not_n815, F1, i)(not_n809,1,i)}
{(and_pi007_n357, F0, i) + (not_n815, F1, i)}
{(and_pi007_n357, F0, i) + (n815, F0, i)}
{(and_pi007_n357, F0, i) + (n814->and_n813_n814, F0, i)}
{(and_pi007_n357, F0, i) + (and_n813_n814, F0, i)}
{(and_pi007_n357, F0, i) + (n813, F0, i)}
{(and_pi007_n357, F0, i) + (pi085->and_pi085_not_n812, F0, i)}
{(and_pi007_n357, F0, i) + (and_pi085_not_n812, F0, i)}
{(and_pi007_n357, F0, i) + (not_n812, F0, i)}
{(and_pi007_n357, F0, i) + (n812, F1, i)}
{(and_pi007_n357, F0, i) + (and_not_n810_not_n811, F1, i)}
