{(and_not_n1594_not_n1596, F1, i)(not_n1594,1,i) + (and_not_n362_not_n363, F1, i)(not_n362,1,i)}
{(and_not_n1594_not_n1596, F1, i)(not_n1594,1,i) + (not_n363, F1, i)}
{(and_not_n1594_not_n1596, F1, i)(not_n1594,1,i) + (n363, F0, i)}
{(and_not_n1594_not_n1596, F1, i)(not_n1594,1,i) + (n357->and_pi007_n357, F0, i)}
{(and_not_n1594_not_n1596, F1, i)(not_n1594,1,i) + (pi007->and_pi007_n357, F0, i)}
{(and_not_n1594_not_n1596, F1, i)(not_n1594,1,i) + (and_pi007_n357, F0, i)}
{(not_n1596, F1, i) + (and_not_n362_not_n363, F1, i)(not_n362,1,i)}
{(not_n1596, F1, i) + (not_n363, F1, i)}
{(not_n1596, F1, i) + (n363, F0, i)}
{(not_n1596, F1, i) + (n357->and_pi007_n357, F0, i)}
{(not_n1596, F1, i) + (pi007->and_pi007_n357, F0, i)}
{(not_n1596, F1, i) + (and_pi007_n357, F0, i)}
{(n1596, F0, i) + (and_not_n362_not_n363, F1, i)(not_n362,1,i)}
{(n1596, F0, i) + (not_n363, F1, i)}
{(n1596, F0, i) + (n363, F0, i)}
{(n1596, F0, i) + (n357->and_pi007_n357, F0, i)}
{(n1596, F0, i) + (pi007->and_pi007_n357, F0, i)}
{(n1596, F0, i) + (and_pi007_n357, F0, i)}
{(pi054->and_pi054_not_n1595, F0, i) + (and_not_n362_not_n363, F1, i)(not_n362,1,i)}
{(pi054->and_pi054_not_n1595, F0, i) + (not_n363, F1, i)}
{(pi054->and_pi054_not_n1595, F0, i) + (n363, F0, i)}
{(pi054->and_pi054_not_n1595, F0, i) + (n357->and_pi007_n357, F0, i)}
{(pi054->and_pi054_not_n1595, F0, i) + (pi007->and_pi007_n357, F0, i)}
{(pi054->and_pi054_not_n1595, F0, i) + (and_pi007_n357, F0, i)}
{(and_pi054_not_n1595, F0, i) + (and_not_n362_not_n363, F1, i)(not_n362,1,i)}
{(and_pi054_not_n1595, F0, i) + (not_n363, F1, i)}
{(and_pi054_not_n1595, F0, i) + (n363, F0, i)}
{(and_pi054_not_n1595, F0, i) + (n357->and_pi007_n357, F0, i)}
{(and_pi054_not_n1595, F0, i) + (pi007->and_pi007_n357, F0, i)}
{(and_pi054_not_n1595, F0, i) + (and_pi007_n357, F0, i)}
{(not_n1595, F0, i) + (and_not_n362_not_n363, F1, i)(not_n362,1,i)}
{(not_n1595, F0, i) + (not_n363, F1, i)}
{(not_n1595, F0, i) + (n363, F0, i)}
{(not_n1595, F0, i) + (n357->and_pi007_n357, F0, i)}
{(not_n1595, F0, i) + (pi007->and_pi007_n357, F0, i)}
{(not_n1595, F0, i) + (and_pi007_n357, F0, i)}
{(n1595, F1, i) + (and_not_n362_not_n363, F1, i)(not_n362,1,i)}
{(n1595, F1, i) + (not_n363, F1, i)}
{(n1595, F1, i) + (n363, F0, i)}
{(n1595, F1, i) + (n357->and_pi007_n357, F0, i)}
{(n1595, F1, i) + (pi007->and_pi007_n357, F0, i)}
{(n1595, F1, i) + (and_pi007_n357, F0, i)}
{(and_not_pi011_6_not_pi022_4, F1, i) + (and_not_n362_not_n363, F1, i)(not_n362,1,i)}
{(and_not_pi011_6_not_pi022_4, F1, i) + (not_n363, F1, i)}
{(and_not_pi011_6_not_pi022_4, F1, i) + (n363, F0, i)}
{(and_not_pi011_6_not_pi022_4, F1, i) + (n357->and_pi007_n357, F0, i)}
{(and_not_pi011_6_not_pi022_4, F1, i) + (pi007->and_pi007_n357, F0, i)}
{(and_not_pi011_6_not_pi022_4, F1, i) + (and_pi007_n357, F0, i)}
