{(and_not_pi053_not_n745, F1, i)(not_pi053,1,i) + (n1133, F1, i)}
{(and_not_pi053_not_n745, F1, i)(not_pi053,1,i) + (and_not_pi129_9095436801298611408202050198891430_not_n1132, F1, i)}
{(not_n745, F1, i) + (n1133, F1, i)}
{(not_n745, F1, i) + (and_not_pi129_9095436801298611408202050198891430_not_n1132, F1, i)}
{(n745, F0, i) + (n1133, F1, i)}
{(n745, F0, i) + (and_not_pi129_9095436801298611408202050198891430_not_n1132, F1, i)}
{(and_not_n735_not_n744, F0, i) + (n1133, F1, i)}
{(and_not_n735_not_n744, F0, i) + (and_not_pi129_9095436801298611408202050198891430_not_n1132, F1, i)}
{(not_n735, F0, i) + (n1133, F1, i)}
{(not_n735, F0, i) + (and_not_pi129_9095436801298611408202050198891430_not_n1132, F1, i)}
{(not_n744, F0, i) + (n1133, F1, i)}
{(not_n744, F0, i) + (and_not_pi129_9095436801298611408202050198891430_not_n1132, F1, i)}
{(n735, F1, i) + (n1133, F1, i)}
{(n735, F1, i) + (and_not_pi129_9095436801298611408202050198891430_not_n1132, F1, i)}
{(n744, F1, i) + (n1133, F1, i)}
{(n744, F1, i) + (and_not_pi129_9095436801298611408202050198891430_not_n1132, F1, i)}
{(and_not_pi027_not_n734, F1, i) + (n1133, F1, i)}
{(and_not_pi027_not_n734, F1, i) + (and_not_pi129_9095436801298611408202050198891430_not_n1132, F1, i)}
{(and_not_n742_n743, F1, i) + (n1133, F1, i)}
{(and_not_n742_n743, F1, i) + (and_not_pi129_9095436801298611408202050198891430_not_n1132, F1, i)}
