{(and_not_n805_not_n806, F1, i)(not_n806,1,i) + (and_pi059_not_n1217, F1, i)(pi059,1,i)}
{(and_not_n805_not_n806, F1, i)(not_n806,1,i) + (not_n1217, F1, i)}
{(and_not_n805_not_n806, F1, i)(not_n806,1,i) + (n1217, F0, i)}
{(and_not_n805_not_n806, F1, i)(not_n806,1,i) + (and_not_n1215_not_n1216, F0, i)}
{(and_not_n805_not_n806, F1, i)(not_n806,1,i) + (not_n1216, F0, i)}
{(and_not_n805_not_n806, F1, i)(not_n806,1,i) + (not_n1215, F0, i)}
{(and_not_n805_not_n806, F1, i)(not_n806,1,i) + (n1216, F1, i)}
{(and_not_n805_not_n806, F1, i)(not_n806,1,i) + (n1215, F1, i)}
{(and_not_n805_not_n806, F1, i)(not_n806,1,i) + (and_not_n726_1_n787, F1, i)}
{(and_not_n805_not_n806, F1, i)(not_n806,1,i) + (and_not_pi116_10_not_n1214, F1, i)}
{(not_n805, F1, i) + (and_pi059_not_n1217, F1, i)(pi059,1,i)}
{(not_n805, F1, i) + (not_n1217, F1, i)}
{(not_n805, F1, i) + (n1217, F0, i)}
{(not_n805, F1, i) + (and_not_n1215_not_n1216, F0, i)}
{(not_n805, F1, i) + (not_n1216, F0, i)}
{(not_n805, F1, i) + (not_n1215, F0, i)}
{(not_n805, F1, i) + (n1216, F1, i)}
{(not_n805, F1, i) + (n1215, F1, i)}
{(not_n805, F1, i) + (and_not_n726_1_n787, F1, i)}
{(not_n805, F1, i) + (and_not_pi116_10_not_n1214, F1, i)}
{(n805, F0, i) + (and_pi059_not_n1217, F1, i)(pi059,1,i)}
{(n805, F0, i) + (not_n1217, F1, i)}
{(n805, F0, i) + (n1217, F0, i)}
{(n805, F0, i) + (and_not_n1215_not_n1216, F0, i)}
{(n805, F0, i) + (not_n1216, F0, i)}
{(n805, F0, i) + (not_n1215, F0, i)}
{(n805, F0, i) + (n1216, F1, i)}
{(n805, F0, i) + (n1215, F1, i)}
{(n805, F0, i) + (and_not_n726_1_n787, F1, i)}
{(n805, F0, i) + (and_not_pi116_10_not_n1214, F1, i)}
{(and_not_pi027_6_not_n804, F0, i) + (and_pi059_not_n1217, F1, i)(pi059,1,i)}
{(and_not_pi027_6_not_n804, F0, i) + (not_n1217, F1, i)}
{(and_not_pi027_6_not_n804, F0, i) + (n1217, F0, i)}
{(and_not_pi027_6_not_n804, F0, i) + (and_not_n1215_not_n1216, F0, i)}
{(and_not_pi027_6_not_n804, F0, i) + (not_n1216, F0, i)}
{(and_not_pi027_6_not_n804, F0, i) + (not_n1215, F0, i)}
{(and_not_pi027_6_not_n804, F0, i) + (n1216, F1, i)}
{(and_not_pi027_6_not_n804, F0, i) + (n1215, F1, i)}
{(and_not_pi027_6_not_n804, F0, i) + (and_not_n726_1_n787, F1, i)}
{(and_not_pi027_6_not_n804, F0, i) + (and_not_pi116_10_not_n1214, F1, i)}
{(pi027->not_pi027_6, F1, i) + (and_pi059_not_n1217, F1, i)(pi059,1,i)}
{(pi027->not_pi027_6, F1, i) + (not_n1217, F1, i)}
{(pi027->not_pi027_6, F1, i) + (n1217, F0, i)}
{(pi027->not_pi027_6, F1, i) + (and_not_n1215_not_n1216, F0, i)}
{(pi027->not_pi027_6, F1, i) + (not_n1216, F0, i)}
{(pi027->not_pi027_6, F1, i) + (not_n1215, F0, i)}
{(pi027->not_pi027_6, F1, i) + (n1216, F1, i)}
{(pi027->not_pi027_6, F1, i) + (n1215, F1, i)}
{(pi027->not_pi027_6, F1, i) + (and_not_n726_1_n787, F1, i)}
{(pi027->not_pi027_6, F1, i) + (and_not_pi116_10_not_n1214, F1, i)}
{(not_pi027_6, F0, i) + (and_pi059_not_n1217, F1, i)(pi059,1,i)}
{(not_pi027_6, F0, i) + (not_n1217, F1, i)}
{(not_pi027_6, F0, i) + (n1217, F0, i)}
{(not_pi027_6, F0, i) + (and_not_n1215_not_n1216, F0, i)}
{(not_pi027_6, F0, i) + (not_n1216, F0, i)}
{(not_pi027_6, F0, i) + (not_n1215, F0, i)}
{(not_pi027_6, F0, i) + (n1216, F1, i)}
{(not_pi027_6, F0, i) + (n1215, F1, i)}
{(not_pi027_6, F0, i) + (and_not_n726_1_n787, F1, i)}
{(not_pi027_6, F0, i) + (and_not_pi116_10_not_n1214, F1, i)}
{(not_n804, F0, i) + (and_pi059_not_n1217, F1, i)(pi059,1,i)}
{(not_n804, F0, i) + (not_n1217, F1, i)}
{(not_n804, F0, i) + (n1217, F0, i)}
{(not_n804, F0, i) + (and_not_n1215_not_n1216, F0, i)}
{(not_n804, F0, i) + (not_n1216, F0, i)}
{(not_n804, F0, i) + (not_n1215, F0, i)}
{(not_n804, F0, i) + (n1216, F1, i)}
{(not_n804, F0, i) + (n1215, F1, i)}
{(not_n804, F0, i) + (and_not_n726_1_n787, F1, i)}
{(not_n804, F0, i) + (and_not_pi116_10_not_n1214, F1, i)}
{(n804, F1, i) + (and_pi059_not_n1217, F1, i)(pi059,1,i)}
{(n804, F1, i) + (not_n1217, F1, i)}
{(n804, F1, i) + (n1217, F0, i)}
{(n804, F1, i) + (and_not_n1215_not_n1216, F0, i)}
{(n804, F1, i) + (not_n1216, F0, i)}
{(n804, F1, i) + (not_n1215, F0, i)}
{(n804, F1, i) + (n1216, F1, i)}
{(n804, F1, i) + (n1215, F1, i)}
{(n804, F1, i) + (and_not_n726_1_n787, F1, i)}
{(n804, F1, i) + (and_not_pi116_10_not_n1214, F1, i)}
{(and_not_n802_not_n803, F1, i) + (and_pi059_not_n1217, F1, i)(pi059,1,i)}
{(and_not_n802_not_n803, F1, i) + (not_n1217, F1, i)}
{(and_not_n802_not_n803, F1, i) + (n1217, F0, i)}
{(and_not_n802_not_n803, F1, i) + (and_not_n1215_not_n1216, F0, i)}
{(and_not_n802_not_n803, F1, i) + (not_n1216, F0, i)}
{(and_not_n802_not_n803, F1, i) + (not_n1215, F0, i)}
{(and_not_n802_not_n803, F1, i) + (n1216, F1, i)}
{(and_not_n802_not_n803, F1, i) + (n1215, F1, i)}
{(and_not_n802_not_n803, F1, i) + (and_not_n726_1_n787, F1, i)}
{(and_not_n802_not_n803, F1, i) + (and_not_pi116_10_not_n1214, F1, i)}
