{(and_not_n1428_not_n1429, F1, i)(not_n1429,1,i) + (and_pi089_not_n1386_0, F1, i)(pi089,1,i)}
{(and_not_n1428_not_n1429, F1, i)(not_n1429,1,i) + (n1386->not_n1386_0, F0, i)}
{(and_not_n1428_not_n1429, F1, i)(not_n1429,1,i) + (not_n1386_0, F1, i)}
{(not_n1428, F1, i) + (and_pi089_not_n1386_0, F1, i)(pi089,1,i)}
{(not_n1428, F1, i) + (n1386->not_n1386_0, F0, i)}
{(not_n1428, F1, i) + (not_n1386_0, F1, i)}
{(n1428, F0, i) + (and_pi089_not_n1386_0, F1, i)(pi089,1,i)}
{(n1428, F0, i) + (n1386->not_n1386_0, F0, i)}
{(n1428, F0, i) + (not_n1386_0, F1, i)}
{(pi096->and_pi096_not_n1423_0, F0, i) + (and_pi089_not_n1386_0, F1, i)(pi089,1,i)}
{(pi096->and_pi096_not_n1423_0, F0, i) + (n1386->not_n1386_0, F0, i)}
{(pi096->and_pi096_not_n1423_0, F0, i) + (not_n1386_0, F1, i)}
{(and_pi096_not_n1423_0, F0, i) + (and_pi089_not_n1386_0, F1, i)(pi089,1,i)}
{(and_pi096_not_n1423_0, F0, i) + (n1386->not_n1386_0, F0, i)}
{(and_pi096_not_n1423_0, F0, i) + (not_n1386_0, F1, i)}
{(n1423->not_n1423_0, F1, i) + (and_pi089_not_n1386_0, F1, i)(pi089,1,i)}
{(n1423->not_n1423_0, F1, i) + (n1386->not_n1386_0, F0, i)}
{(n1423->not_n1423_0, F1, i) + (not_n1386_0, F1, i)}
{(not_n1423_0, F0, i) + (and_pi089_not_n1386_0, F1, i)(pi089,1,i)}
{(not_n1423_0, F0, i) + (n1386->not_n1386_0, F0, i)}
{(not_n1423_0, F0, i) + (not_n1386_0, F1, i)}
