{(and_not_n379_70_not_n1070, F1, i)(not_n1070,1,i) + (and_pi068_not_n1247_3, F1, i)(not_n1247_3,0,i)}
{(and_not_n379_70_not_n1070, F1, i)(not_n1070,1,i) + (n1247->not_n1247_3, F0, i)}
{(and_not_n379_70_not_n1070, F1, i)(not_n1070,1,i) + (not_n1247_3, F1, i)}
{(and_not_n379_70_not_n1070, F1, i)(not_n1070,1,i) + (and_not_pi141_n1249, F1, i)(n1249,1,i)}
{(and_not_n379_70_not_n1070, F1, i)(not_n1070,1,i) + (pi141->not_pi141, F0, i)}
{(and_not_n379_70_not_n1070, F1, i)(not_n1070,1,i) + (not_pi141, F1, i)}
{(n379->not_n379_70, F0, i) + (and_pi068_not_n1247_3, F1, i)(not_n1247_3,0,i)}
{(n379->not_n379_70, F0, i) + (n1247->not_n1247_3, F0, i)}
{(n379->not_n379_70, F0, i) + (not_n1247_3, F1, i)}
{(n379->not_n379_70, F0, i) + (and_not_pi141_n1249, F1, i)(n1249,1,i)}
{(n379->not_n379_70, F0, i) + (pi141->not_pi141, F0, i)}
{(n379->not_n379_70, F0, i) + (not_pi141, F1, i)}
{(not_n379_70, F1, i) + (and_pi068_not_n1247_3, F1, i)(not_n1247_3,0,i)}
{(not_n379_70, F1, i) + (n1247->not_n1247_3, F0, i)}
{(not_n379_70, F1, i) + (not_n1247_3, F1, i)}
{(not_n379_70, F1, i) + (and_not_pi141_n1249, F1, i)(n1249,1,i)}
{(not_n379_70, F1, i) + (pi141->not_pi141, F0, i)}
{(not_n379_70, F1, i) + (not_pi141, F1, i)}
{(n934->and_n934_n1074, F1, i) + (and_pi068_not_n1247_3, F1, i)(not_n1247_3,0,i)}
{(n934->and_n934_n1074, F1, i) + (n1247->not_n1247_3, F0, i)}
{(n934->and_n934_n1074, F1, i) + (not_n1247_3, F1, i)}
{(n934->and_n934_n1074, F1, i) + (and_not_pi141_n1249, F1, i)(n1249,1,i)}
{(n934->and_n934_n1074, F1, i) + (pi141->not_pi141, F0, i)}
{(n934->and_n934_n1074, F1, i) + (not_pi141, F1, i)}
{(and_n934_n1074, F1, i)(n1074,1,i) + (and_pi068_not_n1247_3, F1, i)(not_n1247_3,0,i)}
{(and_n934_n1074, F1, i)(n1074,1,i) + (n1247->not_n1247_3, F0, i)}
{(and_n934_n1074, F1, i)(n1074,1,i) + (not_n1247_3, F1, i)}
{(and_n934_n1074, F1, i)(n1074,1,i) + (and_not_pi141_n1249, F1, i)(n1249,1,i)}
{(and_n934_n1074, F1, i)(n1074,1,i) + (pi141->not_pi141, F0, i)}
{(and_n934_n1074, F1, i)(n1074,1,i) + (not_pi141, F1, i)}
