{(and_not_n924_n938, F1, i)(n938,1,i) + (and_not_pi005_4_n479, F1, i)(n479,1,i)}
{(and_not_n924_n938, F1, i)(n938,1,i) + (pi005->not_pi005_4, F0, i)}
{(and_not_n924_n938, F1, i)(n938,1,i) + (not_pi005_4, F1, i)}
{(not_n924, F1, i) + (and_not_pi005_4_n479, F1, i)(n479,1,i)}
{(not_n924, F1, i) + (pi005->not_pi005_4, F0, i)}
{(not_n924, F1, i) + (not_pi005_4, F1, i)}
{(n924, F0, i) + (and_not_pi005_4_n479, F1, i)(n479,1,i)}
{(n924, F0, i) + (pi005->not_pi005_4, F0, i)}
{(n924, F0, i) + (not_pi005_4, F1, i)}
{(and_not_pi038_1_not_n923, F0, i) + (and_not_pi005_4_n479, F1, i)(n479,1,i)}
{(and_not_pi038_1_not_n923, F0, i) + (pi005->not_pi005_4, F0, i)}
{(and_not_pi038_1_not_n923, F0, i) + (not_pi005_4, F1, i)}
{(not_n923, F0, i) + (and_not_pi005_4_n479, F1, i)(n479,1,i)}
{(not_n923, F0, i) + (pi005->not_pi005_4, F0, i)}
{(not_n923, F0, i) + (not_pi005_4, F1, i)}
{(pi038->not_pi038_1, F1, i) + (and_not_pi005_4_n479, F1, i)(n479,1,i)}
{(pi038->not_pi038_1, F1, i) + (pi005->not_pi005_4, F0, i)}
{(pi038->not_pi038_1, F1, i) + (not_pi005_4, F1, i)}
{(not_pi038_1, F0, i) + (and_not_pi005_4_n479, F1, i)(n479,1,i)}
{(not_pi038_1, F0, i) + (pi005->not_pi005_4, F0, i)}
{(not_pi038_1, F0, i) + (not_pi005_4, F1, i)}
{(n923, F1, i) + (and_not_pi005_4_n479, F1, i)(n479,1,i)}
{(n923, F1, i) + (pi005->not_pi005_4, F0, i)}
{(n923, F1, i) + (not_pi005_4, F1, i)}
{(and_not_n917_not_n922, F1, i) + (and_not_pi005_4_n479, F1, i)(n479,1,i)}
{(and_not_n917_not_n922, F1, i) + (pi005->not_pi005_4, F0, i)}
{(and_not_n917_not_n922, F1, i) + (not_pi005_4, F1, i)}
