{(and_not_n717_not_n719, F1, i)(not_n719,1,i) + (and_not_pi056_n308, F1, i)(n308,0,i)(not_pi056,0,i)}
{(and_not_n717_not_n719, F1, i)(not_n719,1,i) + (n301->and_n301_n302, F1, i)}
{(and_not_n717_not_n719, F1, i)(not_n719,1,i) + (and_n301_n302, F1, i)(n302,1,i)}
{(and_not_n717_not_n719, F1, i)(not_n719,1,i) + (and_not_pi056_0_not_n301, F1, i)(not_n301,1,i)}
{(and_not_n717_not_n719, F1, i)(not_n719,1,i) + (pi056->not_pi056_0, F0, i)}
{(and_not_n717_not_n719, F1, i)(not_n719,1,i) + (not_pi056_0, F1, i)}
{(and_not_n717_not_n719, F1, i)(not_n719,1,i) + (n301->and_n301_not_n328, F1, i)}
{(and_not_n717_not_n719, F1, i)(not_n719,1,i) + (and_n301_not_n328, F1, i)(not_n328,1,i)}
{(not_n717, F1, i) + (and_not_pi056_n308, F1, i)(n308,0,i)(not_pi056,0,i)}
{(not_n717, F1, i) + (n301->and_n301_n302, F1, i)}
{(not_n717, F1, i) + (and_n301_n302, F1, i)(n302,1,i)}
{(not_n717, F1, i) + (and_not_pi056_0_not_n301, F1, i)(not_n301,1,i)}
{(not_n717, F1, i) + (pi056->not_pi056_0, F0, i)}
{(not_n717, F1, i) + (not_pi056_0, F1, i)}
{(not_n717, F1, i) + (n301->and_n301_not_n328, F1, i)}
{(not_n717, F1, i) + (and_n301_not_n328, F1, i)(not_n328,1,i)}
{(n717, F0, i) + (and_not_pi056_n308, F1, i)(n308,0,i)(not_pi056,0,i)}
{(n717, F0, i) + (n301->and_n301_n302, F1, i)}
{(n717, F0, i) + (and_n301_n302, F1, i)(n302,1,i)}
{(n717, F0, i) + (and_not_pi056_0_not_n301, F1, i)(not_n301,1,i)}
{(n717, F0, i) + (pi056->not_pi056_0, F0, i)}
{(n717, F0, i) + (not_pi056_0, F1, i)}
{(n717, F0, i) + (n301->and_n301_not_n328, F1, i)}
{(n717, F0, i) + (and_n301_not_n328, F1, i)(not_n328,1,i)}
{(pi100->and_pi100_not_n716, F0, i) + (and_not_pi056_n308, F1, i)(n308,0,i)(not_pi056,0,i)}
{(pi100->and_pi100_not_n716, F0, i) + (n301->and_n301_n302, F1, i)}
{(pi100->and_pi100_not_n716, F0, i) + (and_n301_n302, F1, i)(n302,1,i)}
{(pi100->and_pi100_not_n716, F0, i) + (and_not_pi056_0_not_n301, F1, i)(not_n301,1,i)}
{(pi100->and_pi100_not_n716, F0, i) + (pi056->not_pi056_0, F0, i)}
{(pi100->and_pi100_not_n716, F0, i) + (not_pi056_0, F1, i)}
{(pi100->and_pi100_not_n716, F0, i) + (n301->and_n301_not_n328, F1, i)}
{(pi100->and_pi100_not_n716, F0, i) + (and_n301_not_n328, F1, i)(not_n328,1,i)}
{(and_pi100_not_n716, F0, i) + (and_not_pi056_n308, F1, i)(n308,0,i)(not_pi056,0,i)}
{(and_pi100_not_n716, F0, i) + (n301->and_n301_n302, F1, i)}
{(and_pi100_not_n716, F0, i) + (and_n301_n302, F1, i)(n302,1,i)}
{(and_pi100_not_n716, F0, i) + (and_not_pi056_0_not_n301, F1, i)(not_n301,1,i)}
{(and_pi100_not_n716, F0, i) + (pi056->not_pi056_0, F0, i)}
{(and_pi100_not_n716, F0, i) + (not_pi056_0, F1, i)}
{(and_pi100_not_n716, F0, i) + (n301->and_n301_not_n328, F1, i)}
{(and_pi100_not_n716, F0, i) + (and_n301_not_n328, F1, i)(not_n328,1,i)}
{(not_n716, F0, i) + (and_not_pi056_n308, F1, i)(n308,0,i)(not_pi056,0,i)}
{(not_n716, F0, i) + (n301->and_n301_n302, F1, i)}
{(not_n716, F0, i) + (and_n301_n302, F1, i)(n302,1,i)}
{(not_n716, F0, i) + (and_not_pi056_0_not_n301, F1, i)(not_n301,1,i)}
{(not_n716, F0, i) + (pi056->not_pi056_0, F0, i)}
{(not_n716, F0, i) + (not_pi056_0, F1, i)}
{(not_n716, F0, i) + (n301->and_n301_not_n328, F1, i)}
{(not_n716, F0, i) + (and_n301_not_n328, F1, i)(not_n328,1,i)}
{(n716, F1, i) + (and_not_pi056_n308, F1, i)(n308,0,i)(not_pi056,0,i)}
{(n716, F1, i) + (n301->and_n301_n302, F1, i)}
{(n716, F1, i) + (and_n301_n302, F1, i)(n302,1,i)}
{(n716, F1, i) + (and_not_pi056_0_not_n301, F1, i)(not_n301,1,i)}
{(n716, F1, i) + (pi056->not_pi056_0, F0, i)}
{(n716, F1, i) + (not_pi056_0, F1, i)}
{(n716, F1, i) + (n301->and_n301_not_n328, F1, i)}
{(n716, F1, i) + (and_n301_not_n328, F1, i)(not_n328,1,i)}
{(and_not_n713_not_n715, F1, i) + (and_not_pi056_n308, F1, i)(n308,0,i)(not_pi056,0,i)}
{(and_not_n713_not_n715, F1, i) + (n301->and_n301_n302, F1, i)}
{(and_not_n713_not_n715, F1, i) + (and_n301_n302, F1, i)(n302,1,i)}
{(and_not_n713_not_n715, F1, i) + (and_not_pi056_0_not_n301, F1, i)(not_n301,1,i)}
{(and_not_n713_not_n715, F1, i) + (pi056->not_pi056_0, F0, i)}
{(and_not_n713_not_n715, F1, i) + (not_pi056_0, F1, i)}
{(and_not_n713_not_n715, F1, i) + (n301->and_n301_not_n328, F1, i)}
{(and_not_n713_not_n715, F1, i) + (and_n301_not_n328, F1, i)(not_n328,1,i)}
