{(and_not_n846_not_n848, F1, i)(not_n848,1,i) + (and_not_n620_not_n624, F1, i)(not_n624,1,i)}
{(and_not_n846_not_n848, F1, i)(not_n848,1,i) + (not_n620, F1, i)}
{(and_not_n846_not_n848, F1, i)(not_n848,1,i) + (n620, F0, i)}
{(and_not_n846_not_n848, F1, i)(not_n848,1,i) + (pi018->and_pi018_not_pi054_490, F0, i)}
{(and_not_n846_not_n848, F1, i)(not_n848,1,i) + (and_pi018_not_pi054_490, F0, i)}
{(and_not_n846_not_n848, F1, i)(not_n848,1,i) + (pi054->not_pi054_490, F1, i)}
{(and_not_n846_not_n848, F1, i)(not_n848,1,i) + (not_pi054_490, F0, i)}
{(not_n846, F1, i) + (and_not_n620_not_n624, F1, i)(not_n624,1,i)}
{(not_n846, F1, i) + (not_n620, F1, i)}
{(not_n846, F1, i) + (n620, F0, i)}
{(not_n846, F1, i) + (pi018->and_pi018_not_pi054_490, F0, i)}
{(not_n846, F1, i) + (and_pi018_not_pi054_490, F0, i)}
{(not_n846, F1, i) + (pi054->not_pi054_490, F1, i)}
{(not_n846, F1, i) + (not_pi054_490, F0, i)}
{(n846, F0, i) + (and_not_n620_not_n624, F1, i)(not_n624,1,i)}
{(n846, F0, i) + (not_n620, F1, i)}
{(n846, F0, i) + (n620, F0, i)}
{(n846, F0, i) + (pi018->and_pi018_not_pi054_490, F0, i)}
{(n846, F0, i) + (and_pi018_not_pi054_490, F0, i)}
{(n846, F0, i) + (pi054->not_pi054_490, F1, i)}
{(n846, F0, i) + (not_pi054_490, F0, i)}
{(and_not_pi027_9_not_n845, F0, i) + (and_not_n620_not_n624, F1, i)(not_n624,1,i)}
{(and_not_pi027_9_not_n845, F0, i) + (not_n620, F1, i)}
{(and_not_pi027_9_not_n845, F0, i) + (n620, F0, i)}
{(and_not_pi027_9_not_n845, F0, i) + (pi018->and_pi018_not_pi054_490, F0, i)}
{(and_not_pi027_9_not_n845, F0, i) + (and_pi018_not_pi054_490, F0, i)}
{(and_not_pi027_9_not_n845, F0, i) + (pi054->not_pi054_490, F1, i)}
{(and_not_pi027_9_not_n845, F0, i) + (not_pi054_490, F0, i)}
{(not_n845, F0, i) + (and_not_n620_not_n624, F1, i)(not_n624,1,i)}
{(not_n845, F0, i) + (not_n620, F1, i)}
{(not_n845, F0, i) + (n620, F0, i)}
{(not_n845, F0, i) + (pi018->and_pi018_not_pi054_490, F0, i)}
{(not_n845, F0, i) + (and_pi018_not_pi054_490, F0, i)}
{(not_n845, F0, i) + (pi054->not_pi054_490, F1, i)}
{(not_n845, F0, i) + (not_pi054_490, F0, i)}
{(pi027->not_pi027_9, F1, i) + (and_not_n620_not_n624, F1, i)(not_n624,1,i)}
{(pi027->not_pi027_9, F1, i) + (not_n620, F1, i)}
{(pi027->not_pi027_9, F1, i) + (n620, F0, i)}
{(pi027->not_pi027_9, F1, i) + (pi018->and_pi018_not_pi054_490, F0, i)}
{(pi027->not_pi027_9, F1, i) + (and_pi018_not_pi054_490, F0, i)}
{(pi027->not_pi027_9, F1, i) + (pi054->not_pi054_490, F1, i)}
{(pi027->not_pi027_9, F1, i) + (not_pi054_490, F0, i)}
{(not_pi027_9, F0, i) + (and_not_n620_not_n624, F1, i)(not_n624,1,i)}
{(not_pi027_9, F0, i) + (not_n620, F1, i)}
{(not_pi027_9, F0, i) + (n620, F0, i)}
{(not_pi027_9, F0, i) + (pi018->and_pi018_not_pi054_490, F0, i)}
{(not_pi027_9, F0, i) + (and_pi018_not_pi054_490, F0, i)}
{(not_pi027_9, F0, i) + (pi054->not_pi054_490, F1, i)}
{(not_pi027_9, F0, i) + (not_pi054_490, F0, i)}
{(n845, F1, i) + (and_not_n620_not_n624, F1, i)(not_n624,1,i)}
{(n845, F1, i) + (not_n620, F1, i)}
{(n845, F1, i) + (n620, F0, i)}
{(n845, F1, i) + (pi018->and_pi018_not_pi054_490, F0, i)}
{(n845, F1, i) + (and_pi018_not_pi054_490, F0, i)}
{(n845, F1, i) + (pi054->not_pi054_490, F1, i)}
{(n845, F1, i) + (not_pi054_490, F0, i)}
{(and_not_n842_not_n844, F1, i) + (and_not_n620_not_n624, F1, i)(not_n624,1,i)}
{(and_not_n842_not_n844, F1, i) + (not_n620, F1, i)}
{(and_not_n842_not_n844, F1, i) + (n620, F0, i)}
{(and_not_n842_not_n844, F1, i) + (pi018->and_pi018_not_pi054_490, F0, i)}
{(and_not_n842_not_n844, F1, i) + (and_pi018_not_pi054_490, F0, i)}
{(and_not_n842_not_n844, F1, i) + (pi054->not_pi054_490, F1, i)}
{(and_not_n842_not_n844, F1, i) + (not_pi054_490, F0, i)}
