{(and_not_n1489_not_n1490, F1, i)(not_n1489,1,i) + (n1423, F0, i)}
{(and_not_n1489_not_n1490, F1, i)(not_n1489,1,i) + (and_not_n1420_not_n1422, F0, i)}
{(and_not_n1489_not_n1490, F1, i)(not_n1489,1,i) + (not_n1422, F0, i)}
{(and_not_n1489_not_n1490, F1, i)(not_n1489,1,i) + (not_n1420, F0, i)}
{(and_not_n1489_not_n1490, F1, i)(not_n1489,1,i) + (n1422, F1, i)}
{(and_not_n1489_not_n1490, F1, i)(not_n1489,1,i) + (n1420, F1, i)}
{(and_not_n1489_not_n1490, F1, i)(not_n1489,1,i) + (and_n1246_not_n1421, F1, i)}
{(and_not_n1489_not_n1490, F1, i)(not_n1489,1,i) + (and_not_pi110_6_n1419, F1, i)}
{(not_n1490, F1, i) + (n1423, F0, i)}
{(not_n1490, F1, i) + (and_not_n1420_not_n1422, F0, i)}
{(not_n1490, F1, i) + (not_n1422, F0, i)}
{(not_n1490, F1, i) + (not_n1420, F0, i)}
{(not_n1490, F1, i) + (n1422, F1, i)}
{(not_n1490, F1, i) + (n1420, F1, i)}
{(not_n1490, F1, i) + (and_n1246_not_n1421, F1, i)}
{(not_n1490, F1, i) + (and_not_pi110_6_n1419, F1, i)}
{(n1490, F0, i) + (n1423, F0, i)}
{(n1490, F0, i) + (and_not_n1420_not_n1422, F0, i)}
{(n1490, F0, i) + (not_n1422, F0, i)}
{(n1490, F0, i) + (not_n1420, F0, i)}
{(n1490, F0, i) + (n1422, F1, i)}
{(n1490, F0, i) + (n1420, F1, i)}
{(n1490, F0, i) + (and_n1246_not_n1421, F1, i)}
{(n1490, F0, i) + (and_not_pi110_6_n1419, F1, i)}
{(and_not_pi074_not_pi136_9, F0, i) + (n1423, F0, i)}
{(and_not_pi074_not_pi136_9, F0, i) + (and_not_n1420_not_n1422, F0, i)}
{(and_not_pi074_not_pi136_9, F0, i) + (not_n1422, F0, i)}
{(and_not_pi074_not_pi136_9, F0, i) + (not_n1420, F0, i)}
{(and_not_pi074_not_pi136_9, F0, i) + (n1422, F1, i)}
{(and_not_pi074_not_pi136_9, F0, i) + (n1420, F1, i)}
{(and_not_pi074_not_pi136_9, F0, i) + (and_n1246_not_n1421, F1, i)}
{(and_not_pi074_not_pi136_9, F0, i) + (and_not_pi110_6_n1419, F1, i)}
{(pi136->not_pi136_9, F1, i) + (n1423, F0, i)}
{(pi136->not_pi136_9, F1, i) + (and_not_n1420_not_n1422, F0, i)}
{(pi136->not_pi136_9, F1, i) + (not_n1422, F0, i)}
{(pi136->not_pi136_9, F1, i) + (not_n1420, F0, i)}
{(pi136->not_pi136_9, F1, i) + (n1422, F1, i)}
{(pi136->not_pi136_9, F1, i) + (n1420, F1, i)}
{(pi136->not_pi136_9, F1, i) + (and_n1246_not_n1421, F1, i)}
{(pi136->not_pi136_9, F1, i) + (and_not_pi110_6_n1419, F1, i)}
{(not_pi136_9, F0, i) + (n1423, F0, i)}
{(not_pi136_9, F0, i) + (and_not_n1420_not_n1422, F0, i)}
{(not_pi136_9, F0, i) + (not_n1422, F0, i)}
{(not_pi136_9, F0, i) + (not_n1420, F0, i)}
{(not_pi136_9, F0, i) + (n1422, F1, i)}
{(not_pi136_9, F0, i) + (n1420, F1, i)}
{(not_pi136_9, F0, i) + (and_n1246_not_n1421, F1, i)}
{(not_pi136_9, F0, i) + (and_not_pi110_6_n1419, F1, i)}
{(pi074->not_pi074, F1, i) + (n1423, F0, i)}
{(pi074->not_pi074, F1, i) + (and_not_n1420_not_n1422, F0, i)}
{(pi074->not_pi074, F1, i) + (not_n1422, F0, i)}
{(pi074->not_pi074, F1, i) + (not_n1420, F0, i)}
{(pi074->not_pi074, F1, i) + (n1422, F1, i)}
{(pi074->not_pi074, F1, i) + (n1420, F1, i)}
{(pi074->not_pi074, F1, i) + (and_n1246_not_n1421, F1, i)}
{(pi074->not_pi074, F1, i) + (and_not_pi110_6_n1419, F1, i)}
{(not_pi074, F0, i) + (n1423, F0, i)}
{(not_pi074, F0, i) + (and_not_n1420_not_n1422, F0, i)}
{(not_pi074, F0, i) + (not_n1422, F0, i)}
{(not_pi074, F0, i) + (not_n1420, F0, i)}
{(not_pi074, F0, i) + (n1422, F1, i)}
{(not_pi074, F0, i) + (n1420, F1, i)}
{(not_pi074, F0, i) + (and_n1246_not_n1421, F1, i)}
{(not_pi074, F0, i) + (and_not_pi110_6_n1419, F1, i)}
