{(and_not_pi129_3788186922656647816827176259430_not_n1060, F1, i)(not_pi129_3788186922656647816827176259430,0,i) + (and_not_n764_not_n765, F1, i)(not_n765,1,i)}
{(and_not_pi129_3788186922656647816827176259430_not_n1060, F1, i)(not_pi129_3788186922656647816827176259430,0,i) + (not_n764, F1, i)}
{(and_not_pi129_3788186922656647816827176259430_not_n1060, F1, i)(not_pi129_3788186922656647816827176259430,0,i) + (n764, F0, i)}
{(and_not_pi129_3788186922656647816827176259430_not_n1060, F1, i)(not_pi129_3788186922656647816827176259430,0,i) + (and_not_pi096_0_n763, F0, i)}
{(and_not_pi129_3788186922656647816827176259430_not_n1060, F1, i)(not_pi129_3788186922656647816827176259430,0,i) + (n763, F0, i)}
{(and_not_pi129_3788186922656647816827176259430_not_n1060, F1, i)(not_pi129_3788186922656647816827176259430,0,i) + (pi096->not_pi096_0, F1, i)}
{(and_not_pi129_3788186922656647816827176259430_not_n1060, F1, i)(not_pi129_3788186922656647816827176259430,0,i) + (not_pi096_0, F0, i)}
{(and_not_pi129_3788186922656647816827176259430_not_n1060, F1, i)(not_pi129_3788186922656647816827176259430,0,i) + (n762->and_not_n728_0_n762, F0, i)}
{(and_not_pi129_3788186922656647816827176259430_not_n1060, F1, i)(not_pi129_3788186922656647816827176259430,0,i) + (and_not_n728_0_n762, F0, i)}
{(and_not_pi129_3788186922656647816827176259430_not_n1060, F1, i)(not_pi129_3788186922656647816827176259430,0,i) + (n728->not_n728_0, F1, i)}
{(and_not_pi129_3788186922656647816827176259430_not_n1060, F1, i)(not_pi129_3788186922656647816827176259430,0,i) + (not_n728_0, F0, i)}
{(pi129->not_pi129_3788186922656647816827176259430, F0, i) + (and_not_n764_not_n765, F1, i)(not_n765,1,i)}
{(pi129->not_pi129_3788186922656647816827176259430, F0, i) + (not_n764, F1, i)}
{(pi129->not_pi129_3788186922656647816827176259430, F0, i) + (n764, F0, i)}
{(pi129->not_pi129_3788186922656647816827176259430, F0, i) + (and_not_pi096_0_n763, F0, i)}
{(pi129->not_pi129_3788186922656647816827176259430, F0, i) + (n763, F0, i)}
{(pi129->not_pi129_3788186922656647816827176259430, F0, i) + (pi096->not_pi096_0, F1, i)}
{(pi129->not_pi129_3788186922656647816827176259430, F0, i) + (not_pi096_0, F0, i)}
{(pi129->not_pi129_3788186922656647816827176259430, F0, i) + (n762->and_not_n728_0_n762, F0, i)}
{(pi129->not_pi129_3788186922656647816827176259430, F0, i) + (and_not_n728_0_n762, F0, i)}
{(pi129->not_pi129_3788186922656647816827176259430, F0, i) + (n728->not_n728_0, F1, i)}
{(pi129->not_pi129_3788186922656647816827176259430, F0, i) + (not_n728_0, F0, i)}
{(not_pi129_3788186922656647816827176259430, F1, i) + (and_not_n764_not_n765, F1, i)(not_n765,1,i)}
{(not_pi129_3788186922656647816827176259430, F1, i) + (not_n764, F1, i)}
{(not_pi129_3788186922656647816827176259430, F1, i) + (n764, F0, i)}
{(not_pi129_3788186922656647816827176259430, F1, i) + (and_not_pi096_0_n763, F0, i)}
{(not_pi129_3788186922656647816827176259430, F1, i) + (n763, F0, i)}
{(not_pi129_3788186922656647816827176259430, F1, i) + (pi096->not_pi096_0, F1, i)}
{(not_pi129_3788186922656647816827176259430, F1, i) + (not_pi096_0, F0, i)}
{(not_pi129_3788186922656647816827176259430, F1, i) + (n762->and_not_n728_0_n762, F0, i)}
{(not_pi129_3788186922656647816827176259430, F1, i) + (and_not_n728_0_n762, F0, i)}
{(not_pi129_3788186922656647816827176259430, F1, i) + (n728->not_n728_0, F1, i)}
{(not_pi129_3788186922656647816827176259430, F1, i) + (not_n728_0, F0, i)}
