{(and_pi082_not_n1113, F1, i)(pi082,1,i) + (and_not_pi013_0_not_n317, F1, i)(not_pi013_0,0,i)}
{(and_pi082_not_n1113, F1, i)(pi082,1,i) + (pi013->not_pi013_0, F0, i)}
{(and_pi082_not_n1113, F1, i)(pi082,1,i) + (not_pi013_0, F1, i)}
{(not_n1113, F1, i) + (and_not_pi013_0_not_n317, F1, i)(not_pi013_0,0,i)}
{(not_n1113, F1, i) + (pi013->not_pi013_0, F0, i)}
{(not_n1113, F1, i) + (not_pi013_0, F1, i)}
{(n1113, F0, i) + (and_not_pi013_0_not_n317, F1, i)(not_pi013_0,0,i)}
{(n1113, F0, i) + (pi013->not_pi013_0, F0, i)}
{(n1113, F0, i) + (not_pi013_0, F1, i)}
{(and_not_n1108_not_n1112, F0, i) + (and_not_pi013_0_not_n317, F1, i)(not_pi013_0,0,i)}
{(and_not_n1108_not_n1112, F0, i) + (pi013->not_pi013_0, F0, i)}
{(and_not_n1108_not_n1112, F0, i) + (not_pi013_0, F1, i)}
{(not_n1108, F0, i) + (and_not_pi013_0_not_n317, F1, i)(not_pi013_0,0,i)}
{(not_n1108, F0, i) + (pi013->not_pi013_0, F0, i)}
{(not_n1108, F0, i) + (not_pi013_0, F1, i)}
{(not_n1112, F0, i) + (and_not_pi013_0_not_n317, F1, i)(not_pi013_0,0,i)}
{(not_n1112, F0, i) + (pi013->not_pi013_0, F0, i)}
{(not_n1112, F0, i) + (not_pi013_0, F1, i)}
{(n1108, F1, i) + (and_not_pi013_0_not_n317, F1, i)(not_pi013_0,0,i)}
{(n1108, F1, i) + (pi013->not_pi013_0, F0, i)}
{(n1108, F1, i) + (not_pi013_0, F1, i)}
{(n1112, F1, i) + (and_not_pi013_0_not_n317, F1, i)(not_pi013_0,0,i)}
{(n1112, F1, i) + (pi013->not_pi013_0, F0, i)}
{(n1112, F1, i) + (not_pi013_0, F1, i)}
{(and_pi049_not_n1107, F1, i) + (and_not_pi013_0_not_n317, F1, i)(not_pi013_0,0,i)}
{(and_pi049_not_n1107, F1, i) + (pi013->not_pi013_0, F0, i)}
{(and_pi049_not_n1107, F1, i) + (not_pi013_0, F1, i)}
{(and_n380_n1111, F1, i) + (and_not_pi013_0_not_n317, F1, i)(not_pi013_0,0,i)}
{(and_n380_n1111, F1, i) + (pi013->not_pi013_0, F0, i)}
{(and_n380_n1111, F1, i) + (not_pi013_0, F1, i)}
