{(and_not_n1420_not_n1422, F1, i)(not_n1420,0,i) + (and_not_pi007_4_n332, F1, i)(not_pi007_4,0,i)}
{(and_not_n1420_not_n1422, F1, i)(not_n1420,0,i) + (pi007->not_pi007_4, F0, i)}
{(and_not_n1420_not_n1422, F1, i)(not_n1420,0,i) + (not_pi007_4, F1, i)}
{(not_n1420, F1, i) + (and_not_pi007_4_n332, F1, i)(not_pi007_4,0,i)}
{(not_n1420, F1, i) + (pi007->not_pi007_4, F0, i)}
{(not_n1420, F1, i) + (not_pi007_4, F1, i)}
{(n1420, F0, i) + (and_not_pi007_4_n332, F1, i)(not_pi007_4,0,i)}
{(n1420, F0, i) + (pi007->not_pi007_4, F0, i)}
{(n1420, F0, i) + (not_pi007_4, F1, i)}
{(and_not_pi110_6_n1419, F0, i) + (and_not_pi007_4_n332, F1, i)(not_pi007_4,0,i)}
{(and_not_pi110_6_n1419, F0, i) + (pi007->not_pi007_4, F0, i)}
{(and_not_pi110_6_n1419, F0, i) + (not_pi007_4, F1, i)}
{(n1419, F0, i) + (and_not_pi007_4_n332, F1, i)(not_pi007_4,0,i)}
{(n1419, F0, i) + (pi007->not_pi007_4, F0, i)}
{(n1419, F0, i) + (not_pi007_4, F1, i)}
{(pi110->not_pi110_6, F1, i) + (and_not_pi007_4_n332, F1, i)(not_pi007_4,0,i)}
{(pi110->not_pi110_6, F1, i) + (pi007->not_pi007_4, F0, i)}
{(pi110->not_pi110_6, F1, i) + (not_pi007_4, F1, i)}
{(not_pi110_6, F0, i) + (and_not_pi007_4_n332, F1, i)(not_pi007_4,0,i)}
{(not_pi110_6, F0, i) + (pi007->not_pi007_4, F0, i)}
{(not_pi110_6, F0, i) + (not_pi007_4, F1, i)}
{(and_not_pi003_2326305139872070_not_n1246, F0, i) + (and_not_pi007_4_n332, F1, i)(not_pi007_4,0,i)}
{(and_not_pi003_2326305139872070_not_n1246, F0, i) + (pi007->not_pi007_4, F0, i)}
{(and_not_pi003_2326305139872070_not_n1246, F0, i) + (not_pi007_4, F1, i)}
{(pi003->not_pi003_2326305139872070, F1, i) + (and_not_pi007_4_n332, F1, i)(not_pi007_4,0,i)}
{(pi003->not_pi003_2326305139872070, F1, i) + (pi007->not_pi007_4, F0, i)}
{(pi003->not_pi003_2326305139872070, F1, i) + (not_pi007_4, F1, i)}
{(not_pi003_2326305139872070, F0, i) + (and_not_pi007_4_n332, F1, i)(not_pi007_4,0,i)}
{(not_pi003_2326305139872070, F0, i) + (pi007->not_pi007_4, F0, i)}
{(not_pi003_2326305139872070, F0, i) + (not_pi007_4, F1, i)}
{(n1246->not_n1246, F1, i) + (and_not_pi007_4_n332, F1, i)(not_pi007_4,0,i)}
{(n1246->not_n1246, F1, i) + (pi007->not_pi007_4, F0, i)}
{(n1246->not_n1246, F1, i) + (not_pi007_4, F1, i)}
{(not_n1246, F0, i) + (and_not_pi007_4_n332, F1, i)(not_pi007_4,0,i)}
{(not_n1246, F0, i) + (pi007->not_pi007_4, F0, i)}
{(not_n1246, F0, i) + (not_pi007_4, F1, i)}
