{(and_not_pi129_657123623635342801395430_not_n936, F1, i)(not_pi129_657123623635342801395430,0,i) + (and_pi027_not_n739, F1, i)(pi027,1,i)}
{(and_not_pi129_657123623635342801395430_not_n936, F1, i)(not_pi129_657123623635342801395430,0,i) + (not_n739, F1, i)}
{(and_not_pi129_657123623635342801395430_not_n936, F1, i)(not_pi129_657123623635342801395430,0,i) + (n739, F0, i)}
{(and_not_pi129_657123623635342801395430_not_n936, F1, i)(not_pi129_657123623635342801395430,0,i) + (and_not_n718_not_n738, F0, i)}
{(and_not_pi129_657123623635342801395430_not_n936, F1, i)(not_pi129_657123623635342801395430,0,i) + (n738->not_n738, F1, i)}
{(and_not_pi129_657123623635342801395430_not_n936, F1, i)(not_pi129_657123623635342801395430,0,i) + (not_n738, F0, i)}
{(and_not_pi129_657123623635342801395430_not_n936, F1, i)(not_pi129_657123623635342801395430,0,i) + (n718->not_n718, F1, i)}
{(and_not_pi129_657123623635342801395430_not_n936, F1, i)(not_pi129_657123623635342801395430,0,i) + (not_n718, F0, i)}
{(pi129->not_pi129_657123623635342801395430, F0, i) + (and_pi027_not_n739, F1, i)(pi027,1,i)}
{(pi129->not_pi129_657123623635342801395430, F0, i) + (not_n739, F1, i)}
{(pi129->not_pi129_657123623635342801395430, F0, i) + (n739, F0, i)}
{(pi129->not_pi129_657123623635342801395430, F0, i) + (and_not_n718_not_n738, F0, i)}
{(pi129->not_pi129_657123623635342801395430, F0, i) + (n738->not_n738, F1, i)}
{(pi129->not_pi129_657123623635342801395430, F0, i) + (not_n738, F0, i)}
{(pi129->not_pi129_657123623635342801395430, F0, i) + (n718->not_n718, F1, i)}
{(pi129->not_pi129_657123623635342801395430, F0, i) + (not_n718, F0, i)}
{(not_pi129_657123623635342801395430, F1, i) + (and_pi027_not_n739, F1, i)(pi027,1,i)}
{(not_pi129_657123623635342801395430, F1, i) + (not_n739, F1, i)}
{(not_pi129_657123623635342801395430, F1, i) + (n739, F0, i)}
{(not_pi129_657123623635342801395430, F1, i) + (and_not_n718_not_n738, F0, i)}
{(not_pi129_657123623635342801395430, F1, i) + (n738->not_n738, F1, i)}
{(not_pi129_657123623635342801395430, F1, i) + (not_n738, F0, i)}
{(not_pi129_657123623635342801395430, F1, i) + (n718->not_n718, F1, i)}
{(not_pi129_657123623635342801395430, F1, i) + (not_n718, F0, i)}
