{(and_not_pi005_not_pi022, F1, i)(not_pi005,0,i) + (and_not_pi013_3_not_n364, F1, i)(not_pi013_3,1,i)}
{(and_not_pi005_not_pi022, F1, i)(not_pi005,0,i) + (not_n364, F1, i)}
{(and_not_pi005_not_pi022, F1, i)(not_pi005,0,i) + (n364, F0, i)}
{(and_not_pi005_not_pi022, F1, i)(not_pi005,0,i) + (and_not_n362_not_n363, F0, i)}
{(and_not_pi005_not_pi022, F1, i)(not_pi005,0,i) + (not_n363, F0, i)}
{(and_not_pi005_not_pi022, F1, i)(not_pi005,0,i) + (not_n362, F0, i)}
{(and_not_pi005_not_pi022, F1, i)(not_pi005,0,i) + (n363, F1, i)}
{(and_not_pi005_not_pi022, F1, i)(not_pi005,0,i) + (n362, F1, i)}
{(and_not_pi005_not_pi022, F1, i)(not_pi005,0,i) + (and_pi007_n357, F1, i)}
{(and_not_pi005_not_pi022, F1, i)(not_pi005,0,i) + (and_n359_n361, F1, i)}
{(pi005->not_pi005, F0, i) + (and_not_pi013_3_not_n364, F1, i)(not_pi013_3,1,i)}
{(pi005->not_pi005, F0, i) + (not_n364, F1, i)}
{(pi005->not_pi005, F0, i) + (n364, F0, i)}
{(pi005->not_pi005, F0, i) + (and_not_n362_not_n363, F0, i)}
{(pi005->not_pi005, F0, i) + (not_n363, F0, i)}
{(pi005->not_pi005, F0, i) + (not_n362, F0, i)}
{(pi005->not_pi005, F0, i) + (n363, F1, i)}
{(pi005->not_pi005, F0, i) + (n362, F1, i)}
{(pi005->not_pi005, F0, i) + (and_pi007_n357, F1, i)}
{(pi005->not_pi005, F0, i) + (and_n359_n361, F1, i)}
{(not_pi005, F1, i) + (and_not_pi013_3_not_n364, F1, i)(not_pi013_3,1,i)}
{(not_pi005, F1, i) + (not_n364, F1, i)}
{(not_pi005, F1, i) + (n364, F0, i)}
{(not_pi005, F1, i) + (and_not_n362_not_n363, F0, i)}
{(not_pi005, F1, i) + (not_n363, F0, i)}
{(not_pi005, F1, i) + (not_n362, F0, i)}
{(not_pi005, F1, i) + (n363, F1, i)}
{(not_pi005, F1, i) + (n362, F1, i)}
{(not_pi005, F1, i) + (and_pi007_n357, F1, i)}
{(not_pi005, F1, i) + (and_n359_n361, F1, i)}
