{(n737, F0, i) + (and_not_n1010_n1014, F1, i)(not_n1010,0,i)}
{(n737, F0, i) + (not_n1010, F1, i)}
{(n737, F0, i) + (n1010, F0, i)}
{(n737, F0, i) + (pi077->and_pi077_n1009, F0, i)}
{(n737, F0, i) + (and_pi077_n1009, F0, i)}
{(n737, F0, i) + (n1009, F0, i)}
{(n737, F0, i) + (and_not_n379_7_not_n1008, F0, i)}
{(n737, F0, i) + (n379->not_n379_7, F1, i)}
{(n737, F0, i) + (not_n379_7, F0, i)}
{(n737, F0, i) + (not_n1008, F0, i)}
{(n737, F0, i) + (n1008, F1, i)}
{(n737, F0, i) + (and_pi082_not_n1007, F1, i)}
{(n736->and_not_pi051_0_n736, F0, i) + (and_not_n1010_n1014, F1, i)(not_n1010,0,i)}
{(n736->and_not_pi051_0_n736, F0, i) + (not_n1010, F1, i)}
{(n736->and_not_pi051_0_n736, F0, i) + (n1010, F0, i)}
{(n736->and_not_pi051_0_n736, F0, i) + (pi077->and_pi077_n1009, F0, i)}
{(n736->and_not_pi051_0_n736, F0, i) + (and_pi077_n1009, F0, i)}
{(n736->and_not_pi051_0_n736, F0, i) + (n1009, F0, i)}
{(n736->and_not_pi051_0_n736, F0, i) + (and_not_n379_7_not_n1008, F0, i)}
{(n736->and_not_pi051_0_n736, F0, i) + (n379->not_n379_7, F1, i)}
{(n736->and_not_pi051_0_n736, F0, i) + (not_n379_7, F0, i)}
{(n736->and_not_pi051_0_n736, F0, i) + (not_n1008, F0, i)}
{(n736->and_not_pi051_0_n736, F0, i) + (n1008, F1, i)}
{(n736->and_not_pi051_0_n736, F0, i) + (and_pi082_not_n1007, F1, i)}
{(and_not_pi051_0_n736, F0, i) + (and_not_n1010_n1014, F1, i)(not_n1010,0,i)}
{(and_not_pi051_0_n736, F0, i) + (not_n1010, F1, i)}
{(and_not_pi051_0_n736, F0, i) + (n1010, F0, i)}
{(and_not_pi051_0_n736, F0, i) + (pi077->and_pi077_n1009, F0, i)}
{(and_not_pi051_0_n736, F0, i) + (and_pi077_n1009, F0, i)}
{(and_not_pi051_0_n736, F0, i) + (n1009, F0, i)}
{(and_not_pi051_0_n736, F0, i) + (and_not_n379_7_not_n1008, F0, i)}
{(and_not_pi051_0_n736, F0, i) + (n379->not_n379_7, F1, i)}
{(and_not_pi051_0_n736, F0, i) + (not_n379_7, F0, i)}
{(and_not_pi051_0_n736, F0, i) + (not_n1008, F0, i)}
{(and_not_pi051_0_n736, F0, i) + (n1008, F1, i)}
{(and_not_pi051_0_n736, F0, i) + (and_pi082_not_n1007, F1, i)}
{(pi051->not_pi051_0, F1, i) + (and_not_n1010_n1014, F1, i)(not_n1010,0,i)}
{(pi051->not_pi051_0, F1, i) + (not_n1010, F1, i)}
{(pi051->not_pi051_0, F1, i) + (n1010, F0, i)}
{(pi051->not_pi051_0, F1, i) + (pi077->and_pi077_n1009, F0, i)}
{(pi051->not_pi051_0, F1, i) + (and_pi077_n1009, F0, i)}
{(pi051->not_pi051_0, F1, i) + (n1009, F0, i)}
{(pi051->not_pi051_0, F1, i) + (and_not_n379_7_not_n1008, F0, i)}
{(pi051->not_pi051_0, F1, i) + (n379->not_n379_7, F1, i)}
{(pi051->not_pi051_0, F1, i) + (not_n379_7, F0, i)}
{(pi051->not_pi051_0, F1, i) + (not_n1008, F0, i)}
{(pi051->not_pi051_0, F1, i) + (n1008, F1, i)}
{(pi051->not_pi051_0, F1, i) + (and_pi082_not_n1007, F1, i)}
{(not_pi051_0, F0, i) + (and_not_n1010_n1014, F1, i)(not_n1010,0,i)}
{(not_pi051_0, F0, i) + (not_n1010, F1, i)}
{(not_pi051_0, F0, i) + (n1010, F0, i)}
{(not_pi051_0, F0, i) + (pi077->and_pi077_n1009, F0, i)}
{(not_pi051_0, F0, i) + (and_pi077_n1009, F0, i)}
{(not_pi051_0, F0, i) + (n1009, F0, i)}
{(not_pi051_0, F0, i) + (and_not_n379_7_not_n1008, F0, i)}
{(not_pi051_0, F0, i) + (n379->not_n379_7, F1, i)}
{(not_pi051_0, F0, i) + (not_n379_7, F0, i)}
{(not_pi051_0, F0, i) + (not_n1008, F0, i)}
{(not_pi051_0, F0, i) + (n1008, F1, i)}
{(not_pi051_0, F0, i) + (and_pi082_not_n1007, F1, i)}
