{(and_not_pi129_10045252112690790399992215344966975021805416861747224664747430_not_n1571, F1, i)(not_n1571,1,i) + (and_not_n1452_not_n1453, F1, i)(not_n1453,1,i)}
{(and_not_pi129_10045252112690790399992215344966975021805416861747224664747430_not_n1571, F1, i)(not_n1571,1,i) + (not_n1452, F1, i)}
{(and_not_pi129_10045252112690790399992215344966975021805416861747224664747430_not_n1571, F1, i)(not_n1571,1,i) + (n1452, F0, i)}
{(and_not_pi129_10045252112690790399992215344966975021805416861747224664747430_not_n1571, F1, i)(not_n1571,1,i) + (and_not_pi065_0_not_pi138_6, F0, i)}
{(and_not_pi129_10045252112690790399992215344966975021805416861747224664747430_not_n1571, F1, i)(not_n1571,1,i) + (pi138->not_pi138_6, F1, i)}
{(and_not_pi129_10045252112690790399992215344966975021805416861747224664747430_not_n1571, F1, i)(not_n1571,1,i) + (not_pi138_6, F0, i)}
{(and_not_pi129_10045252112690790399992215344966975021805416861747224664747430_not_n1571, F1, i)(not_n1571,1,i) + (pi065->not_pi065_0, F1, i)}
{(and_not_pi129_10045252112690790399992215344966975021805416861747224664747430_not_n1571, F1, i)(not_n1571,1,i) + (not_pi065_0, F0, i)}
{(pi129->not_pi129_10045252112690790399992215344966975021805416861747224664747430, F0, i) + (and_not_n1452_not_n1453, F1, i)(not_n1453,1,i)}
{(pi129->not_pi129_10045252112690790399992215344966975021805416861747224664747430, F0, i) + (not_n1452, F1, i)}
{(pi129->not_pi129_10045252112690790399992215344966975021805416861747224664747430, F0, i) + (n1452, F0, i)}
{(pi129->not_pi129_10045252112690790399992215344966975021805416861747224664747430, F0, i) + (and_not_pi065_0_not_pi138_6, F0, i)}
{(pi129->not_pi129_10045252112690790399992215344966975021805416861747224664747430, F0, i) + (pi138->not_pi138_6, F1, i)}
{(pi129->not_pi129_10045252112690790399992215344966975021805416861747224664747430, F0, i) + (not_pi138_6, F0, i)}
{(pi129->not_pi129_10045252112690790399992215344966975021805416861747224664747430, F0, i) + (pi065->not_pi065_0, F1, i)}
{(pi129->not_pi129_10045252112690790399992215344966975021805416861747224664747430, F0, i) + (not_pi065_0, F0, i)}
{(not_pi129_10045252112690790399992215344966975021805416861747224664747430, F1, i) + (and_not_n1452_not_n1453, F1, i)(not_n1453,1,i)}
{(not_pi129_10045252112690790399992215344966975021805416861747224664747430, F1, i) + (not_n1452, F1, i)}
{(not_pi129_10045252112690790399992215344966975021805416861747224664747430, F1, i) + (n1452, F0, i)}
{(not_pi129_10045252112690790399992215344966975021805416861747224664747430, F1, i) + (and_not_pi065_0_not_pi138_6, F0, i)}
{(not_pi129_10045252112690790399992215344966975021805416861747224664747430, F1, i) + (pi138->not_pi138_6, F1, i)}
{(not_pi129_10045252112690790399992215344966975021805416861747224664747430, F1, i) + (not_pi138_6, F0, i)}
{(not_pi129_10045252112690790399992215344966975021805416861747224664747430, F1, i) + (pi065->not_pi065_0, F1, i)}
{(not_pi129_10045252112690790399992215344966975021805416861747224664747430, F1, i) + (not_pi065_0, F0, i)}
