{(n388, F0, i) + (and_not_n1174_not_n1176, F1, i)(not_n1176,0,i)}
{(n388, F0, i) + (not_n1176, F1, i)}
{(n388, F0, i) + (n1176, F0, i)}
{(n388, F0, i) + (n1175->and_not_pi058_7_n1175, F0, i)}
{(n388, F0, i) + (and_not_pi058_7_n1175, F0, i)}
{(n388, F0, i) + (pi058->not_pi058_7, F1, i)}
{(n388, F0, i) + (not_pi058_7, F0, i)}
{(and_not_pi038_not_pi050, F0, i) + (and_not_n1174_not_n1176, F1, i)(not_n1176,0,i)}
{(and_not_pi038_not_pi050, F0, i) + (not_n1176, F1, i)}
{(and_not_pi038_not_pi050, F0, i) + (n1176, F0, i)}
{(and_not_pi038_not_pi050, F0, i) + (n1175->and_not_pi058_7_n1175, F0, i)}
{(and_not_pi038_not_pi050, F0, i) + (and_not_pi058_7_n1175, F0, i)}
{(and_not_pi038_not_pi050, F0, i) + (pi058->not_pi058_7, F1, i)}
{(and_not_pi038_not_pi050, F0, i) + (not_pi058_7, F0, i)}
{(pi038->not_pi038, F1, i) + (and_not_n1174_not_n1176, F1, i)(not_n1176,0,i)}
{(pi038->not_pi038, F1, i) + (not_n1176, F1, i)}
{(pi038->not_pi038, F1, i) + (n1176, F0, i)}
{(pi038->not_pi038, F1, i) + (n1175->and_not_pi058_7_n1175, F0, i)}
{(pi038->not_pi038, F1, i) + (and_not_pi058_7_n1175, F0, i)}
{(pi038->not_pi038, F1, i) + (pi058->not_pi058_7, F1, i)}
{(pi038->not_pi038, F1, i) + (not_pi058_7, F0, i)}
{(not_pi038, F0, i) + (and_not_n1174_not_n1176, F1, i)(not_n1176,0,i)}
{(not_pi038, F0, i) + (not_n1176, F1, i)}
{(not_pi038, F0, i) + (n1176, F0, i)}
{(not_pi038, F0, i) + (n1175->and_not_pi058_7_n1175, F0, i)}
{(not_pi038, F0, i) + (and_not_pi058_7_n1175, F0, i)}
{(not_pi038, F0, i) + (pi058->not_pi058_7, F1, i)}
{(not_pi038, F0, i) + (not_pi058_7, F0, i)}
{(pi050->not_pi050, F1, i) + (and_not_n1174_not_n1176, F1, i)(not_n1176,0,i)}
{(pi050->not_pi050, F1, i) + (not_n1176, F1, i)}
{(pi050->not_pi050, F1, i) + (n1176, F0, i)}
{(pi050->not_pi050, F1, i) + (n1175->and_not_pi058_7_n1175, F0, i)}
{(pi050->not_pi050, F1, i) + (and_not_pi058_7_n1175, F0, i)}
{(pi050->not_pi050, F1, i) + (pi058->not_pi058_7, F1, i)}
{(pi050->not_pi050, F1, i) + (not_pi058_7, F0, i)}
{(not_pi050, F0, i) + (and_not_n1174_not_n1176, F1, i)(not_n1176,0,i)}
{(not_pi050, F0, i) + (not_n1176, F1, i)}
{(not_pi050, F0, i) + (n1176, F0, i)}
{(not_pi050, F0, i) + (n1175->and_not_pi058_7_n1175, F0, i)}
{(not_pi050, F0, i) + (and_not_pi058_7_n1175, F0, i)}
{(not_pi050, F0, i) + (pi058->not_pi058_7, F1, i)}
{(not_pi050, F0, i) + (not_pi058_7, F0, i)}
