{(and_pi085_not_n812, F1, i)(pi085,1,i) + (and_not_pi041_0_n405, F1, i)(n405,1,i)}
{(and_pi085_not_n812, F1, i)(pi085,1,i) + (pi041->not_pi041_0, F0, i)}
{(and_pi085_not_n812, F1, i)(pi085,1,i) + (not_pi041_0, F1, i)}
{(not_n812, F1, i) + (and_not_pi041_0_n405, F1, i)(n405,1,i)}
{(not_n812, F1, i) + (pi041->not_pi041_0, F0, i)}
{(not_n812, F1, i) + (not_pi041_0, F1, i)}
{(n812, F0, i) + (and_not_pi041_0_n405, F1, i)(n405,1,i)}
{(n812, F0, i) + (pi041->not_pi041_0, F0, i)}
{(n812, F0, i) + (not_pi041_0, F1, i)}
{(and_not_n810_not_n811, F0, i) + (and_not_pi041_0_n405, F1, i)(n405,1,i)}
{(and_not_n810_not_n811, F0, i) + (pi041->not_pi041_0, F0, i)}
{(and_not_n810_not_n811, F0, i) + (not_pi041_0, F1, i)}
{(not_n811, F0, i) + (and_not_pi041_0_n405, F1, i)(n405,1,i)}
{(not_n811, F0, i) + (pi041->not_pi041_0, F0, i)}
{(not_n811, F0, i) + (not_pi041_0, F1, i)}
{(not_n810, F0, i) + (and_not_pi041_0_n405, F1, i)(n405,1,i)}
{(not_n810, F0, i) + (pi041->not_pi041_0, F0, i)}
{(not_n810, F0, i) + (not_pi041_0, F1, i)}
{(n811, F1, i) + (and_not_pi041_0_n405, F1, i)(n405,1,i)}
{(n811, F1, i) + (pi041->not_pi041_0, F0, i)}
{(n811, F1, i) + (not_pi041_0, F1, i)}
{(n810, F1, i) + (and_not_pi041_0_n405, F1, i)(n405,1,i)}
{(n810, F1, i) + (pi041->not_pi041_0, F0, i)}
{(n810, F1, i) + (not_pi041_0, F1, i)}
{(and_not_pi100_2_pi116, F1, i) + (and_not_pi041_0_n405, F1, i)(n405,1,i)}
{(and_not_pi100_2_pi116, F1, i) + (pi041->not_pi041_0, F0, i)}
{(and_not_pi100_2_pi116, F1, i) + (not_pi041_0, F1, i)}
{(and_pi028_not_pi116_3, F1, i) + (and_not_pi041_0_n405, F1, i)(n405,1,i)}
{(and_pi028_not_pi116_3, F1, i) + (pi041->not_pi041_0, F0, i)}
{(and_pi028_not_pi116_3, F1, i) + (not_pi041_0, F1, i)}
