{(and_not_pi096_n714, F1, i)(n714,0,i) + (and_not_n435_not_n436, F1, i)(not_n436,0,i)}
{(and_not_pi096_n714, F1, i)(n714,0,i) + (not_n436, F1, i)}
{(and_not_pi096_n714, F1, i)(n714,0,i) + (n436, F0, i)}
{(and_not_pi096_n714, F1, i)(n714,0,i) + (pi004->and_pi004_not_pi054, F0, i)}
{(and_not_pi096_n714, F1, i)(n714,0,i) + (and_pi004_not_pi054, F0, i)}
{(and_not_pi096_n714, F1, i)(n714,0,i) + (pi054->not_pi054, F1, i)}
{(and_not_pi096_n714, F1, i)(n714,0,i) + (not_pi054, F0, i)}
{(n714, F1, i) + (and_not_n435_not_n436, F1, i)(not_n436,0,i)}
{(n714, F1, i) + (not_n436, F1, i)}
{(n714, F1, i) + (n436, F0, i)}
{(n714, F1, i) + (pi004->and_pi004_not_pi054, F0, i)}
{(n714, F1, i) + (and_pi004_not_pi054, F0, i)}
{(n714, F1, i) + (pi054->not_pi054, F1, i)}
{(n714, F1, i) + (not_pi054, F0, i)}
{(and_not_pi085_not_pi110, F1, i) + (and_not_n435_not_n436, F1, i)(not_n436,0,i)}
{(and_not_pi085_not_pi110, F1, i) + (not_n436, F1, i)}
{(and_not_pi085_not_pi110, F1, i) + (n436, F0, i)}
{(and_not_pi085_not_pi110, F1, i) + (pi004->and_pi004_not_pi054, F0, i)}
{(and_not_pi085_not_pi110, F1, i) + (and_pi004_not_pi054, F0, i)}
{(and_not_pi085_not_pi110, F1, i) + (pi054->not_pi054, F1, i)}
{(and_not_pi085_not_pi110, F1, i) + (not_pi054, F0, i)}
