{(and_n1246_not_n1603, F1, i)(n1246,1,i) + (n819, F1, i)}
{(and_n1246_not_n1603, F1, i)(n1246,1,i) + (and_not_pi116_4_n818, F1, i)}
{(not_n1603, F1, i) + (n819, F1, i)}
{(not_n1603, F1, i) + (and_not_pi116_4_n818, F1, i)}
{(n1603, F0, i) + (n819, F1, i)}
{(n1603, F0, i) + (and_not_pi116_4_n818, F1, i)}
{(and_not_n1601_not_n1602, F0, i) + (n819, F1, i)}
{(and_not_n1601_not_n1602, F0, i) + (and_not_pi116_4_n818, F1, i)}
{(not_n1601, F0, i) + (n819, F1, i)}
{(not_n1601, F0, i) + (and_not_pi116_4_n818, F1, i)}
{(not_n1602, F0, i) + (n819, F1, i)}
{(not_n1602, F0, i) + (and_not_pi116_4_n818, F1, i)}
{(n1601, F1, i) + (n819, F1, i)}
{(n1601, F1, i) + (and_not_pi116_4_n818, F1, i)}
{(n1602, F1, i) + (n819, F1, i)}
{(n1602, F1, i) + (and_not_pi116_4_n818, F1, i)}
{(and_n1583_n1600, F1, i) + (n819, F1, i)}
{(and_n1583_n1600, F1, i) + (and_not_pi116_4_n818, F1, i)}
{(and_not_pi115_0_not_n1421_2, F1, i) + (n819, F1, i)}
{(and_not_pi115_0_not_n1421_2, F1, i) + (and_not_pi116_4_n818, F1, i)}
