{(and_not_n1387_not_n1388, F1, i)(not_n1387,0,i) + (and_not_pi096_n714, F1, i)(n714,1,i)}
{(and_not_n1387_not_n1388, F1, i)(not_n1387,0,i) + (pi096->not_pi096, F0, i)}
{(and_not_n1387_not_n1388, F1, i)(not_n1387,0,i) + (not_pi096, F1, i)}
{(not_n1387, F1, i) + (and_not_pi096_n714, F1, i)(n714,1,i)}
{(not_n1387, F1, i) + (pi096->not_pi096, F0, i)}
{(not_n1387, F1, i) + (not_pi096, F1, i)}
{(n1387, F0, i) + (and_not_pi096_n714, F1, i)(n714,1,i)}
{(n1387, F0, i) + (pi096->not_pi096, F0, i)}
{(n1387, F0, i) + (not_pi096, F1, i)}
{(pi088->and_pi088_not_n1386, F0, i) + (and_not_pi096_n714, F1, i)(n714,1,i)}
{(pi088->and_pi088_not_n1386, F0, i) + (pi096->not_pi096, F0, i)}
{(pi088->and_pi088_not_n1386, F0, i) + (not_pi096, F1, i)}
{(and_pi088_not_n1386, F0, i) + (and_not_pi096_n714, F1, i)(n714,1,i)}
{(and_pi088_not_n1386, F0, i) + (pi096->not_pi096, F0, i)}
{(and_pi088_not_n1386, F0, i) + (not_pi096, F1, i)}
{(n1386->not_n1386, F1, i) + (and_not_pi096_n714, F1, i)(n714,1,i)}
{(n1386->not_n1386, F1, i) + (pi096->not_pi096, F0, i)}
{(n1386->not_n1386, F1, i) + (not_pi096, F1, i)}
{(not_n1386, F0, i) + (and_not_pi096_n714, F1, i)(n714,1,i)}
{(not_n1386, F0, i) + (pi096->not_pi096, F0, i)}
{(not_n1386, F0, i) + (not_pi096, F1, i)}
