{(and_not_n1195_not_n1197, F1, i)(not_n1195,1,i) + (and_not_pi013_0_not_n317, F1, i)(not_pi013_0,1,i)}
{(and_not_n1195_not_n1197, F1, i)(not_n1195,1,i) + (not_n317, F1, i)}
{(and_not_n1195_not_n1197, F1, i)(not_n1195,1,i) + (n317, F0, i)}
{(and_not_n1195_not_n1197, F1, i)(not_n1195,1,i) + (pi008->and_pi008_pi021, F0, i)}
{(and_not_n1195_not_n1197, F1, i)(not_n1195,1,i) + (pi021->and_pi008_pi021, F0, i)}
{(and_not_n1195_not_n1197, F1, i)(not_n1195,1,i) + (and_pi008_pi021, F0, i)}
{(not_n1197, F1, i) + (and_not_pi013_0_not_n317, F1, i)(not_pi013_0,1,i)}
{(not_n1197, F1, i) + (not_n317, F1, i)}
{(not_n1197, F1, i) + (n317, F0, i)}
{(not_n1197, F1, i) + (pi008->and_pi008_pi021, F0, i)}
{(not_n1197, F1, i) + (pi021->and_pi008_pi021, F0, i)}
{(not_n1197, F1, i) + (and_pi008_pi021, F0, i)}
{(n1197, F0, i) + (and_not_pi013_0_not_n317, F1, i)(not_pi013_0,1,i)}
{(n1197, F0, i) + (not_n317, F1, i)}
{(n1197, F0, i) + (n317, F0, i)}
{(n1197, F0, i) + (pi008->and_pi008_pi021, F0, i)}
{(n1197, F0, i) + (pi021->and_pi008_pi021, F0, i)}
{(n1197, F0, i) + (and_pi008_pi021, F0, i)}
{(n1192->and_n1192_n1196, F0, i) + (and_not_pi013_0_not_n317, F1, i)(not_pi013_0,1,i)}
{(n1192->and_n1192_n1196, F0, i) + (not_n317, F1, i)}
{(n1192->and_n1192_n1196, F0, i) + (n317, F0, i)}
{(n1192->and_n1192_n1196, F0, i) + (pi008->and_pi008_pi021, F0, i)}
{(n1192->and_n1192_n1196, F0, i) + (pi021->and_pi008_pi021, F0, i)}
{(n1192->and_n1192_n1196, F0, i) + (and_pi008_pi021, F0, i)}
{(and_n1192_n1196, F0, i) + (and_not_pi013_0_not_n317, F1, i)(not_pi013_0,1,i)}
{(and_n1192_n1196, F0, i) + (not_n317, F1, i)}
{(and_n1192_n1196, F0, i) + (n317, F0, i)}
{(and_n1192_n1196, F0, i) + (pi008->and_pi008_pi021, F0, i)}
{(and_n1192_n1196, F0, i) + (pi021->and_pi008_pi021, F0, i)}
{(and_n1192_n1196, F0, i) + (and_pi008_pi021, F0, i)}
{(n1196, F0, i) + (and_not_pi013_0_not_n317, F1, i)(not_pi013_0,1,i)}
{(n1196, F0, i) + (not_n317, F1, i)}
{(n1196, F0, i) + (n317, F0, i)}
{(n1196, F0, i) + (pi008->and_pi008_pi021, F0, i)}
{(n1196, F0, i) + (pi021->and_pi008_pi021, F0, i)}
{(n1196, F0, i) + (and_pi008_pi021, F0, i)}
{(pi060->and_pi060_n1144, F0, i) + (and_not_pi013_0_not_n317, F1, i)(not_pi013_0,1,i)}
{(pi060->and_pi060_n1144, F0, i) + (not_n317, F1, i)}
{(pi060->and_pi060_n1144, F0, i) + (n317, F0, i)}
{(pi060->and_pi060_n1144, F0, i) + (pi008->and_pi008_pi021, F0, i)}
{(pi060->and_pi060_n1144, F0, i) + (pi021->and_pi008_pi021, F0, i)}
{(pi060->and_pi060_n1144, F0, i) + (and_pi008_pi021, F0, i)}
{(n1144->and_pi060_n1144, F0, i) + (and_not_pi013_0_not_n317, F1, i)(not_pi013_0,1,i)}
{(n1144->and_pi060_n1144, F0, i) + (not_n317, F1, i)}
{(n1144->and_pi060_n1144, F0, i) + (n317, F0, i)}
{(n1144->and_pi060_n1144, F0, i) + (pi008->and_pi008_pi021, F0, i)}
{(n1144->and_pi060_n1144, F0, i) + (pi021->and_pi008_pi021, F0, i)}
{(n1144->and_pi060_n1144, F0, i) + (and_pi008_pi021, F0, i)}
{(and_pi060_n1144, F0, i) + (and_not_pi013_0_not_n317, F1, i)(not_pi013_0,1,i)}
{(and_pi060_n1144, F0, i) + (not_n317, F1, i)}
{(and_pi060_n1144, F0, i) + (n317, F0, i)}
{(and_pi060_n1144, F0, i) + (pi008->and_pi008_pi021, F0, i)}
{(and_pi060_n1144, F0, i) + (pi021->and_pi008_pi021, F0, i)}
{(and_pi060_n1144, F0, i) + (and_pi008_pi021, F0, i)}
