{(n401->and_not_pi044_0_n401, F1, i) + (and_n300_not_n371, F1, i)(n300,1,i)}
{(n401->and_not_pi044_0_n401, F1, i) + (not_n371, F1, i)}
{(n401->and_not_pi044_0_n401, F1, i) + (n371, F0, i)}
{(n401->and_not_pi044_0_n401, F1, i) + (and_not_n368_not_n370, F0, i)}
{(n401->and_not_pi044_0_n401, F1, i) + (not_n370, F0, i)}
{(n401->and_not_pi044_0_n401, F1, i) + (not_n368, F0, i)}
{(n401->and_not_pi044_0_n401, F1, i) + (n370, F1, i)}
{(n401->and_not_pi044_0_n401, F1, i) + (n368, F1, i)}
{(n401->and_not_pi044_0_n401, F1, i) + (and_pi009_n369, F1, i)}
{(n401->and_not_pi044_0_n401, F1, i) + (and_not_pi009_0_not_n367, F1, i)}
{(and_not_pi044_0_n401, F1, i)(not_pi044_0,1,i) + (and_n300_not_n371, F1, i)(n300,1,i)}
{(and_not_pi044_0_n401, F1, i)(not_pi044_0,1,i) + (not_n371, F1, i)}
{(and_not_pi044_0_n401, F1, i)(not_pi044_0,1,i) + (n371, F0, i)}
{(and_not_pi044_0_n401, F1, i)(not_pi044_0,1,i) + (and_not_n368_not_n370, F0, i)}
{(and_not_pi044_0_n401, F1, i)(not_pi044_0,1,i) + (not_n370, F0, i)}
{(and_not_pi044_0_n401, F1, i)(not_pi044_0,1,i) + (not_n368, F0, i)}
{(and_not_pi044_0_n401, F1, i)(not_pi044_0,1,i) + (n370, F1, i)}
{(and_not_pi044_0_n401, F1, i)(not_pi044_0,1,i) + (n368, F1, i)}
{(and_not_pi044_0_n401, F1, i)(not_pi044_0,1,i) + (and_pi009_n369, F1, i)}
{(and_not_pi044_0_n401, F1, i)(not_pi044_0,1,i) + (and_not_pi009_0_not_n367, F1, i)}
