{(pi085->and_pi085_n774, F1, i) + (and_not_n1381_not_n1382, F1, i)(not_n1382,0,i)}
{(pi085->and_pi085_n774, F1, i) + (not_n1382, F1, i)}
{(pi085->and_pi085_n774, F1, i) + (n1382, F0, i)}
{(pi085->and_pi085_n774, F1, i) + (pi140->and_pi140_n1325, F0, i)}
{(pi085->and_pi085_n774, F1, i) + (n1325->and_pi140_n1325, F0, i)}
{(pi085->and_pi085_n774, F1, i) + (and_pi140_n1325, F0, i)}
{(and_pi085_n774, F1, i)(n774,1,i) + (and_not_n1381_not_n1382, F1, i)(not_n1382,0,i)}
{(and_pi085_n774, F1, i)(n774,1,i) + (not_n1382, F1, i)}
{(and_pi085_n774, F1, i)(n774,1,i) + (n1382, F0, i)}
{(and_pi085_n774, F1, i)(n774,1,i) + (pi140->and_pi140_n1325, F0, i)}
{(and_pi085_n774, F1, i)(n774,1,i) + (n1325->and_pi140_n1325, F0, i)}
{(and_pi085_n774, F1, i)(n774,1,i) + (and_pi140_n1325, F0, i)}
{(pi027->and_pi027_n838, F1, i) + (and_not_n1381_not_n1382, F1, i)(not_n1382,0,i)}
{(pi027->and_pi027_n838, F1, i) + (not_n1382, F1, i)}
{(pi027->and_pi027_n838, F1, i) + (n1382, F0, i)}
{(pi027->and_pi027_n838, F1, i) + (pi140->and_pi140_n1325, F0, i)}
{(pi027->and_pi027_n838, F1, i) + (n1325->and_pi140_n1325, F0, i)}
{(pi027->and_pi027_n838, F1, i) + (and_pi140_n1325, F0, i)}
{(and_pi027_n838, F1, i)(n838,1,i) + (and_not_n1381_not_n1382, F1, i)(not_n1382,0,i)}
{(and_pi027_n838, F1, i)(n838,1,i) + (not_n1382, F1, i)}
{(and_pi027_n838, F1, i)(n838,1,i) + (n1382, F0, i)}
{(and_pi027_n838, F1, i)(n838,1,i) + (pi140->and_pi140_n1325, F0, i)}
{(and_pi027_n838, F1, i)(n838,1,i) + (n1325->and_pi140_n1325, F0, i)}
{(and_pi027_n838, F1, i)(n838,1,i) + (and_pi140_n1325, F0, i)}
{(n843->and_n838_n843, F1, i) + (and_not_n1381_not_n1382, F1, i)(not_n1382,0,i)}
{(n843->and_n838_n843, F1, i) + (not_n1382, F1, i)}
{(n843->and_n838_n843, F1, i) + (n1382, F0, i)}
{(n843->and_n838_n843, F1, i) + (pi140->and_pi140_n1325, F0, i)}
{(n843->and_n838_n843, F1, i) + (n1325->and_pi140_n1325, F0, i)}
{(n843->and_n838_n843, F1, i) + (and_pi140_n1325, F0, i)}
{(and_n838_n843, F1, i)(n838,1,i) + (and_not_n1381_not_n1382, F1, i)(not_n1382,0,i)}
{(and_n838_n843, F1, i)(n838,1,i) + (not_n1382, F1, i)}
{(and_n838_n843, F1, i)(n838,1,i) + (n1382, F0, i)}
{(and_n838_n843, F1, i)(n838,1,i) + (pi140->and_pi140_n1325, F0, i)}
{(and_n838_n843, F1, i)(n838,1,i) + (n1325->and_pi140_n1325, F0, i)}
{(and_n838_n843, F1, i)(n838,1,i) + (and_pi140_n1325, F0, i)}
{(pi058->and_pi058_not_n839, F1, i) + (and_not_n1381_not_n1382, F1, i)(not_n1382,0,i)}
{(pi058->and_pi058_not_n839, F1, i) + (not_n1382, F1, i)}
{(pi058->and_pi058_not_n839, F1, i) + (n1382, F0, i)}
{(pi058->and_pi058_not_n839, F1, i) + (pi140->and_pi140_n1325, F0, i)}
{(pi058->and_pi058_not_n839, F1, i) + (n1325->and_pi140_n1325, F0, i)}
{(pi058->and_pi058_not_n839, F1, i) + (and_pi140_n1325, F0, i)}
{(and_pi058_not_n839, F1, i)(not_n839,1,i) + (and_not_n1381_not_n1382, F1, i)(not_n1382,0,i)}
{(and_pi058_not_n839, F1, i)(not_n839,1,i) + (not_n1382, F1, i)}
{(and_pi058_not_n839, F1, i)(not_n839,1,i) + (n1382, F0, i)}
{(and_pi058_not_n839, F1, i)(not_n839,1,i) + (pi140->and_pi140_n1325, F0, i)}
{(and_pi058_not_n839, F1, i)(not_n839,1,i) + (n1325->and_pi140_n1325, F0, i)}
{(and_pi058_not_n839, F1, i)(not_n839,1,i) + (and_pi140_n1325, F0, i)}
{(pi110->and_pi029_pi110, F1, i) + (and_not_n1381_not_n1382, F1, i)(not_n1382,0,i)}
{(pi110->and_pi029_pi110, F1, i) + (not_n1382, F1, i)}
{(pi110->and_pi029_pi110, F1, i) + (n1382, F0, i)}
{(pi110->and_pi029_pi110, F1, i) + (pi140->and_pi140_n1325, F0, i)}
{(pi110->and_pi029_pi110, F1, i) + (n1325->and_pi140_n1325, F0, i)}
{(pi110->and_pi029_pi110, F1, i) + (and_pi140_n1325, F0, i)}
{(and_pi029_pi110, F1, i)(pi029,1,i) + (and_not_n1381_not_n1382, F1, i)(not_n1382,0,i)}
{(and_pi029_pi110, F1, i)(pi029,1,i) + (not_n1382, F1, i)}
{(and_pi029_pi110, F1, i)(pi029,1,i) + (n1382, F0, i)}
{(and_pi029_pi110, F1, i)(pi029,1,i) + (pi140->and_pi140_n1325, F0, i)}
{(and_pi029_pi110, F1, i)(pi029,1,i) + (n1325->and_pi140_n1325, F0, i)}
{(and_pi029_pi110, F1, i)(pi029,1,i) + (and_pi140_n1325, F0, i)}
{(and_not_pi096_2_n830, F1, i)(n830,1,i) + (and_not_n1381_not_n1382, F1, i)(not_n1382,0,i)}
{(and_not_pi096_2_n830, F1, i)(n830,1,i) + (not_n1382, F1, i)}
{(and_not_pi096_2_n830, F1, i)(n830,1,i) + (n1382, F0, i)}
{(and_not_pi096_2_n830, F1, i)(n830,1,i) + (pi140->and_pi140_n1325, F0, i)}
{(and_not_pi096_2_n830, F1, i)(n830,1,i) + (n1325->and_pi140_n1325, F0, i)}
{(and_not_pi096_2_n830, F1, i)(n830,1,i) + (and_pi140_n1325, F0, i)}
{(and_pi029_not_pi097_0, F1, i)(pi029,1,i) + (and_not_n1381_not_n1382, F1, i)(not_n1382,0,i)}
{(and_pi029_not_pi097_0, F1, i)(pi029,1,i) + (not_n1382, F1, i)}
{(and_pi029_not_pi097_0, F1, i)(pi029,1,i) + (n1382, F0, i)}
{(and_pi029_not_pi097_0, F1, i)(pi029,1,i) + (pi140->and_pi140_n1325, F0, i)}
{(and_pi029_not_pi097_0, F1, i)(pi029,1,i) + (n1325->and_pi140_n1325, F0, i)}
{(and_pi029_not_pi097_0, F1, i)(pi029,1,i) + (and_pi140_n1325, F0, i)}
{(pi096->not_pi096_2, F0, i) + (and_not_n1381_not_n1382, F1, i)(not_n1382,0,i)}
{(pi096->not_pi096_2, F0, i) + (not_n1382, F1, i)}
{(pi096->not_pi096_2, F0, i) + (n1382, F0, i)}
{(pi096->not_pi096_2, F0, i) + (pi140->and_pi140_n1325, F0, i)}
{(pi096->not_pi096_2, F0, i) + (n1325->and_pi140_n1325, F0, i)}
{(pi096->not_pi096_2, F0, i) + (and_pi140_n1325, F0, i)}
{(not_pi096_2, F1, i) + (and_not_n1381_not_n1382, F1, i)(not_n1382,0,i)}
{(not_pi096_2, F1, i) + (not_n1382, F1, i)}
{(not_pi096_2, F1, i) + (n1382, F0, i)}
{(not_pi096_2, F1, i) + (pi140->and_pi140_n1325, F0, i)}
{(not_pi096_2, F1, i) + (n1325->and_pi140_n1325, F0, i)}
{(not_pi096_2, F1, i) + (and_pi140_n1325, F0, i)}
{(pi097->not_pi097_0, F0, i) + (and_not_n1381_not_n1382, F1, i)(not_n1382,0,i)}
{(pi097->not_pi097_0, F0, i) + (not_n1382, F1, i)}
{(pi097->not_pi097_0, F0, i) + (n1382, F0, i)}
{(pi097->not_pi097_0, F0, i) + (pi140->and_pi140_n1325, F0, i)}
{(pi097->not_pi097_0, F0, i) + (n1325->and_pi140_n1325, F0, i)}
{(pi097->not_pi097_0, F0, i) + (and_pi140_n1325, F0, i)}
{(not_pi097_0, F1, i) + (and_not_n1381_not_n1382, F1, i)(not_n1382,0,i)}
{(not_pi097_0, F1, i) + (not_n1382, F1, i)}
{(not_pi097_0, F1, i) + (n1382, F0, i)}
{(not_pi097_0, F1, i) + (pi140->and_pi140_n1325, F0, i)}
{(not_pi097_0, F1, i) + (n1325->and_pi140_n1325, F0, i)}
{(not_pi097_0, F1, i) + (and_pi140_n1325, F0, i)}
