{(n411->and_pi020_n411, F1, i) + (and_not_n1470_not_n1471, F1, i)(not_n1471,0,i)}
{(n411->and_pi020_n411, F1, i) + (not_n1471, F1, i)}
{(n411->and_pi020_n411, F1, i) + (n1471, F0, i)}
{(n411->and_pi020_n411, F1, i) + (pi136->and_pi034_pi136, F0, i)}
{(n411->and_pi020_n411, F1, i) + (pi034->and_pi034_pi136, F0, i)}
{(n411->and_pi020_n411, F1, i) + (and_pi034_pi136, F0, i)}
{(and_pi020_n411, F1, i)(pi020,1,i) + (and_not_n1470_not_n1471, F1, i)(not_n1471,0,i)}
{(and_pi020_n411, F1, i)(pi020,1,i) + (not_n1471, F1, i)}
{(and_pi020_n411, F1, i)(pi020,1,i) + (n1471, F0, i)}
{(and_pi020_n411, F1, i)(pi020,1,i) + (pi136->and_pi034_pi136, F0, i)}
{(and_pi020_n411, F1, i)(pi020,1,i) + (pi034->and_pi034_pi136, F0, i)}
{(and_pi020_n411, F1, i)(pi020,1,i) + (and_pi034_pi136, F0, i)}
{(and_pi020_not_n653, F1, i)(pi020,1,i) + (and_not_n1470_not_n1471, F1, i)(not_n1471,0,i)}
{(and_pi020_not_n653, F1, i)(pi020,1,i) + (not_n1471, F1, i)}
{(and_pi020_not_n653, F1, i)(pi020,1,i) + (n1471, F0, i)}
{(and_pi020_not_n653, F1, i)(pi020,1,i) + (pi136->and_pi034_pi136, F0, i)}
{(and_pi020_not_n653, F1, i)(pi020,1,i) + (pi034->and_pi034_pi136, F0, i)}
{(and_pi020_not_n653, F1, i)(pi020,1,i) + (and_pi034_pi136, F0, i)}
{(not_n653, F1, i) + (and_not_n1470_not_n1471, F1, i)(not_n1471,0,i)}
{(not_n653, F1, i) + (not_n1471, F1, i)}
{(not_n653, F1, i) + (n1471, F0, i)}
{(not_n653, F1, i) + (pi136->and_pi034_pi136, F0, i)}
{(not_n653, F1, i) + (pi034->and_pi034_pi136, F0, i)}
{(not_n653, F1, i) + (and_pi034_pi136, F0, i)}
{(n653, F0, i) + (and_not_n1470_not_n1471, F1, i)(not_n1471,0,i)}
{(n653, F0, i) + (not_n1471, F1, i)}
{(n653, F0, i) + (n1471, F0, i)}
{(n653, F0, i) + (pi136->and_pi034_pi136, F0, i)}
{(n653, F0, i) + (pi034->and_pi034_pi136, F0, i)}
{(n653, F0, i) + (and_pi034_pi136, F0, i)}
{(n640->and_n640_n652, F0, i) + (and_not_n1470_not_n1471, F1, i)(not_n1471,0,i)}
{(n640->and_n640_n652, F0, i) + (not_n1471, F1, i)}
{(n640->and_n640_n652, F0, i) + (n1471, F0, i)}
{(n640->and_n640_n652, F0, i) + (pi136->and_pi034_pi136, F0, i)}
{(n640->and_n640_n652, F0, i) + (pi034->and_pi034_pi136, F0, i)}
{(n640->and_n640_n652, F0, i) + (and_pi034_pi136, F0, i)}
{(and_n640_n652, F0, i) + (and_not_n1470_not_n1471, F1, i)(not_n1471,0,i)}
{(and_n640_n652, F0, i) + (not_n1471, F1, i)}
{(and_n640_n652, F0, i) + (n1471, F0, i)}
{(and_n640_n652, F0, i) + (pi136->and_pi034_pi136, F0, i)}
{(and_n640_n652, F0, i) + (pi034->and_pi034_pi136, F0, i)}
{(and_n640_n652, F0, i) + (and_pi034_pi136, F0, i)}
{(n652, F0, i) + (and_not_n1470_not_n1471, F1, i)(not_n1471,0,i)}
{(n652, F0, i) + (not_n1471, F1, i)}
{(n652, F0, i) + (n1471, F0, i)}
{(n652, F0, i) + (pi136->and_pi034_pi136, F0, i)}
{(n652, F0, i) + (pi034->and_pi034_pi136, F0, i)}
{(n652, F0, i) + (and_pi034_pi136, F0, i)}
{(n649->and_n649_n651, F0, i) + (and_not_n1470_not_n1471, F1, i)(not_n1471,0,i)}
{(n649->and_n649_n651, F0, i) + (not_n1471, F1, i)}
{(n649->and_n649_n651, F0, i) + (n1471, F0, i)}
{(n649->and_n649_n651, F0, i) + (pi136->and_pi034_pi136, F0, i)}
{(n649->and_n649_n651, F0, i) + (pi034->and_pi034_pi136, F0, i)}
{(n649->and_n649_n651, F0, i) + (and_pi034_pi136, F0, i)}
{(and_n649_n651, F0, i) + (and_not_n1470_not_n1471, F1, i)(not_n1471,0,i)}
{(and_n649_n651, F0, i) + (not_n1471, F1, i)}
{(and_n649_n651, F0, i) + (n1471, F0, i)}
{(and_n649_n651, F0, i) + (pi136->and_pi034_pi136, F0, i)}
{(and_n649_n651, F0, i) + (pi034->and_pi034_pi136, F0, i)}
{(and_n649_n651, F0, i) + (and_pi034_pi136, F0, i)}
{(n651, F0, i) + (and_not_n1470_not_n1471, F1, i)(not_n1471,0,i)}
{(n651, F0, i) + (not_n1471, F1, i)}
{(n651, F0, i) + (n1471, F0, i)}
{(n651, F0, i) + (pi136->and_pi034_pi136, F0, i)}
{(n651, F0, i) + (pi034->and_pi034_pi136, F0, i)}
{(n651, F0, i) + (and_pi034_pi136, F0, i)}
{(n650->and_n390_n650, F0, i) + (and_not_n1470_not_n1471, F1, i)(not_n1471,0,i)}
{(n650->and_n390_n650, F0, i) + (not_n1471, F1, i)}
{(n650->and_n390_n650, F0, i) + (n1471, F0, i)}
{(n650->and_n390_n650, F0, i) + (pi136->and_pi034_pi136, F0, i)}
{(n650->and_n390_n650, F0, i) + (pi034->and_pi034_pi136, F0, i)}
{(n650->and_n390_n650, F0, i) + (and_pi034_pi136, F0, i)}
{(n390->and_n390_n650, F0, i) + (and_not_n1470_not_n1471, F1, i)(not_n1471,0,i)}
{(n390->and_n390_n650, F0, i) + (not_n1471, F1, i)}
{(n390->and_n390_n650, F0, i) + (n1471, F0, i)}
{(n390->and_n390_n650, F0, i) + (pi136->and_pi034_pi136, F0, i)}
{(n390->and_n390_n650, F0, i) + (pi034->and_pi034_pi136, F0, i)}
{(n390->and_n390_n650, F0, i) + (and_pi034_pi136, F0, i)}
{(and_n390_n650, F0, i) + (and_not_n1470_not_n1471, F1, i)(not_n1471,0,i)}
{(and_n390_n650, F0, i) + (not_n1471, F1, i)}
{(and_n390_n650, F0, i) + (n1471, F0, i)}
{(and_n390_n650, F0, i) + (pi136->and_pi034_pi136, F0, i)}
{(and_n390_n650, F0, i) + (pi034->and_pi034_pi136, F0, i)}
{(and_n390_n650, F0, i) + (and_pi034_pi136, F0, i)}
