{(and_not_pi005_not_pi022, F1, i)(not_pi005,1,i) + (and_not_pi027_490_not_n1226, F1, i)(not_n1226,1,i)}
{(and_not_pi005_not_pi022, F1, i)(not_pi005,1,i) + (pi027->not_pi027_490, F0, i)}
{(and_not_pi005_not_pi022, F1, i)(not_pi005,1,i) + (not_pi027_490, F1, i)}
{(and_not_pi005_not_pi022, F1, i)(not_pi005,1,i) + (n1182->and_pi027_n1182, F1, i)}
{(and_not_pi005_not_pi022, F1, i)(not_pi005,1,i) + (and_pi027_n1182, F1, i)(pi027,1,i)}
{(and_not_pi005_not_pi022, F1, i)(not_pi005,1,i) + (and_not_pi085_8_n787, F1, i)(not_pi085_8,0,i)}
{(and_not_pi005_not_pi022, F1, i)(not_pi005,1,i) + (pi085->not_pi085_8, F0, i)}
{(and_not_pi005_not_pi022, F1, i)(not_pi005,1,i) + (not_pi085_8, F1, i)}
{(pi022->not_pi022, F0, i) + (and_not_pi027_490_not_n1226, F1, i)(not_n1226,1,i)}
{(pi022->not_pi022, F0, i) + (pi027->not_pi027_490, F0, i)}
{(pi022->not_pi022, F0, i) + (not_pi027_490, F1, i)}
{(pi022->not_pi022, F0, i) + (n1182->and_pi027_n1182, F1, i)}
{(pi022->not_pi022, F0, i) + (and_pi027_n1182, F1, i)(pi027,1,i)}
{(pi022->not_pi022, F0, i) + (and_not_pi085_8_n787, F1, i)(not_pi085_8,0,i)}
{(pi022->not_pi022, F0, i) + (pi085->not_pi085_8, F0, i)}
{(pi022->not_pi022, F0, i) + (not_pi085_8, F1, i)}
{(not_pi022, F1, i) + (and_not_pi027_490_not_n1226, F1, i)(not_n1226,1,i)}
{(not_pi022, F1, i) + (pi027->not_pi027_490, F0, i)}
{(not_pi022, F1, i) + (not_pi027_490, F1, i)}
{(not_pi022, F1, i) + (n1182->and_pi027_n1182, F1, i)}
{(not_pi022, F1, i) + (and_pi027_n1182, F1, i)(pi027,1,i)}
{(not_pi022, F1, i) + (and_not_pi085_8_n787, F1, i)(not_pi085_8,0,i)}
{(not_pi022, F1, i) + (pi085->not_pi085_8, F0, i)}
{(not_pi022, F1, i) + (not_pi085_8, F1, i)}
