{(n384, F0, i) + (and_not_n761_0_not_n1371, F1, i)(not_n761_0,1,i)}
{(n384, F0, i) + (not_n1371, F1, i)}
{(n384, F0, i) + (n1371, F0, i)}
{(n384, F0, i) + (n1370->and_pi096_n1370, F0, i)}
{(n384, F0, i) + (pi096->and_pi096_n1370, F0, i)}
{(n384, F0, i) + (and_pi096_n1370, F0, i)}
{(and_not_pi024_not_pi049, F0, i) + (and_not_n761_0_not_n1371, F1, i)(not_n761_0,1,i)}
{(and_not_pi024_not_pi049, F0, i) + (not_n1371, F1, i)}
{(and_not_pi024_not_pi049, F0, i) + (n1371, F0, i)}
{(and_not_pi024_not_pi049, F0, i) + (n1370->and_pi096_n1370, F0, i)}
{(and_not_pi024_not_pi049, F0, i) + (pi096->and_pi096_n1370, F0, i)}
{(and_not_pi024_not_pi049, F0, i) + (and_pi096_n1370, F0, i)}
{(pi024->not_pi024, F1, i) + (and_not_n761_0_not_n1371, F1, i)(not_n761_0,1,i)}
{(pi024->not_pi024, F1, i) + (not_n1371, F1, i)}
{(pi024->not_pi024, F1, i) + (n1371, F0, i)}
{(pi024->not_pi024, F1, i) + (n1370->and_pi096_n1370, F0, i)}
{(pi024->not_pi024, F1, i) + (pi096->and_pi096_n1370, F0, i)}
{(pi024->not_pi024, F1, i) + (and_pi096_n1370, F0, i)}
{(not_pi024, F0, i) + (and_not_n761_0_not_n1371, F1, i)(not_n761_0,1,i)}
{(not_pi024, F0, i) + (not_n1371, F1, i)}
{(not_pi024, F0, i) + (n1371, F0, i)}
{(not_pi024, F0, i) + (n1370->and_pi096_n1370, F0, i)}
{(not_pi024, F0, i) + (pi096->and_pi096_n1370, F0, i)}
{(not_pi024, F0, i) + (and_pi096_n1370, F0, i)}
{(pi049->not_pi049, F1, i) + (and_not_n761_0_not_n1371, F1, i)(not_n761_0,1,i)}
{(pi049->not_pi049, F1, i) + (not_n1371, F1, i)}
{(pi049->not_pi049, F1, i) + (n1371, F0, i)}
{(pi049->not_pi049, F1, i) + (n1370->and_pi096_n1370, F0, i)}
{(pi049->not_pi049, F1, i) + (pi096->and_pi096_n1370, F0, i)}
{(pi049->not_pi049, F1, i) + (and_pi096_n1370, F0, i)}
{(not_pi049, F0, i) + (and_not_n761_0_not_n1371, F1, i)(not_n761_0,1,i)}
{(not_pi049, F0, i) + (not_n1371, F1, i)}
{(not_pi049, F0, i) + (n1371, F0, i)}
{(not_pi049, F0, i) + (n1370->and_pi096_n1370, F0, i)}
{(not_pi049, F0, i) + (pi096->and_pi096_n1370, F0, i)}
{(not_pi049, F0, i) + (and_pi096_n1370, F0, i)}
