{(and_pi054_not_n1595, F1, i)(pi054,1,i) + (and_not_pi003_168070_n683, F1, i)(n683,1,i)}
{(and_pi054_not_n1595, F1, i)(pi054,1,i) + (pi003->not_pi003_168070, F0, i)}
{(and_pi054_not_n1595, F1, i)(pi054,1,i) + (not_pi003_168070, F1, i)}
{(and_not_pi054_1176490_not_pi113_0, F1, i)(not_pi054_1176490,0,i) + (and_not_pi003_168070_n683, F1, i)(n683,1,i)}
{(and_not_pi054_1176490_not_pi113_0, F1, i)(not_pi054_1176490,0,i) + (pi003->not_pi003_168070, F0, i)}
{(and_not_pi054_1176490_not_pi113_0, F1, i)(not_pi054_1176490,0,i) + (not_pi003_168070, F1, i)}
{(not_n1595, F1, i) + (and_not_pi003_168070_n683, F1, i)(n683,1,i)}
{(not_n1595, F1, i) + (pi003->not_pi003_168070, F0, i)}
{(not_n1595, F1, i) + (not_pi003_168070, F1, i)}
{(pi054->not_pi054_1176490, F0, i) + (and_not_pi003_168070_n683, F1, i)(n683,1,i)}
{(pi054->not_pi054_1176490, F0, i) + (pi003->not_pi003_168070, F0, i)}
{(pi054->not_pi054_1176490, F0, i) + (not_pi003_168070, F1, i)}
{(not_pi054_1176490, F1, i) + (and_not_pi003_168070_n683, F1, i)(n683,1,i)}
{(not_pi054_1176490, F1, i) + (pi003->not_pi003_168070, F0, i)}
{(not_pi054_1176490, F1, i) + (not_pi003_168070, F1, i)}
{(n1595, F0, i) + (and_not_pi003_168070_n683, F1, i)(n683,1,i)}
{(n1595, F0, i) + (pi003->not_pi003_168070, F0, i)}
{(n1595, F0, i) + (not_pi003_168070, F1, i)}
{(and_not_pi011_6_not_pi022_4, F0, i) + (and_not_pi003_168070_n683, F1, i)(n683,1,i)}
{(and_not_pi011_6_not_pi022_4, F0, i) + (pi003->not_pi003_168070, F0, i)}
{(and_not_pi011_6_not_pi022_4, F0, i) + (not_pi003_168070, F1, i)}
{(pi011->not_pi011_6, F1, i) + (and_not_pi003_168070_n683, F1, i)(n683,1,i)}
{(pi011->not_pi011_6, F1, i) + (pi003->not_pi003_168070, F0, i)}
{(pi011->not_pi011_6, F1, i) + (not_pi003_168070, F1, i)}
{(not_pi011_6, F0, i) + (and_not_pi003_168070_n683, F1, i)(n683,1,i)}
{(not_pi011_6, F0, i) + (pi003->not_pi003_168070, F0, i)}
{(not_pi011_6, F0, i) + (not_pi003_168070, F1, i)}
{(pi022->not_pi022_4, F1, i) + (and_not_pi003_168070_n683, F1, i)(n683,1,i)}
{(pi022->not_pi022_4, F1, i) + (pi003->not_pi003_168070, F0, i)}
{(pi022->not_pi022_4, F1, i) + (not_pi003_168070, F1, i)}
{(not_pi022_4, F0, i) + (and_not_pi003_168070_n683, F1, i)(n683,1,i)}
{(not_pi022_4, F0, i) + (pi003->not_pi003_168070, F0, i)}
{(not_pi022_4, F0, i) + (not_pi003_168070, F1, i)}
