{(and_not_n1295_not_n1297, F1, i)(not_n1295,0,i) + (and_not_n1326_not_n1327, F1, i)(not_n1327,0,i)}
{(and_not_n1295_not_n1297, F1, i)(not_n1295,0,i) + (not_n1327, F1, i)}
{(and_not_n1295_not_n1297, F1, i)(not_n1295,0,i) + (n1327, F0, i)}
{(and_not_n1295_not_n1297, F1, i)(not_n1295,0,i) + (pi142->and_pi142_n1325, F0, i)}
{(and_not_n1295_not_n1297, F1, i)(not_n1295,0,i) + (n1325->and_pi142_n1325, F0, i)}
{(and_not_n1295_not_n1297, F1, i)(not_n1295,0,i) + (and_pi142_n1325, F0, i)}
{(not_n1295, F1, i) + (and_not_n1326_not_n1327, F1, i)(not_n1327,0,i)}
{(not_n1295, F1, i) + (not_n1327, F1, i)}
{(not_n1295, F1, i) + (n1327, F0, i)}
{(not_n1295, F1, i) + (pi142->and_pi142_n1325, F0, i)}
{(not_n1295, F1, i) + (n1325->and_pi142_n1325, F0, i)}
{(not_n1295, F1, i) + (and_pi142_n1325, F0, i)}
{(n1295, F0, i) + (and_not_n1326_not_n1327, F1, i)(not_n1327,0,i)}
{(n1295, F0, i) + (not_n1327, F1, i)}
{(n1295, F0, i) + (n1327, F0, i)}
{(n1295, F0, i) + (pi142->and_pi142_n1325, F0, i)}
{(n1295, F0, i) + (n1325->and_pi142_n1325, F0, i)}
{(n1295, F0, i) + (and_pi142_n1325, F0, i)}
{(pi071->and_pi071_not_n1247_6, F0, i) + (and_not_n1326_not_n1327, F1, i)(not_n1327,0,i)}
{(pi071->and_pi071_not_n1247_6, F0, i) + (not_n1327, F1, i)}
{(pi071->and_pi071_not_n1247_6, F0, i) + (n1327, F0, i)}
{(pi071->and_pi071_not_n1247_6, F0, i) + (pi142->and_pi142_n1325, F0, i)}
{(pi071->and_pi071_not_n1247_6, F0, i) + (n1325->and_pi142_n1325, F0, i)}
{(pi071->and_pi071_not_n1247_6, F0, i) + (and_pi142_n1325, F0, i)}
{(and_pi071_not_n1247_6, F0, i) + (and_not_n1326_not_n1327, F1, i)(not_n1327,0,i)}
{(and_pi071_not_n1247_6, F0, i) + (not_n1327, F1, i)}
{(and_pi071_not_n1247_6, F0, i) + (n1327, F0, i)}
{(and_pi071_not_n1247_6, F0, i) + (pi142->and_pi142_n1325, F0, i)}
{(and_pi071_not_n1247_6, F0, i) + (n1325->and_pi142_n1325, F0, i)}
{(and_pi071_not_n1247_6, F0, i) + (and_pi142_n1325, F0, i)}
{(n1247->not_n1247_6, F1, i) + (and_not_n1326_not_n1327, F1, i)(not_n1327,0,i)}
{(n1247->not_n1247_6, F1, i) + (not_n1327, F1, i)}
{(n1247->not_n1247_6, F1, i) + (n1327, F0, i)}
{(n1247->not_n1247_6, F1, i) + (pi142->and_pi142_n1325, F0, i)}
{(n1247->not_n1247_6, F1, i) + (n1325->and_pi142_n1325, F0, i)}
{(n1247->not_n1247_6, F1, i) + (and_pi142_n1325, F0, i)}
{(not_n1247_6, F0, i) + (and_not_n1326_not_n1327, F1, i)(not_n1327,0,i)}
{(not_n1247_6, F0, i) + (not_n1327, F1, i)}
{(not_n1247_6, F0, i) + (n1327, F0, i)}
{(not_n1247_6, F0, i) + (pi142->and_pi142_n1325, F0, i)}
{(not_n1247_6, F0, i) + (n1325->and_pi142_n1325, F0, i)}
{(not_n1247_6, F0, i) + (and_pi142_n1325, F0, i)}
