{(and_not_pi026_9_not_n853, F1, i)(not_pi026_9,1,i) + (not_n803, F1, i)}
{(and_not_pi026_9_not_n853, F1, i)(not_pi026_9,1,i) + (n803, F0, i)}
{(and_not_pi026_9_not_n853, F1, i)(not_pi026_9,1,i) + (n728->and_n728_n737, F0, i)}
{(and_not_pi026_9_not_n853, F1, i)(not_pi026_9,1,i) + (n737->and_n728_n737, F0, i)}
{(and_not_pi026_9_not_n853, F1, i)(not_pi026_9,1,i) + (and_n728_n737, F0, i)}
{(not_n853, F1, i) + (not_n803, F1, i)}
{(not_n853, F1, i) + (n803, F0, i)}
{(not_n853, F1, i) + (n728->and_n728_n737, F0, i)}
{(not_n853, F1, i) + (n737->and_n728_n737, F0, i)}
{(not_n853, F1, i) + (and_n728_n737, F0, i)}
{(n853, F0, i) + (not_n803, F1, i)}
{(n853, F0, i) + (n803, F0, i)}
{(n853, F0, i) + (n728->and_n728_n737, F0, i)}
{(n853, F0, i) + (n737->and_n728_n737, F0, i)}
{(n853, F0, i) + (and_n728_n737, F0, i)}
{(and_not_n850_not_n852, F0, i) + (not_n803, F1, i)}
{(and_not_n850_not_n852, F0, i) + (n803, F0, i)}
{(and_not_n850_not_n852, F0, i) + (n728->and_n728_n737, F0, i)}
{(and_not_n850_not_n852, F0, i) + (n737->and_n728_n737, F0, i)}
{(and_not_n850_not_n852, F0, i) + (and_n728_n737, F0, i)}
{(not_n852, F0, i) + (not_n803, F1, i)}
{(not_n852, F0, i) + (n803, F0, i)}
{(not_n852, F0, i) + (n728->and_n728_n737, F0, i)}
{(not_n852, F0, i) + (n737->and_n728_n737, F0, i)}
{(not_n852, F0, i) + (and_n728_n737, F0, i)}
{(not_n850, F0, i) + (not_n803, F1, i)}
{(not_n850, F0, i) + (n803, F0, i)}
{(not_n850, F0, i) + (n728->and_n728_n737, F0, i)}
{(not_n850, F0, i) + (n737->and_n728_n737, F0, i)}
{(not_n850, F0, i) + (and_n728_n737, F0, i)}
{(n852, F1, i) + (not_n803, F1, i)}
{(n852, F1, i) + (n803, F0, i)}
{(n852, F1, i) + (n728->and_n728_n737, F0, i)}
{(n852, F1, i) + (n737->and_n728_n737, F0, i)}
{(n852, F1, i) + (and_n728_n737, F0, i)}
{(n850, F1, i) + (not_n803, F1, i)}
{(n850, F1, i) + (n803, F0, i)}
{(n850, F1, i) + (n728->and_n728_n737, F0, i)}
{(n850, F1, i) + (n737->and_n728_n737, F0, i)}
{(n850, F1, i) + (and_n728_n737, F0, i)}
{(and_n838_n851, F1, i) + (not_n803, F1, i)}
{(and_n838_n851, F1, i) + (n803, F0, i)}
{(and_n838_n851, F1, i) + (n728->and_n728_n737, F0, i)}
{(and_n838_n851, F1, i) + (n737->and_n728_n737, F0, i)}
{(and_n838_n851, F1, i) + (and_n728_n737, F0, i)}
{(and_not_pi085_6_not_n849, F1, i) + (not_n803, F1, i)}
{(and_not_pi085_6_not_n849, F1, i) + (n803, F0, i)}
{(and_not_pi085_6_not_n849, F1, i) + (n728->and_n728_n737, F0, i)}
{(and_not_pi085_6_not_n849, F1, i) + (n737->and_n728_n737, F0, i)}
{(and_not_pi085_6_not_n849, F1, i) + (and_n728_n737, F0, i)}
