{(and_pi082_not_n1030, F1, i)(pi082,1,i) + (and_pi082_not_n1325_3, F1, i)(pi082,1,i)}
{(and_pi082_not_n1030, F1, i)(pi082,1,i) + (n1325->not_n1325_3, F0, i)}
{(and_pi082_not_n1030, F1, i)(pi082,1,i) + (not_n1325_3, F1, i)}
{(not_n1030, F1, i) + (and_pi082_not_n1325_3, F1, i)(pi082,1,i)}
{(not_n1030, F1, i) + (n1325->not_n1325_3, F0, i)}
{(not_n1030, F1, i) + (not_n1325_3, F1, i)}
{(n1030, F0, i) + (and_pi082_not_n1325_3, F1, i)(pi082,1,i)}
{(n1030, F0, i) + (n1325->not_n1325_3, F0, i)}
{(n1030, F0, i) + (not_n1325_3, F1, i)}
{(n692->and_not_pi024_3_n692, F0, i) + (and_pi082_not_n1325_3, F1, i)(pi082,1,i)}
{(n692->and_not_pi024_3_n692, F0, i) + (n1325->not_n1325_3, F0, i)}
{(n692->and_not_pi024_3_n692, F0, i) + (not_n1325_3, F1, i)}
{(and_not_pi024_3_n692, F0, i) + (and_pi082_not_n1325_3, F1, i)(pi082,1,i)}
{(and_not_pi024_3_n692, F0, i) + (n1325->not_n1325_3, F0, i)}
{(and_not_pi024_3_n692, F0, i) + (not_n1325_3, F1, i)}
{(pi024->not_pi024_3, F1, i) + (and_pi082_not_n1325_3, F1, i)(pi082,1,i)}
{(pi024->not_pi024_3, F1, i) + (n1325->not_n1325_3, F0, i)}
{(pi024->not_pi024_3, F1, i) + (not_n1325_3, F1, i)}
{(not_pi024_3, F0, i) + (and_pi082_not_n1325_3, F1, i)(pi082,1,i)}
{(not_pi024_3, F0, i) + (n1325->not_n1325_3, F0, i)}
{(not_pi024_3, F0, i) + (not_n1325_3, F1, i)}
