{(and_not_n1181_not_n1183, F1, i)(not_n1183,1,i) + (and_not_pi013_not_pi014, F1, i)(not_pi013,1,i)}
{(and_not_n1181_not_n1183, F1, i)(not_n1183,1,i) + (pi014->not_pi014, F0, i)}
{(and_not_n1181_not_n1183, F1, i)(not_n1183,1,i) + (not_pi014, F1, i)}
{(not_n1181, F1, i) + (and_not_pi013_not_pi014, F1, i)(not_pi013,1,i)}
{(not_n1181, F1, i) + (pi014->not_pi014, F0, i)}
{(not_n1181, F1, i) + (not_pi014, F1, i)}
{(n1181, F0, i) + (and_not_pi013_not_pi014, F1, i)(not_pi013,1,i)}
{(n1181, F0, i) + (pi014->not_pi014, F0, i)}
{(n1181, F0, i) + (not_pi014, F1, i)}
{(and_not_pi027_10_not_n1180, F0, i) + (and_not_pi013_not_pi014, F1, i)(not_pi013,1,i)}
{(and_not_pi027_10_not_n1180, F0, i) + (pi014->not_pi014, F0, i)}
{(and_not_pi027_10_not_n1180, F0, i) + (not_pi014, F1, i)}
{(not_n1180, F0, i) + (and_not_pi013_not_pi014, F1, i)(not_pi013,1,i)}
{(not_n1180, F0, i) + (pi014->not_pi014, F0, i)}
{(not_n1180, F0, i) + (not_pi014, F1, i)}
{(pi027->not_pi027_10, F1, i) + (and_not_pi013_not_pi014, F1, i)(not_pi013,1,i)}
{(pi027->not_pi027_10, F1, i) + (pi014->not_pi014, F0, i)}
{(pi027->not_pi027_10, F1, i) + (not_pi014, F1, i)}
{(not_pi027_10, F0, i) + (and_not_pi013_not_pi014, F1, i)(not_pi013,1,i)}
{(not_pi027_10, F0, i) + (pi014->not_pi014, F0, i)}
{(not_pi027_10, F0, i) + (not_pi014, F1, i)}
{(n1180, F1, i) + (and_not_pi013_not_pi014, F1, i)(not_pi013,1,i)}
{(n1180, F1, i) + (pi014->not_pi014, F0, i)}
{(n1180, F1, i) + (not_pi014, F1, i)}
{(and_not_n1178_not_n1179, F1, i) + (and_not_pi013_not_pi014, F1, i)(not_pi013,1,i)}
{(and_not_n1178_not_n1179, F1, i) + (pi014->not_pi014, F0, i)}
{(and_not_n1178_not_n1179, F1, i) + (not_pi014, F1, i)}
