{(and_not_n799_n807, F1, i)(not_n799,1,i) + (n755->and_n754_n755, F1, i)}
{(and_not_n799_n807, F1, i)(not_n799,1,i) + (and_n754_n755, F1, i)(n754,1,i)}
{(and_not_n799_n807, F1, i)(not_n799,1,i) + (n749->and_not_pi027_0_n749, F1, i)}
{(and_not_n799_n807, F1, i)(not_n799,1,i) + (and_not_pi027_0_n749, F1, i)(n749,0,i)}
{(and_not_n799_n807, F1, i)(not_n799,1,i) + (pi053->and_pi053_not_pi085_2, F1, i)}
{(and_not_n799_n807, F1, i)(not_n799,1,i) + (and_pi053_not_pi085_2, F1, i)(pi053,0,i)}
{(and_not_n799_n807, F1, i)(not_n799,1,i) + (and_pi025_not_n726, F1, i)(pi025,1,i)}
{(and_not_n799_n807, F1, i)(not_n799,1,i) + (n726->not_n726, F0, i)}
{(and_not_n799_n807, F1, i)(not_n799,1,i) + (not_n726, F1, i)}
{(and_not_n799_n807, F1, i)(not_n799,1,i) + (pi026->and_pi026_n718, F1, i)}
{(and_not_n799_n807, F1, i)(not_n799,1,i) + (and_pi026_n718, F1, i)(n718,1,i)}
{(and_not_n799_n807, F1, i)(not_n799,1,i) + (pi085->and_pi085_n718, F1, i)}
{(and_not_n799_n807, F1, i)(not_n799,1,i) + (and_pi085_n718, F1, i)(n718,1,i)}
{(n807, F1, i) + (n755->and_n754_n755, F1, i)}
{(n807, F1, i) + (and_n754_n755, F1, i)(n754,1,i)}
{(n807, F1, i) + (n749->and_not_pi027_0_n749, F1, i)}
{(n807, F1, i) + (and_not_pi027_0_n749, F1, i)(n749,0,i)}
{(n807, F1, i) + (pi053->and_pi053_not_pi085_2, F1, i)}
{(n807, F1, i) + (and_pi053_not_pi085_2, F1, i)(pi053,0,i)}
{(n807, F1, i) + (and_pi025_not_n726, F1, i)(pi025,1,i)}
{(n807, F1, i) + (n726->not_n726, F0, i)}
{(n807, F1, i) + (not_n726, F1, i)}
{(n807, F1, i) + (pi026->and_pi026_n718, F1, i)}
{(n807, F1, i) + (and_pi026_n718, F1, i)(n718,1,i)}
{(n807, F1, i) + (pi085->and_pi085_n718, F1, i)}
{(n807, F1, i) + (and_pi085_n718, F1, i)(n718,1,i)}
{(and_not_n805_not_n806, F1, i) + (n755->and_n754_n755, F1, i)}
{(and_not_n805_not_n806, F1, i) + (and_n754_n755, F1, i)(n754,1,i)}
{(and_not_n805_not_n806, F1, i) + (n749->and_not_pi027_0_n749, F1, i)}
{(and_not_n805_not_n806, F1, i) + (and_not_pi027_0_n749, F1, i)(n749,0,i)}
{(and_not_n805_not_n806, F1, i) + (pi053->and_pi053_not_pi085_2, F1, i)}
{(and_not_n805_not_n806, F1, i) + (and_pi053_not_pi085_2, F1, i)(pi053,0,i)}
{(and_not_n805_not_n806, F1, i) + (and_pi025_not_n726, F1, i)(pi025,1,i)}
{(and_not_n805_not_n806, F1, i) + (n726->not_n726, F0, i)}
{(and_not_n805_not_n806, F1, i) + (not_n726, F1, i)}
{(and_not_n805_not_n806, F1, i) + (pi026->and_pi026_n718, F1, i)}
{(and_not_n805_not_n806, F1, i) + (and_pi026_n718, F1, i)(n718,1,i)}
{(and_not_n805_not_n806, F1, i) + (pi085->and_pi085_n718, F1, i)}
{(and_not_n805_not_n806, F1, i) + (and_pi085_n718, F1, i)(n718,1,i)}
