{(n411->and_pi015_n411, F1, i) + (and_not_n805_not_n806, F1, i)(not_n806,0,i)}
{(n411->and_pi015_n411, F1, i) + (not_n806, F1, i)}
{(n411->and_pi015_n411, F1, i) + (n806, F0, i)}
{(n411->and_pi015_n411, F1, i) + (n777->and_n777_n790, F0, i)}
{(n411->and_pi015_n411, F1, i) + (n790->and_n777_n790, F0, i)}
{(n411->and_pi015_n411, F1, i) + (and_n777_n790, F0, i)}
{(and_pi015_n411, F1, i)(pi015,1,i) + (and_not_n805_not_n806, F1, i)(not_n806,0,i)}
{(and_pi015_n411, F1, i)(pi015,1,i) + (not_n806, F1, i)}
{(and_pi015_n411, F1, i)(pi015,1,i) + (n806, F0, i)}
{(and_pi015_n411, F1, i)(pi015,1,i) + (n777->and_n777_n790, F0, i)}
{(and_pi015_n411, F1, i)(pi015,1,i) + (n790->and_n777_n790, F0, i)}
{(and_pi015_n411, F1, i)(pi015,1,i) + (and_n777_n790, F0, i)}
{(and_pi015_not_n581, F1, i)(pi015,1,i) + (and_not_n805_not_n806, F1, i)(not_n806,0,i)}
{(and_pi015_not_n581, F1, i)(pi015,1,i) + (not_n806, F1, i)}
{(and_pi015_not_n581, F1, i)(pi015,1,i) + (n806, F0, i)}
{(and_pi015_not_n581, F1, i)(pi015,1,i) + (n777->and_n777_n790, F0, i)}
{(and_pi015_not_n581, F1, i)(pi015,1,i) + (n790->and_n777_n790, F0, i)}
{(and_pi015_not_n581, F1, i)(pi015,1,i) + (and_n777_n790, F0, i)}
{(not_n581, F1, i) + (and_not_n805_not_n806, F1, i)(not_n806,0,i)}
{(not_n581, F1, i) + (not_n806, F1, i)}
{(not_n581, F1, i) + (n806, F0, i)}
{(not_n581, F1, i) + (n777->and_n777_n790, F0, i)}
{(not_n581, F1, i) + (n790->and_n777_n790, F0, i)}
{(not_n581, F1, i) + (and_n777_n790, F0, i)}
{(n581, F0, i) + (and_not_n805_not_n806, F1, i)(not_n806,0,i)}
{(n581, F0, i) + (not_n806, F1, i)}
{(n581, F0, i) + (n806, F0, i)}
{(n581, F0, i) + (n777->and_n777_n790, F0, i)}
{(n581, F0, i) + (n790->and_n777_n790, F0, i)}
{(n581, F0, i) + (and_n777_n790, F0, i)}
{(n407->and_n407_n580, F0, i) + (and_not_n805_not_n806, F1, i)(not_n806,0,i)}
{(n407->and_n407_n580, F0, i) + (not_n806, F1, i)}
{(n407->and_n407_n580, F0, i) + (n806, F0, i)}
{(n407->and_n407_n580, F0, i) + (n777->and_n777_n790, F0, i)}
{(n407->and_n407_n580, F0, i) + (n790->and_n777_n790, F0, i)}
{(n407->and_n407_n580, F0, i) + (and_n777_n790, F0, i)}
{(and_n407_n580, F0, i) + (and_not_n805_not_n806, F1, i)(not_n806,0,i)}
{(and_n407_n580, F0, i) + (not_n806, F1, i)}
{(and_n407_n580, F0, i) + (n806, F0, i)}
{(and_n407_n580, F0, i) + (n777->and_n777_n790, F0, i)}
{(and_n407_n580, F0, i) + (n790->and_n777_n790, F0, i)}
{(and_n407_n580, F0, i) + (and_n777_n790, F0, i)}
{(n580, F0, i) + (and_not_n805_not_n806, F1, i)(not_n806,0,i)}
{(n580, F0, i) + (not_n806, F1, i)}
{(n580, F0, i) + (n806, F0, i)}
{(n580, F0, i) + (n777->and_n777_n790, F0, i)}
{(n580, F0, i) + (n790->and_n777_n790, F0, i)}
{(n580, F0, i) + (and_n777_n790, F0, i)}
{(n579->and_n570_n579, F0, i) + (and_not_n805_not_n806, F1, i)(not_n806,0,i)}
{(n579->and_n570_n579, F0, i) + (not_n806, F1, i)}
{(n579->and_n570_n579, F0, i) + (n806, F0, i)}
{(n579->and_n570_n579, F0, i) + (n777->and_n777_n790, F0, i)}
{(n579->and_n570_n579, F0, i) + (n790->and_n777_n790, F0, i)}
{(n579->and_n570_n579, F0, i) + (and_n777_n790, F0, i)}
{(n570->and_n570_n579, F0, i) + (and_not_n805_not_n806, F1, i)(not_n806,0,i)}
{(n570->and_n570_n579, F0, i) + (not_n806, F1, i)}
{(n570->and_n570_n579, F0, i) + (n806, F0, i)}
{(n570->and_n570_n579, F0, i) + (n777->and_n777_n790, F0, i)}
{(n570->and_n570_n579, F0, i) + (n790->and_n777_n790, F0, i)}
{(n570->and_n570_n579, F0, i) + (and_n777_n790, F0, i)}
{(and_n570_n579, F0, i) + (and_not_n805_not_n806, F1, i)(not_n806,0,i)}
{(and_n570_n579, F0, i) + (not_n806, F1, i)}
{(and_n570_n579, F0, i) + (n806, F0, i)}
{(and_n570_n579, F0, i) + (n777->and_n777_n790, F0, i)}
{(and_n570_n579, F0, i) + (n790->and_n777_n790, F0, i)}
{(and_n570_n579, F0, i) + (and_n777_n790, F0, i)}
{(and_not_pi015_1_not_n584, F1, i)(not_pi015_1,0,i) + (and_not_n805_not_n806, F1, i)(not_n806,0,i)}
{(and_not_pi015_1_not_n584, F1, i)(not_pi015_1,0,i) + (not_n806, F1, i)}
{(and_not_pi015_1_not_n584, F1, i)(not_pi015_1,0,i) + (n806, F0, i)}
{(and_not_pi015_1_not_n584, F1, i)(not_pi015_1,0,i) + (n777->and_n777_n790, F0, i)}
{(and_not_pi015_1_not_n584, F1, i)(not_pi015_1,0,i) + (n790->and_n777_n790, F0, i)}
{(and_not_pi015_1_not_n584, F1, i)(not_pi015_1,0,i) + (and_n777_n790, F0, i)}
