{(and_n675_n680, F1, i)(n680,1,i) + (and_not_n1381_not_n1382, F1, i)(not_n1382,1,i)}
{(and_n675_n680, F1, i)(n680,1,i) + (not_n1381, F1, i)}
{(and_n675_n680, F1, i)(n680,1,i) + (n1381, F0, i)}
{(and_n675_n680, F1, i)(n680,1,i) + (pi087->and_pi087_not_n1325_6, F0, i)}
{(and_n675_n680, F1, i)(n680,1,i) + (and_pi087_not_n1325_6, F0, i)}
{(and_n675_n680, F1, i)(n680,1,i) + (n1325->not_n1325_6, F1, i)}
{(and_n675_n680, F1, i)(n680,1,i) + (not_n1325_6, F0, i)}
{(n675, F1, i) + (and_not_n1381_not_n1382, F1, i)(not_n1382,1,i)}
{(n675, F1, i) + (not_n1381, F1, i)}
{(n675, F1, i) + (n1381, F0, i)}
{(n675, F1, i) + (pi087->and_pi087_not_n1325_6, F0, i)}
{(n675, F1, i) + (and_pi087_not_n1325_6, F0, i)}
{(n675, F1, i) + (n1325->not_n1325_6, F1, i)}
{(n675, F1, i) + (not_n1325_6, F0, i)}
{(and_n503_n674, F1, i) + (and_not_n1381_not_n1382, F1, i)(not_n1382,1,i)}
{(and_n503_n674, F1, i) + (not_n1381, F1, i)}
{(and_n503_n674, F1, i) + (n1381, F0, i)}
{(and_n503_n674, F1, i) + (pi087->and_pi087_not_n1325_6, F0, i)}
{(and_n503_n674, F1, i) + (and_pi087_not_n1325_6, F0, i)}
{(and_n503_n674, F1, i) + (n1325->not_n1325_6, F1, i)}
{(and_n503_n674, F1, i) + (not_n1325_6, F0, i)}
