{(and_pi017_not_pi054_70, F1, i)(pi017,1,i) + (and_not_pi026_3430_not_pi053_7, F1, i)(not_pi053_7,0,i)}
{(and_pi017_not_pi054_70, F1, i)(pi017,1,i) + (and_not_pi058_8_not_n1190, F1, i)(not_pi058_8,1,i)}
{(and_pi017_not_pi054_70, F1, i)(pi017,1,i) + (n1192->and_not_pi116_9_n1192, F1, i)}
{(and_pi017_not_pi054_70, F1, i)(pi017,1,i) + (and_not_pi116_9_n1192, F1, i)(not_pi116_9,1,i)}
{(and_pi017_not_pi054_70, F1, i)(pi017,1,i) + (not_n1190, F1, i)}
{(and_pi017_not_pi054_70, F1, i)(pi017,1,i) + (n1190, F0, i)}
{(and_pi017_not_pi054_70, F1, i)(pi017,1,i) + (and_not_n1187_not_n1189, F0, i)}
{(and_pi017_not_pi054_70, F1, i)(pi017,1,i) + (n1187->not_n1187, F1, i)}
{(and_pi017_not_pi054_70, F1, i)(pi017,1,i) + (not_n1187, F0, i)}
{(and_pi017_not_pi054_70, F1, i)(pi017,1,i) + (not_n1189, F0, i)}
{(and_pi017_not_pi054_70, F1, i)(pi017,1,i) + (n1189, F1, i)}
{(and_pi017_not_pi054_70, F1, i)(pi017,1,i) + (and_not_pi085_9_not_n1188, F1, i)}
{(pi054->not_pi054_70, F0, i) + (and_not_pi026_3430_not_pi053_7, F1, i)(not_pi053_7,0,i)}
{(pi054->not_pi054_70, F0, i) + (and_not_pi058_8_not_n1190, F1, i)(not_pi058_8,1,i)}
{(pi054->not_pi054_70, F0, i) + (n1192->and_not_pi116_9_n1192, F1, i)}
{(pi054->not_pi054_70, F0, i) + (and_not_pi116_9_n1192, F1, i)(not_pi116_9,1,i)}
{(pi054->not_pi054_70, F0, i) + (not_n1190, F1, i)}
{(pi054->not_pi054_70, F0, i) + (n1190, F0, i)}
{(pi054->not_pi054_70, F0, i) + (and_not_n1187_not_n1189, F0, i)}
{(pi054->not_pi054_70, F0, i) + (n1187->not_n1187, F1, i)}
{(pi054->not_pi054_70, F0, i) + (not_n1187, F0, i)}
{(pi054->not_pi054_70, F0, i) + (not_n1189, F0, i)}
{(pi054->not_pi054_70, F0, i) + (n1189, F1, i)}
{(pi054->not_pi054_70, F0, i) + (and_not_pi085_9_not_n1188, F1, i)}
{(not_pi054_70, F1, i) + (and_not_pi026_3430_not_pi053_7, F1, i)(not_pi053_7,0,i)}
{(not_pi054_70, F1, i) + (and_not_pi058_8_not_n1190, F1, i)(not_pi058_8,1,i)}
{(not_pi054_70, F1, i) + (n1192->and_not_pi116_9_n1192, F1, i)}
{(not_pi054_70, F1, i) + (and_not_pi116_9_n1192, F1, i)(not_pi116_9,1,i)}
{(not_pi054_70, F1, i) + (not_n1190, F1, i)}
{(not_pi054_70, F1, i) + (n1190, F0, i)}
{(not_pi054_70, F1, i) + (and_not_n1187_not_n1189, F0, i)}
{(not_pi054_70, F1, i) + (n1187->not_n1187, F1, i)}
{(not_pi054_70, F1, i) + (not_n1187, F0, i)}
{(not_pi054_70, F1, i) + (not_n1189, F0, i)}
{(not_pi054_70, F1, i) + (n1189, F1, i)}
{(not_pi054_70, F1, i) + (and_not_pi085_9_not_n1188, F1, i)}
