{(and_not_pi085_10_n1187, F1, i)(n1187,0,i)(not_pi085_10,0,i) + (and_not_pi129_57908879424491981188665523012880962572678888930017262494560649211430_not_n724, F1, i)(not_n724,1,i)}
{(and_not_pi085_10_n1187, F1, i)(n1187,0,i)(not_pi085_10,0,i) + (pi129->not_pi129_57908879424491981188665523012880962572678888930017262494560649211430, F0, i)}
{(and_not_pi085_10_n1187, F1, i)(n1187,0,i)(not_pi085_10,0,i) + (not_pi129_57908879424491981188665523012880962572678888930017262494560649211430, F1, i)}
{(and_not_pi026_3430_not_pi053_7, F1, i)(not_pi026_3430,1,i) + (and_not_pi129_57908879424491981188665523012880962572678888930017262494560649211430_not_n724, F1, i)(not_n724,1,i)}
{(and_not_pi026_3430_not_pi053_7, F1, i)(not_pi026_3430,1,i) + (pi129->not_pi129_57908879424491981188665523012880962572678888930017262494560649211430, F0, i)}
{(and_not_pi026_3430_not_pi053_7, F1, i)(not_pi026_3430,1,i) + (not_pi129_57908879424491981188665523012880962572678888930017262494560649211430, F1, i)}
{(pi053->not_pi053_7, F0, i) + (and_not_pi129_57908879424491981188665523012880962572678888930017262494560649211430_not_n724, F1, i)(not_n724,1,i)}
{(pi053->not_pi053_7, F0, i) + (pi129->not_pi129_57908879424491981188665523012880962572678888930017262494560649211430, F0, i)}
{(pi053->not_pi053_7, F0, i) + (not_pi129_57908879424491981188665523012880962572678888930017262494560649211430, F1, i)}
{(not_pi053_7, F1, i) + (and_not_pi129_57908879424491981188665523012880962572678888930017262494560649211430_not_n724, F1, i)(not_n724,1,i)}
{(not_pi053_7, F1, i) + (pi129->not_pi129_57908879424491981188665523012880962572678888930017262494560649211430, F0, i)}
{(not_pi053_7, F1, i) + (not_pi129_57908879424491981188665523012880962572678888930017262494560649211430, F1, i)}
{(and_not_pi085_9_not_n1188, F1, i)(not_pi085_9,0,i) + (and_not_pi129_57908879424491981188665523012880962572678888930017262494560649211430_not_n724, F1, i)(not_n724,1,i)}
{(and_not_pi085_9_not_n1188, F1, i)(not_pi085_9,0,i) + (pi129->not_pi129_57908879424491981188665523012880962572678888930017262494560649211430, F0, i)}
{(and_not_pi085_9_not_n1188, F1, i)(not_pi085_9,0,i) + (not_pi129_57908879424491981188665523012880962572678888930017262494560649211430, F1, i)}
{(pi085->not_pi085_9, F0, i) + (and_not_pi129_57908879424491981188665523012880962572678888930017262494560649211430_not_n724, F1, i)(not_n724,1,i)}
{(pi085->not_pi085_9, F0, i) + (pi129->not_pi129_57908879424491981188665523012880962572678888930017262494560649211430, F0, i)}
{(pi085->not_pi085_9, F0, i) + (not_pi129_57908879424491981188665523012880962572678888930017262494560649211430, F1, i)}
{(not_pi085_9, F1, i) + (and_not_pi129_57908879424491981188665523012880962572678888930017262494560649211430_not_n724, F1, i)(not_n724,1,i)}
{(not_pi085_9, F1, i) + (pi129->not_pi129_57908879424491981188665523012880962572678888930017262494560649211430, F0, i)}
{(not_pi085_9, F1, i) + (not_pi129_57908879424491981188665523012880962572678888930017262494560649211430, F1, i)}
