{(or_n1469_n1479, F0, i)(n1479,0,i) + (and_pi009_not_pi054_4, F1, i)(pi009,1,i)}
{(or_n1469_n1479, F0, i)(n1479,0,i) + (pi054->not_pi054_4, F0, i)}
{(or_n1469_n1479, F0, i)(n1479,0,i) + (not_pi054_4, F1, i)}
{(n1469, F0, i) + (and_pi009_not_pi054_4, F1, i)(pi009,1,i)}
{(n1469, F0, i) + (pi054->not_pi054_4, F0, i)}
{(n1469, F0, i) + (not_pi054_4, F1, i)}
{(pi138->and_pi138_not_n1468, F0, i) + (and_pi009_not_pi054_4, F1, i)(pi009,1,i)}
{(pi138->and_pi138_not_n1468, F0, i) + (pi054->not_pi054_4, F0, i)}
{(pi138->and_pi138_not_n1468, F0, i) + (not_pi054_4, F1, i)}
{(and_pi138_not_n1468, F0, i) + (and_pi009_not_pi054_4, F1, i)(pi009,1,i)}
{(and_pi138_not_n1468, F0, i) + (pi054->not_pi054_4, F0, i)}
{(and_pi138_not_n1468, F0, i) + (not_pi054_4, F1, i)}
{(not_n1468, F0, i) + (and_pi009_not_pi054_4, F1, i)(pi009,1,i)}
{(not_n1468, F0, i) + (pi054->not_pi054_4, F0, i)}
{(not_n1468, F0, i) + (not_pi054_4, F1, i)}
{(n1468, F1, i) + (and_pi009_not_pi054_4, F1, i)(pi009,1,i)}
{(n1468, F1, i) + (pi054->not_pi054_4, F0, i)}
{(n1468, F1, i) + (not_pi054_4, F1, i)}
{(and_not_n1466_not_n1467, F1, i) + (and_pi009_not_pi054_4, F1, i)(pi009,1,i)}
{(and_not_n1466_not_n1467, F1, i) + (pi054->not_pi054_4, F0, i)}
{(and_not_n1466_not_n1467, F1, i) + (not_pi054_4, F1, i)}
