{(and_not_pi129_138412872010_not_n685, F1, i)(not_n685,1,i) + (and_not_n544_not_n553, F1, i)(not_n544,1,i)}
{(and_not_pi129_138412872010_not_n685, F1, i)(not_n685,1,i) + (not_n553, F1, i)}
{(and_not_pi129_138412872010_not_n685, F1, i)(not_n685,1,i) + (n553, F0, i)}
{(and_not_pi129_138412872010_not_n685, F1, i)(not_n685,1,i) + (and_n547_n552, F0, i)}
{(and_not_pi129_138412872010_not_n685, F1, i)(not_n685,1,i) + (n547, F0, i)}
{(and_not_pi129_138412872010_not_n685, F1, i)(not_n685,1,i) + (n552, F0, i)}
{(and_not_pi129_138412872010_not_n685, F1, i)(not_n685,1,i) + (n447->and_n447_n546, F0, i)}
{(and_not_pi129_138412872010_not_n685, F1, i)(not_n685,1,i) + (and_n447_n546, F0, i)}
{(and_not_pi129_138412872010_not_n685, F1, i)(not_n685,1,i) + (and_n550_n551, F0, i)}
{(and_not_pi129_138412872010_not_n685, F1, i)(not_n685,1,i) + (n546, F0, i)}
{(and_not_pi129_138412872010_not_n685, F1, i)(not_n685,1,i) + (n550, F0, i)}
{(and_not_pi129_138412872010_not_n685, F1, i)(not_n685,1,i) + (n551, F0, i)}
{(and_not_pi129_138412872010_not_n685, F1, i)(not_n685,1,i) + (n448->and_n448_n545, F0, i)}
{(and_not_pi129_138412872010_not_n685, F1, i)(not_n685,1,i) + (and_n448_n545, F0, i)}
{(and_not_pi129_138412872010_not_n685, F1, i)(not_n685,1,i) + (n357->and_n357_n549, F0, i)}
{(and_not_pi129_138412872010_not_n685, F1, i)(not_n685,1,i) + (n549->and_n357_n549, F0, i)}
{(and_not_pi129_138412872010_not_n685, F1, i)(not_n685,1,i) + (and_n357_n549, F0, i)}
{(and_not_pi129_138412872010_not_n685, F1, i)(not_n685,1,i) + (n417->and_not_pi007_7_n417, F0, i)}
{(and_not_pi129_138412872010_not_n685, F1, i)(not_n685,1,i) + (and_not_pi007_7_n417, F0, i)}
{(and_not_pi129_138412872010_not_n685, F1, i)(not_n685,1,i) + (n545, F0, i)}
{(and_not_pi129_138412872010_not_n685, F1, i)(not_n685,1,i) + (pi007->not_pi007_7, F1, i)}
{(and_not_pi129_138412872010_not_n685, F1, i)(not_n685,1,i) + (not_pi007_7, F0, i)}
{(and_not_pi129_138412872010_not_n685, F1, i)(not_n685,1,i) + (n450->and_not_pi013_5_n450, F0, i)}
{(and_not_pi129_138412872010_not_n685, F1, i)(not_n685,1,i) + (and_not_pi013_5_n450, F0, i)}
{(and_not_pi129_138412872010_not_n685, F1, i)(not_n685,1,i) + (pi013->not_pi013_5, F1, i)}
{(and_not_pi129_138412872010_not_n685, F1, i)(not_n685,1,i) + (not_pi013_5, F0, i)}
{(pi129->not_pi129_138412872010, F0, i) + (and_not_n544_not_n553, F1, i)(not_n544,1,i)}
{(pi129->not_pi129_138412872010, F0, i) + (not_n553, F1, i)}
{(pi129->not_pi129_138412872010, F0, i) + (n553, F0, i)}
{(pi129->not_pi129_138412872010, F0, i) + (and_n547_n552, F0, i)}
{(pi129->not_pi129_138412872010, F0, i) + (n547, F0, i)}
{(pi129->not_pi129_138412872010, F0, i) + (n552, F0, i)}
{(pi129->not_pi129_138412872010, F0, i) + (n447->and_n447_n546, F0, i)}
{(pi129->not_pi129_138412872010, F0, i) + (and_n447_n546, F0, i)}
{(pi129->not_pi129_138412872010, F0, i) + (and_n550_n551, F0, i)}
{(pi129->not_pi129_138412872010, F0, i) + (n546, F0, i)}
{(pi129->not_pi129_138412872010, F0, i) + (n550, F0, i)}
{(pi129->not_pi129_138412872010, F0, i) + (n551, F0, i)}
{(pi129->not_pi129_138412872010, F0, i) + (n448->and_n448_n545, F0, i)}
{(pi129->not_pi129_138412872010, F0, i) + (and_n448_n545, F0, i)}
{(pi129->not_pi129_138412872010, F0, i) + (n357->and_n357_n549, F0, i)}
{(pi129->not_pi129_138412872010, F0, i) + (n549->and_n357_n549, F0, i)}
{(pi129->not_pi129_138412872010, F0, i) + (and_n357_n549, F0, i)}
{(pi129->not_pi129_138412872010, F0, i) + (n417->and_not_pi007_7_n417, F0, i)}
{(pi129->not_pi129_138412872010, F0, i) + (and_not_pi007_7_n417, F0, i)}
{(pi129->not_pi129_138412872010, F0, i) + (n545, F0, i)}
{(pi129->not_pi129_138412872010, F0, i) + (pi007->not_pi007_7, F1, i)}
{(pi129->not_pi129_138412872010, F0, i) + (not_pi007_7, F0, i)}
{(pi129->not_pi129_138412872010, F0, i) + (n450->and_not_pi013_5_n450, F0, i)}
{(pi129->not_pi129_138412872010, F0, i) + (and_not_pi013_5_n450, F0, i)}
{(pi129->not_pi129_138412872010, F0, i) + (pi013->not_pi013_5, F1, i)}
{(pi129->not_pi129_138412872010, F0, i) + (not_pi013_5, F0, i)}
{(not_pi129_138412872010, F1, i) + (and_not_n544_not_n553, F1, i)(not_n544,1,i)}
{(not_pi129_138412872010, F1, i) + (not_n553, F1, i)}
{(not_pi129_138412872010, F1, i) + (n553, F0, i)}
{(not_pi129_138412872010, F1, i) + (and_n547_n552, F0, i)}
{(not_pi129_138412872010, F1, i) + (n547, F0, i)}
{(not_pi129_138412872010, F1, i) + (n552, F0, i)}
{(not_pi129_138412872010, F1, i) + (n447->and_n447_n546, F0, i)}
{(not_pi129_138412872010, F1, i) + (and_n447_n546, F0, i)}
{(not_pi129_138412872010, F1, i) + (and_n550_n551, F0, i)}
{(not_pi129_138412872010, F1, i) + (n546, F0, i)}
{(not_pi129_138412872010, F1, i) + (n550, F0, i)}
{(not_pi129_138412872010, F1, i) + (n551, F0, i)}
{(not_pi129_138412872010, F1, i) + (n448->and_n448_n545, F0, i)}
{(not_pi129_138412872010, F1, i) + (and_n448_n545, F0, i)}
{(not_pi129_138412872010, F1, i) + (n357->and_n357_n549, F0, i)}
{(not_pi129_138412872010, F1, i) + (n549->and_n357_n549, F0, i)}
{(not_pi129_138412872010, F1, i) + (and_n357_n549, F0, i)}
{(not_pi129_138412872010, F1, i) + (n417->and_not_pi007_7_n417, F0, i)}
{(not_pi129_138412872010, F1, i) + (and_not_pi007_7_n417, F0, i)}
{(not_pi129_138412872010, F1, i) + (n545, F0, i)}
{(not_pi129_138412872010, F1, i) + (pi007->not_pi007_7, F1, i)}
{(not_pi129_138412872010, F1, i) + (not_pi007_7, F0, i)}
{(not_pi129_138412872010, F1, i) + (n450->and_not_pi013_5_n450, F0, i)}
{(not_pi129_138412872010, F1, i) + (and_not_pi013_5_n450, F0, i)}
{(not_pi129_138412872010, F1, i) + (pi013->not_pi013_5, F1, i)}
{(not_pi129_138412872010, F1, i) + (not_pi013_5, F0, i)}
