{(and_pi111_not_n1421_0, F1, i)(pi111,1,i) + (and_not_n1514_not_n1518, F1, i)(not_n1518,1,i)}
{(and_pi111_not_n1421_0, F1, i)(pi111,1,i) + (not_n1514, F1, i)}
{(and_pi111_not_n1421_0, F1, i)(pi111,1,i) + (n1514, F0, i)}
{(and_pi111_not_n1421_0, F1, i)(pi111,1,i) + (pi136->and_pi136_not_n1513, F0, i)}
{(and_pi111_not_n1421_0, F1, i)(pi111,1,i) + (and_pi136_not_n1513, F0, i)}
{(and_pi111_not_n1421_0, F1, i)(pi111,1,i) + (not_n1513, F0, i)}
{(and_pi111_not_n1421_0, F1, i)(pi111,1,i) + (n1513, F1, i)}
{(and_pi111_not_n1421_0, F1, i)(pi111,1,i) + (and_not_n1511_not_n1512, F1, i)}
{(n1421->not_n1421_0, F0, i) + (and_not_n1514_not_n1518, F1, i)(not_n1518,1,i)}
{(n1421->not_n1421_0, F0, i) + (not_n1514, F1, i)}
{(n1421->not_n1421_0, F0, i) + (n1514, F0, i)}
{(n1421->not_n1421_0, F0, i) + (pi136->and_pi136_not_n1513, F0, i)}
{(n1421->not_n1421_0, F0, i) + (and_pi136_not_n1513, F0, i)}
{(n1421->not_n1421_0, F0, i) + (not_n1513, F0, i)}
{(n1421->not_n1421_0, F0, i) + (n1513, F1, i)}
{(n1421->not_n1421_0, F0, i) + (and_not_n1511_not_n1512, F1, i)}
{(not_n1421_0, F1, i) + (and_not_n1514_not_n1518, F1, i)(not_n1518,1,i)}
{(not_n1421_0, F1, i) + (not_n1514, F1, i)}
{(not_n1421_0, F1, i) + (n1514, F0, i)}
{(not_n1421_0, F1, i) + (pi136->and_pi136_not_n1513, F0, i)}
{(not_n1421_0, F1, i) + (and_pi136_not_n1513, F0, i)}
{(not_n1421_0, F1, i) + (not_n1513, F0, i)}
{(not_n1421_0, F1, i) + (n1513, F1, i)}
{(not_n1421_0, F1, i) + (and_not_n1511_not_n1512, F1, i)}
