{(and_not_n742_n743, F1, i)(n743,1,i) + (and_not_pi129_2837535091800107078244610627631167166061265557570845862233471811360070_n1623, F1, i)(n1623,1,i)}
{(and_not_n742_n743, F1, i)(n743,1,i) + (pi129->not_pi129_2837535091800107078244610627631167166061265557570845862233471811360070, F0, i)}
{(and_not_n742_n743, F1, i)(n743,1,i) + (not_pi129_2837535091800107078244610627631167166061265557570845862233471811360070, F1, i)}
{(not_n742, F1, i) + (and_not_pi129_2837535091800107078244610627631167166061265557570845862233471811360070_n1623, F1, i)(n1623,1,i)}
{(not_n742, F1, i) + (pi129->not_pi129_2837535091800107078244610627631167166061265557570845862233471811360070, F0, i)}
{(not_n742, F1, i) + (not_pi129_2837535091800107078244610627631167166061265557570845862233471811360070, F1, i)}
{(n742, F0, i) + (and_not_pi129_2837535091800107078244610627631167166061265557570845862233471811360070_n1623, F1, i)(n1623,1,i)}
{(n742, F0, i) + (pi129->not_pi129_2837535091800107078244610627631167166061265557570845862233471811360070, F0, i)}
{(n742, F0, i) + (not_pi129_2837535091800107078244610627631167166061265557570845862233471811360070, F1, i)}
{(and_not_n740_not_n741, F0, i) + (and_not_pi129_2837535091800107078244610627631167166061265557570845862233471811360070_n1623, F1, i)(n1623,1,i)}
{(and_not_n740_not_n741, F0, i) + (pi129->not_pi129_2837535091800107078244610627631167166061265557570845862233471811360070, F0, i)}
{(and_not_n740_not_n741, F0, i) + (not_pi129_2837535091800107078244610627631167166061265557570845862233471811360070, F1, i)}
{(not_n741, F0, i) + (and_not_pi129_2837535091800107078244610627631167166061265557570845862233471811360070_n1623, F1, i)(n1623,1,i)}
{(not_n741, F0, i) + (pi129->not_pi129_2837535091800107078244610627631167166061265557570845862233471811360070, F0, i)}
{(not_n741, F0, i) + (not_pi129_2837535091800107078244610627631167166061265557570845862233471811360070, F1, i)}
{(not_n740, F0, i) + (and_not_pi129_2837535091800107078244610627631167166061265557570845862233471811360070_n1623, F1, i)(n1623,1,i)}
{(not_n740, F0, i) + (pi129->not_pi129_2837535091800107078244610627631167166061265557570845862233471811360070, F0, i)}
{(not_n740, F0, i) + (not_pi129_2837535091800107078244610627631167166061265557570845862233471811360070, F1, i)}
{(n741, F1, i) + (and_not_pi129_2837535091800107078244610627631167166061265557570845862233471811360070_n1623, F1, i)(n1623,1,i)}
{(n741, F1, i) + (pi129->not_pi129_2837535091800107078244610627631167166061265557570845862233471811360070, F0, i)}
{(n741, F1, i) + (not_pi129_2837535091800107078244610627631167166061265557570845862233471811360070, F1, i)}
{(n740, F1, i) + (and_not_pi129_2837535091800107078244610627631167166061265557570845862233471811360070_n1623, F1, i)(n1623,1,i)}
{(n740, F1, i) + (pi129->not_pi129_2837535091800107078244610627631167166061265557570845862233471811360070, F0, i)}
{(n740, F1, i) + (not_pi129_2837535091800107078244610627631167166061265557570845862233471811360070, F1, i)}
{(and_n723_n727, F1, i) + (and_not_pi129_2837535091800107078244610627631167166061265557570845862233471811360070_n1623, F1, i)(n1623,1,i)}
{(and_n723_n727, F1, i) + (pi129->not_pi129_2837535091800107078244610627631167166061265557570845862233471811360070, F0, i)}
{(and_n723_n727, F1, i) + (not_pi129_2837535091800107078244610627631167166061265557570845862233471811360070, F1, i)}
{(and_pi027_not_n739, F1, i) + (and_not_pi129_2837535091800107078244610627631167166061265557570845862233471811360070_n1623, F1, i)(n1623,1,i)}
{(and_pi027_not_n739, F1, i) + (pi129->not_pi129_2837535091800107078244610627631167166061265557570845862233471811360070, F0, i)}
{(and_pi027_not_n739, F1, i) + (not_pi129_2837535091800107078244610627631167166061265557570845862233471811360070, F1, i)}
