{(n407, F0, i) + (and_not_n802_not_n803, F1, i)(not_n803,1,i)}
{(n407, F0, i) + (not_n802, F1, i)}
{(n407, F0, i) + (n802, F0, i)}
{(n407, F0, i) + (n776->and_n776_n801, F0, i)}
{(n407, F0, i) + (and_n776_n801, F0, i)}
{(n407, F0, i) + (n801, F0, i)}
{(n407, F0, i) + (and_not_pi110_2_n800, F0, i)}
{(n407, F0, i) + (pi110->not_pi110_2, F1, i)}
{(n407, F0, i) + (not_pi110_2, F0, i)}
{(n407, F0, i) + (n800, F0, i)}
{(n407, F0, i) + (and_not_pi026_6_not_pi100_1, F0, i)}
{(n407, F0, i) + (pi026->not_pi026_6, F1, i)}
{(n407, F0, i) + (not_pi026_6, F0, i)}
{(n407, F0, i) + (pi100->not_pi100_1, F1, i)}
{(n407, F0, i) + (not_pi100_1, F0, i)}
{(n404->and_n404_n406, F0, i) + (and_not_n802_not_n803, F1, i)(not_n803,1,i)}
{(n404->and_n404_n406, F0, i) + (not_n802, F1, i)}
{(n404->and_n404_n406, F0, i) + (n802, F0, i)}
{(n404->and_n404_n406, F0, i) + (n776->and_n776_n801, F0, i)}
{(n404->and_n404_n406, F0, i) + (and_n776_n801, F0, i)}
{(n404->and_n404_n406, F0, i) + (n801, F0, i)}
{(n404->and_n404_n406, F0, i) + (and_not_pi110_2_n800, F0, i)}
{(n404->and_n404_n406, F0, i) + (pi110->not_pi110_2, F1, i)}
{(n404->and_n404_n406, F0, i) + (not_pi110_2, F0, i)}
{(n404->and_n404_n406, F0, i) + (n800, F0, i)}
{(n404->and_n404_n406, F0, i) + (and_not_pi026_6_not_pi100_1, F0, i)}
{(n404->and_n404_n406, F0, i) + (pi026->not_pi026_6, F1, i)}
{(n404->and_n404_n406, F0, i) + (not_pi026_6, F0, i)}
{(n404->and_n404_n406, F0, i) + (pi100->not_pi100_1, F1, i)}
{(n404->and_n404_n406, F0, i) + (not_pi100_1, F0, i)}
{(n406->and_n404_n406, F0, i) + (and_not_n802_not_n803, F1, i)(not_n803,1,i)}
{(n406->and_n404_n406, F0, i) + (not_n802, F1, i)}
{(n406->and_n404_n406, F0, i) + (n802, F0, i)}
{(n406->and_n404_n406, F0, i) + (n776->and_n776_n801, F0, i)}
{(n406->and_n404_n406, F0, i) + (and_n776_n801, F0, i)}
{(n406->and_n404_n406, F0, i) + (n801, F0, i)}
{(n406->and_n404_n406, F0, i) + (and_not_pi110_2_n800, F0, i)}
{(n406->and_n404_n406, F0, i) + (pi110->not_pi110_2, F1, i)}
{(n406->and_n404_n406, F0, i) + (not_pi110_2, F0, i)}
{(n406->and_n404_n406, F0, i) + (n800, F0, i)}
{(n406->and_n404_n406, F0, i) + (and_not_pi026_6_not_pi100_1, F0, i)}
{(n406->and_n404_n406, F0, i) + (pi026->not_pi026_6, F1, i)}
{(n406->and_n404_n406, F0, i) + (not_pi026_6, F0, i)}
{(n406->and_n404_n406, F0, i) + (pi100->not_pi100_1, F1, i)}
{(n406->and_n404_n406, F0, i) + (not_pi100_1, F0, i)}
{(and_n404_n406, F0, i) + (and_not_n802_not_n803, F1, i)(not_n803,1,i)}
{(and_n404_n406, F0, i) + (not_n802, F1, i)}
{(and_n404_n406, F0, i) + (n802, F0, i)}
{(and_n404_n406, F0, i) + (n776->and_n776_n801, F0, i)}
{(and_n404_n406, F0, i) + (and_n776_n801, F0, i)}
{(and_n404_n406, F0, i) + (n801, F0, i)}
{(and_n404_n406, F0, i) + (and_not_pi110_2_n800, F0, i)}
{(and_n404_n406, F0, i) + (pi110->not_pi110_2, F1, i)}
{(and_n404_n406, F0, i) + (not_pi110_2, F0, i)}
{(and_n404_n406, F0, i) + (n800, F0, i)}
{(and_n404_n406, F0, i) + (and_not_pi026_6_not_pi100_1, F0, i)}
{(and_n404_n406, F0, i) + (pi026->not_pi026_6, F1, i)}
{(and_n404_n406, F0, i) + (not_pi026_6, F0, i)}
{(and_n404_n406, F0, i) + (pi100->not_pi100_1, F1, i)}
{(and_n404_n406, F0, i) + (not_pi100_1, F0, i)}
