{(n794, F0, i) + (and_pi039_not_n943, F1, i)(not_n943,0,i)}
{(n794, F0, i) + (n943->not_n943, F0, i)}
{(n794, F0, i) + (not_n943, F1, i)}
{(n794, F0, i) + (and_not_pi039_0_not_pi052_0, F1, i)(not_pi052_0,1,i)}
{(n794, F0, i) + (pi039->not_pi039_0, F0, i)}
{(n794, F0, i) + (not_pi039_0, F1, i)}
{(pi026->and_pi026_not_pi027_5, F0, i) + (and_pi039_not_n943, F1, i)(not_n943,0,i)}
{(pi026->and_pi026_not_pi027_5, F0, i) + (n943->not_n943, F0, i)}
{(pi026->and_pi026_not_pi027_5, F0, i) + (not_n943, F1, i)}
{(pi026->and_pi026_not_pi027_5, F0, i) + (and_not_pi039_0_not_pi052_0, F1, i)(not_pi052_0,1,i)}
{(pi026->and_pi026_not_pi027_5, F0, i) + (pi039->not_pi039_0, F0, i)}
{(pi026->and_pi026_not_pi027_5, F0, i) + (not_pi039_0, F1, i)}
{(and_pi026_not_pi027_5, F0, i) + (and_pi039_not_n943, F1, i)(not_n943,0,i)}
{(and_pi026_not_pi027_5, F0, i) + (n943->not_n943, F0, i)}
{(and_pi026_not_pi027_5, F0, i) + (not_n943, F1, i)}
{(and_pi026_not_pi027_5, F0, i) + (and_not_pi039_0_not_pi052_0, F1, i)(not_pi052_0,1,i)}
{(and_pi026_not_pi027_5, F0, i) + (pi039->not_pi039_0, F0, i)}
{(and_pi026_not_pi027_5, F0, i) + (not_pi039_0, F1, i)}
{(pi027->not_pi027_5, F1, i) + (and_pi039_not_n943, F1, i)(not_n943,0,i)}
{(pi027->not_pi027_5, F1, i) + (n943->not_n943, F0, i)}
{(pi027->not_pi027_5, F1, i) + (not_n943, F1, i)}
{(pi027->not_pi027_5, F1, i) + (and_not_pi039_0_not_pi052_0, F1, i)(not_pi052_0,1,i)}
{(pi027->not_pi027_5, F1, i) + (pi039->not_pi039_0, F0, i)}
{(pi027->not_pi027_5, F1, i) + (not_pi039_0, F1, i)}
{(not_pi027_5, F0, i) + (and_pi039_not_n943, F1, i)(not_n943,0,i)}
{(not_pi027_5, F0, i) + (n943->not_n943, F0, i)}
{(not_pi027_5, F0, i) + (not_n943, F1, i)}
{(not_pi027_5, F0, i) + (and_not_pi039_0_not_pi052_0, F1, i)(not_pi052_0,1,i)}
{(not_pi027_5, F0, i) + (pi039->not_pi039_0, F0, i)}
{(not_pi027_5, F0, i) + (not_pi039_0, F1, i)}
