{(and_pi136_not_n1513, F1, i)(pi136,0,i) + (and_not_pi027_3_n713, F1, i)(n713,1,i)}
{(and_pi136_not_n1513, F1, i)(pi136,0,i) + (pi027->not_pi027_3, F0, i)}
{(and_pi136_not_n1513, F1, i)(pi136,0,i) + (not_pi027_3, F1, i)}
{(and_pi136_not_n1513, F1, i)(pi136,0,i) + (and_n762_not_n777, F1, i)(not_n777,0,i)}
{(and_pi136_not_n1513, F1, i)(pi136,0,i) + (n777->not_n777, F0, i)}
{(and_pi136_not_n1513, F1, i)(pi136,0,i) + (not_n777, F1, i)}
{(and_not_pi136_490_not_n1517, F1, i)(not_pi136_490,1,i) + (and_not_pi027_3_n713, F1, i)(n713,1,i)}
{(and_not_pi136_490_not_n1517, F1, i)(not_pi136_490,1,i) + (pi027->not_pi027_3, F0, i)}
{(and_not_pi136_490_not_n1517, F1, i)(not_pi136_490,1,i) + (not_pi027_3, F1, i)}
{(and_not_pi136_490_not_n1517, F1, i)(not_pi136_490,1,i) + (and_n762_not_n777, F1, i)(not_n777,0,i)}
{(and_not_pi136_490_not_n1517, F1, i)(not_pi136_490,1,i) + (n777->not_n777, F0, i)}
{(and_not_pi136_490_not_n1517, F1, i)(not_pi136_490,1,i) + (not_n777, F1, i)}
{(not_n1517, F1, i) + (and_not_pi027_3_n713, F1, i)(n713,1,i)}
{(not_n1517, F1, i) + (pi027->not_pi027_3, F0, i)}
{(not_n1517, F1, i) + (not_pi027_3, F1, i)}
{(not_n1517, F1, i) + (and_n762_not_n777, F1, i)(not_n777,0,i)}
{(not_n1517, F1, i) + (n777->not_n777, F0, i)}
{(not_n1517, F1, i) + (not_n777, F1, i)}
{(n1517, F0, i) + (and_not_pi027_3_n713, F1, i)(n713,1,i)}
{(n1517, F0, i) + (pi027->not_pi027_3, F0, i)}
{(n1517, F0, i) + (not_pi027_3, F1, i)}
{(n1517, F0, i) + (and_n762_not_n777, F1, i)(not_n777,0,i)}
{(n1517, F0, i) + (n777->not_n777, F0, i)}
{(n1517, F0, i) + (not_n777, F1, i)}
{(and_not_n1515_not_n1516, F0, i) + (and_not_pi027_3_n713, F1, i)(n713,1,i)}
{(and_not_n1515_not_n1516, F0, i) + (pi027->not_pi027_3, F0, i)}
{(and_not_n1515_not_n1516, F0, i) + (not_pi027_3, F1, i)}
{(and_not_n1515_not_n1516, F0, i) + (and_n762_not_n777, F1, i)(not_n777,0,i)}
{(and_not_n1515_not_n1516, F0, i) + (n777->not_n777, F0, i)}
{(and_not_n1515_not_n1516, F0, i) + (not_n777, F1, i)}
{(not_n1515, F0, i) + (and_not_pi027_3_n713, F1, i)(n713,1,i)}
{(not_n1515, F0, i) + (pi027->not_pi027_3, F0, i)}
{(not_n1515, F0, i) + (not_pi027_3, F1, i)}
{(not_n1515, F0, i) + (and_n762_not_n777, F1, i)(not_n777,0,i)}
{(not_n1515, F0, i) + (n777->not_n777, F0, i)}
{(not_n1515, F0, i) + (not_n777, F1, i)}
{(not_n1516, F0, i) + (and_not_pi027_3_n713, F1, i)(n713,1,i)}
{(not_n1516, F0, i) + (pi027->not_pi027_3, F0, i)}
{(not_n1516, F0, i) + (not_pi027_3, F1, i)}
{(not_n1516, F0, i) + (and_n762_not_n777, F1, i)(not_n777,0,i)}
{(not_n1516, F0, i) + (n777->not_n777, F0, i)}
{(not_n1516, F0, i) + (not_n777, F1, i)}
{(n1515, F1, i) + (and_not_pi027_3_n713, F1, i)(n713,1,i)}
{(n1515, F1, i) + (pi027->not_pi027_3, F0, i)}
{(n1515, F1, i) + (not_pi027_3, F1, i)}
{(n1515, F1, i) + (and_n762_not_n777, F1, i)(not_n777,0,i)}
{(n1515, F1, i) + (n777->not_n777, F0, i)}
{(n1515, F1, i) + (not_n777, F1, i)}
{(n1516, F1, i) + (and_not_pi027_3_n713, F1, i)(n713,1,i)}
{(n1516, F1, i) + (pi027->not_pi027_3, F0, i)}
{(n1516, F1, i) + (not_pi027_3, F1, i)}
{(n1516, F1, i) + (and_n762_not_n777, F1, i)(not_n777,0,i)}
{(n1516, F1, i) + (n777->not_n777, F0, i)}
{(n1516, F1, i) + (not_n777, F1, i)}
{(and_pi125_pi138, F1, i) + (and_not_pi027_3_n713, F1, i)(n713,1,i)}
{(and_pi125_pi138, F1, i) + (pi027->not_pi027_3, F0, i)}
{(and_pi125_pi138, F1, i) + (not_pi027_3, F1, i)}
{(and_pi125_pi138, F1, i) + (and_n762_not_n777, F1, i)(not_n777,0,i)}
{(and_pi125_pi138, F1, i) + (n777->not_n777, F0, i)}
{(and_pi125_pi138, F1, i) + (not_n777, F1, i)}
{(and_not_pi075_not_pi138_490, F1, i) + (and_not_pi027_3_n713, F1, i)(n713,1,i)}
{(and_not_pi075_not_pi138_490, F1, i) + (pi027->not_pi027_3, F0, i)}
{(and_not_pi075_not_pi138_490, F1, i) + (not_pi027_3, F1, i)}
{(and_not_pi075_not_pi138_490, F1, i) + (and_n762_not_n777, F1, i)(not_n777,0,i)}
{(and_not_pi075_not_pi138_490, F1, i) + (n777->not_n777, F0, i)}
{(and_not_pi075_not_pi138_490, F1, i) + (not_n777, F1, i)}
