{(n638, F0, i) + (n755->and_n743_n755, F1, i)}
{(n638, F0, i) + (and_n743_n755, F1, i)(n743,1,i)}
{(n638, F0, i) + (and_not_pi053_0_pi058, F1, i)(not_pi053_0,0,i)}
{(n638, F0, i) + (pi053->not_pi053_0, F0, i)}
{(n638, F0, i) + (not_pi053_0, F1, i)}
{(n387->and_n381_n387, F0, i) + (n755->and_n743_n755, F1, i)}
{(n387->and_n381_n387, F0, i) + (and_n743_n755, F1, i)(n743,1,i)}
{(n387->and_n381_n387, F0, i) + (and_not_pi053_0_pi058, F1, i)(not_pi053_0,0,i)}
{(n387->and_n381_n387, F0, i) + (pi053->not_pi053_0, F0, i)}
{(n387->and_n381_n387, F0, i) + (not_pi053_0, F1, i)}
{(n381->and_n381_n387, F0, i) + (n755->and_n743_n755, F1, i)}
{(n381->and_n381_n387, F0, i) + (and_n743_n755, F1, i)(n743,1,i)}
{(n381->and_n381_n387, F0, i) + (and_not_pi053_0_pi058, F1, i)(not_pi053_0,0,i)}
{(n381->and_n381_n387, F0, i) + (pi053->not_pi053_0, F0, i)}
{(n381->and_n381_n387, F0, i) + (not_pi053_0, F1, i)}
{(and_n381_n387, F0, i) + (n755->and_n743_n755, F1, i)}
{(and_n381_n387, F0, i) + (and_n743_n755, F1, i)(n743,1,i)}
{(and_n381_n387, F0, i) + (and_not_pi053_0_pi058, F1, i)(not_pi053_0,0,i)}
{(and_n381_n387, F0, i) + (pi053->not_pi053_0, F0, i)}
{(and_n381_n387, F0, i) + (not_pi053_0, F1, i)}
