{(and_n302_not_n334, F1, i)(n302,1,i) + (and_not_pi015_1_not_n584, F1, i)(not_n584,1,i)}
{(and_n302_not_n334, F1, i)(n302,1,i) + (pi015->not_pi015_1, F0, i)}
{(and_n302_not_n334, F1, i)(n302,1,i) + (not_pi015_1, F1, i)}
{(not_n334, F1, i) + (and_not_pi015_1_not_n584, F1, i)(not_n584,1,i)}
{(not_n334, F1, i) + (pi015->not_pi015_1, F0, i)}
{(not_n334, F1, i) + (not_pi015_1, F1, i)}
{(n334, F0, i) + (and_not_pi015_1_not_n584, F1, i)(not_n584,1,i)}
{(n334, F0, i) + (pi015->not_pi015_1, F0, i)}
{(n334, F0, i) + (not_pi015_1, F1, i)}
{(and_not_n310_not_n333, F0, i) + (and_not_pi015_1_not_n584, F1, i)(not_n584,1,i)}
{(and_not_n310_not_n333, F0, i) + (pi015->not_pi015_1, F0, i)}
{(and_not_n310_not_n333, F0, i) + (not_pi015_1, F1, i)}
{(not_n310, F0, i) + (and_not_pi015_1_not_n584, F1, i)(not_n584,1,i)}
{(not_n310, F0, i) + (pi015->not_pi015_1, F0, i)}
{(not_n310, F0, i) + (not_pi015_1, F1, i)}
{(not_n333, F0, i) + (and_not_pi015_1_not_n584, F1, i)(not_n584,1,i)}
{(not_n333, F0, i) + (pi015->not_pi015_1, F0, i)}
{(not_n333, F0, i) + (not_pi015_1, F1, i)}
{(n310, F1, i) + (and_not_pi015_1_not_n584, F1, i)(not_n584,1,i)}
{(n310, F1, i) + (pi015->not_pi015_1, F0, i)}
{(n310, F1, i) + (not_pi015_1, F1, i)}
{(n333, F1, i) + (and_not_pi015_1_not_n584, F1, i)(not_n584,1,i)}
{(n333, F1, i) + (pi015->not_pi015_1, F0, i)}
{(n333, F1, i) + (not_pi015_1, F1, i)}
{(and_not_pi056_0_not_n301, F1, i) + (and_not_pi015_1_not_n584, F1, i)(not_n584,1,i)}
{(and_not_pi056_0_not_n301, F1, i) + (pi015->not_pi015_1, F0, i)}
{(and_not_pi056_0_not_n301, F1, i) + (not_pi015_1, F1, i)}
{(and_n331_n332, F1, i) + (and_not_pi015_1_not_n584, F1, i)(not_n584,1,i)}
{(and_n331_n332, F1, i) + (pi015->not_pi015_1, F0, i)}
{(and_n331_n332, F1, i) + (not_pi015_1, F1, i)}
