{(po072, F0, i) + (and_not_n1114_not_n1115, F1, i)(not_n1115,0,i)}
{(po072, F0, i) + (not_n1115, F1, i)}
{(po072, F0, i) + (n1115, F0, i)}
{(po072, F0, i) + (pi049->and_pi049_n411, F0, i)}
{(po072, F0, i) + (n411->and_pi049_n411, F0, i)}
{(po072, F0, i) + (and_pi049_n411, F0, i)}
{(po072_driver, F0, i) + (and_not_n1114_not_n1115, F1, i)(not_n1115,0,i)}
{(po072_driver, F0, i) + (not_n1115, F1, i)}
{(po072_driver, F0, i) + (n1115, F0, i)}
{(po072_driver, F0, i) + (pi049->and_pi049_n411, F0, i)}
{(po072_driver, F0, i) + (n411->and_pi049_n411, F0, i)}
{(po072_driver, F0, i) + (and_pi049_n411, F0, i)}
{(and_not_pi003_968890104070_n1203, F0, i) + (and_not_n1114_not_n1115, F1, i)(not_n1115,0,i)}
{(and_not_pi003_968890104070_n1203, F0, i) + (not_n1115, F1, i)}
{(and_not_pi003_968890104070_n1203, F0, i) + (n1115, F0, i)}
{(and_not_pi003_968890104070_n1203, F0, i) + (pi049->and_pi049_n411, F0, i)}
{(and_not_pi003_968890104070_n1203, F0, i) + (n411->and_pi049_n411, F0, i)}
{(and_not_pi003_968890104070_n1203, F0, i) + (and_pi049_n411, F0, i)}
{(n1203, F0, i) + (and_not_n1114_not_n1115, F1, i)(not_n1115,0,i)}
{(n1203, F0, i) + (not_n1115, F1, i)}
{(n1203, F0, i) + (n1115, F0, i)}
{(n1203, F0, i) + (pi049->and_pi049_n411, F0, i)}
{(n1203, F0, i) + (n411->and_pi049_n411, F0, i)}
{(n1203, F0, i) + (and_pi049_n411, F0, i)}
{(pi003->not_pi003_968890104070, F1, i) + (and_not_n1114_not_n1115, F1, i)(not_n1115,0,i)}
{(pi003->not_pi003_968890104070, F1, i) + (not_n1115, F1, i)}
{(pi003->not_pi003_968890104070, F1, i) + (n1115, F0, i)}
{(pi003->not_pi003_968890104070, F1, i) + (pi049->and_pi049_n411, F0, i)}
{(pi003->not_pi003_968890104070, F1, i) + (n411->and_pi049_n411, F0, i)}
{(pi003->not_pi003_968890104070, F1, i) + (and_pi049_n411, F0, i)}
{(not_pi003_968890104070, F0, i) + (and_not_n1114_not_n1115, F1, i)(not_n1115,0,i)}
{(not_pi003_968890104070, F0, i) + (not_n1115, F1, i)}
{(not_pi003_968890104070, F0, i) + (n1115, F0, i)}
{(not_pi003_968890104070, F0, i) + (pi049->and_pi049_n411, F0, i)}
{(not_pi003_968890104070, F0, i) + (n411->and_pi049_n411, F0, i)}
{(not_pi003_968890104070, F0, i) + (and_pi049_n411, F0, i)}
{(and_not_pi129_152867006319425761937651857692768264010_not_n1202, F0, i) + (and_not_n1114_not_n1115, F1, i)(not_n1115,0,i)}
{(and_not_pi129_152867006319425761937651857692768264010_not_n1202, F0, i) + (not_n1115, F1, i)}
{(and_not_pi129_152867006319425761937651857692768264010_not_n1202, F0, i) + (n1115, F0, i)}
{(and_not_pi129_152867006319425761937651857692768264010_not_n1202, F0, i) + (pi049->and_pi049_n411, F0, i)}
{(and_not_pi129_152867006319425761937651857692768264010_not_n1202, F0, i) + (n411->and_pi049_n411, F0, i)}
{(and_not_pi129_152867006319425761937651857692768264010_not_n1202, F0, i) + (and_pi049_n411, F0, i)}
{(not_n1202, F0, i) + (and_not_n1114_not_n1115, F1, i)(not_n1115,0,i)}
{(not_n1202, F0, i) + (not_n1115, F1, i)}
{(not_n1202, F0, i) + (n1115, F0, i)}
{(not_n1202, F0, i) + (pi049->and_pi049_n411, F0, i)}
{(not_n1202, F0, i) + (n411->and_pi049_n411, F0, i)}
{(not_n1202, F0, i) + (and_pi049_n411, F0, i)}
{(pi129->not_pi129_152867006319425761937651857692768264010, F1, i) + (and_not_n1114_not_n1115, F1, i)(not_n1115,0,i)}
{(pi129->not_pi129_152867006319425761937651857692768264010, F1, i) + (not_n1115, F1, i)}
{(pi129->not_pi129_152867006319425761937651857692768264010, F1, i) + (n1115, F0, i)}
{(pi129->not_pi129_152867006319425761937651857692768264010, F1, i) + (pi049->and_pi049_n411, F0, i)}
{(pi129->not_pi129_152867006319425761937651857692768264010, F1, i) + (n411->and_pi049_n411, F0, i)}
{(pi129->not_pi129_152867006319425761937651857692768264010, F1, i) + (and_pi049_n411, F0, i)}
{(not_pi129_152867006319425761937651857692768264010, F0, i) + (and_not_n1114_not_n1115, F1, i)(not_n1115,0,i)}
{(not_pi129_152867006319425761937651857692768264010, F0, i) + (not_n1115, F1, i)}
{(not_pi129_152867006319425761937651857692768264010, F0, i) + (n1115, F0, i)}
{(not_pi129_152867006319425761937651857692768264010, F0, i) + (pi049->and_pi049_n411, F0, i)}
{(not_pi129_152867006319425761937651857692768264010, F0, i) + (n411->and_pi049_n411, F0, i)}
{(not_pi129_152867006319425761937651857692768264010, F0, i) + (and_pi049_n411, F0, i)}
{(n1202, F1, i) + (and_not_n1114_not_n1115, F1, i)(not_n1115,0,i)}
{(n1202, F1, i) + (not_n1115, F1, i)}
{(n1202, F1, i) + (n1115, F0, i)}
{(n1202, F1, i) + (pi049->and_pi049_n411, F0, i)}
{(n1202, F1, i) + (n411->and_pi049_n411, F0, i)}
{(n1202, F1, i) + (and_pi049_n411, F0, i)}
{(and_not_n1199_not_n1201, F1, i) + (and_not_n1114_not_n1115, F1, i)(not_n1115,0,i)}
{(and_not_n1199_not_n1201, F1, i) + (not_n1115, F1, i)}
{(and_not_n1199_not_n1201, F1, i) + (n1115, F0, i)}
{(and_not_n1199_not_n1201, F1, i) + (pi049->and_pi049_n411, F0, i)}
{(and_not_n1199_not_n1201, F1, i) + (n411->and_pi049_n411, F0, i)}
{(and_not_n1199_not_n1201, F1, i) + (and_pi049_n411, F0, i)}
