{(and_not_n726_0_not_n792, F1, i)(not_n726_0,1,i) + (and_not_n753_not_n757, F1, i)(not_n753,1,i)}
{(and_not_n726_0_not_n792, F1, i)(not_n726_0,1,i) + (not_n757, F1, i)}
{(and_not_n726_0_not_n792, F1, i)(not_n726_0,1,i) + (n757, F0, i)}
{(and_not_n726_0_not_n792, F1, i)(not_n726_0,1,i) + (n748->and_n748_n756, F0, i)}
{(and_not_n726_0_not_n792, F1, i)(not_n726_0,1,i) + (and_n748_n756, F0, i)}
{(and_not_n726_0_not_n792, F1, i)(not_n726_0,1,i) + (n756, F0, i)}
{(and_not_n726_0_not_n792, F1, i)(not_n726_0,1,i) + (n755->and_n754_n755, F0, i)}
{(and_not_n726_0_not_n792, F1, i)(not_n726_0,1,i) + (n754->and_n754_n755, F0, i)}
{(and_not_n726_0_not_n792, F1, i)(not_n726_0,1,i) + (and_n754_n755, F0, i)}
{(and_not_pi116_2_not_n796, F1, i)(not_n796,1,i) + (and_not_pi116_2_not_n796, F1, i)(not_pi116_2,1,i) + (and_not_n753_not_n757, F1, i)(not_n753,1,i)}
{(and_not_pi116_2_not_n796, F1, i)(not_n796,1,i) + (and_not_pi116_2_not_n796, F1, i)(not_pi116_2,1,i) + (not_n757, F1, i)}
{(and_not_pi116_2_not_n796, F1, i)(not_n796,1,i) + (and_not_pi116_2_not_n796, F1, i)(not_pi116_2,1,i) + (n757, F0, i)}
{(and_not_pi116_2_not_n796, F1, i)(not_n796,1,i) + (and_not_pi116_2_not_n796, F1, i)(not_pi116_2,1,i) + (n748->and_n748_n756, F0, i)}
{(and_not_pi116_2_not_n796, F1, i)(not_n796,1,i) + (and_not_pi116_2_not_n796, F1, i)(not_pi116_2,1,i) + (and_n748_n756, F0, i)}
{(and_not_pi116_2_not_n796, F1, i)(not_n796,1,i) + (and_not_pi116_2_not_n796, F1, i)(not_pi116_2,1,i) + (n756, F0, i)}
{(and_not_pi116_2_not_n796, F1, i)(not_n796,1,i) + (and_not_pi116_2_not_n796, F1, i)(not_pi116_2,1,i) + (n755->and_n754_n755, F0, i)}
{(and_not_pi116_2_not_n796, F1, i)(not_n796,1,i) + (and_not_pi116_2_not_n796, F1, i)(not_pi116_2,1,i) + (n754->and_n754_n755, F0, i)}
{(and_not_pi116_2_not_n796, F1, i)(not_n796,1,i) + (and_not_pi116_2_not_n796, F1, i)(not_pi116_2,1,i) + (and_n754_n755, F0, i)}
{(not_n792, F1, i) + (and_not_n753_not_n757, F1, i)(not_n753,1,i)}
{(not_n792, F1, i) + (not_n757, F1, i)}
{(not_n792, F1, i) + (n757, F0, i)}
{(not_n792, F1, i) + (n748->and_n748_n756, F0, i)}
{(not_n792, F1, i) + (and_n748_n756, F0, i)}
{(not_n792, F1, i) + (n756, F0, i)}
{(not_n792, F1, i) + (n755->and_n754_n755, F0, i)}
{(not_n792, F1, i) + (n754->and_n754_n755, F0, i)}
{(not_n792, F1, i) + (and_n754_n755, F0, i)}
{(n792, F0, i) + (and_not_n753_not_n757, F1, i)(not_n753,1,i)}
{(n792, F0, i) + (not_n757, F1, i)}
{(n792, F0, i) + (n757, F0, i)}
{(n792, F0, i) + (n748->and_n748_n756, F0, i)}
{(n792, F0, i) + (and_n748_n756, F0, i)}
{(n792, F0, i) + (n756, F0, i)}
{(n792, F0, i) + (n755->and_n754_n755, F0, i)}
{(n792, F0, i) + (n754->and_n754_n755, F0, i)}
{(n792, F0, i) + (and_n754_n755, F0, i)}
{(and_not_n790_not_n791, F0, i) + (and_not_n753_not_n757, F1, i)(not_n753,1,i)}
{(and_not_n790_not_n791, F0, i) + (not_n757, F1, i)}
{(and_not_n790_not_n791, F0, i) + (n757, F0, i)}
{(and_not_n790_not_n791, F0, i) + (n748->and_n748_n756, F0, i)}
{(and_not_n790_not_n791, F0, i) + (and_n748_n756, F0, i)}
{(and_not_n790_not_n791, F0, i) + (n756, F0, i)}
{(and_not_n790_not_n791, F0, i) + (n755->and_n754_n755, F0, i)}
{(and_not_n790_not_n791, F0, i) + (n754->and_n754_n755, F0, i)}
{(and_not_n790_not_n791, F0, i) + (and_n754_n755, F0, i)}
{(not_n791, F0, i) + (and_not_n753_not_n757, F1, i)(not_n753,1,i)}
{(not_n791, F0, i) + (not_n757, F1, i)}
{(not_n791, F0, i) + (n757, F0, i)}
{(not_n791, F0, i) + (n748->and_n748_n756, F0, i)}
{(not_n791, F0, i) + (and_n748_n756, F0, i)}
{(not_n791, F0, i) + (n756, F0, i)}
{(not_n791, F0, i) + (n755->and_n754_n755, F0, i)}
{(not_n791, F0, i) + (n754->and_n754_n755, F0, i)}
{(not_n791, F0, i) + (and_n754_n755, F0, i)}
{(n790->not_n790, F1, i) + (and_not_n753_not_n757, F1, i)(not_n753,1,i)}
{(n790->not_n790, F1, i) + (not_n757, F1, i)}
{(n790->not_n790, F1, i) + (n757, F0, i)}
{(n790->not_n790, F1, i) + (n748->and_n748_n756, F0, i)}
{(n790->not_n790, F1, i) + (and_n748_n756, F0, i)}
{(n790->not_n790, F1, i) + (n756, F0, i)}
{(n790->not_n790, F1, i) + (n755->and_n754_n755, F0, i)}
{(n790->not_n790, F1, i) + (n754->and_n754_n755, F0, i)}
{(n790->not_n790, F1, i) + (and_n754_n755, F0, i)}
{(not_n790, F0, i) + (and_not_n753_not_n757, F1, i)(not_n753,1,i)}
{(not_n790, F0, i) + (not_n757, F1, i)}
{(not_n790, F0, i) + (n757, F0, i)}
{(not_n790, F0, i) + (n748->and_n748_n756, F0, i)}
{(not_n790, F0, i) + (and_n748_n756, F0, i)}
{(not_n790, F0, i) + (n756, F0, i)}
{(not_n790, F0, i) + (n755->and_n754_n755, F0, i)}
{(not_n790, F0, i) + (n754->and_n754_n755, F0, i)}
{(not_n790, F0, i) + (and_n754_n755, F0, i)}
{(n791, F1, i) + (and_not_n753_not_n757, F1, i)(not_n753,1,i)}
{(n791, F1, i) + (not_n757, F1, i)}
{(n791, F1, i) + (n757, F0, i)}
{(n791, F1, i) + (n748->and_n748_n756, F0, i)}
{(n791, F1, i) + (and_n748_n756, F0, i)}
{(n791, F1, i) + (n756, F0, i)}
{(n791, F1, i) + (n755->and_n754_n755, F0, i)}
{(n791, F1, i) + (n754->and_n754_n755, F0, i)}
{(n791, F1, i) + (and_n754_n755, F0, i)}
{(and_not_pi027_4_n737, F1, i) + (and_not_n753_not_n757, F1, i)(not_n753,1,i)}
{(and_not_pi027_4_n737, F1, i) + (not_n757, F1, i)}
{(and_not_pi027_4_n737, F1, i) + (n757, F0, i)}
{(and_not_pi027_4_n737, F1, i) + (n748->and_n748_n756, F0, i)}
{(and_not_pi027_4_n737, F1, i) + (and_n748_n756, F0, i)}
{(and_not_pi027_4_n737, F1, i) + (n756, F0, i)}
{(and_not_pi027_4_n737, F1, i) + (n755->and_n754_n755, F0, i)}
{(and_not_pi027_4_n737, F1, i) + (n754->and_n754_n755, F0, i)}
{(and_not_pi027_4_n737, F1, i) + (and_n754_n755, F0, i)}
