{(and_not_n590_not_n591, F1, i)(not_n591,1,i) + (and_not_n753_not_n757, F1, i)(not_n753,1,i)}
{(and_not_n590_not_n591, F1, i)(not_n591,1,i) + (not_n757, F1, i)}
{(and_not_n590_not_n591, F1, i)(not_n591,1,i) + (n757, F0, i)}
{(and_not_n590_not_n591, F1, i)(not_n591,1,i) + (n748->and_n748_n756, F0, i)}
{(and_not_n590_not_n591, F1, i)(not_n591,1,i) + (and_n748_n756, F0, i)}
{(and_not_n590_not_n591, F1, i)(not_n591,1,i) + (n756, F0, i)}
{(and_not_n590_not_n591, F1, i)(not_n591,1,i) + (n755->and_n754_n755, F0, i)}
{(and_not_n590_not_n591, F1, i)(not_n591,1,i) + (n754->and_n754_n755, F0, i)}
{(and_not_n590_not_n591, F1, i)(not_n591,1,i) + (and_n754_n755, F0, i)}
{(not_n590, F1, i) + (and_not_n753_not_n757, F1, i)(not_n753,1,i)}
{(not_n590, F1, i) + (not_n757, F1, i)}
{(not_n590, F1, i) + (n757, F0, i)}
{(not_n590, F1, i) + (n748->and_n748_n756, F0, i)}
{(not_n590, F1, i) + (and_n748_n756, F0, i)}
{(not_n590, F1, i) + (n756, F0, i)}
{(not_n590, F1, i) + (n755->and_n754_n755, F0, i)}
{(not_n590, F1, i) + (n754->and_n754_n755, F0, i)}
{(not_n590, F1, i) + (and_n754_n755, F0, i)}
{(n590, F0, i) + (and_not_n753_not_n757, F1, i)(not_n753,1,i)}
{(n590, F0, i) + (not_n757, F1, i)}
{(n590, F0, i) + (n757, F0, i)}
{(n590, F0, i) + (n748->and_n748_n756, F0, i)}
{(n590, F0, i) + (and_n748_n756, F0, i)}
{(n590, F0, i) + (n756, F0, i)}
{(n590, F0, i) + (n755->and_n754_n755, F0, i)}
{(n590, F0, i) + (n754->and_n754_n755, F0, i)}
{(n590, F0, i) + (and_n754_n755, F0, i)}
{(pi082->and_pi082_not_n589, F0, i) + (and_not_n753_not_n757, F1, i)(not_n753,1,i)}
{(pi082->and_pi082_not_n589, F0, i) + (not_n757, F1, i)}
{(pi082->and_pi082_not_n589, F0, i) + (n757, F0, i)}
{(pi082->and_pi082_not_n589, F0, i) + (n748->and_n748_n756, F0, i)}
{(pi082->and_pi082_not_n589, F0, i) + (and_n748_n756, F0, i)}
{(pi082->and_pi082_not_n589, F0, i) + (n756, F0, i)}
{(pi082->and_pi082_not_n589, F0, i) + (n755->and_n754_n755, F0, i)}
{(pi082->and_pi082_not_n589, F0, i) + (n754->and_n754_n755, F0, i)}
{(pi082->and_pi082_not_n589, F0, i) + (and_n754_n755, F0, i)}
{(and_pi082_not_n589, F0, i) + (and_not_n753_not_n757, F1, i)(not_n753,1,i)}
{(and_pi082_not_n589, F0, i) + (not_n757, F1, i)}
{(and_pi082_not_n589, F0, i) + (n757, F0, i)}
{(and_pi082_not_n589, F0, i) + (n748->and_n748_n756, F0, i)}
{(and_pi082_not_n589, F0, i) + (and_n748_n756, F0, i)}
{(and_pi082_not_n589, F0, i) + (n756, F0, i)}
{(and_pi082_not_n589, F0, i) + (n755->and_n754_n755, F0, i)}
{(and_pi082_not_n589, F0, i) + (n754->and_n754_n755, F0, i)}
{(and_pi082_not_n589, F0, i) + (and_n754_n755, F0, i)}
{(not_n589, F0, i) + (and_not_n753_not_n757, F1, i)(not_n753,1,i)}
{(not_n589, F0, i) + (not_n757, F1, i)}
{(not_n589, F0, i) + (n757, F0, i)}
{(not_n589, F0, i) + (n748->and_n748_n756, F0, i)}
{(not_n589, F0, i) + (and_n748_n756, F0, i)}
{(not_n589, F0, i) + (n756, F0, i)}
{(not_n589, F0, i) + (n755->and_n754_n755, F0, i)}
{(not_n589, F0, i) + (n754->and_n754_n755, F0, i)}
{(not_n589, F0, i) + (and_n754_n755, F0, i)}
{(n589, F1, i) + (and_not_n753_not_n757, F1, i)(not_n753,1,i)}
{(n589, F1, i) + (not_n757, F1, i)}
{(n589, F1, i) + (n757, F0, i)}
{(n589, F1, i) + (n748->and_n748_n756, F0, i)}
{(n589, F1, i) + (and_n748_n756, F0, i)}
{(n589, F1, i) + (n756, F0, i)}
{(n589, F1, i) + (n755->and_n754_n755, F0, i)}
{(n589, F1, i) + (n754->and_n754_n755, F0, i)}
{(n589, F1, i) + (and_n754_n755, F0, i)}
{(and_not_n582_not_n588, F1, i) + (and_not_n753_not_n757, F1, i)(not_n753,1,i)}
{(and_not_n582_not_n588, F1, i) + (not_n757, F1, i)}
{(and_not_n582_not_n588, F1, i) + (n757, F0, i)}
{(and_not_n582_not_n588, F1, i) + (n748->and_n748_n756, F0, i)}
{(and_not_n582_not_n588, F1, i) + (and_n748_n756, F0, i)}
{(and_not_n582_not_n588, F1, i) + (n756, F0, i)}
{(and_not_n582_not_n588, F1, i) + (n755->and_n754_n755, F0, i)}
{(and_not_n582_not_n588, F1, i) + (n754->and_n754_n755, F0, i)}
{(and_not_n582_not_n588, F1, i) + (and_n754_n755, F0, i)}
