{(and_not_n1081_not_n1083, F1, i)(not_n1081,1,i) + (and_not_n435_not_n436, F1, i)(not_n436,1,i)}
{(and_not_n1081_not_n1083, F1, i)(not_n1081,1,i) + (not_n435, F1, i)}
{(and_not_n1081_not_n1083, F1, i)(not_n1081,1,i) + (n435, F0, i)}
{(and_not_n1081_not_n1083, F1, i)(not_n1081,1,i) + (n434->and_n432_n434, F0, i)}
{(and_not_n1081_not_n1083, F1, i)(not_n1081,1,i) + (and_n432_n434, F0, i)}
{(and_not_n1081_not_n1083, F1, i)(not_n1081,1,i) + (n432, F0, i)}
{(and_not_n1081_not_n1083, F1, i)(not_n1081,1,i) + (n369->and_n369_n431, F0, i)}
{(and_not_n1081_not_n1083, F1, i)(not_n1081,1,i) + (and_n369_n431, F0, i)}
{(and_not_n1081_not_n1083, F1, i)(not_n1081,1,i) + (n431, F0, i)}
{(and_not_n1081_not_n1083, F1, i)(not_n1081,1,i) + (n416->and_n416_n430, F0, i)}
{(and_not_n1081_not_n1083, F1, i)(not_n1081,1,i) + (and_n416_n430, F0, i)}
{(and_not_n1081_not_n1083, F1, i)(not_n1081,1,i) + (n430, F0, i)}
{(and_not_n1081_not_n1083, F1, i)(not_n1081,1,i) + (pi010->and_pi010_not_pi022_1, F0, i)}
{(and_not_n1081_not_n1083, F1, i)(not_n1081,1,i) + (and_pi010_not_pi022_1, F0, i)}
{(and_not_n1081_not_n1083, F1, i)(not_n1081,1,i) + (pi022->not_pi022_1, F1, i)}
{(and_not_n1081_not_n1083, F1, i)(not_n1081,1,i) + (not_pi022_1, F0, i)}
{(not_n1083, F1, i) + (and_not_n435_not_n436, F1, i)(not_n436,1,i)}
{(not_n1083, F1, i) + (not_n435, F1, i)}
{(not_n1083, F1, i) + (n435, F0, i)}
{(not_n1083, F1, i) + (n434->and_n432_n434, F0, i)}
{(not_n1083, F1, i) + (and_n432_n434, F0, i)}
{(not_n1083, F1, i) + (n432, F0, i)}
{(not_n1083, F1, i) + (n369->and_n369_n431, F0, i)}
{(not_n1083, F1, i) + (and_n369_n431, F0, i)}
{(not_n1083, F1, i) + (n431, F0, i)}
{(not_n1083, F1, i) + (n416->and_n416_n430, F0, i)}
{(not_n1083, F1, i) + (and_n416_n430, F0, i)}
{(not_n1083, F1, i) + (n430, F0, i)}
{(not_n1083, F1, i) + (pi010->and_pi010_not_pi022_1, F0, i)}
{(not_n1083, F1, i) + (and_pi010_not_pi022_1, F0, i)}
{(not_n1083, F1, i) + (pi022->not_pi022_1, F1, i)}
{(not_n1083, F1, i) + (not_pi022_1, F0, i)}
{(n1083, F0, i) + (and_not_n435_not_n436, F1, i)(not_n436,1,i)}
{(n1083, F0, i) + (not_n435, F1, i)}
{(n1083, F0, i) + (n435, F0, i)}
{(n1083, F0, i) + (n434->and_n432_n434, F0, i)}
{(n1083, F0, i) + (and_n432_n434, F0, i)}
{(n1083, F0, i) + (n432, F0, i)}
{(n1083, F0, i) + (n369->and_n369_n431, F0, i)}
{(n1083, F0, i) + (and_n369_n431, F0, i)}
{(n1083, F0, i) + (n431, F0, i)}
{(n1083, F0, i) + (n416->and_n416_n430, F0, i)}
{(n1083, F0, i) + (and_n416_n430, F0, i)}
{(n1083, F0, i) + (n430, F0, i)}
{(n1083, F0, i) + (pi010->and_pi010_not_pi022_1, F0, i)}
{(n1083, F0, i) + (and_pi010_not_pi022_1, F0, i)}
{(n1083, F0, i) + (pi022->not_pi022_1, F1, i)}
{(n1083, F0, i) + (not_pi022_1, F0, i)}
{(n379->and_n379_not_n1082, F0, i) + (and_not_n435_not_n436, F1, i)(not_n436,1,i)}
{(n379->and_n379_not_n1082, F0, i) + (not_n435, F1, i)}
{(n379->and_n379_not_n1082, F0, i) + (n435, F0, i)}
{(n379->and_n379_not_n1082, F0, i) + (n434->and_n432_n434, F0, i)}
{(n379->and_n379_not_n1082, F0, i) + (and_n432_n434, F0, i)}
{(n379->and_n379_not_n1082, F0, i) + (n432, F0, i)}
{(n379->and_n379_not_n1082, F0, i) + (n369->and_n369_n431, F0, i)}
{(n379->and_n379_not_n1082, F0, i) + (and_n369_n431, F0, i)}
{(n379->and_n379_not_n1082, F0, i) + (n431, F0, i)}
{(n379->and_n379_not_n1082, F0, i) + (n416->and_n416_n430, F0, i)}
{(n379->and_n379_not_n1082, F0, i) + (and_n416_n430, F0, i)}
{(n379->and_n379_not_n1082, F0, i) + (n430, F0, i)}
{(n379->and_n379_not_n1082, F0, i) + (pi010->and_pi010_not_pi022_1, F0, i)}
{(n379->and_n379_not_n1082, F0, i) + (and_pi010_not_pi022_1, F0, i)}
{(n379->and_n379_not_n1082, F0, i) + (pi022->not_pi022_1, F1, i)}
{(n379->and_n379_not_n1082, F0, i) + (not_pi022_1, F0, i)}
{(and_n379_not_n1082, F0, i) + (and_not_n435_not_n436, F1, i)(not_n436,1,i)}
{(and_n379_not_n1082, F0, i) + (not_n435, F1, i)}
{(and_n379_not_n1082, F0, i) + (n435, F0, i)}
{(and_n379_not_n1082, F0, i) + (n434->and_n432_n434, F0, i)}
{(and_n379_not_n1082, F0, i) + (and_n432_n434, F0, i)}
{(and_n379_not_n1082, F0, i) + (n432, F0, i)}
{(and_n379_not_n1082, F0, i) + (n369->and_n369_n431, F0, i)}
{(and_n379_not_n1082, F0, i) + (and_n369_n431, F0, i)}
{(and_n379_not_n1082, F0, i) + (n431, F0, i)}
{(and_n379_not_n1082, F0, i) + (n416->and_n416_n430, F0, i)}
{(and_n379_not_n1082, F0, i) + (and_n416_n430, F0, i)}
{(and_n379_not_n1082, F0, i) + (n430, F0, i)}
{(and_n379_not_n1082, F0, i) + (pi010->and_pi010_not_pi022_1, F0, i)}
{(and_n379_not_n1082, F0, i) + (and_pi010_not_pi022_1, F0, i)}
{(and_n379_not_n1082, F0, i) + (pi022->not_pi022_1, F1, i)}
{(and_n379_not_n1082, F0, i) + (not_pi022_1, F0, i)}
{(not_n1082, F0, i) + (and_not_n435_not_n436, F1, i)(not_n436,1,i)}
{(not_n1082, F0, i) + (not_n435, F1, i)}
{(not_n1082, F0, i) + (n435, F0, i)}
{(not_n1082, F0, i) + (n434->and_n432_n434, F0, i)}
{(not_n1082, F0, i) + (and_n432_n434, F0, i)}
{(not_n1082, F0, i) + (n432, F0, i)}
{(not_n1082, F0, i) + (n369->and_n369_n431, F0, i)}
{(not_n1082, F0, i) + (and_n369_n431, F0, i)}
{(not_n1082, F0, i) + (n431, F0, i)}
{(not_n1082, F0, i) + (n416->and_n416_n430, F0, i)}
{(not_n1082, F0, i) + (and_n416_n430, F0, i)}
{(not_n1082, F0, i) + (n430, F0, i)}
{(not_n1082, F0, i) + (pi010->and_pi010_not_pi022_1, F0, i)}
{(not_n1082, F0, i) + (and_pi010_not_pi022_1, F0, i)}
{(not_n1082, F0, i) + (pi022->not_pi022_1, F1, i)}
{(not_n1082, F0, i) + (not_pi022_1, F0, i)}
{(n1082, F1, i) + (and_not_n435_not_n436, F1, i)(not_n436,1,i)}
{(n1082, F1, i) + (not_n435, F1, i)}
{(n1082, F1, i) + (n435, F0, i)}
{(n1082, F1, i) + (n434->and_n432_n434, F0, i)}
{(n1082, F1, i) + (and_n432_n434, F0, i)}
{(n1082, F1, i) + (n432, F0, i)}
{(n1082, F1, i) + (n369->and_n369_n431, F0, i)}
{(n1082, F1, i) + (and_n369_n431, F0, i)}
{(n1082, F1, i) + (n431, F0, i)}
{(n1082, F1, i) + (n416->and_n416_n430, F0, i)}
{(n1082, F1, i) + (and_n416_n430, F0, i)}
{(n1082, F1, i) + (n430, F0, i)}
{(n1082, F1, i) + (pi010->and_pi010_not_pi022_1, F0, i)}
{(n1082, F1, i) + (and_pi010_not_pi022_1, F0, i)}
{(n1082, F1, i) + (pi022->not_pi022_1, F1, i)}
{(n1082, F1, i) + (not_pi022_1, F0, i)}
{(and_pi082_not_n919, F1, i) + (and_not_n435_not_n436, F1, i)(not_n436,1,i)}
{(and_pi082_not_n919, F1, i) + (not_n435, F1, i)}
{(and_pi082_not_n919, F1, i) + (n435, F0, i)}
{(and_pi082_not_n919, F1, i) + (n434->and_n432_n434, F0, i)}
{(and_pi082_not_n919, F1, i) + (and_n432_n434, F0, i)}
{(and_pi082_not_n919, F1, i) + (n432, F0, i)}
{(and_pi082_not_n919, F1, i) + (n369->and_n369_n431, F0, i)}
{(and_pi082_not_n919, F1, i) + (and_n369_n431, F0, i)}
{(and_pi082_not_n919, F1, i) + (n431, F0, i)}
{(and_pi082_not_n919, F1, i) + (n416->and_n416_n430, F0, i)}
{(and_pi082_not_n919, F1, i) + (and_n416_n430, F0, i)}
{(and_pi082_not_n919, F1, i) + (n430, F0, i)}
{(and_pi082_not_n919, F1, i) + (pi010->and_pi010_not_pi022_1, F0, i)}
{(and_pi082_not_n919, F1, i) + (and_pi010_not_pi022_1, F0, i)}
{(and_pi082_not_n919, F1, i) + (pi022->not_pi022_1, F1, i)}
{(and_pi082_not_n919, F1, i) + (not_pi022_1, F0, i)}
