{(and_not_n965_not_n967, F1, i)(not_n967,1,i) + (n790, F0, i)}
{(and_not_n965_not_n967, F1, i)(not_n967,1,i) + (and_not_pi026_4_not_n723_0, F0, i)}
{(and_not_n965_not_n967, F1, i)(not_n967,1,i) + (pi026->not_pi026_4, F1, i)}
{(and_not_n965_not_n967, F1, i)(not_n967,1,i) + (not_pi026_4, F0, i)}
{(and_not_n965_not_n967, F1, i)(not_n967,1,i) + (n723->not_n723_0, F1, i)}
{(and_not_n965_not_n967, F1, i)(not_n967,1,i) + (not_n723_0, F0, i)}
{(not_n965, F1, i) + (n790, F0, i)}
{(not_n965, F1, i) + (and_not_pi026_4_not_n723_0, F0, i)}
{(not_n965, F1, i) + (pi026->not_pi026_4, F1, i)}
{(not_n965, F1, i) + (not_pi026_4, F0, i)}
{(not_n965, F1, i) + (n723->not_n723_0, F1, i)}
{(not_n965, F1, i) + (not_n723_0, F0, i)}
{(n965, F0, i) + (n790, F0, i)}
{(n965, F0, i) + (and_not_pi026_4_not_n723_0, F0, i)}
{(n965, F0, i) + (pi026->not_pi026_4, F1, i)}
{(n965, F0, i) + (not_pi026_4, F0, i)}
{(n965, F0, i) + (n723->not_n723_0, F1, i)}
{(n965, F0, i) + (not_n723_0, F0, i)}
{(pi082->and_pi082_not_n573, F0, i) + (n790, F0, i)}
{(pi082->and_pi082_not_n573, F0, i) + (and_not_pi026_4_not_n723_0, F0, i)}
{(pi082->and_pi082_not_n573, F0, i) + (pi026->not_pi026_4, F1, i)}
{(pi082->and_pi082_not_n573, F0, i) + (not_pi026_4, F0, i)}
{(pi082->and_pi082_not_n573, F0, i) + (n723->not_n723_0, F1, i)}
{(pi082->and_pi082_not_n573, F0, i) + (not_n723_0, F0, i)}
{(and_pi082_not_n573, F0, i) + (n790, F0, i)}
{(and_pi082_not_n573, F0, i) + (and_not_pi026_4_not_n723_0, F0, i)}
{(and_pi082_not_n573, F0, i) + (pi026->not_pi026_4, F1, i)}
{(and_pi082_not_n573, F0, i) + (not_pi026_4, F0, i)}
{(and_pi082_not_n573, F0, i) + (n723->not_n723_0, F1, i)}
{(and_pi082_not_n573, F0, i) + (not_n723_0, F0, i)}
{(n573->not_n573, F1, i) + (n790, F0, i)}
{(n573->not_n573, F1, i) + (and_not_pi026_4_not_n723_0, F0, i)}
{(n573->not_n573, F1, i) + (pi026->not_pi026_4, F1, i)}
{(n573->not_n573, F1, i) + (not_pi026_4, F0, i)}
{(n573->not_n573, F1, i) + (n723->not_n723_0, F1, i)}
{(n573->not_n573, F1, i) + (not_n723_0, F0, i)}
{(not_n573, F0, i) + (n790, F0, i)}
{(not_n573, F0, i) + (and_not_pi026_4_not_n723_0, F0, i)}
{(not_n573, F0, i) + (pi026->not_pi026_4, F1, i)}
{(not_n573, F0, i) + (not_pi026_4, F0, i)}
{(not_n573, F0, i) + (n723->not_n723_0, F1, i)}
{(not_n573, F0, i) + (not_n723_0, F0, i)}
