{(po105, F0, i) + (or_n1237_n1238, F0, i)(n1238,1,i)}
{(po105, F0, i) + (n1238, F0, i)}
{(po105, F0, i) + (pi123->and_pi123_n1236, F0, i)}
{(po105, F0, i) + (n1236->and_pi123_n1236, F0, i)}
{(po105, F0, i) + (and_pi123_n1236, F0, i)}
{(po105_driver, F0, i) + (or_n1237_n1238, F0, i)(n1238,1,i)}
{(po105_driver, F0, i) + (n1238, F0, i)}
{(po105_driver, F0, i) + (pi123->and_pi123_n1236, F0, i)}
{(po105_driver, F0, i) + (n1236->and_pi123_n1236, F0, i)}
{(po105_driver, F0, i) + (and_pi123_n1236, F0, i)}
{(and_not_pi129_725745515342319093317411710931737859674906464051430_not_n1397, F0, i) + (or_n1237_n1238, F0, i)(n1238,1,i)}
{(and_not_pi129_725745515342319093317411710931737859674906464051430_not_n1397, F0, i) + (n1238, F0, i)}
{(and_not_pi129_725745515342319093317411710931737859674906464051430_not_n1397, F0, i) + (pi123->and_pi123_n1236, F0, i)}
{(and_not_pi129_725745515342319093317411710931737859674906464051430_not_n1397, F0, i) + (n1236->and_pi123_n1236, F0, i)}
{(and_not_pi129_725745515342319093317411710931737859674906464051430_not_n1397, F0, i) + (and_pi123_n1236, F0, i)}
{(not_n1397, F0, i) + (or_n1237_n1238, F0, i)(n1238,1,i)}
{(not_n1397, F0, i) + (n1238, F0, i)}
{(not_n1397, F0, i) + (pi123->and_pi123_n1236, F0, i)}
{(not_n1397, F0, i) + (n1236->and_pi123_n1236, F0, i)}
{(not_n1397, F0, i) + (and_pi123_n1236, F0, i)}
{(pi129->not_pi129_725745515342319093317411710931737859674906464051430, F1, i) + (or_n1237_n1238, F0, i)(n1238,1,i)}
{(pi129->not_pi129_725745515342319093317411710931737859674906464051430, F1, i) + (n1238, F0, i)}
{(pi129->not_pi129_725745515342319093317411710931737859674906464051430, F1, i) + (pi123->and_pi123_n1236, F0, i)}
{(pi129->not_pi129_725745515342319093317411710931737859674906464051430, F1, i) + (n1236->and_pi123_n1236, F0, i)}
{(pi129->not_pi129_725745515342319093317411710931737859674906464051430, F1, i) + (and_pi123_n1236, F0, i)}
{(not_pi129_725745515342319093317411710931737859674906464051430, F0, i) + (or_n1237_n1238, F0, i)(n1238,1,i)}
{(not_pi129_725745515342319093317411710931737859674906464051430, F0, i) + (n1238, F0, i)}
{(not_pi129_725745515342319093317411710931737859674906464051430, F0, i) + (pi123->and_pi123_n1236, F0, i)}
{(not_pi129_725745515342319093317411710931737859674906464051430, F0, i) + (n1236->and_pi123_n1236, F0, i)}
{(not_pi129_725745515342319093317411710931737859674906464051430, F0, i) + (and_pi123_n1236, F0, i)}
{(n1397, F1, i) + (or_n1237_n1238, F0, i)(n1238,1,i)}
{(n1397, F1, i) + (n1238, F0, i)}
{(n1397, F1, i) + (pi123->and_pi123_n1236, F0, i)}
{(n1397, F1, i) + (n1236->and_pi123_n1236, F0, i)}
{(n1397, F1, i) + (and_pi123_n1236, F0, i)}
{(and_not_n1395_not_n1396, F1, i) + (or_n1237_n1238, F0, i)(n1238,1,i)}
{(and_not_n1395_not_n1396, F1, i) + (n1238, F0, i)}
{(and_not_n1395_not_n1396, F1, i) + (pi123->and_pi123_n1236, F0, i)}
{(and_not_n1395_not_n1396, F1, i) + (n1236->and_pi123_n1236, F0, i)}
{(and_not_n1395_not_n1396, F1, i) + (and_pi123_n1236, F0, i)}
