{(and_not_n595_not_n600, F1, i)(not_n600,0,i) + (po023, F0, i)}
{(and_not_n595_not_n600, F1, i)(not_n600,0,i) + (po023_driver, F0, i)}
{(and_not_n595_not_n600, F1, i)(not_n600,0,i) + (and_not_pi003_3_n496, F0, i)}
{(and_not_n595_not_n600, F1, i)(not_n600,0,i) + (n496, F0, i)}
{(and_not_n595_not_n600, F1, i)(not_n600,0,i) + (pi003->not_pi003_3, F1, i)}
{(and_not_n595_not_n600, F1, i)(not_n600,0,i) + (not_pi003_3, F0, i)}
{(and_not_n595_not_n600, F1, i)(not_n600,0,i) + (and_not_pi129_7_not_n495, F0, i)}
{(and_not_n595_not_n600, F1, i)(not_n600,0,i) + (pi129->not_pi129_7, F1, i)}
{(and_not_n595_not_n600, F1, i)(not_n600,0,i) + (not_pi129_7, F0, i)}
{(and_not_n595_not_n600, F1, i)(not_n600,0,i) + (not_n495, F0, i)}
{(and_not_n595_not_n600, F1, i)(not_n600,0,i) + (n495, F1, i)}
{(and_not_n595_not_n600, F1, i)(not_n600,0,i) + (and_not_n486_not_n494, F1, i)}
{(not_n600, F1, i) + (po023, F0, i)}
{(not_n600, F1, i) + (po023_driver, F0, i)}
{(not_n600, F1, i) + (and_not_pi003_3_n496, F0, i)}
{(not_n600, F1, i) + (n496, F0, i)}
{(not_n600, F1, i) + (pi003->not_pi003_3, F1, i)}
{(not_n600, F1, i) + (not_pi003_3, F0, i)}
{(not_n600, F1, i) + (and_not_pi129_7_not_n495, F0, i)}
{(not_n600, F1, i) + (pi129->not_pi129_7, F1, i)}
{(not_n600, F1, i) + (not_pi129_7, F0, i)}
{(not_n600, F1, i) + (not_n495, F0, i)}
{(not_n600, F1, i) + (n495, F1, i)}
{(not_n600, F1, i) + (and_not_n486_not_n494, F1, i)}
{(n600, F0, i) + (po023, F0, i)}
{(n600, F0, i) + (po023_driver, F0, i)}
{(n600, F0, i) + (and_not_pi003_3_n496, F0, i)}
{(n600, F0, i) + (n496, F0, i)}
{(n600, F0, i) + (pi003->not_pi003_3, F1, i)}
{(n600, F0, i) + (not_pi003_3, F0, i)}
{(n600, F0, i) + (and_not_pi129_7_not_n495, F0, i)}
{(n600, F0, i) + (pi129->not_pi129_7, F1, i)}
{(n600, F0, i) + (not_pi129_7, F0, i)}
{(n600, F0, i) + (not_n495, F0, i)}
{(n600, F0, i) + (n495, F1, i)}
{(n600, F0, i) + (and_not_n486_not_n494, F1, i)}
{(n434->and_n434_n599, F0, i) + (po023, F0, i)}
{(n434->and_n434_n599, F0, i) + (po023_driver, F0, i)}
{(n434->and_n434_n599, F0, i) + (and_not_pi003_3_n496, F0, i)}
{(n434->and_n434_n599, F0, i) + (n496, F0, i)}
{(n434->and_n434_n599, F0, i) + (pi003->not_pi003_3, F1, i)}
{(n434->and_n434_n599, F0, i) + (not_pi003_3, F0, i)}
{(n434->and_n434_n599, F0, i) + (and_not_pi129_7_not_n495, F0, i)}
{(n434->and_n434_n599, F0, i) + (pi129->not_pi129_7, F1, i)}
{(n434->and_n434_n599, F0, i) + (not_pi129_7, F0, i)}
{(n434->and_n434_n599, F0, i) + (not_n495, F0, i)}
{(n434->and_n434_n599, F0, i) + (n495, F1, i)}
{(n434->and_n434_n599, F0, i) + (and_not_n486_not_n494, F1, i)}
{(and_n434_n599, F0, i) + (po023, F0, i)}
{(and_n434_n599, F0, i) + (po023_driver, F0, i)}
{(and_n434_n599, F0, i) + (and_not_pi003_3_n496, F0, i)}
{(and_n434_n599, F0, i) + (n496, F0, i)}
{(and_n434_n599, F0, i) + (pi003->not_pi003_3, F1, i)}
{(and_n434_n599, F0, i) + (not_pi003_3, F0, i)}
{(and_n434_n599, F0, i) + (and_not_pi129_7_not_n495, F0, i)}
{(and_n434_n599, F0, i) + (pi129->not_pi129_7, F1, i)}
{(and_n434_n599, F0, i) + (not_pi129_7, F0, i)}
{(and_n434_n599, F0, i) + (not_n495, F0, i)}
{(and_n434_n599, F0, i) + (n495, F1, i)}
{(and_n434_n599, F0, i) + (and_not_n486_not_n494, F1, i)}
{(n599, F0, i) + (po023, F0, i)}
{(n599, F0, i) + (po023_driver, F0, i)}
{(n599, F0, i) + (and_not_pi003_3_n496, F0, i)}
{(n599, F0, i) + (n496, F0, i)}
{(n599, F0, i) + (pi003->not_pi003_3, F1, i)}
{(n599, F0, i) + (not_pi003_3, F0, i)}
{(n599, F0, i) + (and_not_pi129_7_not_n495, F0, i)}
{(n599, F0, i) + (pi129->not_pi129_7, F1, i)}
{(n599, F0, i) + (not_pi129_7, F0, i)}
{(n599, F0, i) + (not_n495, F0, i)}
{(n599, F0, i) + (n495, F1, i)}
{(n599, F0, i) + (and_not_n486_not_n494, F1, i)}
{(n417->and_n417_n598, F0, i) + (po023, F0, i)}
{(n417->and_n417_n598, F0, i) + (po023_driver, F0, i)}
{(n417->and_n417_n598, F0, i) + (and_not_pi003_3_n496, F0, i)}
{(n417->and_n417_n598, F0, i) + (n496, F0, i)}
{(n417->and_n417_n598, F0, i) + (pi003->not_pi003_3, F1, i)}
{(n417->and_n417_n598, F0, i) + (not_pi003_3, F0, i)}
{(n417->and_n417_n598, F0, i) + (and_not_pi129_7_not_n495, F0, i)}
{(n417->and_n417_n598, F0, i) + (pi129->not_pi129_7, F1, i)}
{(n417->and_n417_n598, F0, i) + (not_pi129_7, F0, i)}
{(n417->and_n417_n598, F0, i) + (not_n495, F0, i)}
{(n417->and_n417_n598, F0, i) + (n495, F1, i)}
{(n417->and_n417_n598, F0, i) + (and_not_n486_not_n494, F1, i)}
{(and_n417_n598, F0, i) + (po023, F0, i)}
{(and_n417_n598, F0, i) + (po023_driver, F0, i)}
{(and_n417_n598, F0, i) + (and_not_pi003_3_n496, F0, i)}
{(and_n417_n598, F0, i) + (n496, F0, i)}
{(and_n417_n598, F0, i) + (pi003->not_pi003_3, F1, i)}
{(and_n417_n598, F0, i) + (not_pi003_3, F0, i)}
{(and_n417_n598, F0, i) + (and_not_pi129_7_not_n495, F0, i)}
{(and_n417_n598, F0, i) + (pi129->not_pi129_7, F1, i)}
{(and_n417_n598, F0, i) + (not_pi129_7, F0, i)}
{(and_n417_n598, F0, i) + (not_n495, F0, i)}
{(and_n417_n598, F0, i) + (n495, F1, i)}
{(and_n417_n598, F0, i) + (and_not_n486_not_n494, F1, i)}
{(n598, F0, i) + (po023, F0, i)}
{(n598, F0, i) + (po023_driver, F0, i)}
{(n598, F0, i) + (and_not_pi003_3_n496, F0, i)}
{(n598, F0, i) + (n496, F0, i)}
{(n598, F0, i) + (pi003->not_pi003_3, F1, i)}
{(n598, F0, i) + (not_pi003_3, F0, i)}
{(n598, F0, i) + (and_not_pi129_7_not_n495, F0, i)}
{(n598, F0, i) + (pi129->not_pi129_7, F1, i)}
{(n598, F0, i) + (not_pi129_7, F0, i)}
{(n598, F0, i) + (not_n495, F0, i)}
{(n598, F0, i) + (n495, F1, i)}
{(n598, F0, i) + (and_not_n486_not_n494, F1, i)}
{(n345->and_n345_n597, F0, i) + (po023, F0, i)}
{(n345->and_n345_n597, F0, i) + (po023_driver, F0, i)}
{(n345->and_n345_n597, F0, i) + (and_not_pi003_3_n496, F0, i)}
{(n345->and_n345_n597, F0, i) + (n496, F0, i)}
{(n345->and_n345_n597, F0, i) + (pi003->not_pi003_3, F1, i)}
{(n345->and_n345_n597, F0, i) + (not_pi003_3, F0, i)}
{(n345->and_n345_n597, F0, i) + (and_not_pi129_7_not_n495, F0, i)}
{(n345->and_n345_n597, F0, i) + (pi129->not_pi129_7, F1, i)}
{(n345->and_n345_n597, F0, i) + (not_pi129_7, F0, i)}
{(n345->and_n345_n597, F0, i) + (not_n495, F0, i)}
{(n345->and_n345_n597, F0, i) + (n495, F1, i)}
{(n345->and_n345_n597, F0, i) + (and_not_n486_not_n494, F1, i)}
{(and_n345_n597, F0, i) + (po023, F0, i)}
{(and_n345_n597, F0, i) + (po023_driver, F0, i)}
{(and_n345_n597, F0, i) + (and_not_pi003_3_n496, F0, i)}
{(and_n345_n597, F0, i) + (n496, F0, i)}
{(and_n345_n597, F0, i) + (pi003->not_pi003_3, F1, i)}
{(and_n345_n597, F0, i) + (not_pi003_3, F0, i)}
{(and_n345_n597, F0, i) + (and_not_pi129_7_not_n495, F0, i)}
{(and_n345_n597, F0, i) + (pi129->not_pi129_7, F1, i)}
{(and_n345_n597, F0, i) + (not_pi129_7, F0, i)}
{(and_n345_n597, F0, i) + (not_n495, F0, i)}
{(and_n345_n597, F0, i) + (n495, F1, i)}
{(and_n345_n597, F0, i) + (and_not_n486_not_n494, F1, i)}
{(n597, F0, i) + (po023, F0, i)}
{(n597, F0, i) + (po023_driver, F0, i)}
{(n597, F0, i) + (and_not_pi003_3_n496, F0, i)}
{(n597, F0, i) + (n496, F0, i)}
{(n597, F0, i) + (pi003->not_pi003_3, F1, i)}
{(n597, F0, i) + (not_pi003_3, F0, i)}
{(n597, F0, i) + (and_not_pi129_7_not_n495, F0, i)}
{(n597, F0, i) + (pi129->not_pi129_7, F1, i)}
{(n597, F0, i) + (not_pi129_7, F0, i)}
{(n597, F0, i) + (not_n495, F0, i)}
{(n597, F0, i) + (n495, F1, i)}
{(n597, F0, i) + (and_not_n486_not_n494, F1, i)}
{(and_not_pi005_5_n596, F0, i) + (po023, F0, i)}
{(and_not_pi005_5_n596, F0, i) + (po023_driver, F0, i)}
{(and_not_pi005_5_n596, F0, i) + (and_not_pi003_3_n496, F0, i)}
{(and_not_pi005_5_n596, F0, i) + (n496, F0, i)}
{(and_not_pi005_5_n596, F0, i) + (pi003->not_pi003_3, F1, i)}
{(and_not_pi005_5_n596, F0, i) + (not_pi003_3, F0, i)}
{(and_not_pi005_5_n596, F0, i) + (and_not_pi129_7_not_n495, F0, i)}
{(and_not_pi005_5_n596, F0, i) + (pi129->not_pi129_7, F1, i)}
{(and_not_pi005_5_n596, F0, i) + (not_pi129_7, F0, i)}
{(and_not_pi005_5_n596, F0, i) + (not_n495, F0, i)}
{(and_not_pi005_5_n596, F0, i) + (n495, F1, i)}
{(and_not_pi005_5_n596, F0, i) + (and_not_n486_not_n494, F1, i)}
{(n596, F0, i) + (po023, F0, i)}
{(n596, F0, i) + (po023_driver, F0, i)}
{(n596, F0, i) + (and_not_pi003_3_n496, F0, i)}
{(n596, F0, i) + (n496, F0, i)}
{(n596, F0, i) + (pi003->not_pi003_3, F1, i)}
{(n596, F0, i) + (not_pi003_3, F0, i)}
{(n596, F0, i) + (and_not_pi129_7_not_n495, F0, i)}
{(n596, F0, i) + (pi129->not_pi129_7, F1, i)}
{(n596, F0, i) + (not_pi129_7, F0, i)}
{(n596, F0, i) + (not_n495, F0, i)}
{(n596, F0, i) + (n495, F1, i)}
{(n596, F0, i) + (and_not_n486_not_n494, F1, i)}
{(pi005->not_pi005_5, F1, i) + (po023, F0, i)}
{(pi005->not_pi005_5, F1, i) + (po023_driver, F0, i)}
{(pi005->not_pi005_5, F1, i) + (and_not_pi003_3_n496, F0, i)}
{(pi005->not_pi005_5, F1, i) + (n496, F0, i)}
{(pi005->not_pi005_5, F1, i) + (pi003->not_pi003_3, F1, i)}
{(pi005->not_pi005_5, F1, i) + (not_pi003_3, F0, i)}
{(pi005->not_pi005_5, F1, i) + (and_not_pi129_7_not_n495, F0, i)}
{(pi005->not_pi005_5, F1, i) + (pi129->not_pi129_7, F1, i)}
{(pi005->not_pi005_5, F1, i) + (not_pi129_7, F0, i)}
{(pi005->not_pi005_5, F1, i) + (not_n495, F0, i)}
{(pi005->not_pi005_5, F1, i) + (n495, F1, i)}
{(pi005->not_pi005_5, F1, i) + (and_not_n486_not_n494, F1, i)}
{(not_pi005_5, F0, i) + (po023, F0, i)}
{(not_pi005_5, F0, i) + (po023_driver, F0, i)}
{(not_pi005_5, F0, i) + (and_not_pi003_3_n496, F0, i)}
{(not_pi005_5, F0, i) + (n496, F0, i)}
{(not_pi005_5, F0, i) + (pi003->not_pi003_3, F1, i)}
{(not_pi005_5, F0, i) + (not_pi003_3, F0, i)}
{(not_pi005_5, F0, i) + (and_not_pi129_7_not_n495, F0, i)}
{(not_pi005_5, F0, i) + (pi129->not_pi129_7, F1, i)}
{(not_pi005_5, F0, i) + (not_pi129_7, F0, i)}
{(not_pi005_5, F0, i) + (not_n495, F0, i)}
{(not_pi005_5, F0, i) + (n495, F1, i)}
{(not_pi005_5, F0, i) + (and_not_n486_not_n494, F1, i)}
{(pi006->and_pi006_not_pi012_4, F0, i) + (po023, F0, i)}
{(pi006->and_pi006_not_pi012_4, F0, i) + (po023_driver, F0, i)}
{(pi006->and_pi006_not_pi012_4, F0, i) + (and_not_pi003_3_n496, F0, i)}
{(pi006->and_pi006_not_pi012_4, F0, i) + (n496, F0, i)}
{(pi006->and_pi006_not_pi012_4, F0, i) + (pi003->not_pi003_3, F1, i)}
{(pi006->and_pi006_not_pi012_4, F0, i) + (not_pi003_3, F0, i)}
{(pi006->and_pi006_not_pi012_4, F0, i) + (and_not_pi129_7_not_n495, F0, i)}
{(pi006->and_pi006_not_pi012_4, F0, i) + (pi129->not_pi129_7, F1, i)}
{(pi006->and_pi006_not_pi012_4, F0, i) + (not_pi129_7, F0, i)}
{(pi006->and_pi006_not_pi012_4, F0, i) + (not_n495, F0, i)}
{(pi006->and_pi006_not_pi012_4, F0, i) + (n495, F1, i)}
{(pi006->and_pi006_not_pi012_4, F0, i) + (and_not_n486_not_n494, F1, i)}
{(and_pi006_not_pi012_4, F0, i) + (po023, F0, i)}
{(and_pi006_not_pi012_4, F0, i) + (po023_driver, F0, i)}
{(and_pi006_not_pi012_4, F0, i) + (and_not_pi003_3_n496, F0, i)}
{(and_pi006_not_pi012_4, F0, i) + (n496, F0, i)}
{(and_pi006_not_pi012_4, F0, i) + (pi003->not_pi003_3, F1, i)}
{(and_pi006_not_pi012_4, F0, i) + (not_pi003_3, F0, i)}
{(and_pi006_not_pi012_4, F0, i) + (and_not_pi129_7_not_n495, F0, i)}
{(and_pi006_not_pi012_4, F0, i) + (pi129->not_pi129_7, F1, i)}
{(and_pi006_not_pi012_4, F0, i) + (not_pi129_7, F0, i)}
{(and_pi006_not_pi012_4, F0, i) + (not_n495, F0, i)}
{(and_pi006_not_pi012_4, F0, i) + (n495, F1, i)}
{(and_pi006_not_pi012_4, F0, i) + (and_not_n486_not_n494, F1, i)}
{(pi012->not_pi012_4, F1, i) + (po023, F0, i)}
{(pi012->not_pi012_4, F1, i) + (po023_driver, F0, i)}
{(pi012->not_pi012_4, F1, i) + (and_not_pi003_3_n496, F0, i)}
{(pi012->not_pi012_4, F1, i) + (n496, F0, i)}
{(pi012->not_pi012_4, F1, i) + (pi003->not_pi003_3, F1, i)}
{(pi012->not_pi012_4, F1, i) + (not_pi003_3, F0, i)}
{(pi012->not_pi012_4, F1, i) + (and_not_pi129_7_not_n495, F0, i)}
{(pi012->not_pi012_4, F1, i) + (pi129->not_pi129_7, F1, i)}
{(pi012->not_pi012_4, F1, i) + (not_pi129_7, F0, i)}
{(pi012->not_pi012_4, F1, i) + (not_n495, F0, i)}
{(pi012->not_pi012_4, F1, i) + (n495, F1, i)}
{(pi012->not_pi012_4, F1, i) + (and_not_n486_not_n494, F1, i)}
{(not_pi012_4, F0, i) + (po023, F0, i)}
{(not_pi012_4, F0, i) + (po023_driver, F0, i)}
{(not_pi012_4, F0, i) + (and_not_pi003_3_n496, F0, i)}
{(not_pi012_4, F0, i) + (n496, F0, i)}
{(not_pi012_4, F0, i) + (pi003->not_pi003_3, F1, i)}
{(not_pi012_4, F0, i) + (not_pi003_3, F0, i)}
{(not_pi012_4, F0, i) + (and_not_pi129_7_not_n495, F0, i)}
{(not_pi012_4, F0, i) + (pi129->not_pi129_7, F1, i)}
{(not_pi012_4, F0, i) + (not_pi129_7, F0, i)}
{(not_pi012_4, F0, i) + (not_n495, F0, i)}
{(not_pi012_4, F0, i) + (n495, F1, i)}
{(not_pi012_4, F0, i) + (and_not_n486_not_n494, F1, i)}
