{(and_not_n846_not_n848, F1, i)(not_n848,0,i) + (and_not_n779_not_n780, F1, i)(not_n780,0,i)}
{(and_not_n846_not_n848, F1, i)(not_n848,0,i) + (not_n780, F1, i)}
{(and_not_n846_not_n848, F1, i)(not_n848,0,i) + (n780, F0, i)}
{(and_not_n846_not_n848, F1, i)(not_n848,0,i) + (n713->and_not_pi027_3_n713, F0, i)}
{(and_not_n846_not_n848, F1, i)(not_n848,0,i) + (and_not_pi027_3_n713, F0, i)}
{(and_not_n846_not_n848, F1, i)(not_n848,0,i) + (pi027->not_pi027_3, F1, i)}
{(and_not_n846_not_n848, F1, i)(not_n848,0,i) + (not_pi027_3, F0, i)}
{(not_n848, F1, i) + (and_not_n779_not_n780, F1, i)(not_n780,0,i)}
{(not_n848, F1, i) + (not_n780, F1, i)}
{(not_n848, F1, i) + (n780, F0, i)}
{(not_n848, F1, i) + (n713->and_not_pi027_3_n713, F0, i)}
{(not_n848, F1, i) + (and_not_pi027_3_n713, F0, i)}
{(not_n848, F1, i) + (pi027->not_pi027_3, F1, i)}
{(not_n848, F1, i) + (not_pi027_3, F0, i)}
{(n848, F0, i) + (and_not_n779_not_n780, F1, i)(not_n780,0,i)}
{(n848, F0, i) + (not_n780, F1, i)}
{(n848, F0, i) + (n780, F0, i)}
{(n848, F0, i) + (n713->and_not_pi027_3_n713, F0, i)}
{(n848, F0, i) + (and_not_pi027_3_n713, F0, i)}
{(n848, F0, i) + (pi027->not_pi027_3, F1, i)}
{(n848, F0, i) + (not_pi027_3, F0, i)}
{(n787->and_n787_n847, F0, i) + (and_not_n779_not_n780, F1, i)(not_n780,0,i)}
{(n787->and_n787_n847, F0, i) + (not_n780, F1, i)}
{(n787->and_n787_n847, F0, i) + (n780, F0, i)}
{(n787->and_n787_n847, F0, i) + (n713->and_not_pi027_3_n713, F0, i)}
{(n787->and_n787_n847, F0, i) + (and_not_pi027_3_n713, F0, i)}
{(n787->and_n787_n847, F0, i) + (pi027->not_pi027_3, F1, i)}
{(n787->and_n787_n847, F0, i) + (not_pi027_3, F0, i)}
{(and_n787_n847, F0, i) + (and_not_n779_not_n780, F1, i)(not_n780,0,i)}
{(and_n787_n847, F0, i) + (not_n780, F1, i)}
{(and_n787_n847, F0, i) + (n780, F0, i)}
{(and_n787_n847, F0, i) + (n713->and_not_pi027_3_n713, F0, i)}
{(and_n787_n847, F0, i) + (and_not_pi027_3_n713, F0, i)}
{(and_n787_n847, F0, i) + (pi027->not_pi027_3, F1, i)}
{(and_n787_n847, F0, i) + (not_pi027_3, F0, i)}
{(n847, F0, i) + (and_not_n779_not_n780, F1, i)(not_n780,0,i)}
{(n847, F0, i) + (not_n780, F1, i)}
{(n847, F0, i) + (n780, F0, i)}
{(n847, F0, i) + (n713->and_not_pi027_3_n713, F0, i)}
{(n847, F0, i) + (and_not_pi027_3_n713, F0, i)}
{(n847, F0, i) + (pi027->not_pi027_3, F1, i)}
{(n847, F0, i) + (not_pi027_3, F0, i)}
{(pi027->and_pi027_n838, F0, i) + (and_not_n779_not_n780, F1, i)(not_n780,0,i)}
{(pi027->and_pi027_n838, F0, i) + (not_n780, F1, i)}
{(pi027->and_pi027_n838, F0, i) + (n780, F0, i)}
{(pi027->and_pi027_n838, F0, i) + (n713->and_not_pi027_3_n713, F0, i)}
{(pi027->and_pi027_n838, F0, i) + (and_not_pi027_3_n713, F0, i)}
{(pi027->and_pi027_n838, F0, i) + (pi027->not_pi027_3, F1, i)}
{(pi027->and_pi027_n838, F0, i) + (not_pi027_3, F0, i)}
{(n838->and_pi027_n838, F0, i) + (and_not_n779_not_n780, F1, i)(not_n780,0,i)}
{(n838->and_pi027_n838, F0, i) + (not_n780, F1, i)}
{(n838->and_pi027_n838, F0, i) + (n780, F0, i)}
{(n838->and_pi027_n838, F0, i) + (n713->and_not_pi027_3_n713, F0, i)}
{(n838->and_pi027_n838, F0, i) + (and_not_pi027_3_n713, F0, i)}
{(n838->and_pi027_n838, F0, i) + (pi027->not_pi027_3, F1, i)}
{(n838->and_pi027_n838, F0, i) + (not_pi027_3, F0, i)}
{(and_pi027_n838, F0, i) + (and_not_n779_not_n780, F1, i)(not_n780,0,i)}
{(and_pi027_n838, F0, i) + (not_n780, F1, i)}
{(and_pi027_n838, F0, i) + (n780, F0, i)}
{(and_pi027_n838, F0, i) + (n713->and_not_pi027_3_n713, F0, i)}
{(and_pi027_n838, F0, i) + (and_not_pi027_3_n713, F0, i)}
{(and_pi027_n838, F0, i) + (pi027->not_pi027_3, F1, i)}
{(and_pi027_n838, F0, i) + (not_pi027_3, F0, i)}
