{(and_not_n1023_n1024, F1, i)(n1024,1,i) + (and_not_n779_not_n780, F1, i)(not_n780,1,i)}
{(and_not_n1023_n1024, F1, i)(n1024,1,i) + (not_n779, F1, i)}
{(and_not_n1023_n1024, F1, i)(n1024,1,i) + (n779, F0, i)}
{(and_not_n1023_n1024, F1, i)(n1024,1,i) + (n776->and_n776_n778, F0, i)}
{(and_not_n1023_n1024, F1, i)(n1024,1,i) + (and_n776_n778, F0, i)}
{(and_not_n1023_n1024, F1, i)(n1024,1,i) + (n778, F0, i)}
{(and_not_n1023_n1024, F1, i)(n1024,1,i) + (n762->and_n762_not_n777, F0, i)}
{(and_not_n1023_n1024, F1, i)(n1024,1,i) + (and_n762_not_n777, F0, i)}
{(and_not_n1023_n1024, F1, i)(n1024,1,i) + (n777->not_n777, F1, i)}
{(and_not_n1023_n1024, F1, i)(n1024,1,i) + (not_n777, F0, i)}
{(not_n1023, F1, i) + (and_not_n779_not_n780, F1, i)(not_n780,1,i)}
{(not_n1023, F1, i) + (not_n779, F1, i)}
{(not_n1023, F1, i) + (n779, F0, i)}
{(not_n1023, F1, i) + (n776->and_n776_n778, F0, i)}
{(not_n1023, F1, i) + (and_n776_n778, F0, i)}
{(not_n1023, F1, i) + (n778, F0, i)}
{(not_n1023, F1, i) + (n762->and_n762_not_n777, F0, i)}
{(not_n1023, F1, i) + (and_n762_not_n777, F0, i)}
{(not_n1023, F1, i) + (n777->not_n777, F1, i)}
{(not_n1023, F1, i) + (not_n777, F0, i)}
{(n1023, F0, i) + (and_not_n779_not_n780, F1, i)(not_n780,1,i)}
{(n1023, F0, i) + (not_n779, F1, i)}
{(n1023, F0, i) + (n779, F0, i)}
{(n1023, F0, i) + (n776->and_n776_n778, F0, i)}
{(n1023, F0, i) + (and_n776_n778, F0, i)}
{(n1023, F0, i) + (n778, F0, i)}
{(n1023, F0, i) + (n762->and_n762_not_n777, F0, i)}
{(n1023, F0, i) + (and_n762_not_n777, F0, i)}
{(n1023, F0, i) + (n777->not_n777, F1, i)}
{(n1023, F0, i) + (not_n777, F0, i)}
{(and_not_n1019_not_n1022, F0, i) + (and_not_n779_not_n780, F1, i)(not_n780,1,i)}
{(and_not_n1019_not_n1022, F0, i) + (not_n779, F1, i)}
{(and_not_n1019_not_n1022, F0, i) + (n779, F0, i)}
{(and_not_n1019_not_n1022, F0, i) + (n776->and_n776_n778, F0, i)}
{(and_not_n1019_not_n1022, F0, i) + (and_n776_n778, F0, i)}
{(and_not_n1019_not_n1022, F0, i) + (n778, F0, i)}
{(and_not_n1019_not_n1022, F0, i) + (n762->and_n762_not_n777, F0, i)}
{(and_not_n1019_not_n1022, F0, i) + (and_n762_not_n777, F0, i)}
{(and_not_n1019_not_n1022, F0, i) + (n777->not_n777, F1, i)}
{(and_not_n1019_not_n1022, F0, i) + (not_n777, F0, i)}
{(not_n1019, F0, i) + (and_not_n779_not_n780, F1, i)(not_n780,1,i)}
{(not_n1019, F0, i) + (not_n779, F1, i)}
{(not_n1019, F0, i) + (n779, F0, i)}
{(not_n1019, F0, i) + (n776->and_n776_n778, F0, i)}
{(not_n1019, F0, i) + (and_n776_n778, F0, i)}
{(not_n1019, F0, i) + (n778, F0, i)}
{(not_n1019, F0, i) + (n762->and_n762_not_n777, F0, i)}
{(not_n1019, F0, i) + (and_n762_not_n777, F0, i)}
{(not_n1019, F0, i) + (n777->not_n777, F1, i)}
{(not_n1019, F0, i) + (not_n777, F0, i)}
{(not_n1022, F0, i) + (and_not_n779_not_n780, F1, i)(not_n780,1,i)}
{(not_n1022, F0, i) + (not_n779, F1, i)}
{(not_n1022, F0, i) + (n779, F0, i)}
{(not_n1022, F0, i) + (n776->and_n776_n778, F0, i)}
{(not_n1022, F0, i) + (and_n776_n778, F0, i)}
{(not_n1022, F0, i) + (n778, F0, i)}
{(not_n1022, F0, i) + (n762->and_n762_not_n777, F0, i)}
{(not_n1022, F0, i) + (and_n762_not_n777, F0, i)}
{(not_n1022, F0, i) + (n777->not_n777, F1, i)}
{(not_n1022, F0, i) + (not_n777, F0, i)}
{(n1019, F1, i) + (and_not_n779_not_n780, F1, i)(not_n780,1,i)}
{(n1019, F1, i) + (not_n779, F1, i)}
{(n1019, F1, i) + (n779, F0, i)}
{(n1019, F1, i) + (n776->and_n776_n778, F0, i)}
{(n1019, F1, i) + (and_n776_n778, F0, i)}
{(n1019, F1, i) + (n778, F0, i)}
{(n1019, F1, i) + (n762->and_n762_not_n777, F0, i)}
{(n1019, F1, i) + (and_n762_not_n777, F0, i)}
{(n1019, F1, i) + (n777->not_n777, F1, i)}
{(n1019, F1, i) + (not_n777, F0, i)}
{(n1022, F1, i) + (and_not_n779_not_n780, F1, i)(not_n780,1,i)}
{(n1022, F1, i) + (not_n779, F1, i)}
{(n1022, F1, i) + (n779, F0, i)}
{(n1022, F1, i) + (n776->and_n776_n778, F0, i)}
{(n1022, F1, i) + (and_n776_n778, F0, i)}
{(n1022, F1, i) + (n778, F0, i)}
{(n1022, F1, i) + (n762->and_n762_not_n777, F0, i)}
{(n1022, F1, i) + (and_n762_not_n777, F0, i)}
{(n1022, F1, i) + (n777->not_n777, F1, i)}
{(n1022, F1, i) + (not_n777, F0, i)}
{(and_pi082_not_n1018, F1, i) + (and_not_n779_not_n780, F1, i)(not_n780,1,i)}
{(and_pi082_not_n1018, F1, i) + (not_n779, F1, i)}
{(and_pi082_not_n1018, F1, i) + (n779, F0, i)}
{(and_pi082_not_n1018, F1, i) + (n776->and_n776_n778, F0, i)}
{(and_pi082_not_n1018, F1, i) + (and_n776_n778, F0, i)}
{(and_pi082_not_n1018, F1, i) + (n778, F0, i)}
{(and_pi082_not_n1018, F1, i) + (n762->and_n762_not_n777, F0, i)}
{(and_pi082_not_n1018, F1, i) + (and_n762_not_n777, F0, i)}
{(and_pi082_not_n1018, F1, i) + (n777->not_n777, F1, i)}
{(and_pi082_not_n1018, F1, i) + (not_n777, F0, i)}
{(and_not_n1020_not_n1021, F1, i) + (and_not_n779_not_n780, F1, i)(not_n780,1,i)}
{(and_not_n1020_not_n1021, F1, i) + (not_n779, F1, i)}
{(and_not_n1020_not_n1021, F1, i) + (n779, F0, i)}
{(and_not_n1020_not_n1021, F1, i) + (n776->and_n776_n778, F0, i)}
{(and_not_n1020_not_n1021, F1, i) + (and_n776_n778, F0, i)}
{(and_not_n1020_not_n1021, F1, i) + (n778, F0, i)}
{(and_not_n1020_not_n1021, F1, i) + (n762->and_n762_not_n777, F0, i)}
{(and_not_n1020_not_n1021, F1, i) + (and_n762_not_n777, F0, i)}
{(and_not_n1020_not_n1021, F1, i) + (n777->not_n777, F1, i)}
{(and_not_n1020_not_n1021, F1, i) + (not_n777, F0, i)}
