{(n294, F0, i) + (and_not_n662_not_n668, F1, i)(not_n668,1,i)}
{(n294, F0, i) + (not_n662, F1, i)}
{(n294, F0, i) + (n662, F0, i)}
{(n294, F0, i) + (pi021->and_pi021_not_pi054_24010, F0, i)}
{(n294, F0, i) + (and_pi021_not_pi054_24010, F0, i)}
{(n294, F0, i) + (pi054->not_pi054_24010, F1, i)}
{(n294, F0, i) + (not_pi054_24010, F0, i)}
{(and_not_pi017_not_pi021, F0, i) + (and_not_n662_not_n668, F1, i)(not_n668,1,i)}
{(and_not_pi017_not_pi021, F0, i) + (not_n662, F1, i)}
{(and_not_pi017_not_pi021, F0, i) + (n662, F0, i)}
{(and_not_pi017_not_pi021, F0, i) + (pi021->and_pi021_not_pi054_24010, F0, i)}
{(and_not_pi017_not_pi021, F0, i) + (and_pi021_not_pi054_24010, F0, i)}
{(and_not_pi017_not_pi021, F0, i) + (pi054->not_pi054_24010, F1, i)}
{(and_not_pi017_not_pi021, F0, i) + (not_pi054_24010, F0, i)}
{(pi017->not_pi017, F1, i) + (and_not_n662_not_n668, F1, i)(not_n668,1,i)}
{(pi017->not_pi017, F1, i) + (not_n662, F1, i)}
{(pi017->not_pi017, F1, i) + (n662, F0, i)}
{(pi017->not_pi017, F1, i) + (pi021->and_pi021_not_pi054_24010, F0, i)}
{(pi017->not_pi017, F1, i) + (and_pi021_not_pi054_24010, F0, i)}
{(pi017->not_pi017, F1, i) + (pi054->not_pi054_24010, F1, i)}
{(pi017->not_pi017, F1, i) + (not_pi054_24010, F0, i)}
{(not_pi017, F0, i) + (and_not_n662_not_n668, F1, i)(not_n668,1,i)}
{(not_pi017, F0, i) + (not_n662, F1, i)}
{(not_pi017, F0, i) + (n662, F0, i)}
{(not_pi017, F0, i) + (pi021->and_pi021_not_pi054_24010, F0, i)}
{(not_pi017, F0, i) + (and_pi021_not_pi054_24010, F0, i)}
{(not_pi017, F0, i) + (pi054->not_pi054_24010, F1, i)}
{(not_pi017, F0, i) + (not_pi054_24010, F0, i)}
{(pi021->not_pi021, F1, i) + (and_not_n662_not_n668, F1, i)(not_n668,1,i)}
{(pi021->not_pi021, F1, i) + (not_n662, F1, i)}
{(pi021->not_pi021, F1, i) + (n662, F0, i)}
{(pi021->not_pi021, F1, i) + (pi021->and_pi021_not_pi054_24010, F0, i)}
{(pi021->not_pi021, F1, i) + (and_pi021_not_pi054_24010, F0, i)}
{(pi021->not_pi021, F1, i) + (pi054->not_pi054_24010, F1, i)}
{(pi021->not_pi021, F1, i) + (not_pi054_24010, F0, i)}
{(not_pi021, F0, i) + (and_not_n662_not_n668, F1, i)(not_n668,1,i)}
{(not_pi021, F0, i) + (not_n662, F1, i)}
{(not_pi021, F0, i) + (n662, F0, i)}
{(not_pi021, F0, i) + (pi021->and_pi021_not_pi054_24010, F0, i)}
{(not_pi021, F0, i) + (and_pi021_not_pi054_24010, F0, i)}
{(not_pi021, F0, i) + (pi054->not_pi054_24010, F1, i)}
{(not_pi021, F0, i) + (not_pi054_24010, F0, i)}
