{(and_not_pi129_968890104070_not_n709, F1, i)(not_n709,0,i) + (not_n703, F1, i)}
{(and_not_pi129_968890104070_not_n709, F1, i)(not_n709,0,i) + (n703, F0, i)}
{(and_not_pi129_968890104070_not_n709, F1, i)(not_n709,0,i) + (pi063->and_pi063_n702, F0, i)}
{(and_not_pi129_968890104070_not_n709, F1, i)(not_n709,0,i) + (and_pi063_n702, F0, i)}
{(and_not_pi129_968890104070_not_n709, F1, i)(not_n709,0,i) + (n702, F0, i)}
{(and_not_pi129_968890104070_not_n709, F1, i)(not_n709,0,i) + (and_not_n379_2_not_n701, F0, i)}
{(and_not_pi129_968890104070_not_n709, F1, i)(not_n709,0,i) + (n379->not_n379_2, F1, i)}
{(and_not_pi129_968890104070_not_n709, F1, i)(not_n709,0,i) + (not_n379_2, F0, i)}
{(and_not_pi129_968890104070_not_n709, F1, i)(not_n709,0,i) + (not_n701, F0, i)}
{(and_not_pi129_968890104070_not_n709, F1, i)(not_n709,0,i) + (n701, F1, i)}
{(and_not_pi129_968890104070_not_n709, F1, i)(not_n709,0,i) + (and_pi082_not_n700, F1, i)}
{(not_n709, F1, i) + (not_n703, F1, i)}
{(not_n709, F1, i) + (n703, F0, i)}
{(not_n709, F1, i) + (pi063->and_pi063_n702, F0, i)}
{(not_n709, F1, i) + (and_pi063_n702, F0, i)}
{(not_n709, F1, i) + (n702, F0, i)}
{(not_n709, F1, i) + (and_not_n379_2_not_n701, F0, i)}
{(not_n709, F1, i) + (n379->not_n379_2, F1, i)}
{(not_n709, F1, i) + (not_n379_2, F0, i)}
{(not_n709, F1, i) + (not_n701, F0, i)}
{(not_n709, F1, i) + (n701, F1, i)}
{(not_n709, F1, i) + (and_pi082_not_n700, F1, i)}
{(n709, F0, i) + (not_n703, F1, i)}
{(n709, F0, i) + (n703, F0, i)}
{(n709, F0, i) + (pi063->and_pi063_n702, F0, i)}
{(n709, F0, i) + (and_pi063_n702, F0, i)}
{(n709, F0, i) + (n702, F0, i)}
{(n709, F0, i) + (and_not_n379_2_not_n701, F0, i)}
{(n709, F0, i) + (n379->not_n379_2, F1, i)}
{(n709, F0, i) + (not_n379_2, F0, i)}
{(n709, F0, i) + (not_n701, F0, i)}
{(n709, F0, i) + (n701, F1, i)}
{(n709, F0, i) + (and_pi082_not_n700, F1, i)}
{(n705->and_n705_n708, F0, i) + (not_n703, F1, i)}
{(n705->and_n705_n708, F0, i) + (n703, F0, i)}
{(n705->and_n705_n708, F0, i) + (pi063->and_pi063_n702, F0, i)}
{(n705->and_n705_n708, F0, i) + (and_pi063_n702, F0, i)}
{(n705->and_n705_n708, F0, i) + (n702, F0, i)}
{(n705->and_n705_n708, F0, i) + (and_not_n379_2_not_n701, F0, i)}
{(n705->and_n705_n708, F0, i) + (n379->not_n379_2, F1, i)}
{(n705->and_n705_n708, F0, i) + (not_n379_2, F0, i)}
{(n705->and_n705_n708, F0, i) + (not_n701, F0, i)}
{(n705->and_n705_n708, F0, i) + (n701, F1, i)}
{(n705->and_n705_n708, F0, i) + (and_pi082_not_n700, F1, i)}
{(and_n705_n708, F0, i) + (not_n703, F1, i)}
{(and_n705_n708, F0, i) + (n703, F0, i)}
{(and_n705_n708, F0, i) + (pi063->and_pi063_n702, F0, i)}
{(and_n705_n708, F0, i) + (and_pi063_n702, F0, i)}
{(and_n705_n708, F0, i) + (n702, F0, i)}
{(and_n705_n708, F0, i) + (and_not_n379_2_not_n701, F0, i)}
{(and_n705_n708, F0, i) + (n379->not_n379_2, F1, i)}
{(and_n705_n708, F0, i) + (not_n379_2, F0, i)}
{(and_n705_n708, F0, i) + (not_n701, F0, i)}
{(and_n705_n708, F0, i) + (n701, F1, i)}
{(and_n705_n708, F0, i) + (and_pi082_not_n700, F1, i)}
{(n708, F0, i) + (not_n703, F1, i)}
{(n708, F0, i) + (n703, F0, i)}
{(n708, F0, i) + (pi063->and_pi063_n702, F0, i)}
{(n708, F0, i) + (and_pi063_n702, F0, i)}
{(n708, F0, i) + (n702, F0, i)}
{(n708, F0, i) + (and_not_n379_2_not_n701, F0, i)}
{(n708, F0, i) + (n379->not_n379_2, F1, i)}
{(n708, F0, i) + (not_n379_2, F0, i)}
{(n708, F0, i) + (not_n701, F0, i)}
{(n708, F0, i) + (n701, F1, i)}
{(n708, F0, i) + (and_pi082_not_n700, F1, i)}
{(n649->and_n649_n707, F0, i) + (not_n703, F1, i)}
{(n649->and_n649_n707, F0, i) + (n703, F0, i)}
{(n649->and_n649_n707, F0, i) + (pi063->and_pi063_n702, F0, i)}
{(n649->and_n649_n707, F0, i) + (and_pi063_n702, F0, i)}
{(n649->and_n649_n707, F0, i) + (n702, F0, i)}
{(n649->and_n649_n707, F0, i) + (and_not_n379_2_not_n701, F0, i)}
{(n649->and_n649_n707, F0, i) + (n379->not_n379_2, F1, i)}
{(n649->and_n649_n707, F0, i) + (not_n379_2, F0, i)}
{(n649->and_n649_n707, F0, i) + (not_n701, F0, i)}
{(n649->and_n649_n707, F0, i) + (n701, F1, i)}
{(n649->and_n649_n707, F0, i) + (and_pi082_not_n700, F1, i)}
{(and_n649_n707, F0, i) + (not_n703, F1, i)}
{(and_n649_n707, F0, i) + (n703, F0, i)}
{(and_n649_n707, F0, i) + (pi063->and_pi063_n702, F0, i)}
{(and_n649_n707, F0, i) + (and_pi063_n702, F0, i)}
{(and_n649_n707, F0, i) + (n702, F0, i)}
{(and_n649_n707, F0, i) + (and_not_n379_2_not_n701, F0, i)}
{(and_n649_n707, F0, i) + (n379->not_n379_2, F1, i)}
{(and_n649_n707, F0, i) + (not_n379_2, F0, i)}
{(and_n649_n707, F0, i) + (not_n701, F0, i)}
{(and_n649_n707, F0, i) + (n701, F1, i)}
{(and_n649_n707, F0, i) + (and_pi082_not_n700, F1, i)}
{(n707, F0, i) + (not_n703, F1, i)}
{(n707, F0, i) + (n703, F0, i)}
{(n707, F0, i) + (pi063->and_pi063_n702, F0, i)}
{(n707, F0, i) + (and_pi063_n702, F0, i)}
{(n707, F0, i) + (n702, F0, i)}
{(n707, F0, i) + (and_not_n379_2_not_n701, F0, i)}
{(n707, F0, i) + (n379->not_n379_2, F1, i)}
{(n707, F0, i) + (not_n379_2, F0, i)}
{(n707, F0, i) + (not_n701, F0, i)}
{(n707, F0, i) + (n701, F1, i)}
{(n707, F0, i) + (and_pi082_not_n700, F1, i)}
{(n390->and_n390_n706, F0, i) + (not_n703, F1, i)}
{(n390->and_n390_n706, F0, i) + (n703, F0, i)}
{(n390->and_n390_n706, F0, i) + (pi063->and_pi063_n702, F0, i)}
{(n390->and_n390_n706, F0, i) + (and_pi063_n702, F0, i)}
{(n390->and_n390_n706, F0, i) + (n702, F0, i)}
{(n390->and_n390_n706, F0, i) + (and_not_n379_2_not_n701, F0, i)}
{(n390->and_n390_n706, F0, i) + (n379->not_n379_2, F1, i)}
{(n390->and_n390_n706, F0, i) + (not_n379_2, F0, i)}
{(n390->and_n390_n706, F0, i) + (not_n701, F0, i)}
{(n390->and_n390_n706, F0, i) + (n701, F1, i)}
{(n390->and_n390_n706, F0, i) + (and_pi082_not_n700, F1, i)}
{(and_n390_n706, F0, i) + (not_n703, F1, i)}
{(and_n390_n706, F0, i) + (n703, F0, i)}
{(and_n390_n706, F0, i) + (pi063->and_pi063_n702, F0, i)}
{(and_n390_n706, F0, i) + (and_pi063_n702, F0, i)}
{(and_n390_n706, F0, i) + (n702, F0, i)}
{(and_n390_n706, F0, i) + (and_not_n379_2_not_n701, F0, i)}
{(and_n390_n706, F0, i) + (n379->not_n379_2, F1, i)}
{(and_n390_n706, F0, i) + (not_n379_2, F0, i)}
{(and_n390_n706, F0, i) + (not_n701, F0, i)}
{(and_n390_n706, F0, i) + (n701, F1, i)}
{(and_n390_n706, F0, i) + (and_pi082_not_n700, F1, i)}
{(n706, F0, i) + (not_n703, F1, i)}
{(n706, F0, i) + (n703, F0, i)}
{(n706, F0, i) + (pi063->and_pi063_n702, F0, i)}
{(n706, F0, i) + (and_pi063_n702, F0, i)}
{(n706, F0, i) + (n702, F0, i)}
{(n706, F0, i) + (and_not_n379_2_not_n701, F0, i)}
{(n706, F0, i) + (n379->not_n379_2, F1, i)}
{(n706, F0, i) + (not_n379_2, F0, i)}
{(n706, F0, i) + (not_n701, F0, i)}
{(n706, F0, i) + (n701, F1, i)}
{(n706, F0, i) + (and_pi082_not_n700, F1, i)}
{(pi082->and_pi024_pi082, F0, i) + (not_n703, F1, i)}
{(pi082->and_pi024_pi082, F0, i) + (n703, F0, i)}
{(pi082->and_pi024_pi082, F0, i) + (pi063->and_pi063_n702, F0, i)}
{(pi082->and_pi024_pi082, F0, i) + (and_pi063_n702, F0, i)}
{(pi082->and_pi024_pi082, F0, i) + (n702, F0, i)}
{(pi082->and_pi024_pi082, F0, i) + (and_not_n379_2_not_n701, F0, i)}
{(pi082->and_pi024_pi082, F0, i) + (n379->not_n379_2, F1, i)}
{(pi082->and_pi024_pi082, F0, i) + (not_n379_2, F0, i)}
{(pi082->and_pi024_pi082, F0, i) + (not_n701, F0, i)}
{(pi082->and_pi024_pi082, F0, i) + (n701, F1, i)}
{(pi082->and_pi024_pi082, F0, i) + (and_pi082_not_n700, F1, i)}
{(pi024->and_pi024_pi082, F0, i) + (not_n703, F1, i)}
{(pi024->and_pi024_pi082, F0, i) + (n703, F0, i)}
{(pi024->and_pi024_pi082, F0, i) + (pi063->and_pi063_n702, F0, i)}
{(pi024->and_pi024_pi082, F0, i) + (and_pi063_n702, F0, i)}
{(pi024->and_pi024_pi082, F0, i) + (n702, F0, i)}
{(pi024->and_pi024_pi082, F0, i) + (and_not_n379_2_not_n701, F0, i)}
{(pi024->and_pi024_pi082, F0, i) + (n379->not_n379_2, F1, i)}
{(pi024->and_pi024_pi082, F0, i) + (not_n379_2, F0, i)}
{(pi024->and_pi024_pi082, F0, i) + (not_n701, F0, i)}
{(pi024->and_pi024_pi082, F0, i) + (n701, F1, i)}
{(pi024->and_pi024_pi082, F0, i) + (and_pi082_not_n700, F1, i)}
{(and_pi024_pi082, F0, i) + (not_n703, F1, i)}
{(and_pi024_pi082, F0, i) + (n703, F0, i)}
{(and_pi024_pi082, F0, i) + (pi063->and_pi063_n702, F0, i)}
{(and_pi024_pi082, F0, i) + (and_pi063_n702, F0, i)}
{(and_pi024_pi082, F0, i) + (n702, F0, i)}
{(and_pi024_pi082, F0, i) + (and_not_n379_2_not_n701, F0, i)}
{(and_pi024_pi082, F0, i) + (n379->not_n379_2, F1, i)}
{(and_pi024_pi082, F0, i) + (not_n379_2, F0, i)}
{(and_pi024_pi082, F0, i) + (not_n701, F0, i)}
{(and_pi024_pi082, F0, i) + (n701, F1, i)}
{(and_pi024_pi082, F0, i) + (and_pi082_not_n700, F1, i)}
