{(N2144, F0, i) + (N3282, F1, i)(N3711,0,i)}
{(N2144, F0, i) + (N3711, F1, i)}
{(N2144, F0, i) + (N3685, F0, i)}
{(N2144, F0, i) + (N1873->N1918, F0, i)}
{(N2144, F0, i) + (N1918, F0, i)}
{(N2144, F0, i) + (N2067->N2545, F1, i)}
{(N2144, F0, i) + (N2545, F0, i)}
{(N2144, F0, i) + (N194->N1192, F1, i)}
{(N2144, F0, i) + (N1192, F1, i)(N140,1,i)}
{(N51->N698, F0, i) + (N3282, F1, i)(N3711,0,i)}
{(N51->N698, F0, i) + (N3711, F1, i)}
{(N51->N698, F0, i) + (N3685, F0, i)}
{(N51->N698, F0, i) + (N1873->N1918, F0, i)}
{(N51->N698, F0, i) + (N1918, F0, i)}
{(N51->N698, F0, i) + (N2067->N2545, F1, i)}
{(N51->N698, F0, i) + (N2545, F0, i)}
{(N51->N698, F0, i) + (N194->N1192, F1, i)}
{(N51->N698, F0, i) + (N1192, F1, i)(N140,1,i)}
{(N97->N698, F0, i) + (N3282, F1, i)(N3711,0,i)}
{(N97->N698, F0, i) + (N3711, F1, i)}
{(N97->N698, F0, i) + (N3685, F0, i)}
{(N97->N698, F0, i) + (N1873->N1918, F0, i)}
{(N97->N698, F0, i) + (N1918, F0, i)}
{(N97->N698, F0, i) + (N2067->N2545, F1, i)}
{(N97->N698, F0, i) + (N2545, F0, i)}
{(N97->N698, F0, i) + (N194->N1192, F1, i)}
{(N97->N698, F0, i) + (N1192, F1, i)(N140,1,i)}
{(N698, F0, i) + (N3282, F1, i)(N3711,0,i)}
{(N698, F0, i) + (N3711, F1, i)}
{(N698, F0, i) + (N3685, F0, i)}
{(N698, F0, i) + (N1873->N1918, F0, i)}
{(N698, F0, i) + (N1918, F0, i)}
{(N698, F0, i) + (N2067->N2545, F1, i)}
{(N698, F0, i) + (N2545, F0, i)}
{(N698, F0, i) + (N194->N1192, F1, i)}
{(N698, F0, i) + (N1192, F1, i)(N140,1,i)}
