{(N1003, F0, i) + (N3043, F1, i)(N2328,0,i)}
{(N1003, F0, i) + (N2328, F1, i)}
{(N1003, F0, i) + (N646, F0, i)}
{(N1003, F0, i) + (N3504->N3852, F0, i)}
{(N1003, F0, i) + (N3852, F0, i)}
{(N1003, F0, i) + (N1074->N1890, F1, i)}
{(N1003, F0, i) + (N1890, F0, i)}
{(N3026, F0, i) + (N3043, F1, i)(N2328,0,i)}
{(N3026, F0, i) + (N2328, F1, i)}
{(N3026, F0, i) + (N646, F0, i)}
{(N3026, F0, i) + (N3504->N3852, F0, i)}
{(N3026, F0, i) + (N3852, F0, i)}
{(N3026, F0, i) + (N1074->N1890, F1, i)}
{(N3026, F0, i) + (N1890, F0, i)}
{(N2248->N1341, F1, i) + (N3043, F1, i)(N2328,0,i)}
{(N2248->N1341, F1, i) + (N2328, F1, i)}
{(N2248->N1341, F1, i) + (N646, F0, i)}
{(N2248->N1341, F1, i) + (N3504->N3852, F0, i)}
{(N2248->N1341, F1, i) + (N3852, F0, i)}
{(N2248->N1341, F1, i) + (N1074->N1890, F1, i)}
{(N2248->N1341, F1, i) + (N1890, F0, i)}
{(N1341, F0, i) + (N3043, F1, i)(N2328,0,i)}
{(N1341, F0, i) + (N2328, F1, i)}
{(N1341, F0, i) + (N646, F0, i)}
{(N1341, F0, i) + (N3504->N3852, F0, i)}
{(N1341, F0, i) + (N3852, F0, i)}
{(N1341, F0, i) + (N1074->N1890, F1, i)}
{(N1341, F0, i) + (N1890, F0, i)}
{(N3143->N1226, F1, i) + (N3043, F1, i)(N2328,0,i)}
{(N3143->N1226, F1, i) + (N2328, F1, i)}
{(N3143->N1226, F1, i) + (N646, F0, i)}
{(N3143->N1226, F1, i) + (N3504->N3852, F0, i)}
{(N3143->N1226, F1, i) + (N3852, F0, i)}
{(N3143->N1226, F1, i) + (N1074->N1890, F1, i)}
{(N3143->N1226, F1, i) + (N1890, F0, i)}
{(N1226, F0, i) + (N3043, F1, i)(N2328,0,i)}
{(N1226, F0, i) + (N2328, F1, i)}
{(N1226, F0, i) + (N646, F0, i)}
{(N1226, F0, i) + (N3504->N3852, F0, i)}
{(N1226, F0, i) + (N3852, F0, i)}
{(N1226, F0, i) + (N1074->N1890, F1, i)}
{(N1226, F0, i) + (N1890, F0, i)}
