{(N1928, F1, i)(N3374,0,i) + (N2406, F0, i)}
{(N1928, F1, i)(N3374,0,i) + (N456, F0, i)}
{(N1928, F1, i)(N3374,0,i) + (N2411->N3610, F1, i)}
{(N1928, F1, i)(N3374,0,i) + (N3610, F0, i)}
{(N1928, F1, i)(N3374,0,i) + (N1830->N3554, F1, i)}
{(N1928, F1, i)(N3374,0,i) + (N3554, F0, i)}
{(N3374, F1, i) + (N2406, F0, i)}
{(N3374, F1, i) + (N456, F0, i)}
{(N3374, F1, i) + (N2411->N3610, F1, i)}
{(N3374, F1, i) + (N3610, F0, i)}
{(N3374, F1, i) + (N1830->N3554, F1, i)}
{(N3374, F1, i) + (N3554, F0, i)}
{(N1468, F0, i) + (N2406, F0, i)}
{(N1468, F0, i) + (N456, F0, i)}
{(N1468, F0, i) + (N2411->N3610, F1, i)}
{(N1468, F0, i) + (N3610, F0, i)}
{(N1468, F0, i) + (N1830->N3554, F1, i)}
{(N1468, F0, i) + (N3554, F0, i)}
{(N2581->N1940, F0, i) + (N2406, F0, i)}
{(N2581->N1940, F0, i) + (N456, F0, i)}
{(N2581->N1940, F0, i) + (N2411->N3610, F1, i)}
{(N2581->N1940, F0, i) + (N3610, F0, i)}
{(N2581->N1940, F0, i) + (N1830->N3554, F1, i)}
{(N2581->N1940, F0, i) + (N3554, F0, i)}
{(N1940, F0, i) + (N2406, F0, i)}
{(N1940, F0, i) + (N456, F0, i)}
{(N1940, F0, i) + (N2411->N3610, F1, i)}
{(N1940, F0, i) + (N3610, F0, i)}
{(N1940, F0, i) + (N1830->N3554, F1, i)}
{(N1940, F0, i) + (N3554, F0, i)}
{(N3629->N2887, F1, i) + (N2406, F0, i)}
{(N3629->N2887, F1, i) + (N456, F0, i)}
{(N3629->N2887, F1, i) + (N2411->N3610, F1, i)}
{(N3629->N2887, F1, i) + (N3610, F0, i)}
{(N3629->N2887, F1, i) + (N1830->N3554, F1, i)}
{(N3629->N2887, F1, i) + (N3554, F0, i)}
{(N2887, F0, i) + (N2406, F0, i)}
{(N2887, F0, i) + (N456, F0, i)}
{(N2887, F0, i) + (N2411->N3610, F1, i)}
{(N2887, F0, i) + (N3610, F0, i)}
{(N2887, F0, i) + (N1830->N3554, F1, i)}
{(N2887, F0, i) + (N3554, F0, i)}
{(N168->N3925, F1, i) + (N2406, F0, i)}
{(N168->N3925, F1, i) + (N456, F0, i)}
{(N168->N3925, F1, i) + (N2411->N3610, F1, i)}
{(N168->N3925, F1, i) + (N3610, F0, i)}
{(N168->N3925, F1, i) + (N1830->N3554, F1, i)}
{(N168->N3925, F1, i) + (N3554, F0, i)}
{(N3925, F1, i)(N59,1,i) + (N2406, F0, i)}
{(N3925, F1, i)(N59,1,i) + (N456, F0, i)}
{(N3925, F1, i)(N59,1,i) + (N2411->N3610, F1, i)}
{(N3925, F1, i)(N59,1,i) + (N3610, F0, i)}
{(N3925, F1, i)(N59,1,i) + (N1830->N3554, F1, i)}
{(N3925, F1, i)(N59,1,i) + (N3554, F0, i)}
