{(N1487, F0, i) + (N86->N686, F1, i)}
{(N1487, F0, i) + (N686, F1, i)(N222,1,i)}
{(N1487, F0, i) + (N485, F1, i)(N2048,1,i)}
{(N1487, F0, i) + (N2910, F1, i)}
{(N1487, F0, i) + (N827, F0, i)}
{(N1487, F0, i) + (N2561->N2564, F0, i)}
{(N1487, F0, i) + (N2564, F0, i)}
{(N1487, F0, i) + (N1241->N2206, F1, i)}
{(N1487, F0, i) + (N2206, F0, i)}
{(N80->N2101, F0, i) + (N86->N686, F1, i)}
{(N80->N2101, F0, i) + (N686, F1, i)(N222,1,i)}
{(N80->N2101, F0, i) + (N485, F1, i)(N2048,1,i)}
{(N80->N2101, F0, i) + (N2910, F1, i)}
{(N80->N2101, F0, i) + (N827, F0, i)}
{(N80->N2101, F0, i) + (N2561->N2564, F0, i)}
{(N80->N2101, F0, i) + (N2564, F0, i)}
{(N80->N2101, F0, i) + (N1241->N2206, F1, i)}
{(N80->N2101, F0, i) + (N2206, F0, i)}
{(N242->N2101, F0, i) + (N86->N686, F1, i)}
{(N242->N2101, F0, i) + (N686, F1, i)(N222,1,i)}
{(N242->N2101, F0, i) + (N485, F1, i)(N2048,1,i)}
{(N242->N2101, F0, i) + (N2910, F1, i)}
{(N242->N2101, F0, i) + (N827, F0, i)}
{(N242->N2101, F0, i) + (N2561->N2564, F0, i)}
{(N242->N2101, F0, i) + (N2564, F0, i)}
{(N242->N2101, F0, i) + (N1241->N2206, F1, i)}
{(N242->N2101, F0, i) + (N2206, F0, i)}
{(N2101, F0, i) + (N86->N686, F1, i)}
{(N2101, F0, i) + (N686, F1, i)(N222,1,i)}
{(N2101, F0, i) + (N485, F1, i)(N2048,1,i)}
{(N2101, F0, i) + (N2910, F1, i)}
{(N2101, F0, i) + (N827, F0, i)}
{(N2101, F0, i) + (N2561->N2564, F0, i)}
{(N2101, F0, i) + (N2564, F0, i)}
{(N2101, F0, i) + (N1241->N2206, F1, i)}
{(N2101, F0, i) + (N2206, F0, i)}
