{(N2519, F0, i) + (N3342, F1, i)(N1482,0,i)}
{(N2519, F0, i) + (N1482, F1, i)}
{(N2519, F0, i) + (N2491, F0, i)}
{(N2519, F0, i) + (N3280->N2151, F0, i)}
{(N2519, F0, i) + (N2151, F0, i)}
{(N2519, F0, i) + (N2926->N403, F1, i)}
{(N2519, F0, i) + (N403, F0, i)}
{(N2519, F0, i) + (N112->N1846, F1, i)}
{(N2519, F0, i) + (N1846, F1, i)(N10,1,i)}
{(N1300, F0, i) + (N3342, F1, i)(N1482,0,i)}
{(N1300, F0, i) + (N1482, F1, i)}
{(N1300, F0, i) + (N2491, F0, i)}
{(N1300, F0, i) + (N3280->N2151, F0, i)}
{(N1300, F0, i) + (N2151, F0, i)}
{(N1300, F0, i) + (N2926->N403, F1, i)}
{(N1300, F0, i) + (N403, F0, i)}
{(N1300, F0, i) + (N112->N1846, F1, i)}
{(N1300, F0, i) + (N1846, F1, i)(N10,1,i)}
{(N1409->N2395, F1, i) + (N3342, F1, i)(N1482,0,i)}
{(N1409->N2395, F1, i) + (N1482, F1, i)}
{(N1409->N2395, F1, i) + (N2491, F0, i)}
{(N1409->N2395, F1, i) + (N3280->N2151, F0, i)}
{(N1409->N2395, F1, i) + (N2151, F0, i)}
{(N1409->N2395, F1, i) + (N2926->N403, F1, i)}
{(N1409->N2395, F1, i) + (N403, F0, i)}
{(N1409->N2395, F1, i) + (N112->N1846, F1, i)}
{(N1409->N2395, F1, i) + (N1846, F1, i)(N10,1,i)}
{(N2395, F0, i) + (N3342, F1, i)(N1482,0,i)}
{(N2395, F0, i) + (N1482, F1, i)}
{(N2395, F0, i) + (N2491, F0, i)}
{(N2395, F0, i) + (N3280->N2151, F0, i)}
{(N2395, F0, i) + (N2151, F0, i)}
{(N2395, F0, i) + (N2926->N403, F1, i)}
{(N2395, F0, i) + (N403, F0, i)}
{(N2395, F0, i) + (N112->N1846, F1, i)}
{(N2395, F0, i) + (N1846, F1, i)(N10,1,i)}
{(N1322->N2470, F1, i) + (N3342, F1, i)(N1482,0,i)}
{(N1322->N2470, F1, i) + (N1482, F1, i)}
{(N1322->N2470, F1, i) + (N2491, F0, i)}
{(N1322->N2470, F1, i) + (N3280->N2151, F0, i)}
{(N1322->N2470, F1, i) + (N2151, F0, i)}
{(N1322->N2470, F1, i) + (N2926->N403, F1, i)}
{(N1322->N2470, F1, i) + (N403, F0, i)}
{(N1322->N2470, F1, i) + (N112->N1846, F1, i)}
{(N1322->N2470, F1, i) + (N1846, F1, i)(N10,1,i)}
{(N2470, F0, i) + (N3342, F1, i)(N1482,0,i)}
{(N2470, F0, i) + (N1482, F1, i)}
{(N2470, F0, i) + (N2491, F0, i)}
{(N2470, F0, i) + (N3280->N2151, F0, i)}
{(N2470, F0, i) + (N2151, F0, i)}
{(N2470, F0, i) + (N2926->N403, F1, i)}
{(N2470, F0, i) + (N403, F0, i)}
{(N2470, F0, i) + (N112->N1846, F1, i)}
{(N2470, F0, i) + (N1846, F1, i)(N10,1,i)}
