{(N3101, F1, i)(N3824,1,i) + (N401, F1, i)(N3009,1,i)}
{(N3101, F1, i)(N3824,1,i) + (N2791, F1, i)}
{(N3101, F1, i)(N3824,1,i) + (N3543, F0, i)}
{(N3101, F1, i)(N3824,1,i) + (N1603->N807, F0, i)}
{(N3101, F1, i)(N3824,1,i) + (N807, F0, i)}
{(N3101, F1, i)(N3824,1,i) + (N2134->N1834, F1, i)}
{(N3101, F1, i)(N3824,1,i) + (N1834, F0, i)}
{(N3101, F1, i)(N3824,1,i) + (N126->N1425, F1, i)}
{(N3101, F1, i)(N3824,1,i) + (N1425, F1, i)(N128,1,i)}
{(N3520, F1, i) + (N401, F1, i)(N3009,1,i)}
{(N3520, F1, i) + (N2791, F1, i)}
{(N3520, F1, i) + (N3543, F0, i)}
{(N3520, F1, i) + (N1603->N807, F0, i)}
{(N3520, F1, i) + (N807, F0, i)}
{(N3520, F1, i) + (N2134->N1834, F1, i)}
{(N3520, F1, i) + (N1834, F0, i)}
{(N3520, F1, i) + (N126->N1425, F1, i)}
{(N3520, F1, i) + (N1425, F1, i)(N128,1,i)}
{(N2325, F0, i) + (N401, F1, i)(N3009,1,i)}
{(N2325, F0, i) + (N2791, F1, i)}
{(N2325, F0, i) + (N3543, F0, i)}
{(N2325, F0, i) + (N1603->N807, F0, i)}
{(N2325, F0, i) + (N807, F0, i)}
{(N2325, F0, i) + (N2134->N1834, F1, i)}
{(N2325, F0, i) + (N1834, F0, i)}
{(N2325, F0, i) + (N126->N1425, F1, i)}
{(N2325, F0, i) + (N1425, F1, i)(N128,1,i)}
{(N2378->N3901, F0, i) + (N401, F1, i)(N3009,1,i)}
{(N2378->N3901, F0, i) + (N2791, F1, i)}
{(N2378->N3901, F0, i) + (N3543, F0, i)}
{(N2378->N3901, F0, i) + (N1603->N807, F0, i)}
{(N2378->N3901, F0, i) + (N807, F0, i)}
{(N2378->N3901, F0, i) + (N2134->N1834, F1, i)}
{(N2378->N3901, F0, i) + (N1834, F0, i)}
{(N2378->N3901, F0, i) + (N126->N1425, F1, i)}
{(N2378->N3901, F0, i) + (N1425, F1, i)(N128,1,i)}
{(N3901, F0, i) + (N401, F1, i)(N3009,1,i)}
{(N3901, F0, i) + (N2791, F1, i)}
{(N3901, F0, i) + (N3543, F0, i)}
{(N3901, F0, i) + (N1603->N807, F0, i)}
{(N3901, F0, i) + (N807, F0, i)}
{(N3901, F0, i) + (N2134->N1834, F1, i)}
{(N3901, F0, i) + (N1834, F0, i)}
{(N3901, F0, i) + (N126->N1425, F1, i)}
{(N3901, F0, i) + (N1425, F1, i)(N128,1,i)}
{(N2542->N3259, F1, i) + (N401, F1, i)(N3009,1,i)}
{(N2542->N3259, F1, i) + (N2791, F1, i)}
{(N2542->N3259, F1, i) + (N3543, F0, i)}
{(N2542->N3259, F1, i) + (N1603->N807, F0, i)}
{(N2542->N3259, F1, i) + (N807, F0, i)}
{(N2542->N3259, F1, i) + (N2134->N1834, F1, i)}
{(N2542->N3259, F1, i) + (N1834, F0, i)}
{(N2542->N3259, F1, i) + (N126->N1425, F1, i)}
{(N2542->N3259, F1, i) + (N1425, F1, i)(N128,1,i)}
{(N3259, F0, i) + (N401, F1, i)(N3009,1,i)}
{(N3259, F0, i) + (N2791, F1, i)}
{(N3259, F0, i) + (N3543, F0, i)}
{(N3259, F0, i) + (N1603->N807, F0, i)}
{(N3259, F0, i) + (N807, F0, i)}
{(N3259, F0, i) + (N2134->N1834, F1, i)}
{(N3259, F0, i) + (N1834, F0, i)}
{(N3259, F0, i) + (N126->N1425, F1, i)}
{(N3259, F0, i) + (N1425, F1, i)(N128,1,i)}
{(N145->N3221, F1, i) + (N401, F1, i)(N3009,1,i)}
{(N145->N3221, F1, i) + (N2791, F1, i)}
{(N145->N3221, F1, i) + (N3543, F0, i)}
{(N145->N3221, F1, i) + (N1603->N807, F0, i)}
{(N145->N3221, F1, i) + (N807, F0, i)}
{(N145->N3221, F1, i) + (N2134->N1834, F1, i)}
{(N145->N3221, F1, i) + (N1834, F0, i)}
{(N145->N3221, F1, i) + (N126->N1425, F1, i)}
{(N145->N3221, F1, i) + (N1425, F1, i)(N128,1,i)}
{(N3221, F1, i)(N199,1,i) + (N401, F1, i)(N3009,1,i)}
{(N3221, F1, i)(N199,1,i) + (N2791, F1, i)}
{(N3221, F1, i)(N199,1,i) + (N3543, F0, i)}
{(N3221, F1, i)(N199,1,i) + (N1603->N807, F0, i)}
{(N3221, F1, i)(N199,1,i) + (N807, F0, i)}
{(N3221, F1, i)(N199,1,i) + (N2134->N1834, F1, i)}
{(N3221, F1, i)(N199,1,i) + (N1834, F0, i)}
{(N3221, F1, i)(N199,1,i) + (N126->N1425, F1, i)}
{(N3221, F1, i)(N199,1,i) + (N1425, F1, i)(N128,1,i)}
