{(N2787, F1, i)(N2112,1,i) + (N1004, F1, i)(N2772,0,i)}
{(N2787, F1, i)(N2112,1,i) + (N2772, F1, i)}
{(N2787, F1, i)(N2112,1,i) + (N3407, F0, i)}
{(N2787, F1, i)(N2112,1,i) + (N3838->N3089, F0, i)}
{(N2787, F1, i)(N2112,1,i) + (N3089, F0, i)}
{(N2787, F1, i)(N2112,1,i) + (N2349->N3118, F1, i)}
{(N2787, F1, i)(N2112,1,i) + (N3118, F0, i)}
{(N2787, F1, i)(N2112,1,i) + (N139->N2943, F1, i)}
{(N2787, F1, i)(N2112,1,i) + (N2943, F1, i)(N2,1,i)}
{(N851, F1, i)(N1025,0,i) + (N1004, F1, i)(N2772,0,i)}
{(N851, F1, i)(N1025,0,i) + (N2772, F1, i)}
{(N851, F1, i)(N1025,0,i) + (N3407, F0, i)}
{(N851, F1, i)(N1025,0,i) + (N3838->N3089, F0, i)}
{(N851, F1, i)(N1025,0,i) + (N3089, F0, i)}
{(N851, F1, i)(N1025,0,i) + (N2349->N3118, F1, i)}
{(N851, F1, i)(N1025,0,i) + (N3118, F0, i)}
{(N851, F1, i)(N1025,0,i) + (N139->N2943, F1, i)}
{(N851, F1, i)(N1025,0,i) + (N2943, F1, i)(N2,1,i)}
{(N2800, F1, i) + (N1004, F1, i)(N2772,0,i)}
{(N2800, F1, i) + (N2772, F1, i)}
{(N2800, F1, i) + (N3407, F0, i)}
{(N2800, F1, i) + (N3838->N3089, F0, i)}
{(N2800, F1, i) + (N3089, F0, i)}
{(N2800, F1, i) + (N2349->N3118, F1, i)}
{(N2800, F1, i) + (N3118, F0, i)}
{(N2800, F1, i) + (N139->N2943, F1, i)}
{(N2800, F1, i) + (N2943, F1, i)(N2,1,i)}
{(N45->N1025, F0, i) + (N1004, F1, i)(N2772,0,i)}
{(N45->N1025, F0, i) + (N2772, F1, i)}
{(N45->N1025, F0, i) + (N3407, F0, i)}
{(N45->N1025, F0, i) + (N3838->N3089, F0, i)}
{(N45->N1025, F0, i) + (N3089, F0, i)}
{(N45->N1025, F0, i) + (N2349->N3118, F1, i)}
{(N45->N1025, F0, i) + (N3118, F0, i)}
{(N45->N1025, F0, i) + (N139->N2943, F1, i)}
{(N45->N1025, F0, i) + (N2943, F1, i)(N2,1,i)}
{(N1025, F1, i) + (N1004, F1, i)(N2772,0,i)}
{(N1025, F1, i) + (N2772, F1, i)}
{(N1025, F1, i) + (N3407, F0, i)}
{(N1025, F1, i) + (N3838->N3089, F0, i)}
{(N1025, F1, i) + (N3089, F0, i)}
{(N1025, F1, i) + (N2349->N3118, F1, i)}
{(N1025, F1, i) + (N3118, F0, i)}
{(N1025, F1, i) + (N139->N2943, F1, i)}
{(N1025, F1, i) + (N2943, F1, i)(N2,1,i)}
{(N2354, F0, i) + (N1004, F1, i)(N2772,0,i)}
{(N2354, F0, i) + (N2772, F1, i)}
{(N2354, F0, i) + (N3407, F0, i)}
{(N2354, F0, i) + (N3838->N3089, F0, i)}
{(N2354, F0, i) + (N3089, F0, i)}
{(N2354, F0, i) + (N2349->N3118, F1, i)}
{(N2354, F0, i) + (N3118, F0, i)}
{(N2354, F0, i) + (N139->N2943, F1, i)}
{(N2354, F0, i) + (N2943, F1, i)(N2,1,i)}
{(N772, F0, i) + (N1004, F1, i)(N2772,0,i)}
{(N772, F0, i) + (N2772, F1, i)}
{(N772, F0, i) + (N3407, F0, i)}
{(N772, F0, i) + (N3838->N3089, F0, i)}
{(N772, F0, i) + (N3089, F0, i)}
{(N772, F0, i) + (N2349->N3118, F1, i)}
{(N772, F0, i) + (N3118, F0, i)}
{(N772, F0, i) + (N139->N2943, F1, i)}
{(N772, F0, i) + (N2943, F1, i)(N2,1,i)}
{(N622->N1828, F1, i) + (N1004, F1, i)(N2772,0,i)}
{(N622->N1828, F1, i) + (N2772, F1, i)}
{(N622->N1828, F1, i) + (N3407, F0, i)}
{(N622->N1828, F1, i) + (N3838->N3089, F0, i)}
{(N622->N1828, F1, i) + (N3089, F0, i)}
{(N622->N1828, F1, i) + (N2349->N3118, F1, i)}
{(N622->N1828, F1, i) + (N3118, F0, i)}
{(N622->N1828, F1, i) + (N139->N2943, F1, i)}
{(N622->N1828, F1, i) + (N2943, F1, i)(N2,1,i)}
{(N1828, F0, i) + (N1004, F1, i)(N2772,0,i)}
{(N1828, F0, i) + (N2772, F1, i)}
{(N1828, F0, i) + (N3407, F0, i)}
{(N1828, F0, i) + (N3838->N3089, F0, i)}
{(N1828, F0, i) + (N3089, F0, i)}
{(N1828, F0, i) + (N2349->N3118, F1, i)}
{(N1828, F0, i) + (N3118, F0, i)}
{(N1828, F0, i) + (N139->N2943, F1, i)}
{(N1828, F0, i) + (N2943, F1, i)(N2,1,i)}
{(N2914->N1064, F1, i) + (N1004, F1, i)(N2772,0,i)}
{(N2914->N1064, F1, i) + (N2772, F1, i)}
{(N2914->N1064, F1, i) + (N3407, F0, i)}
{(N2914->N1064, F1, i) + (N3838->N3089, F0, i)}
{(N2914->N1064, F1, i) + (N3089, F0, i)}
{(N2914->N1064, F1, i) + (N2349->N3118, F1, i)}
{(N2914->N1064, F1, i) + (N3118, F0, i)}
{(N2914->N1064, F1, i) + (N139->N2943, F1, i)}
{(N2914->N1064, F1, i) + (N2943, F1, i)(N2,1,i)}
{(N1064, F0, i) + (N1004, F1, i)(N2772,0,i)}
{(N1064, F0, i) + (N2772, F1, i)}
{(N1064, F0, i) + (N3407, F0, i)}
{(N1064, F0, i) + (N3838->N3089, F0, i)}
{(N1064, F0, i) + (N3089, F0, i)}
{(N1064, F0, i) + (N2349->N3118, F1, i)}
{(N1064, F0, i) + (N3118, F0, i)}
{(N1064, F0, i) + (N139->N2943, F1, i)}
{(N1064, F0, i) + (N2943, F1, i)(N2,1,i)}
