{(N773, F0, i) + (N3933->N2607, F1, i)}
{(N773, F0, i) + (N2607, F1, i)(N3933,0,i)}
{(N773, F0, i) + (N503->N1095, F1, i)}
{(N773, F0, i) + (N1095, F1, i)(N1720,1,i)}
{(N773, F0, i) + (N2934, F1, i)(N1306,0,i)}
{(N773, F0, i) + (N1306, F1, i)}
{(N773, F0, i) + (N2427, F0, i)}
{(N773, F0, i) + (N2486, F0, i)}
{(N773, F0, i) + (N2473->N1677, F1, i)}
{(N773, F0, i) + (N1677, F0, i)}
{(N773, F0, i) + (N1112->N3827, F1, i)}
{(N773, F0, i) + (N3827, F0, i)}
{(N89->N2693, F0, i) + (N3933->N2607, F1, i)}
{(N89->N2693, F0, i) + (N2607, F1, i)(N3933,0,i)}
{(N89->N2693, F0, i) + (N503->N1095, F1, i)}
{(N89->N2693, F0, i) + (N1095, F1, i)(N1720,1,i)}
{(N89->N2693, F0, i) + (N2934, F1, i)(N1306,0,i)}
{(N89->N2693, F0, i) + (N1306, F1, i)}
{(N89->N2693, F0, i) + (N2427, F0, i)}
{(N89->N2693, F0, i) + (N2486, F0, i)}
{(N89->N2693, F0, i) + (N2473->N1677, F1, i)}
{(N89->N2693, F0, i) + (N1677, F0, i)}
{(N89->N2693, F0, i) + (N1112->N3827, F1, i)}
{(N89->N2693, F0, i) + (N3827, F0, i)}
{(N120->N2693, F0, i) + (N3933->N2607, F1, i)}
{(N120->N2693, F0, i) + (N2607, F1, i)(N3933,0,i)}
{(N120->N2693, F0, i) + (N503->N1095, F1, i)}
{(N120->N2693, F0, i) + (N1095, F1, i)(N1720,1,i)}
{(N120->N2693, F0, i) + (N2934, F1, i)(N1306,0,i)}
{(N120->N2693, F0, i) + (N1306, F1, i)}
{(N120->N2693, F0, i) + (N2427, F0, i)}
{(N120->N2693, F0, i) + (N2486, F0, i)}
{(N120->N2693, F0, i) + (N2473->N1677, F1, i)}
{(N120->N2693, F0, i) + (N1677, F0, i)}
{(N120->N2693, F0, i) + (N1112->N3827, F1, i)}
{(N120->N2693, F0, i) + (N3827, F0, i)}
{(N2693, F0, i) + (N3933->N2607, F1, i)}
{(N2693, F0, i) + (N2607, F1, i)(N3933,0,i)}
{(N2693, F0, i) + (N503->N1095, F1, i)}
{(N2693, F0, i) + (N1095, F1, i)(N1720,1,i)}
{(N2693, F0, i) + (N2934, F1, i)(N1306,0,i)}
{(N2693, F0, i) + (N1306, F1, i)}
{(N2693, F0, i) + (N2427, F0, i)}
{(N2693, F0, i) + (N2486, F0, i)}
{(N2693, F0, i) + (N2473->N1677, F1, i)}
{(N2693, F0, i) + (N1677, F0, i)}
{(N2693, F0, i) + (N1112->N3827, F1, i)}
{(N2693, F0, i) + (N3827, F0, i)}
