{(N603, F1, i)(N2171,1,i) + (N1870, F1, i)(N2543,0,i)}
{(N603, F1, i)(N2171,1,i) + (N2543, F1, i)}
{(N603, F1, i)(N2171,1,i) + (N2187, F0, i)}
{(N603, F1, i)(N2171,1,i) + (N2510->N761, F0, i)}
{(N603, F1, i)(N2171,1,i) + (N761, F0, i)}
{(N603, F1, i)(N2171,1,i) + (N835->N1756, F1, i)}
{(N603, F1, i)(N2171,1,i) + (N1756, F0, i)}
{(N603, F1, i)(N2171,1,i) + (N36->N1722, F1, i)}
{(N603, F1, i)(N2171,1,i) + (N1722, F1, i)(N253,1,i)}
{(N2505, F1, i) + (N1870, F1, i)(N2543,0,i)}
{(N2505, F1, i) + (N2543, F1, i)}
{(N2505, F1, i) + (N2187, F0, i)}
{(N2505, F1, i) + (N2510->N761, F0, i)}
{(N2505, F1, i) + (N761, F0, i)}
{(N2505, F1, i) + (N835->N1756, F1, i)}
{(N2505, F1, i) + (N1756, F0, i)}
{(N2505, F1, i) + (N36->N1722, F1, i)}
{(N2505, F1, i) + (N1722, F1, i)(N253,1,i)}
{(N931, F0, i) + (N1870, F1, i)(N2543,0,i)}
{(N931, F0, i) + (N2543, F1, i)}
{(N931, F0, i) + (N2187, F0, i)}
{(N931, F0, i) + (N2510->N761, F0, i)}
{(N931, F0, i) + (N761, F0, i)}
{(N931, F0, i) + (N835->N1756, F1, i)}
{(N931, F0, i) + (N1756, F0, i)}
{(N931, F0, i) + (N36->N1722, F1, i)}
{(N931, F0, i) + (N1722, F1, i)(N253,1,i)}
{(N3456, F0, i) + (N1870, F1, i)(N2543,0,i)}
{(N3456, F0, i) + (N2543, F1, i)}
{(N3456, F0, i) + (N2187, F0, i)}
{(N3456, F0, i) + (N2510->N761, F0, i)}
{(N3456, F0, i) + (N761, F0, i)}
{(N3456, F0, i) + (N835->N1756, F1, i)}
{(N3456, F0, i) + (N1756, F0, i)}
{(N3456, F0, i) + (N36->N1722, F1, i)}
{(N3456, F0, i) + (N1722, F1, i)(N253,1,i)}
{(N2224->N3643, F1, i) + (N1870, F1, i)(N2543,0,i)}
{(N2224->N3643, F1, i) + (N2543, F1, i)}
{(N2224->N3643, F1, i) + (N2187, F0, i)}
{(N2224->N3643, F1, i) + (N2510->N761, F0, i)}
{(N2224->N3643, F1, i) + (N761, F0, i)}
{(N2224->N3643, F1, i) + (N835->N1756, F1, i)}
{(N2224->N3643, F1, i) + (N1756, F0, i)}
{(N2224->N3643, F1, i) + (N36->N1722, F1, i)}
{(N2224->N3643, F1, i) + (N1722, F1, i)(N253,1,i)}
{(N3643, F0, i) + (N1870, F1, i)(N2543,0,i)}
{(N3643, F0, i) + (N2543, F1, i)}
{(N3643, F0, i) + (N2187, F0, i)}
{(N3643, F0, i) + (N2510->N761, F0, i)}
{(N3643, F0, i) + (N761, F0, i)}
{(N3643, F0, i) + (N835->N1756, F1, i)}
{(N3643, F0, i) + (N1756, F0, i)}
{(N3643, F0, i) + (N36->N1722, F1, i)}
{(N3643, F0, i) + (N1722, F1, i)(N253,1,i)}
{(N2413->N1148, F1, i) + (N1870, F1, i)(N2543,0,i)}
{(N2413->N1148, F1, i) + (N2543, F1, i)}
{(N2413->N1148, F1, i) + (N2187, F0, i)}
{(N2413->N1148, F1, i) + (N2510->N761, F0, i)}
{(N2413->N1148, F1, i) + (N761, F0, i)}
{(N2413->N1148, F1, i) + (N835->N1756, F1, i)}
{(N2413->N1148, F1, i) + (N1756, F0, i)}
{(N2413->N1148, F1, i) + (N36->N1722, F1, i)}
{(N2413->N1148, F1, i) + (N1722, F1, i)(N253,1,i)}
{(N1148, F0, i) + (N1870, F1, i)(N2543,0,i)}
{(N1148, F0, i) + (N2543, F1, i)}
{(N1148, F0, i) + (N2187, F0, i)}
{(N1148, F0, i) + (N2510->N761, F0, i)}
{(N1148, F0, i) + (N761, F0, i)}
{(N1148, F0, i) + (N835->N1756, F1, i)}
{(N1148, F0, i) + (N1756, F0, i)}
{(N1148, F0, i) + (N36->N1722, F1, i)}
{(N1148, F0, i) + (N1722, F1, i)(N253,1,i)}
