{(N2097, F0, i) + (N695, F1, i)(N1503,0,i)}
{(N2097, F0, i) + (N1503, F1, i)}
{(N2097, F0, i) + (N1086, F0, i)}
{(N2097, F0, i) + (N457->N681, F0, i)}
{(N2097, F0, i) + (N681, F0, i)}
{(N2097, F0, i) + (N3211->N859, F1, i)}
{(N2097, F0, i) + (N859, F0, i)}
{(N2097, F0, i) + (N210->N2132, F1, i)}
{(N2097, F0, i) + (N2132, F1, i)(N95,1,i)}
{(N3766, F0, i) + (N695, F1, i)(N1503,0,i)}
{(N3766, F0, i) + (N1503, F1, i)}
{(N3766, F0, i) + (N1086, F0, i)}
{(N3766, F0, i) + (N457->N681, F0, i)}
{(N3766, F0, i) + (N681, F0, i)}
{(N3766, F0, i) + (N3211->N859, F1, i)}
{(N3766, F0, i) + (N859, F0, i)}
{(N3766, F0, i) + (N210->N2132, F1, i)}
{(N3766, F0, i) + (N2132, F1, i)(N95,1,i)}
{(N2506->N2659, F1, i) + (N695, F1, i)(N1503,0,i)}
{(N2506->N2659, F1, i) + (N1503, F1, i)}
{(N2506->N2659, F1, i) + (N1086, F0, i)}
{(N2506->N2659, F1, i) + (N457->N681, F0, i)}
{(N2506->N2659, F1, i) + (N681, F0, i)}
{(N2506->N2659, F1, i) + (N3211->N859, F1, i)}
{(N2506->N2659, F1, i) + (N859, F0, i)}
{(N2506->N2659, F1, i) + (N210->N2132, F1, i)}
{(N2506->N2659, F1, i) + (N2132, F1, i)(N95,1,i)}
{(N2659, F0, i) + (N695, F1, i)(N1503,0,i)}
{(N2659, F0, i) + (N1503, F1, i)}
{(N2659, F0, i) + (N1086, F0, i)}
{(N2659, F0, i) + (N457->N681, F0, i)}
{(N2659, F0, i) + (N681, F0, i)}
{(N2659, F0, i) + (N3211->N859, F1, i)}
{(N2659, F0, i) + (N859, F0, i)}
{(N2659, F0, i) + (N210->N2132, F1, i)}
{(N2659, F0, i) + (N2132, F1, i)(N95,1,i)}
{(N3409->N3743, F1, i) + (N695, F1, i)(N1503,0,i)}
{(N3409->N3743, F1, i) + (N1503, F1, i)}
{(N3409->N3743, F1, i) + (N1086, F0, i)}
{(N3409->N3743, F1, i) + (N457->N681, F0, i)}
{(N3409->N3743, F1, i) + (N681, F0, i)}
{(N3409->N3743, F1, i) + (N3211->N859, F1, i)}
{(N3409->N3743, F1, i) + (N859, F0, i)}
{(N3409->N3743, F1, i) + (N210->N2132, F1, i)}
{(N3409->N3743, F1, i) + (N2132, F1, i)(N95,1,i)}
{(N3743, F0, i) + (N695, F1, i)(N1503,0,i)}
{(N3743, F0, i) + (N1503, F1, i)}
{(N3743, F0, i) + (N1086, F0, i)}
{(N3743, F0, i) + (N457->N681, F0, i)}
{(N3743, F0, i) + (N681, F0, i)}
{(N3743, F0, i) + (N3211->N859, F1, i)}
{(N3743, F0, i) + (N859, F0, i)}
{(N3743, F0, i) + (N210->N2132, F1, i)}
{(N3743, F0, i) + (N2132, F1, i)(N95,1,i)}
