{(N3137, F1, i)(N3220,1,i) + (N2940, F0, i)}
{(N3137, F1, i)(N3220,1,i) + (N3429, F0, i)}
{(N3137, F1, i)(N3220,1,i) + (N1328->N3920, F1, i)}
{(N3137, F1, i)(N3220,1,i) + (N3920, F0, i)}
{(N3137, F1, i)(N3220,1,i) + (N2858->N3291, F1, i)}
{(N3137, F1, i)(N3220,1,i) + (N3291, F0, i)}
{(N745, F1, i) + (N2940, F0, i)}
{(N745, F1, i) + (N3429, F0, i)}
{(N745, F1, i) + (N1328->N3920, F1, i)}
{(N745, F1, i) + (N3920, F0, i)}
{(N745, F1, i) + (N2858->N3291, F1, i)}
{(N745, F1, i) + (N3291, F0, i)}
{(N3489, F0, i) + (N2940, F0, i)}
{(N3489, F0, i) + (N3429, F0, i)}
{(N3489, F0, i) + (N1328->N3920, F1, i)}
{(N3489, F0, i) + (N3920, F0, i)}
{(N3489, F0, i) + (N2858->N3291, F1, i)}
{(N3489, F0, i) + (N3291, F0, i)}
{(N2258->N3398, F0, i) + (N2940, F0, i)}
{(N2258->N3398, F0, i) + (N3429, F0, i)}
{(N2258->N3398, F0, i) + (N1328->N3920, F1, i)}
{(N2258->N3398, F0, i) + (N3920, F0, i)}
{(N2258->N3398, F0, i) + (N2858->N3291, F1, i)}
{(N2258->N3398, F0, i) + (N3291, F0, i)}
{(N3398, F0, i) + (N2940, F0, i)}
{(N3398, F0, i) + (N3429, F0, i)}
{(N3398, F0, i) + (N1328->N3920, F1, i)}
{(N3398, F0, i) + (N3920, F0, i)}
{(N3398, F0, i) + (N2858->N3291, F1, i)}
{(N3398, F0, i) + (N3291, F0, i)}
{(N3436->N3042, F1, i) + (N2940, F0, i)}
{(N3436->N3042, F1, i) + (N3429, F0, i)}
{(N3436->N3042, F1, i) + (N1328->N3920, F1, i)}
{(N3436->N3042, F1, i) + (N3920, F0, i)}
{(N3436->N3042, F1, i) + (N2858->N3291, F1, i)}
{(N3436->N3042, F1, i) + (N3291, F0, i)}
{(N3042, F0, i) + (N2940, F0, i)}
{(N3042, F0, i) + (N3429, F0, i)}
{(N3042, F0, i) + (N1328->N3920, F1, i)}
{(N3042, F0, i) + (N3920, F0, i)}
{(N3042, F0, i) + (N2858->N3291, F1, i)}
{(N3042, F0, i) + (N3291, F0, i)}
{(N97->N698, F1, i) + (N2940, F0, i)}
{(N97->N698, F1, i) + (N3429, F0, i)}
{(N97->N698, F1, i) + (N1328->N3920, F1, i)}
{(N97->N698, F1, i) + (N3920, F0, i)}
{(N97->N698, F1, i) + (N2858->N3291, F1, i)}
{(N97->N698, F1, i) + (N3291, F0, i)}
{(N698, F1, i)(N51,1,i) + (N2940, F0, i)}
{(N698, F1, i)(N51,1,i) + (N3429, F0, i)}
{(N698, F1, i)(N51,1,i) + (N1328->N3920, F1, i)}
{(N698, F1, i)(N51,1,i) + (N3920, F0, i)}
{(N698, F1, i)(N51,1,i) + (N2858->N3291, F1, i)}
{(N698, F1, i)(N51,1,i) + (N3291, F0, i)}
