{(N1393, F1, i)(N1069,1,i) + (N661, F1, i)(N894,1,i)}
{(N1393, F1, i)(N1069,1,i) + (N933, F1, i)}
{(N1393, F1, i)(N1069,1,i) + (N3721, F0, i)}
{(N1393, F1, i)(N1069,1,i) + (N2744->N728, F0, i)}
{(N1393, F1, i)(N1069,1,i) + (N728, F0, i)}
{(N1393, F1, i)(N1069,1,i) + (N540->N2056, F1, i)}
{(N1393, F1, i)(N1069,1,i) + (N2056, F0, i)}
{(N1393, F1, i)(N1069,1,i) + (N6->N1994, F1, i)}
{(N1393, F1, i)(N1069,1,i) + (N1994, F1, i)(N53,1,i)}
{(N1016, F1, i) + (N661, F1, i)(N894,1,i)}
{(N1016, F1, i) + (N933, F1, i)}
{(N1016, F1, i) + (N3721, F0, i)}
{(N1016, F1, i) + (N2744->N728, F0, i)}
{(N1016, F1, i) + (N728, F0, i)}
{(N1016, F1, i) + (N540->N2056, F1, i)}
{(N1016, F1, i) + (N2056, F0, i)}
{(N1016, F1, i) + (N6->N1994, F1, i)}
{(N1016, F1, i) + (N1994, F1, i)(N53,1,i)}
{(N682, F0, i) + (N661, F1, i)(N894,1,i)}
{(N682, F0, i) + (N933, F1, i)}
{(N682, F0, i) + (N3721, F0, i)}
{(N682, F0, i) + (N2744->N728, F0, i)}
{(N682, F0, i) + (N728, F0, i)}
{(N682, F0, i) + (N540->N2056, F1, i)}
{(N682, F0, i) + (N2056, F0, i)}
{(N682, F0, i) + (N6->N1994, F1, i)}
{(N682, F0, i) + (N1994, F1, i)(N53,1,i)}
{(N2088->N3943, F0, i) + (N661, F1, i)(N894,1,i)}
{(N2088->N3943, F0, i) + (N933, F1, i)}
{(N2088->N3943, F0, i) + (N3721, F0, i)}
{(N2088->N3943, F0, i) + (N2744->N728, F0, i)}
{(N2088->N3943, F0, i) + (N728, F0, i)}
{(N2088->N3943, F0, i) + (N540->N2056, F1, i)}
{(N2088->N3943, F0, i) + (N2056, F0, i)}
{(N2088->N3943, F0, i) + (N6->N1994, F1, i)}
{(N2088->N3943, F0, i) + (N1994, F1, i)(N53,1,i)}
{(N3943, F0, i) + (N661, F1, i)(N894,1,i)}
{(N3943, F0, i) + (N933, F1, i)}
{(N3943, F0, i) + (N3721, F0, i)}
{(N3943, F0, i) + (N2744->N728, F0, i)}
{(N3943, F0, i) + (N728, F0, i)}
{(N3943, F0, i) + (N540->N2056, F1, i)}
{(N3943, F0, i) + (N2056, F0, i)}
{(N3943, F0, i) + (N6->N1994, F1, i)}
{(N3943, F0, i) + (N1994, F1, i)(N53,1,i)}
{(N2286->N3733, F1, i) + (N661, F1, i)(N894,1,i)}
{(N2286->N3733, F1, i) + (N933, F1, i)}
{(N2286->N3733, F1, i) + (N3721, F0, i)}
{(N2286->N3733, F1, i) + (N2744->N728, F0, i)}
{(N2286->N3733, F1, i) + (N728, F0, i)}
{(N2286->N3733, F1, i) + (N540->N2056, F1, i)}
{(N2286->N3733, F1, i) + (N2056, F0, i)}
{(N2286->N3733, F1, i) + (N6->N1994, F1, i)}
{(N2286->N3733, F1, i) + (N1994, F1, i)(N53,1,i)}
{(N3733, F0, i) + (N661, F1, i)(N894,1,i)}
{(N3733, F0, i) + (N933, F1, i)}
{(N3733, F0, i) + (N3721, F0, i)}
{(N3733, F0, i) + (N2744->N728, F0, i)}
{(N3733, F0, i) + (N728, F0, i)}
{(N3733, F0, i) + (N540->N2056, F1, i)}
{(N3733, F0, i) + (N2056, F0, i)}
{(N3733, F0, i) + (N6->N1994, F1, i)}
{(N3733, F0, i) + (N1994, F1, i)(N53,1,i)}
{(N9->N2962, F1, i) + (N661, F1, i)(N894,1,i)}
{(N9->N2962, F1, i) + (N933, F1, i)}
{(N9->N2962, F1, i) + (N3721, F0, i)}
{(N9->N2962, F1, i) + (N2744->N728, F0, i)}
{(N9->N2962, F1, i) + (N728, F0, i)}
{(N9->N2962, F1, i) + (N540->N2056, F1, i)}
{(N9->N2962, F1, i) + (N2056, F0, i)}
{(N9->N2962, F1, i) + (N6->N1994, F1, i)}
{(N9->N2962, F1, i) + (N1994, F1, i)(N53,1,i)}
{(N2962, F1, i)(N137,1,i) + (N661, F1, i)(N894,1,i)}
{(N2962, F1, i)(N137,1,i) + (N933, F1, i)}
{(N2962, F1, i)(N137,1,i) + (N3721, F0, i)}
{(N2962, F1, i)(N137,1,i) + (N2744->N728, F0, i)}
{(N2962, F1, i)(N137,1,i) + (N728, F0, i)}
{(N2962, F1, i)(N137,1,i) + (N540->N2056, F1, i)}
{(N2962, F1, i)(N137,1,i) + (N2056, F0, i)}
{(N2962, F1, i)(N137,1,i) + (N6->N1994, F1, i)}
{(N2962, F1, i)(N137,1,i) + (N1994, F1, i)(N53,1,i)}
