{(N1027->N1366, F1, i) + (N2854, F0, i)}
{(N1027->N1366, F1, i) + (N624, F0, i)}
{(N1027->N1366, F1, i) + (N1923->N1104, F1, i)}
{(N1027->N1366, F1, i) + (N1104, F0, i)}
{(N1027->N1366, F1, i) + (N3764->N791, F1, i)}
{(N1027->N1366, F1, i) + (N791, F0, i)}
{(N1366, F1, i)(N1948,1,i) + (N2854, F0, i)}
{(N1366, F1, i)(N1948,1,i) + (N624, F0, i)}
{(N1366, F1, i)(N1948,1,i) + (N1923->N1104, F1, i)}
{(N1366, F1, i)(N1948,1,i) + (N1104, F0, i)}
{(N1366, F1, i)(N1948,1,i) + (N3764->N791, F1, i)}
{(N1366, F1, i)(N1948,1,i) + (N791, F0, i)}
{(N2160->N2762, F1, i) + (N2854, F0, i)}
{(N2160->N2762, F1, i) + (N624, F0, i)}
{(N2160->N2762, F1, i) + (N1923->N1104, F1, i)}
{(N2160->N2762, F1, i) + (N1104, F0, i)}
{(N2160->N2762, F1, i) + (N3764->N791, F1, i)}
{(N2160->N2762, F1, i) + (N791, F0, i)}
{(N2762, F1, i)(N1984,1,i) + (N2854, F0, i)}
{(N2762, F1, i)(N1984,1,i) + (N624, F0, i)}
{(N2762, F1, i)(N1984,1,i) + (N1923->N1104, F1, i)}
{(N2762, F1, i)(N1984,1,i) + (N1104, F0, i)}
{(N2762, F1, i)(N1984,1,i) + (N3764->N791, F1, i)}
{(N2762, F1, i)(N1984,1,i) + (N791, F0, i)}
{(N1153, F1, i)(N3232,1,i) + (N2854, F0, i)}
{(N1153, F1, i)(N3232,1,i) + (N624, F0, i)}
{(N1153, F1, i)(N3232,1,i) + (N1923->N1104, F1, i)}
{(N1153, F1, i)(N3232,1,i) + (N1104, F0, i)}
{(N1153, F1, i)(N3232,1,i) + (N3764->N791, F1, i)}
{(N1153, F1, i)(N3232,1,i) + (N791, F0, i)}
{(N3236, F1, i) + (N2854, F0, i)}
{(N3236, F1, i) + (N624, F0, i)}
{(N3236, F1, i) + (N1923->N1104, F1, i)}
{(N3236, F1, i) + (N1104, F0, i)}
{(N3236, F1, i) + (N3764->N791, F1, i)}
{(N3236, F1, i) + (N791, F0, i)}
{(N2875, F0, i) + (N2854, F0, i)}
{(N2875, F0, i) + (N624, F0, i)}
{(N2875, F0, i) + (N1923->N1104, F1, i)}
{(N2875, F0, i) + (N1104, F0, i)}
{(N2875, F0, i) + (N3764->N791, F1, i)}
{(N2875, F0, i) + (N791, F0, i)}
{(N1172, F0, i) + (N2854, F0, i)}
{(N1172, F0, i) + (N624, F0, i)}
{(N1172, F0, i) + (N1923->N1104, F1, i)}
{(N1172, F0, i) + (N1104, F0, i)}
{(N1172, F0, i) + (N3764->N791, F1, i)}
{(N1172, F0, i) + (N791, F0, i)}
{(N615->N1700, F1, i) + (N2854, F0, i)}
{(N615->N1700, F1, i) + (N624, F0, i)}
{(N615->N1700, F1, i) + (N1923->N1104, F1, i)}
{(N615->N1700, F1, i) + (N1104, F0, i)}
{(N615->N1700, F1, i) + (N3764->N791, F1, i)}
{(N615->N1700, F1, i) + (N791, F0, i)}
{(N1700, F0, i) + (N2854, F0, i)}
{(N1700, F0, i) + (N624, F0, i)}
{(N1700, F0, i) + (N1923->N1104, F1, i)}
{(N1700, F0, i) + (N1104, F0, i)}
{(N1700, F0, i) + (N3764->N791, F1, i)}
{(N1700, F0, i) + (N791, F0, i)}
{(N2381->N2252, F1, i) + (N2854, F0, i)}
{(N2381->N2252, F1, i) + (N624, F0, i)}
{(N2381->N2252, F1, i) + (N1923->N1104, F1, i)}
{(N2381->N2252, F1, i) + (N1104, F0, i)}
{(N2381->N2252, F1, i) + (N3764->N791, F1, i)}
{(N2381->N2252, F1, i) + (N791, F0, i)}
{(N2252, F0, i) + (N2854, F0, i)}
{(N2252, F0, i) + (N624, F0, i)}
{(N2252, F0, i) + (N1923->N1104, F1, i)}
{(N2252, F0, i) + (N1104, F0, i)}
{(N2252, F0, i) + (N3764->N791, F1, i)}
{(N2252, F0, i) + (N791, F0, i)}
