{(N3500, F1, i)(N3379,1,i) + (N2744->N728, F1, i)}
{(N3500, F1, i)(N3379,1,i) + (N728, F1, i)(N2744,0,i)}
{(N3500, F1, i)(N3379,1,i) + (N540->N2263, F1, i)}
{(N3500, F1, i)(N3379,1,i) + (N2263, F1, i)(N3495,1,i)}
{(N3500, F1, i)(N3379,1,i) + (N528, F1, i)(N2464,1,i)}
{(N3500, F1, i)(N3379,1,i) + (N1254, F1, i)}
{(N3500, F1, i)(N3379,1,i) + (N1877, F0, i)}
{(N3500, F1, i)(N3379,1,i) + (N1665, F0, i)}
{(N3500, F1, i)(N3379,1,i) + (N2922->N1188, F1, i)}
{(N3500, F1, i)(N3379,1,i) + (N1188, F0, i)}
{(N3500, F1, i)(N3379,1,i) + (N1057->N1974, F1, i)}
{(N3500, F1, i)(N3379,1,i) + (N1974, F0, i)}
{(N3937, F1, i) + (N2744->N728, F1, i)}
{(N3937, F1, i) + (N728, F1, i)(N2744,0,i)}
{(N3937, F1, i) + (N540->N2263, F1, i)}
{(N3937, F1, i) + (N2263, F1, i)(N3495,1,i)}
{(N3937, F1, i) + (N528, F1, i)(N2464,1,i)}
{(N3937, F1, i) + (N1254, F1, i)}
{(N3937, F1, i) + (N1877, F0, i)}
{(N3937, F1, i) + (N1665, F0, i)}
{(N3937, F1, i) + (N2922->N1188, F1, i)}
{(N3937, F1, i) + (N1188, F0, i)}
{(N3937, F1, i) + (N1057->N1974, F1, i)}
{(N3937, F1, i) + (N1974, F0, i)}
{(N3055, F0, i) + (N2744->N728, F1, i)}
{(N3055, F0, i) + (N728, F1, i)(N2744,0,i)}
{(N3055, F0, i) + (N540->N2263, F1, i)}
{(N3055, F0, i) + (N2263, F1, i)(N3495,1,i)}
{(N3055, F0, i) + (N528, F1, i)(N2464,1,i)}
{(N3055, F0, i) + (N1254, F1, i)}
{(N3055, F0, i) + (N1877, F0, i)}
{(N3055, F0, i) + (N1665, F0, i)}
{(N3055, F0, i) + (N2922->N1188, F1, i)}
{(N3055, F0, i) + (N1188, F0, i)}
{(N3055, F0, i) + (N1057->N1974, F1, i)}
{(N3055, F0, i) + (N1974, F0, i)}
{(N2371->N1937, F0, i) + (N2744->N728, F1, i)}
{(N2371->N1937, F0, i) + (N728, F1, i)(N2744,0,i)}
{(N2371->N1937, F0, i) + (N540->N2263, F1, i)}
{(N2371->N1937, F0, i) + (N2263, F1, i)(N3495,1,i)}
{(N2371->N1937, F0, i) + (N528, F1, i)(N2464,1,i)}
{(N2371->N1937, F0, i) + (N1254, F1, i)}
{(N2371->N1937, F0, i) + (N1877, F0, i)}
{(N2371->N1937, F0, i) + (N1665, F0, i)}
{(N2371->N1937, F0, i) + (N2922->N1188, F1, i)}
{(N2371->N1937, F0, i) + (N1188, F0, i)}
{(N2371->N1937, F0, i) + (N1057->N1974, F1, i)}
{(N2371->N1937, F0, i) + (N1974, F0, i)}
{(N1937, F0, i) + (N2744->N728, F1, i)}
{(N1937, F0, i) + (N728, F1, i)(N2744,0,i)}
{(N1937, F0, i) + (N540->N2263, F1, i)}
{(N1937, F0, i) + (N2263, F1, i)(N3495,1,i)}
{(N1937, F0, i) + (N528, F1, i)(N2464,1,i)}
{(N1937, F0, i) + (N1254, F1, i)}
{(N1937, F0, i) + (N1877, F0, i)}
{(N1937, F0, i) + (N1665, F0, i)}
{(N1937, F0, i) + (N2922->N1188, F1, i)}
{(N1937, F0, i) + (N1188, F0, i)}
{(N1937, F0, i) + (N1057->N1974, F1, i)}
{(N1937, F0, i) + (N1974, F0, i)}
{(N2895->N2093, F1, i) + (N2744->N728, F1, i)}
{(N2895->N2093, F1, i) + (N728, F1, i)(N2744,0,i)}
{(N2895->N2093, F1, i) + (N540->N2263, F1, i)}
{(N2895->N2093, F1, i) + (N2263, F1, i)(N3495,1,i)}
{(N2895->N2093, F1, i) + (N528, F1, i)(N2464,1,i)}
{(N2895->N2093, F1, i) + (N1254, F1, i)}
{(N2895->N2093, F1, i) + (N1877, F0, i)}
{(N2895->N2093, F1, i) + (N1665, F0, i)}
{(N2895->N2093, F1, i) + (N2922->N1188, F1, i)}
{(N2895->N2093, F1, i) + (N1188, F0, i)}
{(N2895->N2093, F1, i) + (N1057->N1974, F1, i)}
{(N2895->N2093, F1, i) + (N1974, F0, i)}
{(N2093, F0, i) + (N2744->N728, F1, i)}
{(N2093, F0, i) + (N728, F1, i)(N2744,0,i)}
{(N2093, F0, i) + (N540->N2263, F1, i)}
{(N2093, F0, i) + (N2263, F1, i)(N3495,1,i)}
{(N2093, F0, i) + (N528, F1, i)(N2464,1,i)}
{(N2093, F0, i) + (N1254, F1, i)}
{(N2093, F0, i) + (N1877, F0, i)}
{(N2093, F0, i) + (N1665, F0, i)}
{(N2093, F0, i) + (N2922->N1188, F1, i)}
{(N2093, F0, i) + (N1188, F0, i)}
{(N2093, F0, i) + (N1057->N1974, F1, i)}
{(N2093, F0, i) + (N1974, F0, i)}
{(N200->N2269, F1, i) + (N2744->N728, F1, i)}
{(N200->N2269, F1, i) + (N728, F1, i)(N2744,0,i)}
{(N200->N2269, F1, i) + (N540->N2263, F1, i)}
{(N200->N2269, F1, i) + (N2263, F1, i)(N3495,1,i)}
{(N200->N2269, F1, i) + (N528, F1, i)(N2464,1,i)}
{(N200->N2269, F1, i) + (N1254, F1, i)}
{(N200->N2269, F1, i) + (N1877, F0, i)}
{(N200->N2269, F1, i) + (N1665, F0, i)}
{(N200->N2269, F1, i) + (N2922->N1188, F1, i)}
{(N200->N2269, F1, i) + (N1188, F0, i)}
{(N200->N2269, F1, i) + (N1057->N1974, F1, i)}
{(N200->N2269, F1, i) + (N1974, F0, i)}
{(N2269, F1, i)(N90,1,i) + (N2744->N728, F1, i)}
{(N2269, F1, i)(N90,1,i) + (N728, F1, i)(N2744,0,i)}
{(N2269, F1, i)(N90,1,i) + (N540->N2263, F1, i)}
{(N2269, F1, i)(N90,1,i) + (N2263, F1, i)(N3495,1,i)}
{(N2269, F1, i)(N90,1,i) + (N528, F1, i)(N2464,1,i)}
{(N2269, F1, i)(N90,1,i) + (N1254, F1, i)}
{(N2269, F1, i)(N90,1,i) + (N1877, F0, i)}
{(N2269, F1, i)(N90,1,i) + (N1665, F0, i)}
{(N2269, F1, i)(N90,1,i) + (N2922->N1188, F1, i)}
{(N2269, F1, i)(N90,1,i) + (N1188, F0, i)}
{(N2269, F1, i)(N90,1,i) + (N1057->N1974, F1, i)}
{(N2269, F1, i)(N90,1,i) + (N1974, F0, i)}
