{(N3405, F1, i)(N2957,1,i) + (N2007->N556, F1, i)}
{(N3405, F1, i)(N2957,1,i) + (N556, F1, i)(N2562,1,i)}
{(N3405, F1, i)(N2957,1,i) + (N677->N2694, F1, i)}
{(N3405, F1, i)(N2957,1,i) + (N2694, F1, i)(N980,1,i)}
{(N3405, F1, i)(N2957,1,i) + (N2566, F1, i)(N3509,1,i)}
{(N3405, F1, i)(N2957,1,i) + (N1718, F1, i)}
{(N3405, F1, i)(N2957,1,i) + (N1007, F0, i)}
{(N3405, F1, i)(N2957,1,i) + (N2130, F0, i)}
{(N3405, F1, i)(N2957,1,i) + (N1849->N517, F1, i)}
{(N3405, F1, i)(N2957,1,i) + (N517, F0, i)}
{(N3405, F1, i)(N2957,1,i) + (N481->N2746, F1, i)}
{(N3405, F1, i)(N2957,1,i) + (N2746, F0, i)}
{(N2596, F1, i) + (N2007->N556, F1, i)}
{(N2596, F1, i) + (N556, F1, i)(N2562,1,i)}
{(N2596, F1, i) + (N677->N2694, F1, i)}
{(N2596, F1, i) + (N2694, F1, i)(N980,1,i)}
{(N2596, F1, i) + (N2566, F1, i)(N3509,1,i)}
{(N2596, F1, i) + (N1718, F1, i)}
{(N2596, F1, i) + (N1007, F0, i)}
{(N2596, F1, i) + (N2130, F0, i)}
{(N2596, F1, i) + (N1849->N517, F1, i)}
{(N2596, F1, i) + (N517, F0, i)}
{(N2596, F1, i) + (N481->N2746, F1, i)}
{(N2596, F1, i) + (N2746, F0, i)}
{(N1194, F0, i) + (N2007->N556, F1, i)}
{(N1194, F0, i) + (N556, F1, i)(N2562,1,i)}
{(N1194, F0, i) + (N677->N2694, F1, i)}
{(N1194, F0, i) + (N2694, F1, i)(N980,1,i)}
{(N1194, F0, i) + (N2566, F1, i)(N3509,1,i)}
{(N1194, F0, i) + (N1718, F1, i)}
{(N1194, F0, i) + (N1007, F0, i)}
{(N1194, F0, i) + (N2130, F0, i)}
{(N1194, F0, i) + (N1849->N517, F1, i)}
{(N1194, F0, i) + (N517, F0, i)}
{(N1194, F0, i) + (N481->N2746, F1, i)}
{(N1194, F0, i) + (N2746, F0, i)}
{(N2500->N1843, F0, i) + (N2007->N556, F1, i)}
{(N2500->N1843, F0, i) + (N556, F1, i)(N2562,1,i)}
{(N2500->N1843, F0, i) + (N677->N2694, F1, i)}
{(N2500->N1843, F0, i) + (N2694, F1, i)(N980,1,i)}
{(N2500->N1843, F0, i) + (N2566, F1, i)(N3509,1,i)}
{(N2500->N1843, F0, i) + (N1718, F1, i)}
{(N2500->N1843, F0, i) + (N1007, F0, i)}
{(N2500->N1843, F0, i) + (N2130, F0, i)}
{(N2500->N1843, F0, i) + (N1849->N517, F1, i)}
{(N2500->N1843, F0, i) + (N517, F0, i)}
{(N2500->N1843, F0, i) + (N481->N2746, F1, i)}
{(N2500->N1843, F0, i) + (N2746, F0, i)}
{(N1843, F0, i) + (N2007->N556, F1, i)}
{(N1843, F0, i) + (N556, F1, i)(N2562,1,i)}
{(N1843, F0, i) + (N677->N2694, F1, i)}
{(N1843, F0, i) + (N2694, F1, i)(N980,1,i)}
{(N1843, F0, i) + (N2566, F1, i)(N3509,1,i)}
{(N1843, F0, i) + (N1718, F1, i)}
{(N1843, F0, i) + (N1007, F0, i)}
{(N1843, F0, i) + (N2130, F0, i)}
{(N1843, F0, i) + (N1849->N517, F1, i)}
{(N1843, F0, i) + (N517, F0, i)}
{(N1843, F0, i) + (N481->N2746, F1, i)}
{(N1843, F0, i) + (N2746, F0, i)}
{(N1006->N3151, F1, i) + (N2007->N556, F1, i)}
{(N1006->N3151, F1, i) + (N556, F1, i)(N2562,1,i)}
{(N1006->N3151, F1, i) + (N677->N2694, F1, i)}
{(N1006->N3151, F1, i) + (N2694, F1, i)(N980,1,i)}
{(N1006->N3151, F1, i) + (N2566, F1, i)(N3509,1,i)}
{(N1006->N3151, F1, i) + (N1718, F1, i)}
{(N1006->N3151, F1, i) + (N1007, F0, i)}
{(N1006->N3151, F1, i) + (N2130, F0, i)}
{(N1006->N3151, F1, i) + (N1849->N517, F1, i)}
{(N1006->N3151, F1, i) + (N517, F0, i)}
{(N1006->N3151, F1, i) + (N481->N2746, F1, i)}
{(N1006->N3151, F1, i) + (N2746, F0, i)}
{(N3151, F0, i) + (N2007->N556, F1, i)}
{(N3151, F0, i) + (N556, F1, i)(N2562,1,i)}
{(N3151, F0, i) + (N677->N2694, F1, i)}
{(N3151, F0, i) + (N2694, F1, i)(N980,1,i)}
{(N3151, F0, i) + (N2566, F1, i)(N3509,1,i)}
{(N3151, F0, i) + (N1718, F1, i)}
{(N3151, F0, i) + (N1007, F0, i)}
{(N3151, F0, i) + (N2130, F0, i)}
{(N3151, F0, i) + (N1849->N517, F1, i)}
{(N3151, F0, i) + (N517, F0, i)}
{(N3151, F0, i) + (N481->N2746, F1, i)}
{(N3151, F0, i) + (N2746, F0, i)}
{(N69->N3860, F1, i) + (N2007->N556, F1, i)}
{(N69->N3860, F1, i) + (N556, F1, i)(N2562,1,i)}
{(N69->N3860, F1, i) + (N677->N2694, F1, i)}
{(N69->N3860, F1, i) + (N2694, F1, i)(N980,1,i)}
{(N69->N3860, F1, i) + (N2566, F1, i)(N3509,1,i)}
{(N69->N3860, F1, i) + (N1718, F1, i)}
{(N69->N3860, F1, i) + (N1007, F0, i)}
{(N69->N3860, F1, i) + (N2130, F0, i)}
{(N69->N3860, F1, i) + (N1849->N517, F1, i)}
{(N69->N3860, F1, i) + (N517, F0, i)}
{(N69->N3860, F1, i) + (N481->N2746, F1, i)}
{(N69->N3860, F1, i) + (N2746, F0, i)}
{(N3860, F1, i)(N19,1,i) + (N2007->N556, F1, i)}
{(N3860, F1, i)(N19,1,i) + (N556, F1, i)(N2562,1,i)}
{(N3860, F1, i)(N19,1,i) + (N677->N2694, F1, i)}
{(N3860, F1, i)(N19,1,i) + (N2694, F1, i)(N980,1,i)}
{(N3860, F1, i)(N19,1,i) + (N2566, F1, i)(N3509,1,i)}
{(N3860, F1, i)(N19,1,i) + (N1718, F1, i)}
{(N3860, F1, i)(N19,1,i) + (N1007, F0, i)}
{(N3860, F1, i)(N19,1,i) + (N2130, F0, i)}
{(N3860, F1, i)(N19,1,i) + (N1849->N517, F1, i)}
{(N3860, F1, i)(N19,1,i) + (N517, F0, i)}
{(N3860, F1, i)(N19,1,i) + (N481->N2746, F1, i)}
{(N3860, F1, i)(N19,1,i) + (N2746, F0, i)}
