{(N1755, F0, i) + (N1837, F1, i)(N2267,1,i)}
{(N1755, F0, i) + (N2347, F1, i)}
{(N1755, F0, i) + (N1013, F0, i)}
{(N1755, F0, i) + (N2557, F0, i)}
{(N1755, F0, i) + (N3080->N1113, F1, i)}
{(N1755, F0, i) + (N1113, F0, i)}
{(N1755, F0, i) + (N1983->N3294, F1, i)}
{(N1755, F0, i) + (N3294, F0, i)}
{(N2499, F0, i) + (N1837, F1, i)(N2267,1,i)}
{(N2499, F0, i) + (N2347, F1, i)}
{(N2499, F0, i) + (N1013, F0, i)}
{(N2499, F0, i) + (N2557, F0, i)}
{(N2499, F0, i) + (N3080->N1113, F1, i)}
{(N2499, F0, i) + (N1113, F0, i)}
{(N2499, F0, i) + (N1983->N3294, F1, i)}
{(N2499, F0, i) + (N3294, F0, i)}
{(N2300->N2803, F1, i) + (N1837, F1, i)(N2267,1,i)}
{(N2300->N2803, F1, i) + (N2347, F1, i)}
{(N2300->N2803, F1, i) + (N1013, F0, i)}
{(N2300->N2803, F1, i) + (N2557, F0, i)}
{(N2300->N2803, F1, i) + (N3080->N1113, F1, i)}
{(N2300->N2803, F1, i) + (N1113, F0, i)}
{(N2300->N2803, F1, i) + (N1983->N3294, F1, i)}
{(N2300->N2803, F1, i) + (N3294, F0, i)}
{(N2803, F0, i) + (N1837, F1, i)(N2267,1,i)}
{(N2803, F0, i) + (N2347, F1, i)}
{(N2803, F0, i) + (N1013, F0, i)}
{(N2803, F0, i) + (N2557, F0, i)}
{(N2803, F0, i) + (N3080->N1113, F1, i)}
{(N2803, F0, i) + (N1113, F0, i)}
{(N2803, F0, i) + (N1983->N3294, F1, i)}
{(N2803, F0, i) + (N3294, F0, i)}
{(N408->N3210, F1, i) + (N1837, F1, i)(N2267,1,i)}
{(N408->N3210, F1, i) + (N2347, F1, i)}
{(N408->N3210, F1, i) + (N1013, F0, i)}
{(N408->N3210, F1, i) + (N2557, F0, i)}
{(N408->N3210, F1, i) + (N3080->N1113, F1, i)}
{(N408->N3210, F1, i) + (N1113, F0, i)}
{(N408->N3210, F1, i) + (N1983->N3294, F1, i)}
{(N408->N3210, F1, i) + (N3294, F0, i)}
{(N3210, F0, i) + (N1837, F1, i)(N2267,1,i)}
{(N3210, F0, i) + (N2347, F1, i)}
{(N3210, F0, i) + (N1013, F0, i)}
{(N3210, F0, i) + (N2557, F0, i)}
{(N3210, F0, i) + (N3080->N1113, F1, i)}
{(N3210, F0, i) + (N1113, F0, i)}
{(N3210, F0, i) + (N1983->N3294, F1, i)}
{(N3210, F0, i) + (N3294, F0, i)}
