{(N2432, F0, i) + (N2882, F1, i)(N2338,1,i)}
{(N2432, F0, i) + (N502, F1, i)}
{(N2432, F0, i) + (N3837, F0, i)}
{(N2432, F0, i) + (N963->N948, F0, i)}
{(N2432, F0, i) + (N948, F0, i)}
{(N2432, F0, i) + (N3540->N3201, F1, i)}
{(N2432, F0, i) + (N3201, F0, i)}
{(N2432, F0, i) + (N122->N1186, F1, i)}
{(N2432, F0, i) + (N1186, F1, i)(N192,1,i)}
{(N402, F0, i) + (N2882, F1, i)(N2338,1,i)}
{(N402, F0, i) + (N502, F1, i)}
{(N402, F0, i) + (N3837, F0, i)}
{(N402, F0, i) + (N963->N948, F0, i)}
{(N402, F0, i) + (N948, F0, i)}
{(N402, F0, i) + (N3540->N3201, F1, i)}
{(N402, F0, i) + (N3201, F0, i)}
{(N402, F0, i) + (N122->N1186, F1, i)}
{(N402, F0, i) + (N1186, F1, i)(N192,1,i)}
{(N2952->N1171, F1, i) + (N2882, F1, i)(N2338,1,i)}
{(N2952->N1171, F1, i) + (N502, F1, i)}
{(N2952->N1171, F1, i) + (N3837, F0, i)}
{(N2952->N1171, F1, i) + (N963->N948, F0, i)}
{(N2952->N1171, F1, i) + (N948, F0, i)}
{(N2952->N1171, F1, i) + (N3540->N3201, F1, i)}
{(N2952->N1171, F1, i) + (N3201, F0, i)}
{(N2952->N1171, F1, i) + (N122->N1186, F1, i)}
{(N2952->N1171, F1, i) + (N1186, F1, i)(N192,1,i)}
{(N1171, F0, i) + (N2882, F1, i)(N2338,1,i)}
{(N1171, F0, i) + (N502, F1, i)}
{(N1171, F0, i) + (N3837, F0, i)}
{(N1171, F0, i) + (N963->N948, F0, i)}
{(N1171, F0, i) + (N948, F0, i)}
{(N1171, F0, i) + (N3540->N3201, F1, i)}
{(N1171, F0, i) + (N3201, F0, i)}
{(N1171, F0, i) + (N122->N1186, F1, i)}
{(N1171, F0, i) + (N1186, F1, i)(N192,1,i)}
{(N941->N1731, F1, i) + (N2882, F1, i)(N2338,1,i)}
{(N941->N1731, F1, i) + (N502, F1, i)}
{(N941->N1731, F1, i) + (N3837, F0, i)}
{(N941->N1731, F1, i) + (N963->N948, F0, i)}
{(N941->N1731, F1, i) + (N948, F0, i)}
{(N941->N1731, F1, i) + (N3540->N3201, F1, i)}
{(N941->N1731, F1, i) + (N3201, F0, i)}
{(N941->N1731, F1, i) + (N122->N1186, F1, i)}
{(N941->N1731, F1, i) + (N1186, F1, i)(N192,1,i)}
{(N1731, F0, i) + (N2882, F1, i)(N2338,1,i)}
{(N1731, F0, i) + (N502, F1, i)}
{(N1731, F0, i) + (N3837, F0, i)}
{(N1731, F0, i) + (N963->N948, F0, i)}
{(N1731, F0, i) + (N948, F0, i)}
{(N1731, F0, i) + (N3540->N3201, F1, i)}
{(N1731, F0, i) + (N3201, F0, i)}
{(N1731, F0, i) + (N122->N1186, F1, i)}
{(N1731, F0, i) + (N1186, F1, i)(N192,1,i)}
