{(N2063, F1, i)(N748,1,i) + (N1235, F0, i)}
{(N2063, F1, i)(N748,1,i) + (N156->N3881, F0, i)}
{(N2063, F1, i)(N748,1,i) + (N56->N3881, F0, i)}
{(N2063, F1, i)(N748,1,i) + (N3881, F0, i)}
{(N3177, F1, i) + (N1235, F0, i)}
{(N3177, F1, i) + (N156->N3881, F0, i)}
{(N3177, F1, i) + (N56->N3881, F0, i)}
{(N3177, F1, i) + (N3881, F0, i)}
{(N550, F0, i) + (N1235, F0, i)}
{(N550, F0, i) + (N156->N3881, F0, i)}
{(N550, F0, i) + (N56->N3881, F0, i)}
{(N550, F0, i) + (N3881, F0, i)}
{(N2416->N2344, F0, i) + (N1235, F0, i)}
{(N2416->N2344, F0, i) + (N156->N3881, F0, i)}
{(N2416->N2344, F0, i) + (N56->N3881, F0, i)}
{(N2416->N2344, F0, i) + (N3881, F0, i)}
{(N2344, F0, i) + (N1235, F0, i)}
{(N2344, F0, i) + (N156->N3881, F0, i)}
{(N2344, F0, i) + (N56->N3881, F0, i)}
{(N2344, F0, i) + (N3881, F0, i)}
{(N437->N2529, F1, i) + (N1235, F0, i)}
{(N437->N2529, F1, i) + (N156->N3881, F0, i)}
{(N437->N2529, F1, i) + (N56->N3881, F0, i)}
{(N437->N2529, F1, i) + (N3881, F0, i)}
{(N2529, F0, i) + (N1235, F0, i)}
{(N2529, F0, i) + (N156->N3881, F0, i)}
{(N2529, F0, i) + (N56->N3881, F0, i)}
{(N2529, F0, i) + (N3881, F0, i)}
{(N106->N1577, F1, i) + (N1235, F0, i)}
{(N106->N1577, F1, i) + (N156->N3881, F0, i)}
{(N106->N1577, F1, i) + (N56->N3881, F0, i)}
{(N106->N1577, F1, i) + (N3881, F0, i)}
{(N1577, F1, i)(N117,1,i) + (N1235, F0, i)}
{(N1577, F1, i)(N117,1,i) + (N156->N3881, F0, i)}
{(N1577, F1, i)(N117,1,i) + (N56->N3881, F0, i)}
{(N1577, F1, i)(N117,1,i) + (N3881, F0, i)}
