{(N2816->N1162, F1, i) + (N2500, F0, i)}
{(N2816->N1162, F1, i) + (N1560, F0, i)}
{(N2816->N1162, F1, i) + (N927->N2133, F1, i)}
{(N2816->N1162, F1, i) + (N2133, F0, i)}
{(N2816->N1162, F1, i) + (N3252->N1619, F1, i)}
{(N2816->N1162, F1, i) + (N1619, F0, i)}
{(N1162, F1, i)(N2527,1,i) + (N2500, F0, i)}
{(N1162, F1, i)(N2527,1,i) + (N1560, F0, i)}
{(N1162, F1, i)(N2527,1,i) + (N927->N2133, F1, i)}
{(N1162, F1, i)(N2527,1,i) + (N2133, F0, i)}
{(N1162, F1, i)(N2527,1,i) + (N3252->N1619, F1, i)}
{(N1162, F1, i)(N2527,1,i) + (N1619, F0, i)}
{(N1084->N754, F1, i) + (N2500, F0, i)}
{(N1084->N754, F1, i) + (N1560, F0, i)}
{(N1084->N754, F1, i) + (N927->N2133, F1, i)}
{(N1084->N754, F1, i) + (N2133, F0, i)}
{(N1084->N754, F1, i) + (N3252->N1619, F1, i)}
{(N1084->N754, F1, i) + (N1619, F0, i)}
{(N754, F1, i)(N2735,1,i) + (N2500, F0, i)}
{(N754, F1, i)(N2735,1,i) + (N1560, F0, i)}
{(N754, F1, i)(N2735,1,i) + (N927->N2133, F1, i)}
{(N754, F1, i)(N2735,1,i) + (N2133, F0, i)}
{(N754, F1, i)(N2735,1,i) + (N3252->N1619, F1, i)}
{(N754, F1, i)(N2735,1,i) + (N1619, F0, i)}
{(N2070, F1, i)(N2058,0,i) + (N2500, F0, i)}
{(N2070, F1, i)(N2058,0,i) + (N1560, F0, i)}
{(N2070, F1, i)(N2058,0,i) + (N927->N2133, F1, i)}
{(N2070, F1, i)(N2058,0,i) + (N2133, F0, i)}
{(N2070, F1, i)(N2058,0,i) + (N3252->N1619, F1, i)}
{(N2070, F1, i)(N2058,0,i) + (N1619, F0, i)}
{(N2058, F1, i) + (N2500, F0, i)}
{(N2058, F1, i) + (N1560, F0, i)}
{(N2058, F1, i) + (N927->N2133, F1, i)}
{(N2058, F1, i) + (N2133, F0, i)}
{(N2058, F1, i) + (N3252->N1619, F1, i)}
{(N2058, F1, i) + (N1619, F0, i)}
{(N3867, F0, i) + (N2500, F0, i)}
{(N3867, F0, i) + (N1560, F0, i)}
{(N3867, F0, i) + (N927->N2133, F1, i)}
{(N3867, F0, i) + (N2133, F0, i)}
{(N3867, F0, i) + (N3252->N1619, F1, i)}
{(N3867, F0, i) + (N1619, F0, i)}
{(N727, F0, i) + (N2500, F0, i)}
{(N727, F0, i) + (N1560, F0, i)}
{(N727, F0, i) + (N927->N2133, F1, i)}
{(N727, F0, i) + (N2133, F0, i)}
{(N727, F0, i) + (N3252->N1619, F1, i)}
{(N727, F0, i) + (N1619, F0, i)}
{(N2200->N1406, F1, i) + (N2500, F0, i)}
{(N2200->N1406, F1, i) + (N1560, F0, i)}
{(N2200->N1406, F1, i) + (N927->N2133, F1, i)}
{(N2200->N1406, F1, i) + (N2133, F0, i)}
{(N2200->N1406, F1, i) + (N3252->N1619, F1, i)}
{(N2200->N1406, F1, i) + (N1619, F0, i)}
{(N1406, F0, i) + (N2500, F0, i)}
{(N1406, F0, i) + (N1560, F0, i)}
{(N1406, F0, i) + (N927->N2133, F1, i)}
{(N1406, F0, i) + (N2133, F0, i)}
{(N1406, F0, i) + (N3252->N1619, F1, i)}
{(N1406, F0, i) + (N1619, F0, i)}
{(N3899->N3510, F1, i) + (N2500, F0, i)}
{(N3899->N3510, F1, i) + (N1560, F0, i)}
{(N3899->N3510, F1, i) + (N927->N2133, F1, i)}
{(N3899->N3510, F1, i) + (N2133, F0, i)}
{(N3899->N3510, F1, i) + (N3252->N1619, F1, i)}
{(N3899->N3510, F1, i) + (N1619, F0, i)}
{(N3510, F0, i) + (N2500, F0, i)}
{(N3510, F0, i) + (N1560, F0, i)}
{(N3510, F0, i) + (N927->N2133, F1, i)}
{(N3510, F0, i) + (N2133, F0, i)}
{(N3510, F0, i) + (N3252->N1619, F1, i)}
{(N3510, F0, i) + (N1619, F0, i)}
