{(N1837, F1, i)(N2267,1,i) + (N2368->N2998, F1, i)}
{(N1837, F1, i)(N2267,1,i) + (N2998, F1, i)(N2368,0,i)}
{(N1837, F1, i)(N2267,1,i) + (N2465->N3671, F1, i)}
{(N1837, F1, i)(N2267,1,i) + (N3671, F1, i)(N1282,1,i)}
{(N1837, F1, i)(N2267,1,i) + (N1247, F1, i)(N1307,0,i)}
{(N1837, F1, i)(N2267,1,i) + (N1307, F1, i)}
{(N1837, F1, i)(N2267,1,i) + (N1698, F0, i)}
{(N1837, F1, i)(N2267,1,i) + (N1820, F0, i)}
{(N1837, F1, i)(N2267,1,i) + (N2441->N718, F1, i)}
{(N1837, F1, i)(N2267,1,i) + (N718, F0, i)}
{(N1837, F1, i)(N2267,1,i) + (N1252->N1520, F1, i)}
{(N1837, F1, i)(N2267,1,i) + (N1520, F0, i)}
{(N2347, F1, i) + (N2368->N2998, F1, i)}
{(N2347, F1, i) + (N2998, F1, i)(N2368,0,i)}
{(N2347, F1, i) + (N2465->N3671, F1, i)}
{(N2347, F1, i) + (N3671, F1, i)(N1282,1,i)}
{(N2347, F1, i) + (N1247, F1, i)(N1307,0,i)}
{(N2347, F1, i) + (N1307, F1, i)}
{(N2347, F1, i) + (N1698, F0, i)}
{(N2347, F1, i) + (N1820, F0, i)}
{(N2347, F1, i) + (N2441->N718, F1, i)}
{(N2347, F1, i) + (N718, F0, i)}
{(N2347, F1, i) + (N1252->N1520, F1, i)}
{(N2347, F1, i) + (N1520, F0, i)}
{(N1013, F0, i) + (N2368->N2998, F1, i)}
{(N1013, F0, i) + (N2998, F1, i)(N2368,0,i)}
{(N1013, F0, i) + (N2465->N3671, F1, i)}
{(N1013, F0, i) + (N3671, F1, i)(N1282,1,i)}
{(N1013, F0, i) + (N1247, F1, i)(N1307,0,i)}
{(N1013, F0, i) + (N1307, F1, i)}
{(N1013, F0, i) + (N1698, F0, i)}
{(N1013, F0, i) + (N1820, F0, i)}
{(N1013, F0, i) + (N2441->N718, F1, i)}
{(N1013, F0, i) + (N718, F0, i)}
{(N1013, F0, i) + (N1252->N1520, F1, i)}
{(N1013, F0, i) + (N1520, F0, i)}
{(N2557, F0, i) + (N2368->N2998, F1, i)}
{(N2557, F0, i) + (N2998, F1, i)(N2368,0,i)}
{(N2557, F0, i) + (N2465->N3671, F1, i)}
{(N2557, F0, i) + (N3671, F1, i)(N1282,1,i)}
{(N2557, F0, i) + (N1247, F1, i)(N1307,0,i)}
{(N2557, F0, i) + (N1307, F1, i)}
{(N2557, F0, i) + (N1698, F0, i)}
{(N2557, F0, i) + (N1820, F0, i)}
{(N2557, F0, i) + (N2441->N718, F1, i)}
{(N2557, F0, i) + (N718, F0, i)}
{(N2557, F0, i) + (N1252->N1520, F1, i)}
{(N2557, F0, i) + (N1520, F0, i)}
{(N3080->N1113, F1, i) + (N2368->N2998, F1, i)}
{(N3080->N1113, F1, i) + (N2998, F1, i)(N2368,0,i)}
{(N3080->N1113, F1, i) + (N2465->N3671, F1, i)}
{(N3080->N1113, F1, i) + (N3671, F1, i)(N1282,1,i)}
{(N3080->N1113, F1, i) + (N1247, F1, i)(N1307,0,i)}
{(N3080->N1113, F1, i) + (N1307, F1, i)}
{(N3080->N1113, F1, i) + (N1698, F0, i)}
{(N3080->N1113, F1, i) + (N1820, F0, i)}
{(N3080->N1113, F1, i) + (N2441->N718, F1, i)}
{(N3080->N1113, F1, i) + (N718, F0, i)}
{(N3080->N1113, F1, i) + (N1252->N1520, F1, i)}
{(N3080->N1113, F1, i) + (N1520, F0, i)}
{(N1113, F0, i) + (N2368->N2998, F1, i)}
{(N1113, F0, i) + (N2998, F1, i)(N2368,0,i)}
{(N1113, F0, i) + (N2465->N3671, F1, i)}
{(N1113, F0, i) + (N3671, F1, i)(N1282,1,i)}
{(N1113, F0, i) + (N1247, F1, i)(N1307,0,i)}
{(N1113, F0, i) + (N1307, F1, i)}
{(N1113, F0, i) + (N1698, F0, i)}
{(N1113, F0, i) + (N1820, F0, i)}
{(N1113, F0, i) + (N2441->N718, F1, i)}
{(N1113, F0, i) + (N718, F0, i)}
{(N1113, F0, i) + (N1252->N1520, F1, i)}
{(N1113, F0, i) + (N1520, F0, i)}
{(N1983->N3294, F1, i) + (N2368->N2998, F1, i)}
{(N1983->N3294, F1, i) + (N2998, F1, i)(N2368,0,i)}
{(N1983->N3294, F1, i) + (N2465->N3671, F1, i)}
{(N1983->N3294, F1, i) + (N3671, F1, i)(N1282,1,i)}
{(N1983->N3294, F1, i) + (N1247, F1, i)(N1307,0,i)}
{(N1983->N3294, F1, i) + (N1307, F1, i)}
{(N1983->N3294, F1, i) + (N1698, F0, i)}
{(N1983->N3294, F1, i) + (N1820, F0, i)}
{(N1983->N3294, F1, i) + (N2441->N718, F1, i)}
{(N1983->N3294, F1, i) + (N718, F0, i)}
{(N1983->N3294, F1, i) + (N1252->N1520, F1, i)}
{(N1983->N3294, F1, i) + (N1520, F0, i)}
{(N3294, F0, i) + (N2368->N2998, F1, i)}
{(N3294, F0, i) + (N2998, F1, i)(N2368,0,i)}
{(N3294, F0, i) + (N2465->N3671, F1, i)}
{(N3294, F0, i) + (N3671, F1, i)(N1282,1,i)}
{(N3294, F0, i) + (N1247, F1, i)(N1307,0,i)}
{(N3294, F0, i) + (N1307, F1, i)}
{(N3294, F0, i) + (N1698, F0, i)}
{(N3294, F0, i) + (N1820, F0, i)}
{(N3294, F0, i) + (N2441->N718, F1, i)}
{(N3294, F0, i) + (N718, F0, i)}
{(N3294, F0, i) + (N1252->N1520, F1, i)}
{(N3294, F0, i) + (N1520, F0, i)}
