{(N1684, F0, i) + (N111->N2815, F1, i)}
{(N1684, F0, i) + (N2815, F1, i)(N244,1,i)}
{(N1684, F0, i) + (N2947, F1, i)(N1732,0,i)}
{(N1684, F0, i) + (N1732, F1, i)}
{(N1684, F0, i) + (N2350, F0, i)}
{(N1684, F0, i) + (N981->N2490, F0, i)}
{(N1684, F0, i) + (N2490, F0, i)}
{(N1684, F0, i) + (N622->N3474, F1, i)}
{(N1684, F0, i) + (N3474, F0, i)}
{(N53->N1994, F0, i) + (N111->N2815, F1, i)}
{(N53->N1994, F0, i) + (N2815, F1, i)(N244,1,i)}
{(N53->N1994, F0, i) + (N2947, F1, i)(N1732,0,i)}
{(N53->N1994, F0, i) + (N1732, F1, i)}
{(N53->N1994, F0, i) + (N2350, F0, i)}
{(N53->N1994, F0, i) + (N981->N2490, F0, i)}
{(N53->N1994, F0, i) + (N2490, F0, i)}
{(N53->N1994, F0, i) + (N622->N3474, F1, i)}
{(N53->N1994, F0, i) + (N3474, F0, i)}
{(N6->N1994, F0, i) + (N111->N2815, F1, i)}
{(N6->N1994, F0, i) + (N2815, F1, i)(N244,1,i)}
{(N6->N1994, F0, i) + (N2947, F1, i)(N1732,0,i)}
{(N6->N1994, F0, i) + (N1732, F1, i)}
{(N6->N1994, F0, i) + (N2350, F0, i)}
{(N6->N1994, F0, i) + (N981->N2490, F0, i)}
{(N6->N1994, F0, i) + (N2490, F0, i)}
{(N6->N1994, F0, i) + (N622->N3474, F1, i)}
{(N6->N1994, F0, i) + (N3474, F0, i)}
{(N1994, F0, i) + (N111->N2815, F1, i)}
{(N1994, F0, i) + (N2815, F1, i)(N244,1,i)}
{(N1994, F0, i) + (N2947, F1, i)(N1732,0,i)}
{(N1994, F0, i) + (N1732, F1, i)}
{(N1994, F0, i) + (N2350, F0, i)}
{(N1994, F0, i) + (N981->N2490, F0, i)}
{(N1994, F0, i) + (N2490, F0, i)}
{(N1994, F0, i) + (N622->N3474, F1, i)}
{(N1994, F0, i) + (N3474, F0, i)}
