{(N972, F0, i) + (N3874, F1, i)(N2929,0,i)}
{(N972, F0, i) + (N2929, F1, i)}
{(N972, F0, i) + (N1041, F0, i)}
{(N972, F0, i) + (N2853, F0, i)}
{(N972, F0, i) + (N1241->N1875, F1, i)}
{(N972, F0, i) + (N1875, F0, i)}
{(N972, F0, i) + (N391->N2863, F1, i)}
{(N972, F0, i) + (N2863, F0, i)}
{(N1229, F0, i) + (N3874, F1, i)(N2929,0,i)}
{(N1229, F0, i) + (N2929, F1, i)}
{(N1229, F0, i) + (N1041, F0, i)}
{(N1229, F0, i) + (N2853, F0, i)}
{(N1229, F0, i) + (N1241->N1875, F1, i)}
{(N1229, F0, i) + (N1875, F0, i)}
{(N1229, F0, i) + (N391->N2863, F1, i)}
{(N1229, F0, i) + (N2863, F0, i)}
{(N2430->N3438, F1, i) + (N3874, F1, i)(N2929,0,i)}
{(N2430->N3438, F1, i) + (N2929, F1, i)}
{(N2430->N3438, F1, i) + (N1041, F0, i)}
{(N2430->N3438, F1, i) + (N2853, F0, i)}
{(N2430->N3438, F1, i) + (N1241->N1875, F1, i)}
{(N2430->N3438, F1, i) + (N1875, F0, i)}
{(N2430->N3438, F1, i) + (N391->N2863, F1, i)}
{(N2430->N3438, F1, i) + (N2863, F0, i)}
{(N3438, F0, i) + (N3874, F1, i)(N2929,0,i)}
{(N3438, F0, i) + (N2929, F1, i)}
{(N3438, F0, i) + (N1041, F0, i)}
{(N3438, F0, i) + (N2853, F0, i)}
{(N3438, F0, i) + (N1241->N1875, F1, i)}
{(N3438, F0, i) + (N1875, F0, i)}
{(N3438, F0, i) + (N391->N2863, F1, i)}
{(N3438, F0, i) + (N2863, F0, i)}
{(N2131->N3102, F1, i) + (N3874, F1, i)(N2929,0,i)}
{(N2131->N3102, F1, i) + (N2929, F1, i)}
{(N2131->N3102, F1, i) + (N1041, F0, i)}
{(N2131->N3102, F1, i) + (N2853, F0, i)}
{(N2131->N3102, F1, i) + (N1241->N1875, F1, i)}
{(N2131->N3102, F1, i) + (N1875, F0, i)}
{(N2131->N3102, F1, i) + (N391->N2863, F1, i)}
{(N2131->N3102, F1, i) + (N2863, F0, i)}
{(N3102, F0, i) + (N3874, F1, i)(N2929,0,i)}
{(N3102, F0, i) + (N2929, F1, i)}
{(N3102, F0, i) + (N1041, F0, i)}
{(N3102, F0, i) + (N2853, F0, i)}
{(N3102, F0, i) + (N1241->N1875, F1, i)}
{(N3102, F0, i) + (N1875, F0, i)}
{(N3102, F0, i) + (N391->N2863, F1, i)}
{(N3102, F0, i) + (N2863, F0, i)}
