{(N1603->N807, F1, i) + (N2589, F1, i)(N569,1,i)}
{(N1603->N807, F1, i) + (N2995->N2643, F0, i)}
{(N1603->N807, F1, i) + (N2643, F1, i)}
{(N807, F1, i)(N1834,1,i) + (N2589, F1, i)(N569,1,i)}
{(N807, F1, i)(N1834,1,i) + (N2995->N2643, F0, i)}
{(N807, F1, i)(N1834,1,i) + (N2643, F1, i)}
{(N2134->N1978, F1, i) + (N2589, F1, i)(N569,1,i)}
{(N2134->N1978, F1, i) + (N2995->N2643, F0, i)}
{(N2134->N1978, F1, i) + (N2643, F1, i)}
{(N1978, F1, i)(N3696,1,i) + (N2589, F1, i)(N569,1,i)}
{(N1978, F1, i)(N3696,1,i) + (N2995->N2643, F0, i)}
{(N1978, F1, i)(N3696,1,i) + (N2643, F1, i)}
{(N1233, F1, i) + (N2589, F1, i)(N569,1,i)}
{(N1233, F1, i) + (N2995->N2643, F0, i)}
{(N1233, F1, i) + (N2643, F1, i)}
{(N1014, F0, i) + (N2589, F1, i)(N569,1,i)}
{(N1014, F0, i) + (N2995->N2643, F0, i)}
{(N1014, F0, i) + (N2643, F1, i)}
{(N467, F0, i) + (N2589, F1, i)(N569,1,i)}
{(N467, F0, i) + (N2995->N2643, F0, i)}
{(N467, F0, i) + (N2643, F1, i)}
{(N677->N1089, F1, i) + (N2589, F1, i)(N569,1,i)}
{(N677->N1089, F1, i) + (N2995->N2643, F0, i)}
{(N677->N1089, F1, i) + (N2643, F1, i)}
{(N1089, F0, i) + (N2589, F1, i)(N569,1,i)}
{(N1089, F0, i) + (N2995->N2643, F0, i)}
{(N1089, F0, i) + (N2643, F1, i)}
{(N3864->N895, F1, i) + (N2589, F1, i)(N569,1,i)}
{(N3864->N895, F1, i) + (N2995->N2643, F0, i)}
{(N3864->N895, F1, i) + (N2643, F1, i)}
{(N895, F0, i) + (N2589, F1, i)(N569,1,i)}
{(N895, F0, i) + (N2995->N2643, F0, i)}
{(N895, F0, i) + (N2643, F1, i)}
