{(N2359, F1, i)(N1596,0,i) + (N1278->N3163, F0, i)}
{(N2359, F1, i)(N1596,0,i) + (N3163, F1, i)}
{(N2359, F1, i)(N1596,0,i) + (N2404->N799, F0, i)}
{(N2359, F1, i)(N1596,0,i) + (N799, F1, i)}
{(N2359, F1, i)(N1596,0,i) + (N2789, F1, i)(N1817,0,i)}
{(N2359, F1, i)(N1596,0,i) + (N154->N1817, F0, i)}
{(N2359, F1, i)(N1596,0,i) + (N1817, F1, i)}
{(N1596, F1, i) + (N1278->N3163, F0, i)}
{(N1596, F1, i) + (N3163, F1, i)}
{(N1596, F1, i) + (N2404->N799, F0, i)}
{(N1596, F1, i) + (N799, F1, i)}
{(N1596, F1, i) + (N2789, F1, i)(N1817,0,i)}
{(N1596, F1, i) + (N154->N1817, F0, i)}
{(N1596, F1, i) + (N1817, F1, i)}
{(N3561, F0, i) + (N1278->N3163, F0, i)}
{(N3561, F0, i) + (N3163, F1, i)}
{(N3561, F0, i) + (N2404->N799, F0, i)}
{(N3561, F0, i) + (N799, F1, i)}
{(N3561, F0, i) + (N2789, F1, i)(N1817,0,i)}
{(N3561, F0, i) + (N154->N1817, F0, i)}
{(N3561, F0, i) + (N1817, F1, i)}
{(N2309->N3244, F0, i) + (N1278->N3163, F0, i)}
{(N2309->N3244, F0, i) + (N3163, F1, i)}
{(N2309->N3244, F0, i) + (N2404->N799, F0, i)}
{(N2309->N3244, F0, i) + (N799, F1, i)}
{(N2309->N3244, F0, i) + (N2789, F1, i)(N1817,0,i)}
{(N2309->N3244, F0, i) + (N154->N1817, F0, i)}
{(N2309->N3244, F0, i) + (N1817, F1, i)}
{(N3244, F0, i) + (N1278->N3163, F0, i)}
{(N3244, F0, i) + (N3163, F1, i)}
{(N3244, F0, i) + (N2404->N799, F0, i)}
{(N3244, F0, i) + (N799, F1, i)}
{(N3244, F0, i) + (N2789, F1, i)(N1817,0,i)}
{(N3244, F0, i) + (N154->N1817, F0, i)}
{(N3244, F0, i) + (N1817, F1, i)}
{(N1450->N3132, F1, i) + (N1278->N3163, F0, i)}
{(N1450->N3132, F1, i) + (N3163, F1, i)}
{(N1450->N3132, F1, i) + (N2404->N799, F0, i)}
{(N1450->N3132, F1, i) + (N799, F1, i)}
{(N1450->N3132, F1, i) + (N2789, F1, i)(N1817,0,i)}
{(N1450->N3132, F1, i) + (N154->N1817, F0, i)}
{(N1450->N3132, F1, i) + (N1817, F1, i)}
{(N3132, F0, i) + (N1278->N3163, F0, i)}
{(N3132, F0, i) + (N3163, F1, i)}
{(N3132, F0, i) + (N2404->N799, F0, i)}
{(N3132, F0, i) + (N799, F1, i)}
{(N3132, F0, i) + (N2789, F1, i)(N1817,0,i)}
{(N3132, F0, i) + (N154->N1817, F0, i)}
{(N3132, F0, i) + (N1817, F1, i)}
{(N819, F1, i)(N2968,0,i) + (N1278->N3163, F0, i)}
{(N819, F1, i)(N2968,0,i) + (N3163, F1, i)}
{(N819, F1, i)(N2968,0,i) + (N2404->N799, F0, i)}
{(N819, F1, i)(N2968,0,i) + (N799, F1, i)}
{(N2343, F1, i)(N154,0,i)(N186,0,i) + (N1278->N3163, F0, i)}
{(N2343, F1, i)(N154,0,i)(N186,0,i) + (N3163, F1, i)}
{(N2343, F1, i)(N154,0,i)(N186,0,i) + (N2404->N799, F0, i)}
{(N2343, F1, i)(N154,0,i)(N186,0,i) + (N799, F1, i)}
{(N2343, F1, i)(N154,0,i)(N186,0,i) + (N2789, F1, i)(N1817,0,i)}
{(N2343, F1, i)(N154,0,i)(N186,0,i) + (N154->N1817, F0, i)}
{(N2343, F1, i)(N154,0,i)(N186,0,i) + (N1817, F1, i)}
