{(N1742, F0, i) + (N73->N1332, F1, i)}
{(N1742, F0, i) + (N1332, F1, i)(N248,1,i)}
{(N1742, F0, i) + (N3856, F1, i)(N3586,1,i)}
{(N1742, F0, i) + (N706, F1, i)}
{(N1742, F0, i) + (N880, F0, i)}
{(N1742, F0, i) + (N3470->N3416, F0, i)}
{(N1742, F0, i) + (N3416, F0, i)}
{(N1742, F0, i) + (N1691->N393, F1, i)}
{(N1742, F0, i) + (N393, F0, i)}
{(N7->N2127, F0, i) + (N73->N1332, F1, i)}
{(N7->N2127, F0, i) + (N1332, F1, i)(N248,1,i)}
{(N7->N2127, F0, i) + (N3856, F1, i)(N3586,1,i)}
{(N7->N2127, F0, i) + (N706, F1, i)}
{(N7->N2127, F0, i) + (N880, F0, i)}
{(N7->N2127, F0, i) + (N3470->N3416, F0, i)}
{(N7->N2127, F0, i) + (N3416, F0, i)}
{(N7->N2127, F0, i) + (N1691->N393, F1, i)}
{(N7->N2127, F0, i) + (N393, F0, i)}
{(N12->N2127, F0, i) + (N73->N1332, F1, i)}
{(N12->N2127, F0, i) + (N1332, F1, i)(N248,1,i)}
{(N12->N2127, F0, i) + (N3856, F1, i)(N3586,1,i)}
{(N12->N2127, F0, i) + (N706, F1, i)}
{(N12->N2127, F0, i) + (N880, F0, i)}
{(N12->N2127, F0, i) + (N3470->N3416, F0, i)}
{(N12->N2127, F0, i) + (N3416, F0, i)}
{(N12->N2127, F0, i) + (N1691->N393, F1, i)}
{(N12->N2127, F0, i) + (N393, F0, i)}
{(N2127, F0, i) + (N73->N1332, F1, i)}
{(N2127, F0, i) + (N1332, F1, i)(N248,1,i)}
{(N2127, F0, i) + (N3856, F1, i)(N3586,1,i)}
{(N2127, F0, i) + (N706, F1, i)}
{(N2127, F0, i) + (N880, F0, i)}
{(N2127, F0, i) + (N3470->N3416, F0, i)}
{(N2127, F0, i) + (N3416, F0, i)}
{(N2127, F0, i) + (N1691->N393, F1, i)}
{(N2127, F0, i) + (N393, F0, i)}
