{(N622->N882, F1, i) + (N2262->N3178, F1, i)}
{(N622->N882, F1, i) + (N3178, F1, i)(N2262,0,i)}
{(N622->N882, F1, i) + (N1302->N2828, F1, i)}
{(N622->N882, F1, i) + (N2828, F1, i)(N3497,1,i)}
{(N622->N882, F1, i) + (N2721, F1, i)(N390,1,i)}
{(N622->N882, F1, i) + (N3797, F1, i)}
{(N622->N882, F1, i) + (N1802, F0, i)}
{(N622->N882, F1, i) + (N2608, F0, i)}
{(N622->N882, F1, i) + (N3350->N762, F1, i)}
{(N622->N882, F1, i) + (N762, F0, i)}
{(N622->N882, F1, i) + (N3277->N3677, F1, i)}
{(N622->N882, F1, i) + (N3677, F0, i)}
{(N882, F1, i)(N622,0,i) + (N2262->N3178, F1, i)}
{(N882, F1, i)(N622,0,i) + (N3178, F1, i)(N2262,0,i)}
{(N882, F1, i)(N622,0,i) + (N1302->N2828, F1, i)}
{(N882, F1, i)(N622,0,i) + (N2828, F1, i)(N3497,1,i)}
{(N882, F1, i)(N622,0,i) + (N2721, F1, i)(N390,1,i)}
{(N882, F1, i)(N622,0,i) + (N3797, F1, i)}
{(N882, F1, i)(N622,0,i) + (N1802, F0, i)}
{(N882, F1, i)(N622,0,i) + (N2608, F0, i)}
{(N882, F1, i)(N622,0,i) + (N3350->N762, F1, i)}
{(N882, F1, i)(N622,0,i) + (N762, F0, i)}
{(N882, F1, i)(N622,0,i) + (N3277->N3677, F1, i)}
{(N882, F1, i)(N622,0,i) + (N3677, F0, i)}
{(N981->N2490, F1, i) + (N2262->N3178, F1, i)}
{(N981->N2490, F1, i) + (N3178, F1, i)(N2262,0,i)}
{(N981->N2490, F1, i) + (N1302->N2828, F1, i)}
{(N981->N2490, F1, i) + (N2828, F1, i)(N3497,1,i)}
{(N981->N2490, F1, i) + (N2721, F1, i)(N390,1,i)}
{(N981->N2490, F1, i) + (N3797, F1, i)}
{(N981->N2490, F1, i) + (N1802, F0, i)}
{(N981->N2490, F1, i) + (N2608, F0, i)}
{(N981->N2490, F1, i) + (N3350->N762, F1, i)}
{(N981->N2490, F1, i) + (N762, F0, i)}
{(N981->N2490, F1, i) + (N3277->N3677, F1, i)}
{(N981->N2490, F1, i) + (N3677, F0, i)}
{(N2490, F1, i)(N3474,1,i) + (N2262->N3178, F1, i)}
{(N2490, F1, i)(N3474,1,i) + (N3178, F1, i)(N2262,0,i)}
{(N2490, F1, i)(N3474,1,i) + (N1302->N2828, F1, i)}
{(N2490, F1, i)(N3474,1,i) + (N2828, F1, i)(N3497,1,i)}
{(N2490, F1, i)(N3474,1,i) + (N2721, F1, i)(N390,1,i)}
{(N2490, F1, i)(N3474,1,i) + (N3797, F1, i)}
{(N2490, F1, i)(N3474,1,i) + (N1802, F0, i)}
{(N2490, F1, i)(N3474,1,i) + (N2608, F0, i)}
{(N2490, F1, i)(N3474,1,i) + (N3350->N762, F1, i)}
{(N2490, F1, i)(N3474,1,i) + (N762, F0, i)}
{(N2490, F1, i)(N3474,1,i) + (N3277->N3677, F1, i)}
{(N2490, F1, i)(N3474,1,i) + (N3677, F0, i)}
{(N3822, F1, i)(N1544,1,i) + (N2262->N3178, F1, i)}
{(N3822, F1, i)(N1544,1,i) + (N3178, F1, i)(N2262,0,i)}
{(N3822, F1, i)(N1544,1,i) + (N1302->N2828, F1, i)}
{(N3822, F1, i)(N1544,1,i) + (N2828, F1, i)(N3497,1,i)}
{(N3822, F1, i)(N1544,1,i) + (N2721, F1, i)(N390,1,i)}
{(N3822, F1, i)(N1544,1,i) + (N3797, F1, i)}
{(N3822, F1, i)(N1544,1,i) + (N1802, F0, i)}
{(N3822, F1, i)(N1544,1,i) + (N2608, F0, i)}
{(N3822, F1, i)(N1544,1,i) + (N3350->N762, F1, i)}
{(N3822, F1, i)(N1544,1,i) + (N762, F0, i)}
{(N3822, F1, i)(N1544,1,i) + (N3277->N3677, F1, i)}
{(N3822, F1, i)(N1544,1,i) + (N3677, F0, i)}
{(N3552, F1, i) + (N2262->N3178, F1, i)}
{(N3552, F1, i) + (N3178, F1, i)(N2262,0,i)}
{(N3552, F1, i) + (N1302->N2828, F1, i)}
{(N3552, F1, i) + (N2828, F1, i)(N3497,1,i)}
{(N3552, F1, i) + (N2721, F1, i)(N390,1,i)}
{(N3552, F1, i) + (N3797, F1, i)}
{(N3552, F1, i) + (N1802, F0, i)}
{(N3552, F1, i) + (N2608, F0, i)}
{(N3552, F1, i) + (N3350->N762, F1, i)}
{(N3552, F1, i) + (N762, F0, i)}
{(N3552, F1, i) + (N3277->N3677, F1, i)}
{(N3552, F1, i) + (N3677, F0, i)}
{(N2646, F0, i) + (N2262->N3178, F1, i)}
{(N2646, F0, i) + (N3178, F1, i)(N2262,0,i)}
{(N2646, F0, i) + (N1302->N2828, F1, i)}
{(N2646, F0, i) + (N2828, F1, i)(N3497,1,i)}
{(N2646, F0, i) + (N2721, F1, i)(N390,1,i)}
{(N2646, F0, i) + (N3797, F1, i)}
{(N2646, F0, i) + (N1802, F0, i)}
{(N2646, F0, i) + (N2608, F0, i)}
{(N2646, F0, i) + (N3350->N762, F1, i)}
{(N2646, F0, i) + (N762, F0, i)}
{(N2646, F0, i) + (N3277->N3677, F1, i)}
{(N2646, F0, i) + (N3677, F0, i)}
{(N3806, F0, i) + (N2262->N3178, F1, i)}
{(N3806, F0, i) + (N3178, F1, i)(N2262,0,i)}
{(N3806, F0, i) + (N1302->N2828, F1, i)}
{(N3806, F0, i) + (N2828, F1, i)(N3497,1,i)}
{(N3806, F0, i) + (N2721, F1, i)(N390,1,i)}
{(N3806, F0, i) + (N3797, F1, i)}
{(N3806, F0, i) + (N1802, F0, i)}
{(N3806, F0, i) + (N2608, F0, i)}
{(N3806, F0, i) + (N3350->N762, F1, i)}
{(N3806, F0, i) + (N762, F0, i)}
{(N3806, F0, i) + (N3277->N3677, F1, i)}
{(N3806, F0, i) + (N3677, F0, i)}
{(N1258->N685, F1, i) + (N2262->N3178, F1, i)}
{(N1258->N685, F1, i) + (N3178, F1, i)(N2262,0,i)}
{(N1258->N685, F1, i) + (N1302->N2828, F1, i)}
{(N1258->N685, F1, i) + (N2828, F1, i)(N3497,1,i)}
{(N1258->N685, F1, i) + (N2721, F1, i)(N390,1,i)}
{(N1258->N685, F1, i) + (N3797, F1, i)}
{(N1258->N685, F1, i) + (N1802, F0, i)}
{(N1258->N685, F1, i) + (N2608, F0, i)}
{(N1258->N685, F1, i) + (N3350->N762, F1, i)}
{(N1258->N685, F1, i) + (N762, F0, i)}
{(N1258->N685, F1, i) + (N3277->N3677, F1, i)}
{(N1258->N685, F1, i) + (N3677, F0, i)}
{(N685, F0, i) + (N2262->N3178, F1, i)}
{(N685, F0, i) + (N3178, F1, i)(N2262,0,i)}
{(N685, F0, i) + (N1302->N2828, F1, i)}
{(N685, F0, i) + (N2828, F1, i)(N3497,1,i)}
{(N685, F0, i) + (N2721, F1, i)(N390,1,i)}
{(N685, F0, i) + (N3797, F1, i)}
{(N685, F0, i) + (N1802, F0, i)}
{(N685, F0, i) + (N2608, F0, i)}
{(N685, F0, i) + (N3350->N762, F1, i)}
{(N685, F0, i) + (N762, F0, i)}
{(N685, F0, i) + (N3277->N3677, F1, i)}
{(N685, F0, i) + (N3677, F0, i)}
{(N3588->N3278, F1, i) + (N2262->N3178, F1, i)}
{(N3588->N3278, F1, i) + (N3178, F1, i)(N2262,0,i)}
{(N3588->N3278, F1, i) + (N1302->N2828, F1, i)}
{(N3588->N3278, F1, i) + (N2828, F1, i)(N3497,1,i)}
{(N3588->N3278, F1, i) + (N2721, F1, i)(N390,1,i)}
{(N3588->N3278, F1, i) + (N3797, F1, i)}
{(N3588->N3278, F1, i) + (N1802, F0, i)}
{(N3588->N3278, F1, i) + (N2608, F0, i)}
{(N3588->N3278, F1, i) + (N3350->N762, F1, i)}
{(N3588->N3278, F1, i) + (N762, F0, i)}
{(N3588->N3278, F1, i) + (N3277->N3677, F1, i)}
{(N3588->N3278, F1, i) + (N3677, F0, i)}
{(N3278, F0, i) + (N2262->N3178, F1, i)}
{(N3278, F0, i) + (N3178, F1, i)(N2262,0,i)}
{(N3278, F0, i) + (N1302->N2828, F1, i)}
{(N3278, F0, i) + (N2828, F1, i)(N3497,1,i)}
{(N3278, F0, i) + (N2721, F1, i)(N390,1,i)}
{(N3278, F0, i) + (N3797, F1, i)}
{(N3278, F0, i) + (N1802, F0, i)}
{(N3278, F0, i) + (N2608, F0, i)}
{(N3278, F0, i) + (N3350->N762, F1, i)}
{(N3278, F0, i) + (N762, F0, i)}
{(N3278, F0, i) + (N3277->N3677, F1, i)}
{(N3278, F0, i) + (N3677, F0, i)}
