{(N1755, F0, i) + (N3713->N1455, F1, i)}
{(N1755, F0, i) + (N1455, F1, i)(N2686,1,i)}
{(N1755, F0, i) + (N776->N3261, F1, i)}
{(N1755, F0, i) + (N3261, F1, i)(N776,0,i)}
{(N1755, F0, i) + (N979, F1, i)(N3092,0,i)}
{(N1755, F0, i) + (N3092, F1, i)}
{(N1755, F0, i) + (N2902, F0, i)}
{(N1755, F0, i) + (N1383, F0, i)}
{(N1755, F0, i) + (N3037->N584, F1, i)}
{(N1755, F0, i) + (N584, F0, i)}
{(N1755, F0, i) + (N929->N3148, F1, i)}
{(N1755, F0, i) + (N3148, F0, i)}
{(N2499, F0, i) + (N3713->N1455, F1, i)}
{(N2499, F0, i) + (N1455, F1, i)(N2686,1,i)}
{(N2499, F0, i) + (N776->N3261, F1, i)}
{(N2499, F0, i) + (N3261, F1, i)(N776,0,i)}
{(N2499, F0, i) + (N979, F1, i)(N3092,0,i)}
{(N2499, F0, i) + (N3092, F1, i)}
{(N2499, F0, i) + (N2902, F0, i)}
{(N2499, F0, i) + (N1383, F0, i)}
{(N2499, F0, i) + (N3037->N584, F1, i)}
{(N2499, F0, i) + (N584, F0, i)}
{(N2499, F0, i) + (N929->N3148, F1, i)}
{(N2499, F0, i) + (N3148, F0, i)}
{(N2300->N2803, F1, i) + (N3713->N1455, F1, i)}
{(N2300->N2803, F1, i) + (N1455, F1, i)(N2686,1,i)}
{(N2300->N2803, F1, i) + (N776->N3261, F1, i)}
{(N2300->N2803, F1, i) + (N3261, F1, i)(N776,0,i)}
{(N2300->N2803, F1, i) + (N979, F1, i)(N3092,0,i)}
{(N2300->N2803, F1, i) + (N3092, F1, i)}
{(N2300->N2803, F1, i) + (N2902, F0, i)}
{(N2300->N2803, F1, i) + (N1383, F0, i)}
{(N2300->N2803, F1, i) + (N3037->N584, F1, i)}
{(N2300->N2803, F1, i) + (N584, F0, i)}
{(N2300->N2803, F1, i) + (N929->N3148, F1, i)}
{(N2300->N2803, F1, i) + (N3148, F0, i)}
{(N2803, F0, i) + (N3713->N1455, F1, i)}
{(N2803, F0, i) + (N1455, F1, i)(N2686,1,i)}
{(N2803, F0, i) + (N776->N3261, F1, i)}
{(N2803, F0, i) + (N3261, F1, i)(N776,0,i)}
{(N2803, F0, i) + (N979, F1, i)(N3092,0,i)}
{(N2803, F0, i) + (N3092, F1, i)}
{(N2803, F0, i) + (N2902, F0, i)}
{(N2803, F0, i) + (N1383, F0, i)}
{(N2803, F0, i) + (N3037->N584, F1, i)}
{(N2803, F0, i) + (N584, F0, i)}
{(N2803, F0, i) + (N929->N3148, F1, i)}
{(N2803, F0, i) + (N3148, F0, i)}
{(N408->N3210, F1, i) + (N3713->N1455, F1, i)}
{(N408->N3210, F1, i) + (N1455, F1, i)(N2686,1,i)}
{(N408->N3210, F1, i) + (N776->N3261, F1, i)}
{(N408->N3210, F1, i) + (N3261, F1, i)(N776,0,i)}
{(N408->N3210, F1, i) + (N979, F1, i)(N3092,0,i)}
{(N408->N3210, F1, i) + (N3092, F1, i)}
{(N408->N3210, F1, i) + (N2902, F0, i)}
{(N408->N3210, F1, i) + (N1383, F0, i)}
{(N408->N3210, F1, i) + (N3037->N584, F1, i)}
{(N408->N3210, F1, i) + (N584, F0, i)}
{(N408->N3210, F1, i) + (N929->N3148, F1, i)}
{(N408->N3210, F1, i) + (N3148, F0, i)}
{(N3210, F0, i) + (N3713->N1455, F1, i)}
{(N3210, F0, i) + (N1455, F1, i)(N2686,1,i)}
{(N3210, F0, i) + (N776->N3261, F1, i)}
{(N3210, F0, i) + (N3261, F1, i)(N776,0,i)}
{(N3210, F0, i) + (N979, F1, i)(N3092,0,i)}
{(N3210, F0, i) + (N3092, F1, i)}
{(N3210, F0, i) + (N2902, F0, i)}
{(N3210, F0, i) + (N1383, F0, i)}
{(N3210, F0, i) + (N3037->N584, F1, i)}
{(N3210, F0, i) + (N584, F0, i)}
{(N3210, F0, i) + (N929->N3148, F1, i)}
{(N3210, F0, i) + (N3148, F0, i)}
