{(N2632, F1, i)(N3632,1,i) + (N1486->N3049, F1, i)}
{(N2632, F1, i)(N3632,1,i) + (N3049, F1, i)(N1869,1,i)}
{(N2632, F1, i)(N3632,1,i) + (N1431->N1833, F1, i)}
{(N2632, F1, i)(N3632,1,i) + (N1833, F1, i)(N1431,0,i)}
{(N2632, F1, i)(N3632,1,i) + (N1159, F1, i)(N3430,1,i)}
{(N2632, F1, i)(N3632,1,i) + (N1812, F1, i)}
{(N2632, F1, i)(N3632,1,i) + (N500, F0, i)}
{(N2632, F1, i)(N3632,1,i) + (N3408, F0, i)}
{(N2632, F1, i)(N3632,1,i) + (N1872->N2072, F1, i)}
{(N2632, F1, i)(N3632,1,i) + (N2072, F0, i)}
{(N2632, F1, i)(N3632,1,i) + (N1699->N2741, F1, i)}
{(N2632, F1, i)(N3632,1,i) + (N2741, F0, i)}
{(N1459, F1, i) + (N1486->N3049, F1, i)}
{(N1459, F1, i) + (N3049, F1, i)(N1869,1,i)}
{(N1459, F1, i) + (N1431->N1833, F1, i)}
{(N1459, F1, i) + (N1833, F1, i)(N1431,0,i)}
{(N1459, F1, i) + (N1159, F1, i)(N3430,1,i)}
{(N1459, F1, i) + (N1812, F1, i)}
{(N1459, F1, i) + (N500, F0, i)}
{(N1459, F1, i) + (N3408, F0, i)}
{(N1459, F1, i) + (N1872->N2072, F1, i)}
{(N1459, F1, i) + (N2072, F0, i)}
{(N1459, F1, i) + (N1699->N2741, F1, i)}
{(N1459, F1, i) + (N2741, F0, i)}
{(N3223, F0, i) + (N1486->N3049, F1, i)}
{(N3223, F0, i) + (N3049, F1, i)(N1869,1,i)}
{(N3223, F0, i) + (N1431->N1833, F1, i)}
{(N3223, F0, i) + (N1833, F1, i)(N1431,0,i)}
{(N3223, F0, i) + (N1159, F1, i)(N3430,1,i)}
{(N3223, F0, i) + (N1812, F1, i)}
{(N3223, F0, i) + (N500, F0, i)}
{(N3223, F0, i) + (N3408, F0, i)}
{(N3223, F0, i) + (N1872->N2072, F1, i)}
{(N3223, F0, i) + (N2072, F0, i)}
{(N3223, F0, i) + (N1699->N2741, F1, i)}
{(N3223, F0, i) + (N2741, F0, i)}
{(N3015->N592, F0, i) + (N1486->N3049, F1, i)}
{(N3015->N592, F0, i) + (N3049, F1, i)(N1869,1,i)}
{(N3015->N592, F0, i) + (N1431->N1833, F1, i)}
{(N3015->N592, F0, i) + (N1833, F1, i)(N1431,0,i)}
{(N3015->N592, F0, i) + (N1159, F1, i)(N3430,1,i)}
{(N3015->N592, F0, i) + (N1812, F1, i)}
{(N3015->N592, F0, i) + (N500, F0, i)}
{(N3015->N592, F0, i) + (N3408, F0, i)}
{(N3015->N592, F0, i) + (N1872->N2072, F1, i)}
{(N3015->N592, F0, i) + (N2072, F0, i)}
{(N3015->N592, F0, i) + (N1699->N2741, F1, i)}
{(N3015->N592, F0, i) + (N2741, F0, i)}
{(N592, F0, i) + (N1486->N3049, F1, i)}
{(N592, F0, i) + (N3049, F1, i)(N1869,1,i)}
{(N592, F0, i) + (N1431->N1833, F1, i)}
{(N592, F0, i) + (N1833, F1, i)(N1431,0,i)}
{(N592, F0, i) + (N1159, F1, i)(N3430,1,i)}
{(N592, F0, i) + (N1812, F1, i)}
{(N592, F0, i) + (N500, F0, i)}
{(N592, F0, i) + (N3408, F0, i)}
{(N592, F0, i) + (N1872->N2072, F1, i)}
{(N592, F0, i) + (N2072, F0, i)}
{(N592, F0, i) + (N1699->N2741, F1, i)}
{(N592, F0, i) + (N2741, F0, i)}
{(N3198->N2761, F1, i) + (N1486->N3049, F1, i)}
{(N3198->N2761, F1, i) + (N3049, F1, i)(N1869,1,i)}
{(N3198->N2761, F1, i) + (N1431->N1833, F1, i)}
{(N3198->N2761, F1, i) + (N1833, F1, i)(N1431,0,i)}
{(N3198->N2761, F1, i) + (N1159, F1, i)(N3430,1,i)}
{(N3198->N2761, F1, i) + (N1812, F1, i)}
{(N3198->N2761, F1, i) + (N500, F0, i)}
{(N3198->N2761, F1, i) + (N3408, F0, i)}
{(N3198->N2761, F1, i) + (N1872->N2072, F1, i)}
{(N3198->N2761, F1, i) + (N2072, F0, i)}
{(N3198->N2761, F1, i) + (N1699->N2741, F1, i)}
{(N3198->N2761, F1, i) + (N2741, F0, i)}
{(N2761, F0, i) + (N1486->N3049, F1, i)}
{(N2761, F0, i) + (N3049, F1, i)(N1869,1,i)}
{(N2761, F0, i) + (N1431->N1833, F1, i)}
{(N2761, F0, i) + (N1833, F1, i)(N1431,0,i)}
{(N2761, F0, i) + (N1159, F1, i)(N3430,1,i)}
{(N2761, F0, i) + (N1812, F1, i)}
{(N2761, F0, i) + (N500, F0, i)}
{(N2761, F0, i) + (N3408, F0, i)}
{(N2761, F0, i) + (N1872->N2072, F1, i)}
{(N2761, F0, i) + (N2072, F0, i)}
{(N2761, F0, i) + (N1699->N2741, F1, i)}
{(N2761, F0, i) + (N2741, F0, i)}
{(N105->N1599, F1, i) + (N1486->N3049, F1, i)}
{(N105->N1599, F1, i) + (N3049, F1, i)(N1869,1,i)}
{(N105->N1599, F1, i) + (N1431->N1833, F1, i)}
{(N105->N1599, F1, i) + (N1833, F1, i)(N1431,0,i)}
{(N105->N1599, F1, i) + (N1159, F1, i)(N3430,1,i)}
{(N105->N1599, F1, i) + (N1812, F1, i)}
{(N105->N1599, F1, i) + (N500, F0, i)}
{(N105->N1599, F1, i) + (N3408, F0, i)}
{(N105->N1599, F1, i) + (N1872->N2072, F1, i)}
{(N105->N1599, F1, i) + (N2072, F0, i)}
{(N105->N1599, F1, i) + (N1699->N2741, F1, i)}
{(N105->N1599, F1, i) + (N2741, F0, i)}
{(N1599, F1, i)(N214,1,i) + (N1486->N3049, F1, i)}
{(N1599, F1, i)(N214,1,i) + (N3049, F1, i)(N1869,1,i)}
{(N1599, F1, i)(N214,1,i) + (N1431->N1833, F1, i)}
{(N1599, F1, i)(N214,1,i) + (N1833, F1, i)(N1431,0,i)}
{(N1599, F1, i)(N214,1,i) + (N1159, F1, i)(N3430,1,i)}
{(N1599, F1, i)(N214,1,i) + (N1812, F1, i)}
{(N1599, F1, i)(N214,1,i) + (N500, F0, i)}
{(N1599, F1, i)(N214,1,i) + (N3408, F0, i)}
{(N1599, F1, i)(N214,1,i) + (N1872->N2072, F1, i)}
{(N1599, F1, i)(N214,1,i) + (N2072, F0, i)}
{(N1599, F1, i)(N214,1,i) + (N1699->N2741, F1, i)}
{(N1599, F1, i)(N214,1,i) + (N2741, F0, i)}
