{(N1799, F1, i)(N1598,1,i) + (N568, F1, i)(N960,1,i)}
{(N1799, F1, i)(N1598,1,i) + (N957, F1, i)}
{(N1799, F1, i)(N1598,1,i) + (N2170, F0, i)}
{(N1799, F1, i)(N1598,1,i) + (N850->N2504, F0, i)}
{(N1799, F1, i)(N1598,1,i) + (N2504, F0, i)}
{(N1799, F1, i)(N1598,1,i) + (N3327->N2977, F1, i)}
{(N1799, F1, i)(N1598,1,i) + (N2977, F0, i)}
{(N1799, F1, i)(N1598,1,i) + (N236->N2308, F1, i)}
{(N1799, F1, i)(N1598,1,i) + (N2308, F1, i)(N70,1,i)}
{(N3889, F1, i) + (N568, F1, i)(N960,1,i)}
{(N3889, F1, i) + (N957, F1, i)}
{(N3889, F1, i) + (N2170, F0, i)}
{(N3889, F1, i) + (N850->N2504, F0, i)}
{(N3889, F1, i) + (N2504, F0, i)}
{(N3889, F1, i) + (N3327->N2977, F1, i)}
{(N3889, F1, i) + (N2977, F0, i)}
{(N3889, F1, i) + (N236->N2308, F1, i)}
{(N3889, F1, i) + (N2308, F1, i)(N70,1,i)}
{(N3156, F0, i) + (N568, F1, i)(N960,1,i)}
{(N3156, F0, i) + (N957, F1, i)}
{(N3156, F0, i) + (N2170, F0, i)}
{(N3156, F0, i) + (N850->N2504, F0, i)}
{(N3156, F0, i) + (N2504, F0, i)}
{(N3156, F0, i) + (N3327->N2977, F1, i)}
{(N3156, F0, i) + (N2977, F0, i)}
{(N3156, F0, i) + (N236->N2308, F1, i)}
{(N3156, F0, i) + (N2308, F1, i)(N70,1,i)}
{(N2007->N556, F0, i) + (N568, F1, i)(N960,1,i)}
{(N2007->N556, F0, i) + (N957, F1, i)}
{(N2007->N556, F0, i) + (N2170, F0, i)}
{(N2007->N556, F0, i) + (N850->N2504, F0, i)}
{(N2007->N556, F0, i) + (N2504, F0, i)}
{(N2007->N556, F0, i) + (N3327->N2977, F1, i)}
{(N2007->N556, F0, i) + (N2977, F0, i)}
{(N2007->N556, F0, i) + (N236->N2308, F1, i)}
{(N2007->N556, F0, i) + (N2308, F1, i)(N70,1,i)}
{(N556, F0, i) + (N568, F1, i)(N960,1,i)}
{(N556, F0, i) + (N957, F1, i)}
{(N556, F0, i) + (N2170, F0, i)}
{(N556, F0, i) + (N850->N2504, F0, i)}
{(N556, F0, i) + (N2504, F0, i)}
{(N556, F0, i) + (N3327->N2977, F1, i)}
{(N556, F0, i) + (N2977, F0, i)}
{(N556, F0, i) + (N236->N2308, F1, i)}
{(N556, F0, i) + (N2308, F1, i)(N70,1,i)}
{(N677->N2562, F1, i) + (N568, F1, i)(N960,1,i)}
{(N677->N2562, F1, i) + (N957, F1, i)}
{(N677->N2562, F1, i) + (N2170, F0, i)}
{(N677->N2562, F1, i) + (N850->N2504, F0, i)}
{(N677->N2562, F1, i) + (N2504, F0, i)}
{(N677->N2562, F1, i) + (N3327->N2977, F1, i)}
{(N677->N2562, F1, i) + (N2977, F0, i)}
{(N677->N2562, F1, i) + (N236->N2308, F1, i)}
{(N677->N2562, F1, i) + (N2308, F1, i)(N70,1,i)}
{(N2562, F0, i) + (N568, F1, i)(N960,1,i)}
{(N2562, F0, i) + (N957, F1, i)}
{(N2562, F0, i) + (N2170, F0, i)}
{(N2562, F0, i) + (N850->N2504, F0, i)}
{(N2562, F0, i) + (N2504, F0, i)}
{(N2562, F0, i) + (N3327->N2977, F1, i)}
{(N2562, F0, i) + (N2977, F0, i)}
{(N2562, F0, i) + (N236->N2308, F1, i)}
{(N2562, F0, i) + (N2308, F1, i)(N70,1,i)}
{(N178->N1012, F1, i) + (N568, F1, i)(N960,1,i)}
{(N178->N1012, F1, i) + (N957, F1, i)}
{(N178->N1012, F1, i) + (N2170, F0, i)}
{(N178->N1012, F1, i) + (N850->N2504, F0, i)}
{(N178->N1012, F1, i) + (N2504, F0, i)}
{(N178->N1012, F1, i) + (N3327->N2977, F1, i)}
{(N178->N1012, F1, i) + (N2977, F0, i)}
{(N178->N1012, F1, i) + (N236->N2308, F1, i)}
{(N178->N1012, F1, i) + (N2308, F1, i)(N70,1,i)}
{(N1012, F1, i)(N13,1,i) + (N568, F1, i)(N960,1,i)}
{(N1012, F1, i)(N13,1,i) + (N957, F1, i)}
{(N1012, F1, i)(N13,1,i) + (N2170, F0, i)}
{(N1012, F1, i)(N13,1,i) + (N850->N2504, F0, i)}
{(N1012, F1, i)(N13,1,i) + (N2504, F0, i)}
{(N1012, F1, i)(N13,1,i) + (N3327->N2977, F1, i)}
{(N1012, F1, i)(N13,1,i) + (N2977, F0, i)}
{(N1012, F1, i)(N13,1,i) + (N236->N2308, F1, i)}
{(N1012, F1, i)(N13,1,i) + (N2308, F1, i)(N70,1,i)}
