{(N771, F1, i)(N538,1,i) + (N3559, F0, i)}
{(N771, F1, i)(N538,1,i) + (N14->N1123, F0, i)}
{(N771, F1, i)(N538,1,i) + (N190->N1123, F0, i)}
{(N771, F1, i)(N538,1,i) + (N1123, F0, i)}
{(N3062, F1, i) + (N3559, F0, i)}
{(N3062, F1, i) + (N14->N1123, F0, i)}
{(N3062, F1, i) + (N190->N1123, F0, i)}
{(N3062, F1, i) + (N1123, F0, i)}
{(N494, F0, i) + (N3559, F0, i)}
{(N494, F0, i) + (N14->N1123, F0, i)}
{(N494, F0, i) + (N190->N1123, F0, i)}
{(N494, F0, i) + (N1123, F0, i)}
{(N3936, F0, i) + (N3559, F0, i)}
{(N3936, F0, i) + (N14->N1123, F0, i)}
{(N3936, F0, i) + (N190->N1123, F0, i)}
{(N3936, F0, i) + (N1123, F0, i)}
{(N1195->N531, F1, i) + (N3559, F0, i)}
{(N1195->N531, F1, i) + (N14->N1123, F0, i)}
{(N1195->N531, F1, i) + (N190->N1123, F0, i)}
{(N1195->N531, F1, i) + (N1123, F0, i)}
{(N531, F0, i) + (N3559, F0, i)}
{(N531, F0, i) + (N14->N1123, F0, i)}
{(N531, F0, i) + (N190->N1123, F0, i)}
{(N531, F0, i) + (N1123, F0, i)}
{(N3940->N3737, F1, i) + (N3559, F0, i)}
{(N3940->N3737, F1, i) + (N14->N1123, F0, i)}
{(N3940->N3737, F1, i) + (N190->N1123, F0, i)}
{(N3940->N3737, F1, i) + (N1123, F0, i)}
{(N3737, F0, i) + (N3559, F0, i)}
{(N3737, F0, i) + (N14->N1123, F0, i)}
{(N3737, F0, i) + (N190->N1123, F0, i)}
{(N3737, F0, i) + (N1123, F0, i)}
