{(N1027->N1366, F1, i) + (N2889->N3551, F1, i)}
{(N1027->N1366, F1, i) + (N3551, F1, i)(N2889,0,i)}
{(N1027->N1366, F1, i) + (N1500->N2014, F1, i)}
{(N1027->N1366, F1, i) + (N2014, F1, i)(N1500,0,i)}
{(N1027->N1366, F1, i) + (N3462, F1, i)(N3481,1,i)}
{(N1027->N1366, F1, i) + (N989, F1, i)}
{(N1027->N1366, F1, i) + (N2049, F0, i)}
{(N1027->N1366, F1, i) + (N1297, F0, i)}
{(N1027->N1366, F1, i) + (N2240->N3325, F1, i)}
{(N1027->N1366, F1, i) + (N3325, F0, i)}
{(N1027->N1366, F1, i) + (N2021->N1670, F1, i)}
{(N1027->N1366, F1, i) + (N1670, F0, i)}
{(N1366, F1, i)(N1948,1,i) + (N2889->N3551, F1, i)}
{(N1366, F1, i)(N1948,1,i) + (N3551, F1, i)(N2889,0,i)}
{(N1366, F1, i)(N1948,1,i) + (N1500->N2014, F1, i)}
{(N1366, F1, i)(N1948,1,i) + (N2014, F1, i)(N1500,0,i)}
{(N1366, F1, i)(N1948,1,i) + (N3462, F1, i)(N3481,1,i)}
{(N1366, F1, i)(N1948,1,i) + (N989, F1, i)}
{(N1366, F1, i)(N1948,1,i) + (N2049, F0, i)}
{(N1366, F1, i)(N1948,1,i) + (N1297, F0, i)}
{(N1366, F1, i)(N1948,1,i) + (N2240->N3325, F1, i)}
{(N1366, F1, i)(N1948,1,i) + (N3325, F0, i)}
{(N1366, F1, i)(N1948,1,i) + (N2021->N1670, F1, i)}
{(N1366, F1, i)(N1948,1,i) + (N1670, F0, i)}
{(N2160->N2762, F1, i) + (N2889->N3551, F1, i)}
{(N2160->N2762, F1, i) + (N3551, F1, i)(N2889,0,i)}
{(N2160->N2762, F1, i) + (N1500->N2014, F1, i)}
{(N2160->N2762, F1, i) + (N2014, F1, i)(N1500,0,i)}
{(N2160->N2762, F1, i) + (N3462, F1, i)(N3481,1,i)}
{(N2160->N2762, F1, i) + (N989, F1, i)}
{(N2160->N2762, F1, i) + (N2049, F0, i)}
{(N2160->N2762, F1, i) + (N1297, F0, i)}
{(N2160->N2762, F1, i) + (N2240->N3325, F1, i)}
{(N2160->N2762, F1, i) + (N3325, F0, i)}
{(N2160->N2762, F1, i) + (N2021->N1670, F1, i)}
{(N2160->N2762, F1, i) + (N1670, F0, i)}
{(N2762, F1, i)(N1984,1,i) + (N2889->N3551, F1, i)}
{(N2762, F1, i)(N1984,1,i) + (N3551, F1, i)(N2889,0,i)}
{(N2762, F1, i)(N1984,1,i) + (N1500->N2014, F1, i)}
{(N2762, F1, i)(N1984,1,i) + (N2014, F1, i)(N1500,0,i)}
{(N2762, F1, i)(N1984,1,i) + (N3462, F1, i)(N3481,1,i)}
{(N2762, F1, i)(N1984,1,i) + (N989, F1, i)}
{(N2762, F1, i)(N1984,1,i) + (N2049, F0, i)}
{(N2762, F1, i)(N1984,1,i) + (N1297, F0, i)}
{(N2762, F1, i)(N1984,1,i) + (N2240->N3325, F1, i)}
{(N2762, F1, i)(N1984,1,i) + (N3325, F0, i)}
{(N2762, F1, i)(N1984,1,i) + (N2021->N1670, F1, i)}
{(N2762, F1, i)(N1984,1,i) + (N1670, F0, i)}
{(N1153, F1, i)(N3232,1,i) + (N2889->N3551, F1, i)}
{(N1153, F1, i)(N3232,1,i) + (N3551, F1, i)(N2889,0,i)}
{(N1153, F1, i)(N3232,1,i) + (N1500->N2014, F1, i)}
{(N1153, F1, i)(N3232,1,i) + (N2014, F1, i)(N1500,0,i)}
{(N1153, F1, i)(N3232,1,i) + (N3462, F1, i)(N3481,1,i)}
{(N1153, F1, i)(N3232,1,i) + (N989, F1, i)}
{(N1153, F1, i)(N3232,1,i) + (N2049, F0, i)}
{(N1153, F1, i)(N3232,1,i) + (N1297, F0, i)}
{(N1153, F1, i)(N3232,1,i) + (N2240->N3325, F1, i)}
{(N1153, F1, i)(N3232,1,i) + (N3325, F0, i)}
{(N1153, F1, i)(N3232,1,i) + (N2021->N1670, F1, i)}
{(N1153, F1, i)(N3232,1,i) + (N1670, F0, i)}
{(N3236, F1, i) + (N2889->N3551, F1, i)}
{(N3236, F1, i) + (N3551, F1, i)(N2889,0,i)}
{(N3236, F1, i) + (N1500->N2014, F1, i)}
{(N3236, F1, i) + (N2014, F1, i)(N1500,0,i)}
{(N3236, F1, i) + (N3462, F1, i)(N3481,1,i)}
{(N3236, F1, i) + (N989, F1, i)}
{(N3236, F1, i) + (N2049, F0, i)}
{(N3236, F1, i) + (N1297, F0, i)}
{(N3236, F1, i) + (N2240->N3325, F1, i)}
{(N3236, F1, i) + (N3325, F0, i)}
{(N3236, F1, i) + (N2021->N1670, F1, i)}
{(N3236, F1, i) + (N1670, F0, i)}
{(N2875, F0, i) + (N2889->N3551, F1, i)}
{(N2875, F0, i) + (N3551, F1, i)(N2889,0,i)}
{(N2875, F0, i) + (N1500->N2014, F1, i)}
{(N2875, F0, i) + (N2014, F1, i)(N1500,0,i)}
{(N2875, F0, i) + (N3462, F1, i)(N3481,1,i)}
{(N2875, F0, i) + (N989, F1, i)}
{(N2875, F0, i) + (N2049, F0, i)}
{(N2875, F0, i) + (N1297, F0, i)}
{(N2875, F0, i) + (N2240->N3325, F1, i)}
{(N2875, F0, i) + (N3325, F0, i)}
{(N2875, F0, i) + (N2021->N1670, F1, i)}
{(N2875, F0, i) + (N1670, F0, i)}
{(N1172, F0, i) + (N2889->N3551, F1, i)}
{(N1172, F0, i) + (N3551, F1, i)(N2889,0,i)}
{(N1172, F0, i) + (N1500->N2014, F1, i)}
{(N1172, F0, i) + (N2014, F1, i)(N1500,0,i)}
{(N1172, F0, i) + (N3462, F1, i)(N3481,1,i)}
{(N1172, F0, i) + (N989, F1, i)}
{(N1172, F0, i) + (N2049, F0, i)}
{(N1172, F0, i) + (N1297, F0, i)}
{(N1172, F0, i) + (N2240->N3325, F1, i)}
{(N1172, F0, i) + (N3325, F0, i)}
{(N1172, F0, i) + (N2021->N1670, F1, i)}
{(N1172, F0, i) + (N1670, F0, i)}
{(N615->N1700, F1, i) + (N2889->N3551, F1, i)}
{(N615->N1700, F1, i) + (N3551, F1, i)(N2889,0,i)}
{(N615->N1700, F1, i) + (N1500->N2014, F1, i)}
{(N615->N1700, F1, i) + (N2014, F1, i)(N1500,0,i)}
{(N615->N1700, F1, i) + (N3462, F1, i)(N3481,1,i)}
{(N615->N1700, F1, i) + (N989, F1, i)}
{(N615->N1700, F1, i) + (N2049, F0, i)}
{(N615->N1700, F1, i) + (N1297, F0, i)}
{(N615->N1700, F1, i) + (N2240->N3325, F1, i)}
{(N615->N1700, F1, i) + (N3325, F0, i)}
{(N615->N1700, F1, i) + (N2021->N1670, F1, i)}
{(N615->N1700, F1, i) + (N1670, F0, i)}
{(N1700, F0, i) + (N2889->N3551, F1, i)}
{(N1700, F0, i) + (N3551, F1, i)(N2889,0,i)}
{(N1700, F0, i) + (N1500->N2014, F1, i)}
{(N1700, F0, i) + (N2014, F1, i)(N1500,0,i)}
{(N1700, F0, i) + (N3462, F1, i)(N3481,1,i)}
{(N1700, F0, i) + (N989, F1, i)}
{(N1700, F0, i) + (N2049, F0, i)}
{(N1700, F0, i) + (N1297, F0, i)}
{(N1700, F0, i) + (N2240->N3325, F1, i)}
{(N1700, F0, i) + (N3325, F0, i)}
{(N1700, F0, i) + (N2021->N1670, F1, i)}
{(N1700, F0, i) + (N1670, F0, i)}
{(N2381->N2252, F1, i) + (N2889->N3551, F1, i)}
{(N2381->N2252, F1, i) + (N3551, F1, i)(N2889,0,i)}
{(N2381->N2252, F1, i) + (N1500->N2014, F1, i)}
{(N2381->N2252, F1, i) + (N2014, F1, i)(N1500,0,i)}
{(N2381->N2252, F1, i) + (N3462, F1, i)(N3481,1,i)}
{(N2381->N2252, F1, i) + (N989, F1, i)}
{(N2381->N2252, F1, i) + (N2049, F0, i)}
{(N2381->N2252, F1, i) + (N1297, F0, i)}
{(N2381->N2252, F1, i) + (N2240->N3325, F1, i)}
{(N2381->N2252, F1, i) + (N3325, F0, i)}
{(N2381->N2252, F1, i) + (N2021->N1670, F1, i)}
{(N2381->N2252, F1, i) + (N1670, F0, i)}
{(N2252, F0, i) + (N2889->N3551, F1, i)}
{(N2252, F0, i) + (N3551, F1, i)(N2889,0,i)}
{(N2252, F0, i) + (N1500->N2014, F1, i)}
{(N2252, F0, i) + (N2014, F1, i)(N1500,0,i)}
{(N2252, F0, i) + (N3462, F1, i)(N3481,1,i)}
{(N2252, F0, i) + (N989, F1, i)}
{(N2252, F0, i) + (N2049, F0, i)}
{(N2252, F0, i) + (N1297, F0, i)}
{(N2252, F0, i) + (N2240->N3325, F1, i)}
{(N2252, F0, i) + (N3325, F0, i)}
{(N2252, F0, i) + (N2021->N1670, F1, i)}
{(N2252, F0, i) + (N1670, F0, i)}
