{(N3311, F0, i) + (N1133, F1, i)(N3229,0,i)}
{(N3311, F0, i) + (N3229, F1, i)}
{(N3311, F0, i) + (N1237, F0, i)}
{(N3311, F0, i) + (N3434->N1357, F0, i)}
{(N3311, F0, i) + (N1357, F0, i)}
{(N3311, F0, i) + (N2494->N551, F1, i)}
{(N3311, F0, i) + (N551, F0, i)}
{(N3311, F0, i) + (N75->N925, F1, i)}
{(N3311, F0, i) + (N925, F1, i)(N79,1,i)}
{(N906, F0, i) + (N1133, F1, i)(N3229,0,i)}
{(N906, F0, i) + (N3229, F1, i)}
{(N906, F0, i) + (N1237, F0, i)}
{(N906, F0, i) + (N3434->N1357, F0, i)}
{(N906, F0, i) + (N1357, F0, i)}
{(N906, F0, i) + (N2494->N551, F1, i)}
{(N906, F0, i) + (N551, F0, i)}
{(N906, F0, i) + (N75->N925, F1, i)}
{(N906, F0, i) + (N925, F1, i)(N79,1,i)}
{(N1868->N2630, F1, i) + (N1133, F1, i)(N3229,0,i)}
{(N1868->N2630, F1, i) + (N3229, F1, i)}
{(N1868->N2630, F1, i) + (N1237, F0, i)}
{(N1868->N2630, F1, i) + (N3434->N1357, F0, i)}
{(N1868->N2630, F1, i) + (N1357, F0, i)}
{(N1868->N2630, F1, i) + (N2494->N551, F1, i)}
{(N1868->N2630, F1, i) + (N551, F0, i)}
{(N1868->N2630, F1, i) + (N75->N925, F1, i)}
{(N1868->N2630, F1, i) + (N925, F1, i)(N79,1,i)}
{(N2630, F0, i) + (N1133, F1, i)(N3229,0,i)}
{(N2630, F0, i) + (N3229, F1, i)}
{(N2630, F0, i) + (N1237, F0, i)}
{(N2630, F0, i) + (N3434->N1357, F0, i)}
{(N2630, F0, i) + (N1357, F0, i)}
{(N2630, F0, i) + (N2494->N551, F1, i)}
{(N2630, F0, i) + (N551, F0, i)}
{(N2630, F0, i) + (N75->N925, F1, i)}
{(N2630, F0, i) + (N925, F1, i)(N79,1,i)}
{(N2518->N3581, F1, i) + (N1133, F1, i)(N3229,0,i)}
{(N2518->N3581, F1, i) + (N3229, F1, i)}
{(N2518->N3581, F1, i) + (N1237, F0, i)}
{(N2518->N3581, F1, i) + (N3434->N1357, F0, i)}
{(N2518->N3581, F1, i) + (N1357, F0, i)}
{(N2518->N3581, F1, i) + (N2494->N551, F1, i)}
{(N2518->N3581, F1, i) + (N551, F0, i)}
{(N2518->N3581, F1, i) + (N75->N925, F1, i)}
{(N2518->N3581, F1, i) + (N925, F1, i)(N79,1,i)}
{(N3581, F0, i) + (N1133, F1, i)(N3229,0,i)}
{(N3581, F0, i) + (N3229, F1, i)}
{(N3581, F0, i) + (N1237, F0, i)}
{(N3581, F0, i) + (N3434->N1357, F0, i)}
{(N3581, F0, i) + (N1357, F0, i)}
{(N3581, F0, i) + (N2494->N551, F1, i)}
{(N3581, F0, i) + (N551, F0, i)}
{(N3581, F0, i) + (N75->N925, F1, i)}
{(N3581, F0, i) + (N925, F1, i)(N79,1,i)}
