{(N3939, F0, i) + (N577, F1, i)(N3384,1,i)}
{(N3939, F0, i) + (N2980, F1, i)}
{(N3939, F0, i) + (N2903, F0, i)}
{(N3939, F0, i) + (N910->N842, F0, i)}
{(N3939, F0, i) + (N842, F0, i)}
{(N3939, F0, i) + (N1505->N1147, F1, i)}
{(N3939, F0, i) + (N1147, F0, i)}
{(N3939, F0, i) + (N238->N1145, F1, i)}
{(N3939, F0, i) + (N1145, F1, i)(N78,1,i)}
{(N185->N3928, F0, i) + (N577, F1, i)(N3384,1,i)}
{(N185->N3928, F0, i) + (N2980, F1, i)}
{(N185->N3928, F0, i) + (N2903, F0, i)}
{(N185->N3928, F0, i) + (N910->N842, F0, i)}
{(N185->N3928, F0, i) + (N842, F0, i)}
{(N185->N3928, F0, i) + (N1505->N1147, F1, i)}
{(N185->N3928, F0, i) + (N1147, F0, i)}
{(N185->N3928, F0, i) + (N238->N1145, F1, i)}
{(N185->N3928, F0, i) + (N1145, F1, i)(N78,1,i)}
{(N144->N3928, F0, i) + (N577, F1, i)(N3384,1,i)}
{(N144->N3928, F0, i) + (N2980, F1, i)}
{(N144->N3928, F0, i) + (N2903, F0, i)}
{(N144->N3928, F0, i) + (N910->N842, F0, i)}
{(N144->N3928, F0, i) + (N842, F0, i)}
{(N144->N3928, F0, i) + (N1505->N1147, F1, i)}
{(N144->N3928, F0, i) + (N1147, F0, i)}
{(N144->N3928, F0, i) + (N238->N1145, F1, i)}
{(N144->N3928, F0, i) + (N1145, F1, i)(N78,1,i)}
{(N3928, F0, i) + (N577, F1, i)(N3384,1,i)}
{(N3928, F0, i) + (N2980, F1, i)}
{(N3928, F0, i) + (N2903, F0, i)}
{(N3928, F0, i) + (N910->N842, F0, i)}
{(N3928, F0, i) + (N842, F0, i)}
{(N3928, F0, i) + (N1505->N1147, F1, i)}
{(N3928, F0, i) + (N1147, F0, i)}
{(N3928, F0, i) + (N238->N1145, F1, i)}
{(N3928, F0, i) + (N1145, F1, i)(N78,1,i)}
