{(N2314, F0, i) + (N3380, F1, i)(N2283,0,i)}
{(N2314, F0, i) + (N2283, F1, i)}
{(N2314, F0, i) + (N3364, F0, i)}
{(N2314, F0, i) + (N2639->N3557, F0, i)}
{(N2314, F0, i) + (N3557, F0, i)}
{(N2314, F0, i) + (N2224->N1091, F1, i)}
{(N2314, F0, i) + (N1091, F0, i)}
{(N2314, F0, i) + (N219->N2750, F1, i)}
{(N2314, F0, i) + (N2750, F1, i)(N108,1,i)}
{(N98->N940, F0, i) + (N3380, F1, i)(N2283,0,i)}
{(N98->N940, F0, i) + (N2283, F1, i)}
{(N98->N940, F0, i) + (N3364, F0, i)}
{(N98->N940, F0, i) + (N2639->N3557, F0, i)}
{(N98->N940, F0, i) + (N3557, F0, i)}
{(N98->N940, F0, i) + (N2224->N1091, F1, i)}
{(N98->N940, F0, i) + (N1091, F0, i)}
{(N98->N940, F0, i) + (N219->N2750, F1, i)}
{(N98->N940, F0, i) + (N2750, F1, i)(N108,1,i)}
{(N209->N940, F0, i) + (N3380, F1, i)(N2283,0,i)}
{(N209->N940, F0, i) + (N2283, F1, i)}
{(N209->N940, F0, i) + (N3364, F0, i)}
{(N209->N940, F0, i) + (N2639->N3557, F0, i)}
{(N209->N940, F0, i) + (N3557, F0, i)}
{(N209->N940, F0, i) + (N2224->N1091, F1, i)}
{(N209->N940, F0, i) + (N1091, F0, i)}
{(N209->N940, F0, i) + (N219->N2750, F1, i)}
{(N209->N940, F0, i) + (N2750, F1, i)(N108,1,i)}
{(N940, F0, i) + (N3380, F1, i)(N2283,0,i)}
{(N940, F0, i) + (N2283, F1, i)}
{(N940, F0, i) + (N3364, F0, i)}
{(N940, F0, i) + (N2639->N3557, F0, i)}
{(N940, F0, i) + (N3557, F0, i)}
{(N940, F0, i) + (N2224->N1091, F1, i)}
{(N940, F0, i) + (N1091, F0, i)}
{(N940, F0, i) + (N219->N2750, F1, i)}
{(N940, F0, i) + (N2750, F1, i)(N108,1,i)}
