{(N2054, F1, i)(N2204,0,i) + (N3065, F1, i)(N901,0,i)}
{(N2054, F1, i)(N2204,0,i) + (N901, F1, i)}
{(N2054, F1, i)(N2204,0,i) + (N1975, F0, i)}
{(N2054, F1, i)(N2204,0,i) + (N2821, F0, i)}
{(N2054, F1, i)(N2204,0,i) + (N1920->N1185, F1, i)}
{(N2054, F1, i)(N2204,0,i) + (N1185, F0, i)}
{(N2054, F1, i)(N2204,0,i) + (N1746->N1610, F1, i)}
{(N2054, F1, i)(N2204,0,i) + (N1610, F0, i)}
{(N2204, F1, i) + (N3065, F1, i)(N901,0,i)}
{(N2204, F1, i) + (N901, F1, i)}
{(N2204, F1, i) + (N1975, F0, i)}
{(N2204, F1, i) + (N2821, F0, i)}
{(N2204, F1, i) + (N1920->N1185, F1, i)}
{(N2204, F1, i) + (N1185, F0, i)}
{(N2204, F1, i) + (N1746->N1610, F1, i)}
{(N2204, F1, i) + (N1610, F0, i)}
{(N912, F0, i) + (N3065, F1, i)(N901,0,i)}
{(N912, F0, i) + (N901, F1, i)}
{(N912, F0, i) + (N1975, F0, i)}
{(N912, F0, i) + (N2821, F0, i)}
{(N912, F0, i) + (N1920->N1185, F1, i)}
{(N912, F0, i) + (N1185, F0, i)}
{(N912, F0, i) + (N1746->N1610, F1, i)}
{(N912, F0, i) + (N1610, F0, i)}
{(N3790, F0, i) + (N3065, F1, i)(N901,0,i)}
{(N3790, F0, i) + (N901, F1, i)}
{(N3790, F0, i) + (N1975, F0, i)}
{(N3790, F0, i) + (N2821, F0, i)}
{(N3790, F0, i) + (N1920->N1185, F1, i)}
{(N3790, F0, i) + (N1185, F0, i)}
{(N3790, F0, i) + (N1746->N1610, F1, i)}
{(N3790, F0, i) + (N1610, F0, i)}
{(N2599->N1405, F1, i) + (N3065, F1, i)(N901,0,i)}
{(N2599->N1405, F1, i) + (N901, F1, i)}
{(N2599->N1405, F1, i) + (N1975, F0, i)}
{(N2599->N1405, F1, i) + (N2821, F0, i)}
{(N2599->N1405, F1, i) + (N1920->N1185, F1, i)}
{(N2599->N1405, F1, i) + (N1185, F0, i)}
{(N2599->N1405, F1, i) + (N1746->N1610, F1, i)}
{(N2599->N1405, F1, i) + (N1610, F0, i)}
{(N1405, F0, i) + (N3065, F1, i)(N901,0,i)}
{(N1405, F0, i) + (N901, F1, i)}
{(N1405, F0, i) + (N1975, F0, i)}
{(N1405, F0, i) + (N2821, F0, i)}
{(N1405, F0, i) + (N1920->N1185, F1, i)}
{(N1405, F0, i) + (N1185, F0, i)}
{(N1405, F0, i) + (N1746->N1610, F1, i)}
{(N1405, F0, i) + (N1610, F0, i)}
{(N1168->N2119, F1, i) + (N3065, F1, i)(N901,0,i)}
{(N1168->N2119, F1, i) + (N901, F1, i)}
{(N1168->N2119, F1, i) + (N1975, F0, i)}
{(N1168->N2119, F1, i) + (N2821, F0, i)}
{(N1168->N2119, F1, i) + (N1920->N1185, F1, i)}
{(N1168->N2119, F1, i) + (N1185, F0, i)}
{(N1168->N2119, F1, i) + (N1746->N1610, F1, i)}
{(N1168->N2119, F1, i) + (N1610, F0, i)}
{(N2119, F0, i) + (N3065, F1, i)(N901,0,i)}
{(N2119, F0, i) + (N901, F1, i)}
{(N2119, F0, i) + (N1975, F0, i)}
{(N2119, F0, i) + (N2821, F0, i)}
{(N2119, F0, i) + (N1920->N1185, F1, i)}
{(N2119, F0, i) + (N1185, F0, i)}
{(N2119, F0, i) + (N1746->N1610, F1, i)}
{(N2119, F0, i) + (N1610, F0, i)}
