{(N2029, F1, i)(N2852,0,i) + (N2010, F1, i)(N2553,0,i)}
{(N2029, F1, i)(N2852,0,i) + (N2553, F1, i)}
{(N2029, F1, i)(N2852,0,i) + (N3242, F0, i)}
{(N2029, F1, i)(N2852,0,i) + (N3615->N3209, F0, i)}
{(N2029, F1, i)(N2852,0,i) + (N3209, F0, i)}
{(N2029, F1, i)(N2852,0,i) + (N3782->N3334, F1, i)}
{(N2029, F1, i)(N2852,0,i) + (N3334, F0, i)}
{(N2029, F1, i)(N2852,0,i) + (N116->N2379, F1, i)}
{(N2029, F1, i)(N2852,0,i) + (N2379, F1, i)(N45,1,i)}
{(N2852, F1, i) + (N2010, F1, i)(N2553,0,i)}
{(N2852, F1, i) + (N2553, F1, i)}
{(N2852, F1, i) + (N3242, F0, i)}
{(N2852, F1, i) + (N3615->N3209, F0, i)}
{(N2852, F1, i) + (N3209, F0, i)}
{(N2852, F1, i) + (N3782->N3334, F1, i)}
{(N2852, F1, i) + (N3334, F0, i)}
{(N2852, F1, i) + (N116->N2379, F1, i)}
{(N2852, F1, i) + (N2379, F1, i)(N45,1,i)}
{(N425, F0, i) + (N2010, F1, i)(N2553,0,i)}
{(N425, F0, i) + (N2553, F1, i)}
{(N425, F0, i) + (N3242, F0, i)}
{(N425, F0, i) + (N3615->N3209, F0, i)}
{(N425, F0, i) + (N3209, F0, i)}
{(N425, F0, i) + (N3782->N3334, F1, i)}
{(N425, F0, i) + (N3334, F0, i)}
{(N425, F0, i) + (N116->N2379, F1, i)}
{(N425, F0, i) + (N2379, F1, i)(N45,1,i)}
{(N3346->N1222, F0, i) + (N2010, F1, i)(N2553,0,i)}
{(N3346->N1222, F0, i) + (N2553, F1, i)}
{(N3346->N1222, F0, i) + (N3242, F0, i)}
{(N3346->N1222, F0, i) + (N3615->N3209, F0, i)}
{(N3346->N1222, F0, i) + (N3209, F0, i)}
{(N3346->N1222, F0, i) + (N3782->N3334, F1, i)}
{(N3346->N1222, F0, i) + (N3334, F0, i)}
{(N3346->N1222, F0, i) + (N116->N2379, F1, i)}
{(N3346->N1222, F0, i) + (N2379, F1, i)(N45,1,i)}
{(N1222, F0, i) + (N2010, F1, i)(N2553,0,i)}
{(N1222, F0, i) + (N2553, F1, i)}
{(N1222, F0, i) + (N3242, F0, i)}
{(N1222, F0, i) + (N3615->N3209, F0, i)}
{(N1222, F0, i) + (N3209, F0, i)}
{(N1222, F0, i) + (N3782->N3334, F1, i)}
{(N1222, F0, i) + (N3334, F0, i)}
{(N1222, F0, i) + (N116->N2379, F1, i)}
{(N1222, F0, i) + (N2379, F1, i)(N45,1,i)}
{(N1258->N3590, F1, i) + (N2010, F1, i)(N2553,0,i)}
{(N1258->N3590, F1, i) + (N2553, F1, i)}
{(N1258->N3590, F1, i) + (N3242, F0, i)}
{(N1258->N3590, F1, i) + (N3615->N3209, F0, i)}
{(N1258->N3590, F1, i) + (N3209, F0, i)}
{(N1258->N3590, F1, i) + (N3782->N3334, F1, i)}
{(N1258->N3590, F1, i) + (N3334, F0, i)}
{(N1258->N3590, F1, i) + (N116->N2379, F1, i)}
{(N1258->N3590, F1, i) + (N2379, F1, i)(N45,1,i)}
{(N3590, F0, i) + (N2010, F1, i)(N2553,0,i)}
{(N3590, F0, i) + (N2553, F1, i)}
{(N3590, F0, i) + (N3242, F0, i)}
{(N3590, F0, i) + (N3615->N3209, F0, i)}
{(N3590, F0, i) + (N3209, F0, i)}
{(N3590, F0, i) + (N3782->N3334, F1, i)}
{(N3590, F0, i) + (N3334, F0, i)}
{(N3590, F0, i) + (N116->N2379, F1, i)}
{(N3590, F0, i) + (N2379, F1, i)(N45,1,i)}
{(N229->N2190, F1, i) + (N2010, F1, i)(N2553,0,i)}
{(N229->N2190, F1, i) + (N2553, F1, i)}
{(N229->N2190, F1, i) + (N3242, F0, i)}
{(N229->N2190, F1, i) + (N3615->N3209, F0, i)}
{(N229->N2190, F1, i) + (N3209, F0, i)}
{(N229->N2190, F1, i) + (N3782->N3334, F1, i)}
{(N229->N2190, F1, i) + (N3334, F0, i)}
{(N229->N2190, F1, i) + (N116->N2379, F1, i)}
{(N229->N2190, F1, i) + (N2379, F1, i)(N45,1,i)}
{(N2190, F1, i)(N184,1,i) + (N2010, F1, i)(N2553,0,i)}
{(N2190, F1, i)(N184,1,i) + (N2553, F1, i)}
{(N2190, F1, i)(N184,1,i) + (N3242, F0, i)}
{(N2190, F1, i)(N184,1,i) + (N3615->N3209, F0, i)}
{(N2190, F1, i)(N184,1,i) + (N3209, F0, i)}
{(N2190, F1, i)(N184,1,i) + (N3782->N3334, F1, i)}
{(N2190, F1, i)(N184,1,i) + (N3334, F0, i)}
{(N2190, F1, i)(N184,1,i) + (N116->N2379, F1, i)}
{(N2190, F1, i)(N184,1,i) + (N2379, F1, i)(N45,1,i)}
