{(N1763, F0, i) + (N1106, F1, i)(N1059,1,i)}
{(N1763, F0, i) + (N1676, F1, i)}
{(N1763, F0, i) + (N1945, F0, i)}
{(N1763, F0, i) + (N1385->N3825, F0, i)}
{(N1763, F0, i) + (N3825, F0, i)}
{(N1763, F0, i) + (N654->N3910, F1, i)}
{(N1763, F0, i) + (N3910, F0, i)}
{(N1763, F0, i) + (N191->N3804, F1, i)}
{(N1763, F0, i) + (N3804, F1, i)(N123,1,i)}
{(N399, F0, i) + (N1106, F1, i)(N1059,1,i)}
{(N399, F0, i) + (N1676, F1, i)}
{(N399, F0, i) + (N1945, F0, i)}
{(N399, F0, i) + (N1385->N3825, F0, i)}
{(N399, F0, i) + (N3825, F0, i)}
{(N399, F0, i) + (N654->N3910, F1, i)}
{(N399, F0, i) + (N3910, F0, i)}
{(N399, F0, i) + (N191->N3804, F1, i)}
{(N399, F0, i) + (N3804, F1, i)(N123,1,i)}
{(N2642->N2886, F1, i) + (N1106, F1, i)(N1059,1,i)}
{(N2642->N2886, F1, i) + (N1676, F1, i)}
{(N2642->N2886, F1, i) + (N1945, F0, i)}
{(N2642->N2886, F1, i) + (N1385->N3825, F0, i)}
{(N2642->N2886, F1, i) + (N3825, F0, i)}
{(N2642->N2886, F1, i) + (N654->N3910, F1, i)}
{(N2642->N2886, F1, i) + (N3910, F0, i)}
{(N2642->N2886, F1, i) + (N191->N3804, F1, i)}
{(N2642->N2886, F1, i) + (N3804, F1, i)(N123,1,i)}
{(N2886, F0, i) + (N1106, F1, i)(N1059,1,i)}
{(N2886, F0, i) + (N1676, F1, i)}
{(N2886, F0, i) + (N1945, F0, i)}
{(N2886, F0, i) + (N1385->N3825, F0, i)}
{(N2886, F0, i) + (N3825, F0, i)}
{(N2886, F0, i) + (N654->N3910, F1, i)}
{(N2886, F0, i) + (N3910, F0, i)}
{(N2886, F0, i) + (N191->N3804, F1, i)}
{(N2886, F0, i) + (N3804, F1, i)(N123,1,i)}
{(N2050->N1213, F1, i) + (N1106, F1, i)(N1059,1,i)}
{(N2050->N1213, F1, i) + (N1676, F1, i)}
{(N2050->N1213, F1, i) + (N1945, F0, i)}
{(N2050->N1213, F1, i) + (N1385->N3825, F0, i)}
{(N2050->N1213, F1, i) + (N3825, F0, i)}
{(N2050->N1213, F1, i) + (N654->N3910, F1, i)}
{(N2050->N1213, F1, i) + (N3910, F0, i)}
{(N2050->N1213, F1, i) + (N191->N3804, F1, i)}
{(N2050->N1213, F1, i) + (N3804, F1, i)(N123,1,i)}
{(N1213, F0, i) + (N1106, F1, i)(N1059,1,i)}
{(N1213, F0, i) + (N1676, F1, i)}
{(N1213, F0, i) + (N1945, F0, i)}
{(N1213, F0, i) + (N1385->N3825, F0, i)}
{(N1213, F0, i) + (N3825, F0, i)}
{(N1213, F0, i) + (N654->N3910, F1, i)}
{(N1213, F0, i) + (N3910, F0, i)}
{(N1213, F0, i) + (N191->N3804, F1, i)}
{(N1213, F0, i) + (N3804, F1, i)(N123,1,i)}
