{(N3077, F1, i)(N2715,1,i) + (N3145, F1, i)(N2278,1,i)}
{(N3077, F1, i)(N2715,1,i) + (N2422, F1, i)}
{(N3077, F1, i)(N2715,1,i) + (N433, F0, i)}
{(N3077, F1, i)(N2715,1,i) + (N3187, F0, i)}
{(N3077, F1, i)(N2715,1,i) + (N3365->N2265, F1, i)}
{(N3077, F1, i)(N2715,1,i) + (N2265, F0, i)}
{(N3077, F1, i)(N2715,1,i) + (N1022->N3686, F1, i)}
{(N3077, F1, i)(N2715,1,i) + (N3686, F0, i)}
{(N2175, F1, i) + (N3145, F1, i)(N2278,1,i)}
{(N2175, F1, i) + (N2422, F1, i)}
{(N2175, F1, i) + (N433, F0, i)}
{(N2175, F1, i) + (N3187, F0, i)}
{(N2175, F1, i) + (N3365->N2265, F1, i)}
{(N2175, F1, i) + (N2265, F0, i)}
{(N2175, F1, i) + (N1022->N3686, F1, i)}
{(N2175, F1, i) + (N3686, F0, i)}
{(N1312, F0, i) + (N3145, F1, i)(N2278,1,i)}
{(N1312, F0, i) + (N2422, F1, i)}
{(N1312, F0, i) + (N433, F0, i)}
{(N1312, F0, i) + (N3187, F0, i)}
{(N1312, F0, i) + (N3365->N2265, F1, i)}
{(N1312, F0, i) + (N2265, F0, i)}
{(N1312, F0, i) + (N1022->N3686, F1, i)}
{(N1312, F0, i) + (N3686, F0, i)}
{(N907->N1249, F0, i) + (N3145, F1, i)(N2278,1,i)}
{(N907->N1249, F0, i) + (N2422, F1, i)}
{(N907->N1249, F0, i) + (N433, F0, i)}
{(N907->N1249, F0, i) + (N3187, F0, i)}
{(N907->N1249, F0, i) + (N3365->N2265, F1, i)}
{(N907->N1249, F0, i) + (N2265, F0, i)}
{(N907->N1249, F0, i) + (N1022->N3686, F1, i)}
{(N907->N1249, F0, i) + (N3686, F0, i)}
{(N1249, F0, i) + (N3145, F1, i)(N2278,1,i)}
{(N1249, F0, i) + (N2422, F1, i)}
{(N1249, F0, i) + (N433, F0, i)}
{(N1249, F0, i) + (N3187, F0, i)}
{(N1249, F0, i) + (N3365->N2265, F1, i)}
{(N1249, F0, i) + (N2265, F0, i)}
{(N1249, F0, i) + (N1022->N3686, F1, i)}
{(N1249, F0, i) + (N3686, F0, i)}
{(N2200->N1351, F1, i) + (N3145, F1, i)(N2278,1,i)}
{(N2200->N1351, F1, i) + (N2422, F1, i)}
{(N2200->N1351, F1, i) + (N433, F0, i)}
{(N2200->N1351, F1, i) + (N3187, F0, i)}
{(N2200->N1351, F1, i) + (N3365->N2265, F1, i)}
{(N2200->N1351, F1, i) + (N2265, F0, i)}
{(N2200->N1351, F1, i) + (N1022->N3686, F1, i)}
{(N2200->N1351, F1, i) + (N3686, F0, i)}
{(N1351, F0, i) + (N3145, F1, i)(N2278,1,i)}
{(N1351, F0, i) + (N2422, F1, i)}
{(N1351, F0, i) + (N433, F0, i)}
{(N1351, F0, i) + (N3187, F0, i)}
{(N1351, F0, i) + (N3365->N2265, F1, i)}
{(N1351, F0, i) + (N2265, F0, i)}
{(N1351, F0, i) + (N1022->N3686, F1, i)}
{(N1351, F0, i) + (N3686, F0, i)}
{(N130->N1005, F1, i) + (N3145, F1, i)(N2278,1,i)}
{(N130->N1005, F1, i) + (N2422, F1, i)}
{(N130->N1005, F1, i) + (N433, F0, i)}
{(N130->N1005, F1, i) + (N3187, F0, i)}
{(N130->N1005, F1, i) + (N3365->N2265, F1, i)}
{(N130->N1005, F1, i) + (N2265, F0, i)}
{(N130->N1005, F1, i) + (N1022->N3686, F1, i)}
{(N130->N1005, F1, i) + (N3686, F0, i)}
{(N1005, F1, i)(N136,1,i) + (N3145, F1, i)(N2278,1,i)}
{(N1005, F1, i)(N136,1,i) + (N2422, F1, i)}
{(N1005, F1, i)(N136,1,i) + (N433, F0, i)}
{(N1005, F1, i)(N136,1,i) + (N3187, F0, i)}
{(N1005, F1, i)(N136,1,i) + (N3365->N2265, F1, i)}
{(N1005, F1, i)(N136,1,i) + (N2265, F0, i)}
{(N1005, F1, i)(N136,1,i) + (N1022->N3686, F1, i)}
{(N1005, F1, i)(N136,1,i) + (N3686, F0, i)}
