{(N3314, F0, i) + (N74->N844, F1, i)}
{(N3314, F0, i) + (N844, F1, i)(N34,1,i)}
{(N3314, F0, i) + (N3372, F1, i)(N2654,1,i)}
{(N3314, F0, i) + (N3818, F1, i)}
{(N3314, F0, i) + (N1925, F0, i)}
{(N3314, F0, i) + (N2702->N1696, F0, i)}
{(N3314, F0, i) + (N1696, F0, i)}
{(N3314, F0, i) + (N3478->N2944, F1, i)}
{(N3314, F0, i) + (N2944, F0, i)}
{(N734, F0, i) + (N74->N844, F1, i)}
{(N734, F0, i) + (N844, F1, i)(N34,1,i)}
{(N734, F0, i) + (N3372, F1, i)(N2654,1,i)}
{(N734, F0, i) + (N3818, F1, i)}
{(N734, F0, i) + (N1925, F0, i)}
{(N734, F0, i) + (N2702->N1696, F0, i)}
{(N734, F0, i) + (N1696, F0, i)}
{(N734, F0, i) + (N3478->N2944, F1, i)}
{(N734, F0, i) + (N2944, F0, i)}
{(N747->N788, F1, i) + (N74->N844, F1, i)}
{(N747->N788, F1, i) + (N844, F1, i)(N34,1,i)}
{(N747->N788, F1, i) + (N3372, F1, i)(N2654,1,i)}
{(N747->N788, F1, i) + (N3818, F1, i)}
{(N747->N788, F1, i) + (N1925, F0, i)}
{(N747->N788, F1, i) + (N2702->N1696, F0, i)}
{(N747->N788, F1, i) + (N1696, F0, i)}
{(N747->N788, F1, i) + (N3478->N2944, F1, i)}
{(N747->N788, F1, i) + (N2944, F0, i)}
{(N788, F0, i) + (N74->N844, F1, i)}
{(N788, F0, i) + (N844, F1, i)(N34,1,i)}
{(N788, F0, i) + (N3372, F1, i)(N2654,1,i)}
{(N788, F0, i) + (N3818, F1, i)}
{(N788, F0, i) + (N1925, F0, i)}
{(N788, F0, i) + (N2702->N1696, F0, i)}
{(N788, F0, i) + (N1696, F0, i)}
{(N788, F0, i) + (N3478->N2944, F1, i)}
{(N788, F0, i) + (N2944, F0, i)}
{(N2137->N3000, F1, i) + (N74->N844, F1, i)}
{(N2137->N3000, F1, i) + (N844, F1, i)(N34,1,i)}
{(N2137->N3000, F1, i) + (N3372, F1, i)(N2654,1,i)}
{(N2137->N3000, F1, i) + (N3818, F1, i)}
{(N2137->N3000, F1, i) + (N1925, F0, i)}
{(N2137->N3000, F1, i) + (N2702->N1696, F0, i)}
{(N2137->N3000, F1, i) + (N1696, F0, i)}
{(N2137->N3000, F1, i) + (N3478->N2944, F1, i)}
{(N2137->N3000, F1, i) + (N2944, F0, i)}
{(N3000, F0, i) + (N74->N844, F1, i)}
{(N3000, F0, i) + (N844, F1, i)(N34,1,i)}
{(N3000, F0, i) + (N3372, F1, i)(N2654,1,i)}
{(N3000, F0, i) + (N3818, F1, i)}
{(N3000, F0, i) + (N1925, F0, i)}
{(N3000, F0, i) + (N2702->N1696, F0, i)}
{(N3000, F0, i) + (N1696, F0, i)}
{(N3000, F0, i) + (N3478->N2944, F1, i)}
{(N3000, F0, i) + (N2944, F0, i)}
