{(N2063, F1, i)(N748,1,i) + (N3847, F1, i)(N3104,1,i)}
{(N2063, F1, i)(N748,1,i) + (N968, F1, i)}
{(N2063, F1, i)(N748,1,i) + (N2992, F0, i)}
{(N2063, F1, i)(N748,1,i) + (N2713->N2342, F0, i)}
{(N2063, F1, i)(N748,1,i) + (N2342, F0, i)}
{(N2063, F1, i)(N748,1,i) + (N3447->N413, F1, i)}
{(N2063, F1, i)(N748,1,i) + (N413, F0, i)}
{(N2063, F1, i)(N748,1,i) + (N173->N2421, F1, i)}
{(N2063, F1, i)(N748,1,i) + (N2421, F1, i)(N46,1,i)}
{(N3177, F1, i) + (N3847, F1, i)(N3104,1,i)}
{(N3177, F1, i) + (N968, F1, i)}
{(N3177, F1, i) + (N2992, F0, i)}
{(N3177, F1, i) + (N2713->N2342, F0, i)}
{(N3177, F1, i) + (N2342, F0, i)}
{(N3177, F1, i) + (N3447->N413, F1, i)}
{(N3177, F1, i) + (N413, F0, i)}
{(N3177, F1, i) + (N173->N2421, F1, i)}
{(N3177, F1, i) + (N2421, F1, i)(N46,1,i)}
{(N550, F0, i) + (N3847, F1, i)(N3104,1,i)}
{(N550, F0, i) + (N968, F1, i)}
{(N550, F0, i) + (N2992, F0, i)}
{(N550, F0, i) + (N2713->N2342, F0, i)}
{(N550, F0, i) + (N2342, F0, i)}
{(N550, F0, i) + (N3447->N413, F1, i)}
{(N550, F0, i) + (N413, F0, i)}
{(N550, F0, i) + (N173->N2421, F1, i)}
{(N550, F0, i) + (N2421, F1, i)(N46,1,i)}
{(N2416->N2344, F0, i) + (N3847, F1, i)(N3104,1,i)}
{(N2416->N2344, F0, i) + (N968, F1, i)}
{(N2416->N2344, F0, i) + (N2992, F0, i)}
{(N2416->N2344, F0, i) + (N2713->N2342, F0, i)}
{(N2416->N2344, F0, i) + (N2342, F0, i)}
{(N2416->N2344, F0, i) + (N3447->N413, F1, i)}
{(N2416->N2344, F0, i) + (N413, F0, i)}
{(N2416->N2344, F0, i) + (N173->N2421, F1, i)}
{(N2416->N2344, F0, i) + (N2421, F1, i)(N46,1,i)}
{(N2344, F0, i) + (N3847, F1, i)(N3104,1,i)}
{(N2344, F0, i) + (N968, F1, i)}
{(N2344, F0, i) + (N2992, F0, i)}
{(N2344, F0, i) + (N2713->N2342, F0, i)}
{(N2344, F0, i) + (N2342, F0, i)}
{(N2344, F0, i) + (N3447->N413, F1, i)}
{(N2344, F0, i) + (N413, F0, i)}
{(N2344, F0, i) + (N173->N2421, F1, i)}
{(N2344, F0, i) + (N2421, F1, i)(N46,1,i)}
{(N437->N2529, F1, i) + (N3847, F1, i)(N3104,1,i)}
{(N437->N2529, F1, i) + (N968, F1, i)}
{(N437->N2529, F1, i) + (N2992, F0, i)}
{(N437->N2529, F1, i) + (N2713->N2342, F0, i)}
{(N437->N2529, F1, i) + (N2342, F0, i)}
{(N437->N2529, F1, i) + (N3447->N413, F1, i)}
{(N437->N2529, F1, i) + (N413, F0, i)}
{(N437->N2529, F1, i) + (N173->N2421, F1, i)}
{(N437->N2529, F1, i) + (N2421, F1, i)(N46,1,i)}
{(N2529, F0, i) + (N3847, F1, i)(N3104,1,i)}
{(N2529, F0, i) + (N968, F1, i)}
{(N2529, F0, i) + (N2992, F0, i)}
{(N2529, F0, i) + (N2713->N2342, F0, i)}
{(N2529, F0, i) + (N2342, F0, i)}
{(N2529, F0, i) + (N3447->N413, F1, i)}
{(N2529, F0, i) + (N413, F0, i)}
{(N2529, F0, i) + (N173->N2421, F1, i)}
{(N2529, F0, i) + (N2421, F1, i)(N46,1,i)}
{(N106->N1577, F1, i) + (N3847, F1, i)(N3104,1,i)}
{(N106->N1577, F1, i) + (N968, F1, i)}
{(N106->N1577, F1, i) + (N2992, F0, i)}
{(N106->N1577, F1, i) + (N2713->N2342, F0, i)}
{(N106->N1577, F1, i) + (N2342, F0, i)}
{(N106->N1577, F1, i) + (N3447->N413, F1, i)}
{(N106->N1577, F1, i) + (N413, F0, i)}
{(N106->N1577, F1, i) + (N173->N2421, F1, i)}
{(N106->N1577, F1, i) + (N2421, F1, i)(N46,1,i)}
{(N1577, F1, i)(N117,1,i) + (N3847, F1, i)(N3104,1,i)}
{(N1577, F1, i)(N117,1,i) + (N968, F1, i)}
{(N1577, F1, i)(N117,1,i) + (N2992, F0, i)}
{(N1577, F1, i)(N117,1,i) + (N2713->N2342, F0, i)}
{(N1577, F1, i)(N117,1,i) + (N2342, F0, i)}
{(N1577, F1, i)(N117,1,i) + (N3447->N413, F1, i)}
{(N1577, F1, i)(N117,1,i) + (N413, F0, i)}
{(N1577, F1, i)(N117,1,i) + (N173->N2421, F1, i)}
{(N1577, F1, i)(N117,1,i) + (N2421, F1, i)(N46,1,i)}
