{(N3502, F0, i) + (N2744->N728, F1, i)}
{(N3502, F0, i) + (N728, F1, i)(N2744,0,i)}
{(N3502, F0, i) + (N540->N2263, F1, i)}
{(N3502, F0, i) + (N2263, F1, i)(N3495,1,i)}
{(N3502, F0, i) + (N528, F1, i)(N2464,1,i)}
{(N3502, F0, i) + (N1254, F1, i)}
{(N3502, F0, i) + (N1877, F0, i)}
{(N3502, F0, i) + (N1665, F0, i)}
{(N3502, F0, i) + (N2922->N1188, F1, i)}
{(N3502, F0, i) + (N1188, F0, i)}
{(N3502, F0, i) + (N1057->N1974, F1, i)}
{(N3502, F0, i) + (N1974, F0, i)}
{(N252->N3708, F0, i) + (N2744->N728, F1, i)}
{(N252->N3708, F0, i) + (N728, F1, i)(N2744,0,i)}
{(N252->N3708, F0, i) + (N540->N2263, F1, i)}
{(N252->N3708, F0, i) + (N2263, F1, i)(N3495,1,i)}
{(N252->N3708, F0, i) + (N528, F1, i)(N2464,1,i)}
{(N252->N3708, F0, i) + (N1254, F1, i)}
{(N252->N3708, F0, i) + (N1877, F0, i)}
{(N252->N3708, F0, i) + (N1665, F0, i)}
{(N252->N3708, F0, i) + (N2922->N1188, F1, i)}
{(N252->N3708, F0, i) + (N1188, F0, i)}
{(N252->N3708, F0, i) + (N1057->N1974, F1, i)}
{(N252->N3708, F0, i) + (N1974, F0, i)}
{(N26->N3708, F0, i) + (N2744->N728, F1, i)}
{(N26->N3708, F0, i) + (N728, F1, i)(N2744,0,i)}
{(N26->N3708, F0, i) + (N540->N2263, F1, i)}
{(N26->N3708, F0, i) + (N2263, F1, i)(N3495,1,i)}
{(N26->N3708, F0, i) + (N528, F1, i)(N2464,1,i)}
{(N26->N3708, F0, i) + (N1254, F1, i)}
{(N26->N3708, F0, i) + (N1877, F0, i)}
{(N26->N3708, F0, i) + (N1665, F0, i)}
{(N26->N3708, F0, i) + (N2922->N1188, F1, i)}
{(N26->N3708, F0, i) + (N1188, F0, i)}
{(N26->N3708, F0, i) + (N1057->N1974, F1, i)}
{(N26->N3708, F0, i) + (N1974, F0, i)}
{(N3708, F0, i) + (N2744->N728, F1, i)}
{(N3708, F0, i) + (N728, F1, i)(N2744,0,i)}
{(N3708, F0, i) + (N540->N2263, F1, i)}
{(N3708, F0, i) + (N2263, F1, i)(N3495,1,i)}
{(N3708, F0, i) + (N528, F1, i)(N2464,1,i)}
{(N3708, F0, i) + (N1254, F1, i)}
{(N3708, F0, i) + (N1877, F0, i)}
{(N3708, F0, i) + (N1665, F0, i)}
{(N3708, F0, i) + (N2922->N1188, F1, i)}
{(N3708, F0, i) + (N1188, F0, i)}
{(N3708, F0, i) + (N1057->N1974, F1, i)}
{(N3708, F0, i) + (N1974, F0, i)}
