{(N2258, F0, i) + (N3907, F1, i)(N549,0,i)}
{(N2258, F0, i) + (N549, F1, i)}
{(N2258, F0, i) + (N1485, F0, i)}
{(N2258, F0, i) + (N2818, F0, i)}
{(N2258, F0, i) + (N1200->N1712, F1, i)}
{(N2258, F0, i) + (N1712, F0, i)}
{(N2258, F0, i) + (N941->N2256, F1, i)}
{(N2258, F0, i) + (N2256, F0, i)}
{(N2145, F0, i) + (N3907, F1, i)(N549,0,i)}
{(N2145, F0, i) + (N549, F1, i)}
{(N2145, F0, i) + (N1485, F0, i)}
{(N2145, F0, i) + (N2818, F0, i)}
{(N2145, F0, i) + (N1200->N1712, F1, i)}
{(N2145, F0, i) + (N1712, F0, i)}
{(N2145, F0, i) + (N941->N2256, F1, i)}
{(N2145, F0, i) + (N2256, F0, i)}
{(N1358->N683, F1, i) + (N3907, F1, i)(N549,0,i)}
{(N1358->N683, F1, i) + (N549, F1, i)}
{(N1358->N683, F1, i) + (N1485, F0, i)}
{(N1358->N683, F1, i) + (N2818, F0, i)}
{(N1358->N683, F1, i) + (N1200->N1712, F1, i)}
{(N1358->N683, F1, i) + (N1712, F0, i)}
{(N1358->N683, F1, i) + (N941->N2256, F1, i)}
{(N1358->N683, F1, i) + (N2256, F0, i)}
{(N683, F0, i) + (N3907, F1, i)(N549,0,i)}
{(N683, F0, i) + (N549, F1, i)}
{(N683, F0, i) + (N1485, F0, i)}
{(N683, F0, i) + (N2818, F0, i)}
{(N683, F0, i) + (N1200->N1712, F1, i)}
{(N683, F0, i) + (N1712, F0, i)}
{(N683, F0, i) + (N941->N2256, F1, i)}
{(N683, F0, i) + (N2256, F0, i)}
{(N2144->N3415, F1, i) + (N3907, F1, i)(N549,0,i)}
{(N2144->N3415, F1, i) + (N549, F1, i)}
{(N2144->N3415, F1, i) + (N1485, F0, i)}
{(N2144->N3415, F1, i) + (N2818, F0, i)}
{(N2144->N3415, F1, i) + (N1200->N1712, F1, i)}
{(N2144->N3415, F1, i) + (N1712, F0, i)}
{(N2144->N3415, F1, i) + (N941->N2256, F1, i)}
{(N2144->N3415, F1, i) + (N2256, F0, i)}
{(N3415, F0, i) + (N3907, F1, i)(N549,0,i)}
{(N3415, F0, i) + (N549, F1, i)}
{(N3415, F0, i) + (N1485, F0, i)}
{(N3415, F0, i) + (N2818, F0, i)}
{(N3415, F0, i) + (N1200->N1712, F1, i)}
{(N3415, F0, i) + (N1712, F0, i)}
{(N3415, F0, i) + (N941->N2256, F1, i)}
{(N3415, F0, i) + (N2256, F0, i)}
