{(N1928, F1, i)(N3374,0,i) + (N2349->N3435, F1, i)}
{(N1928, F1, i)(N3374,0,i) + (N3435, F1, i)(N407,1,i)}
{(N1928, F1, i)(N3374,0,i) + (N3838->N3089, F1, i)}
{(N1928, F1, i)(N3374,0,i) + (N3089, F1, i)(N3838,0,i)}
{(N1928, F1, i)(N3374,0,i) + (N1438, F1, i)(N3555,1,i)}
{(N1928, F1, i)(N3374,0,i) + (N3296, F1, i)}
{(N1928, F1, i)(N3374,0,i) + (N1410, F0, i)}
{(N1928, F1, i)(N3374,0,i) + (N671, F0, i)}
{(N1928, F1, i)(N3374,0,i) + (N1329->N1897, F1, i)}
{(N1928, F1, i)(N3374,0,i) + (N1897, F0, i)}
{(N1928, F1, i)(N3374,0,i) + (N3196->N2594, F1, i)}
{(N1928, F1, i)(N3374,0,i) + (N2594, F0, i)}
{(N3374, F1, i) + (N2349->N3435, F1, i)}
{(N3374, F1, i) + (N3435, F1, i)(N407,1,i)}
{(N3374, F1, i) + (N3838->N3089, F1, i)}
{(N3374, F1, i) + (N3089, F1, i)(N3838,0,i)}
{(N3374, F1, i) + (N1438, F1, i)(N3555,1,i)}
{(N3374, F1, i) + (N3296, F1, i)}
{(N3374, F1, i) + (N1410, F0, i)}
{(N3374, F1, i) + (N671, F0, i)}
{(N3374, F1, i) + (N1329->N1897, F1, i)}
{(N3374, F1, i) + (N1897, F0, i)}
{(N3374, F1, i) + (N3196->N2594, F1, i)}
{(N3374, F1, i) + (N2594, F0, i)}
{(N1468, F0, i) + (N2349->N3435, F1, i)}
{(N1468, F0, i) + (N3435, F1, i)(N407,1,i)}
{(N1468, F0, i) + (N3838->N3089, F1, i)}
{(N1468, F0, i) + (N3089, F1, i)(N3838,0,i)}
{(N1468, F0, i) + (N1438, F1, i)(N3555,1,i)}
{(N1468, F0, i) + (N3296, F1, i)}
{(N1468, F0, i) + (N1410, F0, i)}
{(N1468, F0, i) + (N671, F0, i)}
{(N1468, F0, i) + (N1329->N1897, F1, i)}
{(N1468, F0, i) + (N1897, F0, i)}
{(N1468, F0, i) + (N3196->N2594, F1, i)}
{(N1468, F0, i) + (N2594, F0, i)}
{(N2581->N1940, F0, i) + (N2349->N3435, F1, i)}
{(N2581->N1940, F0, i) + (N3435, F1, i)(N407,1,i)}
{(N2581->N1940, F0, i) + (N3838->N3089, F1, i)}
{(N2581->N1940, F0, i) + (N3089, F1, i)(N3838,0,i)}
{(N2581->N1940, F0, i) + (N1438, F1, i)(N3555,1,i)}
{(N2581->N1940, F0, i) + (N3296, F1, i)}
{(N2581->N1940, F0, i) + (N1410, F0, i)}
{(N2581->N1940, F0, i) + (N671, F0, i)}
{(N2581->N1940, F0, i) + (N1329->N1897, F1, i)}
{(N2581->N1940, F0, i) + (N1897, F0, i)}
{(N2581->N1940, F0, i) + (N3196->N2594, F1, i)}
{(N2581->N1940, F0, i) + (N2594, F0, i)}
{(N1940, F0, i) + (N2349->N3435, F1, i)}
{(N1940, F0, i) + (N3435, F1, i)(N407,1,i)}
{(N1940, F0, i) + (N3838->N3089, F1, i)}
{(N1940, F0, i) + (N3089, F1, i)(N3838,0,i)}
{(N1940, F0, i) + (N1438, F1, i)(N3555,1,i)}
{(N1940, F0, i) + (N3296, F1, i)}
{(N1940, F0, i) + (N1410, F0, i)}
{(N1940, F0, i) + (N671, F0, i)}
{(N1940, F0, i) + (N1329->N1897, F1, i)}
{(N1940, F0, i) + (N1897, F0, i)}
{(N1940, F0, i) + (N3196->N2594, F1, i)}
{(N1940, F0, i) + (N2594, F0, i)}
{(N3629->N2887, F1, i) + (N2349->N3435, F1, i)}
{(N3629->N2887, F1, i) + (N3435, F1, i)(N407,1,i)}
{(N3629->N2887, F1, i) + (N3838->N3089, F1, i)}
{(N3629->N2887, F1, i) + (N3089, F1, i)(N3838,0,i)}
{(N3629->N2887, F1, i) + (N1438, F1, i)(N3555,1,i)}
{(N3629->N2887, F1, i) + (N3296, F1, i)}
{(N3629->N2887, F1, i) + (N1410, F0, i)}
{(N3629->N2887, F1, i) + (N671, F0, i)}
{(N3629->N2887, F1, i) + (N1329->N1897, F1, i)}
{(N3629->N2887, F1, i) + (N1897, F0, i)}
{(N3629->N2887, F1, i) + (N3196->N2594, F1, i)}
{(N3629->N2887, F1, i) + (N2594, F0, i)}
{(N2887, F0, i) + (N2349->N3435, F1, i)}
{(N2887, F0, i) + (N3435, F1, i)(N407,1,i)}
{(N2887, F0, i) + (N3838->N3089, F1, i)}
{(N2887, F0, i) + (N3089, F1, i)(N3838,0,i)}
{(N2887, F0, i) + (N1438, F1, i)(N3555,1,i)}
{(N2887, F0, i) + (N3296, F1, i)}
{(N2887, F0, i) + (N1410, F0, i)}
{(N2887, F0, i) + (N671, F0, i)}
{(N2887, F0, i) + (N1329->N1897, F1, i)}
{(N2887, F0, i) + (N1897, F0, i)}
{(N2887, F0, i) + (N3196->N2594, F1, i)}
{(N2887, F0, i) + (N2594, F0, i)}
{(N168->N3925, F1, i) + (N2349->N3435, F1, i)}
{(N168->N3925, F1, i) + (N3435, F1, i)(N407,1,i)}
{(N168->N3925, F1, i) + (N3838->N3089, F1, i)}
{(N168->N3925, F1, i) + (N3089, F1, i)(N3838,0,i)}
{(N168->N3925, F1, i) + (N1438, F1, i)(N3555,1,i)}
{(N168->N3925, F1, i) + (N3296, F1, i)}
{(N168->N3925, F1, i) + (N1410, F0, i)}
{(N168->N3925, F1, i) + (N671, F0, i)}
{(N168->N3925, F1, i) + (N1329->N1897, F1, i)}
{(N168->N3925, F1, i) + (N1897, F0, i)}
{(N168->N3925, F1, i) + (N3196->N2594, F1, i)}
{(N168->N3925, F1, i) + (N2594, F0, i)}
{(N3925, F1, i)(N59,1,i) + (N2349->N3435, F1, i)}
{(N3925, F1, i)(N59,1,i) + (N3435, F1, i)(N407,1,i)}
{(N3925, F1, i)(N59,1,i) + (N3838->N3089, F1, i)}
{(N3925, F1, i)(N59,1,i) + (N3089, F1, i)(N3838,0,i)}
{(N3925, F1, i)(N59,1,i) + (N1438, F1, i)(N3555,1,i)}
{(N3925, F1, i)(N59,1,i) + (N3296, F1, i)}
{(N3925, F1, i)(N59,1,i) + (N1410, F0, i)}
{(N3925, F1, i)(N59,1,i) + (N671, F0, i)}
{(N3925, F1, i)(N59,1,i) + (N1329->N1897, F1, i)}
{(N3925, F1, i)(N59,1,i) + (N1897, F0, i)}
{(N3925, F1, i)(N59,1,i) + (N3196->N2594, F1, i)}
{(N3925, F1, i)(N59,1,i) + (N2594, F0, i)}
