{(N3287, F1, i)(N3172,1,i) + (N1296, F1, i)(N784,1,i)}
{(N3287, F1, i)(N3172,1,i) + (N2775, F1, i)}
{(N3287, F1, i)(N3172,1,i) + (N2864, F0, i)}
{(N3287, F1, i)(N3172,1,i) + (N1435->N3168, F0, i)}
{(N3287, F1, i)(N3172,1,i) + (N3168, F0, i)}
{(N3287, F1, i)(N3172,1,i) + (N2899->N2844, F1, i)}
{(N3287, F1, i)(N3172,1,i) + (N2844, F0, i)}
{(N3287, F1, i)(N3172,1,i) + (N243->N2915, F1, i)}
{(N3287, F1, i)(N3172,1,i) + (N2915, F1, i)(N124,1,i)}
{(N1244, F1, i) + (N1296, F1, i)(N784,1,i)}
{(N1244, F1, i) + (N2775, F1, i)}
{(N1244, F1, i) + (N2864, F0, i)}
{(N1244, F1, i) + (N1435->N3168, F0, i)}
{(N1244, F1, i) + (N3168, F0, i)}
{(N1244, F1, i) + (N2899->N2844, F1, i)}
{(N1244, F1, i) + (N2844, F0, i)}
{(N1244, F1, i) + (N243->N2915, F1, i)}
{(N1244, F1, i) + (N2915, F1, i)(N124,1,i)}
{(N1926, F0, i) + (N1296, F1, i)(N784,1,i)}
{(N1926, F0, i) + (N2775, F1, i)}
{(N1926, F0, i) + (N2864, F0, i)}
{(N1926, F0, i) + (N1435->N3168, F0, i)}
{(N1926, F0, i) + (N3168, F0, i)}
{(N1926, F0, i) + (N2899->N2844, F1, i)}
{(N1926, F0, i) + (N2844, F0, i)}
{(N1926, F0, i) + (N243->N2915, F1, i)}
{(N1926, F0, i) + (N2915, F1, i)(N124,1,i)}
{(N1181->N2871, F0, i) + (N1296, F1, i)(N784,1,i)}
{(N1181->N2871, F0, i) + (N2775, F1, i)}
{(N1181->N2871, F0, i) + (N2864, F0, i)}
{(N1181->N2871, F0, i) + (N1435->N3168, F0, i)}
{(N1181->N2871, F0, i) + (N3168, F0, i)}
{(N1181->N2871, F0, i) + (N2899->N2844, F1, i)}
{(N1181->N2871, F0, i) + (N2844, F0, i)}
{(N1181->N2871, F0, i) + (N243->N2915, F1, i)}
{(N1181->N2871, F0, i) + (N2915, F1, i)(N124,1,i)}
{(N2871, F0, i) + (N1296, F1, i)(N784,1,i)}
{(N2871, F0, i) + (N2775, F1, i)}
{(N2871, F0, i) + (N2864, F0, i)}
{(N2871, F0, i) + (N1435->N3168, F0, i)}
{(N2871, F0, i) + (N3168, F0, i)}
{(N2871, F0, i) + (N2899->N2844, F1, i)}
{(N2871, F0, i) + (N2844, F0, i)}
{(N2871, F0, i) + (N243->N2915, F1, i)}
{(N2871, F0, i) + (N2915, F1, i)(N124,1,i)}
{(N3337->N1279, F1, i) + (N1296, F1, i)(N784,1,i)}
{(N3337->N1279, F1, i) + (N2775, F1, i)}
{(N3337->N1279, F1, i) + (N2864, F0, i)}
{(N3337->N1279, F1, i) + (N1435->N3168, F0, i)}
{(N3337->N1279, F1, i) + (N3168, F0, i)}
{(N3337->N1279, F1, i) + (N2899->N2844, F1, i)}
{(N3337->N1279, F1, i) + (N2844, F0, i)}
{(N3337->N1279, F1, i) + (N243->N2915, F1, i)}
{(N3337->N1279, F1, i) + (N2915, F1, i)(N124,1,i)}
{(N1279, F0, i) + (N1296, F1, i)(N784,1,i)}
{(N1279, F0, i) + (N2775, F1, i)}
{(N1279, F0, i) + (N2864, F0, i)}
{(N1279, F0, i) + (N1435->N3168, F0, i)}
{(N1279, F0, i) + (N3168, F0, i)}
{(N1279, F0, i) + (N2899->N2844, F1, i)}
{(N1279, F0, i) + (N2844, F0, i)}
{(N1279, F0, i) + (N243->N2915, F1, i)}
{(N1279, F0, i) + (N2915, F1, i)(N124,1,i)}
{(N25->N2245, F1, i) + (N1296, F1, i)(N784,1,i)}
{(N25->N2245, F1, i) + (N2775, F1, i)}
{(N25->N2245, F1, i) + (N2864, F0, i)}
{(N25->N2245, F1, i) + (N1435->N3168, F0, i)}
{(N25->N2245, F1, i) + (N3168, F0, i)}
{(N25->N2245, F1, i) + (N2899->N2844, F1, i)}
{(N25->N2245, F1, i) + (N2844, F0, i)}
{(N25->N2245, F1, i) + (N243->N2915, F1, i)}
{(N25->N2245, F1, i) + (N2915, F1, i)(N124,1,i)}
{(N2245, F1, i)(N164,1,i) + (N1296, F1, i)(N784,1,i)}
{(N2245, F1, i)(N164,1,i) + (N2775, F1, i)}
{(N2245, F1, i)(N164,1,i) + (N2864, F0, i)}
{(N2245, F1, i)(N164,1,i) + (N1435->N3168, F0, i)}
{(N2245, F1, i)(N164,1,i) + (N3168, F0, i)}
{(N2245, F1, i)(N164,1,i) + (N2899->N2844, F1, i)}
{(N2245, F1, i)(N164,1,i) + (N2844, F0, i)}
{(N2245, F1, i)(N164,1,i) + (N243->N2915, F1, i)}
{(N2245, F1, i)(N164,1,i) + (N2915, F1, i)(N124,1,i)}
