{(N3314, F0, i) + (N869, F1, i)(N1711,0,i)}
{(N3314, F0, i) + (N1711, F1, i)}
{(N3314, F0, i) + (N2282, F0, i)}
{(N3314, F0, i) + (N1913->N2579, F0, i)}
{(N3314, F0, i) + (N2579, F0, i)}
{(N3314, F0, i) + (N1310->N2921, F1, i)}
{(N3314, F0, i) + (N2921, F0, i)}
{(N3314, F0, i) + (N91->N2326, F1, i)}
{(N3314, F0, i) + (N2326, F1, i)(N57,1,i)}
{(N734, F0, i) + (N869, F1, i)(N1711,0,i)}
{(N734, F0, i) + (N1711, F1, i)}
{(N734, F0, i) + (N2282, F0, i)}
{(N734, F0, i) + (N1913->N2579, F0, i)}
{(N734, F0, i) + (N2579, F0, i)}
{(N734, F0, i) + (N1310->N2921, F1, i)}
{(N734, F0, i) + (N2921, F0, i)}
{(N734, F0, i) + (N91->N2326, F1, i)}
{(N734, F0, i) + (N2326, F1, i)(N57,1,i)}
{(N747->N788, F1, i) + (N869, F1, i)(N1711,0,i)}
{(N747->N788, F1, i) + (N1711, F1, i)}
{(N747->N788, F1, i) + (N2282, F0, i)}
{(N747->N788, F1, i) + (N1913->N2579, F0, i)}
{(N747->N788, F1, i) + (N2579, F0, i)}
{(N747->N788, F1, i) + (N1310->N2921, F1, i)}
{(N747->N788, F1, i) + (N2921, F0, i)}
{(N747->N788, F1, i) + (N91->N2326, F1, i)}
{(N747->N788, F1, i) + (N2326, F1, i)(N57,1,i)}
{(N788, F0, i) + (N869, F1, i)(N1711,0,i)}
{(N788, F0, i) + (N1711, F1, i)}
{(N788, F0, i) + (N2282, F0, i)}
{(N788, F0, i) + (N1913->N2579, F0, i)}
{(N788, F0, i) + (N2579, F0, i)}
{(N788, F0, i) + (N1310->N2921, F1, i)}
{(N788, F0, i) + (N2921, F0, i)}
{(N788, F0, i) + (N91->N2326, F1, i)}
{(N788, F0, i) + (N2326, F1, i)(N57,1,i)}
{(N2137->N3000, F1, i) + (N869, F1, i)(N1711,0,i)}
{(N2137->N3000, F1, i) + (N1711, F1, i)}
{(N2137->N3000, F1, i) + (N2282, F0, i)}
{(N2137->N3000, F1, i) + (N1913->N2579, F0, i)}
{(N2137->N3000, F1, i) + (N2579, F0, i)}
{(N2137->N3000, F1, i) + (N1310->N2921, F1, i)}
{(N2137->N3000, F1, i) + (N2921, F0, i)}
{(N2137->N3000, F1, i) + (N91->N2326, F1, i)}
{(N2137->N3000, F1, i) + (N2326, F1, i)(N57,1,i)}
{(N3000, F0, i) + (N869, F1, i)(N1711,0,i)}
{(N3000, F0, i) + (N1711, F1, i)}
{(N3000, F0, i) + (N2282, F0, i)}
{(N3000, F0, i) + (N1913->N2579, F0, i)}
{(N3000, F0, i) + (N2579, F0, i)}
{(N3000, F0, i) + (N1310->N2921, F1, i)}
{(N3000, F0, i) + (N2921, F0, i)}
{(N3000, F0, i) + (N91->N2326, F1, i)}
{(N3000, F0, i) + (N2326, F1, i)(N57,1,i)}
