{(N1818, F1, i)(N1392,1,i) + (N3744, F1, i)(N3404,1,i)}
{(N1818, F1, i)(N1392,1,i) + (N3652, F1, i)}
{(N1818, F1, i)(N1392,1,i) + (N1867, F0, i)}
{(N1818, F1, i)(N1392,1,i) + (N1090->N3461, F0, i)}
{(N1818, F1, i)(N1392,1,i) + (N3461, F0, i)}
{(N1818, F1, i)(N1392,1,i) + (N1400->N627, F1, i)}
{(N1818, F1, i)(N1392,1,i) + (N627, F0, i)}
{(N1818, F1, i)(N1392,1,i) + (N101->N3460, F1, i)}
{(N1818, F1, i)(N1392,1,i) + (N3460, F1, i)(N150,1,i)}
{(N2261, F1, i) + (N3744, F1, i)(N3404,1,i)}
{(N2261, F1, i) + (N3652, F1, i)}
{(N2261, F1, i) + (N1867, F0, i)}
{(N2261, F1, i) + (N1090->N3461, F0, i)}
{(N2261, F1, i) + (N3461, F0, i)}
{(N2261, F1, i) + (N1400->N627, F1, i)}
{(N2261, F1, i) + (N627, F0, i)}
{(N2261, F1, i) + (N101->N3460, F1, i)}
{(N2261, F1, i) + (N3460, F1, i)(N150,1,i)}
{(N724, F0, i) + (N3744, F1, i)(N3404,1,i)}
{(N724, F0, i) + (N3652, F1, i)}
{(N724, F0, i) + (N1867, F0, i)}
{(N724, F0, i) + (N1090->N3461, F0, i)}
{(N724, F0, i) + (N3461, F0, i)}
{(N724, F0, i) + (N1400->N627, F1, i)}
{(N724, F0, i) + (N627, F0, i)}
{(N724, F0, i) + (N101->N3460, F1, i)}
{(N724, F0, i) + (N3460, F1, i)(N150,1,i)}
{(N2406->N920, F0, i) + (N3744, F1, i)(N3404,1,i)}
{(N2406->N920, F0, i) + (N3652, F1, i)}
{(N2406->N920, F0, i) + (N1867, F0, i)}
{(N2406->N920, F0, i) + (N1090->N3461, F0, i)}
{(N2406->N920, F0, i) + (N3461, F0, i)}
{(N2406->N920, F0, i) + (N1400->N627, F1, i)}
{(N2406->N920, F0, i) + (N627, F0, i)}
{(N2406->N920, F0, i) + (N101->N3460, F1, i)}
{(N2406->N920, F0, i) + (N3460, F1, i)(N150,1,i)}
{(N920, F0, i) + (N3744, F1, i)(N3404,1,i)}
{(N920, F0, i) + (N3652, F1, i)}
{(N920, F0, i) + (N1867, F0, i)}
{(N920, F0, i) + (N1090->N3461, F0, i)}
{(N920, F0, i) + (N3461, F0, i)}
{(N920, F0, i) + (N1400->N627, F1, i)}
{(N920, F0, i) + (N627, F0, i)}
{(N920, F0, i) + (N101->N3460, F1, i)}
{(N920, F0, i) + (N3460, F1, i)(N150,1,i)}
{(N847->N1854, F1, i) + (N3744, F1, i)(N3404,1,i)}
{(N847->N1854, F1, i) + (N3652, F1, i)}
{(N847->N1854, F1, i) + (N1867, F0, i)}
{(N847->N1854, F1, i) + (N1090->N3461, F0, i)}
{(N847->N1854, F1, i) + (N3461, F0, i)}
{(N847->N1854, F1, i) + (N1400->N627, F1, i)}
{(N847->N1854, F1, i) + (N627, F0, i)}
{(N847->N1854, F1, i) + (N101->N3460, F1, i)}
{(N847->N1854, F1, i) + (N3460, F1, i)(N150,1,i)}
{(N1854, F0, i) + (N3744, F1, i)(N3404,1,i)}
{(N1854, F0, i) + (N3652, F1, i)}
{(N1854, F0, i) + (N1867, F0, i)}
{(N1854, F0, i) + (N1090->N3461, F0, i)}
{(N1854, F0, i) + (N3461, F0, i)}
{(N1854, F0, i) + (N1400->N627, F1, i)}
{(N1854, F0, i) + (N627, F0, i)}
{(N1854, F0, i) + (N101->N3460, F1, i)}
{(N1854, F0, i) + (N3460, F1, i)(N150,1,i)}
{(N119->N3390, F1, i) + (N3744, F1, i)(N3404,1,i)}
{(N119->N3390, F1, i) + (N3652, F1, i)}
{(N119->N3390, F1, i) + (N1867, F0, i)}
{(N119->N3390, F1, i) + (N1090->N3461, F0, i)}
{(N119->N3390, F1, i) + (N3461, F0, i)}
{(N119->N3390, F1, i) + (N1400->N627, F1, i)}
{(N119->N3390, F1, i) + (N627, F0, i)}
{(N119->N3390, F1, i) + (N101->N3460, F1, i)}
{(N119->N3390, F1, i) + (N3460, F1, i)(N150,1,i)}
{(N3390, F1, i)(N66,1,i) + (N3744, F1, i)(N3404,1,i)}
{(N3390, F1, i)(N66,1,i) + (N3652, F1, i)}
{(N3390, F1, i)(N66,1,i) + (N1867, F0, i)}
{(N3390, F1, i)(N66,1,i) + (N1090->N3461, F0, i)}
{(N3390, F1, i)(N66,1,i) + (N3461, F0, i)}
{(N3390, F1, i)(N66,1,i) + (N1400->N627, F1, i)}
{(N3390, F1, i)(N66,1,i) + (N627, F0, i)}
{(N3390, F1, i)(N66,1,i) + (N101->N3460, F1, i)}
{(N3390, F1, i)(N66,1,i) + (N3460, F1, i)(N150,1,i)}
