{(N406, F1, i)(N3358,0,i) + (N3930, F1, i)(N3255,0,i)}
{(N406, F1, i)(N3358,0,i) + (N3255, F1, i)}
{(N406, F1, i)(N3358,0,i) + (N3367, F0, i)}
{(N406, F1, i)(N3358,0,i) + (N2797, F0, i)}
{(N406, F1, i)(N3358,0,i) + (N2784->N1567, F1, i)}
{(N406, F1, i)(N3358,0,i) + (N1567, F0, i)}
{(N406, F1, i)(N3358,0,i) + (N3303->N2431, F1, i)}
{(N406, F1, i)(N3358,0,i) + (N2431, F0, i)}
{(N3358, F1, i) + (N3930, F1, i)(N3255,0,i)}
{(N3358, F1, i) + (N3255, F1, i)}
{(N3358, F1, i) + (N3367, F0, i)}
{(N3358, F1, i) + (N2797, F0, i)}
{(N3358, F1, i) + (N2784->N1567, F1, i)}
{(N3358, F1, i) + (N1567, F0, i)}
{(N3358, F1, i) + (N3303->N2431, F1, i)}
{(N3358, F1, i) + (N2431, F0, i)}
{(N2877, F0, i) + (N3930, F1, i)(N3255,0,i)}
{(N2877, F0, i) + (N3255, F1, i)}
{(N2877, F0, i) + (N3367, F0, i)}
{(N2877, F0, i) + (N2797, F0, i)}
{(N2877, F0, i) + (N2784->N1567, F1, i)}
{(N2877, F0, i) + (N1567, F0, i)}
{(N2877, F0, i) + (N3303->N2431, F1, i)}
{(N2877, F0, i) + (N2431, F0, i)}
{(N2538, F1, i)(N3019,0,i) + (N3930, F1, i)(N3255,0,i)}
{(N2538, F1, i)(N3019,0,i) + (N3255, F1, i)}
{(N2538, F1, i)(N3019,0,i) + (N3367, F0, i)}
{(N2538, F1, i)(N3019,0,i) + (N2797, F0, i)}
{(N2538, F1, i)(N3019,0,i) + (N2784->N1567, F1, i)}
{(N2538, F1, i)(N3019,0,i) + (N1567, F0, i)}
{(N2538, F1, i)(N3019,0,i) + (N3303->N2431, F1, i)}
{(N2538, F1, i)(N3019,0,i) + (N2431, F0, i)}
{(N3679, F0, i) + (N3930, F1, i)(N3255,0,i)}
{(N3679, F0, i) + (N3255, F1, i)}
{(N3679, F0, i) + (N3367, F0, i)}
{(N3679, F0, i) + (N2797, F0, i)}
{(N3679, F0, i) + (N2784->N1567, F1, i)}
{(N3679, F0, i) + (N1567, F0, i)}
{(N3679, F0, i) + (N3303->N2431, F1, i)}
{(N3679, F0, i) + (N2431, F0, i)}
{(N199->N3019, F0, i) + (N3930, F1, i)(N3255,0,i)}
{(N199->N3019, F0, i) + (N3255, F1, i)}
{(N199->N3019, F0, i) + (N3367, F0, i)}
{(N199->N3019, F0, i) + (N2797, F0, i)}
{(N199->N3019, F0, i) + (N2784->N1567, F1, i)}
{(N199->N3019, F0, i) + (N1567, F0, i)}
{(N199->N3019, F0, i) + (N3303->N2431, F1, i)}
{(N199->N3019, F0, i) + (N2431, F0, i)}
{(N3019, F1, i) + (N3930, F1, i)(N3255,0,i)}
{(N3019, F1, i) + (N3255, F1, i)}
{(N3019, F1, i) + (N3367, F0, i)}
{(N3019, F1, i) + (N2797, F0, i)}
{(N3019, F1, i) + (N2784->N1567, F1, i)}
{(N3019, F1, i) + (N1567, F0, i)}
{(N3019, F1, i) + (N3303->N2431, F1, i)}
{(N3019, F1, i) + (N2431, F0, i)}
{(N2154->N2726, F1, i) + (N3930, F1, i)(N3255,0,i)}
{(N2154->N2726, F1, i) + (N3255, F1, i)}
{(N2154->N2726, F1, i) + (N3367, F0, i)}
{(N2154->N2726, F1, i) + (N2797, F0, i)}
{(N2154->N2726, F1, i) + (N2784->N1567, F1, i)}
{(N2154->N2726, F1, i) + (N1567, F0, i)}
{(N2154->N2726, F1, i) + (N3303->N2431, F1, i)}
{(N2154->N2726, F1, i) + (N2431, F0, i)}
{(N2726, F0, i) + (N3930, F1, i)(N3255,0,i)}
{(N2726, F0, i) + (N3255, F1, i)}
{(N2726, F0, i) + (N3367, F0, i)}
{(N2726, F0, i) + (N2797, F0, i)}
{(N2726, F0, i) + (N2784->N1567, F1, i)}
{(N2726, F0, i) + (N1567, F0, i)}
{(N2726, F0, i) + (N3303->N2431, F1, i)}
{(N2726, F0, i) + (N2431, F0, i)}
{(N2430->N1637, F1, i) + (N3930, F1, i)(N3255,0,i)}
{(N2430->N1637, F1, i) + (N3255, F1, i)}
{(N2430->N1637, F1, i) + (N3367, F0, i)}
{(N2430->N1637, F1, i) + (N2797, F0, i)}
{(N2430->N1637, F1, i) + (N2784->N1567, F1, i)}
{(N2430->N1637, F1, i) + (N1567, F0, i)}
{(N2430->N1637, F1, i) + (N3303->N2431, F1, i)}
{(N2430->N1637, F1, i) + (N2431, F0, i)}
{(N1637, F0, i) + (N3930, F1, i)(N3255,0,i)}
{(N1637, F0, i) + (N3255, F1, i)}
{(N1637, F0, i) + (N3367, F0, i)}
{(N1637, F0, i) + (N2797, F0, i)}
{(N1637, F0, i) + (N2784->N1567, F1, i)}
{(N1637, F0, i) + (N1567, F0, i)}
{(N1637, F0, i) + (N3303->N2431, F1, i)}
{(N1637, F0, i) + (N2431, F0, i)}
