{(N1690, F1, i)(N3853,0,i) + (N618, F0, i)}
{(N1690, F1, i)(N3853,0,i) + (N160->N1654, F0, i)}
{(N1690, F1, i)(N3853,0,i) + (N68->N1654, F0, i)}
{(N1690, F1, i)(N3853,0,i) + (N1654, F0, i)}
{(N3853, F1, i) + (N618, F0, i)}
{(N3853, F1, i) + (N160->N1654, F0, i)}
{(N3853, F1, i) + (N68->N1654, F0, i)}
{(N3853, F1, i) + (N1654, F0, i)}
{(N3293, F0, i) + (N618, F0, i)}
{(N3293, F0, i) + (N160->N1654, F0, i)}
{(N3293, F0, i) + (N68->N1654, F0, i)}
{(N3293, F0, i) + (N1654, F0, i)}
{(N2215->N3188, F0, i) + (N618, F0, i)}
{(N2215->N3188, F0, i) + (N160->N1654, F0, i)}
{(N2215->N3188, F0, i) + (N68->N1654, F0, i)}
{(N2215->N3188, F0, i) + (N1654, F0, i)}
{(N3188, F0, i) + (N618, F0, i)}
{(N3188, F0, i) + (N160->N1654, F0, i)}
{(N3188, F0, i) + (N68->N1654, F0, i)}
{(N3188, F0, i) + (N1654, F0, i)}
{(N2473->N1088, F1, i) + (N618, F0, i)}
{(N2473->N1088, F1, i) + (N160->N1654, F0, i)}
{(N2473->N1088, F1, i) + (N68->N1654, F0, i)}
{(N2473->N1088, F1, i) + (N1654, F0, i)}
{(N1088, F0, i) + (N618, F0, i)}
{(N1088, F0, i) + (N160->N1654, F0, i)}
{(N1088, F0, i) + (N68->N1654, F0, i)}
{(N1088, F0, i) + (N1654, F0, i)}
