{(N2510, F0, i) + (N3628->N1118, F1, i)}
{(N2510, F0, i) + (N1118, F1, i)(N3628,0,i)}
{(N2510, F0, i) + (N3080->N3230, F1, i)}
{(N2510, F0, i) + (N3230, F1, i)(N611,1,i)}
{(N2510, F0, i) + (N845, F1, i)(N3005,1,i)}
{(N2510, F0, i) + (N3486, F1, i)}
{(N2510, F0, i) + (N2645, F0, i)}
{(N2510, F0, i) + (N3213, F0, i)}
{(N2510, F0, i) + (N884->N1499, F1, i)}
{(N2510, F0, i) + (N1499, F0, i)}
{(N2510, F0, i) + (N546->N1973, F1, i)}
{(N2510, F0, i) + (N1973, F0, i)}
{(N1570, F0, i) + (N3628->N1118, F1, i)}
{(N1570, F0, i) + (N1118, F1, i)(N3628,0,i)}
{(N1570, F0, i) + (N3080->N3230, F1, i)}
{(N1570, F0, i) + (N3230, F1, i)(N611,1,i)}
{(N1570, F0, i) + (N845, F1, i)(N3005,1,i)}
{(N1570, F0, i) + (N3486, F1, i)}
{(N1570, F0, i) + (N2645, F0, i)}
{(N1570, F0, i) + (N3213, F0, i)}
{(N1570, F0, i) + (N884->N1499, F1, i)}
{(N1570, F0, i) + (N1499, F0, i)}
{(N1570, F0, i) + (N546->N1973, F1, i)}
{(N1570, F0, i) + (N1973, F0, i)}
{(N1293->N3427, F1, i) + (N3628->N1118, F1, i)}
{(N1293->N3427, F1, i) + (N1118, F1, i)(N3628,0,i)}
{(N1293->N3427, F1, i) + (N3080->N3230, F1, i)}
{(N1293->N3427, F1, i) + (N3230, F1, i)(N611,1,i)}
{(N1293->N3427, F1, i) + (N845, F1, i)(N3005,1,i)}
{(N1293->N3427, F1, i) + (N3486, F1, i)}
{(N1293->N3427, F1, i) + (N2645, F0, i)}
{(N1293->N3427, F1, i) + (N3213, F0, i)}
{(N1293->N3427, F1, i) + (N884->N1499, F1, i)}
{(N1293->N3427, F1, i) + (N1499, F0, i)}
{(N1293->N3427, F1, i) + (N546->N1973, F1, i)}
{(N1293->N3427, F1, i) + (N1973, F0, i)}
{(N3427, F0, i) + (N3628->N1118, F1, i)}
{(N3427, F0, i) + (N1118, F1, i)(N3628,0,i)}
{(N3427, F0, i) + (N3080->N3230, F1, i)}
{(N3427, F0, i) + (N3230, F1, i)(N611,1,i)}
{(N3427, F0, i) + (N845, F1, i)(N3005,1,i)}
{(N3427, F0, i) + (N3486, F1, i)}
{(N3427, F0, i) + (N2645, F0, i)}
{(N3427, F0, i) + (N3213, F0, i)}
{(N3427, F0, i) + (N884->N1499, F1, i)}
{(N3427, F0, i) + (N1499, F0, i)}
{(N3427, F0, i) + (N546->N1973, F1, i)}
{(N3427, F0, i) + (N1973, F0, i)}
{(N798->N1764, F1, i) + (N3628->N1118, F1, i)}
{(N798->N1764, F1, i) + (N1118, F1, i)(N3628,0,i)}
{(N798->N1764, F1, i) + (N3080->N3230, F1, i)}
{(N798->N1764, F1, i) + (N3230, F1, i)(N611,1,i)}
{(N798->N1764, F1, i) + (N845, F1, i)(N3005,1,i)}
{(N798->N1764, F1, i) + (N3486, F1, i)}
{(N798->N1764, F1, i) + (N2645, F0, i)}
{(N798->N1764, F1, i) + (N3213, F0, i)}
{(N798->N1764, F1, i) + (N884->N1499, F1, i)}
{(N798->N1764, F1, i) + (N1499, F0, i)}
{(N798->N1764, F1, i) + (N546->N1973, F1, i)}
{(N798->N1764, F1, i) + (N1973, F0, i)}
{(N1764, F0, i) + (N3628->N1118, F1, i)}
{(N1764, F0, i) + (N1118, F1, i)(N3628,0,i)}
{(N1764, F0, i) + (N3080->N3230, F1, i)}
{(N1764, F0, i) + (N3230, F1, i)(N611,1,i)}
{(N1764, F0, i) + (N845, F1, i)(N3005,1,i)}
{(N1764, F0, i) + (N3486, F1, i)}
{(N1764, F0, i) + (N2645, F0, i)}
{(N1764, F0, i) + (N3213, F0, i)}
{(N1764, F0, i) + (N884->N1499, F1, i)}
{(N1764, F0, i) + (N1499, F0, i)}
{(N1764, F0, i) + (N546->N1973, F1, i)}
{(N1764, F0, i) + (N1973, F0, i)}
