{(N2370, F1, i)(N3204,1,i) + (N1074->N2372, F1, i)}
{(N2370, F1, i)(N3204,1,i) + (N2372, F1, i)(N1074,0,i)}
{(N2370, F1, i)(N3204,1,i) + (N3504->N3852, F1, i)}
{(N2370, F1, i)(N3204,1,i) + (N3852, F1, i)(N1890,1,i)}
{(N2370, F1, i)(N3204,1,i) + (N587, F1, i)(N887,1,i)}
{(N2370, F1, i)(N3204,1,i) + (N3550, F1, i)}
{(N2370, F1, i)(N3204,1,i) + (N1842, F0, i)}
{(N2370, F1, i)(N3204,1,i) + (N1618, F0, i)}
{(N2370, F1, i)(N3204,1,i) + (N1070->N1548, F1, i)}
{(N2370, F1, i)(N3204,1,i) + (N1548, F0, i)}
{(N2370, F1, i)(N3204,1,i) + (N3312->N3693, F1, i)}
{(N2370, F1, i)(N3204,1,i) + (N3693, F0, i)}
{(N1856, F1, i) + (N1074->N2372, F1, i)}
{(N1856, F1, i) + (N2372, F1, i)(N1074,0,i)}
{(N1856, F1, i) + (N3504->N3852, F1, i)}
{(N1856, F1, i) + (N3852, F1, i)(N1890,1,i)}
{(N1856, F1, i) + (N587, F1, i)(N887,1,i)}
{(N1856, F1, i) + (N3550, F1, i)}
{(N1856, F1, i) + (N1842, F0, i)}
{(N1856, F1, i) + (N1618, F0, i)}
{(N1856, F1, i) + (N1070->N1548, F1, i)}
{(N1856, F1, i) + (N1548, F0, i)}
{(N1856, F1, i) + (N3312->N3693, F1, i)}
{(N1856, F1, i) + (N3693, F0, i)}
{(N1023, F0, i) + (N1074->N2372, F1, i)}
{(N1023, F0, i) + (N2372, F1, i)(N1074,0,i)}
{(N1023, F0, i) + (N3504->N3852, F1, i)}
{(N1023, F0, i) + (N3852, F1, i)(N1890,1,i)}
{(N1023, F0, i) + (N587, F1, i)(N887,1,i)}
{(N1023, F0, i) + (N3550, F1, i)}
{(N1023, F0, i) + (N1842, F0, i)}
{(N1023, F0, i) + (N1618, F0, i)}
{(N1023, F0, i) + (N1070->N1548, F1, i)}
{(N1023, F0, i) + (N1548, F0, i)}
{(N1023, F0, i) + (N3312->N3693, F1, i)}
{(N1023, F0, i) + (N3693, F0, i)}
{(N3182, F0, i) + (N1074->N2372, F1, i)}
{(N3182, F0, i) + (N2372, F1, i)(N1074,0,i)}
{(N3182, F0, i) + (N3504->N3852, F1, i)}
{(N3182, F0, i) + (N3852, F1, i)(N1890,1,i)}
{(N3182, F0, i) + (N587, F1, i)(N887,1,i)}
{(N3182, F0, i) + (N3550, F1, i)}
{(N3182, F0, i) + (N1842, F0, i)}
{(N3182, F0, i) + (N1618, F0, i)}
{(N3182, F0, i) + (N1070->N1548, F1, i)}
{(N3182, F0, i) + (N1548, F0, i)}
{(N3182, F0, i) + (N3312->N3693, F1, i)}
{(N3182, F0, i) + (N3693, F0, i)}
{(N654->N2043, F1, i) + (N1074->N2372, F1, i)}
{(N654->N2043, F1, i) + (N2372, F1, i)(N1074,0,i)}
{(N654->N2043, F1, i) + (N3504->N3852, F1, i)}
{(N654->N2043, F1, i) + (N3852, F1, i)(N1890,1,i)}
{(N654->N2043, F1, i) + (N587, F1, i)(N887,1,i)}
{(N654->N2043, F1, i) + (N3550, F1, i)}
{(N654->N2043, F1, i) + (N1842, F0, i)}
{(N654->N2043, F1, i) + (N1618, F0, i)}
{(N654->N2043, F1, i) + (N1070->N1548, F1, i)}
{(N654->N2043, F1, i) + (N1548, F0, i)}
{(N654->N2043, F1, i) + (N3312->N3693, F1, i)}
{(N654->N2043, F1, i) + (N3693, F0, i)}
{(N2043, F0, i) + (N1074->N2372, F1, i)}
{(N2043, F0, i) + (N2372, F1, i)(N1074,0,i)}
{(N2043, F0, i) + (N3504->N3852, F1, i)}
{(N2043, F0, i) + (N3852, F1, i)(N1890,1,i)}
{(N2043, F0, i) + (N587, F1, i)(N887,1,i)}
{(N2043, F0, i) + (N3550, F1, i)}
{(N2043, F0, i) + (N1842, F0, i)}
{(N2043, F0, i) + (N1618, F0, i)}
{(N2043, F0, i) + (N1070->N1548, F1, i)}
{(N2043, F0, i) + (N1548, F0, i)}
{(N2043, F0, i) + (N3312->N3693, F1, i)}
{(N2043, F0, i) + (N3693, F0, i)}
{(N1082->N1601, F1, i) + (N1074->N2372, F1, i)}
{(N1082->N1601, F1, i) + (N2372, F1, i)(N1074,0,i)}
{(N1082->N1601, F1, i) + (N3504->N3852, F1, i)}
{(N1082->N1601, F1, i) + (N3852, F1, i)(N1890,1,i)}
{(N1082->N1601, F1, i) + (N587, F1, i)(N887,1,i)}
{(N1082->N1601, F1, i) + (N3550, F1, i)}
{(N1082->N1601, F1, i) + (N1842, F0, i)}
{(N1082->N1601, F1, i) + (N1618, F0, i)}
{(N1082->N1601, F1, i) + (N1070->N1548, F1, i)}
{(N1082->N1601, F1, i) + (N1548, F0, i)}
{(N1082->N1601, F1, i) + (N3312->N3693, F1, i)}
{(N1082->N1601, F1, i) + (N3693, F0, i)}
{(N1601, F0, i) + (N1074->N2372, F1, i)}
{(N1601, F0, i) + (N2372, F1, i)(N1074,0,i)}
{(N1601, F0, i) + (N3504->N3852, F1, i)}
{(N1601, F0, i) + (N3852, F1, i)(N1890,1,i)}
{(N1601, F0, i) + (N587, F1, i)(N887,1,i)}
{(N1601, F0, i) + (N3550, F1, i)}
{(N1601, F0, i) + (N1842, F0, i)}
{(N1601, F0, i) + (N1618, F0, i)}
{(N1601, F0, i) + (N1070->N1548, F1, i)}
{(N1601, F0, i) + (N1548, F0, i)}
{(N1601, F0, i) + (N3312->N3693, F1, i)}
{(N1601, F0, i) + (N3693, F0, i)}
