{(N705, F1, i)(N442,1,i) + (N1491, F0, i)}
{(N705, F1, i)(N442,1,i) + (N214->N1599, F0, i)}
{(N705, F1, i)(N442,1,i) + (N105->N1599, F0, i)}
{(N705, F1, i)(N442,1,i) + (N1599, F0, i)}
{(N3855, F1, i) + (N1491, F0, i)}
{(N3855, F1, i) + (N214->N1599, F0, i)}
{(N3855, F1, i) + (N105->N1599, F0, i)}
{(N3855, F1, i) + (N1599, F0, i)}
{(N518, F0, i) + (N1491, F0, i)}
{(N518, F0, i) + (N214->N1599, F0, i)}
{(N518, F0, i) + (N105->N1599, F0, i)}
{(N518, F0, i) + (N1599, F0, i)}
{(N1640, F0, i) + (N1491, F0, i)}
{(N1640, F0, i) + (N214->N1599, F0, i)}
{(N1640, F0, i) + (N105->N1599, F0, i)}
{(N1640, F0, i) + (N1599, F0, i)}
{(N699->N2862, F1, i) + (N1491, F0, i)}
{(N699->N2862, F1, i) + (N214->N1599, F0, i)}
{(N699->N2862, F1, i) + (N105->N1599, F0, i)}
{(N699->N2862, F1, i) + (N1599, F0, i)}
{(N2862, F0, i) + (N1491, F0, i)}
{(N2862, F0, i) + (N214->N1599, F0, i)}
{(N2862, F0, i) + (N105->N1599, F0, i)}
{(N2862, F0, i) + (N1599, F0, i)}
{(N3887->N3913, F1, i) + (N1491, F0, i)}
{(N3887->N3913, F1, i) + (N214->N1599, F0, i)}
{(N3887->N3913, F1, i) + (N105->N1599, F0, i)}
{(N3887->N3913, F1, i) + (N1599, F0, i)}
{(N3913, F0, i) + (N1491, F0, i)}
{(N3913, F0, i) + (N214->N1599, F0, i)}
{(N3913, F0, i) + (N105->N1599, F0, i)}
{(N3913, F0, i) + (N1599, F0, i)}
