{(N1314, F0, i) + (N2147, F1, i)(N2695,1,i)}
{(N1314, F0, i) + (N792, F1, i)}
{(N1314, F0, i) + (N1540, F0, i)}
{(N1314, F0, i) + (N2816->N1162, F0, i)}
{(N1314, F0, i) + (N1162, F0, i)}
{(N1314, F0, i) + (N1084->N2527, F1, i)}
{(N1314, F0, i) + (N2527, F0, i)}
{(N1314, F0, i) + (N160->N1654, F1, i)}
{(N1314, F0, i) + (N1654, F1, i)(N68,1,i)}
{(N1845, F0, i) + (N2147, F1, i)(N2695,1,i)}
{(N1845, F0, i) + (N792, F1, i)}
{(N1845, F0, i) + (N1540, F0, i)}
{(N1845, F0, i) + (N2816->N1162, F0, i)}
{(N1845, F0, i) + (N1162, F0, i)}
{(N1845, F0, i) + (N1084->N2527, F1, i)}
{(N1845, F0, i) + (N2527, F0, i)}
{(N1845, F0, i) + (N160->N1654, F1, i)}
{(N1845, F0, i) + (N1654, F1, i)(N68,1,i)}
{(N2249->N944, F1, i) + (N2147, F1, i)(N2695,1,i)}
{(N2249->N944, F1, i) + (N792, F1, i)}
{(N2249->N944, F1, i) + (N1540, F0, i)}
{(N2249->N944, F1, i) + (N2816->N1162, F0, i)}
{(N2249->N944, F1, i) + (N1162, F0, i)}
{(N2249->N944, F1, i) + (N1084->N2527, F1, i)}
{(N2249->N944, F1, i) + (N2527, F0, i)}
{(N2249->N944, F1, i) + (N160->N1654, F1, i)}
{(N2249->N944, F1, i) + (N1654, F1, i)(N68,1,i)}
{(N944, F0, i) + (N2147, F1, i)(N2695,1,i)}
{(N944, F0, i) + (N792, F1, i)}
{(N944, F0, i) + (N1540, F0, i)}
{(N944, F0, i) + (N2816->N1162, F0, i)}
{(N944, F0, i) + (N1162, F0, i)}
{(N944, F0, i) + (N1084->N2527, F1, i)}
{(N944, F0, i) + (N2527, F0, i)}
{(N944, F0, i) + (N160->N1654, F1, i)}
{(N944, F0, i) + (N1654, F1, i)(N68,1,i)}
{(N2080->N2873, F1, i) + (N2147, F1, i)(N2695,1,i)}
{(N2080->N2873, F1, i) + (N792, F1, i)}
{(N2080->N2873, F1, i) + (N1540, F0, i)}
{(N2080->N2873, F1, i) + (N2816->N1162, F0, i)}
{(N2080->N2873, F1, i) + (N1162, F0, i)}
{(N2080->N2873, F1, i) + (N1084->N2527, F1, i)}
{(N2080->N2873, F1, i) + (N2527, F0, i)}
{(N2080->N2873, F1, i) + (N160->N1654, F1, i)}
{(N2080->N2873, F1, i) + (N1654, F1, i)(N68,1,i)}
{(N2873, F0, i) + (N2147, F1, i)(N2695,1,i)}
{(N2873, F0, i) + (N792, F1, i)}
{(N2873, F0, i) + (N1540, F0, i)}
{(N2873, F0, i) + (N2816->N1162, F0, i)}
{(N2873, F0, i) + (N1162, F0, i)}
{(N2873, F0, i) + (N1084->N2527, F1, i)}
{(N2873, F0, i) + (N2527, F0, i)}
{(N2873, F0, i) + (N160->N1654, F1, i)}
{(N2873, F0, i) + (N1654, F1, i)(N68,1,i)}
