{(N1381, F1, i)(N3508,0,i) + (N2371, F0, i)}
{(N1381, F1, i)(N3508,0,i) + (N775, F0, i)}
{(N1381, F1, i)(N3508,0,i) + (N841->N749, F1, i)}
{(N1381, F1, i)(N3508,0,i) + (N749, F0, i)}
{(N1381, F1, i)(N3508,0,i) + (N1343->N2893, F1, i)}
{(N1381, F1, i)(N3508,0,i) + (N2893, F0, i)}
{(N3508, F1, i) + (N2371, F0, i)}
{(N3508, F1, i) + (N775, F0, i)}
{(N3508, F1, i) + (N841->N749, F1, i)}
{(N3508, F1, i) + (N749, F0, i)}
{(N3508, F1, i) + (N1343->N2893, F1, i)}
{(N3508, F1, i) + (N2893, F0, i)}
{(N580, F0, i) + (N2371, F0, i)}
{(N580, F0, i) + (N775, F0, i)}
{(N580, F0, i) + (N841->N749, F1, i)}
{(N580, F0, i) + (N749, F0, i)}
{(N580, F0, i) + (N1343->N2893, F1, i)}
{(N580, F0, i) + (N2893, F0, i)}
{(N1729->N3873, F0, i) + (N2371, F0, i)}
{(N1729->N3873, F0, i) + (N775, F0, i)}
{(N1729->N3873, F0, i) + (N841->N749, F1, i)}
{(N1729->N3873, F0, i) + (N749, F0, i)}
{(N1729->N3873, F0, i) + (N1343->N2893, F1, i)}
{(N1729->N3873, F0, i) + (N2893, F0, i)}
{(N3873, F0, i) + (N2371, F0, i)}
{(N3873, F0, i) + (N775, F0, i)}
{(N3873, F0, i) + (N841->N749, F1, i)}
{(N3873, F0, i) + (N749, F0, i)}
{(N3873, F0, i) + (N1343->N2893, F1, i)}
{(N3873, F0, i) + (N2893, F0, i)}
{(N2550->N3544, F1, i) + (N2371, F0, i)}
{(N2550->N3544, F1, i) + (N775, F0, i)}
{(N2550->N3544, F1, i) + (N841->N749, F1, i)}
{(N2550->N3544, F1, i) + (N749, F0, i)}
{(N2550->N3544, F1, i) + (N1343->N2893, F1, i)}
{(N2550->N3544, F1, i) + (N2893, F0, i)}
{(N3544, F0, i) + (N2371, F0, i)}
{(N3544, F0, i) + (N775, F0, i)}
{(N3544, F0, i) + (N841->N749, F1, i)}
{(N3544, F0, i) + (N749, F0, i)}
{(N3544, F0, i) + (N1343->N2893, F1, i)}
{(N3544, F0, i) + (N2893, F0, i)}
{(N134->N588, F1, i) + (N2371, F0, i)}
{(N134->N588, F1, i) + (N775, F0, i)}
{(N134->N588, F1, i) + (N841->N749, F1, i)}
{(N134->N588, F1, i) + (N749, F0, i)}
{(N134->N588, F1, i) + (N1343->N2893, F1, i)}
{(N134->N588, F1, i) + (N2893, F0, i)}
{(N588, F1, i)(N161,1,i) + (N2371, F0, i)}
{(N588, F1, i)(N161,1,i) + (N775, F0, i)}
{(N588, F1, i)(N161,1,i) + (N841->N749, F1, i)}
{(N588, F1, i)(N161,1,i) + (N749, F0, i)}
{(N588, F1, i)(N161,1,i) + (N1343->N2893, F1, i)}
{(N588, F1, i)(N161,1,i) + (N2893, F0, i)}
