{(N781, F0, i) + (N2258->N3398, F1, i)}
{(N781, F0, i) + (N3398, F1, i)(N3042,1,i)}
{(N781, F0, i) + (N3436->N2728, F1, i)}
{(N781, F0, i) + (N2728, F1, i)(N3436,0,i)}
{(N781, F0, i) + (N3830, F1, i)(N2776,0,i)}
{(N781, F0, i) + (N2776, F1, i)}
{(N781, F0, i) + (N1645, F0, i)}
{(N781, F0, i) + (N3076, F0, i)}
{(N781, F0, i) + (N2394->N2246, F1, i)}
{(N781, F0, i) + (N2246, F0, i)}
{(N781, F0, i) + (N2859->N2398, F1, i)}
{(N781, F0, i) + (N2398, F0, i)}
{(N1658, F0, i) + (N2258->N3398, F1, i)}
{(N1658, F0, i) + (N3398, F1, i)(N3042,1,i)}
{(N1658, F0, i) + (N3436->N2728, F1, i)}
{(N1658, F0, i) + (N2728, F1, i)(N3436,0,i)}
{(N1658, F0, i) + (N3830, F1, i)(N2776,0,i)}
{(N1658, F0, i) + (N2776, F1, i)}
{(N1658, F0, i) + (N1645, F0, i)}
{(N1658, F0, i) + (N3076, F0, i)}
{(N1658, F0, i) + (N2394->N2246, F1, i)}
{(N1658, F0, i) + (N2246, F0, i)}
{(N1658, F0, i) + (N2859->N2398, F1, i)}
{(N1658, F0, i) + (N2398, F0, i)}
{(N1077->N3484, F1, i) + (N2258->N3398, F1, i)}
{(N1077->N3484, F1, i) + (N3398, F1, i)(N3042,1,i)}
{(N1077->N3484, F1, i) + (N3436->N2728, F1, i)}
{(N1077->N3484, F1, i) + (N2728, F1, i)(N3436,0,i)}
{(N1077->N3484, F1, i) + (N3830, F1, i)(N2776,0,i)}
{(N1077->N3484, F1, i) + (N2776, F1, i)}
{(N1077->N3484, F1, i) + (N1645, F0, i)}
{(N1077->N3484, F1, i) + (N3076, F0, i)}
{(N1077->N3484, F1, i) + (N2394->N2246, F1, i)}
{(N1077->N3484, F1, i) + (N2246, F0, i)}
{(N1077->N3484, F1, i) + (N2859->N2398, F1, i)}
{(N1077->N3484, F1, i) + (N2398, F0, i)}
{(N3484, F0, i) + (N2258->N3398, F1, i)}
{(N3484, F0, i) + (N3398, F1, i)(N3042,1,i)}
{(N3484, F0, i) + (N3436->N2728, F1, i)}
{(N3484, F0, i) + (N2728, F1, i)(N3436,0,i)}
{(N3484, F0, i) + (N3830, F1, i)(N2776,0,i)}
{(N3484, F0, i) + (N2776, F1, i)}
{(N3484, F0, i) + (N1645, F0, i)}
{(N3484, F0, i) + (N3076, F0, i)}
{(N3484, F0, i) + (N2394->N2246, F1, i)}
{(N3484, F0, i) + (N2246, F0, i)}
{(N3484, F0, i) + (N2859->N2398, F1, i)}
{(N3484, F0, i) + (N2398, F0, i)}
{(N3939->N3090, F1, i) + (N2258->N3398, F1, i)}
{(N3939->N3090, F1, i) + (N3398, F1, i)(N3042,1,i)}
{(N3939->N3090, F1, i) + (N3436->N2728, F1, i)}
{(N3939->N3090, F1, i) + (N2728, F1, i)(N3436,0,i)}
{(N3939->N3090, F1, i) + (N3830, F1, i)(N2776,0,i)}
{(N3939->N3090, F1, i) + (N2776, F1, i)}
{(N3939->N3090, F1, i) + (N1645, F0, i)}
{(N3939->N3090, F1, i) + (N3076, F0, i)}
{(N3939->N3090, F1, i) + (N2394->N2246, F1, i)}
{(N3939->N3090, F1, i) + (N2246, F0, i)}
{(N3939->N3090, F1, i) + (N2859->N2398, F1, i)}
{(N3939->N3090, F1, i) + (N2398, F0, i)}
{(N3090, F0, i) + (N2258->N3398, F1, i)}
{(N3090, F0, i) + (N3398, F1, i)(N3042,1,i)}
{(N3090, F0, i) + (N3436->N2728, F1, i)}
{(N3090, F0, i) + (N2728, F1, i)(N3436,0,i)}
{(N3090, F0, i) + (N3830, F1, i)(N2776,0,i)}
{(N3090, F0, i) + (N2776, F1, i)}
{(N3090, F0, i) + (N1645, F0, i)}
{(N3090, F0, i) + (N3076, F0, i)}
{(N3090, F0, i) + (N2394->N2246, F1, i)}
{(N3090, F0, i) + (N2246, F0, i)}
{(N3090, F0, i) + (N2859->N2398, F1, i)}
{(N3090, F0, i) + (N2398, F0, i)}
