{(N900, F0, i) + (N2081, F0, i)(N2540,0,i)}
{(N900, F0, i) + (N2183, F0, i)}
{(N900, F0, i) + (N3283->N3243, F0, i)}
{(N900, F0, i) + (N3243, F0, i)}
{(N900, F0, i) + (N1572->N1105, F1, i)}
{(N900, F0, i) + (N1105, F0, i)}
{(N37->N2717, F0, i) + (N2081, F0, i)(N2540,0,i)}
{(N37->N2717, F0, i) + (N2183, F0, i)}
{(N37->N2717, F0, i) + (N3283->N3243, F0, i)}
{(N37->N2717, F0, i) + (N3243, F0, i)}
{(N37->N2717, F0, i) + (N1572->N1105, F1, i)}
{(N37->N2717, F0, i) + (N1105, F0, i)}
{(N241->N2717, F0, i) + (N2081, F0, i)(N2540,0,i)}
{(N241->N2717, F0, i) + (N2183, F0, i)}
{(N241->N2717, F0, i) + (N3283->N3243, F0, i)}
{(N241->N2717, F0, i) + (N3243, F0, i)}
{(N241->N2717, F0, i) + (N1572->N1105, F1, i)}
{(N241->N2717, F0, i) + (N1105, F0, i)}
{(N2717, F0, i) + (N2081, F0, i)(N2540,0,i)}
{(N2717, F0, i) + (N2183, F0, i)}
{(N2717, F0, i) + (N3283->N3243, F0, i)}
{(N2717, F0, i) + (N3243, F0, i)}
{(N2717, F0, i) + (N1572->N1105, F1, i)}
{(N2717, F0, i) + (N1105, F0, i)}
