{(N850, F0, i) + (N2561->N2564, F1, i)}
{(N850, F0, i) + (N2564, F1, i)(N2561,0,i)}
{(N850, F0, i) + (N1241->N3224, F1, i)}
{(N850, F0, i) + (N3224, F1, i)(N2055,1,i)}
{(N850, F0, i) + (N3083, F1, i)(N3208,0,i)}
{(N850, F0, i) + (N3208, F1, i)}
{(N850, F0, i) + (N1010, F0, i)}
{(N850, F0, i) + (N3759, F0, i)}
{(N850, F0, i) + (N3335->N3397, F1, i)}
{(N850, F0, i) + (N3397, F0, i)}
{(N850, F0, i) + (N1074->N2141, F1, i)}
{(N850, F0, i) + (N2141, F0, i)}
{(N3722, F0, i) + (N2561->N2564, F1, i)}
{(N3722, F0, i) + (N2564, F1, i)(N2561,0,i)}
{(N3722, F0, i) + (N1241->N3224, F1, i)}
{(N3722, F0, i) + (N3224, F1, i)(N2055,1,i)}
{(N3722, F0, i) + (N3083, F1, i)(N3208,0,i)}
{(N3722, F0, i) + (N3208, F1, i)}
{(N3722, F0, i) + (N1010, F0, i)}
{(N3722, F0, i) + (N3759, F0, i)}
{(N3722, F0, i) + (N3335->N3397, F1, i)}
{(N3722, F0, i) + (N3397, F0, i)}
{(N3722, F0, i) + (N1074->N2141, F1, i)}
{(N3722, F0, i) + (N2141, F0, i)}
{(N3402->N2972, F1, i) + (N2561->N2564, F1, i)}
{(N3402->N2972, F1, i) + (N2564, F1, i)(N2561,0,i)}
{(N3402->N2972, F1, i) + (N1241->N3224, F1, i)}
{(N3402->N2972, F1, i) + (N3224, F1, i)(N2055,1,i)}
{(N3402->N2972, F1, i) + (N3083, F1, i)(N3208,0,i)}
{(N3402->N2972, F1, i) + (N3208, F1, i)}
{(N3402->N2972, F1, i) + (N1010, F0, i)}
{(N3402->N2972, F1, i) + (N3759, F0, i)}
{(N3402->N2972, F1, i) + (N3335->N3397, F1, i)}
{(N3402->N2972, F1, i) + (N3397, F0, i)}
{(N3402->N2972, F1, i) + (N1074->N2141, F1, i)}
{(N3402->N2972, F1, i) + (N2141, F0, i)}
{(N2972, F0, i) + (N2561->N2564, F1, i)}
{(N2972, F0, i) + (N2564, F1, i)(N2561,0,i)}
{(N2972, F0, i) + (N1241->N3224, F1, i)}
{(N2972, F0, i) + (N3224, F1, i)(N2055,1,i)}
{(N2972, F0, i) + (N3083, F1, i)(N3208,0,i)}
{(N2972, F0, i) + (N3208, F1, i)}
{(N2972, F0, i) + (N1010, F0, i)}
{(N2972, F0, i) + (N3759, F0, i)}
{(N2972, F0, i) + (N3335->N3397, F1, i)}
{(N2972, F0, i) + (N3397, F0, i)}
{(N2972, F0, i) + (N1074->N2141, F1, i)}
{(N2972, F0, i) + (N2141, F0, i)}
{(N487->N2330, F1, i) + (N2561->N2564, F1, i)}
{(N487->N2330, F1, i) + (N2564, F1, i)(N2561,0,i)}
{(N487->N2330, F1, i) + (N1241->N3224, F1, i)}
{(N487->N2330, F1, i) + (N3224, F1, i)(N2055,1,i)}
{(N487->N2330, F1, i) + (N3083, F1, i)(N3208,0,i)}
{(N487->N2330, F1, i) + (N3208, F1, i)}
{(N487->N2330, F1, i) + (N1010, F0, i)}
{(N487->N2330, F1, i) + (N3759, F0, i)}
{(N487->N2330, F1, i) + (N3335->N3397, F1, i)}
{(N487->N2330, F1, i) + (N3397, F0, i)}
{(N487->N2330, F1, i) + (N1074->N2141, F1, i)}
{(N487->N2330, F1, i) + (N2141, F0, i)}
{(N2330, F0, i) + (N2561->N2564, F1, i)}
{(N2330, F0, i) + (N2564, F1, i)(N2561,0,i)}
{(N2330, F0, i) + (N1241->N3224, F1, i)}
{(N2330, F0, i) + (N3224, F1, i)(N2055,1,i)}
{(N2330, F0, i) + (N3083, F1, i)(N3208,0,i)}
{(N2330, F0, i) + (N3208, F1, i)}
{(N2330, F0, i) + (N1010, F0, i)}
{(N2330, F0, i) + (N3759, F0, i)}
{(N2330, F0, i) + (N3335->N3397, F1, i)}
{(N2330, F0, i) + (N3397, F0, i)}
{(N2330, F0, i) + (N1074->N2141, F1, i)}
{(N2330, F0, i) + (N2141, F0, i)}
