{(N2371, F0, i) + (N2883, F1, i)(N688,1,i)}
{(N2371, F0, i) + (N3030, F1, i)}
{(N2371, F0, i) + (N578, F0, i)}
{(N2371, F0, i) + (N2368->N2998, F0, i)}
{(N2371, F0, i) + (N2998, F0, i)}
{(N2371, F0, i) + (N2465->N2386, F1, i)}
{(N2371, F0, i) + (N2386, F0, i)}
{(N775, F0, i) + (N2883, F1, i)(N688,1,i)}
{(N775, F0, i) + (N3030, F1, i)}
{(N775, F0, i) + (N578, F0, i)}
{(N775, F0, i) + (N2368->N2998, F0, i)}
{(N775, F0, i) + (N2998, F0, i)}
{(N775, F0, i) + (N2465->N2386, F1, i)}
{(N775, F0, i) + (N2386, F0, i)}
{(N841->N749, F1, i) + (N2883, F1, i)(N688,1,i)}
{(N841->N749, F1, i) + (N3030, F1, i)}
{(N841->N749, F1, i) + (N578, F0, i)}
{(N841->N749, F1, i) + (N2368->N2998, F0, i)}
{(N841->N749, F1, i) + (N2998, F0, i)}
{(N841->N749, F1, i) + (N2465->N2386, F1, i)}
{(N841->N749, F1, i) + (N2386, F0, i)}
{(N749, F0, i) + (N2883, F1, i)(N688,1,i)}
{(N749, F0, i) + (N3030, F1, i)}
{(N749, F0, i) + (N578, F0, i)}
{(N749, F0, i) + (N2368->N2998, F0, i)}
{(N749, F0, i) + (N2998, F0, i)}
{(N749, F0, i) + (N2465->N2386, F1, i)}
{(N749, F0, i) + (N2386, F0, i)}
{(N1343->N2893, F1, i) + (N2883, F1, i)(N688,1,i)}
{(N1343->N2893, F1, i) + (N3030, F1, i)}
{(N1343->N2893, F1, i) + (N578, F0, i)}
{(N1343->N2893, F1, i) + (N2368->N2998, F0, i)}
{(N1343->N2893, F1, i) + (N2998, F0, i)}
{(N1343->N2893, F1, i) + (N2465->N2386, F1, i)}
{(N1343->N2893, F1, i) + (N2386, F0, i)}
{(N2893, F0, i) + (N2883, F1, i)(N688,1,i)}
{(N2893, F0, i) + (N3030, F1, i)}
{(N2893, F0, i) + (N578, F0, i)}
{(N2893, F0, i) + (N2368->N2998, F0, i)}
{(N2893, F0, i) + (N2998, F0, i)}
{(N2893, F0, i) + (N2465->N2386, F1, i)}
{(N2893, F0, i) + (N2386, F0, i)}
