{(and_not_n1064_not_n1066, F1, i)(not_n1066,1,i) + (and_n1251_n1270, F1, i)(n1251,1,i)}
{(and_not_n1064_not_n1066, F1, i)(not_n1066,1,i) + (n1270, F1, i)}
{(and_not_n1064_not_n1066, F1, i)(not_n1066,1,i) + (and_not_pi136_not_pi137_1, F1, i)}
{(not_n1064, F1, i) + (and_n1251_n1270, F1, i)(n1251,1,i)}
{(not_n1064, F1, i) + (n1270, F1, i)}
{(not_n1064, F1, i) + (and_not_pi136_not_pi137_1, F1, i)}
{(n1064, F0, i) + (and_n1251_n1270, F1, i)(n1251,1,i)}
{(n1064, F0, i) + (n1270, F1, i)}
{(n1064, F0, i) + (and_not_pi136_not_pi137_1, F1, i)}
{(pi082->and_pi082_not_n408, F0, i) + (and_n1251_n1270, F1, i)(n1251,1,i)}
{(pi082->and_pi082_not_n408, F0, i) + (n1270, F1, i)}
{(pi082->and_pi082_not_n408, F0, i) + (and_not_pi136_not_pi137_1, F1, i)}
{(and_pi082_not_n408, F0, i) + (and_n1251_n1270, F1, i)(n1251,1,i)}
{(and_pi082_not_n408, F0, i) + (n1270, F1, i)}
{(and_pi082_not_n408, F0, i) + (and_not_pi136_not_pi137_1, F1, i)}
{(n408->not_n408, F1, i) + (and_n1251_n1270, F1, i)(n1251,1,i)}
{(n408->not_n408, F1, i) + (n1270, F1, i)}
{(n408->not_n408, F1, i) + (and_not_pi136_not_pi137_1, F1, i)}
{(not_n408, F0, i) + (and_n1251_n1270, F1, i)(n1251,1,i)}
{(not_n408, F0, i) + (n1270, F1, i)}
{(not_n408, F0, i) + (and_not_pi136_not_pi137_1, F1, i)}
