{(and_not_n1308_not_n1309, F1, i)(not_n1309,0,i) + (and_not_pi009_not_pi011, F1, i)(not_pi011,1,i)}
{(and_not_n1308_not_n1309, F1, i)(not_n1309,0,i) + (pi009->not_pi009, F0, i)}
{(and_not_n1308_not_n1309, F1, i)(not_n1309,0,i) + (not_pi009, F1, i)}
{(not_n1309, F1, i) + (and_not_pi009_not_pi011, F1, i)(not_pi011,1,i)}
{(not_n1309, F1, i) + (pi009->not_pi009, F0, i)}
{(not_n1309, F1, i) + (not_pi009, F1, i)}
{(n1309, F0, i) + (and_not_pi009_not_pi011, F1, i)(not_pi011,1,i)}
{(n1309, F0, i) + (pi009->not_pi009, F0, i)}
{(n1309, F0, i) + (not_pi009, F1, i)}
{(n1271->and_not_pi142_0_n1271, F0, i) + (and_not_pi009_not_pi011, F1, i)(not_pi011,1,i)}
{(n1271->and_not_pi142_0_n1271, F0, i) + (pi009->not_pi009, F0, i)}
{(n1271->and_not_pi142_0_n1271, F0, i) + (not_pi009, F1, i)}
{(and_not_pi142_0_n1271, F0, i) + (and_not_pi009_not_pi011, F1, i)(not_pi011,1,i)}
{(and_not_pi142_0_n1271, F0, i) + (pi009->not_pi009, F0, i)}
{(and_not_pi142_0_n1271, F0, i) + (not_pi009, F1, i)}
{(pi142->not_pi142_0, F1, i) + (and_not_pi009_not_pi011, F1, i)(not_pi011,1,i)}
{(pi142->not_pi142_0, F1, i) + (pi009->not_pi009, F0, i)}
{(pi142->not_pi142_0, F1, i) + (not_pi009, F1, i)}
{(not_pi142_0, F0, i) + (and_not_pi009_not_pi011, F1, i)(not_pi011,1,i)}
{(not_pi142_0, F0, i) + (pi009->not_pi009, F0, i)}
{(not_pi142_0, F0, i) + (not_pi009, F1, i)}
