{(and_not_pi013_5_n450, F1, i)(n450,1,i) + (and_not_pi129_3788186922656647816827176259430_not_n1060, F1, i)(not_pi129_3788186922656647816827176259430,1,i)}
{(and_not_pi013_5_n450, F1, i)(n450,1,i) + (not_n1060, F1, i)}
{(and_not_pi013_5_n450, F1, i)(n450,1,i) + (n1060, F0, i)}
{(and_not_pi013_5_n450, F1, i)(n450,1,i) + (n1054->and_n1054_n1059, F0, i)}
{(and_not_pi013_5_n450, F1, i)(n450,1,i) + (and_n1054_n1059, F0, i)}
{(and_not_pi013_5_n450, F1, i)(n450,1,i) + (n1059, F0, i)}
{(and_not_pi013_5_n450, F1, i)(n450,1,i) + (pi082->and_pi046_pi082, F0, i)}
{(and_not_pi013_5_n450, F1, i)(n450,1,i) + (pi046->and_pi046_pi082, F0, i)}
{(and_not_pi013_5_n450, F1, i)(n450,1,i) + (and_pi046_pi082, F0, i)}
{(pi013->not_pi013_5, F0, i) + (and_not_pi129_3788186922656647816827176259430_not_n1060, F1, i)(not_pi129_3788186922656647816827176259430,1,i)}
{(pi013->not_pi013_5, F0, i) + (not_n1060, F1, i)}
{(pi013->not_pi013_5, F0, i) + (n1060, F0, i)}
{(pi013->not_pi013_5, F0, i) + (n1054->and_n1054_n1059, F0, i)}
{(pi013->not_pi013_5, F0, i) + (and_n1054_n1059, F0, i)}
{(pi013->not_pi013_5, F0, i) + (n1059, F0, i)}
{(pi013->not_pi013_5, F0, i) + (pi082->and_pi046_pi082, F0, i)}
{(pi013->not_pi013_5, F0, i) + (pi046->and_pi046_pi082, F0, i)}
{(pi013->not_pi013_5, F0, i) + (and_pi046_pi082, F0, i)}
{(not_pi013_5, F1, i) + (and_not_pi129_3788186922656647816827176259430_not_n1060, F1, i)(not_pi129_3788186922656647816827176259430,1,i)}
{(not_pi013_5, F1, i) + (not_n1060, F1, i)}
{(not_pi013_5, F1, i) + (n1060, F0, i)}
{(not_pi013_5, F1, i) + (n1054->and_n1054_n1059, F0, i)}
{(not_pi013_5, F1, i) + (and_n1054_n1059, F0, i)}
{(not_pi013_5, F1, i) + (n1059, F0, i)}
{(not_pi013_5, F1, i) + (pi082->and_pi046_pi082, F0, i)}
{(not_pi013_5, F1, i) + (pi046->and_pi046_pi082, F0, i)}
{(not_pi013_5, F1, i) + (and_pi046_pi082, F0, i)}
