{(and_n571_n574, F1, i)(n571,1,i) + (and_not_n1537_not_n1541, F1, i)(not_n1537,0,i)}
{(and_n571_n574, F1, i)(n571,1,i) + (not_n1537, F1, i)}
{(and_n571_n574, F1, i)(n571,1,i) + (n1537, F0, i)}
{(and_n571_n574, F1, i)(n571,1,i) + (pi136->and_pi136_not_n1536, F0, i)}
{(and_n571_n574, F1, i)(n571,1,i) + (and_pi136_not_n1536, F0, i)}
{(and_n571_n574, F1, i)(n571,1,i) + (not_n1536, F0, i)}
{(and_n571_n574, F1, i)(n571,1,i) + (n1536, F1, i)}
{(and_n571_n574, F1, i)(n571,1,i) + (and_not_n1534_not_n1535, F1, i)}
{(n574, F1, i) + (and_not_n1537_not_n1541, F1, i)(not_n1537,0,i)}
{(n574, F1, i) + (not_n1537, F1, i)}
{(n574, F1, i) + (n1537, F0, i)}
{(n574, F1, i) + (pi136->and_pi136_not_n1536, F0, i)}
{(n574, F1, i) + (and_pi136_not_n1536, F0, i)}
{(n574, F1, i) + (not_n1536, F0, i)}
{(n574, F1, i) + (n1536, F1, i)}
{(n574, F1, i) + (and_not_n1534_not_n1535, F1, i)}
{(and_not_pi015_0_n573, F1, i) + (and_not_n1537_not_n1541, F1, i)(not_n1537,0,i)}
{(and_not_pi015_0_n573, F1, i) + (not_n1537, F1, i)}
{(and_not_pi015_0_n573, F1, i) + (n1537, F0, i)}
{(and_not_pi015_0_n573, F1, i) + (pi136->and_pi136_not_n1536, F0, i)}
{(and_not_pi015_0_n573, F1, i) + (and_pi136_not_n1536, F0, i)}
{(and_not_pi015_0_n573, F1, i) + (not_n1536, F0, i)}
{(and_not_pi015_0_n573, F1, i) + (n1536, F1, i)}
{(and_not_pi015_0_n573, F1, i) + (and_not_n1534_not_n1535, F1, i)}
