{(and_pi100_not_n716, F1, i)(pi100,1,i) + (and_pi053_not_pi058_4, F1, i)(pi053,1,i)}
{(and_pi100_not_n716, F1, i)(pi100,1,i) + (pi058->not_pi058_4, F0, i)}
{(and_pi100_not_n716, F1, i)(pi100,1,i) + (not_pi058_4, F1, i)}
{(not_n716, F1, i) + (and_pi053_not_pi058_4, F1, i)(pi053,1,i)}
{(not_n716, F1, i) + (pi058->not_pi058_4, F0, i)}
{(not_n716, F1, i) + (not_pi058_4, F1, i)}
{(n716, F0, i) + (and_pi053_not_pi058_4, F1, i)(pi053,1,i)}
{(n716, F0, i) + (pi058->not_pi058_4, F0, i)}
{(n716, F0, i) + (not_pi058_4, F1, i)}
{(and_not_n713_not_n715, F0, i) + (and_pi053_not_pi058_4, F1, i)(pi053,1,i)}
{(and_not_n713_not_n715, F0, i) + (pi058->not_pi058_4, F0, i)}
{(and_not_n713_not_n715, F0, i) + (not_pi058_4, F1, i)}
{(not_n715, F0, i) + (and_pi053_not_pi058_4, F1, i)(pi053,1,i)}
{(not_n715, F0, i) + (pi058->not_pi058_4, F0, i)}
{(not_n715, F0, i) + (not_pi058_4, F1, i)}
{(n713->not_n713, F1, i) + (and_pi053_not_pi058_4, F1, i)(pi053,1,i)}
{(n713->not_n713, F1, i) + (pi058->not_pi058_4, F0, i)}
{(n713->not_n713, F1, i) + (not_pi058_4, F1, i)}
{(not_n713, F0, i) + (and_pi053_not_pi058_4, F1, i)(pi053,1,i)}
{(not_n713, F0, i) + (pi058->not_pi058_4, F0, i)}
{(not_n713, F0, i) + (not_pi058_4, F1, i)}
{(n715, F1, i) + (and_pi053_not_pi058_4, F1, i)(pi053,1,i)}
{(n715, F1, i) + (pi058->not_pi058_4, F0, i)}
{(n715, F1, i) + (not_pi058_4, F1, i)}
{(and_not_pi096_n714, F1, i) + (and_pi053_not_pi058_4, F1, i)(pi053,1,i)}
{(and_not_pi096_n714, F1, i) + (pi058->not_pi058_4, F0, i)}
{(and_not_pi096_n714, F1, i) + (not_pi058_4, F1, i)}
