{(and_not_n1524_not_n1525, F1, i)(not_n1524,0,i) + (and_not_pi129_3430_not_n565, F1, i)(not_n565,1,i)}
{(and_not_n1524_not_n1525, F1, i)(not_n1524,0,i) + (pi129->not_pi129_3430, F0, i)}
{(and_not_n1524_not_n1525, F1, i)(not_n1524,0,i) + (not_pi129_3430, F1, i)}
{(not_n1524, F1, i) + (and_not_pi129_3430_not_n565, F1, i)(not_n565,1,i)}
{(not_n1524, F1, i) + (pi129->not_pi129_3430, F0, i)}
{(not_n1524, F1, i) + (not_pi129_3430, F1, i)}
{(n1524, F0, i) + (and_not_pi129_3430_not_n565, F1, i)(not_n565,1,i)}
{(n1524, F0, i) + (pi129->not_pi129_3430, F0, i)}
{(n1524, F0, i) + (not_pi129_3430, F1, i)}
{(and_not_pi136_3430_not_n1523, F0, i) + (and_not_pi129_3430_not_n565, F1, i)(not_n565,1,i)}
{(and_not_pi136_3430_not_n1523, F0, i) + (pi129->not_pi129_3430, F0, i)}
{(and_not_pi136_3430_not_n1523, F0, i) + (not_pi129_3430, F1, i)}
{(pi136->not_pi136_3430, F1, i) + (and_not_pi129_3430_not_n565, F1, i)(not_n565,1,i)}
{(pi136->not_pi136_3430, F1, i) + (pi129->not_pi129_3430, F0, i)}
{(pi136->not_pi136_3430, F1, i) + (not_pi129_3430, F1, i)}
{(not_pi136_3430, F0, i) + (and_not_pi129_3430_not_n565, F1, i)(not_n565,1,i)}
{(not_pi136_3430, F0, i) + (pi129->not_pi129_3430, F0, i)}
{(not_pi136_3430, F0, i) + (not_pi129_3430, F1, i)}
{(not_n1523, F0, i) + (and_not_pi129_3430_not_n565, F1, i)(not_n565,1,i)}
{(not_n1523, F0, i) + (pi129->not_pi129_3430, F0, i)}
{(not_n1523, F0, i) + (not_pi129_3430, F1, i)}
{(n1523, F1, i) + (and_not_pi129_3430_not_n565, F1, i)(not_n565,1,i)}
{(n1523, F1, i) + (pi129->not_pi129_3430, F0, i)}
{(n1523, F1, i) + (not_pi129_3430, F1, i)}
{(and_not_n1521_not_n1522, F1, i) + (and_not_pi129_3430_not_n565, F1, i)(not_n565,1,i)}
{(and_not_n1521_not_n1522, F1, i) + (pi129->not_pi129_3430, F0, i)}
{(and_not_n1521_not_n1522, F1, i) + (not_pi129_3430, F1, i)}
