{(and_not_n1068_n1078, F1, i)(n1078,1,i) + (and_not_n1010_n1014, F1, i)(not_n1010,0,i)}
{(and_not_n1068_n1078, F1, i)(n1078,1,i) + (not_n1010, F1, i)}
{(and_not_n1068_n1078, F1, i)(n1078,1,i) + (n1010, F0, i)}
{(and_not_n1068_n1078, F1, i)(n1078,1,i) + (pi077->and_pi077_n1009, F0, i)}
{(and_not_n1068_n1078, F1, i)(n1078,1,i) + (and_pi077_n1009, F0, i)}
{(and_not_n1068_n1078, F1, i)(n1078,1,i) + (n1009, F0, i)}
{(and_not_n1068_n1078, F1, i)(n1078,1,i) + (and_not_n379_7_not_n1008, F0, i)}
{(and_not_n1068_n1078, F1, i)(n1078,1,i) + (n379->not_n379_7, F1, i)}
{(and_not_n1068_n1078, F1, i)(n1078,1,i) + (not_n379_7, F0, i)}
{(and_not_n1068_n1078, F1, i)(n1078,1,i) + (not_n1008, F0, i)}
{(and_not_n1068_n1078, F1, i)(n1078,1,i) + (n1008, F1, i)}
{(and_not_n1068_n1078, F1, i)(n1078,1,i) + (and_pi082_not_n1007, F1, i)}
{(not_n1068, F1, i) + (and_not_n1010_n1014, F1, i)(not_n1010,0,i)}
{(not_n1068, F1, i) + (not_n1010, F1, i)}
{(not_n1068, F1, i) + (n1010, F0, i)}
{(not_n1068, F1, i) + (pi077->and_pi077_n1009, F0, i)}
{(not_n1068, F1, i) + (and_pi077_n1009, F0, i)}
{(not_n1068, F1, i) + (n1009, F0, i)}
{(not_n1068, F1, i) + (and_not_n379_7_not_n1008, F0, i)}
{(not_n1068, F1, i) + (n379->not_n379_7, F1, i)}
{(not_n1068, F1, i) + (not_n379_7, F0, i)}
{(not_n1068, F1, i) + (not_n1008, F0, i)}
{(not_n1068, F1, i) + (n1008, F1, i)}
{(not_n1068, F1, i) + (and_pi082_not_n1007, F1, i)}
{(n1068, F0, i) + (and_not_n1010_n1014, F1, i)(not_n1010,0,i)}
{(n1068, F0, i) + (not_n1010, F1, i)}
{(n1068, F0, i) + (n1010, F0, i)}
{(n1068, F0, i) + (pi077->and_pi077_n1009, F0, i)}
{(n1068, F0, i) + (and_pi077_n1009, F0, i)}
{(n1068, F0, i) + (n1009, F0, i)}
{(n1068, F0, i) + (and_not_n379_7_not_n1008, F0, i)}
{(n1068, F0, i) + (n379->not_n379_7, F1, i)}
{(n1068, F0, i) + (not_n379_7, F0, i)}
{(n1068, F0, i) + (not_n1008, F0, i)}
{(n1068, F0, i) + (n1008, F1, i)}
{(n1068, F0, i) + (and_pi082_not_n1007, F1, i)}
{(and_not_pi047_3_not_n1067, F0, i) + (and_not_n1010_n1014, F1, i)(not_n1010,0,i)}
{(and_not_pi047_3_not_n1067, F0, i) + (not_n1010, F1, i)}
{(and_not_pi047_3_not_n1067, F0, i) + (n1010, F0, i)}
{(and_not_pi047_3_not_n1067, F0, i) + (pi077->and_pi077_n1009, F0, i)}
{(and_not_pi047_3_not_n1067, F0, i) + (and_pi077_n1009, F0, i)}
{(and_not_pi047_3_not_n1067, F0, i) + (n1009, F0, i)}
{(and_not_pi047_3_not_n1067, F0, i) + (and_not_n379_7_not_n1008, F0, i)}
{(and_not_pi047_3_not_n1067, F0, i) + (n379->not_n379_7, F1, i)}
{(and_not_pi047_3_not_n1067, F0, i) + (not_n379_7, F0, i)}
{(and_not_pi047_3_not_n1067, F0, i) + (not_n1008, F0, i)}
{(and_not_pi047_3_not_n1067, F0, i) + (n1008, F1, i)}
{(and_not_pi047_3_not_n1067, F0, i) + (and_pi082_not_n1007, F1, i)}
{(pi047->not_pi047_3, F1, i) + (and_not_n1010_n1014, F1, i)(not_n1010,0,i)}
{(pi047->not_pi047_3, F1, i) + (not_n1010, F1, i)}
{(pi047->not_pi047_3, F1, i) + (n1010, F0, i)}
{(pi047->not_pi047_3, F1, i) + (pi077->and_pi077_n1009, F0, i)}
{(pi047->not_pi047_3, F1, i) + (and_pi077_n1009, F0, i)}
{(pi047->not_pi047_3, F1, i) + (n1009, F0, i)}
{(pi047->not_pi047_3, F1, i) + (and_not_n379_7_not_n1008, F0, i)}
{(pi047->not_pi047_3, F1, i) + (n379->not_n379_7, F1, i)}
{(pi047->not_pi047_3, F1, i) + (not_n379_7, F0, i)}
{(pi047->not_pi047_3, F1, i) + (not_n1008, F0, i)}
{(pi047->not_pi047_3, F1, i) + (n1008, F1, i)}
{(pi047->not_pi047_3, F1, i) + (and_pi082_not_n1007, F1, i)}
{(not_pi047_3, F0, i) + (and_not_n1010_n1014, F1, i)(not_n1010,0,i)}
{(not_pi047_3, F0, i) + (not_n1010, F1, i)}
{(not_pi047_3, F0, i) + (n1010, F0, i)}
{(not_pi047_3, F0, i) + (pi077->and_pi077_n1009, F0, i)}
{(not_pi047_3, F0, i) + (and_pi077_n1009, F0, i)}
{(not_pi047_3, F0, i) + (n1009, F0, i)}
{(not_pi047_3, F0, i) + (and_not_n379_7_not_n1008, F0, i)}
{(not_pi047_3, F0, i) + (n379->not_n379_7, F1, i)}
{(not_pi047_3, F0, i) + (not_n379_7, F0, i)}
{(not_pi047_3, F0, i) + (not_n1008, F0, i)}
{(not_pi047_3, F0, i) + (n1008, F1, i)}
{(not_pi047_3, F0, i) + (and_pi082_not_n1007, F1, i)}
{(not_n1067, F0, i) + (and_not_n1010_n1014, F1, i)(not_n1010,0,i)}
{(not_n1067, F0, i) + (not_n1010, F1, i)}
{(not_n1067, F0, i) + (n1010, F0, i)}
{(not_n1067, F0, i) + (pi077->and_pi077_n1009, F0, i)}
{(not_n1067, F0, i) + (and_pi077_n1009, F0, i)}
{(not_n1067, F0, i) + (n1009, F0, i)}
{(not_n1067, F0, i) + (and_not_n379_7_not_n1008, F0, i)}
{(not_n1067, F0, i) + (n379->not_n379_7, F1, i)}
{(not_n1067, F0, i) + (not_n379_7, F0, i)}
{(not_n1067, F0, i) + (not_n1008, F0, i)}
{(not_n1067, F0, i) + (n1008, F1, i)}
{(not_n1067, F0, i) + (and_pi082_not_n1007, F1, i)}
{(n1067, F1, i) + (and_not_n1010_n1014, F1, i)(not_n1010,0,i)}
{(n1067, F1, i) + (not_n1010, F1, i)}
{(n1067, F1, i) + (n1010, F0, i)}
{(n1067, F1, i) + (pi077->and_pi077_n1009, F0, i)}
{(n1067, F1, i) + (and_pi077_n1009, F0, i)}
{(n1067, F1, i) + (n1009, F0, i)}
{(n1067, F1, i) + (and_not_n379_7_not_n1008, F0, i)}
{(n1067, F1, i) + (n379->not_n379_7, F1, i)}
{(n1067, F1, i) + (not_n379_7, F0, i)}
{(n1067, F1, i) + (not_n1008, F0, i)}
{(n1067, F1, i) + (n1008, F1, i)}
{(n1067, F1, i) + (and_pi082_not_n1007, F1, i)}
{(and_not_n1064_not_n1066, F1, i) + (and_not_n1010_n1014, F1, i)(not_n1010,0,i)}
{(and_not_n1064_not_n1066, F1, i) + (not_n1010, F1, i)}
{(and_not_n1064_not_n1066, F1, i) + (n1010, F0, i)}
{(and_not_n1064_not_n1066, F1, i) + (pi077->and_pi077_n1009, F0, i)}
{(and_not_n1064_not_n1066, F1, i) + (and_pi077_n1009, F0, i)}
{(and_not_n1064_not_n1066, F1, i) + (n1009, F0, i)}
{(and_not_n1064_not_n1066, F1, i) + (and_not_n379_7_not_n1008, F0, i)}
{(and_not_n1064_not_n1066, F1, i) + (n379->not_n379_7, F1, i)}
{(and_not_n1064_not_n1066, F1, i) + (not_n379_7, F0, i)}
{(and_not_n1064_not_n1066, F1, i) + (not_n1008, F0, i)}
{(and_not_n1064_not_n1066, F1, i) + (n1008, F1, i)}
{(and_not_n1064_not_n1066, F1, i) + (and_pi082_not_n1007, F1, i)}
