{(and_not_n1174_not_n1176, F1, i)(not_n1176,0,i) + (and_not_pi129_302268019717750559482470516839540966128657419430_not_n1379, F1, i)(not_n1379,1,i)}
{(and_not_n1174_not_n1176, F1, i)(not_n1176,0,i) + (pi129->not_pi129_302268019717750559482470516839540966128657419430, F0, i)}
{(and_not_n1174_not_n1176, F1, i)(not_n1176,0,i) + (not_pi129_302268019717750559482470516839540966128657419430, F1, i)}
{(not_n1176, F1, i) + (and_not_pi129_302268019717750559482470516839540966128657419430_not_n1379, F1, i)(not_n1379,1,i)}
{(not_n1176, F1, i) + (pi129->not_pi129_302268019717750559482470516839540966128657419430, F0, i)}
{(not_n1176, F1, i) + (not_pi129_302268019717750559482470516839540966128657419430, F1, i)}
{(n1176, F0, i) + (and_not_pi129_302268019717750559482470516839540966128657419430_not_n1379, F1, i)(not_n1379,1,i)}
{(n1176, F0, i) + (pi129->not_pi129_302268019717750559482470516839540966128657419430, F0, i)}
{(n1176, F0, i) + (not_pi129_302268019717750559482470516839540966128657419430, F1, i)}
{(n1175->and_not_pi058_7_n1175, F0, i) + (and_not_pi129_302268019717750559482470516839540966128657419430_not_n1379, F1, i)(not_n1379,1,i)}
{(n1175->and_not_pi058_7_n1175, F0, i) + (pi129->not_pi129_302268019717750559482470516839540966128657419430, F0, i)}
{(n1175->and_not_pi058_7_n1175, F0, i) + (not_pi129_302268019717750559482470516839540966128657419430, F1, i)}
{(and_not_pi058_7_n1175, F0, i) + (and_not_pi129_302268019717750559482470516839540966128657419430_not_n1379, F1, i)(not_n1379,1,i)}
{(and_not_pi058_7_n1175, F0, i) + (pi129->not_pi129_302268019717750559482470516839540966128657419430, F0, i)}
{(and_not_pi058_7_n1175, F0, i) + (not_pi129_302268019717750559482470516839540966128657419430, F1, i)}
{(pi058->not_pi058_7, F1, i) + (and_not_pi129_302268019717750559482470516839540966128657419430_not_n1379, F1, i)(not_n1379,1,i)}
{(pi058->not_pi058_7, F1, i) + (pi129->not_pi129_302268019717750559482470516839540966128657419430, F0, i)}
{(pi058->not_pi058_7, F1, i) + (not_pi129_302268019717750559482470516839540966128657419430, F1, i)}
{(not_pi058_7, F0, i) + (and_not_pi129_302268019717750559482470516839540966128657419430_not_n1379, F1, i)(not_n1379,1,i)}
{(not_pi058_7, F0, i) + (pi129->not_pi129_302268019717750559482470516839540966128657419430, F0, i)}
{(not_pi058_7, F0, i) + (not_pi129_302268019717750559482470516839540966128657419430, F1, i)}
