{(and_pi002_not_n412, F1, i)(pi002,1,i) + (n411->and_pi020_n411, F1, i)}
{(and_pi002_not_n412, F1, i)(pi002,1,i) + (and_pi020_n411, F1, i)(pi020,1,i)}
{(and_pi002_not_n412, F1, i)(pi002,1,i) + (and_pi020_not_n653, F1, i)(pi020,1,i)}
{(and_pi002_not_n412, F1, i)(pi002,1,i) + (not_n653, F1, i)}
{(and_pi002_not_n412, F1, i)(pi002,1,i) + (n653, F0, i)}
{(and_pi002_not_n412, F1, i)(pi002,1,i) + (n640->and_n640_n652, F0, i)}
{(and_pi002_not_n412, F1, i)(pi002,1,i) + (and_n640_n652, F0, i)}
{(and_pi002_not_n412, F1, i)(pi002,1,i) + (n652, F0, i)}
{(and_pi002_not_n412, F1, i)(pi002,1,i) + (n649->and_n649_n651, F0, i)}
{(and_pi002_not_n412, F1, i)(pi002,1,i) + (and_n649_n651, F0, i)}
{(and_pi002_not_n412, F1, i)(pi002,1,i) + (n651, F0, i)}
{(and_pi002_not_n412, F1, i)(pi002,1,i) + (n650->and_n390_n650, F0, i)}
{(and_pi002_not_n412, F1, i)(pi002,1,i) + (n390->and_n390_n650, F0, i)}
{(and_pi002_not_n412, F1, i)(pi002,1,i) + (and_n390_n650, F0, i)}
{(not_n412, F1, i) + (n411->and_pi020_n411, F1, i)}
{(not_n412, F1, i) + (and_pi020_n411, F1, i)(pi020,1,i)}
{(not_n412, F1, i) + (and_pi020_not_n653, F1, i)(pi020,1,i)}
{(not_n412, F1, i) + (not_n653, F1, i)}
{(not_n412, F1, i) + (n653, F0, i)}
{(not_n412, F1, i) + (n640->and_n640_n652, F0, i)}
{(not_n412, F1, i) + (and_n640_n652, F0, i)}
{(not_n412, F1, i) + (n652, F0, i)}
{(not_n412, F1, i) + (n649->and_n649_n651, F0, i)}
{(not_n412, F1, i) + (and_n649_n651, F0, i)}
{(not_n412, F1, i) + (n651, F0, i)}
{(not_n412, F1, i) + (n650->and_n390_n650, F0, i)}
{(not_n412, F1, i) + (n390->and_n390_n650, F0, i)}
{(not_n412, F1, i) + (and_n390_n650, F0, i)}
{(n412, F0, i) + (n411->and_pi020_n411, F1, i)}
{(n412, F0, i) + (and_pi020_n411, F1, i)(pi020,1,i)}
{(n412, F0, i) + (and_pi020_not_n653, F1, i)(pi020,1,i)}
{(n412, F0, i) + (not_n653, F1, i)}
{(n412, F0, i) + (n653, F0, i)}
{(n412, F0, i) + (n640->and_n640_n652, F0, i)}
{(n412, F0, i) + (and_n640_n652, F0, i)}
{(n412, F0, i) + (n652, F0, i)}
{(n412, F0, i) + (n649->and_n649_n651, F0, i)}
{(n412, F0, i) + (and_n649_n651, F0, i)}
{(n412, F0, i) + (n651, F0, i)}
{(n412, F0, i) + (n650->and_n390_n650, F0, i)}
{(n412, F0, i) + (n390->and_n390_n650, F0, i)}
{(n412, F0, i) + (and_n390_n650, F0, i)}
{(and_not_n410_not_n411, F0, i) + (n411->and_pi020_n411, F1, i)}
{(and_not_n410_not_n411, F0, i) + (and_pi020_n411, F1, i)(pi020,1,i)}
{(and_not_n410_not_n411, F0, i) + (and_pi020_not_n653, F1, i)(pi020,1,i)}
{(and_not_n410_not_n411, F0, i) + (not_n653, F1, i)}
{(and_not_n410_not_n411, F0, i) + (n653, F0, i)}
{(and_not_n410_not_n411, F0, i) + (n640->and_n640_n652, F0, i)}
{(and_not_n410_not_n411, F0, i) + (and_n640_n652, F0, i)}
{(and_not_n410_not_n411, F0, i) + (n652, F0, i)}
{(and_not_n410_not_n411, F0, i) + (n649->and_n649_n651, F0, i)}
{(and_not_n410_not_n411, F0, i) + (and_n649_n651, F0, i)}
{(and_not_n410_not_n411, F0, i) + (n651, F0, i)}
{(and_not_n410_not_n411, F0, i) + (n650->and_n390_n650, F0, i)}
{(and_not_n410_not_n411, F0, i) + (n390->and_n390_n650, F0, i)}
{(and_not_n410_not_n411, F0, i) + (and_n390_n650, F0, i)}
{(not_n410, F0, i) + (n411->and_pi020_n411, F1, i)}
{(not_n410, F0, i) + (and_pi020_n411, F1, i)(pi020,1,i)}
{(not_n410, F0, i) + (and_pi020_not_n653, F1, i)(pi020,1,i)}
{(not_n410, F0, i) + (not_n653, F1, i)}
{(not_n410, F0, i) + (n653, F0, i)}
{(not_n410, F0, i) + (n640->and_n640_n652, F0, i)}
{(not_n410, F0, i) + (and_n640_n652, F0, i)}
{(not_n410, F0, i) + (n652, F0, i)}
{(not_n410, F0, i) + (n649->and_n649_n651, F0, i)}
{(not_n410, F0, i) + (and_n649_n651, F0, i)}
{(not_n410, F0, i) + (n651, F0, i)}
{(not_n410, F0, i) + (n650->and_n390_n650, F0, i)}
{(not_n410, F0, i) + (n390->and_n390_n650, F0, i)}
{(not_n410, F0, i) + (and_n390_n650, F0, i)}
{(n411->not_n411, F1, i) + (n411->and_pi020_n411, F1, i)}
{(n411->not_n411, F1, i) + (and_pi020_n411, F1, i)(pi020,1,i)}
{(n411->not_n411, F1, i) + (and_pi020_not_n653, F1, i)(pi020,1,i)}
{(n411->not_n411, F1, i) + (not_n653, F1, i)}
{(n411->not_n411, F1, i) + (n653, F0, i)}
{(n411->not_n411, F1, i) + (n640->and_n640_n652, F0, i)}
{(n411->not_n411, F1, i) + (and_n640_n652, F0, i)}
{(n411->not_n411, F1, i) + (n652, F0, i)}
{(n411->not_n411, F1, i) + (n649->and_n649_n651, F0, i)}
{(n411->not_n411, F1, i) + (and_n649_n651, F0, i)}
{(n411->not_n411, F1, i) + (n651, F0, i)}
{(n411->not_n411, F1, i) + (n650->and_n390_n650, F0, i)}
{(n411->not_n411, F1, i) + (n390->and_n390_n650, F0, i)}
{(n411->not_n411, F1, i) + (and_n390_n650, F0, i)}
{(not_n411, F0, i) + (n411->and_pi020_n411, F1, i)}
{(not_n411, F0, i) + (and_pi020_n411, F1, i)(pi020,1,i)}
{(not_n411, F0, i) + (and_pi020_not_n653, F1, i)(pi020,1,i)}
{(not_n411, F0, i) + (not_n653, F1, i)}
{(not_n411, F0, i) + (n653, F0, i)}
{(not_n411, F0, i) + (n640->and_n640_n652, F0, i)}
{(not_n411, F0, i) + (and_n640_n652, F0, i)}
{(not_n411, F0, i) + (n652, F0, i)}
{(not_n411, F0, i) + (n649->and_n649_n651, F0, i)}
{(not_n411, F0, i) + (and_n649_n651, F0, i)}
{(not_n411, F0, i) + (n651, F0, i)}
{(not_n411, F0, i) + (n650->and_n390_n650, F0, i)}
{(not_n411, F0, i) + (n390->and_n390_n650, F0, i)}
{(not_n411, F0, i) + (and_n390_n650, F0, i)}
{(n410, F1, i) + (n411->and_pi020_n411, F1, i)}
{(n410, F1, i) + (and_pi020_n411, F1, i)(pi020,1,i)}
{(n410, F1, i) + (and_pi020_not_n653, F1, i)(pi020,1,i)}
{(n410, F1, i) + (not_n653, F1, i)}
{(n410, F1, i) + (n653, F0, i)}
{(n410, F1, i) + (n640->and_n640_n652, F0, i)}
{(n410, F1, i) + (and_n640_n652, F0, i)}
{(n410, F1, i) + (n652, F0, i)}
{(n410, F1, i) + (n649->and_n649_n651, F0, i)}
{(n410, F1, i) + (and_n649_n651, F0, i)}
{(n410, F1, i) + (n651, F0, i)}
{(n410, F1, i) + (n650->and_n390_n650, F0, i)}
{(n410, F1, i) + (n390->and_n390_n650, F0, i)}
{(n410, F1, i) + (and_n390_n650, F0, i)}
{(and_pi082_not_n409, F1, i) + (n411->and_pi020_n411, F1, i)}
{(and_pi082_not_n409, F1, i) + (and_pi020_n411, F1, i)(pi020,1,i)}
{(and_pi082_not_n409, F1, i) + (and_pi020_not_n653, F1, i)(pi020,1,i)}
{(and_pi082_not_n409, F1, i) + (not_n653, F1, i)}
{(and_pi082_not_n409, F1, i) + (n653, F0, i)}
{(and_pi082_not_n409, F1, i) + (n640->and_n640_n652, F0, i)}
{(and_pi082_not_n409, F1, i) + (and_n640_n652, F0, i)}
{(and_pi082_not_n409, F1, i) + (n652, F0, i)}
{(and_pi082_not_n409, F1, i) + (n649->and_n649_n651, F0, i)}
{(and_pi082_not_n409, F1, i) + (and_n649_n651, F0, i)}
{(and_pi082_not_n409, F1, i) + (n651, F0, i)}
{(and_pi082_not_n409, F1, i) + (n650->and_n390_n650, F0, i)}
{(and_pi082_not_n409, F1, i) + (n390->and_n390_n650, F0, i)}
{(and_pi082_not_n409, F1, i) + (and_n390_n650, F0, i)}
