{(and_not_n1432_not_n1433, F1, i)(not_n1433,1,i) + (and_not_pi003_403536070_n827, F1, i)(n827,1,i)}
{(and_not_n1432_not_n1433, F1, i)(not_n1433,1,i) + (pi003->not_pi003_403536070, F0, i)}
{(and_not_n1432_not_n1433, F1, i)(not_n1433,1,i) + (not_pi003_403536070, F1, i)}
{(not_n1432, F1, i) + (and_not_pi003_403536070_n827, F1, i)(n827,1,i)}
{(not_n1432, F1, i) + (pi003->not_pi003_403536070, F0, i)}
{(not_n1432, F1, i) + (not_pi003_403536070, F1, i)}
{(n1432, F0, i) + (and_not_pi003_403536070_n827, F1, i)(n827,1,i)}
{(n1432, F0, i) + (pi003->not_pi003_403536070, F0, i)}
{(n1432, F0, i) + (not_pi003_403536070, F1, i)}
{(pi097->and_pi097_not_n1423_1, F0, i) + (and_not_pi003_403536070_n827, F1, i)(n827,1,i)}
{(pi097->and_pi097_not_n1423_1, F0, i) + (pi003->not_pi003_403536070, F0, i)}
{(pi097->and_pi097_not_n1423_1, F0, i) + (not_pi003_403536070, F1, i)}
{(and_pi097_not_n1423_1, F0, i) + (and_not_pi003_403536070_n827, F1, i)(n827,1,i)}
{(and_pi097_not_n1423_1, F0, i) + (pi003->not_pi003_403536070, F0, i)}
{(and_pi097_not_n1423_1, F0, i) + (not_pi003_403536070, F1, i)}
{(n1423->not_n1423_1, F1, i) + (and_not_pi003_403536070_n827, F1, i)(n827,1,i)}
{(n1423->not_n1423_1, F1, i) + (pi003->not_pi003_403536070, F0, i)}
{(n1423->not_n1423_1, F1, i) + (not_pi003_403536070, F1, i)}
{(not_n1423_1, F0, i) + (and_not_pi003_403536070_n827, F1, i)(n827,1,i)}
{(not_n1423_1, F0, i) + (pi003->not_pi003_403536070, F0, i)}
{(not_n1423_1, F0, i) + (not_pi003_403536070, F1, i)}
