{(and_pi084_not_pi136_70, F1, i)(pi084,1,i) + (and_not_n379_9_not_n1038, F1, i)(not_n1038,0,i)}
{(and_pi084_not_pi136_70, F1, i)(pi084,1,i) + (not_n1038, F1, i)}
{(and_pi084_not_pi136_70, F1, i)(pi084,1,i) + (n1038, F0, i)}
{(and_pi084_not_pi136_70, F1, i)(pi084,1,i) + (pi082->and_pi082_not_n1037, F0, i)}
{(and_pi084_not_pi136_70, F1, i)(pi084,1,i) + (and_pi082_not_n1037, F0, i)}
{(and_pi084_not_pi136_70, F1, i)(pi084,1,i) + (not_n1037, F0, i)}
{(and_pi084_not_pi136_70, F1, i)(pi084,1,i) + (n1037, F1, i)}
{(and_pi084_not_pi136_70, F1, i)(pi084,1,i) + (and_n408_n1036, F1, i)}
{(pi136->not_pi136_70, F0, i) + (and_not_n379_9_not_n1038, F1, i)(not_n1038,0,i)}
{(pi136->not_pi136_70, F0, i) + (not_n1038, F1, i)}
{(pi136->not_pi136_70, F0, i) + (n1038, F0, i)}
{(pi136->not_pi136_70, F0, i) + (pi082->and_pi082_not_n1037, F0, i)}
{(pi136->not_pi136_70, F0, i) + (and_pi082_not_n1037, F0, i)}
{(pi136->not_pi136_70, F0, i) + (not_n1037, F0, i)}
{(pi136->not_pi136_70, F0, i) + (n1037, F1, i)}
{(pi136->not_pi136_70, F0, i) + (and_n408_n1036, F1, i)}
{(not_pi136_70, F1, i) + (and_not_n379_9_not_n1038, F1, i)(not_n1038,0,i)}
{(not_pi136_70, F1, i) + (not_n1038, F1, i)}
{(not_pi136_70, F1, i) + (n1038, F0, i)}
{(not_pi136_70, F1, i) + (pi082->and_pi082_not_n1037, F0, i)}
{(not_pi136_70, F1, i) + (and_pi082_not_n1037, F0, i)}
{(not_pi136_70, F1, i) + (not_n1037, F0, i)}
{(not_pi136_70, F1, i) + (n1037, F1, i)}
{(not_pi136_70, F1, i) + (and_n408_n1036, F1, i)}
