{(and_not_n810_not_n811, F1, i)(not_n810,0,i) + (and_not_pi129_6_not_n483, F1, i)(not_n483,1,i)}
{(and_not_n810_not_n811, F1, i)(not_n810,0,i) + (pi129->not_pi129_6, F0, i)}
{(and_not_n810_not_n811, F1, i)(not_n810,0,i) + (not_pi129_6, F1, i)}
{(not_n810, F1, i) + (and_not_pi129_6_not_n483, F1, i)(not_n483,1,i)}
{(not_n810, F1, i) + (pi129->not_pi129_6, F0, i)}
{(not_n810, F1, i) + (not_pi129_6, F1, i)}
{(n810, F0, i) + (and_not_pi129_6_not_n483, F1, i)(not_n483,1,i)}
{(n810, F0, i) + (pi129->not_pi129_6, F0, i)}
{(n810, F0, i) + (not_pi129_6, F1, i)}
{(pi028->and_pi028_not_pi116_3, F0, i) + (and_not_pi129_6_not_n483, F1, i)(not_n483,1,i)}
{(pi028->and_pi028_not_pi116_3, F0, i) + (pi129->not_pi129_6, F0, i)}
{(pi028->and_pi028_not_pi116_3, F0, i) + (not_pi129_6, F1, i)}
{(and_pi028_not_pi116_3, F0, i) + (and_not_pi129_6_not_n483, F1, i)(not_n483,1,i)}
{(and_pi028_not_pi116_3, F0, i) + (pi129->not_pi129_6, F0, i)}
{(and_pi028_not_pi116_3, F0, i) + (not_pi129_6, F1, i)}
{(pi116->not_pi116_3, F1, i) + (and_not_pi129_6_not_n483, F1, i)(not_n483,1,i)}
{(pi116->not_pi116_3, F1, i) + (pi129->not_pi129_6, F0, i)}
{(pi116->not_pi116_3, F1, i) + (not_pi129_6, F1, i)}
{(not_pi116_3, F0, i) + (and_not_pi129_6_not_n483, F1, i)(not_n483,1,i)}
{(not_pi116_3, F0, i) + (pi129->not_pi129_6, F0, i)}
{(not_pi116_3, F0, i) + (not_pi129_6, F1, i)}
