{(and_not_pi002_5_n383, F1, i)(n383,1,i) + (and_not_pi001_not_n352, F1, i)(not_n352,1,i)}
{(and_not_pi002_5_n383, F1, i)(n383,1,i) + (pi001->not_pi001, F0, i)}
{(and_not_pi002_5_n383, F1, i)(n383,1,i) + (not_pi001, F1, i)}
{(and_not_pi002_5_n383, F1, i)(n383,1,i) + (pi009->and_pi009_n369, F1, i)}
{(and_not_pi002_5_n383, F1, i)(n383,1,i) + (and_pi009_n369, F1, i)(n369,1,i)}
{(and_not_pi002_5_n383, F1, i)(n383,1,i) + (pi007->and_pi007_n357, F1, i)}
{(and_not_pi002_5_n383, F1, i)(n383,1,i) + (and_pi007_n357, F1, i)(n357,1,i)}
{(and_not_pi002_5_n383, F1, i)(n383,1,i) + (and_not_n357_not_n358, F1, i)(not_n358,1,i)}
{(and_not_pi002_5_n383, F1, i)(n383,1,i) + (n357->not_n357, F0, i)}
{(and_not_pi002_5_n383, F1, i)(n383,1,i) + (not_n357, F1, i)}
{(pi002->not_pi002_5, F0, i) + (and_not_pi001_not_n352, F1, i)(not_n352,1,i)}
{(pi002->not_pi002_5, F0, i) + (pi001->not_pi001, F0, i)}
{(pi002->not_pi002_5, F0, i) + (not_pi001, F1, i)}
{(pi002->not_pi002_5, F0, i) + (pi009->and_pi009_n369, F1, i)}
{(pi002->not_pi002_5, F0, i) + (and_pi009_n369, F1, i)(n369,1,i)}
{(pi002->not_pi002_5, F0, i) + (pi007->and_pi007_n357, F1, i)}
{(pi002->not_pi002_5, F0, i) + (and_pi007_n357, F1, i)(n357,1,i)}
{(pi002->not_pi002_5, F0, i) + (and_not_n357_not_n358, F1, i)(not_n358,1,i)}
{(pi002->not_pi002_5, F0, i) + (n357->not_n357, F0, i)}
{(pi002->not_pi002_5, F0, i) + (not_n357, F1, i)}
{(not_pi002_5, F1, i) + (and_not_pi001_not_n352, F1, i)(not_n352,1,i)}
{(not_pi002_5, F1, i) + (pi001->not_pi001, F0, i)}
{(not_pi002_5, F1, i) + (not_pi001, F1, i)}
{(not_pi002_5, F1, i) + (pi009->and_pi009_n369, F1, i)}
{(not_pi002_5, F1, i) + (and_pi009_n369, F1, i)(n369,1,i)}
{(not_pi002_5, F1, i) + (pi007->and_pi007_n357, F1, i)}
{(not_pi002_5, F1, i) + (and_pi007_n357, F1, i)(n357,1,i)}
{(not_pi002_5, F1, i) + (and_not_n357_not_n358, F1, i)(not_n358,1,i)}
{(not_pi002_5, F1, i) + (n357->not_n357, F0, i)}
{(not_pi002_5, F1, i) + (not_n357, F1, i)}
