{(n369->and_pi009_n369, F1, i) + (and_not_pi027_10_not_n1180, F1, i)(not_n1180,1,i)}
{(n369->and_pi009_n369, F1, i) + (pi027->not_pi027_10, F0, i)}
{(n369->and_pi009_n369, F1, i) + (not_pi027_10, F1, i)}
{(n369->and_pi009_n369, F1, i) + (and_not_pi026_490_pi037, F1, i)(pi037,1,i)}
{(n369->and_pi009_n369, F1, i) + (pi026->not_pi026_490, F0, i)}
{(n369->and_pi009_n369, F1, i) + (not_pi026_490, F1, i)}
{(and_pi009_n369, F1, i)(pi009,1,i) + (and_not_pi027_10_not_n1180, F1, i)(not_n1180,1,i)}
{(and_pi009_n369, F1, i)(pi009,1,i) + (pi027->not_pi027_10, F0, i)}
{(and_pi009_n369, F1, i)(pi009,1,i) + (not_pi027_10, F1, i)}
{(and_pi009_n369, F1, i)(pi009,1,i) + (and_not_pi026_490_pi037, F1, i)(pi037,1,i)}
{(and_pi009_n369, F1, i)(pi009,1,i) + (pi026->not_pi026_490, F0, i)}
{(and_pi009_n369, F1, i)(pi009,1,i) + (not_pi026_490, F1, i)}
{(and_not_pi009_0_not_n367, F1, i)(not_n367,1,i) + (and_not_pi027_10_not_n1180, F1, i)(not_n1180,1,i)}
{(and_not_pi009_0_not_n367, F1, i)(not_n367,1,i) + (pi027->not_pi027_10, F0, i)}
{(and_not_pi009_0_not_n367, F1, i)(not_n367,1,i) + (not_pi027_10, F1, i)}
{(and_not_pi009_0_not_n367, F1, i)(not_n367,1,i) + (and_not_pi026_490_pi037, F1, i)(pi037,1,i)}
{(and_not_pi009_0_not_n367, F1, i)(not_n367,1,i) + (pi026->not_pi026_490, F0, i)}
{(and_not_pi009_0_not_n367, F1, i)(not_n367,1,i) + (not_pi026_490, F1, i)}
{(pi009->not_pi009_0, F0, i) + (and_not_pi027_10_not_n1180, F1, i)(not_n1180,1,i)}
{(pi009->not_pi009_0, F0, i) + (pi027->not_pi027_10, F0, i)}
{(pi009->not_pi009_0, F0, i) + (not_pi027_10, F1, i)}
{(pi009->not_pi009_0, F0, i) + (and_not_pi026_490_pi037, F1, i)(pi037,1,i)}
{(pi009->not_pi009_0, F0, i) + (pi026->not_pi026_490, F0, i)}
{(pi009->not_pi009_0, F0, i) + (not_pi026_490, F1, i)}
{(not_pi009_0, F1, i) + (and_not_pi027_10_not_n1180, F1, i)(not_n1180,1,i)}
{(not_pi009_0, F1, i) + (pi027->not_pi027_10, F0, i)}
{(not_pi009_0, F1, i) + (not_pi027_10, F1, i)}
{(not_pi009_0, F1, i) + (and_not_pi026_490_pi037, F1, i)(pi037,1,i)}
{(not_pi009_0, F1, i) + (pi026->not_pi026_490, F0, i)}
{(not_pi009_0, F1, i) + (not_pi026_490, F1, i)}
