{(po132, F1, i) + (and_not_n1346_not_n1347, F1, i)(not_n1346,0,i)}
{(po132, F1, i) + (not_n1346, F1, i)}
{(po132, F1, i) + (n1346, F0, i)}
{(po132, F1, i) + (pi089->and_pi089_pi138, F0, i)}
{(po132, F1, i) + (pi138->and_pi089_pi138, F0, i)}
{(po132, F1, i) + (and_pi089_pi138, F0, i)}
{(po132_driver, F1, i) + (and_not_n1346_not_n1347, F1, i)(not_n1346,0,i)}
{(po132_driver, F1, i) + (not_n1346, F1, i)}
{(po132_driver, F1, i) + (n1346, F0, i)}
{(po132_driver, F1, i) + (pi089->and_pi089_pi138, F0, i)}
{(po132_driver, F1, i) + (pi138->and_pi089_pi138, F0, i)}
{(po132_driver, F1, i) + (and_pi089_pi138, F0, i)}
{(pi129->or_not_pi122_2_pi129, F1, i) + (and_not_n1346_not_n1347, F1, i)(not_n1346,0,i)}
{(pi129->or_not_pi122_2_pi129, F1, i) + (not_n1346, F1, i)}
{(pi129->or_not_pi122_2_pi129, F1, i) + (n1346, F0, i)}
{(pi129->or_not_pi122_2_pi129, F1, i) + (pi089->and_pi089_pi138, F0, i)}
{(pi129->or_not_pi122_2_pi129, F1, i) + (pi138->and_pi089_pi138, F0, i)}
{(pi129->or_not_pi122_2_pi129, F1, i) + (and_pi089_pi138, F0, i)}
{(or_not_pi122_2_pi129, F1, i) + (and_not_n1346_not_n1347, F1, i)(not_n1346,0,i)}
{(or_not_pi122_2_pi129, F1, i) + (not_n1346, F1, i)}
{(or_not_pi122_2_pi129, F1, i) + (n1346, F0, i)}
{(or_not_pi122_2_pi129, F1, i) + (pi089->and_pi089_pi138, F0, i)}
{(or_not_pi122_2_pi129, F1, i) + (pi138->and_pi089_pi138, F0, i)}
{(or_not_pi122_2_pi129, F1, i) + (and_pi089_pi138, F0, i)}
{(pi122->not_pi122_2, F0, i) + (and_not_n1346_not_n1347, F1, i)(not_n1346,0,i)}
{(pi122->not_pi122_2, F0, i) + (not_n1346, F1, i)}
{(pi122->not_pi122_2, F0, i) + (n1346, F0, i)}
{(pi122->not_pi122_2, F0, i) + (pi089->and_pi089_pi138, F0, i)}
{(pi122->not_pi122_2, F0, i) + (pi138->and_pi089_pi138, F0, i)}
{(pi122->not_pi122_2, F0, i) + (and_pi089_pi138, F0, i)}
{(not_pi122_2, F1, i) + (and_not_n1346_not_n1347, F1, i)(not_n1346,0,i)}
{(not_pi122_2, F1, i) + (not_n1346, F1, i)}
{(not_pi122_2, F1, i) + (n1346, F0, i)}
{(not_pi122_2, F1, i) + (pi089->and_pi089_pi138, F0, i)}
{(not_pi122_2, F1, i) + (pi138->and_pi089_pi138, F0, i)}
{(not_pi122_2, F1, i) + (and_pi089_pi138, F0, i)}
