{(and_not_n1424_not_n1425, F1, i)(not_n1424,0,i) + (and_not_pi003_39098210485829880490_n1609, F1, i)(n1609,1,i)}
{(and_not_n1424_not_n1425, F1, i)(not_n1424,0,i) + (pi003->not_pi003_39098210485829880490, F0, i)}
{(and_not_n1424_not_n1425, F1, i)(not_n1424,0,i) + (not_pi003_39098210485829880490, F1, i)}
{(not_n1424, F1, i) + (and_not_pi003_39098210485829880490_n1609, F1, i)(n1609,1,i)}
{(not_n1424, F1, i) + (pi003->not_pi003_39098210485829880490, F0, i)}
{(not_n1424, F1, i) + (not_pi003_39098210485829880490, F1, i)}
{(n1424, F0, i) + (and_not_pi003_39098210485829880490_n1609, F1, i)(n1609,1,i)}
{(n1424, F0, i) + (pi003->not_pi003_39098210485829880490, F0, i)}
{(n1424, F0, i) + (not_pi003_39098210485829880490, F1, i)}
{(pi095->and_pi095_not_n1423, F0, i) + (and_not_pi003_39098210485829880490_n1609, F1, i)(n1609,1,i)}
{(pi095->and_pi095_not_n1423, F0, i) + (pi003->not_pi003_39098210485829880490, F0, i)}
{(pi095->and_pi095_not_n1423, F0, i) + (not_pi003_39098210485829880490, F1, i)}
{(and_pi095_not_n1423, F0, i) + (and_not_pi003_39098210485829880490_n1609, F1, i)(n1609,1,i)}
{(and_pi095_not_n1423, F0, i) + (pi003->not_pi003_39098210485829880490, F0, i)}
{(and_pi095_not_n1423, F0, i) + (not_pi003_39098210485829880490, F1, i)}
{(n1423->not_n1423, F1, i) + (and_not_pi003_39098210485829880490_n1609, F1, i)(n1609,1,i)}
{(n1423->not_n1423, F1, i) + (pi003->not_pi003_39098210485829880490, F0, i)}
{(n1423->not_n1423, F1, i) + (not_pi003_39098210485829880490, F1, i)}
{(not_n1423, F0, i) + (and_not_pi003_39098210485829880490_n1609, F1, i)(n1609,1,i)}
{(not_n1423, F0, i) + (pi003->not_pi003_39098210485829880490, F0, i)}
{(not_n1423, F0, i) + (not_pi003_39098210485829880490, F1, i)}
