{(and_not_pi074_not_pi136_9, F1, i)(not_pi074,0,i) + (po084, F1, i)}
{(and_not_pi074_not_pi136_9, F1, i)(not_pi074,0,i) + (po084_driver, F1, i)}
{(and_not_pi074_not_pi136_9, F1, i)(not_pi074,0,i) + (pi129->or_pi129_n1288, F1, i)}
{(and_not_pi074_not_pi136_9, F1, i)(not_pi074,0,i) + (or_pi129_n1288, F1, i)}
{(and_not_pi074_not_pi136_9, F1, i)(not_pi074,0,i) + (n1288, F1, i)}
{(and_not_pi074_not_pi136_9, F1, i)(not_pi074,0,i) + (and_not_n1285_not_n1287, F1, i)}
{(pi136->and_not_pi063_pi136, F1, i) + (po084, F1, i)}
{(pi136->and_not_pi063_pi136, F1, i) + (po084_driver, F1, i)}
{(pi136->and_not_pi063_pi136, F1, i) + (pi129->or_pi129_n1288, F1, i)}
{(pi136->and_not_pi063_pi136, F1, i) + (or_pi129_n1288, F1, i)}
{(pi136->and_not_pi063_pi136, F1, i) + (n1288, F1, i)}
{(pi136->and_not_pi063_pi136, F1, i) + (and_not_n1285_not_n1287, F1, i)}
{(and_not_pi063_pi136, F1, i)(not_pi063,1,i) + (po084, F1, i)}
{(and_not_pi063_pi136, F1, i)(not_pi063,1,i) + (po084_driver, F1, i)}
{(and_not_pi063_pi136, F1, i)(not_pi063,1,i) + (pi129->or_pi129_n1288, F1, i)}
{(and_not_pi063_pi136, F1, i)(not_pi063,1,i) + (or_pi129_n1288, F1, i)}
{(and_not_pi063_pi136, F1, i)(not_pi063,1,i) + (n1288, F1, i)}
{(and_not_pi063_pi136, F1, i)(not_pi063,1,i) + (and_not_n1285_not_n1287, F1, i)}
{(pi074->not_pi074, F0, i) + (po084, F1, i)}
{(pi074->not_pi074, F0, i) + (po084_driver, F1, i)}
{(pi074->not_pi074, F0, i) + (pi129->or_pi129_n1288, F1, i)}
{(pi074->not_pi074, F0, i) + (or_pi129_n1288, F1, i)}
{(pi074->not_pi074, F0, i) + (n1288, F1, i)}
{(pi074->not_pi074, F0, i) + (and_not_n1285_not_n1287, F1, i)}
{(not_pi074, F1, i) + (po084, F1, i)}
{(not_pi074, F1, i) + (po084_driver, F1, i)}
{(not_pi074, F1, i) + (pi129->or_pi129_n1288, F1, i)}
{(not_pi074, F1, i) + (or_pi129_n1288, F1, i)}
{(not_pi074, F1, i) + (n1288, F1, i)}
{(not_pi074, F1, i) + (and_not_n1285_not_n1287, F1, i)}
