{(and_pi064_not_n1247_1, F1, i)(pi064,1,i) + (and_not_pi136_490_not_n1517, F1, i)(not_n1517,1,i)}
{(and_pi064_not_n1247_1, F1, i)(pi064,1,i) + (pi136->not_pi136_490, F0, i)}
{(and_pi064_not_n1247_1, F1, i)(pi064,1,i) + (not_pi136_490, F1, i)}
{(and_pi064_not_n1247_1, F1, i)(pi064,1,i) + (and_not_pi070_0_not_pi138_70, F1, i)(not_pi070_0,0,i)}
{(and_pi064_not_n1247_1, F1, i)(pi064,1,i) + (and_pi092_pi138, F1, i)(pi138,0,i)}
{(and_pi064_not_n1247_1, F1, i)(pi064,1,i) + (pi070->not_pi070_0, F0, i)}
{(and_pi064_not_n1247_1, F1, i)(pi064,1,i) + (not_pi070_0, F1, i)}
{(n1247->not_n1247_1, F0, i) + (and_not_pi136_490_not_n1517, F1, i)(not_n1517,1,i)}
{(n1247->not_n1247_1, F0, i) + (pi136->not_pi136_490, F0, i)}
{(n1247->not_n1247_1, F0, i) + (not_pi136_490, F1, i)}
{(n1247->not_n1247_1, F0, i) + (and_not_pi070_0_not_pi138_70, F1, i)(not_pi070_0,0,i)}
{(n1247->not_n1247_1, F0, i) + (and_pi092_pi138, F1, i)(pi138,0,i)}
{(n1247->not_n1247_1, F0, i) + (pi070->not_pi070_0, F0, i)}
{(n1247->not_n1247_1, F0, i) + (not_pi070_0, F1, i)}
{(not_n1247_1, F1, i) + (and_not_pi136_490_not_n1517, F1, i)(not_n1517,1,i)}
{(not_n1247_1, F1, i) + (pi136->not_pi136_490, F0, i)}
{(not_n1247_1, F1, i) + (not_pi136_490, F1, i)}
{(not_n1247_1, F1, i) + (and_not_pi070_0_not_pi138_70, F1, i)(not_pi070_0,0,i)}
{(not_n1247_1, F1, i) + (and_pi092_pi138, F1, i)(pi138,0,i)}
{(not_n1247_1, F1, i) + (pi070->not_pi070_0, F0, i)}
{(not_n1247_1, F1, i) + (not_pi070_0, F1, i)}
{(and_not_pi139_n1249, F1, i)(n1249,1,i) + (and_not_pi136_490_not_n1517, F1, i)(not_n1517,1,i)}
{(and_not_pi139_n1249, F1, i)(n1249,1,i) + (pi136->not_pi136_490, F0, i)}
{(and_not_pi139_n1249, F1, i)(n1249,1,i) + (not_pi136_490, F1, i)}
{(and_not_pi139_n1249, F1, i)(n1249,1,i) + (and_not_pi070_0_not_pi138_70, F1, i)(not_pi070_0,0,i)}
{(and_not_pi139_n1249, F1, i)(n1249,1,i) + (and_pi092_pi138, F1, i)(pi138,0,i)}
{(and_not_pi139_n1249, F1, i)(n1249,1,i) + (pi070->not_pi070_0, F0, i)}
{(and_not_pi139_n1249, F1, i)(n1249,1,i) + (not_pi070_0, F1, i)}
{(pi139->not_pi139, F0, i) + (and_not_pi136_490_not_n1517, F1, i)(not_n1517,1,i)}
{(pi139->not_pi139, F0, i) + (pi136->not_pi136_490, F0, i)}
{(pi139->not_pi139, F0, i) + (not_pi136_490, F1, i)}
{(pi139->not_pi139, F0, i) + (and_not_pi070_0_not_pi138_70, F1, i)(not_pi070_0,0,i)}
{(pi139->not_pi139, F0, i) + (and_pi092_pi138, F1, i)(pi138,0,i)}
{(pi139->not_pi139, F0, i) + (pi070->not_pi070_0, F0, i)}
{(pi139->not_pi139, F0, i) + (not_pi070_0, F1, i)}
{(not_pi139, F1, i) + (and_not_pi136_490_not_n1517, F1, i)(not_n1517,1,i)}
{(not_pi139, F1, i) + (pi136->not_pi136_490, F0, i)}
{(not_pi139, F1, i) + (not_pi136_490, F1, i)}
{(not_pi139, F1, i) + (and_not_pi070_0_not_pi138_70, F1, i)(not_pi070_0,0,i)}
{(not_pi139, F1, i) + (and_pi092_pi138, F1, i)(pi138,0,i)}
{(not_pi139, F1, i) + (pi070->not_pi070_0, F0, i)}
{(not_pi139, F1, i) + (not_pi070_0, F1, i)}
