{(and_not_n368_not_n370, F1, i)(not_n368,0,i) + (and_not_pi137_8_not_n1519, F1, i)(not_n1519,1,i)}
{(and_not_n368_not_n370, F1, i)(not_n368,0,i) + (pi137->not_pi137_8, F0, i)}
{(and_not_n368_not_n370, F1, i)(not_n368,0,i) + (not_pi137_8, F1, i)}
{(not_n368, F1, i) + (and_not_pi137_8_not_n1519, F1, i)(not_n1519,1,i)}
{(not_n368, F1, i) + (pi137->not_pi137_8, F0, i)}
{(not_n368, F1, i) + (not_pi137_8, F1, i)}
{(n368, F0, i) + (and_not_pi137_8_not_n1519, F1, i)(not_n1519,1,i)}
{(n368, F0, i) + (pi137->not_pi137_8, F0, i)}
{(n368, F0, i) + (not_pi137_8, F1, i)}
{(and_not_pi009_0_not_n367, F0, i) + (and_not_pi137_8_not_n1519, F1, i)(not_n1519,1,i)}
{(and_not_pi009_0_not_n367, F0, i) + (pi137->not_pi137_8, F0, i)}
{(and_not_pi009_0_not_n367, F0, i) + (not_pi137_8, F1, i)}
{(pi009->not_pi009_0, F1, i) + (and_not_pi137_8_not_n1519, F1, i)(not_n1519,1,i)}
{(pi009->not_pi009_0, F1, i) + (pi137->not_pi137_8, F0, i)}
{(pi009->not_pi009_0, F1, i) + (not_pi137_8, F1, i)}
{(not_pi009_0, F0, i) + (and_not_pi137_8_not_n1519, F1, i)(not_n1519,1,i)}
{(not_pi009_0, F0, i) + (pi137->not_pi137_8, F0, i)}
{(not_pi009_0, F0, i) + (not_pi137_8, F1, i)}
{(not_n367, F0, i) + (and_not_pi137_8_not_n1519, F1, i)(not_n1519,1,i)}
{(not_n367, F0, i) + (pi137->not_pi137_8, F0, i)}
{(not_n367, F0, i) + (not_pi137_8, F1, i)}
{(n367, F1, i) + (and_not_pi137_8_not_n1519, F1, i)(not_n1519,1,i)}
{(n367, F1, i) + (pi137->not_pi137_8, F0, i)}
{(n367, F1, i) + (not_pi137_8, F1, i)}
{(and_not_n365_not_n366, F1, i) + (and_not_pi137_8_not_n1519, F1, i)(not_n1519,1,i)}
{(and_not_n365_not_n366, F1, i) + (pi137->not_pi137_8, F0, i)}
{(and_not_n365_not_n366, F1, i) + (not_pi137_8, F1, i)}
