{(and_not_n1521_not_n1522, F1, i)(not_n1521,0,i) + (and_not_pi026_0_not_pi085_1, F1, i)(not_pi026_0,0,i)(not_pi085_1,0,i)}
{(and_not_n1521_not_n1522, F1, i)(not_n1521,0,i) + (and_not_pi085_0_not_n732, F1, i)(not_n732,1,i)}
{(and_not_n1521_not_n1522, F1, i)(not_n1521,0,i) + (pi085->not_pi085_0, F0, i)}
{(and_not_n1521_not_n1522, F1, i)(not_n1521,0,i) + (not_pi085_0, F1, i)}
{(not_n1521, F1, i) + (and_not_pi026_0_not_pi085_1, F1, i)(not_pi026_0,0,i)(not_pi085_1,0,i)}
{(not_n1521, F1, i) + (and_not_pi085_0_not_n732, F1, i)(not_n732,1,i)}
{(not_n1521, F1, i) + (pi085->not_pi085_0, F0, i)}
{(not_n1521, F1, i) + (not_pi085_0, F1, i)}
{(n1521, F0, i) + (and_not_pi026_0_not_pi085_1, F1, i)(not_pi026_0,0,i)(not_pi085_1,0,i)}
{(n1521, F0, i) + (and_not_pi085_0_not_n732, F1, i)(not_n732,1,i)}
{(n1521, F0, i) + (pi085->not_pi085_0, F0, i)}
{(n1521, F0, i) + (not_pi085_0, F1, i)}
{(pi080->and_pi080_not_pi138_3430, F0, i) + (and_not_pi026_0_not_pi085_1, F1, i)(not_pi026_0,0,i)(not_pi085_1,0,i)}
{(pi080->and_pi080_not_pi138_3430, F0, i) + (and_not_pi085_0_not_n732, F1, i)(not_n732,1,i)}
{(pi080->and_pi080_not_pi138_3430, F0, i) + (pi085->not_pi085_0, F0, i)}
{(pi080->and_pi080_not_pi138_3430, F0, i) + (not_pi085_0, F1, i)}
{(and_pi080_not_pi138_3430, F0, i) + (and_not_pi026_0_not_pi085_1, F1, i)(not_pi026_0,0,i)(not_pi085_1,0,i)}
{(and_pi080_not_pi138_3430, F0, i) + (and_not_pi085_0_not_n732, F1, i)(not_n732,1,i)}
{(and_pi080_not_pi138_3430, F0, i) + (pi085->not_pi085_0, F0, i)}
{(and_pi080_not_pi138_3430, F0, i) + (not_pi085_0, F1, i)}
{(pi138->not_pi138_3430, F1, i) + (and_not_pi026_0_not_pi085_1, F1, i)(not_pi026_0,0,i)(not_pi085_1,0,i)}
{(pi138->not_pi138_3430, F1, i) + (and_not_pi085_0_not_n732, F1, i)(not_n732,1,i)}
{(pi138->not_pi138_3430, F1, i) + (pi085->not_pi085_0, F0, i)}
{(pi138->not_pi138_3430, F1, i) + (not_pi085_0, F1, i)}
{(not_pi138_3430, F0, i) + (and_not_pi026_0_not_pi085_1, F1, i)(not_pi026_0,0,i)(not_pi085_1,0,i)}
{(not_pi138_3430, F0, i) + (and_not_pi085_0_not_n732, F1, i)(not_n732,1,i)}
{(not_pi138_3430, F0, i) + (pi085->not_pi085_0, F0, i)}
{(not_pi138_3430, F0, i) + (not_pi085_0, F1, i)}
