{(and_not_n307_not_n337, F1, i)(not_n337,0,i) + (n650->and_n390_n650, F1, i)}
{(and_not_n307_not_n337, F1, i)(not_n337,0,i) + (and_n390_n650, F1, i)(n390,1,i)}
{(and_not_n307_not_n337, F1, i)(not_n337,0,i) + (and_not_pi015_2_not_pi049_1, F1, i)(not_pi049_1,0,i)}
{(and_not_n307_not_n337, F1, i)(not_n337,0,i) + (pi049->not_pi049_1, F0, i)}
{(and_not_n307_not_n337, F1, i)(not_n337,0,i) + (not_pi049_1, F1, i)}
{(not_n337, F1, i) + (n650->and_n390_n650, F1, i)}
{(not_n337, F1, i) + (and_n390_n650, F1, i)(n390,1,i)}
{(not_n337, F1, i) + (and_not_pi015_2_not_pi049_1, F1, i)(not_pi049_1,0,i)}
{(not_n337, F1, i) + (pi049->not_pi049_1, F0, i)}
{(not_n337, F1, i) + (not_pi049_1, F1, i)}
{(n337, F0, i) + (n650->and_n390_n650, F1, i)}
{(n337, F0, i) + (and_n390_n650, F1, i)(n390,1,i)}
{(n337, F0, i) + (and_not_pi015_2_not_pi049_1, F1, i)(not_pi049_1,0,i)}
{(n337, F0, i) + (pi049->not_pi049_1, F0, i)}
{(n337, F0, i) + (not_pi049_1, F1, i)}
{(pi054->and_pi054_not_n336, F0, i) + (n650->and_n390_n650, F1, i)}
{(pi054->and_pi054_not_n336, F0, i) + (and_n390_n650, F1, i)(n390,1,i)}
{(pi054->and_pi054_not_n336, F0, i) + (and_not_pi015_2_not_pi049_1, F1, i)(not_pi049_1,0,i)}
{(pi054->and_pi054_not_n336, F0, i) + (pi049->not_pi049_1, F0, i)}
{(pi054->and_pi054_not_n336, F0, i) + (not_pi049_1, F1, i)}
{(and_pi054_not_n336, F0, i) + (n650->and_n390_n650, F1, i)}
{(and_pi054_not_n336, F0, i) + (and_n390_n650, F1, i)(n390,1,i)}
{(and_pi054_not_n336, F0, i) + (and_not_pi015_2_not_pi049_1, F1, i)(not_pi049_1,0,i)}
{(and_pi054_not_n336, F0, i) + (pi049->not_pi049_1, F0, i)}
{(and_pi054_not_n336, F0, i) + (not_pi049_1, F1, i)}
{(not_n336, F0, i) + (n650->and_n390_n650, F1, i)}
{(not_n336, F0, i) + (and_n390_n650, F1, i)(n390,1,i)}
{(not_n336, F0, i) + (and_not_pi015_2_not_pi049_1, F1, i)(not_pi049_1,0,i)}
{(not_n336, F0, i) + (pi049->not_pi049_1, F0, i)}
{(not_n336, F0, i) + (not_pi049_1, F1, i)}
{(n336, F1, i) + (n650->and_n390_n650, F1, i)}
{(n336, F1, i) + (and_n390_n650, F1, i)(n390,1,i)}
{(n336, F1, i) + (and_not_pi015_2_not_pi049_1, F1, i)(not_pi049_1,0,i)}
{(n336, F1, i) + (pi049->not_pi049_1, F0, i)}
{(n336, F1, i) + (not_pi049_1, F1, i)}
{(and_not_n309_not_n335, F1, i) + (n650->and_n390_n650, F1, i)}
{(and_not_n309_not_n335, F1, i) + (and_n390_n650, F1, i)(n390,1,i)}
{(and_not_n309_not_n335, F1, i) + (and_not_pi015_2_not_pi049_1, F1, i)(not_pi049_1,0,i)}
{(and_not_n309_not_n335, F1, i) + (pi049->not_pi049_1, F0, i)}
{(and_not_n309_not_n335, F1, i) + (not_pi049_1, F1, i)}
