{(and_not_n696_n711, F1, i)(n711,1,i) + (and_not_pi012_5_n606, F1, i)(not_pi012_5,0,i)}
{(and_not_n696_n711, F1, i)(n711,1,i) + (pi012->not_pi012_5, F0, i)}
{(and_not_n696_n711, F1, i)(n711,1,i) + (not_pi012_5, F1, i)}
{(not_n696, F1, i) + (and_not_pi012_5_n606, F1, i)(not_pi012_5,0,i)}
{(not_n696, F1, i) + (pi012->not_pi012_5, F0, i)}
{(not_n696, F1, i) + (not_pi012_5, F1, i)}
{(n696, F0, i) + (and_not_pi012_5_n606, F1, i)(not_pi012_5,0,i)}
{(n696, F0, i) + (pi012->not_pi012_5, F0, i)}
{(n696, F0, i) + (not_pi012_5, F1, i)}
{(and_not_pi024_2_not_n695, F0, i) + (and_not_pi012_5_n606, F1, i)(not_pi012_5,0,i)}
{(and_not_pi024_2_not_n695, F0, i) + (pi012->not_pi012_5, F0, i)}
{(and_not_pi024_2_not_n695, F0, i) + (not_pi012_5, F1, i)}
{(pi024->not_pi024_2, F1, i) + (and_not_pi012_5_n606, F1, i)(not_pi012_5,0,i)}
{(pi024->not_pi024_2, F1, i) + (pi012->not_pi012_5, F0, i)}
{(pi024->not_pi024_2, F1, i) + (not_pi012_5, F1, i)}
{(not_pi024_2, F0, i) + (and_not_pi012_5_n606, F1, i)(not_pi012_5,0,i)}
{(not_pi024_2, F0, i) + (pi012->not_pi012_5, F0, i)}
{(not_pi024_2, F0, i) + (not_pi012_5, F1, i)}
{(not_n695, F0, i) + (and_not_pi012_5_n606, F1, i)(not_pi012_5,0,i)}
{(not_n695, F0, i) + (pi012->not_pi012_5, F0, i)}
{(not_n695, F0, i) + (not_pi012_5, F1, i)}
{(n695, F1, i) + (and_not_pi012_5_n606, F1, i)(not_pi012_5,0,i)}
{(n695, F1, i) + (pi012->not_pi012_5, F0, i)}
{(n695, F1, i) + (not_pi012_5, F1, i)}
{(and_not_n691_not_n694, F1, i) + (and_not_pi012_5_n606, F1, i)(not_pi012_5,0,i)}
{(and_not_n691_not_n694, F1, i) + (pi012->not_pi012_5, F0, i)}
{(and_not_n691_not_n694, F1, i) + (not_pi012_5, F1, i)}
