{(and_not_pi129_273687473400809163430_not_n894, F1, i)(not_n894,1,i) + (and_not_n620_not_n624, F1, i)(not_n624,1,i)}
{(and_not_pi129_273687473400809163430_not_n894, F1, i)(not_n894,1,i) + (not_n620, F1, i)}
{(and_not_pi129_273687473400809163430_not_n894, F1, i)(not_n894,1,i) + (n620, F0, i)}
{(and_not_pi129_273687473400809163430_not_n894, F1, i)(not_n894,1,i) + (pi018->and_pi018_not_pi054_490, F0, i)}
{(and_not_pi129_273687473400809163430_not_n894, F1, i)(not_n894,1,i) + (and_pi018_not_pi054_490, F0, i)}
{(and_not_pi129_273687473400809163430_not_n894, F1, i)(not_n894,1,i) + (pi054->not_pi054_490, F1, i)}
{(and_not_pi129_273687473400809163430_not_n894, F1, i)(not_n894,1,i) + (not_pi054_490, F0, i)}
{(pi129->not_pi129_273687473400809163430, F0, i) + (and_not_n620_not_n624, F1, i)(not_n624,1,i)}
{(pi129->not_pi129_273687473400809163430, F0, i) + (not_n620, F1, i)}
{(pi129->not_pi129_273687473400809163430, F0, i) + (n620, F0, i)}
{(pi129->not_pi129_273687473400809163430, F0, i) + (pi018->and_pi018_not_pi054_490, F0, i)}
{(pi129->not_pi129_273687473400809163430, F0, i) + (and_pi018_not_pi054_490, F0, i)}
{(pi129->not_pi129_273687473400809163430, F0, i) + (pi054->not_pi054_490, F1, i)}
{(pi129->not_pi129_273687473400809163430, F0, i) + (not_pi054_490, F0, i)}
{(not_pi129_273687473400809163430, F1, i) + (and_not_n620_not_n624, F1, i)(not_n624,1,i)}
{(not_pi129_273687473400809163430, F1, i) + (not_n620, F1, i)}
{(not_pi129_273687473400809163430, F1, i) + (n620, F0, i)}
{(not_pi129_273687473400809163430, F1, i) + (pi018->and_pi018_not_pi054_490, F0, i)}
{(not_pi129_273687473400809163430, F1, i) + (and_pi018_not_pi054_490, F0, i)}
{(not_pi129_273687473400809163430, F1, i) + (pi054->not_pi054_490, F1, i)}
{(not_pi129_273687473400809163430, F1, i) + (not_pi054_490, F0, i)}
