{(and_not_n869_not_n870, F1, i)(not_n870,0,i) + (and_not_pi056_n308, F1, i)(n308,0,i)(not_pi056,0,i)}
{(and_not_n869_not_n870, F1, i)(not_n870,0,i) + (n301->and_n301_n302, F1, i)}
{(and_not_n869_not_n870, F1, i)(not_n870,0,i) + (and_n301_n302, F1, i)(n302,1,i)}
{(and_not_n869_not_n870, F1, i)(not_n870,0,i) + (and_not_pi056_0_not_n301, F1, i)(not_n301,1,i)}
{(and_not_n869_not_n870, F1, i)(not_n870,0,i) + (pi056->not_pi056_0, F0, i)}
{(and_not_n869_not_n870, F1, i)(not_n870,0,i) + (not_pi056_0, F1, i)}
{(and_not_n869_not_n870, F1, i)(not_n870,0,i) + (n301->and_n301_not_n328, F1, i)}
{(and_not_n869_not_n870, F1, i)(not_n870,0,i) + (and_n301_not_n328, F1, i)(not_n328,1,i)}
{(not_n870, F1, i) + (and_not_pi056_n308, F1, i)(n308,0,i)(not_pi056,0,i)}
{(not_n870, F1, i) + (n301->and_n301_n302, F1, i)}
{(not_n870, F1, i) + (and_n301_n302, F1, i)(n302,1,i)}
{(not_n870, F1, i) + (and_not_pi056_0_not_n301, F1, i)(not_n301,1,i)}
{(not_n870, F1, i) + (pi056->not_pi056_0, F0, i)}
{(not_n870, F1, i) + (not_pi056_0, F1, i)}
{(not_n870, F1, i) + (n301->and_n301_not_n328, F1, i)}
{(not_n870, F1, i) + (and_n301_not_n328, F1, i)(not_n328,1,i)}
{(n870, F0, i) + (and_not_pi056_n308, F1, i)(n308,0,i)(not_pi056,0,i)}
{(n870, F0, i) + (n301->and_n301_n302, F1, i)}
{(n870, F0, i) + (and_n301_n302, F1, i)(n302,1,i)}
{(n870, F0, i) + (and_not_pi056_0_not_n301, F1, i)(not_n301,1,i)}
{(n870, F0, i) + (pi056->not_pi056_0, F0, i)}
{(n870, F0, i) + (not_pi056_0, F1, i)}
{(n870, F0, i) + (n301->and_n301_not_n328, F1, i)}
{(n870, F0, i) + (and_n301_not_n328, F1, i)(not_n328,1,i)}
{(pi031->and_pi031_not_pi109_0, F0, i) + (and_not_pi056_n308, F1, i)(n308,0,i)(not_pi056,0,i)}
{(pi031->and_pi031_not_pi109_0, F0, i) + (n301->and_n301_n302, F1, i)}
{(pi031->and_pi031_not_pi109_0, F0, i) + (and_n301_n302, F1, i)(n302,1,i)}
{(pi031->and_pi031_not_pi109_0, F0, i) + (and_not_pi056_0_not_n301, F1, i)(not_n301,1,i)}
{(pi031->and_pi031_not_pi109_0, F0, i) + (pi056->not_pi056_0, F0, i)}
{(pi031->and_pi031_not_pi109_0, F0, i) + (not_pi056_0, F1, i)}
{(pi031->and_pi031_not_pi109_0, F0, i) + (n301->and_n301_not_n328, F1, i)}
{(pi031->and_pi031_not_pi109_0, F0, i) + (and_n301_not_n328, F1, i)(not_n328,1,i)}
{(and_pi031_not_pi109_0, F0, i) + (and_not_pi056_n308, F1, i)(n308,0,i)(not_pi056,0,i)}
{(and_pi031_not_pi109_0, F0, i) + (n301->and_n301_n302, F1, i)}
{(and_pi031_not_pi109_0, F0, i) + (and_n301_n302, F1, i)(n302,1,i)}
{(and_pi031_not_pi109_0, F0, i) + (and_not_pi056_0_not_n301, F1, i)(not_n301,1,i)}
{(and_pi031_not_pi109_0, F0, i) + (pi056->not_pi056_0, F0, i)}
{(and_pi031_not_pi109_0, F0, i) + (not_pi056_0, F1, i)}
{(and_pi031_not_pi109_0, F0, i) + (n301->and_n301_not_n328, F1, i)}
{(and_pi031_not_pi109_0, F0, i) + (and_n301_not_n328, F1, i)(not_n328,1,i)}
{(pi109->not_pi109_0, F1, i) + (and_not_pi056_n308, F1, i)(n308,0,i)(not_pi056,0,i)}
{(pi109->not_pi109_0, F1, i) + (n301->and_n301_n302, F1, i)}
{(pi109->not_pi109_0, F1, i) + (and_n301_n302, F1, i)(n302,1,i)}
{(pi109->not_pi109_0, F1, i) + (and_not_pi056_0_not_n301, F1, i)(not_n301,1,i)}
{(pi109->not_pi109_0, F1, i) + (pi056->not_pi056_0, F0, i)}
{(pi109->not_pi109_0, F1, i) + (not_pi056_0, F1, i)}
{(pi109->not_pi109_0, F1, i) + (n301->and_n301_not_n328, F1, i)}
{(pi109->not_pi109_0, F1, i) + (and_n301_not_n328, F1, i)(not_n328,1,i)}
{(not_pi109_0, F0, i) + (and_not_pi056_n308, F1, i)(n308,0,i)(not_pi056,0,i)}
{(not_pi109_0, F0, i) + (n301->and_n301_n302, F1, i)}
{(not_pi109_0, F0, i) + (and_n301_n302, F1, i)(n302,1,i)}
{(not_pi109_0, F0, i) + (and_not_pi056_0_not_n301, F1, i)(not_n301,1,i)}
{(not_pi109_0, F0, i) + (pi056->not_pi056_0, F0, i)}
{(not_pi109_0, F0, i) + (not_pi056_0, F1, i)}
{(not_pi109_0, F0, i) + (n301->and_n301_not_n328, F1, i)}
{(not_pi109_0, F0, i) + (and_n301_not_n328, F1, i)(not_n328,1,i)}
