{(and_not_n953_n963, F1, i)(n963,1,i) + (and_not_pi106_8_n1137, F1, i)(n1137,1,i)}
{(and_not_n953_n963, F1, i)(n963,1,i) + (pi106->not_pi106_8, F0, i)}
{(and_not_n953_n963, F1, i)(n963,1,i) + (not_pi106_8, F1, i)}
{(not_n953, F1, i) + (and_not_pi106_8_n1137, F1, i)(n1137,1,i)}
{(not_n953, F1, i) + (pi106->not_pi106_8, F0, i)}
{(not_n953, F1, i) + (not_pi106_8, F1, i)}
{(n953, F0, i) + (and_not_pi106_8_n1137, F1, i)(n1137,1,i)}
{(n953, F0, i) + (pi106->not_pi106_8, F0, i)}
{(n953, F0, i) + (not_pi106_8, F1, i)}
{(and_not_pi040_2_not_n952, F0, i) + (and_not_pi106_8_n1137, F1, i)(n1137,1,i)}
{(and_not_pi040_2_not_n952, F0, i) + (pi106->not_pi106_8, F0, i)}
{(and_not_pi040_2_not_n952, F0, i) + (not_pi106_8, F1, i)}
{(pi040->not_pi040_2, F1, i) + (and_not_pi106_8_n1137, F1, i)(n1137,1,i)}
{(pi040->not_pi040_2, F1, i) + (pi106->not_pi106_8, F0, i)}
{(pi040->not_pi040_2, F1, i) + (not_pi106_8, F1, i)}
{(not_pi040_2, F0, i) + (and_not_pi106_8_n1137, F1, i)(n1137,1,i)}
{(not_pi040_2, F0, i) + (pi106->not_pi106_8, F0, i)}
{(not_pi040_2, F0, i) + (not_pi106_8, F1, i)}
{(not_n952, F0, i) + (and_not_pi106_8_n1137, F1, i)(n1137,1,i)}
{(not_n952, F0, i) + (pi106->not_pi106_8, F0, i)}
{(not_n952, F0, i) + (not_pi106_8, F1, i)}
{(n952, F1, i) + (and_not_pi106_8_n1137, F1, i)(n1137,1,i)}
{(n952, F1, i) + (pi106->not_pi106_8, F0, i)}
{(n952, F1, i) + (not_pi106_8, F1, i)}
{(and_not_n947_not_n951, F1, i) + (and_not_pi106_8_n1137, F1, i)(n1137,1,i)}
{(and_not_n947_not_n951, F1, i) + (pi106->not_pi106_8, F0, i)}
{(and_not_n947_not_n951, F1, i) + (not_pi106_8, F1, i)}
