{(and_pi063_n702, F1, i)(pi063,1,i) + (and_not_n1255_not_n1257, F1, i)(not_n1255,1,i)}
{(and_pi063_n702, F1, i)(pi063,1,i) + (not_n1257, F1, i)}
{(and_pi063_n702, F1, i)(pi063,1,i) + (n1257, F0, i)}
{(and_pi063_n702, F1, i)(pi063,1,i) + (n1251->and_n1251_n1256, F0, i)}
{(and_pi063_n702, F1, i)(pi063,1,i) + (and_n1251_n1256, F0, i)}
{(and_pi063_n702, F1, i)(pi063,1,i) + (n1256, F0, i)}
{(and_pi063_n702, F1, i)(pi063,1,i) + (n1249->and_not_pi142_n1249, F0, i)}
{(and_pi063_n702, F1, i)(pi063,1,i) + (and_not_pi142_n1249, F0, i)}
{(and_pi063_n702, F1, i)(pi063,1,i) + (pi142->not_pi142, F1, i)}
{(and_pi063_n702, F1, i)(pi063,1,i) + (not_pi142, F0, i)}
{(n702, F1, i) + (and_not_n1255_not_n1257, F1, i)(not_n1255,1,i)}
{(n702, F1, i) + (not_n1257, F1, i)}
{(n702, F1, i) + (n1257, F0, i)}
{(n702, F1, i) + (n1251->and_n1251_n1256, F0, i)}
{(n702, F1, i) + (and_n1251_n1256, F0, i)}
{(n702, F1, i) + (n1256, F0, i)}
{(n702, F1, i) + (n1249->and_not_pi142_n1249, F0, i)}
{(n702, F1, i) + (and_not_pi142_n1249, F0, i)}
{(n702, F1, i) + (pi142->not_pi142, F1, i)}
{(n702, F1, i) + (not_pi142, F0, i)}
{(and_not_n379_2_not_n701, F1, i) + (and_not_n1255_not_n1257, F1, i)(not_n1255,1,i)}
{(and_not_n379_2_not_n701, F1, i) + (not_n1257, F1, i)}
{(and_not_n379_2_not_n701, F1, i) + (n1257, F0, i)}
{(and_not_n379_2_not_n701, F1, i) + (n1251->and_n1251_n1256, F0, i)}
{(and_not_n379_2_not_n701, F1, i) + (and_n1251_n1256, F0, i)}
{(and_not_n379_2_not_n701, F1, i) + (n1256, F0, i)}
{(and_not_n379_2_not_n701, F1, i) + (n1249->and_not_pi142_n1249, F0, i)}
{(and_not_n379_2_not_n701, F1, i) + (and_not_pi142_n1249, F0, i)}
{(and_not_n379_2_not_n701, F1, i) + (pi142->not_pi142, F1, i)}
{(and_not_n379_2_not_n701, F1, i) + (not_pi142, F0, i)}
