{(and_not_pi017_1_pi054, F1, i)(not_pi017_1,0,i) + (and_n754_n755, F1, i)(n754,0,i)(n755,0,i)}
{(and_not_pi017_1_pi054, F1, i)(not_pi017_1,0,i) + (and_not_pi053_not_n745, F1, i)(not_n745,1,i)}
{(and_not_pi017_1_pi054, F1, i)(not_pi017_1,0,i) + (pi053->not_pi053, F0, i)}
{(and_not_pi017_1_pi054, F1, i)(not_pi017_1,0,i) + (not_pi053, F1, i)}
{(and_not_pi017_1_pi054, F1, i)(not_pi017_1,0,i) + (and_not_pi027_0_n749, F1, i)(n749,1,i)}
{(and_not_pi017_1_pi054, F1, i)(not_pi017_1,0,i) + (pi027->not_pi027_0, F0, i)}
{(and_not_pi017_1_pi054, F1, i)(not_pi017_1,0,i) + (not_pi027_0, F1, i)}
{(pi017->not_pi017_1, F0, i) + (and_n754_n755, F1, i)(n754,0,i)(n755,0,i)}
{(pi017->not_pi017_1, F0, i) + (and_not_pi053_not_n745, F1, i)(not_n745,1,i)}
{(pi017->not_pi017_1, F0, i) + (pi053->not_pi053, F0, i)}
{(pi017->not_pi017_1, F0, i) + (not_pi053, F1, i)}
{(pi017->not_pi017_1, F0, i) + (and_not_pi027_0_n749, F1, i)(n749,1,i)}
{(pi017->not_pi017_1, F0, i) + (pi027->not_pi027_0, F0, i)}
{(pi017->not_pi017_1, F0, i) + (not_pi027_0, F1, i)}
{(not_pi017_1, F1, i) + (and_n754_n755, F1, i)(n754,0,i)(n755,0,i)}
{(not_pi017_1, F1, i) + (and_not_pi053_not_n745, F1, i)(not_n745,1,i)}
{(not_pi017_1, F1, i) + (pi053->not_pi053, F0, i)}
{(not_pi017_1, F1, i) + (not_pi053, F1, i)}
{(not_pi017_1, F1, i) + (and_not_pi027_0_n749, F1, i)(n749,1,i)}
{(not_pi017_1, F1, i) + (pi027->not_pi027_0, F0, i)}
{(not_pi017_1, F1, i) + (not_pi027_0, F1, i)}
