{(and_pi082_not_n1018, F1, i)(not_n1018,1,i) + (and_pi082_not_n1018, F1, i)(pi082,1,i) + (and_n605_n607, F1, i)(n607,0,i)}
{(and_pi082_not_n1018, F1, i)(not_n1018,1,i) + (and_pi082_not_n1018, F1, i)(pi082,1,i) + (n607, F1, i)}
{(and_pi082_not_n1018, F1, i)(not_n1018,1,i) + (and_pi082_not_n1018, F1, i)(pi082,1,i) + (and_not_pi012_5_n606, F1, i)}
{(and_not_n1020_not_n1021, F1, i)(not_n1020,1,i) + (and_n605_n607, F1, i)(n607,0,i)}
{(and_not_n1020_not_n1021, F1, i)(not_n1020,1,i) + (n607, F1, i)}
{(and_not_n1020_not_n1021, F1, i)(not_n1020,1,i) + (and_not_pi012_5_n606, F1, i)}
{(not_n1021, F1, i) + (and_n605_n607, F1, i)(n607,0,i)}
{(not_n1021, F1, i) + (n607, F1, i)}
{(not_n1021, F1, i) + (and_not_pi012_5_n606, F1, i)}
{(n1021, F0, i) + (and_n605_n607, F1, i)(n607,0,i)}
{(n1021, F0, i) + (n607, F1, i)}
{(n1021, F0, i) + (and_not_pi012_5_n606, F1, i)}
{(n379->and_not_pi044_3_n379, F0, i) + (and_n605_n607, F1, i)(n607,0,i)}
{(n379->and_not_pi044_3_n379, F0, i) + (n607, F1, i)}
{(n379->and_not_pi044_3_n379, F0, i) + (and_not_pi012_5_n606, F1, i)}
{(and_not_pi044_3_n379, F0, i) + (and_n605_n607, F1, i)(n607,0,i)}
{(and_not_pi044_3_n379, F0, i) + (n607, F1, i)}
{(and_not_pi044_3_n379, F0, i) + (and_not_pi012_5_n606, F1, i)}
{(pi044->not_pi044_3, F1, i) + (and_n605_n607, F1, i)(n607,0,i)}
{(pi044->not_pi044_3, F1, i) + (n607, F1, i)}
{(pi044->not_pi044_3, F1, i) + (and_not_pi012_5_n606, F1, i)}
{(not_pi044_3, F0, i) + (and_n605_n607, F1, i)(n607,0,i)}
{(not_pi044_3, F0, i) + (n607, F1, i)}
{(not_pi044_3, F0, i) + (and_not_pi012_5_n606, F1, i)}
