{(and_not_n1195_not_n1197, F1, i)(not_n1195,0,i) + (and_not_pi129_597682638941559493067901192655856192170251494124306816490_not_n1434, F1, i)(not_n1434,1,i)}
{(and_not_n1195_not_n1197, F1, i)(not_n1195,0,i) + (pi129->not_pi129_597682638941559493067901192655856192170251494124306816490, F0, i)}
{(and_not_n1195_not_n1197, F1, i)(not_n1195,0,i) + (not_pi129_597682638941559493067901192655856192170251494124306816490, F1, i)}
{(not_n1195, F1, i) + (and_not_pi129_597682638941559493067901192655856192170251494124306816490_not_n1434, F1, i)(not_n1434,1,i)}
{(not_n1195, F1, i) + (pi129->not_pi129_597682638941559493067901192655856192170251494124306816490, F0, i)}
{(not_n1195, F1, i) + (not_pi129_597682638941559493067901192655856192170251494124306816490, F1, i)}
{(n1195, F0, i) + (and_not_pi129_597682638941559493067901192655856192170251494124306816490_not_n1434, F1, i)(not_n1434,1,i)}
{(n1195, F0, i) + (pi129->not_pi129_597682638941559493067901192655856192170251494124306816490, F0, i)}
{(n1195, F0, i) + (not_pi129_597682638941559493067901192655856192170251494124306816490, F1, i)}
{(pi057->and_pi057_not_n1194, F0, i) + (and_not_pi129_597682638941559493067901192655856192170251494124306816490_not_n1434, F1, i)(not_n1434,1,i)}
{(pi057->and_pi057_not_n1194, F0, i) + (pi129->not_pi129_597682638941559493067901192655856192170251494124306816490, F0, i)}
{(pi057->and_pi057_not_n1194, F0, i) + (not_pi129_597682638941559493067901192655856192170251494124306816490, F1, i)}
{(and_pi057_not_n1194, F0, i) + (and_not_pi129_597682638941559493067901192655856192170251494124306816490_not_n1434, F1, i)(not_n1434,1,i)}
{(and_pi057_not_n1194, F0, i) + (pi129->not_pi129_597682638941559493067901192655856192170251494124306816490, F0, i)}
{(and_pi057_not_n1194, F0, i) + (not_pi129_597682638941559493067901192655856192170251494124306816490, F1, i)}
{(not_n1194, F0, i) + (and_not_pi129_597682638941559493067901192655856192170251494124306816490_not_n1434, F1, i)(not_n1434,1,i)}
{(not_n1194, F0, i) + (pi129->not_pi129_597682638941559493067901192655856192170251494124306816490, F0, i)}
{(not_n1194, F0, i) + (not_pi129_597682638941559493067901192655856192170251494124306816490, F1, i)}
{(n1194, F1, i) + (and_not_pi129_597682638941559493067901192655856192170251494124306816490_not_n1434, F1, i)(not_n1434,1,i)}
{(n1194, F1, i) + (pi129->not_pi129_597682638941559493067901192655856192170251494124306816490, F0, i)}
{(n1194, F1, i) + (not_pi129_597682638941559493067901192655856192170251494124306816490, F1, i)}
{(and_not_n1191_not_n1193, F1, i) + (and_not_pi129_597682638941559493067901192655856192170251494124306816490_not_n1434, F1, i)(not_n1434,1,i)}
{(and_not_n1191_not_n1193, F1, i) + (pi129->not_pi129_597682638941559493067901192655856192170251494124306816490, F0, i)}
{(and_not_n1191_not_n1193, F1, i) + (not_pi129_597682638941559493067901192655856192170251494124306816490, F1, i)}
