{(and_not_pi129_968890104070_not_n709, F1, i)(not_n709,0,i) + (and_not_pi129_138412872010_not_n685, F1, i)(not_n685,1,i)}
{(and_not_pi129_968890104070_not_n709, F1, i)(not_n709,0,i) + (pi129->not_pi129_138412872010, F0, i)}
{(and_not_pi129_968890104070_not_n709, F1, i)(not_n709,0,i) + (not_pi129_138412872010, F1, i)}
{(not_n709, F1, i) + (and_not_pi129_138412872010_not_n685, F1, i)(not_n685,1,i)}
{(not_n709, F1, i) + (pi129->not_pi129_138412872010, F0, i)}
{(not_n709, F1, i) + (not_pi129_138412872010, F1, i)}
{(n709, F0, i) + (and_not_pi129_138412872010_not_n685, F1, i)(not_n685,1,i)}
{(n709, F0, i) + (pi129->not_pi129_138412872010, F0, i)}
{(n709, F0, i) + (not_pi129_138412872010, F1, i)}
{(n705->and_n705_n708, F0, i) + (and_not_pi129_138412872010_not_n685, F1, i)(not_n685,1,i)}
{(n705->and_n705_n708, F0, i) + (pi129->not_pi129_138412872010, F0, i)}
{(n705->and_n705_n708, F0, i) + (not_pi129_138412872010, F1, i)}
{(and_n705_n708, F0, i) + (and_not_pi129_138412872010_not_n685, F1, i)(not_n685,1,i)}
{(and_n705_n708, F0, i) + (pi129->not_pi129_138412872010, F0, i)}
{(and_n705_n708, F0, i) + (not_pi129_138412872010, F1, i)}
{(n708, F0, i) + (and_not_pi129_138412872010_not_n685, F1, i)(not_n685,1,i)}
{(n708, F0, i) + (pi129->not_pi129_138412872010, F0, i)}
{(n708, F0, i) + (not_pi129_138412872010, F1, i)}
{(n649->and_n649_n707, F0, i) + (and_not_pi129_138412872010_not_n685, F1, i)(not_n685,1,i)}
{(n649->and_n649_n707, F0, i) + (pi129->not_pi129_138412872010, F0, i)}
{(n649->and_n649_n707, F0, i) + (not_pi129_138412872010, F1, i)}
{(and_n649_n707, F0, i) + (and_not_pi129_138412872010_not_n685, F1, i)(not_n685,1,i)}
{(and_n649_n707, F0, i) + (pi129->not_pi129_138412872010, F0, i)}
{(and_n649_n707, F0, i) + (not_pi129_138412872010, F1, i)}
{(n707, F0, i) + (and_not_pi129_138412872010_not_n685, F1, i)(not_n685,1,i)}
{(n707, F0, i) + (pi129->not_pi129_138412872010, F0, i)}
{(n707, F0, i) + (not_pi129_138412872010, F1, i)}
{(n390->and_n390_n706, F0, i) + (and_not_pi129_138412872010_not_n685, F1, i)(not_n685,1,i)}
{(n390->and_n390_n706, F0, i) + (pi129->not_pi129_138412872010, F0, i)}
{(n390->and_n390_n706, F0, i) + (not_pi129_138412872010, F1, i)}
{(and_n390_n706, F0, i) + (and_not_pi129_138412872010_not_n685, F1, i)(not_n685,1,i)}
{(and_n390_n706, F0, i) + (pi129->not_pi129_138412872010, F0, i)}
{(and_n390_n706, F0, i) + (not_pi129_138412872010, F1, i)}
{(n706, F0, i) + (and_not_pi129_138412872010_not_n685, F1, i)(not_n685,1,i)}
{(n706, F0, i) + (pi129->not_pi129_138412872010, F0, i)}
{(n706, F0, i) + (not_pi129_138412872010, F1, i)}
{(pi082->and_pi024_pi082, F0, i) + (and_not_pi129_138412872010_not_n685, F1, i)(not_n685,1,i)}
{(pi082->and_pi024_pi082, F0, i) + (pi129->not_pi129_138412872010, F0, i)}
{(pi082->and_pi024_pi082, F0, i) + (not_pi129_138412872010, F1, i)}
{(pi024->and_pi024_pi082, F0, i) + (and_not_pi129_138412872010_not_n685, F1, i)(not_n685,1,i)}
{(pi024->and_pi024_pi082, F0, i) + (pi129->not_pi129_138412872010, F0, i)}
{(pi024->and_pi024_pi082, F0, i) + (not_pi129_138412872010, F1, i)}
{(and_pi024_pi082, F0, i) + (and_not_pi129_138412872010_not_n685, F1, i)(not_n685,1,i)}
{(and_pi024_pi082, F0, i) + (pi129->not_pi129_138412872010, F0, i)}
{(and_pi024_pi082, F0, i) + (not_pi129_138412872010, F1, i)}
