{(and_not_n1181_not_n1183, F1, i)(not_n1181,1,i) + (and_not_n1589_not_n1590, F1, i)(not_n1589,0,i)}
{(and_not_n1181_not_n1183, F1, i)(not_n1181,1,i) + (not_n1589, F1, i)}
{(and_not_n1181_not_n1183, F1, i)(not_n1181,1,i) + (n1589, F0, i)}
{(and_not_n1181_not_n1183, F1, i)(not_n1181,1,i) + (n1583->and_n1583_n1588, F0, i)}
{(and_not_n1181_not_n1183, F1, i)(not_n1181,1,i) + (and_n1583_n1588, F0, i)}
{(and_not_n1181_not_n1183, F1, i)(not_n1181,1,i) + (n1588, F0, i)}
{(and_not_n1181_not_n1183, F1, i)(not_n1181,1,i) + (pi141->and_not_pi136_403536070_pi141, F0, i)}
{(and_not_n1181_not_n1183, F1, i)(not_n1181,1,i) + (and_not_pi136_403536070_pi141, F0, i)}
{(and_not_n1181_not_n1183, F1, i)(not_n1181,1,i) + (pi136->not_pi136_403536070, F1, i)}
{(and_not_n1181_not_n1183, F1, i)(not_n1181,1,i) + (not_pi136_403536070, F0, i)}
{(not_n1183, F1, i) + (and_not_n1589_not_n1590, F1, i)(not_n1589,0,i)}
{(not_n1183, F1, i) + (not_n1589, F1, i)}
{(not_n1183, F1, i) + (n1589, F0, i)}
{(not_n1183, F1, i) + (n1583->and_n1583_n1588, F0, i)}
{(not_n1183, F1, i) + (and_n1583_n1588, F0, i)}
{(not_n1183, F1, i) + (n1588, F0, i)}
{(not_n1183, F1, i) + (pi141->and_not_pi136_403536070_pi141, F0, i)}
{(not_n1183, F1, i) + (and_not_pi136_403536070_pi141, F0, i)}
{(not_n1183, F1, i) + (pi136->not_pi136_403536070, F1, i)}
{(not_n1183, F1, i) + (not_pi136_403536070, F0, i)}
{(n1183, F0, i) + (and_not_n1589_not_n1590, F1, i)(not_n1589,0,i)}
{(n1183, F0, i) + (not_n1589, F1, i)}
{(n1183, F0, i) + (n1589, F0, i)}
{(n1183, F0, i) + (n1583->and_n1583_n1588, F0, i)}
{(n1183, F0, i) + (and_n1583_n1588, F0, i)}
{(n1183, F0, i) + (n1588, F0, i)}
{(n1183, F0, i) + (pi141->and_not_pi136_403536070_pi141, F0, i)}
{(n1183, F0, i) + (and_not_pi136_403536070_pi141, F0, i)}
{(n1183, F0, i) + (pi136->not_pi136_403536070, F1, i)}
{(n1183, F0, i) + (not_pi136_403536070, F0, i)}
{(n1175->and_n1175_n1182, F0, i) + (and_not_n1589_not_n1590, F1, i)(not_n1589,0,i)}
{(n1175->and_n1175_n1182, F0, i) + (not_n1589, F1, i)}
{(n1175->and_n1175_n1182, F0, i) + (n1589, F0, i)}
{(n1175->and_n1175_n1182, F0, i) + (n1583->and_n1583_n1588, F0, i)}
{(n1175->and_n1175_n1182, F0, i) + (and_n1583_n1588, F0, i)}
{(n1175->and_n1175_n1182, F0, i) + (n1588, F0, i)}
{(n1175->and_n1175_n1182, F0, i) + (pi141->and_not_pi136_403536070_pi141, F0, i)}
{(n1175->and_n1175_n1182, F0, i) + (and_not_pi136_403536070_pi141, F0, i)}
{(n1175->and_n1175_n1182, F0, i) + (pi136->not_pi136_403536070, F1, i)}
{(n1175->and_n1175_n1182, F0, i) + (not_pi136_403536070, F0, i)}
{(n1182->and_n1175_n1182, F0, i) + (and_not_n1589_not_n1590, F1, i)(not_n1589,0,i)}
{(n1182->and_n1175_n1182, F0, i) + (not_n1589, F1, i)}
{(n1182->and_n1175_n1182, F0, i) + (n1589, F0, i)}
{(n1182->and_n1175_n1182, F0, i) + (n1583->and_n1583_n1588, F0, i)}
{(n1182->and_n1175_n1182, F0, i) + (and_n1583_n1588, F0, i)}
{(n1182->and_n1175_n1182, F0, i) + (n1588, F0, i)}
{(n1182->and_n1175_n1182, F0, i) + (pi141->and_not_pi136_403536070_pi141, F0, i)}
{(n1182->and_n1175_n1182, F0, i) + (and_not_pi136_403536070_pi141, F0, i)}
{(n1182->and_n1175_n1182, F0, i) + (pi136->not_pi136_403536070, F1, i)}
{(n1182->and_n1175_n1182, F0, i) + (not_pi136_403536070, F0, i)}
{(and_n1175_n1182, F0, i) + (and_not_n1589_not_n1590, F1, i)(not_n1589,0,i)}
{(and_n1175_n1182, F0, i) + (not_n1589, F1, i)}
{(and_n1175_n1182, F0, i) + (n1589, F0, i)}
{(and_n1175_n1182, F0, i) + (n1583->and_n1583_n1588, F0, i)}
{(and_n1175_n1182, F0, i) + (and_n1583_n1588, F0, i)}
{(and_n1175_n1182, F0, i) + (n1588, F0, i)}
{(and_n1175_n1182, F0, i) + (pi141->and_not_pi136_403536070_pi141, F0, i)}
{(and_n1175_n1182, F0, i) + (and_not_pi136_403536070_pi141, F0, i)}
{(and_n1175_n1182, F0, i) + (pi136->not_pi136_403536070, F1, i)}
{(and_n1175_n1182, F0, i) + (not_pi136_403536070, F0, i)}
