{(and_not_n309_not_n335, F1, i)(not_n309,0,i) + (n406->and_n381_n406, F1, i)}
{(and_not_n309_not_n335, F1, i)(not_n309,0,i) + (and_n381_n406, F1, i)(n406,0,i)}
{(not_n309, F1, i) + (n406->and_n381_n406, F1, i)}
{(not_n309, F1, i) + (and_n381_n406, F1, i)(n406,0,i)}
{(n309, F0, i) + (n406->and_n381_n406, F1, i)}
{(n309, F0, i) + (and_n381_n406, F1, i)(n406,0,i)}
{(and_not_pi056_n308, F0, i) + (n406->and_n381_n406, F1, i)}
{(and_not_pi056_n308, F0, i) + (and_n381_n406, F1, i)(n406,0,i)}
{(pi056->not_pi056, F1, i) + (n406->and_n381_n406, F1, i)}
{(pi056->not_pi056, F1, i) + (and_n381_n406, F1, i)(n406,0,i)}
{(not_pi056, F0, i) + (n406->and_n381_n406, F1, i)}
{(not_pi056, F0, i) + (and_n381_n406, F1, i)(n406,0,i)}
{(n308, F0, i) + (n406->and_n381_n406, F1, i)}
{(n308, F0, i) + (and_n381_n406, F1, i)(n406,0,i)}
{(n301->and_n301_not_n302, F0, i) + (n406->and_n381_n406, F1, i)}
{(n301->and_n301_not_n302, F0, i) + (and_n381_n406, F1, i)(n406,0,i)}
{(and_n301_not_n302, F0, i) + (n406->and_n381_n406, F1, i)}
{(and_n301_not_n302, F0, i) + (and_n381_n406, F1, i)(n406,0,i)}
{(n302->not_n302, F1, i) + (n406->and_n381_n406, F1, i)}
{(n302->not_n302, F1, i) + (and_n381_n406, F1, i)(n406,0,i)}
{(not_n302, F0, i) + (n406->and_n381_n406, F1, i)}
{(not_n302, F0, i) + (and_n381_n406, F1, i)(n406,0,i)}
