{(and_not_n1058_n1061, F1, i)(n1061,1,i) + (n295->and_pi018_n295, F1, i)}
{(and_not_n1058_n1061, F1, i)(n1061,1,i) + (and_pi018_n295, F1, i)(pi018,1,i)}
{(not_n1058, F1, i) + (n295->and_pi018_n295, F1, i)}
{(not_n1058, F1, i) + (and_pi018_n295, F1, i)(pi018,1,i)}
{(n1058, F0, i) + (n295->and_pi018_n295, F1, i)}
{(n1058, F0, i) + (and_pi018_n295, F1, i)(pi018,1,i)}
{(pi075->and_pi075_n1057, F0, i) + (n295->and_pi018_n295, F1, i)}
{(pi075->and_pi075_n1057, F0, i) + (and_pi018_n295, F1, i)(pi018,1,i)}
{(and_pi075_n1057, F0, i) + (n295->and_pi018_n295, F1, i)}
{(and_pi075_n1057, F0, i) + (and_pi018_n295, F1, i)(pi018,1,i)}
{(n1057, F0, i) + (n295->and_pi018_n295, F1, i)}
{(n1057, F0, i) + (and_pi018_n295, F1, i)(pi018,1,i)}
{(and_not_n379_10_not_n1056, F0, i) + (n295->and_pi018_n295, F1, i)}
{(and_not_n379_10_not_n1056, F0, i) + (and_pi018_n295, F1, i)(pi018,1,i)}
{(n379->not_n379_10, F1, i) + (n295->and_pi018_n295, F1, i)}
{(n379->not_n379_10, F1, i) + (and_pi018_n295, F1, i)(pi018,1,i)}
{(not_n379_10, F0, i) + (n295->and_pi018_n295, F1, i)}
{(not_n379_10, F0, i) + (and_pi018_n295, F1, i)(pi018,1,i)}
{(not_n1056, F0, i) + (n295->and_pi018_n295, F1, i)}
{(not_n1056, F0, i) + (and_pi018_n295, F1, i)(pi018,1,i)}
{(n1056, F1, i) + (n295->and_pi018_n295, F1, i)}
{(n1056, F1, i) + (and_pi018_n295, F1, i)(pi018,1,i)}
{(and_pi082_not_n1055, F1, i) + (n295->and_pi018_n295, F1, i)}
{(and_pi082_not_n1055, F1, i) + (and_pi018_n295, F1, i)(pi018,1,i)}
