{(and_not_pi129_657123623635342801395430_not_n936, F1, i)(not_pi129_657123623635342801395430,1,i) + (and_not_n1544_not_n1548, F1, i)(not_n1548,1,i)}
{(and_not_pi129_657123623635342801395430_not_n936, F1, i)(not_pi129_657123623635342801395430,1,i) + (not_n1544, F1, i)}
{(and_not_pi129_657123623635342801395430_not_n936, F1, i)(not_pi129_657123623635342801395430,1,i) + (n1544, F0, i)}
{(and_not_pi129_657123623635342801395430_not_n936, F1, i)(not_pi129_657123623635342801395430,1,i) + (n1360->and_pi036_n1360, F0, i)}
{(and_not_pi129_657123623635342801395430_not_n936, F1, i)(not_pi129_657123623635342801395430,1,i) + (pi036->and_pi036_n1360, F0, i)}
{(and_not_pi129_657123623635342801395430_not_n936, F1, i)(not_pi129_657123623635342801395430,1,i) + (and_pi036_n1360, F0, i)}
{(not_n936, F1, i) + (and_not_n1544_not_n1548, F1, i)(not_n1548,1,i)}
{(not_n936, F1, i) + (not_n1544, F1, i)}
{(not_n936, F1, i) + (n1544, F0, i)}
{(not_n936, F1, i) + (n1360->and_pi036_n1360, F0, i)}
{(not_n936, F1, i) + (pi036->and_pi036_n1360, F0, i)}
{(not_n936, F1, i) + (and_pi036_n1360, F0, i)}
{(n936, F0, i) + (and_not_n1544_not_n1548, F1, i)(not_n1548,1,i)}
{(n936, F0, i) + (not_n1544, F1, i)}
{(n936, F0, i) + (n1544, F0, i)}
{(n936, F0, i) + (n1360->and_pi036_n1360, F0, i)}
{(n936, F0, i) + (pi036->and_pi036_n1360, F0, i)}
{(n936, F0, i) + (and_pi036_n1360, F0, i)}
{(n934->and_n934_n935, F0, i) + (and_not_n1544_not_n1548, F1, i)(not_n1548,1,i)}
{(n934->and_n934_n935, F0, i) + (not_n1544, F1, i)}
{(n934->and_n934_n935, F0, i) + (n1544, F0, i)}
{(n934->and_n934_n935, F0, i) + (n1360->and_pi036_n1360, F0, i)}
{(n934->and_n934_n935, F0, i) + (pi036->and_pi036_n1360, F0, i)}
{(n934->and_n934_n935, F0, i) + (and_pi036_n1360, F0, i)}
{(and_n934_n935, F0, i) + (and_not_n1544_not_n1548, F1, i)(not_n1548,1,i)}
{(and_n934_n935, F0, i) + (not_n1544, F1, i)}
{(and_n934_n935, F0, i) + (n1544, F0, i)}
{(and_n934_n935, F0, i) + (n1360->and_pi036_n1360, F0, i)}
{(and_n934_n935, F0, i) + (pi036->and_pi036_n1360, F0, i)}
{(and_n934_n935, F0, i) + (and_pi036_n1360, F0, i)}
{(n935, F0, i) + (and_not_n1544_not_n1548, F1, i)(not_n1548,1,i)}
{(n935, F0, i) + (not_n1544, F1, i)}
{(n935, F0, i) + (n1544, F0, i)}
{(n935, F0, i) + (n1360->and_pi036_n1360, F0, i)}
{(n935, F0, i) + (pi036->and_pi036_n1360, F0, i)}
{(n935, F0, i) + (and_pi036_n1360, F0, i)}
{(pi038->and_pi038_n641, F0, i) + (and_not_n1544_not_n1548, F1, i)(not_n1548,1,i)}
{(pi038->and_pi038_n641, F0, i) + (not_n1544, F1, i)}
{(pi038->and_pi038_n641, F0, i) + (n1544, F0, i)}
{(pi038->and_pi038_n641, F0, i) + (n1360->and_pi036_n1360, F0, i)}
{(pi038->and_pi038_n641, F0, i) + (pi036->and_pi036_n1360, F0, i)}
{(pi038->and_pi038_n641, F0, i) + (and_pi036_n1360, F0, i)}
{(n641->and_pi038_n641, F0, i) + (and_not_n1544_not_n1548, F1, i)(not_n1548,1,i)}
{(n641->and_pi038_n641, F0, i) + (not_n1544, F1, i)}
{(n641->and_pi038_n641, F0, i) + (n1544, F0, i)}
{(n641->and_pi038_n641, F0, i) + (n1360->and_pi036_n1360, F0, i)}
{(n641->and_pi038_n641, F0, i) + (pi036->and_pi036_n1360, F0, i)}
{(n641->and_pi038_n641, F0, i) + (and_pi036_n1360, F0, i)}
{(and_pi038_n641, F0, i) + (and_not_n1544_not_n1548, F1, i)(not_n1548,1,i)}
{(and_pi038_n641, F0, i) + (not_n1544, F1, i)}
{(and_pi038_n641, F0, i) + (n1544, F0, i)}
{(and_pi038_n641, F0, i) + (n1360->and_pi036_n1360, F0, i)}
{(and_pi038_n641, F0, i) + (pi036->and_pi036_n1360, F0, i)}
{(and_pi038_n641, F0, i) + (and_pi036_n1360, F0, i)}
