{(and_not_n782_not_n783, F1, i)(not_n783,1,i) + (not_n810, F1, i)}
{(and_not_n782_not_n783, F1, i)(not_n783,1,i) + (n810, F0, i)}
{(and_not_n782_not_n783, F1, i)(not_n783,1,i) + (pi028->and_pi028_not_pi116_3, F0, i)}
{(and_not_n782_not_n783, F1, i)(not_n783,1,i) + (and_pi028_not_pi116_3, F0, i)}
{(and_not_n782_not_n783, F1, i)(not_n783,1,i) + (pi116->not_pi116_3, F1, i)}
{(and_not_n782_not_n783, F1, i)(not_n783,1,i) + (not_pi116_3, F0, i)}
{(not_n782, F1, i) + (not_n810, F1, i)}
{(not_n782, F1, i) + (n810, F0, i)}
{(not_n782, F1, i) + (pi028->and_pi028_not_pi116_3, F0, i)}
{(not_n782, F1, i) + (and_pi028_not_pi116_3, F0, i)}
{(not_n782, F1, i) + (pi116->not_pi116_3, F1, i)}
{(not_n782, F1, i) + (not_pi116_3, F0, i)}
{(n782, F0, i) + (not_n810, F1, i)}
{(n782, F0, i) + (n810, F0, i)}
{(n782, F0, i) + (pi028->and_pi028_not_pi116_3, F0, i)}
{(n782, F0, i) + (and_pi028_not_pi116_3, F0, i)}
{(n782, F0, i) + (pi116->not_pi116_3, F1, i)}
{(n782, F0, i) + (not_pi116_3, F0, i)}
{(and_not_pi100_0_not_n781, F0, i) + (not_n810, F1, i)}
{(and_not_pi100_0_not_n781, F0, i) + (n810, F0, i)}
{(and_not_pi100_0_not_n781, F0, i) + (pi028->and_pi028_not_pi116_3, F0, i)}
{(and_not_pi100_0_not_n781, F0, i) + (and_pi028_not_pi116_3, F0, i)}
{(and_not_pi100_0_not_n781, F0, i) + (pi116->not_pi116_3, F1, i)}
{(and_not_pi100_0_not_n781, F0, i) + (not_pi116_3, F0, i)}
{(pi100->not_pi100_0, F1, i) + (not_n810, F1, i)}
{(pi100->not_pi100_0, F1, i) + (n810, F0, i)}
{(pi100->not_pi100_0, F1, i) + (pi028->and_pi028_not_pi116_3, F0, i)}
{(pi100->not_pi100_0, F1, i) + (and_pi028_not_pi116_3, F0, i)}
{(pi100->not_pi100_0, F1, i) + (pi116->not_pi116_3, F1, i)}
{(pi100->not_pi100_0, F1, i) + (not_pi116_3, F0, i)}
{(not_pi100_0, F0, i) + (not_n810, F1, i)}
{(not_pi100_0, F0, i) + (n810, F0, i)}
{(not_pi100_0, F0, i) + (pi028->and_pi028_not_pi116_3, F0, i)}
{(not_pi100_0, F0, i) + (and_pi028_not_pi116_3, F0, i)}
{(not_pi100_0, F0, i) + (pi116->not_pi116_3, F1, i)}
{(not_pi100_0, F0, i) + (not_pi116_3, F0, i)}
{(not_n781, F0, i) + (not_n810, F1, i)}
{(not_n781, F0, i) + (n810, F0, i)}
{(not_n781, F0, i) + (pi028->and_pi028_not_pi116_3, F0, i)}
{(not_n781, F0, i) + (and_pi028_not_pi116_3, F0, i)}
{(not_n781, F0, i) + (pi116->not_pi116_3, F1, i)}
{(not_n781, F0, i) + (not_pi116_3, F0, i)}
{(n781, F1, i) + (not_n810, F1, i)}
{(n781, F1, i) + (n810, F0, i)}
{(n781, F1, i) + (pi028->and_pi028_not_pi116_3, F0, i)}
{(n781, F1, i) + (and_pi028_not_pi116_3, F0, i)}
{(n781, F1, i) + (pi116->not_pi116_3, F1, i)}
{(n781, F1, i) + (not_pi116_3, F0, i)}
{(and_not_n779_not_n780, F1, i) + (not_n810, F1, i)}
{(and_not_n779_not_n780, F1, i) + (n810, F0, i)}
{(and_not_n779_not_n780, F1, i) + (pi028->and_pi028_not_pi116_3, F0, i)}
{(and_not_n779_not_n780, F1, i) + (and_pi028_not_pi116_3, F0, i)}
{(and_not_n779_not_n780, F1, i) + (pi116->not_pi116_3, F1, i)}
{(and_not_n779_not_n780, F1, i) + (not_pi116_3, F0, i)}
