{(and_not_n1085_n1098, F1, i)(n1098,1,i) + (po077, F1, i)}
{(and_not_n1085_n1098, F1, i)(n1098,1,i) + (po077_driver, F1, i)}
{(and_not_n1085_n1098, F1, i)(n1098,1,i) + (pi129->or_pi129_n1253, F1, i)}
{(and_not_n1085_n1098, F1, i)(n1098,1,i) + (or_pi129_n1253, F1, i)}
{(and_not_n1085_n1098, F1, i)(n1098,1,i) + (n1253, F1, i)}
{(and_not_n1085_n1098, F1, i)(n1098,1,i) + (and_not_n1248_not_n1252, F1, i)}
{(not_n1085, F1, i) + (po077, F1, i)}
{(not_n1085, F1, i) + (po077_driver, F1, i)}
{(not_n1085, F1, i) + (pi129->or_pi129_n1253, F1, i)}
{(not_n1085, F1, i) + (or_pi129_n1253, F1, i)}
{(not_n1085, F1, i) + (n1253, F1, i)}
{(not_n1085, F1, i) + (and_not_n1248_not_n1252, F1, i)}
{(n1085, F0, i) + (po077, F1, i)}
{(n1085, F0, i) + (po077_driver, F1, i)}
{(n1085, F0, i) + (pi129->or_pi129_n1253, F1, i)}
{(n1085, F0, i) + (or_pi129_n1253, F1, i)}
{(n1085, F0, i) + (n1253, F1, i)}
{(n1085, F0, i) + (and_not_n1248_not_n1252, F1, i)}
{(and_not_pi048_3_not_n1084, F0, i) + (po077, F1, i)}
{(and_not_pi048_3_not_n1084, F0, i) + (po077_driver, F1, i)}
{(and_not_pi048_3_not_n1084, F0, i) + (pi129->or_pi129_n1253, F1, i)}
{(and_not_pi048_3_not_n1084, F0, i) + (or_pi129_n1253, F1, i)}
{(and_not_pi048_3_not_n1084, F0, i) + (n1253, F1, i)}
{(and_not_pi048_3_not_n1084, F0, i) + (and_not_n1248_not_n1252, F1, i)}
{(pi048->not_pi048_3, F1, i) + (po077, F1, i)}
{(pi048->not_pi048_3, F1, i) + (po077_driver, F1, i)}
{(pi048->not_pi048_3, F1, i) + (pi129->or_pi129_n1253, F1, i)}
{(pi048->not_pi048_3, F1, i) + (or_pi129_n1253, F1, i)}
{(pi048->not_pi048_3, F1, i) + (n1253, F1, i)}
{(pi048->not_pi048_3, F1, i) + (and_not_n1248_not_n1252, F1, i)}
{(not_pi048_3, F0, i) + (po077, F1, i)}
{(not_pi048_3, F0, i) + (po077_driver, F1, i)}
{(not_pi048_3, F0, i) + (pi129->or_pi129_n1253, F1, i)}
{(not_pi048_3, F0, i) + (or_pi129_n1253, F1, i)}
{(not_pi048_3, F0, i) + (n1253, F1, i)}
{(not_pi048_3, F0, i) + (and_not_n1248_not_n1252, F1, i)}
{(not_n1084, F0, i) + (po077, F1, i)}
{(not_n1084, F0, i) + (po077_driver, F1, i)}
{(not_n1084, F0, i) + (pi129->or_pi129_n1253, F1, i)}
{(not_n1084, F0, i) + (or_pi129_n1253, F1, i)}
{(not_n1084, F0, i) + (n1253, F1, i)}
{(not_n1084, F0, i) + (and_not_n1248_not_n1252, F1, i)}
{(n1084, F1, i) + (po077, F1, i)}
{(n1084, F1, i) + (po077_driver, F1, i)}
{(n1084, F1, i) + (pi129->or_pi129_n1253, F1, i)}
{(n1084, F1, i) + (or_pi129_n1253, F1, i)}
{(n1084, F1, i) + (n1253, F1, i)}
{(n1084, F1, i) + (and_not_n1248_not_n1252, F1, i)}
{(and_not_n1081_not_n1083, F1, i) + (po077, F1, i)}
{(and_not_n1081_not_n1083, F1, i) + (po077_driver, F1, i)}
{(and_not_n1081_not_n1083, F1, i) + (pi129->or_pi129_n1253, F1, i)}
{(and_not_n1081_not_n1083, F1, i) + (or_pi129_n1253, F1, i)}
{(and_not_n1081_not_n1083, F1, i) + (n1253, F1, i)}
{(and_not_n1081_not_n1083, F1, i) + (and_not_n1248_not_n1252, F1, i)}
