{(and_not_n889_not_n893, F1, i)(not_n893,0,i) + (and_not_n1436_not_n1437, F1, i)(not_n1436,0,i)}
{(and_not_n889_not_n893, F1, i)(not_n893,0,i) + (not_n1436, F1, i)}
{(and_not_n889_not_n893, F1, i)(not_n893,0,i) + (n1436, F0, i)}
{(and_not_n889_not_n893, F1, i)(not_n893,0,i) + (pi098->and_pi098_not_n1386_5, F0, i)}
{(and_not_n889_not_n893, F1, i)(not_n893,0,i) + (and_pi098_not_n1386_5, F0, i)}
{(and_not_n889_not_n893, F1, i)(not_n893,0,i) + (n1386->not_n1386_5, F1, i)}
{(and_not_n889_not_n893, F1, i)(not_n893,0,i) + (not_n1386_5, F0, i)}
{(not_n893, F1, i) + (and_not_n1436_not_n1437, F1, i)(not_n1436,0,i)}
{(not_n893, F1, i) + (not_n1436, F1, i)}
{(not_n893, F1, i) + (n1436, F0, i)}
{(not_n893, F1, i) + (pi098->and_pi098_not_n1386_5, F0, i)}
{(not_n893, F1, i) + (and_pi098_not_n1386_5, F0, i)}
{(not_n893, F1, i) + (n1386->not_n1386_5, F1, i)}
{(not_n893, F1, i) + (not_n1386_5, F0, i)}
{(n893, F0, i) + (and_not_n1436_not_n1437, F1, i)(not_n1436,0,i)}
{(n893, F0, i) + (not_n1436, F1, i)}
{(n893, F0, i) + (n1436, F0, i)}
{(n893, F0, i) + (pi098->and_pi098_not_n1386_5, F0, i)}
{(n893, F0, i) + (and_pi098_not_n1386_5, F0, i)}
{(n893, F0, i) + (n1386->not_n1386_5, F1, i)}
{(n893, F0, i) + (not_n1386_5, F0, i)}
{(and_not_pi106_3_not_n892, F0, i) + (and_not_n1436_not_n1437, F1, i)(not_n1436,0,i)}
{(and_not_pi106_3_not_n892, F0, i) + (not_n1436, F1, i)}
{(and_not_pi106_3_not_n892, F0, i) + (n1436, F0, i)}
{(and_not_pi106_3_not_n892, F0, i) + (pi098->and_pi098_not_n1386_5, F0, i)}
{(and_not_pi106_3_not_n892, F0, i) + (and_pi098_not_n1386_5, F0, i)}
{(and_not_pi106_3_not_n892, F0, i) + (n1386->not_n1386_5, F1, i)}
{(and_not_pi106_3_not_n892, F0, i) + (not_n1386_5, F0, i)}
{(not_n892, F0, i) + (and_not_n1436_not_n1437, F1, i)(not_n1436,0,i)}
{(not_n892, F0, i) + (not_n1436, F1, i)}
{(not_n892, F0, i) + (n1436, F0, i)}
{(not_n892, F0, i) + (pi098->and_pi098_not_n1386_5, F0, i)}
{(not_n892, F0, i) + (and_pi098_not_n1386_5, F0, i)}
{(not_n892, F0, i) + (n1386->not_n1386_5, F1, i)}
{(not_n892, F0, i) + (not_n1386_5, F0, i)}
{(pi106->not_pi106_3, F1, i) + (and_not_n1436_not_n1437, F1, i)(not_n1436,0,i)}
{(pi106->not_pi106_3, F1, i) + (not_n1436, F1, i)}
{(pi106->not_pi106_3, F1, i) + (n1436, F0, i)}
{(pi106->not_pi106_3, F1, i) + (pi098->and_pi098_not_n1386_5, F0, i)}
{(pi106->not_pi106_3, F1, i) + (and_pi098_not_n1386_5, F0, i)}
{(pi106->not_pi106_3, F1, i) + (n1386->not_n1386_5, F1, i)}
{(pi106->not_pi106_3, F1, i) + (not_n1386_5, F0, i)}
{(not_pi106_3, F0, i) + (and_not_n1436_not_n1437, F1, i)(not_n1436,0,i)}
{(not_pi106_3, F0, i) + (not_n1436, F1, i)}
{(not_pi106_3, F0, i) + (n1436, F0, i)}
{(not_pi106_3, F0, i) + (pi098->and_pi098_not_n1386_5, F0, i)}
{(not_pi106_3, F0, i) + (and_pi098_not_n1386_5, F0, i)}
{(not_pi106_3, F0, i) + (n1386->not_n1386_5, F1, i)}
{(not_pi106_3, F0, i) + (not_n1386_5, F0, i)}
{(n892, F1, i) + (and_not_n1436_not_n1437, F1, i)(not_n1436,0,i)}
{(n892, F1, i) + (not_n1436, F1, i)}
{(n892, F1, i) + (n1436, F0, i)}
{(n892, F1, i) + (pi098->and_pi098_not_n1386_5, F0, i)}
{(n892, F1, i) + (and_pi098_not_n1386_5, F0, i)}
{(n892, F1, i) + (n1386->not_n1386_5, F1, i)}
{(n892, F1, i) + (not_n1386_5, F0, i)}
{(and_not_n890_not_n891, F1, i) + (and_not_n1436_not_n1437, F1, i)(not_n1436,0,i)}
{(and_not_n890_not_n891, F1, i) + (not_n1436, F1, i)}
{(and_not_n890_not_n891, F1, i) + (n1436, F0, i)}
{(and_not_n890_not_n891, F1, i) + (pi098->and_pi098_not_n1386_5, F0, i)}
{(and_not_n890_not_n891, F1, i) + (and_pi098_not_n1386_5, F0, i)}
{(and_not_n890_not_n891, F1, i) + (n1386->not_n1386_5, F1, i)}
{(and_not_n890_not_n891, F1, i) + (not_n1386_5, F0, i)}
