{(and_not_pi050_2_n391, F1, i)(n391,1,i) + (and_not_n672_not_n681, F1, i)(not_n672,0,i)}
{(and_not_pi050_2_n391, F1, i)(n391,1,i) + (not_n672, F1, i)}
{(and_not_pi050_2_n391, F1, i)(n391,1,i) + (n672, F0, i)}
{(and_not_pi050_2_n391, F1, i)(n391,1,i) + (pi022->and_pi022_not_pi054_168070, F0, i)}
{(and_not_pi050_2_n391, F1, i)(n391,1,i) + (and_pi022_not_pi054_168070, F0, i)}
{(and_not_pi050_2_n391, F1, i)(n391,1,i) + (pi054->not_pi054_168070, F1, i)}
{(and_not_pi050_2_n391, F1, i)(n391,1,i) + (not_pi054_168070, F0, i)}
{(pi050->not_pi050_2, F0, i) + (and_not_n672_not_n681, F1, i)(not_n672,0,i)}
{(pi050->not_pi050_2, F0, i) + (not_n672, F1, i)}
{(pi050->not_pi050_2, F0, i) + (n672, F0, i)}
{(pi050->not_pi050_2, F0, i) + (pi022->and_pi022_not_pi054_168070, F0, i)}
{(pi050->not_pi050_2, F0, i) + (and_pi022_not_pi054_168070, F0, i)}
{(pi050->not_pi050_2, F0, i) + (pi054->not_pi054_168070, F1, i)}
{(pi050->not_pi050_2, F0, i) + (not_pi054_168070, F0, i)}
{(not_pi050_2, F1, i) + (and_not_n672_not_n681, F1, i)(not_n672,0,i)}
{(not_pi050_2, F1, i) + (not_n672, F1, i)}
{(not_pi050_2, F1, i) + (n672, F0, i)}
{(not_pi050_2, F1, i) + (pi022->and_pi022_not_pi054_168070, F0, i)}
{(not_pi050_2, F1, i) + (and_pi022_not_pi054_168070, F0, i)}
{(not_pi050_2, F1, i) + (pi054->not_pi054_168070, F1, i)}
{(not_pi050_2, F1, i) + (not_pi054_168070, F0, i)}
