{(and_pi002_not_n412, F1, i)(pi002,1,i) + (and_not_pi041_2_not_n968, F1, i)(not_n968,1,i)}
{(and_pi002_not_n412, F1, i)(pi002,1,i) + (pi041->not_pi041_2, F0, i)}
{(and_pi002_not_n412, F1, i)(pi002,1,i) + (not_pi041_2, F1, i)}
{(not_n412, F1, i) + (and_not_pi041_2_not_n968, F1, i)(not_n968,1,i)}
{(not_n412, F1, i) + (pi041->not_pi041_2, F0, i)}
{(not_n412, F1, i) + (not_pi041_2, F1, i)}
{(n412, F0, i) + (and_not_pi041_2_not_n968, F1, i)(not_n968,1,i)}
{(n412, F0, i) + (pi041->not_pi041_2, F0, i)}
{(n412, F0, i) + (not_pi041_2, F1, i)}
{(and_not_n410_not_n411, F0, i) + (and_not_pi041_2_not_n968, F1, i)(not_n968,1,i)}
{(and_not_n410_not_n411, F0, i) + (pi041->not_pi041_2, F0, i)}
{(and_not_n410_not_n411, F0, i) + (not_pi041_2, F1, i)}
{(not_n410, F0, i) + (and_not_pi041_2_not_n968, F1, i)(not_n968,1,i)}
{(not_n410, F0, i) + (pi041->not_pi041_2, F0, i)}
{(not_n410, F0, i) + (not_pi041_2, F1, i)}
{(n411->not_n411, F1, i) + (and_not_pi041_2_not_n968, F1, i)(not_n968,1,i)}
{(n411->not_n411, F1, i) + (pi041->not_pi041_2, F0, i)}
{(n411->not_n411, F1, i) + (not_pi041_2, F1, i)}
{(not_n411, F0, i) + (and_not_pi041_2_not_n968, F1, i)(not_n968,1,i)}
{(not_n411, F0, i) + (pi041->not_pi041_2, F0, i)}
{(not_n411, F0, i) + (not_pi041_2, F1, i)}
{(n410, F1, i) + (and_not_pi041_2_not_n968, F1, i)(not_n968,1,i)}
{(n410, F1, i) + (pi041->not_pi041_2, F0, i)}
{(n410, F1, i) + (not_pi041_2, F1, i)}
{(and_pi082_not_n409, F1, i) + (and_not_pi041_2_not_n968, F1, i)(not_n968,1,i)}
{(and_pi082_not_n409, F1, i) + (pi041->not_pi041_2, F0, i)}
{(and_pi082_not_n409, F1, i) + (not_pi041_2, F1, i)}
