{(and_not_pi000_not_n306, F1, i)(not_pi000,1,i) + (and_not_pi085_10_n1187, F1, i)(n1187,1,i)}
{(and_not_pi000_not_n306, F1, i)(not_pi000,1,i) + (pi085->not_pi085_10, F0, i)}
{(and_not_pi000_not_n306, F1, i)(not_pi000,1,i) + (not_pi085_10, F1, i)}
{(and_not_pi000_not_n306, F1, i)(not_pi000,1,i) + (n1192->and_n1192_n1196, F1, i)}
{(and_not_pi000_not_n306, F1, i)(not_pi000,1,i) + (and_n1192_n1196, F1, i)(n1196,1,i)}
{(not_n306, F1, i) + (and_not_pi085_10_n1187, F1, i)(n1187,1,i)}
{(not_n306, F1, i) + (pi085->not_pi085_10, F0, i)}
{(not_n306, F1, i) + (not_pi085_10, F1, i)}
{(not_n306, F1, i) + (n1192->and_n1192_n1196, F1, i)}
{(not_n306, F1, i) + (and_n1192_n1196, F1, i)(n1196,1,i)}
{(n306, F0, i) + (and_not_pi085_10_n1187, F1, i)(n1187,1,i)}
{(n306, F0, i) + (pi085->not_pi085_10, F0, i)}
{(n306, F0, i) + (not_pi085_10, F1, i)}
{(n306, F0, i) + (n1192->and_n1192_n1196, F1, i)}
{(n306, F0, i) + (and_n1192_n1196, F1, i)(n1196,1,i)}
{(pi054->and_pi054_not_n305, F0, i) + (and_not_pi085_10_n1187, F1, i)(n1187,1,i)}
{(pi054->and_pi054_not_n305, F0, i) + (pi085->not_pi085_10, F0, i)}
{(pi054->and_pi054_not_n305, F0, i) + (not_pi085_10, F1, i)}
{(pi054->and_pi054_not_n305, F0, i) + (n1192->and_n1192_n1196, F1, i)}
{(pi054->and_pi054_not_n305, F0, i) + (and_n1192_n1196, F1, i)(n1196,1,i)}
{(and_pi054_not_n305, F0, i) + (and_not_pi085_10_n1187, F1, i)(n1187,1,i)}
{(and_pi054_not_n305, F0, i) + (pi085->not_pi085_10, F0, i)}
{(and_pi054_not_n305, F0, i) + (not_pi085_10, F1, i)}
{(and_pi054_not_n305, F0, i) + (n1192->and_n1192_n1196, F1, i)}
{(and_pi054_not_n305, F0, i) + (and_n1192_n1196, F1, i)(n1196,1,i)}
{(not_n305, F0, i) + (and_not_pi085_10_n1187, F1, i)(n1187,1,i)}
{(not_n305, F0, i) + (pi085->not_pi085_10, F0, i)}
{(not_n305, F0, i) + (not_pi085_10, F1, i)}
{(not_n305, F0, i) + (n1192->and_n1192_n1196, F1, i)}
{(not_n305, F0, i) + (and_n1192_n1196, F1, i)(n1196,1,i)}
{(n305, F1, i) + (and_not_pi085_10_n1187, F1, i)(n1187,1,i)}
{(n305, F1, i) + (pi085->not_pi085_10, F0, i)}
{(n305, F1, i) + (not_pi085_10, F1, i)}
{(n305, F1, i) + (n1192->and_n1192_n1196, F1, i)}
{(n305, F1, i) + (and_n1192_n1196, F1, i)(n1196,1,i)}
{(and_n297_n304, F1, i) + (and_not_pi085_10_n1187, F1, i)(n1187,1,i)}
{(and_n297_n304, F1, i) + (pi085->not_pi085_10, F0, i)}
{(and_n297_n304, F1, i) + (not_pi085_10, F1, i)}
{(and_n297_n304, F1, i) + (n1192->and_n1192_n1196, F1, i)}
{(and_n297_n304, F1, i) + (and_n1192_n1196, F1, i)(n1196,1,i)}
