{(and_not_n917_not_n922, F1, i)(not_n917,1,i) + (and_not_pi114_pi123, F1, i)(pi123,1,i)}
{(and_not_n917_not_n922, F1, i)(not_n917,1,i) + (pi114->not_pi114, F0, i)}
{(and_not_n917_not_n922, F1, i)(not_n917,1,i) + (not_pi114, F1, i)}
{(not_n922, F1, i) + (and_not_pi114_pi123, F1, i)(pi123,1,i)}
{(not_n922, F1, i) + (pi114->not_pi114, F0, i)}
{(not_n922, F1, i) + (not_pi114, F1, i)}
{(n922, F0, i) + (and_not_pi114_pi123, F1, i)(pi123,1,i)}
{(n922, F0, i) + (pi114->not_pi114, F0, i)}
{(n922, F0, i) + (not_pi114, F1, i)}
{(n379->and_n379_not_n921, F0, i) + (and_not_pi114_pi123, F1, i)(pi123,1,i)}
{(n379->and_n379_not_n921, F0, i) + (pi114->not_pi114, F0, i)}
{(n379->and_n379_not_n921, F0, i) + (not_pi114, F1, i)}
{(and_n379_not_n921, F0, i) + (and_not_pi114_pi123, F1, i)(pi123,1,i)}
{(and_n379_not_n921, F0, i) + (pi114->not_pi114, F0, i)}
{(and_n379_not_n921, F0, i) + (not_pi114, F1, i)}
{(not_n921, F0, i) + (and_not_pi114_pi123, F1, i)(pi123,1,i)}
{(not_n921, F0, i) + (pi114->not_pi114, F0, i)}
{(not_n921, F0, i) + (not_pi114, F1, i)}
{(n921, F1, i) + (and_not_pi114_pi123, F1, i)(pi123,1,i)}
{(n921, F1, i) + (pi114->not_pi114, F0, i)}
{(n921, F1, i) + (not_pi114, F1, i)}
{(and_pi082_not_n920, F1, i) + (and_not_pi114_pi123, F1, i)(pi123,1,i)}
{(and_pi082_not_n920, F1, i) + (pi114->not_pi114, F0, i)}
{(and_pi082_not_n920, F1, i) + (not_pi114, F1, i)}
