{(N3817, F1, i)(N2214,1,i) + (N1934, F1, i)(N1364,0,i)}
{(N3817, F1, i)(N2214,1,i) + (N3897, F1, i)(N1318,1,i)}
{(N3817, F1, i)(N2214,1,i) + (N1318->N1364, F0, i)}
{(N3817, F1, i)(N2214,1,i) + (N1364, F1, i)}
{(N3817, F1, i)(N2214,1,i) + (N474->N1017, F0, i)}
{(N3817, F1, i)(N2214,1,i) + (N1017, F1, i)}
{(N3817, F1, i)(N2214,1,i) + (N562, F1, i)(N3617,1,i)}
{(N3817, F1, i)(N2214,1,i) + (N55->N478, F0, i)}
{(N3817, F1, i)(N2214,1,i) + (N478, F1, i)}
{(N2602, F1, i)(N3273,0,i) + (N1934, F1, i)(N1364,0,i)}
{(N2602, F1, i)(N3273,0,i) + (N3897, F1, i)(N1318,1,i)}
{(N2602, F1, i)(N3273,0,i) + (N1318->N1364, F0, i)}
{(N2602, F1, i)(N3273,0,i) + (N1364, F1, i)}
{(N2602, F1, i)(N3273,0,i) + (N474->N1017, F0, i)}
{(N2602, F1, i)(N3273,0,i) + (N1017, F1, i)}
{(N2602, F1, i)(N3273,0,i) + (N562, F1, i)(N3617,1,i)}
{(N2602, F1, i)(N3273,0,i) + (N55->N478, F0, i)}
{(N2602, F1, i)(N3273,0,i) + (N478, F1, i)}
{(N1402->N2535, F0, i) + (N1934, F1, i)(N1364,0,i)}
{(N1402->N2535, F0, i) + (N3897, F1, i)(N1318,1,i)}
{(N1402->N2535, F0, i) + (N1318->N1364, F0, i)}
{(N1402->N2535, F0, i) + (N1364, F1, i)}
{(N1402->N2535, F0, i) + (N474->N1017, F0, i)}
{(N1402->N2535, F0, i) + (N1017, F1, i)}
{(N1402->N2535, F0, i) + (N562, F1, i)(N3617,1,i)}
{(N1402->N2535, F0, i) + (N55->N478, F0, i)}
{(N1402->N2535, F0, i) + (N478, F1, i)}
{(N2535, F1, i) + (N1934, F1, i)(N1364,0,i)}
{(N2535, F1, i) + (N3897, F1, i)(N1318,1,i)}
{(N2535, F1, i) + (N1318->N1364, F0, i)}
{(N2535, F1, i) + (N1364, F1, i)}
{(N2535, F1, i) + (N474->N1017, F0, i)}
{(N2535, F1, i) + (N1017, F1, i)}
{(N2535, F1, i) + (N562, F1, i)(N3617,1,i)}
{(N2535, F1, i) + (N55->N478, F0, i)}
{(N2535, F1, i) + (N478, F1, i)}
{(N190->N3273, F0, i) + (N1934, F1, i)(N1364,0,i)}
{(N190->N3273, F0, i) + (N3897, F1, i)(N1318,1,i)}
{(N190->N3273, F0, i) + (N1318->N1364, F0, i)}
{(N190->N3273, F0, i) + (N1364, F1, i)}
{(N190->N3273, F0, i) + (N474->N1017, F0, i)}
{(N190->N3273, F0, i) + (N1017, F1, i)}
{(N190->N3273, F0, i) + (N562, F1, i)(N3617,1,i)}
{(N190->N3273, F0, i) + (N55->N478, F0, i)}
{(N190->N3273, F0, i) + (N478, F1, i)}
{(N3273, F1, i) + (N1934, F1, i)(N1364,0,i)}
{(N3273, F1, i) + (N3897, F1, i)(N1318,1,i)}
{(N3273, F1, i) + (N1318->N1364, F0, i)}
{(N3273, F1, i) + (N1364, F1, i)}
{(N3273, F1, i) + (N474->N1017, F0, i)}
{(N3273, F1, i) + (N1017, F1, i)}
{(N3273, F1, i) + (N562, F1, i)(N3617,1,i)}
{(N3273, F1, i) + (N55->N478, F0, i)}
{(N3273, F1, i) + (N478, F1, i)}
