{(N1603->N807, F1, i) + (N2128, F1, i)(N3174,0,i)}
{(N1603->N807, F1, i) + (N3027, F1, i)(N3529,0,i)}
{(N1603->N807, F1, i) + (N3365->N3174, F0, i)}
{(N1603->N807, F1, i) + (N3174, F1, i)}
{(N1603->N807, F1, i) + (N2547->N3529, F0, i)}
{(N1603->N807, F1, i) + (N3529, F1, i)}
{(N1603->N807, F1, i) + (N1582, F1, i)(N2479,0,i)}
{(N1603->N807, F1, i) + (N28->N2479, F0, i)}
{(N1603->N807, F1, i) + (N2479, F1, i)}
{(N807, F1, i)(N1834,1,i) + (N2128, F1, i)(N3174,0,i)}
{(N807, F1, i)(N1834,1,i) + (N3027, F1, i)(N3529,0,i)}
{(N807, F1, i)(N1834,1,i) + (N3365->N3174, F0, i)}
{(N807, F1, i)(N1834,1,i) + (N3174, F1, i)}
{(N807, F1, i)(N1834,1,i) + (N2547->N3529, F0, i)}
{(N807, F1, i)(N1834,1,i) + (N3529, F1, i)}
{(N807, F1, i)(N1834,1,i) + (N1582, F1, i)(N2479,0,i)}
{(N807, F1, i)(N1834,1,i) + (N28->N2479, F0, i)}
{(N807, F1, i)(N1834,1,i) + (N2479, F1, i)}
{(N2134->N1978, F1, i) + (N2128, F1, i)(N3174,0,i)}
{(N2134->N1978, F1, i) + (N3027, F1, i)(N3529,0,i)}
{(N2134->N1978, F1, i) + (N3365->N3174, F0, i)}
{(N2134->N1978, F1, i) + (N3174, F1, i)}
{(N2134->N1978, F1, i) + (N2547->N3529, F0, i)}
{(N2134->N1978, F1, i) + (N3529, F1, i)}
{(N2134->N1978, F1, i) + (N1582, F1, i)(N2479,0,i)}
{(N2134->N1978, F1, i) + (N28->N2479, F0, i)}
{(N2134->N1978, F1, i) + (N2479, F1, i)}
{(N1978, F1, i)(N3696,1,i) + (N2128, F1, i)(N3174,0,i)}
{(N1978, F1, i)(N3696,1,i) + (N3027, F1, i)(N3529,0,i)}
{(N1978, F1, i)(N3696,1,i) + (N3365->N3174, F0, i)}
{(N1978, F1, i)(N3696,1,i) + (N3174, F1, i)}
{(N1978, F1, i)(N3696,1,i) + (N2547->N3529, F0, i)}
{(N1978, F1, i)(N3696,1,i) + (N3529, F1, i)}
{(N1978, F1, i)(N3696,1,i) + (N1582, F1, i)(N2479,0,i)}
{(N1978, F1, i)(N3696,1,i) + (N28->N2479, F0, i)}
{(N1978, F1, i)(N3696,1,i) + (N2479, F1, i)}
{(N3467, F1, i)(N3667,1,i) + (N2128, F1, i)(N3174,0,i)}
{(N3467, F1, i)(N3667,1,i) + (N3027, F1, i)(N3529,0,i)}
{(N3467, F1, i)(N3667,1,i) + (N3365->N3174, F0, i)}
{(N3467, F1, i)(N3667,1,i) + (N3174, F1, i)}
{(N3467, F1, i)(N3667,1,i) + (N2547->N3529, F0, i)}
{(N3467, F1, i)(N3667,1,i) + (N3529, F1, i)}
{(N3467, F1, i)(N3667,1,i) + (N1582, F1, i)(N2479,0,i)}
{(N3467, F1, i)(N3667,1,i) + (N28->N2479, F0, i)}
{(N3467, F1, i)(N3667,1,i) + (N2479, F1, i)}
{(N1233, F1, i) + (N2128, F1, i)(N3174,0,i)}
{(N1233, F1, i) + (N3027, F1, i)(N3529,0,i)}
{(N1233, F1, i) + (N3365->N3174, F0, i)}
{(N1233, F1, i) + (N3174, F1, i)}
{(N1233, F1, i) + (N2547->N3529, F0, i)}
{(N1233, F1, i) + (N3529, F1, i)}
{(N1233, F1, i) + (N1582, F1, i)(N2479,0,i)}
{(N1233, F1, i) + (N28->N2479, F0, i)}
{(N1233, F1, i) + (N2479, F1, i)}
{(N1014, F0, i) + (N2128, F1, i)(N3174,0,i)}
{(N1014, F0, i) + (N3027, F1, i)(N3529,0,i)}
{(N1014, F0, i) + (N3365->N3174, F0, i)}
{(N1014, F0, i) + (N3174, F1, i)}
{(N1014, F0, i) + (N2547->N3529, F0, i)}
{(N1014, F0, i) + (N3529, F1, i)}
{(N1014, F0, i) + (N1582, F1, i)(N2479,0,i)}
{(N1014, F0, i) + (N28->N2479, F0, i)}
{(N1014, F0, i) + (N2479, F1, i)}
{(N467, F0, i) + (N2128, F1, i)(N3174,0,i)}
{(N467, F0, i) + (N3027, F1, i)(N3529,0,i)}
{(N467, F0, i) + (N3365->N3174, F0, i)}
{(N467, F0, i) + (N3174, F1, i)}
{(N467, F0, i) + (N2547->N3529, F0, i)}
{(N467, F0, i) + (N3529, F1, i)}
{(N467, F0, i) + (N1582, F1, i)(N2479,0,i)}
{(N467, F0, i) + (N28->N2479, F0, i)}
{(N467, F0, i) + (N2479, F1, i)}
{(N677->N1089, F1, i) + (N2128, F1, i)(N3174,0,i)}
{(N677->N1089, F1, i) + (N3027, F1, i)(N3529,0,i)}
{(N677->N1089, F1, i) + (N3365->N3174, F0, i)}
{(N677->N1089, F1, i) + (N3174, F1, i)}
{(N677->N1089, F1, i) + (N2547->N3529, F0, i)}
{(N677->N1089, F1, i) + (N3529, F1, i)}
{(N677->N1089, F1, i) + (N1582, F1, i)(N2479,0,i)}
{(N677->N1089, F1, i) + (N28->N2479, F0, i)}
{(N677->N1089, F1, i) + (N2479, F1, i)}
{(N1089, F0, i) + (N2128, F1, i)(N3174,0,i)}
{(N1089, F0, i) + (N3027, F1, i)(N3529,0,i)}
{(N1089, F0, i) + (N3365->N3174, F0, i)}
{(N1089, F0, i) + (N3174, F1, i)}
{(N1089, F0, i) + (N2547->N3529, F0, i)}
{(N1089, F0, i) + (N3529, F1, i)}
{(N1089, F0, i) + (N1582, F1, i)(N2479,0,i)}
{(N1089, F0, i) + (N28->N2479, F0, i)}
{(N1089, F0, i) + (N2479, F1, i)}
{(N3864->N895, F1, i) + (N2128, F1, i)(N3174,0,i)}
{(N3864->N895, F1, i) + (N3027, F1, i)(N3529,0,i)}
{(N3864->N895, F1, i) + (N3365->N3174, F0, i)}
{(N3864->N895, F1, i) + (N3174, F1, i)}
{(N3864->N895, F1, i) + (N2547->N3529, F0, i)}
{(N3864->N895, F1, i) + (N3529, F1, i)}
{(N3864->N895, F1, i) + (N1582, F1, i)(N2479,0,i)}
{(N3864->N895, F1, i) + (N28->N2479, F0, i)}
{(N3864->N895, F1, i) + (N2479, F1, i)}
{(N895, F0, i) + (N2128, F1, i)(N3174,0,i)}
{(N895, F0, i) + (N3027, F1, i)(N3529,0,i)}
{(N895, F0, i) + (N3365->N3174, F0, i)}
{(N895, F0, i) + (N3174, F1, i)}
{(N895, F0, i) + (N2547->N3529, F0, i)}
{(N895, F0, i) + (N3529, F1, i)}
{(N895, F0, i) + (N1582, F1, i)(N2479,0,i)}
{(N895, F0, i) + (N28->N2479, F0, i)}
{(N895, F0, i) + (N2479, F1, i)}
