{(N3256, F1, i)(N637,1,i) + (N3849, F1, i)(N1345,1,i)}
{(N3256, F1, i)(N637,1,i) + (N1235->N3562, F0, i)}
{(N3256, F1, i)(N637,1,i) + (N3562, F1, i)}
{(N2102, F1, i)(N2205,0,i) + (N3849, F1, i)(N1345,1,i)}
{(N2102, F1, i)(N2205,0,i) + (N1235->N3562, F0, i)}
{(N2102, F1, i)(N2205,0,i) + (N3562, F1, i)}
{(N601->N3306, F0, i) + (N3849, F1, i)(N1345,1,i)}
{(N601->N3306, F0, i) + (N1235->N3562, F0, i)}
{(N601->N3306, F0, i) + (N3562, F1, i)}
{(N3306, F1, i) + (N3849, F1, i)(N1345,1,i)}
{(N3306, F1, i) + (N1235->N3562, F0, i)}
{(N3306, F1, i) + (N3562, F1, i)}
{(N637->N2205, F0, i) + (N3849, F1, i)(N1345,1,i)}
{(N637->N2205, F0, i) + (N1235->N3562, F0, i)}
{(N637->N2205, F0, i) + (N3562, F1, i)}
{(N2205, F1, i) + (N3849, F1, i)(N1345,1,i)}
{(N2205, F1, i) + (N1235->N3562, F0, i)}
{(N2205, F1, i) + (N3562, F1, i)}
{(N1197, F1, i)(N3431,1,i) + (N3849, F1, i)(N1345,1,i)}
{(N1197, F1, i)(N3431,1,i) + (N1235->N3562, F0, i)}
{(N1197, F1, i)(N3431,1,i) + (N3562, F1, i)}
{(N146->N1573, F0, i) + (N3849, F1, i)(N1345,1,i)}
{(N146->N1573, F0, i) + (N1235->N3562, F0, i)}
{(N146->N1573, F0, i) + (N3562, F1, i)}
{(N1573, F1, i) + (N3849, F1, i)(N1345,1,i)}
{(N1573, F1, i) + (N1235->N3562, F0, i)}
{(N1573, F1, i) + (N3562, F1, i)}
