{(N2787, F1, i)(N2112,1,i) + (N729, F1, i)(N428,1,i)}
{(N2787, F1, i)(N2112,1,i) + (N2763, F1, i)(N1473,1,i)}
{(N2787, F1, i)(N2112,1,i) + (N1957->N564, F0, i)}
{(N2787, F1, i)(N2112,1,i) + (N564, F1, i)}
{(N2787, F1, i)(N2112,1,i) + (N3->N1035, F0, i)}
{(N2787, F1, i)(N2112,1,i) + (N1035, F1, i)}
{(N851, F1, i)(N1025,0,i) + (N729, F1, i)(N428,1,i)}
{(N851, F1, i)(N1025,0,i) + (N2763, F1, i)(N1473,1,i)}
{(N851, F1, i)(N1025,0,i) + (N1957->N564, F0, i)}
{(N851, F1, i)(N1025,0,i) + (N564, F1, i)}
{(N851, F1, i)(N1025,0,i) + (N3->N1035, F0, i)}
{(N851, F1, i)(N1025,0,i) + (N1035, F1, i)}
{(N2800, F1, i) + (N729, F1, i)(N428,1,i)}
{(N2800, F1, i) + (N2763, F1, i)(N1473,1,i)}
{(N2800, F1, i) + (N1957->N564, F0, i)}
{(N2800, F1, i) + (N564, F1, i)}
{(N2800, F1, i) + (N3->N1035, F0, i)}
{(N2800, F1, i) + (N1035, F1, i)}
{(N45->N1025, F0, i) + (N729, F1, i)(N428,1,i)}
{(N45->N1025, F0, i) + (N2763, F1, i)(N1473,1,i)}
{(N45->N1025, F0, i) + (N1957->N564, F0, i)}
{(N45->N1025, F0, i) + (N564, F1, i)}
{(N45->N1025, F0, i) + (N3->N1035, F0, i)}
{(N45->N1025, F0, i) + (N1035, F1, i)}
{(N1025, F1, i) + (N729, F1, i)(N428,1,i)}
{(N1025, F1, i) + (N2763, F1, i)(N1473,1,i)}
{(N1025, F1, i) + (N1957->N564, F0, i)}
{(N1025, F1, i) + (N564, F1, i)}
{(N1025, F1, i) + (N3->N1035, F0, i)}
{(N1025, F1, i) + (N1035, F1, i)}
{(N2354, F0, i) + (N729, F1, i)(N428,1,i)}
{(N2354, F0, i) + (N2763, F1, i)(N1473,1,i)}
{(N2354, F0, i) + (N1957->N564, F0, i)}
{(N2354, F0, i) + (N564, F1, i)}
{(N2354, F0, i) + (N3->N1035, F0, i)}
{(N2354, F0, i) + (N1035, F1, i)}
{(N772, F0, i) + (N729, F1, i)(N428,1,i)}
{(N772, F0, i) + (N2763, F1, i)(N1473,1,i)}
{(N772, F0, i) + (N1957->N564, F0, i)}
{(N772, F0, i) + (N564, F1, i)}
{(N772, F0, i) + (N3->N1035, F0, i)}
{(N772, F0, i) + (N1035, F1, i)}
{(N622->N1828, F1, i) + (N729, F1, i)(N428,1,i)}
{(N622->N1828, F1, i) + (N2763, F1, i)(N1473,1,i)}
{(N622->N1828, F1, i) + (N1957->N564, F0, i)}
{(N622->N1828, F1, i) + (N564, F1, i)}
{(N622->N1828, F1, i) + (N3->N1035, F0, i)}
{(N622->N1828, F1, i) + (N1035, F1, i)}
{(N1828, F0, i) + (N729, F1, i)(N428,1,i)}
{(N1828, F0, i) + (N2763, F1, i)(N1473,1,i)}
{(N1828, F0, i) + (N1957->N564, F0, i)}
{(N1828, F0, i) + (N564, F1, i)}
{(N1828, F0, i) + (N3->N1035, F0, i)}
{(N1828, F0, i) + (N1035, F1, i)}
{(N2914->N1064, F1, i) + (N729, F1, i)(N428,1,i)}
{(N2914->N1064, F1, i) + (N2763, F1, i)(N1473,1,i)}
{(N2914->N1064, F1, i) + (N1957->N564, F0, i)}
{(N2914->N1064, F1, i) + (N564, F1, i)}
{(N2914->N1064, F1, i) + (N3->N1035, F0, i)}
{(N2914->N1064, F1, i) + (N1035, F1, i)}
{(N1064, F0, i) + (N729, F1, i)(N428,1,i)}
{(N1064, F0, i) + (N2763, F1, i)(N1473,1,i)}
{(N1064, F0, i) + (N1957->N564, F0, i)}
{(N1064, F0, i) + (N564, F1, i)}
{(N1064, F0, i) + (N3->N1035, F0, i)}
{(N1064, F0, i) + (N1035, F1, i)}
