{(N3490, F1, i)(N2461,1,i) + (N2988, F1, i)(N2021,1,i)}
{(N3490, F1, i)(N2461,1,i) + (N643, F1, i)(N3432,1,i)}
{(N3490, F1, i)(N2461,1,i) + (N3432->N832, F0, i)}
{(N3490, F1, i)(N2461,1,i) + (N832, F1, i)}
{(N3490, F1, i)(N2461,1,i) + (N2021->N2483, F0, i)}
{(N3490, F1, i)(N2461,1,i) + (N2483, F1, i)}
{(N3490, F1, i)(N2461,1,i) + (N2620, F1, i)(N2840,0,i)}
{(N3490, F1, i)(N2461,1,i) + (N23->N2840, F0, i)}
{(N3490, F1, i)(N2461,1,i) + (N2840, F1, i)}
{(N3559->N3669, F0, i) + (N2988, F1, i)(N2021,1,i)}
{(N3559->N3669, F0, i) + (N643, F1, i)(N3432,1,i)}
{(N3559->N3669, F0, i) + (N3432->N832, F0, i)}
{(N3559->N3669, F0, i) + (N832, F1, i)}
{(N3559->N3669, F0, i) + (N2021->N2483, F0, i)}
{(N3559->N3669, F0, i) + (N2483, F1, i)}
{(N3559->N3669, F0, i) + (N2620, F1, i)(N2840,0,i)}
{(N3559->N3669, F0, i) + (N23->N2840, F0, i)}
{(N3559->N3669, F0, i) + (N2840, F1, i)}
{(N3669, F1, i) + (N2988, F1, i)(N2021,1,i)}
{(N3669, F1, i) + (N643, F1, i)(N3432,1,i)}
{(N3669, F1, i) + (N3432->N832, F0, i)}
{(N3669, F1, i) + (N832, F1, i)}
{(N3669, F1, i) + (N2021->N2483, F0, i)}
{(N3669, F1, i) + (N2483, F1, i)}
{(N3669, F1, i) + (N2620, F1, i)(N2840,0,i)}
{(N3669, F1, i) + (N23->N2840, F0, i)}
{(N3669, F1, i) + (N2840, F1, i)}
{(N2027, F1, i)(N1889,1,i) + (N2988, F1, i)(N2021,1,i)}
{(N2027, F1, i)(N1889,1,i) + (N643, F1, i)(N3432,1,i)}
{(N2027, F1, i)(N1889,1,i) + (N3432->N832, F0, i)}
{(N2027, F1, i)(N1889,1,i) + (N832, F1, i)}
{(N2027, F1, i)(N1889,1,i) + (N2021->N2483, F0, i)}
{(N2027, F1, i)(N1889,1,i) + (N2483, F1, i)}
{(N2027, F1, i)(N1889,1,i) + (N2620, F1, i)(N2840,0,i)}
{(N2027, F1, i)(N1889,1,i) + (N23->N2840, F0, i)}
{(N2027, F1, i)(N1889,1,i) + (N2840, F1, i)}
{(N2831->N2769, F0, i) + (N2988, F1, i)(N2021,1,i)}
{(N2831->N2769, F0, i) + (N643, F1, i)(N3432,1,i)}
{(N2831->N2769, F0, i) + (N3432->N832, F0, i)}
{(N2831->N2769, F0, i) + (N832, F1, i)}
{(N2831->N2769, F0, i) + (N2021->N2483, F0, i)}
{(N2831->N2769, F0, i) + (N2483, F1, i)}
{(N2831->N2769, F0, i) + (N2620, F1, i)(N2840,0,i)}
{(N2831->N2769, F0, i) + (N23->N2840, F0, i)}
{(N2831->N2769, F0, i) + (N2840, F1, i)}
{(N2769, F1, i) + (N2988, F1, i)(N2021,1,i)}
{(N2769, F1, i) + (N643, F1, i)(N3432,1,i)}
{(N2769, F1, i) + (N3432->N832, F0, i)}
{(N2769, F1, i) + (N832, F1, i)}
{(N2769, F1, i) + (N2021->N2483, F0, i)}
{(N2769, F1, i) + (N2483, F1, i)}
{(N2769, F1, i) + (N2620, F1, i)(N2840,0,i)}
{(N2769, F1, i) + (N23->N2840, F0, i)}
{(N2769, F1, i) + (N2840, F1, i)}
