{(N1324, F1, i)(N3944,0,i) + (N3206, F1, i)(N2533,1,i)}
{(N1324, F1, i)(N3944,0,i) + (N245->N2244, F0, i)}
{(N1324, F1, i)(N3944,0,i) + (N2244, F1, i)}
{(N3944, F1, i) + (N3206, F1, i)(N2533,1,i)}
{(N3944, F1, i) + (N245->N2244, F0, i)}
{(N3944, F1, i) + (N2244, F1, i)}
{(N3654, F0, i) + (N3206, F1, i)(N2533,1,i)}
{(N3654, F0, i) + (N245->N2244, F0, i)}
{(N3654, F0, i) + (N2244, F1, i)}
{(N1431->N1833, F0, i) + (N3206, F1, i)(N2533,1,i)}
{(N1431->N1833, F0, i) + (N245->N2244, F0, i)}
{(N1431->N1833, F0, i) + (N2244, F1, i)}
{(N1833, F0, i) + (N3206, F1, i)(N2533,1,i)}
{(N1833, F0, i) + (N245->N2244, F0, i)}
{(N1833, F0, i) + (N2244, F1, i)}
{(N1486->N1334, F1, i) + (N3206, F1, i)(N2533,1,i)}
{(N1486->N1334, F1, i) + (N245->N2244, F0, i)}
{(N1486->N1334, F1, i) + (N2244, F1, i)}
{(N1334, F0, i) + (N3206, F1, i)(N2533,1,i)}
{(N1334, F0, i) + (N245->N2244, F0, i)}
{(N1334, F0, i) + (N2244, F1, i)}
{(N83->N2077, F1, i) + (N3206, F1, i)(N2533,1,i)}
{(N83->N2077, F1, i) + (N245->N2244, F0, i)}
{(N83->N2077, F1, i) + (N2244, F1, i)}
{(N2077, F1, i)(N44,1,i) + (N3206, F1, i)(N2533,1,i)}
{(N2077, F1, i)(N44,1,i) + (N245->N2244, F0, i)}
{(N2077, F1, i)(N44,1,i) + (N2244, F1, i)}
