{(N622->N882, F1, i) + (N1938, F1, i)(N2241,1,i)}
{(N622->N882, F1, i) + (N1857, F1, i)(N2329,1,i)}
{(N622->N882, F1, i) + (N2329->N552, F0, i)}
{(N622->N882, F1, i) + (N552, F1, i)}
{(N622->N882, F1, i) + (N2241->N1094, F0, i)}
{(N622->N882, F1, i) + (N1094, F1, i)}
{(N622->N882, F1, i) + (N2928, F1, i)(N2290,1,i)}
{(N622->N882, F1, i) + (N147->N429, F0, i)}
{(N622->N882, F1, i) + (N429, F1, i)}
{(N882, F1, i)(N622,0,i) + (N1938, F1, i)(N2241,1,i)}
{(N882, F1, i)(N622,0,i) + (N1857, F1, i)(N2329,1,i)}
{(N882, F1, i)(N622,0,i) + (N2329->N552, F0, i)}
{(N882, F1, i)(N622,0,i) + (N552, F1, i)}
{(N882, F1, i)(N622,0,i) + (N2241->N1094, F0, i)}
{(N882, F1, i)(N622,0,i) + (N1094, F1, i)}
{(N882, F1, i)(N622,0,i) + (N2928, F1, i)(N2290,1,i)}
{(N882, F1, i)(N622,0,i) + (N147->N429, F0, i)}
{(N882, F1, i)(N622,0,i) + (N429, F1, i)}
{(N981->N2490, F1, i) + (N1938, F1, i)(N2241,1,i)}
{(N981->N2490, F1, i) + (N1857, F1, i)(N2329,1,i)}
{(N981->N2490, F1, i) + (N2329->N552, F0, i)}
{(N981->N2490, F1, i) + (N552, F1, i)}
{(N981->N2490, F1, i) + (N2241->N1094, F0, i)}
{(N981->N2490, F1, i) + (N1094, F1, i)}
{(N981->N2490, F1, i) + (N2928, F1, i)(N2290,1,i)}
{(N981->N2490, F1, i) + (N147->N429, F0, i)}
{(N981->N2490, F1, i) + (N429, F1, i)}
{(N2490, F1, i)(N3474,1,i) + (N1938, F1, i)(N2241,1,i)}
{(N2490, F1, i)(N3474,1,i) + (N1857, F1, i)(N2329,1,i)}
{(N2490, F1, i)(N3474,1,i) + (N2329->N552, F0, i)}
{(N2490, F1, i)(N3474,1,i) + (N552, F1, i)}
{(N2490, F1, i)(N3474,1,i) + (N2241->N1094, F0, i)}
{(N2490, F1, i)(N3474,1,i) + (N1094, F1, i)}
{(N2490, F1, i)(N3474,1,i) + (N2928, F1, i)(N2290,1,i)}
{(N2490, F1, i)(N3474,1,i) + (N147->N429, F0, i)}
{(N2490, F1, i)(N3474,1,i) + (N429, F1, i)}
{(N3822, F1, i)(N1544,1,i) + (N1938, F1, i)(N2241,1,i)}
{(N3822, F1, i)(N1544,1,i) + (N1857, F1, i)(N2329,1,i)}
{(N3822, F1, i)(N1544,1,i) + (N2329->N552, F0, i)}
{(N3822, F1, i)(N1544,1,i) + (N552, F1, i)}
{(N3822, F1, i)(N1544,1,i) + (N2241->N1094, F0, i)}
{(N3822, F1, i)(N1544,1,i) + (N1094, F1, i)}
{(N3822, F1, i)(N1544,1,i) + (N2928, F1, i)(N2290,1,i)}
{(N3822, F1, i)(N1544,1,i) + (N147->N429, F0, i)}
{(N3822, F1, i)(N1544,1,i) + (N429, F1, i)}
{(N3552, F1, i) + (N1938, F1, i)(N2241,1,i)}
{(N3552, F1, i) + (N1857, F1, i)(N2329,1,i)}
{(N3552, F1, i) + (N2329->N552, F0, i)}
{(N3552, F1, i) + (N552, F1, i)}
{(N3552, F1, i) + (N2241->N1094, F0, i)}
{(N3552, F1, i) + (N1094, F1, i)}
{(N3552, F1, i) + (N2928, F1, i)(N2290,1,i)}
{(N3552, F1, i) + (N147->N429, F0, i)}
{(N3552, F1, i) + (N429, F1, i)}
{(N2646, F0, i) + (N1938, F1, i)(N2241,1,i)}
{(N2646, F0, i) + (N1857, F1, i)(N2329,1,i)}
{(N2646, F0, i) + (N2329->N552, F0, i)}
{(N2646, F0, i) + (N552, F1, i)}
{(N2646, F0, i) + (N2241->N1094, F0, i)}
{(N2646, F0, i) + (N1094, F1, i)}
{(N2646, F0, i) + (N2928, F1, i)(N2290,1,i)}
{(N2646, F0, i) + (N147->N429, F0, i)}
{(N2646, F0, i) + (N429, F1, i)}
{(N3806, F0, i) + (N1938, F1, i)(N2241,1,i)}
{(N3806, F0, i) + (N1857, F1, i)(N2329,1,i)}
{(N3806, F0, i) + (N2329->N552, F0, i)}
{(N3806, F0, i) + (N552, F1, i)}
{(N3806, F0, i) + (N2241->N1094, F0, i)}
{(N3806, F0, i) + (N1094, F1, i)}
{(N3806, F0, i) + (N2928, F1, i)(N2290,1,i)}
{(N3806, F0, i) + (N147->N429, F0, i)}
{(N3806, F0, i) + (N429, F1, i)}
{(N1258->N685, F1, i) + (N1938, F1, i)(N2241,1,i)}
{(N1258->N685, F1, i) + (N1857, F1, i)(N2329,1,i)}
{(N1258->N685, F1, i) + (N2329->N552, F0, i)}
{(N1258->N685, F1, i) + (N552, F1, i)}
{(N1258->N685, F1, i) + (N2241->N1094, F0, i)}
{(N1258->N685, F1, i) + (N1094, F1, i)}
{(N1258->N685, F1, i) + (N2928, F1, i)(N2290,1,i)}
{(N1258->N685, F1, i) + (N147->N429, F0, i)}
{(N1258->N685, F1, i) + (N429, F1, i)}
{(N685, F0, i) + (N1938, F1, i)(N2241,1,i)}
{(N685, F0, i) + (N1857, F1, i)(N2329,1,i)}
{(N685, F0, i) + (N2329->N552, F0, i)}
{(N685, F0, i) + (N552, F1, i)}
{(N685, F0, i) + (N2241->N1094, F0, i)}
{(N685, F0, i) + (N1094, F1, i)}
{(N685, F0, i) + (N2928, F1, i)(N2290,1,i)}
{(N685, F0, i) + (N147->N429, F0, i)}
{(N685, F0, i) + (N429, F1, i)}
{(N3588->N3278, F1, i) + (N1938, F1, i)(N2241,1,i)}
{(N3588->N3278, F1, i) + (N1857, F1, i)(N2329,1,i)}
{(N3588->N3278, F1, i) + (N2329->N552, F0, i)}
{(N3588->N3278, F1, i) + (N552, F1, i)}
{(N3588->N3278, F1, i) + (N2241->N1094, F0, i)}
{(N3588->N3278, F1, i) + (N1094, F1, i)}
{(N3588->N3278, F1, i) + (N2928, F1, i)(N2290,1,i)}
{(N3588->N3278, F1, i) + (N147->N429, F0, i)}
{(N3588->N3278, F1, i) + (N429, F1, i)}
{(N3278, F0, i) + (N1938, F1, i)(N2241,1,i)}
{(N3278, F0, i) + (N1857, F1, i)(N2329,1,i)}
{(N3278, F0, i) + (N2329->N552, F0, i)}
{(N3278, F0, i) + (N552, F1, i)}
{(N3278, F0, i) + (N2241->N1094, F0, i)}
{(N3278, F0, i) + (N1094, F1, i)}
{(N3278, F0, i) + (N2928, F1, i)(N2290,1,i)}
{(N3278, F0, i) + (N147->N429, F0, i)}
{(N3278, F0, i) + (N429, F1, i)}
