{(N2401, F1, i)(N1274,0,i) + (N3874, F1, i)(N2929,0,i)}
{(N2401, F1, i)(N1274,0,i) + (N2929, F1, i)}
{(N2401, F1, i)(N1274,0,i) + (N1041, F0, i)}
{(N2401, F1, i)(N1274,0,i) + (N2853, F0, i)}
{(N2401, F1, i)(N1274,0,i) + (N1241->N1875, F1, i)}
{(N2401, F1, i)(N1274,0,i) + (N1875, F0, i)}
{(N2401, F1, i)(N1274,0,i) + (N391->N2863, F1, i)}
{(N2401, F1, i)(N1274,0,i) + (N2863, F0, i)}
{(N3386->N1274, F0, i) + (N3874, F1, i)(N2929,0,i)}
{(N3386->N1274, F0, i) + (N2929, F1, i)}
{(N3386->N1274, F0, i) + (N1041, F0, i)}
{(N3386->N1274, F0, i) + (N2853, F0, i)}
{(N3386->N1274, F0, i) + (N1241->N1875, F1, i)}
{(N3386->N1274, F0, i) + (N1875, F0, i)}
{(N3386->N1274, F0, i) + (N391->N2863, F1, i)}
{(N3386->N1274, F0, i) + (N2863, F0, i)}
{(N1274, F1, i) + (N3874, F1, i)(N2929,0,i)}
{(N1274, F1, i) + (N2929, F1, i)}
{(N1274, F1, i) + (N1041, F0, i)}
{(N1274, F1, i) + (N2853, F0, i)}
{(N1274, F1, i) + (N1241->N1875, F1, i)}
{(N1274, F1, i) + (N1875, F0, i)}
{(N1274, F1, i) + (N391->N2863, F1, i)}
{(N1274, F1, i) + (N2863, F0, i)}
{(N2604, F1, i)(N2935,1,i) + (N3874, F1, i)(N2929,0,i)}
{(N2604, F1, i)(N2935,1,i) + (N2929, F1, i)}
{(N2604, F1, i)(N2935,1,i) + (N1041, F0, i)}
{(N2604, F1, i)(N2935,1,i) + (N2853, F0, i)}
{(N2604, F1, i)(N2935,1,i) + (N1241->N1875, F1, i)}
{(N2604, F1, i)(N2935,1,i) + (N1875, F0, i)}
{(N2604, F1, i)(N2935,1,i) + (N391->N2863, F1, i)}
{(N2604, F1, i)(N2935,1,i) + (N2863, F0, i)}
{(N132->N2277, F0, i) + (N3874, F1, i)(N2929,0,i)}
{(N132->N2277, F0, i) + (N2929, F1, i)}
{(N132->N2277, F0, i) + (N1041, F0, i)}
{(N132->N2277, F0, i) + (N2853, F0, i)}
{(N132->N2277, F0, i) + (N1241->N1875, F1, i)}
{(N132->N2277, F0, i) + (N1875, F0, i)}
{(N132->N2277, F0, i) + (N391->N2863, F1, i)}
{(N132->N2277, F0, i) + (N2863, F0, i)}
{(N2277, F1, i) + (N3874, F1, i)(N2929,0,i)}
{(N2277, F1, i) + (N2929, F1, i)}
{(N2277, F1, i) + (N1041, F0, i)}
{(N2277, F1, i) + (N2853, F0, i)}
{(N2277, F1, i) + (N1241->N1875, F1, i)}
{(N2277, F1, i) + (N1875, F0, i)}
{(N2277, F1, i) + (N391->N2863, F1, i)}
{(N2277, F1, i) + (N2863, F0, i)}
