{(N2188, F1, i)(N1310,1,i) + (N1427->N477, F1, i)}
{(N2188, F1, i)(N1310,1,i) + (N477, F1, i)(N1427,0,i)}
{(N2188, F1, i)(N1310,1,i) + (N3389->N2382, F1, i)}
{(N2188, F1, i)(N1310,1,i) + (N2382, F1, i)(N2287,1,i)}
{(N2188, F1, i)(N1310,1,i) + (N1053, F1, i)(N943,1,i)}
{(N2188, F1, i)(N1310,1,i) + (N2030, F1, i)}
{(N2188, F1, i)(N1310,1,i) + (N2061, F0, i)}
{(N2188, F1, i)(N1310,1,i) + (N2115, F0, i)}
{(N2188, F1, i)(N1310,1,i) + (N3782->N697, F1, i)}
{(N2188, F1, i)(N1310,1,i) + (N697, F0, i)}
{(N2188, F1, i)(N1310,1,i) + (N3535->N2923, F1, i)}
{(N2188, F1, i)(N1310,1,i) + (N2923, F0, i)}
{(N2579, F1, i)(N1913,1,i) + (N1427->N477, F1, i)}
{(N2579, F1, i)(N1913,1,i) + (N477, F1, i)(N1427,0,i)}
{(N2579, F1, i)(N1913,1,i) + (N3389->N2382, F1, i)}
{(N2579, F1, i)(N1913,1,i) + (N2382, F1, i)(N2287,1,i)}
{(N2579, F1, i)(N1913,1,i) + (N1053, F1, i)(N943,1,i)}
{(N2579, F1, i)(N1913,1,i) + (N2030, F1, i)}
{(N2579, F1, i)(N1913,1,i) + (N2061, F0, i)}
{(N2579, F1, i)(N1913,1,i) + (N2115, F0, i)}
{(N2579, F1, i)(N1913,1,i) + (N3782->N697, F1, i)}
{(N2579, F1, i)(N1913,1,i) + (N697, F0, i)}
{(N2579, F1, i)(N1913,1,i) + (N3535->N2923, F1, i)}
{(N2579, F1, i)(N1913,1,i) + (N2923, F0, i)}
{(N1913->N2637, F0, i) + (N1427->N477, F1, i)}
{(N1913->N2637, F0, i) + (N477, F1, i)(N1427,0,i)}
{(N1913->N2637, F0, i) + (N3389->N2382, F1, i)}
{(N1913->N2637, F0, i) + (N2382, F1, i)(N2287,1,i)}
{(N1913->N2637, F0, i) + (N1053, F1, i)(N943,1,i)}
{(N1913->N2637, F0, i) + (N2030, F1, i)}
{(N1913->N2637, F0, i) + (N2061, F0, i)}
{(N1913->N2637, F0, i) + (N2115, F0, i)}
{(N1913->N2637, F0, i) + (N3782->N697, F1, i)}
{(N1913->N2637, F0, i) + (N697, F0, i)}
{(N1913->N2637, F0, i) + (N3535->N2923, F1, i)}
{(N1913->N2637, F0, i) + (N2923, F0, i)}
{(N2637, F1, i) + (N1427->N477, F1, i)}
{(N2637, F1, i) + (N477, F1, i)(N1427,0,i)}
{(N2637, F1, i) + (N3389->N2382, F1, i)}
{(N2637, F1, i) + (N2382, F1, i)(N2287,1,i)}
{(N2637, F1, i) + (N1053, F1, i)(N943,1,i)}
{(N2637, F1, i) + (N2030, F1, i)}
{(N2637, F1, i) + (N2061, F0, i)}
{(N2637, F1, i) + (N2115, F0, i)}
{(N2637, F1, i) + (N3782->N697, F1, i)}
{(N2637, F1, i) + (N697, F0, i)}
{(N2637, F1, i) + (N3535->N2923, F1, i)}
{(N2637, F1, i) + (N2923, F0, i)}
{(N1310->N2921, F0, i) + (N1427->N477, F1, i)}
{(N1310->N2921, F0, i) + (N477, F1, i)(N1427,0,i)}
{(N1310->N2921, F0, i) + (N3389->N2382, F1, i)}
{(N1310->N2921, F0, i) + (N2382, F1, i)(N2287,1,i)}
{(N1310->N2921, F0, i) + (N1053, F1, i)(N943,1,i)}
{(N1310->N2921, F0, i) + (N2030, F1, i)}
{(N1310->N2921, F0, i) + (N2061, F0, i)}
{(N1310->N2921, F0, i) + (N2115, F0, i)}
{(N1310->N2921, F0, i) + (N3782->N697, F1, i)}
{(N1310->N2921, F0, i) + (N697, F0, i)}
{(N1310->N2921, F0, i) + (N3535->N2923, F1, i)}
{(N1310->N2921, F0, i) + (N2923, F0, i)}
{(N2921, F1, i) + (N1427->N477, F1, i)}
{(N2921, F1, i) + (N477, F1, i)(N1427,0,i)}
{(N2921, F1, i) + (N3389->N2382, F1, i)}
{(N2921, F1, i) + (N2382, F1, i)(N2287,1,i)}
{(N2921, F1, i) + (N1053, F1, i)(N943,1,i)}
{(N2921, F1, i) + (N2030, F1, i)}
{(N2921, F1, i) + (N2061, F0, i)}
{(N2921, F1, i) + (N2115, F0, i)}
{(N2921, F1, i) + (N3782->N697, F1, i)}
{(N2921, F1, i) + (N697, F0, i)}
{(N2921, F1, i) + (N3535->N2923, F1, i)}
{(N2921, F1, i) + (N2923, F0, i)}
{(N3569, F1, i)(N2281,0,i) + (N1427->N477, F1, i)}
{(N3569, F1, i)(N2281,0,i) + (N477, F1, i)(N1427,0,i)}
{(N3569, F1, i)(N2281,0,i) + (N3389->N2382, F1, i)}
{(N3569, F1, i)(N2281,0,i) + (N2382, F1, i)(N2287,1,i)}
{(N3569, F1, i)(N2281,0,i) + (N1053, F1, i)(N943,1,i)}
{(N3569, F1, i)(N2281,0,i) + (N2030, F1, i)}
{(N3569, F1, i)(N2281,0,i) + (N2061, F0, i)}
{(N3569, F1, i)(N2281,0,i) + (N2115, F0, i)}
{(N3569, F1, i)(N2281,0,i) + (N3782->N697, F1, i)}
{(N3569, F1, i)(N2281,0,i) + (N697, F0, i)}
{(N3569, F1, i)(N2281,0,i) + (N3535->N2923, F1, i)}
{(N3569, F1, i)(N2281,0,i) + (N2923, F0, i)}
{(N91->N2281, F0, i) + (N1427->N477, F1, i)}
{(N91->N2281, F0, i) + (N477, F1, i)(N1427,0,i)}
{(N91->N2281, F0, i) + (N3389->N2382, F1, i)}
{(N91->N2281, F0, i) + (N2382, F1, i)(N2287,1,i)}
{(N91->N2281, F0, i) + (N1053, F1, i)(N943,1,i)}
{(N91->N2281, F0, i) + (N2030, F1, i)}
{(N91->N2281, F0, i) + (N2061, F0, i)}
{(N91->N2281, F0, i) + (N2115, F0, i)}
{(N91->N2281, F0, i) + (N3782->N697, F1, i)}
{(N91->N2281, F0, i) + (N697, F0, i)}
{(N91->N2281, F0, i) + (N3535->N2923, F1, i)}
{(N91->N2281, F0, i) + (N2923, F0, i)}
{(N2281, F1, i) + (N1427->N477, F1, i)}
{(N2281, F1, i) + (N477, F1, i)(N1427,0,i)}
{(N2281, F1, i) + (N3389->N2382, F1, i)}
{(N2281, F1, i) + (N2382, F1, i)(N2287,1,i)}
{(N2281, F1, i) + (N1053, F1, i)(N943,1,i)}
{(N2281, F1, i) + (N2030, F1, i)}
{(N2281, F1, i) + (N2061, F0, i)}
{(N2281, F1, i) + (N2115, F0, i)}
{(N2281, F1, i) + (N3782->N697, F1, i)}
{(N2281, F1, i) + (N697, F0, i)}
{(N2281, F1, i) + (N3535->N2923, F1, i)}
{(N2281, F1, i) + (N2923, F0, i)}
