{(N1299, F1, i)(N1216,1,i) + (N979, F1, i)(N3092,1,i)}
{(N1299, F1, i)(N1216,1,i) + (N2492->N1844, F0, i)}
{(N1299, F1, i)(N1216,1,i) + (N1844, F1, i)}
{(N1299, F1, i)(N1216,1,i) + (N1266, F1, i)(N877,0,i)}
{(N1299, F1, i)(N1216,1,i) + (N207->N877, F0, i)}
{(N1299, F1, i)(N1216,1,i) + (N877, F1, i)}
{(N511, F1, i) + (N979, F1, i)(N3092,1,i)}
{(N511, F1, i) + (N2492->N1844, F0, i)}
{(N511, F1, i) + (N1844, F1, i)}
{(N511, F1, i) + (N1266, F1, i)(N877,0,i)}
{(N511, F1, i) + (N207->N877, F0, i)}
{(N511, F1, i) + (N877, F1, i)}
{(N3531, F0, i) + (N979, F1, i)(N3092,1,i)}
{(N3531, F0, i) + (N2492->N1844, F0, i)}
{(N3531, F0, i) + (N1844, F1, i)}
{(N3531, F0, i) + (N1266, F1, i)(N877,0,i)}
{(N3531, F0, i) + (N207->N877, F0, i)}
{(N3531, F0, i) + (N877, F1, i)}
{(N2097->N3832, F0, i) + (N979, F1, i)(N3092,1,i)}
{(N2097->N3832, F0, i) + (N2492->N1844, F0, i)}
{(N2097->N3832, F0, i) + (N1844, F1, i)}
{(N2097->N3832, F0, i) + (N1266, F1, i)(N877,0,i)}
{(N2097->N3832, F0, i) + (N207->N877, F0, i)}
{(N2097->N3832, F0, i) + (N877, F1, i)}
{(N3832, F0, i) + (N979, F1, i)(N3092,1,i)}
{(N3832, F0, i) + (N2492->N1844, F0, i)}
{(N3832, F0, i) + (N1844, F1, i)}
{(N3832, F0, i) + (N1266, F1, i)(N877,0,i)}
{(N3832, F0, i) + (N207->N877, F0, i)}
{(N3832, F0, i) + (N877, F1, i)}
{(N3433->N2526, F1, i) + (N979, F1, i)(N3092,1,i)}
{(N3433->N2526, F1, i) + (N2492->N1844, F0, i)}
{(N3433->N2526, F1, i) + (N1844, F1, i)}
{(N3433->N2526, F1, i) + (N1266, F1, i)(N877,0,i)}
{(N3433->N2526, F1, i) + (N207->N877, F0, i)}
{(N3433->N2526, F1, i) + (N877, F1, i)}
{(N2526, F0, i) + (N979, F1, i)(N3092,1,i)}
{(N2526, F0, i) + (N2492->N1844, F0, i)}
{(N2526, F0, i) + (N1844, F1, i)}
{(N2526, F0, i) + (N1266, F1, i)(N877,0,i)}
{(N2526, F0, i) + (N207->N877, F0, i)}
{(N2526, F0, i) + (N877, F1, i)}
{(N179->N959, F1, i) + (N979, F1, i)(N3092,1,i)}
{(N179->N959, F1, i) + (N2492->N1844, F0, i)}
{(N179->N959, F1, i) + (N1844, F1, i)}
{(N179->N959, F1, i) + (N1266, F1, i)(N877,0,i)}
{(N179->N959, F1, i) + (N207->N877, F0, i)}
{(N179->N959, F1, i) + (N877, F1, i)}
{(N959, F1, i)(N81,1,i) + (N979, F1, i)(N3092,1,i)}
{(N959, F1, i)(N81,1,i) + (N2492->N1844, F0, i)}
{(N959, F1, i)(N81,1,i) + (N1844, F1, i)}
{(N959, F1, i)(N81,1,i) + (N1266, F1, i)(N877,0,i)}
{(N959, F1, i)(N81,1,i) + (N207->N877, F0, i)}
{(N959, F1, i)(N81,1,i) + (N877, F1, i)}
