{(N705, F1, i)(N442,0,i) + (N2907, F1, i)(N3862,0,i)}
{(N705, F1, i)(N442,0,i) + (N3862, F1, i)}
{(N705, F1, i)(N442,0,i) + (N2420, F0, i)}
{(N705, F1, i)(N442,0,i) + (N2874, F0, i)}
{(N705, F1, i)(N442,0,i) + (N1902->N3770, F1, i)}
{(N705, F1, i)(N442,0,i) + (N3770, F0, i)}
{(N705, F1, i)(N442,0,i) + (N958->N2716, F1, i)}
{(N705, F1, i)(N442,0,i) + (N2716, F0, i)}
{(N3793->N442, F0, i) + (N2907, F1, i)(N3862,0,i)}
{(N3793->N442, F0, i) + (N3862, F1, i)}
{(N3793->N442, F0, i) + (N2420, F0, i)}
{(N3793->N442, F0, i) + (N2874, F0, i)}
{(N3793->N442, F0, i) + (N1902->N3770, F1, i)}
{(N3793->N442, F0, i) + (N3770, F0, i)}
{(N3793->N442, F0, i) + (N958->N2716, F1, i)}
{(N3793->N442, F0, i) + (N2716, F0, i)}
{(N442, F1, i) + (N2907, F1, i)(N3862,0,i)}
{(N442, F1, i) + (N3862, F1, i)}
{(N442, F1, i) + (N2420, F0, i)}
{(N442, F1, i) + (N2874, F0, i)}
{(N442, F1, i) + (N1902->N3770, F1, i)}
{(N442, F1, i) + (N3770, F0, i)}
{(N442, F1, i) + (N958->N2716, F1, i)}
{(N442, F1, i) + (N2716, F0, i)}
