{(N2911, F1, i)(N881,1,i) + (N2721, F1, i)(N390,0,i)}
{(N2911, F1, i)(N881,1,i) + (N1592->N390, F0, i)}
{(N2911, F1, i)(N881,1,i) + (N390, F1, i)}
{(N2911, F1, i)(N881,1,i) + (N2610, F1, i)(N2004,1,i)}
{(N2911, F1, i)(N881,1,i) + (N110->N3056, F0, i)}
{(N2911, F1, i)(N881,1,i) + (N3056, F1, i)}
{(N924, F1, i) + (N2721, F1, i)(N390,0,i)}
{(N924, F1, i) + (N1592->N390, F0, i)}
{(N924, F1, i) + (N390, F1, i)}
{(N924, F1, i) + (N2610, F1, i)(N2004,1,i)}
{(N924, F1, i) + (N110->N3056, F0, i)}
{(N924, F1, i) + (N3056, F1, i)}
{(N3946, F0, i) + (N2721, F1, i)(N390,0,i)}
{(N3946, F0, i) + (N1592->N390, F0, i)}
{(N3946, F0, i) + (N390, F1, i)}
{(N3946, F0, i) + (N2610, F1, i)(N2004,1,i)}
{(N3946, F0, i) + (N110->N3056, F0, i)}
{(N3946, F0, i) + (N3056, F1, i)}
{(N893->N2228, F0, i) + (N2721, F1, i)(N390,0,i)}
{(N893->N2228, F0, i) + (N1592->N390, F0, i)}
{(N893->N2228, F0, i) + (N390, F1, i)}
{(N893->N2228, F0, i) + (N2610, F1, i)(N2004,1,i)}
{(N893->N2228, F0, i) + (N110->N3056, F0, i)}
{(N893->N2228, F0, i) + (N3056, F1, i)}
{(N2228, F0, i) + (N2721, F1, i)(N390,0,i)}
{(N2228, F0, i) + (N1592->N390, F0, i)}
{(N2228, F0, i) + (N390, F1, i)}
{(N2228, F0, i) + (N2610, F1, i)(N2004,1,i)}
{(N2228, F0, i) + (N110->N3056, F0, i)}
{(N2228, F0, i) + (N3056, F1, i)}
{(N2831->N2890, F1, i) + (N2721, F1, i)(N390,0,i)}
{(N2831->N2890, F1, i) + (N1592->N390, F0, i)}
{(N2831->N2890, F1, i) + (N390, F1, i)}
{(N2831->N2890, F1, i) + (N2610, F1, i)(N2004,1,i)}
{(N2831->N2890, F1, i) + (N110->N3056, F0, i)}
{(N2831->N2890, F1, i) + (N3056, F1, i)}
{(N2890, F0, i) + (N2721, F1, i)(N390,0,i)}
{(N2890, F0, i) + (N1592->N390, F0, i)}
{(N2890, F0, i) + (N390, F1, i)}
{(N2890, F0, i) + (N2610, F1, i)(N2004,1,i)}
{(N2890, F0, i) + (N110->N3056, F0, i)}
{(N2890, F0, i) + (N3056, F1, i)}
{(N213->N1479, F1, i) + (N2721, F1, i)(N390,0,i)}
{(N213->N1479, F1, i) + (N1592->N390, F0, i)}
{(N213->N1479, F1, i) + (N390, F1, i)}
{(N213->N1479, F1, i) + (N2610, F1, i)(N2004,1,i)}
{(N213->N1479, F1, i) + (N110->N3056, F0, i)}
{(N213->N1479, F1, i) + (N3056, F1, i)}
{(N1479, F1, i)(N96,1,i) + (N2721, F1, i)(N390,0,i)}
{(N1479, F1, i)(N96,1,i) + (N1592->N390, F0, i)}
{(N1479, F1, i)(N96,1,i) + (N390, F1, i)}
{(N1479, F1, i)(N96,1,i) + (N2610, F1, i)(N2004,1,i)}
{(N1479, F1, i)(N96,1,i) + (N110->N3056, F0, i)}
{(N1479, F1, i)(N96,1,i) + (N3056, F1, i)}
