{(N2459, F1, i)(N3046,0,i) + (N2987, F1, i)(N1164,1,i)}
{(N2459, F1, i)(N3046,0,i) + (N1046->N2847, F0, i)}
{(N2459, F1, i)(N3046,0,i) + (N2847, F1, i)}
{(N2459, F1, i)(N3046,0,i) + (N1543, F1, i)(N3640,0,i)}
{(N2459, F1, i)(N3046,0,i) + (N24->N3640, F0, i)}
{(N2459, F1, i)(N3046,0,i) + (N3640, F1, i)}
{(N3046, F1, i) + (N2987, F1, i)(N1164,1,i)}
{(N3046, F1, i) + (N1046->N2847, F0, i)}
{(N3046, F1, i) + (N2847, F1, i)}
{(N3046, F1, i) + (N1543, F1, i)(N3640,0,i)}
{(N3046, F1, i) + (N24->N3640, F0, i)}
{(N3046, F1, i) + (N3640, F1, i)}
{(N824, F0, i) + (N2987, F1, i)(N1164,1,i)}
{(N824, F0, i) + (N1046->N2847, F0, i)}
{(N824, F0, i) + (N2847, F1, i)}
{(N824, F0, i) + (N1543, F1, i)(N3640,0,i)}
{(N824, F0, i) + (N24->N3640, F0, i)}
{(N824, F0, i) + (N3640, F1, i)}
{(N2160->N2762, F0, i) + (N2987, F1, i)(N1164,1,i)}
{(N2160->N2762, F0, i) + (N1046->N2847, F0, i)}
{(N2160->N2762, F0, i) + (N2847, F1, i)}
{(N2160->N2762, F0, i) + (N1543, F1, i)(N3640,0,i)}
{(N2160->N2762, F0, i) + (N24->N3640, F0, i)}
{(N2160->N2762, F0, i) + (N3640, F1, i)}
{(N2762, F0, i) + (N2987, F1, i)(N1164,1,i)}
{(N2762, F0, i) + (N1046->N2847, F0, i)}
{(N2762, F0, i) + (N2847, F1, i)}
{(N2762, F0, i) + (N1543, F1, i)(N3640,0,i)}
{(N2762, F0, i) + (N24->N3640, F0, i)}
{(N2762, F0, i) + (N3640, F1, i)}
{(N1027->N1984, F1, i) + (N2987, F1, i)(N1164,1,i)}
{(N1027->N1984, F1, i) + (N1046->N2847, F0, i)}
{(N1027->N1984, F1, i) + (N2847, F1, i)}
{(N1027->N1984, F1, i) + (N1543, F1, i)(N3640,0,i)}
{(N1027->N1984, F1, i) + (N24->N3640, F0, i)}
{(N1027->N1984, F1, i) + (N3640, F1, i)}
{(N1984, F0, i) + (N2987, F1, i)(N1164,1,i)}
{(N1984, F0, i) + (N1046->N2847, F0, i)}
{(N1984, F0, i) + (N2847, F1, i)}
{(N1984, F0, i) + (N1543, F1, i)(N3640,0,i)}
{(N1984, F0, i) + (N24->N3640, F0, i)}
{(N1984, F0, i) + (N3640, F1, i)}
