{(N2580, F1, i)(N3887,1,i) + (N1074->N2372, F1, i)}
{(N2580, F1, i)(N3887,1,i) + (N2372, F1, i)(N1074,0,i)}
{(N2580, F1, i)(N3887,1,i) + (N3504->N3852, F1, i)}
{(N2580, F1, i)(N3887,1,i) + (N3852, F1, i)(N1890,1,i)}
{(N2580, F1, i)(N3887,1,i) + (N587, F1, i)(N887,1,i)}
{(N2580, F1, i)(N3887,1,i) + (N3550, F1, i)}
{(N2580, F1, i)(N3887,1,i) + (N1842, F0, i)}
{(N2580, F1, i)(N3887,1,i) + (N1618, F0, i)}
{(N2580, F1, i)(N3887,1,i) + (N1070->N1548, F1, i)}
{(N2580, F1, i)(N3887,1,i) + (N1548, F0, i)}
{(N2580, F1, i)(N3887,1,i) + (N3312->N3693, F1, i)}
{(N2580, F1, i)(N3887,1,i) + (N3693, F0, i)}
{(N2598, F1, i)(N2220,0,i) + (N1074->N2372, F1, i)}
{(N2598, F1, i)(N2220,0,i) + (N2372, F1, i)(N1074,0,i)}
{(N2598, F1, i)(N2220,0,i) + (N3504->N3852, F1, i)}
{(N2598, F1, i)(N2220,0,i) + (N3852, F1, i)(N1890,1,i)}
{(N2598, F1, i)(N2220,0,i) + (N587, F1, i)(N887,1,i)}
{(N2598, F1, i)(N2220,0,i) + (N3550, F1, i)}
{(N2598, F1, i)(N2220,0,i) + (N1842, F0, i)}
{(N2598, F1, i)(N2220,0,i) + (N1618, F0, i)}
{(N2598, F1, i)(N2220,0,i) + (N1070->N1548, F1, i)}
{(N2598, F1, i)(N2220,0,i) + (N1548, F0, i)}
{(N2598, F1, i)(N2220,0,i) + (N3312->N3693, F1, i)}
{(N2598, F1, i)(N2220,0,i) + (N3693, F0, i)}
{(N2105->N3730, F0, i) + (N1074->N2372, F1, i)}
{(N2105->N3730, F0, i) + (N2372, F1, i)(N1074,0,i)}
{(N2105->N3730, F0, i) + (N3504->N3852, F1, i)}
{(N2105->N3730, F0, i) + (N3852, F1, i)(N1890,1,i)}
{(N2105->N3730, F0, i) + (N587, F1, i)(N887,1,i)}
{(N2105->N3730, F0, i) + (N3550, F1, i)}
{(N2105->N3730, F0, i) + (N1842, F0, i)}
{(N2105->N3730, F0, i) + (N1618, F0, i)}
{(N2105->N3730, F0, i) + (N1070->N1548, F1, i)}
{(N2105->N3730, F0, i) + (N1548, F0, i)}
{(N2105->N3730, F0, i) + (N3312->N3693, F1, i)}
{(N2105->N3730, F0, i) + (N3693, F0, i)}
{(N3730, F1, i) + (N1074->N2372, F1, i)}
{(N3730, F1, i) + (N2372, F1, i)(N1074,0,i)}
{(N3730, F1, i) + (N3504->N3852, F1, i)}
{(N3730, F1, i) + (N3852, F1, i)(N1890,1,i)}
{(N3730, F1, i) + (N587, F1, i)(N887,1,i)}
{(N3730, F1, i) + (N3550, F1, i)}
{(N3730, F1, i) + (N1842, F0, i)}
{(N3730, F1, i) + (N1618, F0, i)}
{(N3730, F1, i) + (N1070->N1548, F1, i)}
{(N3730, F1, i) + (N1548, F0, i)}
{(N3730, F1, i) + (N3312->N3693, F1, i)}
{(N3730, F1, i) + (N3693, F0, i)}
{(N3887->N2220, F0, i) + (N1074->N2372, F1, i)}
{(N3887->N2220, F0, i) + (N2372, F1, i)(N1074,0,i)}
{(N3887->N2220, F0, i) + (N3504->N3852, F1, i)}
{(N3887->N2220, F0, i) + (N3852, F1, i)(N1890,1,i)}
{(N3887->N2220, F0, i) + (N587, F1, i)(N887,1,i)}
{(N3887->N2220, F0, i) + (N3550, F1, i)}
{(N3887->N2220, F0, i) + (N1842, F0, i)}
{(N3887->N2220, F0, i) + (N1618, F0, i)}
{(N3887->N2220, F0, i) + (N1070->N1548, F1, i)}
{(N3887->N2220, F0, i) + (N1548, F0, i)}
{(N3887->N2220, F0, i) + (N3312->N3693, F1, i)}
{(N3887->N2220, F0, i) + (N3693, F0, i)}
{(N2220, F1, i) + (N1074->N2372, F1, i)}
{(N2220, F1, i) + (N2372, F1, i)(N1074,0,i)}
{(N2220, F1, i) + (N3504->N3852, F1, i)}
{(N2220, F1, i) + (N3852, F1, i)(N1890,1,i)}
{(N2220, F1, i) + (N587, F1, i)(N887,1,i)}
{(N2220, F1, i) + (N3550, F1, i)}
{(N2220, F1, i) + (N1842, F0, i)}
{(N2220, F1, i) + (N1618, F0, i)}
{(N2220, F1, i) + (N1070->N1548, F1, i)}
{(N2220, F1, i) + (N1548, F0, i)}
{(N2220, F1, i) + (N3312->N3693, F1, i)}
{(N2220, F1, i) + (N3693, F0, i)}
{(N2841, F1, i)(N3025,0,i) + (N1074->N2372, F1, i)}
{(N2841, F1, i)(N3025,0,i) + (N2372, F1, i)(N1074,0,i)}
{(N2841, F1, i)(N3025,0,i) + (N3504->N3852, F1, i)}
{(N2841, F1, i)(N3025,0,i) + (N3852, F1, i)(N1890,1,i)}
{(N2841, F1, i)(N3025,0,i) + (N587, F1, i)(N887,1,i)}
{(N2841, F1, i)(N3025,0,i) + (N3550, F1, i)}
{(N2841, F1, i)(N3025,0,i) + (N1842, F0, i)}
{(N2841, F1, i)(N3025,0,i) + (N1618, F0, i)}
{(N2841, F1, i)(N3025,0,i) + (N1070->N1548, F1, i)}
{(N2841, F1, i)(N3025,0,i) + (N1548, F0, i)}
{(N2841, F1, i)(N3025,0,i) + (N3312->N3693, F1, i)}
{(N2841, F1, i)(N3025,0,i) + (N3693, F0, i)}
{(N11->N3025, F0, i) + (N1074->N2372, F1, i)}
{(N11->N3025, F0, i) + (N2372, F1, i)(N1074,0,i)}
{(N11->N3025, F0, i) + (N3504->N3852, F1, i)}
{(N11->N3025, F0, i) + (N3852, F1, i)(N1890,1,i)}
{(N11->N3025, F0, i) + (N587, F1, i)(N887,1,i)}
{(N11->N3025, F0, i) + (N3550, F1, i)}
{(N11->N3025, F0, i) + (N1842, F0, i)}
{(N11->N3025, F0, i) + (N1618, F0, i)}
{(N11->N3025, F0, i) + (N1070->N1548, F1, i)}
{(N11->N3025, F0, i) + (N1548, F0, i)}
{(N11->N3025, F0, i) + (N3312->N3693, F1, i)}
{(N11->N3025, F0, i) + (N3693, F0, i)}
{(N3025, F1, i) + (N1074->N2372, F1, i)}
{(N3025, F1, i) + (N2372, F1, i)(N1074,0,i)}
{(N3025, F1, i) + (N3504->N3852, F1, i)}
{(N3025, F1, i) + (N3852, F1, i)(N1890,1,i)}
{(N3025, F1, i) + (N587, F1, i)(N887,1,i)}
{(N3025, F1, i) + (N3550, F1, i)}
{(N3025, F1, i) + (N1842, F0, i)}
{(N3025, F1, i) + (N1618, F0, i)}
{(N3025, F1, i) + (N1070->N1548, F1, i)}
{(N3025, F1, i) + (N1548, F0, i)}
{(N3025, F1, i) + (N3312->N3693, F1, i)}
{(N3025, F1, i) + (N3693, F0, i)}
