{(N2926->N1511, F1, i) + (N1968->N3227, F1, i)}
{(N2926->N1511, F1, i) + (N3227, F1, i)(N1908,1,i)}
{(N2926->N1511, F1, i) + (N2385->N650, F1, i)}
{(N2926->N1511, F1, i) + (N650, F1, i)(N2385,0,i)}
{(N2926->N1511, F1, i) + (N2446, F1, i)(N581,0,i)}
{(N2926->N1511, F1, i) + (N581, F1, i)}
{(N2926->N1511, F1, i) + (N1502, F0, i)}
{(N2926->N1511, F1, i) + (N3067, F0, i)}
{(N2926->N1511, F1, i) + (N2296->N2612, F1, i)}
{(N2926->N1511, F1, i) + (N2612, F0, i)}
{(N2926->N1511, F1, i) + (N3198->N3316, F1, i)}
{(N2926->N1511, F1, i) + (N3316, F0, i)}
{(N1511, F1, i)(N2926,0,i) + (N1968->N3227, F1, i)}
{(N1511, F1, i)(N2926,0,i) + (N3227, F1, i)(N1908,1,i)}
{(N1511, F1, i)(N2926,0,i) + (N2385->N650, F1, i)}
{(N1511, F1, i)(N2926,0,i) + (N650, F1, i)(N2385,0,i)}
{(N1511, F1, i)(N2926,0,i) + (N2446, F1, i)(N581,0,i)}
{(N1511, F1, i)(N2926,0,i) + (N581, F1, i)}
{(N1511, F1, i)(N2926,0,i) + (N1502, F0, i)}
{(N1511, F1, i)(N2926,0,i) + (N3067, F0, i)}
{(N1511, F1, i)(N2926,0,i) + (N2296->N2612, F1, i)}
{(N1511, F1, i)(N2926,0,i) + (N2612, F0, i)}
{(N1511, F1, i)(N2926,0,i) + (N3198->N3316, F1, i)}
{(N1511, F1, i)(N2926,0,i) + (N3316, F0, i)}
{(N3280->N2151, F1, i) + (N1968->N3227, F1, i)}
{(N3280->N2151, F1, i) + (N3227, F1, i)(N1908,1,i)}
{(N3280->N2151, F1, i) + (N2385->N650, F1, i)}
{(N3280->N2151, F1, i) + (N650, F1, i)(N2385,0,i)}
{(N3280->N2151, F1, i) + (N2446, F1, i)(N581,0,i)}
{(N3280->N2151, F1, i) + (N581, F1, i)}
{(N3280->N2151, F1, i) + (N1502, F0, i)}
{(N3280->N2151, F1, i) + (N3067, F0, i)}
{(N3280->N2151, F1, i) + (N2296->N2612, F1, i)}
{(N3280->N2151, F1, i) + (N2612, F0, i)}
{(N3280->N2151, F1, i) + (N3198->N3316, F1, i)}
{(N3280->N2151, F1, i) + (N3316, F0, i)}
{(N2151, F1, i)(N3280,0,i) + (N1968->N3227, F1, i)}
{(N2151, F1, i)(N3280,0,i) + (N3227, F1, i)(N1908,1,i)}
{(N2151, F1, i)(N3280,0,i) + (N2385->N650, F1, i)}
{(N2151, F1, i)(N3280,0,i) + (N650, F1, i)(N2385,0,i)}
{(N2151, F1, i)(N3280,0,i) + (N2446, F1, i)(N581,0,i)}
{(N2151, F1, i)(N3280,0,i) + (N581, F1, i)}
{(N2151, F1, i)(N3280,0,i) + (N1502, F0, i)}
{(N2151, F1, i)(N3280,0,i) + (N3067, F0, i)}
{(N2151, F1, i)(N3280,0,i) + (N2296->N2612, F1, i)}
{(N2151, F1, i)(N3280,0,i) + (N2612, F0, i)}
{(N2151, F1, i)(N3280,0,i) + (N3198->N3316, F1, i)}
{(N2151, F1, i)(N3280,0,i) + (N3316, F0, i)}
{(N2843, F1, i)(N2373,1,i) + (N1968->N3227, F1, i)}
{(N2843, F1, i)(N2373,1,i) + (N3227, F1, i)(N1908,1,i)}
{(N2843, F1, i)(N2373,1,i) + (N2385->N650, F1, i)}
{(N2843, F1, i)(N2373,1,i) + (N650, F1, i)(N2385,0,i)}
{(N2843, F1, i)(N2373,1,i) + (N2446, F1, i)(N581,0,i)}
{(N2843, F1, i)(N2373,1,i) + (N581, F1, i)}
{(N2843, F1, i)(N2373,1,i) + (N1502, F0, i)}
{(N2843, F1, i)(N2373,1,i) + (N3067, F0, i)}
{(N2843, F1, i)(N2373,1,i) + (N2296->N2612, F1, i)}
{(N2843, F1, i)(N2373,1,i) + (N2612, F0, i)}
{(N2843, F1, i)(N2373,1,i) + (N3198->N3316, F1, i)}
{(N2843, F1, i)(N2373,1,i) + (N3316, F0, i)}
{(N1583, F1, i) + (N1968->N3227, F1, i)}
{(N1583, F1, i) + (N3227, F1, i)(N1908,1,i)}
{(N1583, F1, i) + (N2385->N650, F1, i)}
{(N1583, F1, i) + (N650, F1, i)(N2385,0,i)}
{(N1583, F1, i) + (N2446, F1, i)(N581,0,i)}
{(N1583, F1, i) + (N581, F1, i)}
{(N1583, F1, i) + (N1502, F0, i)}
{(N1583, F1, i) + (N3067, F0, i)}
{(N1583, F1, i) + (N2296->N2612, F1, i)}
{(N1583, F1, i) + (N2612, F0, i)}
{(N1583, F1, i) + (N3198->N3316, F1, i)}
{(N1583, F1, i) + (N3316, F0, i)}
{(N965, F0, i) + (N1968->N3227, F1, i)}
{(N965, F0, i) + (N3227, F1, i)(N1908,1,i)}
{(N965, F0, i) + (N2385->N650, F1, i)}
{(N965, F0, i) + (N650, F1, i)(N2385,0,i)}
{(N965, F0, i) + (N2446, F1, i)(N581,0,i)}
{(N965, F0, i) + (N581, F1, i)}
{(N965, F0, i) + (N1502, F0, i)}
{(N965, F0, i) + (N3067, F0, i)}
{(N965, F0, i) + (N2296->N2612, F1, i)}
{(N965, F0, i) + (N2612, F0, i)}
{(N965, F0, i) + (N3198->N3316, F1, i)}
{(N965, F0, i) + (N3316, F0, i)}
{(N2143, F0, i) + (N1968->N3227, F1, i)}
{(N2143, F0, i) + (N3227, F1, i)(N1908,1,i)}
{(N2143, F0, i) + (N2385->N650, F1, i)}
{(N2143, F0, i) + (N650, F1, i)(N2385,0,i)}
{(N2143, F0, i) + (N2446, F1, i)(N581,0,i)}
{(N2143, F0, i) + (N581, F1, i)}
{(N2143, F0, i) + (N1502, F0, i)}
{(N2143, F0, i) + (N3067, F0, i)}
{(N2143, F0, i) + (N2296->N2612, F1, i)}
{(N2143, F0, i) + (N2612, F0, i)}
{(N2143, F0, i) + (N3198->N3316, F1, i)}
{(N2143, F0, i) + (N3316, F0, i)}
{(N3715->N1433, F1, i) + (N1968->N3227, F1, i)}
{(N3715->N1433, F1, i) + (N3227, F1, i)(N1908,1,i)}
{(N3715->N1433, F1, i) + (N2385->N650, F1, i)}
{(N3715->N1433, F1, i) + (N650, F1, i)(N2385,0,i)}
{(N3715->N1433, F1, i) + (N2446, F1, i)(N581,0,i)}
{(N3715->N1433, F1, i) + (N581, F1, i)}
{(N3715->N1433, F1, i) + (N1502, F0, i)}
{(N3715->N1433, F1, i) + (N3067, F0, i)}
{(N3715->N1433, F1, i) + (N2296->N2612, F1, i)}
{(N3715->N1433, F1, i) + (N2612, F0, i)}
{(N3715->N1433, F1, i) + (N3198->N3316, F1, i)}
{(N3715->N1433, F1, i) + (N3316, F0, i)}
{(N1433, F0, i) + (N1968->N3227, F1, i)}
{(N1433, F0, i) + (N3227, F1, i)(N1908,1,i)}
{(N1433, F0, i) + (N2385->N650, F1, i)}
{(N1433, F0, i) + (N650, F1, i)(N2385,0,i)}
{(N1433, F0, i) + (N2446, F1, i)(N581,0,i)}
{(N1433, F0, i) + (N581, F1, i)}
{(N1433, F0, i) + (N1502, F0, i)}
{(N1433, F0, i) + (N3067, F0, i)}
{(N1433, F0, i) + (N2296->N2612, F1, i)}
{(N1433, F0, i) + (N2612, F0, i)}
{(N1433, F0, i) + (N3198->N3316, F1, i)}
{(N1433, F0, i) + (N3316, F0, i)}
{(N2834->N1471, F1, i) + (N1968->N3227, F1, i)}
{(N2834->N1471, F1, i) + (N3227, F1, i)(N1908,1,i)}
{(N2834->N1471, F1, i) + (N2385->N650, F1, i)}
{(N2834->N1471, F1, i) + (N650, F1, i)(N2385,0,i)}
{(N2834->N1471, F1, i) + (N2446, F1, i)(N581,0,i)}
{(N2834->N1471, F1, i) + (N581, F1, i)}
{(N2834->N1471, F1, i) + (N1502, F0, i)}
{(N2834->N1471, F1, i) + (N3067, F0, i)}
{(N2834->N1471, F1, i) + (N2296->N2612, F1, i)}
{(N2834->N1471, F1, i) + (N2612, F0, i)}
{(N2834->N1471, F1, i) + (N3198->N3316, F1, i)}
{(N2834->N1471, F1, i) + (N3316, F0, i)}
{(N1471, F0, i) + (N1968->N3227, F1, i)}
{(N1471, F0, i) + (N3227, F1, i)(N1908,1,i)}
{(N1471, F0, i) + (N2385->N650, F1, i)}
{(N1471, F0, i) + (N650, F1, i)(N2385,0,i)}
{(N1471, F0, i) + (N2446, F1, i)(N581,0,i)}
{(N1471, F0, i) + (N581, F1, i)}
{(N1471, F0, i) + (N1502, F0, i)}
{(N1471, F0, i) + (N3067, F0, i)}
{(N1471, F0, i) + (N2296->N2612, F1, i)}
{(N1471, F0, i) + (N2612, F0, i)}
{(N1471, F0, i) + (N3198->N3316, F1, i)}
{(N1471, F0, i) + (N3316, F0, i)}
