{(N3049, F1, i)(N1869,0,i) + (N1702, F1, i)(N3134,1,i)}
{(N3049, F1, i)(N1869,0,i) + (N558->N423, F0, i)}
{(N3049, F1, i)(N1869,0,i) + (N423, F1, i)}
{(N1833, F1, i)(N1431,1,i) + (N1702, F1, i)(N3134,1,i)}
{(N1833, F1, i)(N1431,1,i) + (N558->N423, F0, i)}
{(N1833, F1, i)(N1431,1,i) + (N423, F1, i)}
{(N1431->N1869, F0, i) + (N1702, F1, i)(N3134,1,i)}
{(N1431->N1869, F0, i) + (N558->N423, F0, i)}
{(N1431->N1869, F0, i) + (N423, F1, i)}
{(N1869, F1, i) + (N1702, F1, i)(N3134,1,i)}
{(N1869, F1, i) + (N558->N423, F0, i)}
{(N1869, F1, i) + (N423, F1, i)}
{(N1486->N1334, F0, i) + (N1702, F1, i)(N3134,1,i)}
{(N1486->N1334, F0, i) + (N558->N423, F0, i)}
{(N1486->N1334, F0, i) + (N423, F1, i)}
{(N1334, F1, i) + (N1702, F1, i)(N3134,1,i)}
{(N1334, F1, i) + (N558->N423, F0, i)}
{(N1334, F1, i) + (N423, F1, i)}
{(N3331, F1, i)(N872,0,i) + (N1702, F1, i)(N3134,1,i)}
{(N3331, F1, i)(N872,0,i) + (N558->N423, F0, i)}
{(N3331, F1, i)(N872,0,i) + (N423, F1, i)}
{(N83->N872, F0, i) + (N1702, F1, i)(N3134,1,i)}
{(N83->N872, F0, i) + (N558->N423, F0, i)}
{(N83->N872, F0, i) + (N423, F1, i)}
{(N872, F1, i) + (N1702, F1, i)(N3134,1,i)}
{(N872, F1, i) + (N558->N423, F0, i)}
{(N872, F1, i) + (N423, F1, i)}
