{(N1843, F1, i)(N2500,1,i) + (N1746->N1644, F1, i)}
{(N1843, F1, i)(N2500,1,i) + (N1644, F1, i)(N3483,1,i)}
{(N1843, F1, i)(N2500,1,i) + (N2165->N2680, F1, i)}
{(N1843, F1, i)(N2500,1,i) + (N2680, F1, i)(N2891,1,i)}
{(N1843, F1, i)(N2500,1,i) + (N1675, F1, i)(N1562,1,i)}
{(N1843, F1, i)(N2500,1,i) + (N2638, F1, i)}
{(N1843, F1, i)(N2500,1,i) + (N3215, F0, i)}
{(N1843, F1, i)(N2500,1,i) + (N3324, F0, i)}
{(N1843, F1, i)(N2500,1,i) + (N3613->N1773, F1, i)}
{(N1843, F1, i)(N2500,1,i) + (N1773, F0, i)}
{(N1843, F1, i)(N2500,1,i) + (N2152->N2835, F1, i)}
{(N1843, F1, i)(N2500,1,i) + (N2835, F0, i)}
{(N2126, F1, i)(N1006,1,i) + (N1746->N1644, F1, i)}
{(N2126, F1, i)(N1006,1,i) + (N1644, F1, i)(N3483,1,i)}
{(N2126, F1, i)(N1006,1,i) + (N2165->N2680, F1, i)}
{(N2126, F1, i)(N1006,1,i) + (N2680, F1, i)(N2891,1,i)}
{(N2126, F1, i)(N1006,1,i) + (N1675, F1, i)(N1562,1,i)}
{(N2126, F1, i)(N1006,1,i) + (N2638, F1, i)}
{(N2126, F1, i)(N1006,1,i) + (N3215, F0, i)}
{(N2126, F1, i)(N1006,1,i) + (N3324, F0, i)}
{(N2126, F1, i)(N1006,1,i) + (N3613->N1773, F1, i)}
{(N2126, F1, i)(N1006,1,i) + (N1773, F0, i)}
{(N2126, F1, i)(N1006,1,i) + (N2152->N2835, F1, i)}
{(N2126, F1, i)(N1006,1,i) + (N2835, F0, i)}
{(N1006->N3151, F0, i) + (N1746->N1644, F1, i)}
{(N1006->N3151, F0, i) + (N1644, F1, i)(N3483,1,i)}
{(N1006->N3151, F0, i) + (N2165->N2680, F1, i)}
{(N1006->N3151, F0, i) + (N2680, F1, i)(N2891,1,i)}
{(N1006->N3151, F0, i) + (N1675, F1, i)(N1562,1,i)}
{(N1006->N3151, F0, i) + (N2638, F1, i)}
{(N1006->N3151, F0, i) + (N3215, F0, i)}
{(N1006->N3151, F0, i) + (N3324, F0, i)}
{(N1006->N3151, F0, i) + (N3613->N1773, F1, i)}
{(N1006->N3151, F0, i) + (N1773, F0, i)}
{(N1006->N3151, F0, i) + (N2152->N2835, F1, i)}
{(N1006->N3151, F0, i) + (N2835, F0, i)}
{(N3151, F1, i) + (N1746->N1644, F1, i)}
{(N3151, F1, i) + (N1644, F1, i)(N3483,1,i)}
{(N3151, F1, i) + (N2165->N2680, F1, i)}
{(N3151, F1, i) + (N2680, F1, i)(N2891,1,i)}
{(N3151, F1, i) + (N1675, F1, i)(N1562,1,i)}
{(N3151, F1, i) + (N2638, F1, i)}
{(N3151, F1, i) + (N3215, F0, i)}
{(N3151, F1, i) + (N3324, F0, i)}
{(N3151, F1, i) + (N3613->N1773, F1, i)}
{(N3151, F1, i) + (N1773, F0, i)}
{(N3151, F1, i) + (N2152->N2835, F1, i)}
{(N3151, F1, i) + (N2835, F0, i)}
{(N2500->N3863, F0, i) + (N1746->N1644, F1, i)}
{(N2500->N3863, F0, i) + (N1644, F1, i)(N3483,1,i)}
{(N2500->N3863, F0, i) + (N2165->N2680, F1, i)}
{(N2500->N3863, F0, i) + (N2680, F1, i)(N2891,1,i)}
{(N2500->N3863, F0, i) + (N1675, F1, i)(N1562,1,i)}
{(N2500->N3863, F0, i) + (N2638, F1, i)}
{(N2500->N3863, F0, i) + (N3215, F0, i)}
{(N2500->N3863, F0, i) + (N3324, F0, i)}
{(N2500->N3863, F0, i) + (N3613->N1773, F1, i)}
{(N2500->N3863, F0, i) + (N1773, F0, i)}
{(N2500->N3863, F0, i) + (N2152->N2835, F1, i)}
{(N2500->N3863, F0, i) + (N2835, F0, i)}
{(N3863, F1, i) + (N1746->N1644, F1, i)}
{(N3863, F1, i) + (N1644, F1, i)(N3483,1,i)}
{(N3863, F1, i) + (N2165->N2680, F1, i)}
{(N3863, F1, i) + (N2680, F1, i)(N2891,1,i)}
{(N3863, F1, i) + (N1675, F1, i)(N1562,1,i)}
{(N3863, F1, i) + (N2638, F1, i)}
{(N3863, F1, i) + (N3215, F0, i)}
{(N3863, F1, i) + (N3324, F0, i)}
{(N3863, F1, i) + (N3613->N1773, F1, i)}
{(N3863, F1, i) + (N1773, F0, i)}
{(N3863, F1, i) + (N2152->N2835, F1, i)}
{(N3863, F1, i) + (N2835, F0, i)}
{(N2937, F1, i)(N3789,0,i) + (N1746->N1644, F1, i)}
{(N2937, F1, i)(N3789,0,i) + (N1644, F1, i)(N3483,1,i)}
{(N2937, F1, i)(N3789,0,i) + (N2165->N2680, F1, i)}
{(N2937, F1, i)(N3789,0,i) + (N2680, F1, i)(N2891,1,i)}
{(N2937, F1, i)(N3789,0,i) + (N1675, F1, i)(N1562,1,i)}
{(N2937, F1, i)(N3789,0,i) + (N2638, F1, i)}
{(N2937, F1, i)(N3789,0,i) + (N3215, F0, i)}
{(N2937, F1, i)(N3789,0,i) + (N3324, F0, i)}
{(N2937, F1, i)(N3789,0,i) + (N3613->N1773, F1, i)}
{(N2937, F1, i)(N3789,0,i) + (N1773, F0, i)}
{(N2937, F1, i)(N3789,0,i) + (N2152->N2835, F1, i)}
{(N2937, F1, i)(N3789,0,i) + (N2835, F0, i)}
{(N69->N3789, F0, i) + (N1746->N1644, F1, i)}
{(N69->N3789, F0, i) + (N1644, F1, i)(N3483,1,i)}
{(N69->N3789, F0, i) + (N2165->N2680, F1, i)}
{(N69->N3789, F0, i) + (N2680, F1, i)(N2891,1,i)}
{(N69->N3789, F0, i) + (N1675, F1, i)(N1562,1,i)}
{(N69->N3789, F0, i) + (N2638, F1, i)}
{(N69->N3789, F0, i) + (N3215, F0, i)}
{(N69->N3789, F0, i) + (N3324, F0, i)}
{(N69->N3789, F0, i) + (N3613->N1773, F1, i)}
{(N69->N3789, F0, i) + (N1773, F0, i)}
{(N69->N3789, F0, i) + (N2152->N2835, F1, i)}
{(N69->N3789, F0, i) + (N2835, F0, i)}
{(N3789, F1, i) + (N1746->N1644, F1, i)}
{(N3789, F1, i) + (N1644, F1, i)(N3483,1,i)}
{(N3789, F1, i) + (N2165->N2680, F1, i)}
{(N3789, F1, i) + (N2680, F1, i)(N2891,1,i)}
{(N3789, F1, i) + (N1675, F1, i)(N1562,1,i)}
{(N3789, F1, i) + (N2638, F1, i)}
{(N3789, F1, i) + (N3215, F0, i)}
{(N3789, F1, i) + (N3324, F0, i)}
{(N3789, F1, i) + (N3613->N1773, F1, i)}
{(N3789, F1, i) + (N1773, F0, i)}
{(N3789, F1, i) + (N2152->N2835, F1, i)}
{(N3789, F1, i) + (N2835, F0, i)}
