{(N2889->N3551, F1, i) + (N3178, F1, i)(N2262,1,i)}
{(N2889->N3551, F1, i) + (N2828, F1, i)(N3497,0,i)}
{(N2889->N3551, F1, i) + (N1302->N1643, F0, i)}
{(N2889->N3551, F1, i) + (N1643, F1, i)}
{(N2889->N3551, F1, i) + (N2262->N3497, F0, i)}
{(N2889->N3551, F1, i) + (N3497, F1, i)}
{(N2889->N3551, F1, i) + (N2610, F1, i)(N2004,0,i)}
{(N2889->N3551, F1, i) + (N220->N2004, F0, i)}
{(N2889->N3551, F1, i) + (N2004, F1, i)}
{(N3551, F1, i)(N2889,0,i) + (N3178, F1, i)(N2262,1,i)}
{(N3551, F1, i)(N2889,0,i) + (N2828, F1, i)(N3497,0,i)}
{(N3551, F1, i)(N2889,0,i) + (N1302->N1643, F0, i)}
{(N3551, F1, i)(N2889,0,i) + (N1643, F1, i)}
{(N3551, F1, i)(N2889,0,i) + (N2262->N3497, F0, i)}
{(N3551, F1, i)(N2889,0,i) + (N3497, F1, i)}
{(N3551, F1, i)(N2889,0,i) + (N2610, F1, i)(N2004,0,i)}
{(N3551, F1, i)(N2889,0,i) + (N220->N2004, F0, i)}
{(N3551, F1, i)(N2889,0,i) + (N2004, F1, i)}
{(N1500->N2014, F1, i) + (N3178, F1, i)(N2262,1,i)}
{(N1500->N2014, F1, i) + (N2828, F1, i)(N3497,0,i)}
{(N1500->N2014, F1, i) + (N1302->N1643, F0, i)}
{(N1500->N2014, F1, i) + (N1643, F1, i)}
{(N1500->N2014, F1, i) + (N2262->N3497, F0, i)}
{(N1500->N2014, F1, i) + (N3497, F1, i)}
{(N1500->N2014, F1, i) + (N2610, F1, i)(N2004,0,i)}
{(N1500->N2014, F1, i) + (N220->N2004, F0, i)}
{(N1500->N2014, F1, i) + (N2004, F1, i)}
{(N2014, F1, i)(N1500,0,i) + (N3178, F1, i)(N2262,1,i)}
{(N2014, F1, i)(N1500,0,i) + (N2828, F1, i)(N3497,0,i)}
{(N2014, F1, i)(N1500,0,i) + (N1302->N1643, F0, i)}
{(N2014, F1, i)(N1500,0,i) + (N1643, F1, i)}
{(N2014, F1, i)(N1500,0,i) + (N2262->N3497, F0, i)}
{(N2014, F1, i)(N1500,0,i) + (N3497, F1, i)}
{(N2014, F1, i)(N1500,0,i) + (N2610, F1, i)(N2004,0,i)}
{(N2014, F1, i)(N1500,0,i) + (N220->N2004, F0, i)}
{(N2014, F1, i)(N1500,0,i) + (N2004, F1, i)}
{(N3462, F1, i)(N3481,1,i) + (N3178, F1, i)(N2262,1,i)}
{(N3462, F1, i)(N3481,1,i) + (N2828, F1, i)(N3497,0,i)}
{(N3462, F1, i)(N3481,1,i) + (N1302->N1643, F0, i)}
{(N3462, F1, i)(N3481,1,i) + (N1643, F1, i)}
{(N3462, F1, i)(N3481,1,i) + (N2262->N3497, F0, i)}
{(N3462, F1, i)(N3481,1,i) + (N3497, F1, i)}
{(N3462, F1, i)(N3481,1,i) + (N2610, F1, i)(N2004,0,i)}
{(N3462, F1, i)(N3481,1,i) + (N220->N2004, F0, i)}
{(N3462, F1, i)(N3481,1,i) + (N2004, F1, i)}
{(N989, F1, i) + (N3178, F1, i)(N2262,1,i)}
{(N989, F1, i) + (N2828, F1, i)(N3497,0,i)}
{(N989, F1, i) + (N1302->N1643, F0, i)}
{(N989, F1, i) + (N1643, F1, i)}
{(N989, F1, i) + (N2262->N3497, F0, i)}
{(N989, F1, i) + (N3497, F1, i)}
{(N989, F1, i) + (N2610, F1, i)(N2004,0,i)}
{(N989, F1, i) + (N220->N2004, F0, i)}
{(N989, F1, i) + (N2004, F1, i)}
{(N2049, F0, i) + (N3178, F1, i)(N2262,1,i)}
{(N2049, F0, i) + (N2828, F1, i)(N3497,0,i)}
{(N2049, F0, i) + (N1302->N1643, F0, i)}
{(N2049, F0, i) + (N1643, F1, i)}
{(N2049, F0, i) + (N2262->N3497, F0, i)}
{(N2049, F0, i) + (N3497, F1, i)}
{(N2049, F0, i) + (N2610, F1, i)(N2004,0,i)}
{(N2049, F0, i) + (N220->N2004, F0, i)}
{(N2049, F0, i) + (N2004, F1, i)}
{(N1297, F0, i) + (N3178, F1, i)(N2262,1,i)}
{(N1297, F0, i) + (N2828, F1, i)(N3497,0,i)}
{(N1297, F0, i) + (N1302->N1643, F0, i)}
{(N1297, F0, i) + (N1643, F1, i)}
{(N1297, F0, i) + (N2262->N3497, F0, i)}
{(N1297, F0, i) + (N3497, F1, i)}
{(N1297, F0, i) + (N2610, F1, i)(N2004,0,i)}
{(N1297, F0, i) + (N220->N2004, F0, i)}
{(N1297, F0, i) + (N2004, F1, i)}
{(N2240->N3325, F1, i) + (N3178, F1, i)(N2262,1,i)}
{(N2240->N3325, F1, i) + (N2828, F1, i)(N3497,0,i)}
{(N2240->N3325, F1, i) + (N1302->N1643, F0, i)}
{(N2240->N3325, F1, i) + (N1643, F1, i)}
{(N2240->N3325, F1, i) + (N2262->N3497, F0, i)}
{(N2240->N3325, F1, i) + (N3497, F1, i)}
{(N2240->N3325, F1, i) + (N2610, F1, i)(N2004,0,i)}
{(N2240->N3325, F1, i) + (N220->N2004, F0, i)}
{(N2240->N3325, F1, i) + (N2004, F1, i)}
{(N3325, F0, i) + (N3178, F1, i)(N2262,1,i)}
{(N3325, F0, i) + (N2828, F1, i)(N3497,0,i)}
{(N3325, F0, i) + (N1302->N1643, F0, i)}
{(N3325, F0, i) + (N1643, F1, i)}
{(N3325, F0, i) + (N2262->N3497, F0, i)}
{(N3325, F0, i) + (N3497, F1, i)}
{(N3325, F0, i) + (N2610, F1, i)(N2004,0,i)}
{(N3325, F0, i) + (N220->N2004, F0, i)}
{(N3325, F0, i) + (N2004, F1, i)}
{(N2021->N1670, F1, i) + (N3178, F1, i)(N2262,1,i)}
{(N2021->N1670, F1, i) + (N2828, F1, i)(N3497,0,i)}
{(N2021->N1670, F1, i) + (N1302->N1643, F0, i)}
{(N2021->N1670, F1, i) + (N1643, F1, i)}
{(N2021->N1670, F1, i) + (N2262->N3497, F0, i)}
{(N2021->N1670, F1, i) + (N3497, F1, i)}
{(N2021->N1670, F1, i) + (N2610, F1, i)(N2004,0,i)}
{(N2021->N1670, F1, i) + (N220->N2004, F0, i)}
{(N2021->N1670, F1, i) + (N2004, F1, i)}
{(N1670, F0, i) + (N3178, F1, i)(N2262,1,i)}
{(N1670, F0, i) + (N2828, F1, i)(N3497,0,i)}
{(N1670, F0, i) + (N1302->N1643, F0, i)}
{(N1670, F0, i) + (N1643, F1, i)}
{(N1670, F0, i) + (N2262->N3497, F0, i)}
{(N1670, F0, i) + (N3497, F1, i)}
{(N1670, F0, i) + (N2610, F1, i)(N2004,0,i)}
{(N1670, F0, i) + (N220->N2004, F0, i)}
{(N1670, F0, i) + (N2004, F1, i)}
