{(N2451, F1, i)(N757,0,i) + (N2632, F1, i)(N3632,1,i)}
{(N2451, F1, i)(N757,0,i) + (N1459, F1, i)}
{(N2451, F1, i)(N757,0,i) + (N3223, F0, i)}
{(N2451, F1, i)(N757,0,i) + (N3015->N592, F0, i)}
{(N2451, F1, i)(N757,0,i) + (N592, F0, i)}
{(N2451, F1, i)(N757,0,i) + (N3198->N2761, F1, i)}
{(N2451, F1, i)(N757,0,i) + (N2761, F0, i)}
{(N2451, F1, i)(N757,0,i) + (N105->N1599, F1, i)}
{(N2451, F1, i)(N757,0,i) + (N1599, F1, i)(N214,1,i)}
{(N3122, F1, i)(N460,1,i) + (N2632, F1, i)(N3632,1,i)}
{(N3122, F1, i)(N460,1,i) + (N1459, F1, i)}
{(N3122, F1, i)(N460,1,i) + (N3223, F0, i)}
{(N3122, F1, i)(N460,1,i) + (N3015->N592, F0, i)}
{(N3122, F1, i)(N460,1,i) + (N592, F0, i)}
{(N3122, F1, i)(N460,1,i) + (N3198->N2761, F1, i)}
{(N3122, F1, i)(N460,1,i) + (N2761, F0, i)}
{(N3122, F1, i)(N460,1,i) + (N105->N1599, F1, i)}
{(N3122, F1, i)(N460,1,i) + (N1599, F1, i)(N214,1,i)}
{(N2506->N757, F0, i) + (N2632, F1, i)(N3632,1,i)}
{(N2506->N757, F0, i) + (N1459, F1, i)}
{(N2506->N757, F0, i) + (N3223, F0, i)}
{(N2506->N757, F0, i) + (N3015->N592, F0, i)}
{(N2506->N757, F0, i) + (N592, F0, i)}
{(N2506->N757, F0, i) + (N3198->N2761, F1, i)}
{(N2506->N757, F0, i) + (N2761, F0, i)}
{(N2506->N757, F0, i) + (N105->N1599, F1, i)}
{(N2506->N757, F0, i) + (N1599, F1, i)(N214,1,i)}
{(N757, F1, i) + (N2632, F1, i)(N3632,1,i)}
{(N757, F1, i) + (N1459, F1, i)}
{(N757, F1, i) + (N3223, F0, i)}
{(N757, F1, i) + (N3015->N592, F0, i)}
{(N757, F1, i) + (N592, F0, i)}
{(N757, F1, i) + (N3198->N2761, F1, i)}
{(N757, F1, i) + (N2761, F0, i)}
{(N757, F1, i) + (N105->N1599, F1, i)}
{(N757, F1, i) + (N1599, F1, i)(N214,1,i)}
{(N95->N3689, F0, i) + (N2632, F1, i)(N3632,1,i)}
{(N95->N3689, F0, i) + (N1459, F1, i)}
{(N95->N3689, F0, i) + (N3223, F0, i)}
{(N95->N3689, F0, i) + (N3015->N592, F0, i)}
{(N95->N3689, F0, i) + (N592, F0, i)}
{(N95->N3689, F0, i) + (N3198->N2761, F1, i)}
{(N95->N3689, F0, i) + (N2761, F0, i)}
{(N95->N3689, F0, i) + (N105->N1599, F1, i)}
{(N95->N3689, F0, i) + (N1599, F1, i)(N214,1,i)}
{(N3689, F1, i) + (N2632, F1, i)(N3632,1,i)}
{(N3689, F1, i) + (N1459, F1, i)}
{(N3689, F1, i) + (N3223, F0, i)}
{(N3689, F1, i) + (N3015->N592, F0, i)}
{(N3689, F1, i) + (N592, F0, i)}
{(N3689, F1, i) + (N3198->N2761, F1, i)}
{(N3689, F1, i) + (N2761, F0, i)}
{(N3689, F1, i) + (N105->N1599, F1, i)}
{(N3689, F1, i) + (N1599, F1, i)(N214,1,i)}
