{(N1181->N2871, F1, i) + (N2940->N2012, F1, i)}
{(N1181->N2871, F1, i) + (N2012, F1, i)(N3345,1,i)}
{(N1181->N2871, F1, i) + (N2951->N2449, F1, i)}
{(N1181->N2871, F1, i) + (N2449, F1, i)(N1484,1,i)}
{(N1181->N2871, F1, i) + (N3310, F1, i)(N3399,0,i)}
{(N2871, F1, i)(N1181,0,i) + (N2940->N2012, F1, i)}
{(N2871, F1, i)(N1181,0,i) + (N2012, F1, i)(N3345,1,i)}
{(N2871, F1, i)(N1181,0,i) + (N2951->N2449, F1, i)}
{(N2871, F1, i)(N1181,0,i) + (N2449, F1, i)(N1484,1,i)}
{(N2871, F1, i)(N1181,0,i) + (N3310, F1, i)(N3399,0,i)}
{(N3337->N2712, F1, i) + (N2940->N2012, F1, i)}
{(N3337->N2712, F1, i) + (N2012, F1, i)(N3345,1,i)}
{(N3337->N2712, F1, i) + (N2951->N2449, F1, i)}
{(N3337->N2712, F1, i) + (N2449, F1, i)(N1484,1,i)}
{(N3337->N2712, F1, i) + (N3310, F1, i)(N3399,0,i)}
{(N2712, F1, i)(N3566,1,i) + (N2940->N2012, F1, i)}
{(N2712, F1, i)(N3566,1,i) + (N2012, F1, i)(N3345,1,i)}
{(N2712, F1, i)(N3566,1,i) + (N2951->N2449, F1, i)}
{(N2712, F1, i)(N3566,1,i) + (N2449, F1, i)(N1484,1,i)}
{(N2712, F1, i)(N3566,1,i) + (N3310, F1, i)(N3399,0,i)}
{(N2197, F1, i)(N3262,1,i) + (N2940->N2012, F1, i)}
{(N2197, F1, i)(N3262,1,i) + (N2012, F1, i)(N3345,1,i)}
{(N2197, F1, i)(N3262,1,i) + (N2951->N2449, F1, i)}
{(N2197, F1, i)(N3262,1,i) + (N2449, F1, i)(N1484,1,i)}
{(N2197, F1, i)(N3262,1,i) + (N3310, F1, i)(N3399,0,i)}
{(N702, F1, i) + (N2940->N2012, F1, i)}
{(N702, F1, i) + (N2012, F1, i)(N3345,1,i)}
{(N702, F1, i) + (N2951->N2449, F1, i)}
{(N702, F1, i) + (N2449, F1, i)(N1484,1,i)}
{(N702, F1, i) + (N3310, F1, i)(N3399,0,i)}
{(N3361, F0, i) + (N2940->N2012, F1, i)}
{(N3361, F0, i) + (N2012, F1, i)(N3345,1,i)}
{(N3361, F0, i) + (N2951->N2449, F1, i)}
{(N3361, F0, i) + (N2449, F1, i)(N1484,1,i)}
{(N3361, F0, i) + (N3310, F1, i)(N3399,0,i)}
{(N1462, F0, i) + (N2940->N2012, F1, i)}
{(N1462, F0, i) + (N2012, F1, i)(N3345,1,i)}
{(N1462, F0, i) + (N2951->N2449, F1, i)}
{(N1462, F0, i) + (N2449, F1, i)(N1484,1,i)}
{(N1462, F0, i) + (N3310, F1, i)(N3399,0,i)}
{(N2248->N2515, F1, i) + (N2940->N2012, F1, i)}
{(N2248->N2515, F1, i) + (N2012, F1, i)(N3345,1,i)}
{(N2248->N2515, F1, i) + (N2951->N2449, F1, i)}
{(N2248->N2515, F1, i) + (N2449, F1, i)(N1484,1,i)}
{(N2248->N2515, F1, i) + (N3310, F1, i)(N3399,0,i)}
{(N2515, F0, i) + (N2940->N2012, F1, i)}
{(N2515, F0, i) + (N2012, F1, i)(N3345,1,i)}
{(N2515, F0, i) + (N2951->N2449, F1, i)}
{(N2515, F0, i) + (N2449, F1, i)(N1484,1,i)}
{(N2515, F0, i) + (N3310, F1, i)(N3399,0,i)}
{(N1477->N1768, F1, i) + (N2940->N2012, F1, i)}
{(N1477->N1768, F1, i) + (N2012, F1, i)(N3345,1,i)}
{(N1477->N1768, F1, i) + (N2951->N2449, F1, i)}
{(N1477->N1768, F1, i) + (N2449, F1, i)(N1484,1,i)}
{(N1477->N1768, F1, i) + (N3310, F1, i)(N3399,0,i)}
{(N1768, F0, i) + (N2940->N2012, F1, i)}
{(N1768, F0, i) + (N2012, F1, i)(N3345,1,i)}
{(N1768, F0, i) + (N2951->N2449, F1, i)}
{(N1768, F0, i) + (N2449, F1, i)(N1484,1,i)}
{(N1768, F0, i) + (N3310, F1, i)(N3399,0,i)}
