{(N1650, F1, i)(N1699,1,i) + (N2012, F1, i)(N3345,0,i)}
{(N1650, F1, i)(N1699,1,i) + (N2449, F1, i)(N1484,0,i)}
{(N1650, F1, i)(N1699,1,i) + (N2951->N3345, F0, i)}
{(N1650, F1, i)(N1699,1,i) + (N3345, F1, i)}
{(N1650, F1, i)(N1699,1,i) + (N2940->N1484, F0, i)}
{(N1650, F1, i)(N1699,1,i) + (N1484, F1, i)}
{(N2466, F1, i)(N2399,0,i) + (N2012, F1, i)(N3345,0,i)}
{(N2466, F1, i)(N2399,0,i) + (N2449, F1, i)(N1484,0,i)}
{(N2466, F1, i)(N2399,0,i) + (N2951->N3345, F0, i)}
{(N2466, F1, i)(N2399,0,i) + (N3345, F1, i)}
{(N2466, F1, i)(N2399,0,i) + (N2940->N1484, F0, i)}
{(N2466, F1, i)(N2399,0,i) + (N1484, F1, i)}
{(N2447->N3144, F0, i) + (N2012, F1, i)(N3345,0,i)}
{(N2447->N3144, F0, i) + (N2449, F1, i)(N1484,0,i)}
{(N2447->N3144, F0, i) + (N2951->N3345, F0, i)}
{(N2447->N3144, F0, i) + (N3345, F1, i)}
{(N2447->N3144, F0, i) + (N2940->N1484, F0, i)}
{(N2447->N3144, F0, i) + (N1484, F1, i)}
{(N3144, F1, i) + (N2012, F1, i)(N3345,0,i)}
{(N3144, F1, i) + (N2449, F1, i)(N1484,0,i)}
{(N3144, F1, i) + (N2951->N3345, F0, i)}
{(N3144, F1, i) + (N3345, F1, i)}
{(N3144, F1, i) + (N2940->N1484, F0, i)}
{(N3144, F1, i) + (N1484, F1, i)}
{(N1699->N2399, F0, i) + (N2012, F1, i)(N3345,0,i)}
{(N1699->N2399, F0, i) + (N2449, F1, i)(N1484,0,i)}
{(N1699->N2399, F0, i) + (N2951->N3345, F0, i)}
{(N1699->N2399, F0, i) + (N3345, F1, i)}
{(N1699->N2399, F0, i) + (N2940->N1484, F0, i)}
{(N1699->N2399, F0, i) + (N1484, F1, i)}
{(N2399, F1, i) + (N2012, F1, i)(N3345,0,i)}
{(N2399, F1, i) + (N2449, F1, i)(N1484,0,i)}
{(N2399, F1, i) + (N2951->N3345, F0, i)}
{(N2399, F1, i) + (N3345, F1, i)}
{(N2399, F1, i) + (N2940->N1484, F0, i)}
{(N2399, F1, i) + (N1484, F1, i)}
