{(N2237, F1, i)(N547,1,i) + (N3822, F1, i)(N1544,0,i)}
{(N2237, F1, i)(N547,1,i) + (N2649, F1, i)(N1451,0,i)}
{(N2237, F1, i)(N547,1,i) + (N1416->N1544, F0, i)}
{(N2237, F1, i)(N547,1,i) + (N1544, F1, i)}
{(N2237, F1, i)(N547,1,i) + (N244->N1451, F0, i)}
{(N2237, F1, i)(N547,1,i) + (N1451, F1, i)}
{(N2009, F1, i) + (N3822, F1, i)(N1544,0,i)}
{(N2009, F1, i) + (N2649, F1, i)(N1451,0,i)}
{(N2009, F1, i) + (N1416->N1544, F0, i)}
{(N2009, F1, i) + (N1544, F1, i)}
{(N2009, F1, i) + (N244->N1451, F0, i)}
{(N2009, F1, i) + (N1451, F1, i)}
{(N3573, F0, i) + (N3822, F1, i)(N1544,0,i)}
{(N3573, F0, i) + (N2649, F1, i)(N1451,0,i)}
{(N3573, F0, i) + (N1416->N1544, F0, i)}
{(N3573, F0, i) + (N1544, F1, i)}
{(N3573, F0, i) + (N244->N1451, F0, i)}
{(N3573, F0, i) + (N1451, F1, i)}
{(N3628->N1118, F0, i) + (N3822, F1, i)(N1544,0,i)}
{(N3628->N1118, F0, i) + (N2649, F1, i)(N1451,0,i)}
{(N3628->N1118, F0, i) + (N1416->N1544, F0, i)}
{(N3628->N1118, F0, i) + (N1544, F1, i)}
{(N3628->N1118, F0, i) + (N244->N1451, F0, i)}
{(N3628->N1118, F0, i) + (N1451, F1, i)}
{(N1118, F0, i) + (N3822, F1, i)(N1544,0,i)}
{(N1118, F0, i) + (N2649, F1, i)(N1451,0,i)}
{(N1118, F0, i) + (N1416->N1544, F0, i)}
{(N1118, F0, i) + (N1544, F1, i)}
{(N1118, F0, i) + (N244->N1451, F0, i)}
{(N1118, F0, i) + (N1451, F1, i)}
{(N3080->N2189, F1, i) + (N3822, F1, i)(N1544,0,i)}
{(N3080->N2189, F1, i) + (N2649, F1, i)(N1451,0,i)}
{(N3080->N2189, F1, i) + (N1416->N1544, F0, i)}
{(N3080->N2189, F1, i) + (N1544, F1, i)}
{(N3080->N2189, F1, i) + (N244->N1451, F0, i)}
{(N3080->N2189, F1, i) + (N1451, F1, i)}
{(N2189, F0, i) + (N3822, F1, i)(N1544,0,i)}
{(N2189, F0, i) + (N2649, F1, i)(N1451,0,i)}
{(N2189, F0, i) + (N1416->N1544, F0, i)}
{(N2189, F0, i) + (N1544, F1, i)}
{(N2189, F0, i) + (N244->N1451, F0, i)}
{(N2189, F0, i) + (N1451, F1, i)}
{(N211->N1208, F1, i) + (N3822, F1, i)(N1544,0,i)}
{(N211->N1208, F1, i) + (N2649, F1, i)(N1451,0,i)}
{(N211->N1208, F1, i) + (N1416->N1544, F0, i)}
{(N211->N1208, F1, i) + (N1544, F1, i)}
{(N211->N1208, F1, i) + (N244->N1451, F0, i)}
{(N211->N1208, F1, i) + (N1451, F1, i)}
{(N1208, F1, i)(N247,1,i) + (N3822, F1, i)(N1544,0,i)}
{(N1208, F1, i)(N247,1,i) + (N2649, F1, i)(N1451,0,i)}
{(N1208, F1, i)(N247,1,i) + (N1416->N1544, F0, i)}
{(N1208, F1, i)(N247,1,i) + (N1544, F1, i)}
{(N1208, F1, i)(N247,1,i) + (N244->N1451, F0, i)}
{(N1208, F1, i)(N247,1,i) + (N1451, F1, i)}
