{(N2451, F1, i)(N757,0,i) + (N474->N1934, F1, i)}
{(N2451, F1, i)(N757,0,i) + (N1934, F1, i)(N1364,1,i)}
{(N2451, F1, i)(N757,0,i) + (N1318->N3897, F1, i)}
{(N2451, F1, i)(N757,0,i) + (N3897, F1, i)(N1318,0,i)}
{(N2451, F1, i)(N757,0,i) + (N632, F1, i)(N1217,0,i)}
{(N3122, F1, i)(N460,1,i) + (N474->N1934, F1, i)}
{(N3122, F1, i)(N460,1,i) + (N1934, F1, i)(N1364,1,i)}
{(N3122, F1, i)(N460,1,i) + (N1318->N3897, F1, i)}
{(N3122, F1, i)(N460,1,i) + (N3897, F1, i)(N1318,0,i)}
{(N3122, F1, i)(N460,1,i) + (N632, F1, i)(N1217,0,i)}
{(N2506->N757, F0, i) + (N474->N1934, F1, i)}
{(N2506->N757, F0, i) + (N1934, F1, i)(N1364,1,i)}
{(N2506->N757, F0, i) + (N1318->N3897, F1, i)}
{(N2506->N757, F0, i) + (N3897, F1, i)(N1318,0,i)}
{(N2506->N757, F0, i) + (N632, F1, i)(N1217,0,i)}
{(N757, F1, i) + (N474->N1934, F1, i)}
{(N757, F1, i) + (N1934, F1, i)(N1364,1,i)}
{(N757, F1, i) + (N1318->N3897, F1, i)}
{(N757, F1, i) + (N3897, F1, i)(N1318,0,i)}
{(N757, F1, i) + (N632, F1, i)(N1217,0,i)}
{(N95->N3689, F0, i) + (N474->N1934, F1, i)}
{(N95->N3689, F0, i) + (N1934, F1, i)(N1364,1,i)}
{(N95->N3689, F0, i) + (N1318->N3897, F1, i)}
{(N95->N3689, F0, i) + (N3897, F1, i)(N1318,0,i)}
{(N95->N3689, F0, i) + (N632, F1, i)(N1217,0,i)}
{(N3689, F1, i) + (N474->N1934, F1, i)}
{(N3689, F1, i) + (N1934, F1, i)(N1364,1,i)}
{(N3689, F1, i) + (N1318->N3897, F1, i)}
{(N3689, F1, i) + (N3897, F1, i)(N1318,0,i)}
{(N3689, F1, i) + (N632, F1, i)(N1217,0,i)}
