{(N2349->N3435, F1, i) + (N1516, F1, i)(N2738,0,i)}
{(N2349->N3435, F1, i) + (N3763, F1, i)(N3537,0,i)}
{(N2349->N3435, F1, i) + (N2305->N2738, F0, i)}
{(N2349->N3435, F1, i) + (N2738, F1, i)}
{(N2349->N3435, F1, i) + (N524->N3537, F0, i)}
{(N2349->N3435, F1, i) + (N3537, F1, i)}
{(N2349->N3435, F1, i) + (N1481, F1, i)(N2872,1,i)}
{(N2349->N3435, F1, i) + (N16->N1730, F0, i)}
{(N2349->N3435, F1, i) + (N1730, F1, i)}
{(N3435, F1, i)(N407,1,i) + (N1516, F1, i)(N2738,0,i)}
{(N3435, F1, i)(N407,1,i) + (N3763, F1, i)(N3537,0,i)}
{(N3435, F1, i)(N407,1,i) + (N2305->N2738, F0, i)}
{(N3435, F1, i)(N407,1,i) + (N2738, F1, i)}
{(N3435, F1, i)(N407,1,i) + (N524->N3537, F0, i)}
{(N3435, F1, i)(N407,1,i) + (N3537, F1, i)}
{(N3435, F1, i)(N407,1,i) + (N1481, F1, i)(N2872,1,i)}
{(N3435, F1, i)(N407,1,i) + (N16->N1730, F0, i)}
{(N3435, F1, i)(N407,1,i) + (N1730, F1, i)}
{(N3838->N3089, F1, i) + (N1516, F1, i)(N2738,0,i)}
{(N3838->N3089, F1, i) + (N3763, F1, i)(N3537,0,i)}
{(N3838->N3089, F1, i) + (N2305->N2738, F0, i)}
{(N3838->N3089, F1, i) + (N2738, F1, i)}
{(N3838->N3089, F1, i) + (N524->N3537, F0, i)}
{(N3838->N3089, F1, i) + (N3537, F1, i)}
{(N3838->N3089, F1, i) + (N1481, F1, i)(N2872,1,i)}
{(N3838->N3089, F1, i) + (N16->N1730, F0, i)}
{(N3838->N3089, F1, i) + (N1730, F1, i)}
{(N3089, F1, i)(N3838,0,i) + (N1516, F1, i)(N2738,0,i)}
{(N3089, F1, i)(N3838,0,i) + (N3763, F1, i)(N3537,0,i)}
{(N3089, F1, i)(N3838,0,i) + (N2305->N2738, F0, i)}
{(N3089, F1, i)(N3838,0,i) + (N2738, F1, i)}
{(N3089, F1, i)(N3838,0,i) + (N524->N3537, F0, i)}
{(N3089, F1, i)(N3838,0,i) + (N3537, F1, i)}
{(N3089, F1, i)(N3838,0,i) + (N1481, F1, i)(N2872,1,i)}
{(N3089, F1, i)(N3838,0,i) + (N16->N1730, F0, i)}
{(N3089, F1, i)(N3838,0,i) + (N1730, F1, i)}
{(N1438, F1, i)(N3555,1,i) + (N1516, F1, i)(N2738,0,i)}
{(N1438, F1, i)(N3555,1,i) + (N3763, F1, i)(N3537,0,i)}
{(N1438, F1, i)(N3555,1,i) + (N2305->N2738, F0, i)}
{(N1438, F1, i)(N3555,1,i) + (N2738, F1, i)}
{(N1438, F1, i)(N3555,1,i) + (N524->N3537, F0, i)}
{(N1438, F1, i)(N3555,1,i) + (N3537, F1, i)}
{(N1438, F1, i)(N3555,1,i) + (N1481, F1, i)(N2872,1,i)}
{(N1438, F1, i)(N3555,1,i) + (N16->N1730, F0, i)}
{(N1438, F1, i)(N3555,1,i) + (N1730, F1, i)}
{(N3296, F1, i) + (N1516, F1, i)(N2738,0,i)}
{(N3296, F1, i) + (N3763, F1, i)(N3537,0,i)}
{(N3296, F1, i) + (N2305->N2738, F0, i)}
{(N3296, F1, i) + (N2738, F1, i)}
{(N3296, F1, i) + (N524->N3537, F0, i)}
{(N3296, F1, i) + (N3537, F1, i)}
{(N3296, F1, i) + (N1481, F1, i)(N2872,1,i)}
{(N3296, F1, i) + (N16->N1730, F0, i)}
{(N3296, F1, i) + (N1730, F1, i)}
{(N1410, F0, i) + (N1516, F1, i)(N2738,0,i)}
{(N1410, F0, i) + (N3763, F1, i)(N3537,0,i)}
{(N1410, F0, i) + (N2305->N2738, F0, i)}
{(N1410, F0, i) + (N2738, F1, i)}
{(N1410, F0, i) + (N524->N3537, F0, i)}
{(N1410, F0, i) + (N3537, F1, i)}
{(N1410, F0, i) + (N1481, F1, i)(N2872,1,i)}
{(N1410, F0, i) + (N16->N1730, F0, i)}
{(N1410, F0, i) + (N1730, F1, i)}
{(N671, F0, i) + (N1516, F1, i)(N2738,0,i)}
{(N671, F0, i) + (N3763, F1, i)(N3537,0,i)}
{(N671, F0, i) + (N2305->N2738, F0, i)}
{(N671, F0, i) + (N2738, F1, i)}
{(N671, F0, i) + (N524->N3537, F0, i)}
{(N671, F0, i) + (N3537, F1, i)}
{(N671, F0, i) + (N1481, F1, i)(N2872,1,i)}
{(N671, F0, i) + (N16->N1730, F0, i)}
{(N671, F0, i) + (N1730, F1, i)}
{(N1329->N1897, F1, i) + (N1516, F1, i)(N2738,0,i)}
{(N1329->N1897, F1, i) + (N3763, F1, i)(N3537,0,i)}
{(N1329->N1897, F1, i) + (N2305->N2738, F0, i)}
{(N1329->N1897, F1, i) + (N2738, F1, i)}
{(N1329->N1897, F1, i) + (N524->N3537, F0, i)}
{(N1329->N1897, F1, i) + (N3537, F1, i)}
{(N1329->N1897, F1, i) + (N1481, F1, i)(N2872,1,i)}
{(N1329->N1897, F1, i) + (N16->N1730, F0, i)}
{(N1329->N1897, F1, i) + (N1730, F1, i)}
{(N1897, F0, i) + (N1516, F1, i)(N2738,0,i)}
{(N1897, F0, i) + (N3763, F1, i)(N3537,0,i)}
{(N1897, F0, i) + (N2305->N2738, F0, i)}
{(N1897, F0, i) + (N2738, F1, i)}
{(N1897, F0, i) + (N524->N3537, F0, i)}
{(N1897, F0, i) + (N3537, F1, i)}
{(N1897, F0, i) + (N1481, F1, i)(N2872,1,i)}
{(N1897, F0, i) + (N16->N1730, F0, i)}
{(N1897, F0, i) + (N1730, F1, i)}
{(N3196->N2594, F1, i) + (N1516, F1, i)(N2738,0,i)}
{(N3196->N2594, F1, i) + (N3763, F1, i)(N3537,0,i)}
{(N3196->N2594, F1, i) + (N2305->N2738, F0, i)}
{(N3196->N2594, F1, i) + (N2738, F1, i)}
{(N3196->N2594, F1, i) + (N524->N3537, F0, i)}
{(N3196->N2594, F1, i) + (N3537, F1, i)}
{(N3196->N2594, F1, i) + (N1481, F1, i)(N2872,1,i)}
{(N3196->N2594, F1, i) + (N16->N1730, F0, i)}
{(N3196->N2594, F1, i) + (N1730, F1, i)}
{(N2594, F0, i) + (N1516, F1, i)(N2738,0,i)}
{(N2594, F0, i) + (N3763, F1, i)(N3537,0,i)}
{(N2594, F0, i) + (N2305->N2738, F0, i)}
{(N2594, F0, i) + (N2738, F1, i)}
{(N2594, F0, i) + (N524->N3537, F0, i)}
{(N2594, F0, i) + (N3537, F1, i)}
{(N2594, F0, i) + (N1481, F1, i)(N2872,1,i)}
{(N2594, F0, i) + (N16->N1730, F0, i)}
{(N2594, F0, i) + (N1730, F1, i)}
