{(N2901, F1, i)(N2226,0,i) + (N999, F1, i)(N2288,1,i)}
{(N2901, F1, i)(N2226,0,i) + (N946, F1, i)(N2839,0,i)}
{(N2901, F1, i)(N2226,0,i) + (N7->N3454, F0, i)}
{(N2901, F1, i)(N2226,0,i) + (N3454, F1, i)}
{(N2901, F1, i)(N2226,0,i) + (N2249->N2839, F0, i)}
{(N2901, F1, i)(N2226,0,i) + (N2839, F1, i)}
{(N2226, F1, i) + (N999, F1, i)(N2288,1,i)}
{(N2226, F1, i) + (N946, F1, i)(N2839,0,i)}
{(N2226, F1, i) + (N7->N3454, F0, i)}
{(N2226, F1, i) + (N3454, F1, i)}
{(N2226, F1, i) + (N2249->N2839, F0, i)}
{(N2226, F1, i) + (N2839, F1, i)}
{(N3336, F0, i) + (N999, F1, i)(N2288,1,i)}
{(N3336, F0, i) + (N946, F1, i)(N2839,0,i)}
{(N3336, F0, i) + (N7->N3454, F0, i)}
{(N3336, F0, i) + (N3454, F1, i)}
{(N3336, F0, i) + (N2249->N2839, F0, i)}
{(N3336, F0, i) + (N2839, F1, i)}
{(N2105->N2598, F0, i) + (N999, F1, i)(N2288,1,i)}
{(N2105->N2598, F0, i) + (N946, F1, i)(N2839,0,i)}
{(N2105->N2598, F0, i) + (N7->N3454, F0, i)}
{(N2105->N2598, F0, i) + (N3454, F1, i)}
{(N2105->N2598, F0, i) + (N2249->N2839, F0, i)}
{(N2105->N2598, F0, i) + (N2839, F1, i)}
{(N2598, F0, i) + (N999, F1, i)(N2288,1,i)}
{(N2598, F0, i) + (N946, F1, i)(N2839,0,i)}
{(N2598, F0, i) + (N7->N3454, F0, i)}
{(N2598, F0, i) + (N3454, F1, i)}
{(N2598, F0, i) + (N2249->N2839, F0, i)}
{(N2598, F0, i) + (N2839, F1, i)}
{(N3887->N2220, F1, i) + (N999, F1, i)(N2288,1,i)}
{(N3887->N2220, F1, i) + (N946, F1, i)(N2839,0,i)}
{(N3887->N2220, F1, i) + (N7->N3454, F0, i)}
{(N3887->N2220, F1, i) + (N3454, F1, i)}
{(N3887->N2220, F1, i) + (N2249->N2839, F0, i)}
{(N3887->N2220, F1, i) + (N2839, F1, i)}
{(N2220, F0, i) + (N999, F1, i)(N2288,1,i)}
{(N2220, F0, i) + (N946, F1, i)(N2839,0,i)}
{(N2220, F0, i) + (N7->N3454, F0, i)}
{(N2220, F0, i) + (N3454, F1, i)}
{(N2220, F0, i) + (N2249->N2839, F0, i)}
{(N2220, F0, i) + (N2839, F1, i)}
{(N11->N867, F1, i) + (N999, F1, i)(N2288,1,i)}
{(N11->N867, F1, i) + (N946, F1, i)(N2839,0,i)}
{(N11->N867, F1, i) + (N7->N3454, F0, i)}
{(N11->N867, F1, i) + (N3454, F1, i)}
{(N11->N867, F1, i) + (N2249->N2839, F0, i)}
{(N11->N867, F1, i) + (N2839, F1, i)}
{(N867, F1, i)(N142,1,i) + (N999, F1, i)(N2288,1,i)}
{(N867, F1, i)(N142,1,i) + (N946, F1, i)(N2839,0,i)}
{(N867, F1, i)(N142,1,i) + (N7->N3454, F0, i)}
{(N867, F1, i)(N142,1,i) + (N3454, F1, i)}
{(N867, F1, i)(N142,1,i) + (N2249->N2839, F0, i)}
{(N867, F1, i)(N142,1,i) + (N2839, F1, i)}
