{(N3830, F1, i)(N2776,1,i) + (N1497, F1, i)(N713,1,i)}
{(N3830, F1, i)(N2776,1,i) + (N3602, F1, i)(N3621,0,i)}
{(N3830, F1, i)(N2776,1,i) + (N1858->N2415, F0, i)}
{(N3830, F1, i)(N2776,1,i) + (N2415, F1, i)}
{(N3830, F1, i)(N2776,1,i) + (N713->N3621, F0, i)}
{(N3830, F1, i)(N2776,1,i) + (N3621, F1, i)}
{(N3830, F1, i)(N2776,1,i) + (N1780, F1, i)(N873,0,i)}
{(N3830, F1, i)(N2776,1,i) + (N197->N873, F0, i)}
{(N3830, F1, i)(N2776,1,i) + (N873, F1, i)}
{(N733, F1, i)(N2904,0,i) + (N1497, F1, i)(N713,1,i)}
{(N733, F1, i)(N2904,0,i) + (N3602, F1, i)(N3621,0,i)}
{(N733, F1, i)(N2904,0,i) + (N1858->N2415, F0, i)}
{(N733, F1, i)(N2904,0,i) + (N2415, F1, i)}
{(N733, F1, i)(N2904,0,i) + (N713->N3621, F0, i)}
{(N733, F1, i)(N2904,0,i) + (N3621, F1, i)}
{(N733, F1, i)(N2904,0,i) + (N1780, F1, i)(N873,0,i)}
{(N733, F1, i)(N2904,0,i) + (N197->N873, F0, i)}
{(N733, F1, i)(N2904,0,i) + (N873, F1, i)}
{(N3502->N3053, F0, i) + (N1497, F1, i)(N713,1,i)}
{(N3502->N3053, F0, i) + (N3602, F1, i)(N3621,0,i)}
{(N3502->N3053, F0, i) + (N1858->N2415, F0, i)}
{(N3502->N3053, F0, i) + (N2415, F1, i)}
{(N3502->N3053, F0, i) + (N713->N3621, F0, i)}
{(N3502->N3053, F0, i) + (N3621, F1, i)}
{(N3502->N3053, F0, i) + (N1780, F1, i)(N873,0,i)}
{(N3502->N3053, F0, i) + (N197->N873, F0, i)}
{(N3502->N3053, F0, i) + (N873, F1, i)}
{(N3053, F1, i) + (N1497, F1, i)(N713,1,i)}
{(N3053, F1, i) + (N3602, F1, i)(N3621,0,i)}
{(N3053, F1, i) + (N1858->N2415, F0, i)}
{(N3053, F1, i) + (N2415, F1, i)}
{(N3053, F1, i) + (N713->N3621, F0, i)}
{(N3053, F1, i) + (N3621, F1, i)}
{(N3053, F1, i) + (N1780, F1, i)(N873,0,i)}
{(N3053, F1, i) + (N197->N873, F0, i)}
{(N3053, F1, i) + (N873, F1, i)}
{(N51->N2904, F0, i) + (N1497, F1, i)(N713,1,i)}
{(N51->N2904, F0, i) + (N3602, F1, i)(N3621,0,i)}
{(N51->N2904, F0, i) + (N1858->N2415, F0, i)}
{(N51->N2904, F0, i) + (N2415, F1, i)}
{(N51->N2904, F0, i) + (N713->N3621, F0, i)}
{(N51->N2904, F0, i) + (N3621, F1, i)}
{(N51->N2904, F0, i) + (N1780, F1, i)(N873,0,i)}
{(N51->N2904, F0, i) + (N197->N873, F0, i)}
{(N51->N2904, F0, i) + (N873, F1, i)}
{(N2904, F1, i) + (N1497, F1, i)(N713,1,i)}
{(N2904, F1, i) + (N3602, F1, i)(N3621,0,i)}
{(N2904, F1, i) + (N1858->N2415, F0, i)}
{(N2904, F1, i) + (N2415, F1, i)}
{(N2904, F1, i) + (N713->N3621, F0, i)}
{(N2904, F1, i) + (N3621, F1, i)}
{(N2904, F1, i) + (N1780, F1, i)(N873,0,i)}
{(N2904, F1, i) + (N197->N873, F0, i)}
{(N2904, F1, i) + (N873, F1, i)}
