{(N3914, F1, i)(N1982,1,i) + (N561, F1, i)(N2512,1,i)}
{(N3914, F1, i)(N1982,1,i) + (N1559, F1, i)(N2201,0,i)}
{(N3914, F1, i)(N1982,1,i) + (N162->N470, F0, i)}
{(N3914, F1, i)(N1982,1,i) + (N470, F1, i)}
{(N3914, F1, i)(N1982,1,i) + (N820->N2201, F0, i)}
{(N3914, F1, i)(N1982,1,i) + (N2201, F1, i)}
{(N2722, F1, i)(N3938,1,i) + (N561, F1, i)(N2512,1,i)}
{(N2722, F1, i)(N3938,1,i) + (N1559, F1, i)(N2201,0,i)}
{(N2722, F1, i)(N3938,1,i) + (N162->N470, F0, i)}
{(N2722, F1, i)(N3938,1,i) + (N470, F1, i)}
{(N2722, F1, i)(N3938,1,i) + (N820->N2201, F0, i)}
{(N2722, F1, i)(N3938,1,i) + (N2201, F1, i)}
{(N3938->N1512, F0, i) + (N561, F1, i)(N2512,1,i)}
{(N3938->N1512, F0, i) + (N1559, F1, i)(N2201,0,i)}
{(N3938->N1512, F0, i) + (N162->N470, F0, i)}
{(N3938->N1512, F0, i) + (N470, F1, i)}
{(N3938->N1512, F0, i) + (N820->N2201, F0, i)}
{(N3938->N1512, F0, i) + (N2201, F1, i)}
{(N1512, F1, i) + (N561, F1, i)(N2512,1,i)}
{(N1512, F1, i) + (N1559, F1, i)(N2201,0,i)}
{(N1512, F1, i) + (N162->N470, F0, i)}
{(N1512, F1, i) + (N470, F1, i)}
{(N1512, F1, i) + (N820->N2201, F0, i)}
{(N1512, F1, i) + (N2201, F1, i)}
{(N1982->N3231, F0, i) + (N561, F1, i)(N2512,1,i)}
{(N1982->N3231, F0, i) + (N1559, F1, i)(N2201,0,i)}
{(N1982->N3231, F0, i) + (N162->N470, F0, i)}
{(N1982->N3231, F0, i) + (N470, F1, i)}
{(N1982->N3231, F0, i) + (N820->N2201, F0, i)}
{(N1982->N3231, F0, i) + (N2201, F1, i)}
{(N3231, F1, i) + (N561, F1, i)(N2512,1,i)}
{(N3231, F1, i) + (N1559, F1, i)(N2201,0,i)}
{(N3231, F1, i) + (N162->N470, F0, i)}
{(N3231, F1, i) + (N470, F1, i)}
{(N3231, F1, i) + (N820->N2201, F0, i)}
{(N3231, F1, i) + (N2201, F1, i)}
{(N3498, F1, i)(N2225,1,i) + (N561, F1, i)(N2512,1,i)}
{(N3498, F1, i)(N2225,1,i) + (N1559, F1, i)(N2201,0,i)}
{(N3498, F1, i)(N2225,1,i) + (N162->N470, F0, i)}
{(N3498, F1, i)(N2225,1,i) + (N470, F1, i)}
{(N3498, F1, i)(N2225,1,i) + (N820->N2201, F0, i)}
{(N3498, F1, i)(N2225,1,i) + (N2201, F1, i)}
{(N196->N2692, F0, i) + (N561, F1, i)(N2512,1,i)}
{(N196->N2692, F0, i) + (N1559, F1, i)(N2201,0,i)}
{(N196->N2692, F0, i) + (N162->N470, F0, i)}
{(N196->N2692, F0, i) + (N470, F1, i)}
{(N196->N2692, F0, i) + (N820->N2201, F0, i)}
{(N196->N2692, F0, i) + (N2201, F1, i)}
{(N2692, F1, i) + (N561, F1, i)(N2512,1,i)}
{(N2692, F1, i) + (N1559, F1, i)(N2201,0,i)}
{(N2692, F1, i) + (N162->N470, F0, i)}
{(N2692, F1, i) + (N470, F1, i)}
{(N2692, F1, i) + (N820->N2201, F0, i)}
{(N2692, F1, i) + (N2201, F1, i)}
