{(N1319, F1, i)(N2304,0,i) + (N3257, F1, i)(N392,1,i)}
{(N1319, F1, i)(N2304,0,i) + (N440, F1, i)(N3600,0,i)}
{(N1319, F1, i)(N2304,0,i) + (N2381->N465, F0, i)}
{(N1319, F1, i)(N2304,0,i) + (N465, F1, i)}
{(N1319, F1, i)(N2304,0,i) + (N392->N3600, F0, i)}
{(N1319, F1, i)(N2304,0,i) + (N3600, F1, i)}
{(N1319, F1, i)(N2304,0,i) + (N1280, F1, i)(N3599,0,i)}
{(N1319, F1, i)(N2304,0,i) + (N174->N3599, F0, i)}
{(N1319, F1, i)(N2304,0,i) + (N3599, F1, i)}
{(N124->N2304, F0, i) + (N3257, F1, i)(N392,1,i)}
{(N124->N2304, F0, i) + (N440, F1, i)(N3600,0,i)}
{(N124->N2304, F0, i) + (N2381->N465, F0, i)}
{(N124->N2304, F0, i) + (N465, F1, i)}
{(N124->N2304, F0, i) + (N392->N3600, F0, i)}
{(N124->N2304, F0, i) + (N3600, F1, i)}
{(N124->N2304, F0, i) + (N1280, F1, i)(N3599,0,i)}
{(N124->N2304, F0, i) + (N174->N3599, F0, i)}
{(N124->N2304, F0, i) + (N3599, F1, i)}
{(N2304, F1, i) + (N3257, F1, i)(N392,1,i)}
{(N2304, F1, i) + (N440, F1, i)(N3600,0,i)}
{(N2304, F1, i) + (N2381->N465, F0, i)}
{(N2304, F1, i) + (N465, F1, i)}
{(N2304, F1, i) + (N392->N3600, F0, i)}
{(N2304, F1, i) + (N3600, F1, i)}
{(N2304, F1, i) + (N1280, F1, i)(N3599,0,i)}
{(N2304, F1, i) + (N174->N3599, F0, i)}
{(N2304, F1, i) + (N3599, F1, i)}
