{(N1612, F1, i)(N1248,1,i) + (N1264, F1, i)(N1230,0,i)}
{(N1612, F1, i)(N1248,1,i) + (N469, F1, i)(N3093,1,i)}
{(N1612, F1, i)(N1248,1,i) + (N3093->N1230, F0, i)}
{(N1612, F1, i)(N1248,1,i) + (N1230, F1, i)}
{(N1612, F1, i)(N1248,1,i) + (N1168->N2668, F0, i)}
{(N1612, F1, i)(N1248,1,i) + (N2668, F1, i)}
{(N1612, F1, i)(N1248,1,i) + (N2549, F1, i)(N1605,0,i)}
{(N1612, F1, i)(N1248,1,i) + (N49->N1605, F0, i)}
{(N1612, F1, i)(N1248,1,i) + (N1605, F1, i)}
{(N1225, F1, i)(N1204,0,i) + (N1264, F1, i)(N1230,0,i)}
{(N1225, F1, i)(N1204,0,i) + (N469, F1, i)(N3093,1,i)}
{(N1225, F1, i)(N1204,0,i) + (N3093->N1230, F0, i)}
{(N1225, F1, i)(N1204,0,i) + (N1230, F1, i)}
{(N1225, F1, i)(N1204,0,i) + (N1168->N2668, F0, i)}
{(N1225, F1, i)(N1204,0,i) + (N2668, F1, i)}
{(N1225, F1, i)(N1204,0,i) + (N2549, F1, i)(N1605,0,i)}
{(N1225, F1, i)(N1204,0,i) + (N49->N1605, F0, i)}
{(N1225, F1, i)(N1204,0,i) + (N1605, F1, i)}
{(N206->N755, F0, i) + (N1264, F1, i)(N1230,0,i)}
{(N206->N755, F0, i) + (N469, F1, i)(N3093,1,i)}
{(N206->N755, F0, i) + (N3093->N1230, F0, i)}
{(N206->N755, F0, i) + (N1230, F1, i)}
{(N206->N755, F0, i) + (N1168->N2668, F0, i)}
{(N206->N755, F0, i) + (N2668, F1, i)}
{(N206->N755, F0, i) + (N2549, F1, i)(N1605,0,i)}
{(N206->N755, F0, i) + (N49->N1605, F0, i)}
{(N206->N755, F0, i) + (N1605, F1, i)}
{(N755, F1, i) + (N1264, F1, i)(N1230,0,i)}
{(N755, F1, i) + (N469, F1, i)(N3093,1,i)}
{(N755, F1, i) + (N3093->N1230, F0, i)}
{(N755, F1, i) + (N1230, F1, i)}
{(N755, F1, i) + (N1168->N2668, F0, i)}
{(N755, F1, i) + (N2668, F1, i)}
{(N755, F1, i) + (N2549, F1, i)(N1605,0,i)}
{(N755, F1, i) + (N49->N1605, F0, i)}
{(N755, F1, i) + (N1605, F1, i)}
{(N1602->N1204, F0, i) + (N1264, F1, i)(N1230,0,i)}
{(N1602->N1204, F0, i) + (N469, F1, i)(N3093,1,i)}
{(N1602->N1204, F0, i) + (N3093->N1230, F0, i)}
{(N1602->N1204, F0, i) + (N1230, F1, i)}
{(N1602->N1204, F0, i) + (N1168->N2668, F0, i)}
{(N1602->N1204, F0, i) + (N2668, F1, i)}
{(N1602->N1204, F0, i) + (N2549, F1, i)(N1605,0,i)}
{(N1602->N1204, F0, i) + (N49->N1605, F0, i)}
{(N1602->N1204, F0, i) + (N1605, F1, i)}
{(N1204, F1, i) + (N1264, F1, i)(N1230,0,i)}
{(N1204, F1, i) + (N469, F1, i)(N3093,1,i)}
{(N1204, F1, i) + (N3093->N1230, F0, i)}
{(N1204, F1, i) + (N1230, F1, i)}
{(N1204, F1, i) + (N1168->N2668, F0, i)}
{(N1204, F1, i) + (N2668, F1, i)}
{(N1204, F1, i) + (N2549, F1, i)(N1605,0,i)}
{(N1204, F1, i) + (N49->N1605, F0, i)}
{(N1204, F1, i) + (N1605, F1, i)}
