{(N2575, F1, i)(N1384,0,i) + (N2148, F1, i)(N1378,0,i)}
{(N2575, F1, i)(N1384,0,i) + (N1378, F1, i)}
{(N2575, F1, i)(N1384,0,i) + (N1709, F0, i)}
{(N2575, F1, i)(N1384,0,i) + (N3488->N2164, F0, i)}
{(N2575, F1, i)(N1384,0,i) + (N2164, F0, i)}
{(N2575, F1, i)(N1384,0,i) + (N2784->N411, F1, i)}
{(N2575, F1, i)(N1384,0,i) + (N411, F0, i)}
{(N2575, F1, i)(N1384,0,i) + (N217->N1270, F1, i)}
{(N2575, F1, i)(N1384,0,i) + (N1270, F1, i)(N125,1,i)}
{(N2939->N1384, F0, i) + (N2148, F1, i)(N1378,0,i)}
{(N2939->N1384, F0, i) + (N1378, F1, i)}
{(N2939->N1384, F0, i) + (N1709, F0, i)}
{(N2939->N1384, F0, i) + (N3488->N2164, F0, i)}
{(N2939->N1384, F0, i) + (N2164, F0, i)}
{(N2939->N1384, F0, i) + (N2784->N411, F1, i)}
{(N2939->N1384, F0, i) + (N411, F0, i)}
{(N2939->N1384, F0, i) + (N217->N1270, F1, i)}
{(N2939->N1384, F0, i) + (N1270, F1, i)(N125,1,i)}
{(N1384, F1, i) + (N2148, F1, i)(N1378,0,i)}
{(N1384, F1, i) + (N1378, F1, i)}
{(N1384, F1, i) + (N1709, F0, i)}
{(N1384, F1, i) + (N3488->N2164, F0, i)}
{(N1384, F1, i) + (N2164, F0, i)}
{(N1384, F1, i) + (N2784->N411, F1, i)}
{(N1384, F1, i) + (N411, F0, i)}
{(N1384, F1, i) + (N217->N1270, F1, i)}
{(N1384, F1, i) + (N1270, F1, i)(N125,1,i)}
