{(N1209, F1, i)(N1403,0,i) + (N3167, F1, i)(N548,1,i)}
{(N1209, F1, i)(N1403,0,i) + (N2117, F1, i)}
{(N1209, F1, i)(N1403,0,i) + (N3332, F0, i)}
{(N1209, F1, i)(N1403,0,i) + (N544, F0, i)}
{(N1209, F1, i)(N1403,0,i) + (N2032->N964, F1, i)}
{(N1209, F1, i)(N1403,0,i) + (N964, F0, i)}
{(N1209, F1, i)(N1403,0,i) + (N1327->N2958, F1, i)}
{(N1209, F1, i)(N1403,0,i) + (N2958, F0, i)}
{(N761, F1, i)(N2510,1,i) + (N3167, F1, i)(N548,1,i)}
{(N761, F1, i)(N2510,1,i) + (N2117, F1, i)}
{(N761, F1, i)(N2510,1,i) + (N3332, F0, i)}
{(N761, F1, i)(N2510,1,i) + (N544, F0, i)}
{(N761, F1, i)(N2510,1,i) + (N2032->N964, F1, i)}
{(N761, F1, i)(N2510,1,i) + (N964, F0, i)}
{(N761, F1, i)(N2510,1,i) + (N1327->N2958, F1, i)}
{(N761, F1, i)(N2510,1,i) + (N2958, F0, i)}
{(N2510->N1403, F0, i) + (N3167, F1, i)(N548,1,i)}
{(N2510->N1403, F0, i) + (N2117, F1, i)}
{(N2510->N1403, F0, i) + (N3332, F0, i)}
{(N2510->N1403, F0, i) + (N544, F0, i)}
{(N2510->N1403, F0, i) + (N2032->N964, F1, i)}
{(N2510->N1403, F0, i) + (N964, F0, i)}
{(N2510->N1403, F0, i) + (N1327->N2958, F1, i)}
{(N2510->N1403, F0, i) + (N2958, F0, i)}
{(N1403, F1, i) + (N3167, F1, i)(N548,1,i)}
{(N1403, F1, i) + (N2117, F1, i)}
{(N1403, F1, i) + (N3332, F0, i)}
{(N1403, F1, i) + (N544, F0, i)}
{(N1403, F1, i) + (N2032->N964, F1, i)}
{(N1403, F1, i) + (N964, F0, i)}
{(N1403, F1, i) + (N1327->N2958, F1, i)}
{(N1403, F1, i) + (N2958, F0, i)}
{(N835->N1756, F0, i) + (N3167, F1, i)(N548,1,i)}
{(N835->N1756, F0, i) + (N2117, F1, i)}
{(N835->N1756, F0, i) + (N3332, F0, i)}
{(N835->N1756, F0, i) + (N544, F0, i)}
{(N835->N1756, F0, i) + (N2032->N964, F1, i)}
{(N835->N1756, F0, i) + (N964, F0, i)}
{(N835->N1756, F0, i) + (N1327->N2958, F1, i)}
{(N835->N1756, F0, i) + (N2958, F0, i)}
{(N1756, F1, i) + (N3167, F1, i)(N548,1,i)}
{(N1756, F1, i) + (N2117, F1, i)}
{(N1756, F1, i) + (N3332, F0, i)}
{(N1756, F1, i) + (N544, F0, i)}
{(N1756, F1, i) + (N2032->N964, F1, i)}
{(N1756, F1, i) + (N964, F0, i)}
{(N1756, F1, i) + (N1327->N2958, F1, i)}
{(N1756, F1, i) + (N2958, F0, i)}
{(N1839, F1, i)(N2634,0,i) + (N3167, F1, i)(N548,1,i)}
{(N1839, F1, i)(N2634,0,i) + (N2117, F1, i)}
{(N1839, F1, i)(N2634,0,i) + (N3332, F0, i)}
{(N1839, F1, i)(N2634,0,i) + (N544, F0, i)}
{(N1839, F1, i)(N2634,0,i) + (N2032->N964, F1, i)}
{(N1839, F1, i)(N2634,0,i) + (N964, F0, i)}
{(N1839, F1, i)(N2634,0,i) + (N1327->N2958, F1, i)}
{(N1839, F1, i)(N2634,0,i) + (N2958, F0, i)}
{(N36->N2634, F0, i) + (N3167, F1, i)(N548,1,i)}
{(N36->N2634, F0, i) + (N2117, F1, i)}
{(N36->N2634, F0, i) + (N3332, F0, i)}
{(N36->N2634, F0, i) + (N544, F0, i)}
{(N36->N2634, F0, i) + (N2032->N964, F1, i)}
{(N36->N2634, F0, i) + (N964, F0, i)}
{(N36->N2634, F0, i) + (N1327->N2958, F1, i)}
{(N36->N2634, F0, i) + (N2958, F0, i)}
{(N2634, F1, i) + (N3167, F1, i)(N548,1,i)}
{(N2634, F1, i) + (N2117, F1, i)}
{(N2634, F1, i) + (N3332, F0, i)}
{(N2634, F1, i) + (N544, F0, i)}
{(N2634, F1, i) + (N2032->N964, F1, i)}
{(N2634, F1, i) + (N964, F0, i)}
{(N2634, F1, i) + (N1327->N2958, F1, i)}
{(N2634, F1, i) + (N2958, F0, i)}
