{(N1678, F1, i)(N2005,0,i) + (N1746->N1644, F1, i)}
{(N1678, F1, i)(N2005,0,i) + (N1644, F1, i)(N3483,1,i)}
{(N1678, F1, i)(N2005,0,i) + (N2165->N2680, F1, i)}
{(N1678, F1, i)(N2005,0,i) + (N2680, F1, i)(N2891,1,i)}
{(N1678, F1, i)(N2005,0,i) + (N1675, F1, i)(N1562,1,i)}
{(N1678, F1, i)(N2005,0,i) + (N2638, F1, i)}
{(N1678, F1, i)(N2005,0,i) + (N3215, F0, i)}
{(N1678, F1, i)(N2005,0,i) + (N3324, F0, i)}
{(N1678, F1, i)(N2005,0,i) + (N3613->N1773, F1, i)}
{(N1678, F1, i)(N2005,0,i) + (N1773, F0, i)}
{(N1678, F1, i)(N2005,0,i) + (N2152->N2835, F1, i)}
{(N1678, F1, i)(N2005,0,i) + (N2835, F0, i)}
{(N2005, F1, i) + (N1746->N1644, F1, i)}
{(N2005, F1, i) + (N1644, F1, i)(N3483,1,i)}
{(N2005, F1, i) + (N2165->N2680, F1, i)}
{(N2005, F1, i) + (N2680, F1, i)(N2891,1,i)}
{(N2005, F1, i) + (N1675, F1, i)(N1562,1,i)}
{(N2005, F1, i) + (N2638, F1, i)}
{(N2005, F1, i) + (N3215, F0, i)}
{(N2005, F1, i) + (N3324, F0, i)}
{(N2005, F1, i) + (N3613->N1773, F1, i)}
{(N2005, F1, i) + (N1773, F0, i)}
{(N2005, F1, i) + (N2152->N2835, F1, i)}
{(N2005, F1, i) + (N2835, F0, i)}
{(N1965, F0, i) + (N1746->N1644, F1, i)}
{(N1965, F0, i) + (N1644, F1, i)(N3483,1,i)}
{(N1965, F0, i) + (N2165->N2680, F1, i)}
{(N1965, F0, i) + (N2680, F1, i)(N2891,1,i)}
{(N1965, F0, i) + (N1675, F1, i)(N1562,1,i)}
{(N1965, F0, i) + (N2638, F1, i)}
{(N1965, F0, i) + (N3215, F0, i)}
{(N1965, F0, i) + (N3324, F0, i)}
{(N1965, F0, i) + (N3613->N1773, F1, i)}
{(N1965, F0, i) + (N1773, F0, i)}
{(N1965, F0, i) + (N2152->N2835, F1, i)}
{(N1965, F0, i) + (N2835, F0, i)}
{(N1595, F0, i) + (N1746->N1644, F1, i)}
{(N1595, F0, i) + (N1644, F1, i)(N3483,1,i)}
{(N1595, F0, i) + (N2165->N2680, F1, i)}
{(N1595, F0, i) + (N2680, F1, i)(N2891,1,i)}
{(N1595, F0, i) + (N1675, F1, i)(N1562,1,i)}
{(N1595, F0, i) + (N2638, F1, i)}
{(N1595, F0, i) + (N3215, F0, i)}
{(N1595, F0, i) + (N3324, F0, i)}
{(N1595, F0, i) + (N3613->N1773, F1, i)}
{(N1595, F0, i) + (N1773, F0, i)}
{(N1595, F0, i) + (N2152->N2835, F1, i)}
{(N1595, F0, i) + (N2835, F0, i)}
{(N3420->N3251, F1, i) + (N1746->N1644, F1, i)}
{(N3420->N3251, F1, i) + (N1644, F1, i)(N3483,1,i)}
{(N3420->N3251, F1, i) + (N2165->N2680, F1, i)}
{(N3420->N3251, F1, i) + (N2680, F1, i)(N2891,1,i)}
{(N3420->N3251, F1, i) + (N1675, F1, i)(N1562,1,i)}
{(N3420->N3251, F1, i) + (N2638, F1, i)}
{(N3420->N3251, F1, i) + (N3215, F0, i)}
{(N3420->N3251, F1, i) + (N3324, F0, i)}
{(N3420->N3251, F1, i) + (N3613->N1773, F1, i)}
{(N3420->N3251, F1, i) + (N1773, F0, i)}
{(N3420->N3251, F1, i) + (N2152->N2835, F1, i)}
{(N3420->N3251, F1, i) + (N2835, F0, i)}
{(N3251, F0, i) + (N1746->N1644, F1, i)}
{(N3251, F0, i) + (N1644, F1, i)(N3483,1,i)}
{(N3251, F0, i) + (N2165->N2680, F1, i)}
{(N3251, F0, i) + (N2680, F1, i)(N2891,1,i)}
{(N3251, F0, i) + (N1675, F1, i)(N1562,1,i)}
{(N3251, F0, i) + (N2638, F1, i)}
{(N3251, F0, i) + (N3215, F0, i)}
{(N3251, F0, i) + (N3324, F0, i)}
{(N3251, F0, i) + (N3613->N1773, F1, i)}
{(N3251, F0, i) + (N1773, F0, i)}
{(N3251, F0, i) + (N2152->N2835, F1, i)}
{(N3251, F0, i) + (N2835, F0, i)}
{(N1413->N1130, F1, i) + (N1746->N1644, F1, i)}
{(N1413->N1130, F1, i) + (N1644, F1, i)(N3483,1,i)}
{(N1413->N1130, F1, i) + (N2165->N2680, F1, i)}
{(N1413->N1130, F1, i) + (N2680, F1, i)(N2891,1,i)}
{(N1413->N1130, F1, i) + (N1675, F1, i)(N1562,1,i)}
{(N1413->N1130, F1, i) + (N2638, F1, i)}
{(N1413->N1130, F1, i) + (N3215, F0, i)}
{(N1413->N1130, F1, i) + (N3324, F0, i)}
{(N1413->N1130, F1, i) + (N3613->N1773, F1, i)}
{(N1413->N1130, F1, i) + (N1773, F0, i)}
{(N1413->N1130, F1, i) + (N2152->N2835, F1, i)}
{(N1413->N1130, F1, i) + (N2835, F0, i)}
{(N1130, F0, i) + (N1746->N1644, F1, i)}
{(N1130, F0, i) + (N1644, F1, i)(N3483,1,i)}
{(N1130, F0, i) + (N2165->N2680, F1, i)}
{(N1130, F0, i) + (N2680, F1, i)(N2891,1,i)}
{(N1130, F0, i) + (N1675, F1, i)(N1562,1,i)}
{(N1130, F0, i) + (N2638, F1, i)}
{(N1130, F0, i) + (N3215, F0, i)}
{(N1130, F0, i) + (N3324, F0, i)}
{(N1130, F0, i) + (N3613->N1773, F1, i)}
{(N1130, F0, i) + (N1773, F0, i)}
{(N1130, F0, i) + (N2152->N2835, F1, i)}
{(N1130, F0, i) + (N2835, F0, i)}
