{(N3043, F1, i)(N2328,0,i) + (N1118, F1, i)(N3628,1,i)}
{(N3043, F1, i)(N2328,0,i) + (N3230, F1, i)(N611,0,i)}
{(N3043, F1, i)(N2328,0,i) + (N3080->N2189, F0, i)}
{(N3043, F1, i)(N2328,0,i) + (N2189, F1, i)}
{(N3043, F1, i)(N2328,0,i) + (N3628->N611, F0, i)}
{(N3043, F1, i)(N2328,0,i) + (N611, F1, i)}
{(N3043, F1, i)(N2328,0,i) + (N3263, F1, i)(N3185,1,i)}
{(N3043, F1, i)(N2328,0,i) + (N211->N2266, F0, i)}
{(N3043, F1, i)(N2328,0,i) + (N2266, F1, i)}
{(N2328, F1, i) + (N1118, F1, i)(N3628,1,i)}
{(N2328, F1, i) + (N3230, F1, i)(N611,0,i)}
{(N2328, F1, i) + (N3080->N2189, F0, i)}
{(N2328, F1, i) + (N2189, F1, i)}
{(N2328, F1, i) + (N3628->N611, F0, i)}
{(N2328, F1, i) + (N611, F1, i)}
{(N2328, F1, i) + (N3263, F1, i)(N3185,1,i)}
{(N2328, F1, i) + (N211->N2266, F0, i)}
{(N2328, F1, i) + (N2266, F1, i)}
{(N646, F0, i) + (N1118, F1, i)(N3628,1,i)}
{(N646, F0, i) + (N3230, F1, i)(N611,0,i)}
{(N646, F0, i) + (N3080->N2189, F0, i)}
{(N646, F0, i) + (N2189, F1, i)}
{(N646, F0, i) + (N3628->N611, F0, i)}
{(N646, F0, i) + (N611, F1, i)}
{(N646, F0, i) + (N3263, F1, i)(N3185,1,i)}
{(N646, F0, i) + (N211->N2266, F0, i)}
{(N646, F0, i) + (N2266, F1, i)}
{(N3504->N3852, F0, i) + (N1118, F1, i)(N3628,1,i)}
{(N3504->N3852, F0, i) + (N3230, F1, i)(N611,0,i)}
{(N3504->N3852, F0, i) + (N3080->N2189, F0, i)}
{(N3504->N3852, F0, i) + (N2189, F1, i)}
{(N3504->N3852, F0, i) + (N3628->N611, F0, i)}
{(N3504->N3852, F0, i) + (N611, F1, i)}
{(N3504->N3852, F0, i) + (N3263, F1, i)(N3185,1,i)}
{(N3504->N3852, F0, i) + (N211->N2266, F0, i)}
{(N3504->N3852, F0, i) + (N2266, F1, i)}
{(N3852, F0, i) + (N1118, F1, i)(N3628,1,i)}
{(N3852, F0, i) + (N3230, F1, i)(N611,0,i)}
{(N3852, F0, i) + (N3080->N2189, F0, i)}
{(N3852, F0, i) + (N2189, F1, i)}
{(N3852, F0, i) + (N3628->N611, F0, i)}
{(N3852, F0, i) + (N611, F1, i)}
{(N3852, F0, i) + (N3263, F1, i)(N3185,1,i)}
{(N3852, F0, i) + (N211->N2266, F0, i)}
{(N3852, F0, i) + (N2266, F1, i)}
{(N1074->N1890, F1, i) + (N1118, F1, i)(N3628,1,i)}
{(N1074->N1890, F1, i) + (N3230, F1, i)(N611,0,i)}
{(N1074->N1890, F1, i) + (N3080->N2189, F0, i)}
{(N1074->N1890, F1, i) + (N2189, F1, i)}
{(N1074->N1890, F1, i) + (N3628->N611, F0, i)}
{(N1074->N1890, F1, i) + (N611, F1, i)}
{(N1074->N1890, F1, i) + (N3263, F1, i)(N3185,1,i)}
{(N1074->N1890, F1, i) + (N211->N2266, F0, i)}
{(N1074->N1890, F1, i) + (N2266, F1, i)}
{(N1890, F0, i) + (N1118, F1, i)(N3628,1,i)}
{(N1890, F0, i) + (N3230, F1, i)(N611,0,i)}
{(N1890, F0, i) + (N3080->N2189, F0, i)}
{(N1890, F0, i) + (N2189, F1, i)}
{(N1890, F0, i) + (N3628->N611, F0, i)}
{(N1890, F0, i) + (N611, F1, i)}
{(N1890, F0, i) + (N3263, F1, i)(N3185,1,i)}
{(N1890, F0, i) + (N211->N2266, F0, i)}
{(N1890, F0, i) + (N2266, F1, i)}
