{(N986, F1, i)(N1301,1,i) + (N3706, F1, i)(N1336,1,i)}
{(N986, F1, i)(N1301,1,i) + (N2334, F1, i)}
{(N986, F1, i)(N1301,1,i) + (N2932, F0, i)}
{(N986, F1, i)(N1301,1,i) + (N1292, F0, i)}
{(N986, F1, i)(N1301,1,i) + (N2700->N1521, F1, i)}
{(N986, F1, i)(N1301,1,i) + (N1521, F0, i)}
{(N986, F1, i)(N1301,1,i) + (N3302->N2664, F1, i)}
{(N986, F1, i)(N1301,1,i) + (N2664, F0, i)}
{(N3545->N3630, F0, i) + (N3706, F1, i)(N1336,1,i)}
{(N3545->N3630, F0, i) + (N2334, F1, i)}
{(N3545->N3630, F0, i) + (N2932, F0, i)}
{(N3545->N3630, F0, i) + (N1292, F0, i)}
{(N3545->N3630, F0, i) + (N2700->N1521, F1, i)}
{(N3545->N3630, F0, i) + (N1521, F0, i)}
{(N3545->N3630, F0, i) + (N3302->N2664, F1, i)}
{(N3545->N3630, F0, i) + (N2664, F0, i)}
{(N3630, F1, i) + (N3706, F1, i)(N1336,1,i)}
{(N3630, F1, i) + (N2334, F1, i)}
{(N3630, F1, i) + (N2932, F0, i)}
{(N3630, F1, i) + (N1292, F0, i)}
{(N3630, F1, i) + (N2700->N1521, F1, i)}
{(N3630, F1, i) + (N1521, F0, i)}
{(N3630, F1, i) + (N3302->N2664, F1, i)}
{(N3630, F1, i) + (N2664, F0, i)}
{(N3539, F1, i)(N2794,0,i) + (N3706, F1, i)(N1336,1,i)}
{(N3539, F1, i)(N2794,0,i) + (N2334, F1, i)}
{(N3539, F1, i)(N2794,0,i) + (N2932, F0, i)}
{(N3539, F1, i)(N2794,0,i) + (N1292, F0, i)}
{(N3539, F1, i)(N2794,0,i) + (N2700->N1521, F1, i)}
{(N3539, F1, i)(N2794,0,i) + (N1521, F0, i)}
{(N3539, F1, i)(N2794,0,i) + (N3302->N2664, F1, i)}
{(N3539, F1, i)(N2794,0,i) + (N2664, F0, i)}
{(N48->N2794, F0, i) + (N3706, F1, i)(N1336,1,i)}
{(N48->N2794, F0, i) + (N2334, F1, i)}
{(N48->N2794, F0, i) + (N2932, F0, i)}
{(N48->N2794, F0, i) + (N1292, F0, i)}
{(N48->N2794, F0, i) + (N2700->N1521, F1, i)}
{(N48->N2794, F0, i) + (N1521, F0, i)}
{(N48->N2794, F0, i) + (N3302->N2664, F1, i)}
{(N48->N2794, F0, i) + (N2664, F0, i)}
{(N2794, F1, i) + (N3706, F1, i)(N1336,1,i)}
{(N2794, F1, i) + (N2334, F1, i)}
{(N2794, F1, i) + (N2932, F0, i)}
{(N2794, F1, i) + (N1292, F0, i)}
{(N2794, F1, i) + (N2700->N1521, F1, i)}
{(N2794, F1, i) + (N1521, F0, i)}
{(N2794, F1, i) + (N3302->N2664, F1, i)}
{(N2794, F1, i) + (N2664, F0, i)}
