{(N1125, F1, i)(N1827,1,i) + (N1447, F1, i)(N1623,0,i)}
{(N1125, F1, i)(N1827,1,i) + (N1623, F1, i)}
{(N1125, F1, i)(N1827,1,i) + (N2810, F0, i)}
{(N1125, F1, i)(N1827,1,i) + (N1748->N1110, F0, i)}
{(N1125, F1, i)(N1827,1,i) + (N1110, F0, i)}
{(N1125, F1, i)(N1827,1,i) + (N1611->N1101, F1, i)}
{(N1125, F1, i)(N1827,1,i) + (N1101, F0, i)}
{(N1125, F1, i)(N1827,1,i) + (N255->N3796, F1, i)}
{(N1125, F1, i)(N1827,1,i) + (N3796, F1, i)(N72,1,i)}
{(N582->N2428, F0, i) + (N1447, F1, i)(N1623,0,i)}
{(N582->N2428, F0, i) + (N1623, F1, i)}
{(N582->N2428, F0, i) + (N2810, F0, i)}
{(N582->N2428, F0, i) + (N1748->N1110, F0, i)}
{(N582->N2428, F0, i) + (N1110, F0, i)}
{(N582->N2428, F0, i) + (N1611->N1101, F1, i)}
{(N582->N2428, F0, i) + (N1101, F0, i)}
{(N582->N2428, F0, i) + (N255->N3796, F1, i)}
{(N582->N2428, F0, i) + (N3796, F1, i)(N72,1,i)}
{(N2428, F1, i) + (N1447, F1, i)(N1623,0,i)}
{(N2428, F1, i) + (N1623, F1, i)}
{(N2428, F1, i) + (N2810, F0, i)}
{(N2428, F1, i) + (N1748->N1110, F0, i)}
{(N2428, F1, i) + (N1110, F0, i)}
{(N2428, F1, i) + (N1611->N1101, F1, i)}
{(N2428, F1, i) + (N1101, F0, i)}
{(N2428, F1, i) + (N255->N3796, F1, i)}
{(N2428, F1, i) + (N3796, F1, i)(N72,1,i)}
{(N3087, F1, i)(N555,1,i) + (N1447, F1, i)(N1623,0,i)}
{(N3087, F1, i)(N555,1,i) + (N1623, F1, i)}
{(N3087, F1, i)(N555,1,i) + (N2810, F0, i)}
{(N3087, F1, i)(N555,1,i) + (N1748->N1110, F0, i)}
{(N3087, F1, i)(N555,1,i) + (N1110, F0, i)}
{(N3087, F1, i)(N555,1,i) + (N1611->N1101, F1, i)}
{(N3087, F1, i)(N555,1,i) + (N1101, F0, i)}
{(N3087, F1, i)(N555,1,i) + (N255->N3796, F1, i)}
{(N3087, F1, i)(N555,1,i) + (N3796, F1, i)(N72,1,i)}
{(N214->N3169, F0, i) + (N1447, F1, i)(N1623,0,i)}
{(N214->N3169, F0, i) + (N1623, F1, i)}
{(N214->N3169, F0, i) + (N2810, F0, i)}
{(N214->N3169, F0, i) + (N1748->N1110, F0, i)}
{(N214->N3169, F0, i) + (N1110, F0, i)}
{(N214->N3169, F0, i) + (N1611->N1101, F1, i)}
{(N214->N3169, F0, i) + (N1101, F0, i)}
{(N214->N3169, F0, i) + (N255->N3796, F1, i)}
{(N214->N3169, F0, i) + (N3796, F1, i)(N72,1,i)}
{(N3169, F1, i) + (N1447, F1, i)(N1623,0,i)}
{(N3169, F1, i) + (N1623, F1, i)}
{(N3169, F1, i) + (N2810, F0, i)}
{(N3169, F1, i) + (N1748->N1110, F0, i)}
{(N3169, F1, i) + (N1110, F0, i)}
{(N3169, F1, i) + (N1611->N1101, F1, i)}
{(N3169, F1, i) + (N1101, F0, i)}
{(N3169, F1, i) + (N255->N3796, F1, i)}
{(N3169, F1, i) + (N3796, F1, i)(N72,1,i)}
