{(N1906->N2125, F1, i) + (N1151, F1, i)(N1882,0,i)}
{(N1906->N2125, F1, i) + (N1452->N1882, F0, i)}
{(N1906->N2125, F1, i) + (N1882, F1, i)}
{(N1906->N2125, F1, i) + (N3127, F1, i)(N1120,1,i)}
{(N1906->N2125, F1, i) + (N176->N1864, F0, i)}
{(N1906->N2125, F1, i) + (N1864, F1, i)}
{(N2125, F1, i)(N1250,1,i) + (N1151, F1, i)(N1882,0,i)}
{(N2125, F1, i)(N1250,1,i) + (N1452->N1882, F0, i)}
{(N2125, F1, i)(N1250,1,i) + (N1882, F1, i)}
{(N2125, F1, i)(N1250,1,i) + (N3127, F1, i)(N1120,1,i)}
{(N2125, F1, i)(N1250,1,i) + (N176->N1864, F0, i)}
{(N2125, F1, i)(N1250,1,i) + (N1864, F1, i)}
{(N1806->N3835, F1, i) + (N1151, F1, i)(N1882,0,i)}
{(N1806->N3835, F1, i) + (N1452->N1882, F0, i)}
{(N1806->N3835, F1, i) + (N1882, F1, i)}
{(N1806->N3835, F1, i) + (N3127, F1, i)(N1120,1,i)}
{(N1806->N3835, F1, i) + (N176->N1864, F0, i)}
{(N1806->N3835, F1, i) + (N1864, F1, i)}
{(N3835, F1, i)(N1806,0,i) + (N1151, F1, i)(N1882,0,i)}
{(N3835, F1, i)(N1806,0,i) + (N1452->N1882, F0, i)}
{(N3835, F1, i)(N1806,0,i) + (N1882, F1, i)}
{(N3835, F1, i)(N1806,0,i) + (N3127, F1, i)(N1120,1,i)}
{(N3835, F1, i)(N1806,0,i) + (N176->N1864, F0, i)}
{(N3835, F1, i)(N1806,0,i) + (N1864, F1, i)}
{(N986, F1, i)(N1301,0,i) + (N1151, F1, i)(N1882,0,i)}
{(N986, F1, i)(N1301,0,i) + (N1452->N1882, F0, i)}
{(N986, F1, i)(N1301,0,i) + (N1882, F1, i)}
{(N986, F1, i)(N1301,0,i) + (N3127, F1, i)(N1120,1,i)}
{(N986, F1, i)(N1301,0,i) + (N176->N1864, F0, i)}
{(N986, F1, i)(N1301,0,i) + (N1864, F1, i)}
{(N1301, F1, i) + (N1151, F1, i)(N1882,0,i)}
{(N1301, F1, i) + (N1452->N1882, F0, i)}
{(N1301, F1, i) + (N1882, F1, i)}
{(N1301, F1, i) + (N3127, F1, i)(N1120,1,i)}
{(N1301, F1, i) + (N176->N1864, F0, i)}
{(N1301, F1, i) + (N1864, F1, i)}
{(N1127, F0, i) + (N1151, F1, i)(N1882,0,i)}
{(N1127, F0, i) + (N1452->N1882, F0, i)}
{(N1127, F0, i) + (N1882, F1, i)}
{(N1127, F0, i) + (N3127, F1, i)(N1120,1,i)}
{(N1127, F0, i) + (N176->N1864, F0, i)}
{(N1127, F0, i) + (N1864, F1, i)}
{(N908, F0, i) + (N1151, F1, i)(N1882,0,i)}
{(N908, F0, i) + (N1452->N1882, F0, i)}
{(N908, F0, i) + (N1882, F1, i)}
{(N908, F0, i) + (N3127, F1, i)(N1120,1,i)}
{(N908, F0, i) + (N176->N1864, F0, i)}
{(N908, F0, i) + (N1864, F1, i)}
{(N1430->N3808, F1, i) + (N1151, F1, i)(N1882,0,i)}
{(N1430->N3808, F1, i) + (N1452->N1882, F0, i)}
{(N1430->N3808, F1, i) + (N1882, F1, i)}
{(N1430->N3808, F1, i) + (N3127, F1, i)(N1120,1,i)}
{(N1430->N3808, F1, i) + (N176->N1864, F0, i)}
{(N1430->N3808, F1, i) + (N1864, F1, i)}
{(N3808, F0, i) + (N1151, F1, i)(N1882,0,i)}
{(N3808, F0, i) + (N1452->N1882, F0, i)}
{(N3808, F0, i) + (N1882, F1, i)}
{(N3808, F0, i) + (N3127, F1, i)(N1120,1,i)}
{(N3808, F0, i) + (N176->N1864, F0, i)}
{(N3808, F0, i) + (N1864, F1, i)}
{(N3389->N1707, F1, i) + (N1151, F1, i)(N1882,0,i)}
{(N3389->N1707, F1, i) + (N1452->N1882, F0, i)}
{(N3389->N1707, F1, i) + (N1882, F1, i)}
{(N3389->N1707, F1, i) + (N3127, F1, i)(N1120,1,i)}
{(N3389->N1707, F1, i) + (N176->N1864, F0, i)}
{(N3389->N1707, F1, i) + (N1864, F1, i)}
{(N1707, F0, i) + (N1151, F1, i)(N1882,0,i)}
{(N1707, F0, i) + (N1452->N1882, F0, i)}
{(N1707, F0, i) + (N1882, F1, i)}
{(N1707, F0, i) + (N3127, F1, i)(N1120,1,i)}
{(N1707, F0, i) + (N176->N1864, F0, i)}
{(N1707, F0, i) + (N1864, F1, i)}
