{(N1280, F1, i)(N3599,1,i) + (N729, F1, i)(N428,1,i)}
{(N1280, F1, i)(N3599,1,i) + (N2763, F1, i)(N1473,1,i)}
{(N1280, F1, i)(N3599,1,i) + (N1957->N564, F0, i)}
{(N1280, F1, i)(N3599,1,i) + (N564, F1, i)}
{(N1280, F1, i)(N3599,1,i) + (N3->N1035, F0, i)}
{(N1280, F1, i)(N3599,1,i) + (N1035, F1, i)}
{(N2227, F1, i)(N998,0,i) + (N729, F1, i)(N428,1,i)}
{(N2227, F1, i)(N998,0,i) + (N2763, F1, i)(N1473,1,i)}
{(N2227, F1, i)(N998,0,i) + (N1957->N564, F0, i)}
{(N2227, F1, i)(N998,0,i) + (N564, F1, i)}
{(N2227, F1, i)(N998,0,i) + (N3->N1035, F0, i)}
{(N2227, F1, i)(N998,0,i) + (N1035, F1, i)}
{(N202->N3219, F0, i) + (N729, F1, i)(N428,1,i)}
{(N202->N3219, F0, i) + (N2763, F1, i)(N1473,1,i)}
{(N202->N3219, F0, i) + (N1957->N564, F0, i)}
{(N202->N3219, F0, i) + (N564, F1, i)}
{(N202->N3219, F0, i) + (N3->N1035, F0, i)}
{(N202->N3219, F0, i) + (N1035, F1, i)}
{(N3219, F1, i) + (N729, F1, i)(N428,1,i)}
{(N3219, F1, i) + (N2763, F1, i)(N1473,1,i)}
{(N3219, F1, i) + (N1957->N564, F0, i)}
{(N3219, F1, i) + (N564, F1, i)}
{(N3219, F1, i) + (N3->N1035, F0, i)}
{(N3219, F1, i) + (N1035, F1, i)}
{(N2939->N998, F0, i) + (N729, F1, i)(N428,1,i)}
{(N2939->N998, F0, i) + (N2763, F1, i)(N1473,1,i)}
{(N2939->N998, F0, i) + (N1957->N564, F0, i)}
{(N2939->N998, F0, i) + (N564, F1, i)}
{(N2939->N998, F0, i) + (N3->N1035, F0, i)}
{(N2939->N998, F0, i) + (N1035, F1, i)}
{(N998, F1, i) + (N729, F1, i)(N428,1,i)}
{(N998, F1, i) + (N2763, F1, i)(N1473,1,i)}
{(N998, F1, i) + (N1957->N564, F0, i)}
{(N998, F1, i) + (N564, F1, i)}
{(N998, F1, i) + (N3->N1035, F0, i)}
{(N998, F1, i) + (N1035, F1, i)}
