{(N1209, F1, i)(N1403,0,i) + (N459->N3809, F1, i)}
{(N1209, F1, i)(N1403,0,i) + (N3809, F1, i)(N1126,1,i)}
{(N1209, F1, i)(N1403,0,i) + (N1210->N694, F1, i)}
{(N1209, F1, i)(N1403,0,i) + (N694, F1, i)(N2332,1,i)}
{(N761, F1, i)(N2510,1,i) + (N459->N3809, F1, i)}
{(N761, F1, i)(N2510,1,i) + (N3809, F1, i)(N1126,1,i)}
{(N761, F1, i)(N2510,1,i) + (N1210->N694, F1, i)}
{(N761, F1, i)(N2510,1,i) + (N694, F1, i)(N2332,1,i)}
{(N2510->N1403, F0, i) + (N459->N3809, F1, i)}
{(N2510->N1403, F0, i) + (N3809, F1, i)(N1126,1,i)}
{(N2510->N1403, F0, i) + (N1210->N694, F1, i)}
{(N2510->N1403, F0, i) + (N694, F1, i)(N2332,1,i)}
{(N1403, F1, i) + (N459->N3809, F1, i)}
{(N1403, F1, i) + (N3809, F1, i)(N1126,1,i)}
{(N1403, F1, i) + (N1210->N694, F1, i)}
{(N1403, F1, i) + (N694, F1, i)(N2332,1,i)}
{(N835->N1756, F0, i) + (N459->N3809, F1, i)}
{(N835->N1756, F0, i) + (N3809, F1, i)(N1126,1,i)}
{(N835->N1756, F0, i) + (N1210->N694, F1, i)}
{(N835->N1756, F0, i) + (N694, F1, i)(N2332,1,i)}
{(N1756, F1, i) + (N459->N3809, F1, i)}
{(N1756, F1, i) + (N3809, F1, i)(N1126,1,i)}
{(N1756, F1, i) + (N1210->N694, F1, i)}
{(N1756, F1, i) + (N694, F1, i)(N2332,1,i)}
{(N1839, F1, i)(N2634,0,i) + (N459->N3809, F1, i)}
{(N1839, F1, i)(N2634,0,i) + (N3809, F1, i)(N1126,1,i)}
{(N1839, F1, i)(N2634,0,i) + (N1210->N694, F1, i)}
{(N1839, F1, i)(N2634,0,i) + (N694, F1, i)(N2332,1,i)}
{(N36->N2634, F0, i) + (N459->N3809, F1, i)}
{(N36->N2634, F0, i) + (N3809, F1, i)(N1126,1,i)}
{(N36->N2634, F0, i) + (N1210->N694, F1, i)}
{(N36->N2634, F0, i) + (N694, F1, i)(N2332,1,i)}
{(N2634, F1, i) + (N459->N3809, F1, i)}
{(N2634, F1, i) + (N3809, F1, i)(N1126,1,i)}
{(N2634, F1, i) + (N1210->N694, F1, i)}
{(N2634, F1, i) + (N694, F1, i)(N2332,1,i)}
