{(N2824, F1, i)(N1223,1,i) + (N3310, F1, i)(N1173,1,i)}
{(N2824, F1, i)(N1223,1,i) + (N3399, F1, i)}
{(N2824, F1, i)(N1223,1,i) + (N3674, F0, i)}
{(N2824, F1, i)(N1223,1,i) + (N1311, F0, i)}
{(N2824, F1, i)(N1223,1,i) + (N3710->N1970, F1, i)}
{(N2824, F1, i)(N1223,1,i) + (N1970, F0, i)}
{(N2824, F1, i)(N1223,1,i) + (N3540->N1303, F1, i)}
{(N2824, F1, i)(N1223,1,i) + (N1303, F0, i)}
{(N3609, F1, i) + (N3310, F1, i)(N1173,1,i)}
{(N3609, F1, i) + (N3399, F1, i)}
{(N3609, F1, i) + (N3674, F0, i)}
{(N3609, F1, i) + (N1311, F0, i)}
{(N3609, F1, i) + (N3710->N1970, F1, i)}
{(N3609, F1, i) + (N1970, F0, i)}
{(N3609, F1, i) + (N3540->N1303, F1, i)}
{(N3609, F1, i) + (N1303, F0, i)}
{(N2234, F1, i)(N2751,0,i) + (N3310, F1, i)(N1173,1,i)}
{(N2234, F1, i)(N2751,0,i) + (N3399, F1, i)}
{(N2234, F1, i)(N2751,0,i) + (N3674, F0, i)}
{(N2234, F1, i)(N2751,0,i) + (N1311, F0, i)}
{(N2234, F1, i)(N2751,0,i) + (N3710->N1970, F1, i)}
{(N2234, F1, i)(N2751,0,i) + (N1970, F0, i)}
{(N2234, F1, i)(N2751,0,i) + (N3540->N1303, F1, i)}
{(N2234, F1, i)(N2751,0,i) + (N1303, F0, i)}
{(N1176, F0, i) + (N3310, F1, i)(N1173,1,i)}
{(N1176, F0, i) + (N3399, F1, i)}
{(N1176, F0, i) + (N3674, F0, i)}
{(N1176, F0, i) + (N1311, F0, i)}
{(N1176, F0, i) + (N3710->N1970, F1, i)}
{(N1176, F0, i) + (N1970, F0, i)}
{(N1176, F0, i) + (N3540->N1303, F1, i)}
{(N1176, F0, i) + (N1303, F0, i)}
{(N61->N2751, F0, i) + (N3310, F1, i)(N1173,1,i)}
{(N61->N2751, F0, i) + (N3399, F1, i)}
{(N61->N2751, F0, i) + (N3674, F0, i)}
{(N61->N2751, F0, i) + (N1311, F0, i)}
{(N61->N2751, F0, i) + (N3710->N1970, F1, i)}
{(N61->N2751, F0, i) + (N1970, F0, i)}
{(N61->N2751, F0, i) + (N3540->N1303, F1, i)}
{(N61->N2751, F0, i) + (N1303, F0, i)}
{(N2751, F1, i) + (N3310, F1, i)(N1173,1,i)}
{(N2751, F1, i) + (N3399, F1, i)}
{(N2751, F1, i) + (N3674, F0, i)}
{(N2751, F1, i) + (N1311, F0, i)}
{(N2751, F1, i) + (N3710->N1970, F1, i)}
{(N2751, F1, i) + (N1970, F0, i)}
{(N2751, F1, i) + (N3540->N1303, F1, i)}
{(N2751, F1, i) + (N1303, F0, i)}
{(N2496, F0, i) + (N3310, F1, i)(N1173,1,i)}
{(N2496, F0, i) + (N3399, F1, i)}
{(N2496, F0, i) + (N3674, F0, i)}
{(N2496, F0, i) + (N1311, F0, i)}
{(N2496, F0, i) + (N3710->N1970, F1, i)}
{(N2496, F0, i) + (N1970, F0, i)}
{(N2496, F0, i) + (N3540->N1303, F1, i)}
{(N2496, F0, i) + (N1303, F0, i)}
{(N1024->N2407, F1, i) + (N3310, F1, i)(N1173,1,i)}
{(N1024->N2407, F1, i) + (N3399, F1, i)}
{(N1024->N2407, F1, i) + (N3674, F0, i)}
{(N1024->N2407, F1, i) + (N1311, F0, i)}
{(N1024->N2407, F1, i) + (N3710->N1970, F1, i)}
{(N1024->N2407, F1, i) + (N1970, F0, i)}
{(N1024->N2407, F1, i) + (N3540->N1303, F1, i)}
{(N1024->N2407, F1, i) + (N1303, F0, i)}
{(N2407, F0, i) + (N3310, F1, i)(N1173,1,i)}
{(N2407, F0, i) + (N3399, F1, i)}
{(N2407, F0, i) + (N3674, F0, i)}
{(N2407, F0, i) + (N1311, F0, i)}
{(N2407, F0, i) + (N3710->N1970, F1, i)}
{(N2407, F0, i) + (N1970, F0, i)}
{(N2407, F0, i) + (N3540->N1303, F1, i)}
{(N2407, F0, i) + (N1303, F0, i)}
{(N524->N644, F1, i) + (N3310, F1, i)(N1173,1,i)}
{(N524->N644, F1, i) + (N3399, F1, i)}
{(N524->N644, F1, i) + (N3674, F0, i)}
{(N524->N644, F1, i) + (N1311, F0, i)}
{(N524->N644, F1, i) + (N3710->N1970, F1, i)}
{(N524->N644, F1, i) + (N1970, F0, i)}
{(N524->N644, F1, i) + (N3540->N1303, F1, i)}
{(N524->N644, F1, i) + (N1303, F0, i)}
{(N644, F0, i) + (N3310, F1, i)(N1173,1,i)}
{(N644, F0, i) + (N3399, F1, i)}
{(N644, F0, i) + (N3674, F0, i)}
{(N644, F0, i) + (N1311, F0, i)}
{(N644, F0, i) + (N3710->N1970, F1, i)}
{(N644, F0, i) + (N1970, F0, i)}
{(N644, F0, i) + (N3540->N1303, F1, i)}
{(N644, F0, i) + (N1303, F0, i)}
