{(N2607, F1, i)(N3933,1,i) + (N807, F1, i)(N1834,0,i)}
{(N2607, F1, i)(N3933,1,i) + (N1978, F1, i)(N3696,0,i)}
{(N2607, F1, i)(N3933,1,i) + (N2134->N1834, F0, i)}
{(N2607, F1, i)(N3933,1,i) + (N1834, F1, i)}
{(N2607, F1, i)(N3933,1,i) + (N1603->N3696, F0, i)}
{(N2607, F1, i)(N3933,1,i) + (N3696, F1, i)}
{(N2607, F1, i)(N3933,1,i) + (N3414, F1, i)(N2567,0,i)}
{(N2607, F1, i)(N3933,1,i) + (N126->N2567, F0, i)}
{(N2607, F1, i)(N3933,1,i) + (N2567, F1, i)}
{(N1095, F1, i)(N1720,0,i) + (N807, F1, i)(N1834,0,i)}
{(N1095, F1, i)(N1720,0,i) + (N1978, F1, i)(N3696,0,i)}
{(N1095, F1, i)(N1720,0,i) + (N2134->N1834, F0, i)}
{(N1095, F1, i)(N1720,0,i) + (N1834, F1, i)}
{(N1095, F1, i)(N1720,0,i) + (N1603->N3696, F0, i)}
{(N1095, F1, i)(N1720,0,i) + (N3696, F1, i)}
{(N1095, F1, i)(N1720,0,i) + (N3414, F1, i)(N2567,0,i)}
{(N1095, F1, i)(N1720,0,i) + (N126->N2567, F0, i)}
{(N1095, F1, i)(N1720,0,i) + (N2567, F1, i)}
{(N503->N1734, F0, i) + (N807, F1, i)(N1834,0,i)}
{(N503->N1734, F0, i) + (N1978, F1, i)(N3696,0,i)}
{(N503->N1734, F0, i) + (N2134->N1834, F0, i)}
{(N503->N1734, F0, i) + (N1834, F1, i)}
{(N503->N1734, F0, i) + (N1603->N3696, F0, i)}
{(N503->N1734, F0, i) + (N3696, F1, i)}
{(N503->N1734, F0, i) + (N3414, F1, i)(N2567,0,i)}
{(N503->N1734, F0, i) + (N126->N2567, F0, i)}
{(N503->N1734, F0, i) + (N2567, F1, i)}
{(N1734, F1, i) + (N807, F1, i)(N1834,0,i)}
{(N1734, F1, i) + (N1978, F1, i)(N3696,0,i)}
{(N1734, F1, i) + (N2134->N1834, F0, i)}
{(N1734, F1, i) + (N1834, F1, i)}
{(N1734, F1, i) + (N1603->N3696, F0, i)}
{(N1734, F1, i) + (N3696, F1, i)}
{(N1734, F1, i) + (N3414, F1, i)(N2567,0,i)}
{(N1734, F1, i) + (N126->N2567, F0, i)}
{(N1734, F1, i) + (N2567, F1, i)}
{(N3933->N1720, F0, i) + (N807, F1, i)(N1834,0,i)}
{(N3933->N1720, F0, i) + (N1978, F1, i)(N3696,0,i)}
{(N3933->N1720, F0, i) + (N2134->N1834, F0, i)}
{(N3933->N1720, F0, i) + (N1834, F1, i)}
{(N3933->N1720, F0, i) + (N1603->N3696, F0, i)}
{(N3933->N1720, F0, i) + (N3696, F1, i)}
{(N3933->N1720, F0, i) + (N3414, F1, i)(N2567,0,i)}
{(N3933->N1720, F0, i) + (N126->N2567, F0, i)}
{(N3933->N1720, F0, i) + (N2567, F1, i)}
{(N1720, F1, i) + (N807, F1, i)(N1834,0,i)}
{(N1720, F1, i) + (N1978, F1, i)(N3696,0,i)}
{(N1720, F1, i) + (N2134->N1834, F0, i)}
{(N1720, F1, i) + (N1834, F1, i)}
{(N1720, F1, i) + (N1603->N3696, F0, i)}
{(N1720, F1, i) + (N3696, F1, i)}
{(N1720, F1, i) + (N3414, F1, i)(N2567,0,i)}
{(N1720, F1, i) + (N126->N2567, F0, i)}
{(N1720, F1, i) + (N2567, F1, i)}
{(N1941, F1, i)(N1421,1,i) + (N807, F1, i)(N1834,0,i)}
{(N1941, F1, i)(N1421,1,i) + (N1978, F1, i)(N3696,0,i)}
{(N1941, F1, i)(N1421,1,i) + (N2134->N1834, F0, i)}
{(N1941, F1, i)(N1421,1,i) + (N1834, F1, i)}
{(N1941, F1, i)(N1421,1,i) + (N1603->N3696, F0, i)}
{(N1941, F1, i)(N1421,1,i) + (N3696, F1, i)}
{(N1941, F1, i)(N1421,1,i) + (N3414, F1, i)(N2567,0,i)}
{(N1941, F1, i)(N1421,1,i) + (N126->N2567, F0, i)}
{(N1941, F1, i)(N1421,1,i) + (N2567, F1, i)}
{(N221->N1784, F0, i) + (N807, F1, i)(N1834,0,i)}
{(N221->N1784, F0, i) + (N1978, F1, i)(N3696,0,i)}
{(N221->N1784, F0, i) + (N2134->N1834, F0, i)}
{(N221->N1784, F0, i) + (N1834, F1, i)}
{(N221->N1784, F0, i) + (N1603->N3696, F0, i)}
{(N221->N1784, F0, i) + (N3696, F1, i)}
{(N221->N1784, F0, i) + (N3414, F1, i)(N2567,0,i)}
{(N221->N1784, F0, i) + (N126->N2567, F0, i)}
{(N221->N1784, F0, i) + (N2567, F1, i)}
{(N1784, F1, i) + (N807, F1, i)(N1834,0,i)}
{(N1784, F1, i) + (N1978, F1, i)(N3696,0,i)}
{(N1784, F1, i) + (N2134->N1834, F0, i)}
{(N1784, F1, i) + (N1834, F1, i)}
{(N1784, F1, i) + (N1603->N3696, F0, i)}
{(N1784, F1, i) + (N3696, F1, i)}
{(N1784, F1, i) + (N3414, F1, i)(N2567,0,i)}
{(N1784, F1, i) + (N126->N2567, F0, i)}
{(N1784, F1, i) + (N2567, F1, i)}
