{(N1231, F1, i)(N3868,0,i) + (N1818, F1, i)(N1392,1,i)}
{(N1231, F1, i)(N3868,0,i) + (N2261, F1, i)}
{(N1231, F1, i)(N3868,0,i) + (N724, F0, i)}
{(N1231, F1, i)(N3868,0,i) + (N2406->N920, F0, i)}
{(N1231, F1, i)(N3868,0,i) + (N920, F0, i)}
{(N1231, F1, i)(N3868,0,i) + (N847->N1854, F1, i)}
{(N1231, F1, i)(N3868,0,i) + (N1854, F0, i)}
{(N1231, F1, i)(N3868,0,i) + (N119->N3390, F1, i)}
{(N1231, F1, i)(N3868,0,i) + (N3390, F1, i)(N66,1,i)}
{(N233->N3868, F0, i) + (N1818, F1, i)(N1392,1,i)}
{(N233->N3868, F0, i) + (N2261, F1, i)}
{(N233->N3868, F0, i) + (N724, F0, i)}
{(N233->N3868, F0, i) + (N2406->N920, F0, i)}
{(N233->N3868, F0, i) + (N920, F0, i)}
{(N233->N3868, F0, i) + (N847->N1854, F1, i)}
{(N233->N3868, F0, i) + (N1854, F0, i)}
{(N233->N3868, F0, i) + (N119->N3390, F1, i)}
{(N233->N3868, F0, i) + (N3390, F1, i)(N66,1,i)}
{(N3868, F1, i) + (N1818, F1, i)(N1392,1,i)}
{(N3868, F1, i) + (N2261, F1, i)}
{(N3868, F1, i) + (N724, F0, i)}
{(N3868, F1, i) + (N2406->N920, F0, i)}
{(N3868, F1, i) + (N920, F0, i)}
{(N3868, F1, i) + (N847->N1854, F1, i)}
{(N3868, F1, i) + (N1854, F0, i)}
{(N3868, F1, i) + (N119->N3390, F1, i)}
{(N3868, F1, i) + (N3390, F1, i)(N66,1,i)}
