{(N1435->N3168, F1, i) + (N1004, F1, i)(N2772,0,i)}
{(N1435->N3168, F1, i) + (N2772, F1, i)}
{(N1435->N3168, F1, i) + (N3407, F0, i)}
{(N1435->N3168, F1, i) + (N3838->N3089, F0, i)}
{(N1435->N3168, F1, i) + (N3089, F0, i)}
{(N1435->N3168, F1, i) + (N2349->N3118, F1, i)}
{(N1435->N3168, F1, i) + (N3118, F0, i)}
{(N1435->N3168, F1, i) + (N139->N2943, F1, i)}
{(N1435->N3168, F1, i) + (N2943, F1, i)(N2,1,i)}
{(N3168, F1, i)(N1435,0,i) + (N1004, F1, i)(N2772,0,i)}
{(N3168, F1, i)(N1435,0,i) + (N2772, F1, i)}
{(N3168, F1, i)(N1435,0,i) + (N3407, F0, i)}
{(N3168, F1, i)(N1435,0,i) + (N3838->N3089, F0, i)}
{(N3168, F1, i)(N1435,0,i) + (N3089, F0, i)}
{(N3168, F1, i)(N1435,0,i) + (N2349->N3118, F1, i)}
{(N3168, F1, i)(N1435,0,i) + (N3118, F0, i)}
{(N3168, F1, i)(N1435,0,i) + (N139->N2943, F1, i)}
{(N3168, F1, i)(N1435,0,i) + (N2943, F1, i)(N2,1,i)}
{(N2899->N1594, F1, i) + (N1004, F1, i)(N2772,0,i)}
{(N2899->N1594, F1, i) + (N2772, F1, i)}
{(N2899->N1594, F1, i) + (N3407, F0, i)}
{(N2899->N1594, F1, i) + (N3838->N3089, F0, i)}
{(N2899->N1594, F1, i) + (N3089, F0, i)}
{(N2899->N1594, F1, i) + (N2349->N3118, F1, i)}
{(N2899->N1594, F1, i) + (N3118, F0, i)}
{(N2899->N1594, F1, i) + (N139->N2943, F1, i)}
{(N2899->N1594, F1, i) + (N2943, F1, i)(N2,1,i)}
{(N1594, F1, i)(N2899,0,i) + (N1004, F1, i)(N2772,0,i)}
{(N1594, F1, i)(N2899,0,i) + (N2772, F1, i)}
{(N1594, F1, i)(N2899,0,i) + (N3407, F0, i)}
{(N1594, F1, i)(N2899,0,i) + (N3838->N3089, F0, i)}
{(N1594, F1, i)(N2899,0,i) + (N3089, F0, i)}
{(N1594, F1, i)(N2899,0,i) + (N2349->N3118, F1, i)}
{(N1594, F1, i)(N2899,0,i) + (N3118, F0, i)}
{(N1594, F1, i)(N2899,0,i) + (N139->N2943, F1, i)}
{(N1594, F1, i)(N2899,0,i) + (N2943, F1, i)(N2,1,i)}
