{(N3015->N592, F1, i) + (N2487->N2918, F1, i)}
{(N3015->N592, F1, i) + (N2918, F1, i)(N1532,1,i)}
{(N3015->N592, F1, i) + (N2028->N3608, F1, i)}
{(N3015->N592, F1, i) + (N3608, F1, i)(N2199,1,i)}
{(N3015->N592, F1, i) + (N1701, F1, i)(N763,0,i)}
{(N3015->N592, F1, i) + (N3559->N763, F0, i)}
{(N3015->N592, F1, i) + (N763, F1, i)}
{(N592, F1, i)(N3015,0,i) + (N2487->N2918, F1, i)}
{(N592, F1, i)(N3015,0,i) + (N2918, F1, i)(N1532,1,i)}
{(N592, F1, i)(N3015,0,i) + (N2028->N3608, F1, i)}
{(N592, F1, i)(N3015,0,i) + (N3608, F1, i)(N2199,1,i)}
{(N592, F1, i)(N3015,0,i) + (N1701, F1, i)(N763,0,i)}
{(N592, F1, i)(N3015,0,i) + (N3559->N763, F0, i)}
{(N592, F1, i)(N3015,0,i) + (N763, F1, i)}
{(N3198->N1917, F1, i) + (N2487->N2918, F1, i)}
{(N3198->N1917, F1, i) + (N2918, F1, i)(N1532,1,i)}
{(N3198->N1917, F1, i) + (N2028->N3608, F1, i)}
{(N3198->N1917, F1, i) + (N3608, F1, i)(N2199,1,i)}
{(N3198->N1917, F1, i) + (N1701, F1, i)(N763,0,i)}
{(N3198->N1917, F1, i) + (N3559->N763, F0, i)}
{(N3198->N1917, F1, i) + (N763, F1, i)}
{(N1917, F1, i)(N3198,0,i) + (N2487->N2918, F1, i)}
{(N1917, F1, i)(N3198,0,i) + (N2918, F1, i)(N1532,1,i)}
{(N1917, F1, i)(N3198,0,i) + (N2028->N3608, F1, i)}
{(N1917, F1, i)(N3198,0,i) + (N3608, F1, i)(N2199,1,i)}
{(N1917, F1, i)(N3198,0,i) + (N1701, F1, i)(N763,0,i)}
{(N1917, F1, i)(N3198,0,i) + (N3559->N763, F0, i)}
{(N1917, F1, i)(N3198,0,i) + (N763, F1, i)}
{(N1125, F1, i)(N1827,0,i) + (N2487->N2918, F1, i)}
{(N1125, F1, i)(N1827,0,i) + (N2918, F1, i)(N1532,1,i)}
{(N1125, F1, i)(N1827,0,i) + (N2028->N3608, F1, i)}
{(N1125, F1, i)(N1827,0,i) + (N3608, F1, i)(N2199,1,i)}
{(N1125, F1, i)(N1827,0,i) + (N1701, F1, i)(N763,0,i)}
{(N1125, F1, i)(N1827,0,i) + (N3559->N763, F0, i)}
{(N1125, F1, i)(N1827,0,i) + (N763, F1, i)}
{(N1827, F1, i) + (N2487->N2918, F1, i)}
{(N1827, F1, i) + (N2918, F1, i)(N1532,1,i)}
{(N1827, F1, i) + (N2028->N3608, F1, i)}
{(N1827, F1, i) + (N3608, F1, i)(N2199,1,i)}
{(N1827, F1, i) + (N1701, F1, i)(N763,0,i)}
{(N1827, F1, i) + (N3559->N763, F0, i)}
{(N1827, F1, i) + (N763, F1, i)}
{(N2208, F0, i) + (N2487->N2918, F1, i)}
{(N2208, F0, i) + (N2918, F1, i)(N1532,1,i)}
{(N2208, F0, i) + (N2028->N3608, F1, i)}
{(N2208, F0, i) + (N3608, F1, i)(N2199,1,i)}
{(N2208, F0, i) + (N1701, F1, i)(N763,0,i)}
{(N2208, F0, i) + (N3559->N763, F0, i)}
{(N2208, F0, i) + (N763, F1, i)}
{(N1426, F0, i) + (N2487->N2918, F1, i)}
{(N1426, F0, i) + (N2918, F1, i)(N1532,1,i)}
{(N1426, F0, i) + (N2028->N3608, F1, i)}
{(N1426, F0, i) + (N3608, F1, i)(N2199,1,i)}
{(N1426, F0, i) + (N1701, F1, i)(N763,0,i)}
{(N1426, F0, i) + (N3559->N763, F0, i)}
{(N1426, F0, i) + (N763, F1, i)}
{(N2295->N1444, F1, i) + (N2487->N2918, F1, i)}
{(N2295->N1444, F1, i) + (N2918, F1, i)(N1532,1,i)}
{(N2295->N1444, F1, i) + (N2028->N3608, F1, i)}
{(N2295->N1444, F1, i) + (N3608, F1, i)(N2199,1,i)}
{(N2295->N1444, F1, i) + (N1701, F1, i)(N763,0,i)}
{(N2295->N1444, F1, i) + (N3559->N763, F0, i)}
{(N2295->N1444, F1, i) + (N763, F1, i)}
{(N1444, F0, i) + (N2487->N2918, F1, i)}
{(N1444, F0, i) + (N2918, F1, i)(N1532,1,i)}
{(N1444, F0, i) + (N2028->N3608, F1, i)}
{(N1444, F0, i) + (N3608, F1, i)(N2199,1,i)}
{(N1444, F0, i) + (N1701, F1, i)(N763,0,i)}
{(N1444, F0, i) + (N3559->N763, F0, i)}
{(N1444, F0, i) + (N763, F1, i)}
{(N2976->N3153, F1, i) + (N2487->N2918, F1, i)}
{(N2976->N3153, F1, i) + (N2918, F1, i)(N1532,1,i)}
{(N2976->N3153, F1, i) + (N2028->N3608, F1, i)}
{(N2976->N3153, F1, i) + (N3608, F1, i)(N2199,1,i)}
{(N2976->N3153, F1, i) + (N1701, F1, i)(N763,0,i)}
{(N2976->N3153, F1, i) + (N3559->N763, F0, i)}
{(N2976->N3153, F1, i) + (N763, F1, i)}
{(N3153, F0, i) + (N2487->N2918, F1, i)}
{(N3153, F0, i) + (N2918, F1, i)(N1532,1,i)}
{(N3153, F0, i) + (N2028->N3608, F1, i)}
{(N3153, F0, i) + (N3608, F1, i)(N2199,1,i)}
{(N3153, F0, i) + (N1701, F1, i)(N763,0,i)}
{(N3153, F0, i) + (N3559->N763, F0, i)}
{(N3153, F0, i) + (N763, F1, i)}
