{(N3668->N3473, F1, i) + (N1497, F1, i)(N713,1,i)}
{(N3668->N3473, F1, i) + (N3602, F1, i)(N3621,0,i)}
{(N3668->N3473, F1, i) + (N1858->N2415, F0, i)}
{(N3668->N3473, F1, i) + (N2415, F1, i)}
{(N3668->N3473, F1, i) + (N713->N3621, F0, i)}
{(N3668->N3473, F1, i) + (N3621, F1, i)}
{(N3668->N3473, F1, i) + (N1780, F1, i)(N873,0,i)}
{(N3668->N3473, F1, i) + (N197->N873, F0, i)}
{(N3668->N3473, F1, i) + (N873, F1, i)}
{(N3473, F1, i)(N3668,0,i) + (N1497, F1, i)(N713,1,i)}
{(N3473, F1, i)(N3668,0,i) + (N3602, F1, i)(N3621,0,i)}
{(N3473, F1, i)(N3668,0,i) + (N1858->N2415, F0, i)}
{(N3473, F1, i)(N3668,0,i) + (N2415, F1, i)}
{(N3473, F1, i)(N3668,0,i) + (N713->N3621, F0, i)}
{(N3473, F1, i)(N3668,0,i) + (N3621, F1, i)}
{(N3473, F1, i)(N3668,0,i) + (N1780, F1, i)(N873,0,i)}
{(N3473, F1, i)(N3668,0,i) + (N197->N873, F0, i)}
{(N3473, F1, i)(N3668,0,i) + (N873, F1, i)}
{(N2293->N1182, F1, i) + (N1497, F1, i)(N713,1,i)}
{(N2293->N1182, F1, i) + (N3602, F1, i)(N3621,0,i)}
{(N2293->N1182, F1, i) + (N1858->N2415, F0, i)}
{(N2293->N1182, F1, i) + (N2415, F1, i)}
{(N2293->N1182, F1, i) + (N713->N3621, F0, i)}
{(N2293->N1182, F1, i) + (N3621, F1, i)}
{(N2293->N1182, F1, i) + (N1780, F1, i)(N873,0,i)}
{(N2293->N1182, F1, i) + (N197->N873, F0, i)}
{(N2293->N1182, F1, i) + (N873, F1, i)}
{(N1182, F1, i)(N1424,1,i) + (N1497, F1, i)(N713,1,i)}
{(N1182, F1, i)(N1424,1,i) + (N3602, F1, i)(N3621,0,i)}
{(N1182, F1, i)(N1424,1,i) + (N1858->N2415, F0, i)}
{(N1182, F1, i)(N1424,1,i) + (N2415, F1, i)}
{(N1182, F1, i)(N1424,1,i) + (N713->N3621, F0, i)}
{(N1182, F1, i)(N1424,1,i) + (N3621, F1, i)}
{(N1182, F1, i)(N1424,1,i) + (N1780, F1, i)(N873,0,i)}
{(N1182, F1, i)(N1424,1,i) + (N197->N873, F0, i)}
{(N1182, F1, i)(N1424,1,i) + (N873, F1, i)}
{(N3817, F1, i)(N2214,0,i) + (N1497, F1, i)(N713,1,i)}
{(N3817, F1, i)(N2214,0,i) + (N3602, F1, i)(N3621,0,i)}
{(N3817, F1, i)(N2214,0,i) + (N1858->N2415, F0, i)}
{(N3817, F1, i)(N2214,0,i) + (N2415, F1, i)}
{(N3817, F1, i)(N2214,0,i) + (N713->N3621, F0, i)}
{(N3817, F1, i)(N2214,0,i) + (N3621, F1, i)}
{(N3817, F1, i)(N2214,0,i) + (N1780, F1, i)(N873,0,i)}
{(N3817, F1, i)(N2214,0,i) + (N197->N873, F0, i)}
{(N3817, F1, i)(N2214,0,i) + (N873, F1, i)}
{(N2214, F1, i) + (N1497, F1, i)(N713,1,i)}
{(N2214, F1, i) + (N3602, F1, i)(N3621,0,i)}
{(N2214, F1, i) + (N1858->N2415, F0, i)}
{(N2214, F1, i) + (N2415, F1, i)}
{(N2214, F1, i) + (N713->N3621, F0, i)}
{(N2214, F1, i) + (N3621, F1, i)}
{(N2214, F1, i) + (N1780, F1, i)(N873,0,i)}
{(N2214, F1, i) + (N197->N873, F0, i)}
{(N2214, F1, i) + (N873, F1, i)}
{(N1039, F0, i) + (N1497, F1, i)(N713,1,i)}
{(N1039, F0, i) + (N3602, F1, i)(N3621,0,i)}
{(N1039, F0, i) + (N1858->N2415, F0, i)}
{(N1039, F0, i) + (N2415, F1, i)}
{(N1039, F0, i) + (N713->N3621, F0, i)}
{(N1039, F0, i) + (N3621, F1, i)}
{(N1039, F0, i) + (N1780, F1, i)(N873,0,i)}
{(N1039, F0, i) + (N197->N873, F0, i)}
{(N1039, F0, i) + (N873, F1, i)}
{(N2027, F0, i) + (N1497, F1, i)(N713,1,i)}
{(N2027, F0, i) + (N3602, F1, i)(N3621,0,i)}
{(N2027, F0, i) + (N1858->N2415, F0, i)}
{(N2027, F0, i) + (N2415, F1, i)}
{(N2027, F0, i) + (N713->N3621, F0, i)}
{(N2027, F0, i) + (N3621, F1, i)}
{(N2027, F0, i) + (N1780, F1, i)(N873,0,i)}
{(N2027, F0, i) + (N197->N873, F0, i)}
{(N2027, F0, i) + (N873, F1, i)}
{(N2831->N2769, F1, i) + (N1497, F1, i)(N713,1,i)}
{(N2831->N2769, F1, i) + (N3602, F1, i)(N3621,0,i)}
{(N2831->N2769, F1, i) + (N1858->N2415, F0, i)}
{(N2831->N2769, F1, i) + (N2415, F1, i)}
{(N2831->N2769, F1, i) + (N713->N3621, F0, i)}
{(N2831->N2769, F1, i) + (N3621, F1, i)}
{(N2831->N2769, F1, i) + (N1780, F1, i)(N873,0,i)}
{(N2831->N2769, F1, i) + (N197->N873, F0, i)}
{(N2831->N2769, F1, i) + (N873, F1, i)}
{(N2769, F0, i) + (N1497, F1, i)(N713,1,i)}
{(N2769, F0, i) + (N3602, F1, i)(N3621,0,i)}
{(N2769, F0, i) + (N1858->N2415, F0, i)}
{(N2769, F0, i) + (N2415, F1, i)}
{(N2769, F0, i) + (N713->N3621, F0, i)}
{(N2769, F0, i) + (N3621, F1, i)}
{(N2769, F0, i) + (N1780, F1, i)(N873,0,i)}
{(N2769, F0, i) + (N197->N873, F0, i)}
{(N2769, F0, i) + (N873, F1, i)}
{(N2754->N1889, F1, i) + (N1497, F1, i)(N713,1,i)}
{(N2754->N1889, F1, i) + (N3602, F1, i)(N3621,0,i)}
{(N2754->N1889, F1, i) + (N1858->N2415, F0, i)}
{(N2754->N1889, F1, i) + (N2415, F1, i)}
{(N2754->N1889, F1, i) + (N713->N3621, F0, i)}
{(N2754->N1889, F1, i) + (N3621, F1, i)}
{(N2754->N1889, F1, i) + (N1780, F1, i)(N873,0,i)}
{(N2754->N1889, F1, i) + (N197->N873, F0, i)}
{(N2754->N1889, F1, i) + (N873, F1, i)}
{(N1889, F0, i) + (N1497, F1, i)(N713,1,i)}
{(N1889, F0, i) + (N3602, F1, i)(N3621,0,i)}
{(N1889, F0, i) + (N1858->N2415, F0, i)}
{(N1889, F0, i) + (N2415, F1, i)}
{(N1889, F0, i) + (N713->N3621, F0, i)}
{(N1889, F0, i) + (N3621, F1, i)}
{(N1889, F0, i) + (N1780, F1, i)(N873,0,i)}
{(N1889, F0, i) + (N197->N873, F0, i)}
{(N1889, F0, i) + (N873, F1, i)}
