{(N637->N3256, F1, i) + (N3822, F1, i)(N1544,0,i)}
{(N637->N3256, F1, i) + (N2649, F1, i)(N1451,0,i)}
{(N637->N3256, F1, i) + (N1416->N1544, F0, i)}
{(N637->N3256, F1, i) + (N1544, F1, i)}
{(N637->N3256, F1, i) + (N244->N1451, F0, i)}
{(N637->N3256, F1, i) + (N1451, F1, i)}
{(N3256, F1, i)(N637,0,i) + (N3822, F1, i)(N1544,0,i)}
{(N3256, F1, i)(N637,0,i) + (N2649, F1, i)(N1451,0,i)}
{(N3256, F1, i)(N637,0,i) + (N1416->N1544, F0, i)}
{(N3256, F1, i)(N637,0,i) + (N1544, F1, i)}
{(N3256, F1, i)(N637,0,i) + (N244->N1451, F0, i)}
{(N3256, F1, i)(N637,0,i) + (N1451, F1, i)}
{(N601->N2102, F1, i) + (N3822, F1, i)(N1544,0,i)}
{(N601->N2102, F1, i) + (N2649, F1, i)(N1451,0,i)}
{(N601->N2102, F1, i) + (N1416->N1544, F0, i)}
{(N601->N2102, F1, i) + (N1544, F1, i)}
{(N601->N2102, F1, i) + (N244->N1451, F0, i)}
{(N601->N2102, F1, i) + (N1451, F1, i)}
{(N2102, F1, i)(N2205,1,i) + (N3822, F1, i)(N1544,0,i)}
{(N2102, F1, i)(N2205,1,i) + (N2649, F1, i)(N1451,0,i)}
{(N2102, F1, i)(N2205,1,i) + (N1416->N1544, F0, i)}
{(N2102, F1, i)(N2205,1,i) + (N1544, F1, i)}
{(N2102, F1, i)(N2205,1,i) + (N244->N1451, F0, i)}
{(N2102, F1, i)(N2205,1,i) + (N1451, F1, i)}
{(N771, F1, i)(N3062,0,i) + (N3822, F1, i)(N1544,0,i)}
{(N771, F1, i)(N3062,0,i) + (N2649, F1, i)(N1451,0,i)}
{(N771, F1, i)(N3062,0,i) + (N1416->N1544, F0, i)}
{(N771, F1, i)(N3062,0,i) + (N1544, F1, i)}
{(N771, F1, i)(N3062,0,i) + (N244->N1451, F0, i)}
{(N771, F1, i)(N3062,0,i) + (N1451, F1, i)}
