{(N2412, F1, i)(N656,0,i) + (N505, F1, i)(N420,0,i)}
{(N2412, F1, i)(N656,0,i) + (N770, F1, i)(N855,1,i)}
{(N2412, F1, i)(N656,0,i) + (N855->N420, F0, i)}
{(N2412, F1, i)(N656,0,i) + (N420, F1, i)}
{(N2412, F1, i)(N656,0,i) + (N3503->N3469, F0, i)}
{(N2412, F1, i)(N656,0,i) + (N3469, F1, i)}
{(N2412, F1, i)(N656,0,i) + (N1543, F1, i)(N3640,1,i)}
{(N2412, F1, i)(N656,0,i) + (N152->N2571, F0, i)}
{(N2412, F1, i)(N656,0,i) + (N2571, F1, i)}
{(N2492->N656, F0, i) + (N505, F1, i)(N420,0,i)}
{(N2492->N656, F0, i) + (N770, F1, i)(N855,1,i)}
{(N2492->N656, F0, i) + (N855->N420, F0, i)}
{(N2492->N656, F0, i) + (N420, F1, i)}
{(N2492->N656, F0, i) + (N3503->N3469, F0, i)}
{(N2492->N656, F0, i) + (N3469, F1, i)}
{(N2492->N656, F0, i) + (N1543, F1, i)(N3640,1,i)}
{(N2492->N656, F0, i) + (N152->N2571, F0, i)}
{(N2492->N656, F0, i) + (N2571, F1, i)}
{(N656, F1, i) + (N505, F1, i)(N420,0,i)}
{(N656, F1, i) + (N770, F1, i)(N855,1,i)}
{(N656, F1, i) + (N855->N420, F0, i)}
{(N656, F1, i) + (N420, F1, i)}
{(N656, F1, i) + (N3503->N3469, F0, i)}
{(N656, F1, i) + (N3469, F1, i)}
{(N656, F1, i) + (N1543, F1, i)(N3640,1,i)}
{(N656, F1, i) + (N152->N2571, F0, i)}
{(N656, F1, i) + (N2571, F1, i)}
