{(N3401, F1, i)(N1137,0,i) + (N3416, F1, i)(N393,0,i)}
{(N3401, F1, i)(N1137,0,i) + (N1065, F1, i)(N1691,1,i)}
{(N3401, F1, i)(N1137,0,i) + (N1691->N393, F0, i)}
{(N3401, F1, i)(N1137,0,i) + (N393, F1, i)}
{(N3401, F1, i)(N1137,0,i) + (N3470->N1442, F0, i)}
{(N3401, F1, i)(N1137,0,i) + (N1442, F1, i)}
{(N3401, F1, i)(N1137,0,i) + (N2480, F1, i)(N3880,1,i)}
{(N3401, F1, i)(N1137,0,i) + (N73->N2670, F0, i)}
{(N3401, F1, i)(N1137,0,i) + (N2670, F1, i)}
{(N1137, F1, i) + (N3416, F1, i)(N393,0,i)}
{(N1137, F1, i) + (N1065, F1, i)(N1691,1,i)}
{(N1137, F1, i) + (N1691->N393, F0, i)}
{(N1137, F1, i) + (N393, F1, i)}
{(N1137, F1, i) + (N3470->N1442, F0, i)}
{(N1137, F1, i) + (N1442, F1, i)}
{(N1137, F1, i) + (N2480, F1, i)(N3880,1,i)}
{(N1137, F1, i) + (N73->N2670, F0, i)}
{(N1137, F1, i) + (N2670, F1, i)}
{(N2374, F0, i) + (N3416, F1, i)(N393,0,i)}
{(N2374, F0, i) + (N1065, F1, i)(N1691,1,i)}
{(N2374, F0, i) + (N1691->N393, F0, i)}
{(N2374, F0, i) + (N393, F1, i)}
{(N2374, F0, i) + (N3470->N1442, F0, i)}
{(N2374, F0, i) + (N1442, F1, i)}
{(N2374, F0, i) + (N2480, F1, i)(N3880,1,i)}
{(N2374, F0, i) + (N73->N2670, F0, i)}
{(N2374, F0, i) + (N2670, F1, i)}
{(N1674->N2366, F0, i) + (N3416, F1, i)(N393,0,i)}
{(N1674->N2366, F0, i) + (N1065, F1, i)(N1691,1,i)}
{(N1674->N2366, F0, i) + (N1691->N393, F0, i)}
{(N1674->N2366, F0, i) + (N393, F1, i)}
{(N1674->N2366, F0, i) + (N3470->N1442, F0, i)}
{(N1674->N2366, F0, i) + (N1442, F1, i)}
{(N1674->N2366, F0, i) + (N2480, F1, i)(N3880,1,i)}
{(N1674->N2366, F0, i) + (N73->N2670, F0, i)}
{(N1674->N2366, F0, i) + (N2670, F1, i)}
{(N2366, F0, i) + (N3416, F1, i)(N393,0,i)}
{(N2366, F0, i) + (N1065, F1, i)(N1691,1,i)}
{(N2366, F0, i) + (N1691->N393, F0, i)}
{(N2366, F0, i) + (N393, F1, i)}
{(N2366, F0, i) + (N3470->N1442, F0, i)}
{(N2366, F0, i) + (N1442, F1, i)}
{(N2366, F0, i) + (N2480, F1, i)(N3880,1,i)}
{(N2366, F0, i) + (N73->N2670, F0, i)}
{(N2366, F0, i) + (N2670, F1, i)}
{(N2441->N3239, F1, i) + (N3416, F1, i)(N393,0,i)}
{(N2441->N3239, F1, i) + (N1065, F1, i)(N1691,1,i)}
{(N2441->N3239, F1, i) + (N1691->N393, F0, i)}
{(N2441->N3239, F1, i) + (N393, F1, i)}
{(N2441->N3239, F1, i) + (N3470->N1442, F0, i)}
{(N2441->N3239, F1, i) + (N1442, F1, i)}
{(N2441->N3239, F1, i) + (N2480, F1, i)(N3880,1,i)}
{(N2441->N3239, F1, i) + (N73->N2670, F0, i)}
{(N2441->N3239, F1, i) + (N2670, F1, i)}
{(N3239, F0, i) + (N3416, F1, i)(N393,0,i)}
{(N3239, F0, i) + (N1065, F1, i)(N1691,1,i)}
{(N3239, F0, i) + (N1691->N393, F0, i)}
{(N3239, F0, i) + (N393, F1, i)}
{(N3239, F0, i) + (N3470->N1442, F0, i)}
{(N3239, F0, i) + (N1442, F1, i)}
{(N3239, F0, i) + (N2480, F1, i)(N3880,1,i)}
{(N3239, F0, i) + (N73->N2670, F0, i)}
{(N3239, F0, i) + (N2670, F1, i)}
