{(N822, F1, i)(N2034,0,i) + (N497, F1, i)(N2927,1,i)}
{(N822, F1, i)(N2034,0,i) + (N2457, F1, i)(N1620,0,i)}
{(N822, F1, i)(N2034,0,i) + (N961->N1995, F0, i)}
{(N822, F1, i)(N2034,0,i) + (N1995, F1, i)}
{(N822, F1, i)(N2034,0,i) + (N2927->N1620, F0, i)}
{(N822, F1, i)(N2034,0,i) + (N1620, F1, i)}
{(N822, F1, i)(N2034,0,i) + (N2710, F1, i)(N3284,1,i)}
{(N822, F1, i)(N2034,0,i) + (N223->N488, F0, i)}
{(N822, F1, i)(N2034,0,i) + (N488, F1, i)}
{(N2034, F1, i) + (N497, F1, i)(N2927,1,i)}
{(N2034, F1, i) + (N2457, F1, i)(N1620,0,i)}
{(N2034, F1, i) + (N961->N1995, F0, i)}
{(N2034, F1, i) + (N1995, F1, i)}
{(N2034, F1, i) + (N2927->N1620, F0, i)}
{(N2034, F1, i) + (N1620, F1, i)}
{(N2034, F1, i) + (N2710, F1, i)(N3284,1,i)}
{(N2034, F1, i) + (N223->N488, F0, i)}
{(N2034, F1, i) + (N488, F1, i)}
{(N3217, F0, i) + (N497, F1, i)(N2927,1,i)}
{(N3217, F0, i) + (N2457, F1, i)(N1620,0,i)}
{(N3217, F0, i) + (N961->N1995, F0, i)}
{(N3217, F0, i) + (N1995, F1, i)}
{(N3217, F0, i) + (N2927->N1620, F0, i)}
{(N3217, F0, i) + (N1620, F1, i)}
{(N3217, F0, i) + (N2710, F1, i)(N3284,1,i)}
{(N3217, F0, i) + (N223->N488, F0, i)}
{(N3217, F0, i) + (N488, F1, i)}
{(N2854->N2163, F0, i) + (N497, F1, i)(N2927,1,i)}
{(N2854->N2163, F0, i) + (N2457, F1, i)(N1620,0,i)}
{(N2854->N2163, F0, i) + (N961->N1995, F0, i)}
{(N2854->N2163, F0, i) + (N1995, F1, i)}
{(N2854->N2163, F0, i) + (N2927->N1620, F0, i)}
{(N2854->N2163, F0, i) + (N1620, F1, i)}
{(N2854->N2163, F0, i) + (N2710, F1, i)(N3284,1,i)}
{(N2854->N2163, F0, i) + (N223->N488, F0, i)}
{(N2854->N2163, F0, i) + (N488, F1, i)}
{(N2163, F0, i) + (N497, F1, i)(N2927,1,i)}
{(N2163, F0, i) + (N2457, F1, i)(N1620,0,i)}
{(N2163, F0, i) + (N961->N1995, F0, i)}
{(N2163, F0, i) + (N1995, F1, i)}
{(N2163, F0, i) + (N2927->N1620, F0, i)}
{(N2163, F0, i) + (N1620, F1, i)}
{(N2163, F0, i) + (N2710, F1, i)(N3284,1,i)}
{(N2163, F0, i) + (N223->N488, F0, i)}
{(N2163, F0, i) + (N488, F1, i)}
{(N541->N1641, F1, i) + (N497, F1, i)(N2927,1,i)}
{(N541->N1641, F1, i) + (N2457, F1, i)(N1620,0,i)}
{(N541->N1641, F1, i) + (N961->N1995, F0, i)}
{(N541->N1641, F1, i) + (N1995, F1, i)}
{(N541->N1641, F1, i) + (N2927->N1620, F0, i)}
{(N541->N1641, F1, i) + (N1620, F1, i)}
{(N541->N1641, F1, i) + (N2710, F1, i)(N3284,1,i)}
{(N541->N1641, F1, i) + (N223->N488, F0, i)}
{(N541->N1641, F1, i) + (N488, F1, i)}
{(N1641, F0, i) + (N497, F1, i)(N2927,1,i)}
{(N1641, F0, i) + (N2457, F1, i)(N1620,0,i)}
{(N1641, F0, i) + (N961->N1995, F0, i)}
{(N1641, F0, i) + (N1995, F1, i)}
{(N1641, F0, i) + (N2927->N1620, F0, i)}
{(N1641, F0, i) + (N1620, F1, i)}
{(N1641, F0, i) + (N2710, F1, i)(N3284,1,i)}
{(N1641, F0, i) + (N223->N488, F0, i)}
{(N1641, F0, i) + (N488, F1, i)}
{(N77->N863, F1, i) + (N497, F1, i)(N2927,1,i)}
{(N77->N863, F1, i) + (N2457, F1, i)(N1620,0,i)}
{(N77->N863, F1, i) + (N961->N1995, F0, i)}
{(N77->N863, F1, i) + (N1995, F1, i)}
{(N77->N863, F1, i) + (N2927->N1620, F0, i)}
{(N77->N863, F1, i) + (N1620, F1, i)}
{(N77->N863, F1, i) + (N2710, F1, i)(N3284,1,i)}
{(N77->N863, F1, i) + (N223->N488, F0, i)}
{(N77->N863, F1, i) + (N488, F1, i)}
{(N863, F1, i)(N162,1,i) + (N497, F1, i)(N2927,1,i)}
{(N863, F1, i)(N162,1,i) + (N2457, F1, i)(N1620,0,i)}
{(N863, F1, i)(N162,1,i) + (N961->N1995, F0, i)}
{(N863, F1, i)(N162,1,i) + (N1995, F1, i)}
{(N863, F1, i)(N162,1,i) + (N2927->N1620, F0, i)}
{(N863, F1, i)(N162,1,i) + (N1620, F1, i)}
{(N863, F1, i)(N162,1,i) + (N2710, F1, i)(N3284,1,i)}
{(N863, F1, i)(N162,1,i) + (N223->N488, F0, i)}
{(N863, F1, i)(N162,1,i) + (N488, F1, i)}
