{(N1652, F1, i)(N926,0,i) + (N509, F1, i)(N3742,0,i)}
{(N1652, F1, i)(N926,0,i) + (N94->N3742, F0, i)}
{(N1652, F1, i)(N926,0,i) + (N3742, F1, i)}
{(N898, F1, i)(N1781,0,i) + (N509, F1, i)(N3742,0,i)}
{(N898, F1, i)(N1781,0,i) + (N94->N3742, F0, i)}
{(N898, F1, i)(N1781,0,i) + (N3742, F1, i)}
{(N1415->N926, F0, i) + (N509, F1, i)(N3742,0,i)}
{(N1415->N926, F0, i) + (N94->N3742, F0, i)}
{(N1415->N926, F0, i) + (N3742, F1, i)}
{(N926, F1, i) + (N509, F1, i)(N3742,0,i)}
{(N926, F1, i) + (N94->N3742, F0, i)}
{(N926, F1, i) + (N3742, F1, i)}
{(N3549->N1781, F0, i) + (N509, F1, i)(N3742,0,i)}
{(N3549->N1781, F0, i) + (N94->N3742, F0, i)}
{(N3549->N1781, F0, i) + (N3742, F1, i)}
{(N1781, F1, i) + (N509, F1, i)(N3742,0,i)}
{(N1781, F1, i) + (N94->N3742, F0, i)}
{(N1781, F1, i) + (N3742, F1, i)}
{(N3768, F1, i)(N1050,0,i) + (N509, F1, i)(N3742,0,i)}
{(N3768, F1, i)(N1050,0,i) + (N94->N3742, F0, i)}
{(N3768, F1, i)(N1050,0,i) + (N3742, F1, i)}
{(N22->N1050, F0, i) + (N509, F1, i)(N3742,0,i)}
{(N22->N1050, F0, i) + (N94->N3742, F0, i)}
{(N22->N1050, F0, i) + (N3742, F1, i)}
{(N1050, F1, i) + (N509, F1, i)(N3742,0,i)}
{(N1050, F1, i) + (N94->N3742, F0, i)}
{(N1050, F1, i) + (N3742, F1, i)}
