{(N3264, F1, i)(N915,1,i) + (N1696, F1, i)(N2944,0,i)}
{(N3264, F1, i)(N915,1,i) + (N1124, F1, i)(N3478,1,i)}
{(N3264, F1, i)(N915,1,i) + (N3478->N2944, F0, i)}
{(N3264, F1, i)(N915,1,i) + (N2944, F1, i)}
{(N3264, F1, i)(N915,1,i) + (N2702->N3771, F0, i)}
{(N3264, F1, i)(N915,1,i) + (N3771, F1, i)}
{(N3264, F1, i)(N915,1,i) + (N2826, F1, i)(N2970,0,i)}
{(N3264, F1, i)(N915,1,i) + (N74->N2970, F0, i)}
{(N3264, F1, i)(N915,1,i) + (N2970, F1, i)}
{(N1672, F1, i) + (N1696, F1, i)(N2944,0,i)}
{(N1672, F1, i) + (N1124, F1, i)(N3478,1,i)}
{(N1672, F1, i) + (N3478->N2944, F0, i)}
{(N1672, F1, i) + (N2944, F1, i)}
{(N1672, F1, i) + (N2702->N3771, F0, i)}
{(N1672, F1, i) + (N3771, F1, i)}
{(N1672, F1, i) + (N2826, F1, i)(N2970,0,i)}
{(N1672, F1, i) + (N74->N2970, F0, i)}
{(N1672, F1, i) + (N2970, F1, i)}
{(N2182, F0, i) + (N1696, F1, i)(N2944,0,i)}
{(N2182, F0, i) + (N1124, F1, i)(N3478,1,i)}
{(N2182, F0, i) + (N3478->N2944, F0, i)}
{(N2182, F0, i) + (N2944, F1, i)}
{(N2182, F0, i) + (N2702->N3771, F0, i)}
{(N2182, F0, i) + (N3771, F1, i)}
{(N2182, F0, i) + (N2826, F1, i)(N2970,0,i)}
{(N2182, F0, i) + (N74->N2970, F0, i)}
{(N2182, F0, i) + (N2970, F1, i)}
{(N1621->N3781, F0, i) + (N1696, F1, i)(N2944,0,i)}
{(N1621->N3781, F0, i) + (N1124, F1, i)(N3478,1,i)}
{(N1621->N3781, F0, i) + (N3478->N2944, F0, i)}
{(N1621->N3781, F0, i) + (N2944, F1, i)}
{(N1621->N3781, F0, i) + (N2702->N3771, F0, i)}
{(N1621->N3781, F0, i) + (N3771, F1, i)}
{(N1621->N3781, F0, i) + (N2826, F1, i)(N2970,0,i)}
{(N1621->N3781, F0, i) + (N74->N2970, F0, i)}
{(N1621->N3781, F0, i) + (N2970, F1, i)}
{(N3781, F0, i) + (N1696, F1, i)(N2944,0,i)}
{(N3781, F0, i) + (N1124, F1, i)(N3478,1,i)}
{(N3781, F0, i) + (N3478->N2944, F0, i)}
{(N3781, F0, i) + (N2944, F1, i)}
{(N3781, F0, i) + (N2702->N3771, F0, i)}
{(N3781, F0, i) + (N3771, F1, i)}
{(N3781, F0, i) + (N2826, F1, i)(N2970,0,i)}
{(N3781, F0, i) + (N74->N2970, F0, i)}
{(N3781, F0, i) + (N2970, F1, i)}
{(N3548->N1850, F1, i) + (N1696, F1, i)(N2944,0,i)}
{(N3548->N1850, F1, i) + (N1124, F1, i)(N3478,1,i)}
{(N3548->N1850, F1, i) + (N3478->N2944, F0, i)}
{(N3548->N1850, F1, i) + (N2944, F1, i)}
{(N3548->N1850, F1, i) + (N2702->N3771, F0, i)}
{(N3548->N1850, F1, i) + (N3771, F1, i)}
{(N3548->N1850, F1, i) + (N2826, F1, i)(N2970,0,i)}
{(N3548->N1850, F1, i) + (N74->N2970, F0, i)}
{(N3548->N1850, F1, i) + (N2970, F1, i)}
{(N1850, F0, i) + (N1696, F1, i)(N2944,0,i)}
{(N1850, F0, i) + (N1124, F1, i)(N3478,1,i)}
{(N1850, F0, i) + (N3478->N2944, F0, i)}
{(N1850, F0, i) + (N2944, F1, i)}
{(N1850, F0, i) + (N2702->N3771, F0, i)}
{(N1850, F0, i) + (N3771, F1, i)}
{(N1850, F0, i) + (N2826, F1, i)(N2970,0,i)}
{(N1850, F0, i) + (N74->N2970, F0, i)}
{(N1850, F0, i) + (N2970, F1, i)}
{(N171->N1453, F1, i) + (N1696, F1, i)(N2944,0,i)}
{(N171->N1453, F1, i) + (N1124, F1, i)(N3478,1,i)}
{(N171->N1453, F1, i) + (N3478->N2944, F0, i)}
{(N171->N1453, F1, i) + (N2944, F1, i)}
{(N171->N1453, F1, i) + (N2702->N3771, F0, i)}
{(N171->N1453, F1, i) + (N3771, F1, i)}
{(N171->N1453, F1, i) + (N2826, F1, i)(N2970,0,i)}
{(N171->N1453, F1, i) + (N74->N2970, F0, i)}
{(N171->N1453, F1, i) + (N2970, F1, i)}
{(N1453, F1, i)(N61,1,i) + (N1696, F1, i)(N2944,0,i)}
{(N1453, F1, i)(N61,1,i) + (N1124, F1, i)(N3478,1,i)}
{(N1453, F1, i)(N61,1,i) + (N3478->N2944, F0, i)}
{(N1453, F1, i)(N61,1,i) + (N2944, F1, i)}
{(N1453, F1, i)(N61,1,i) + (N2702->N3771, F0, i)}
{(N1453, F1, i)(N61,1,i) + (N3771, F1, i)}
{(N1453, F1, i)(N61,1,i) + (N2826, F1, i)(N2970,0,i)}
{(N1453, F1, i)(N61,1,i) + (N74->N2970, F0, i)}
{(N1453, F1, i)(N61,1,i) + (N2970, F1, i)}
