{(N2365, F1, i)(N3158,0,i) + (N401, F1, i)(N3009,1,i)}
{(N2365, F1, i)(N3158,0,i) + (N2791, F1, i)}
{(N2365, F1, i)(N3158,0,i) + (N3543, F0, i)}
{(N2365, F1, i)(N3158,0,i) + (N1603->N807, F0, i)}
{(N2365, F1, i)(N3158,0,i) + (N807, F0, i)}
{(N2365, F1, i)(N3158,0,i) + (N2134->N1834, F1, i)}
{(N2365, F1, i)(N3158,0,i) + (N1834, F0, i)}
{(N2365, F1, i)(N3158,0,i) + (N126->N1425, F1, i)}
{(N2365, F1, i)(N3158,0,i) + (N1425, F1, i)(N128,1,i)}
{(N3158, F1, i) + (N401, F1, i)(N3009,1,i)}
{(N3158, F1, i) + (N2791, F1, i)}
{(N3158, F1, i) + (N3543, F0, i)}
{(N3158, F1, i) + (N1603->N807, F0, i)}
{(N3158, F1, i) + (N807, F0, i)}
{(N3158, F1, i) + (N2134->N1834, F1, i)}
{(N3158, F1, i) + (N1834, F0, i)}
{(N3158, F1, i) + (N126->N1425, F1, i)}
{(N3158, F1, i) + (N1425, F1, i)(N128,1,i)}
{(N2568, F0, i) + (N401, F1, i)(N3009,1,i)}
{(N2568, F0, i) + (N2791, F1, i)}
{(N2568, F0, i) + (N3543, F0, i)}
{(N2568, F0, i) + (N1603->N807, F0, i)}
{(N2568, F0, i) + (N807, F0, i)}
{(N2568, F0, i) + (N2134->N1834, F1, i)}
{(N2568, F0, i) + (N1834, F0, i)}
{(N2568, F0, i) + (N126->N1425, F1, i)}
{(N2568, F0, i) + (N1425, F1, i)(N128,1,i)}
{(N1662->N1860, F0, i) + (N401, F1, i)(N3009,1,i)}
{(N1662->N1860, F0, i) + (N2791, F1, i)}
{(N1662->N1860, F0, i) + (N3543, F0, i)}
{(N1662->N1860, F0, i) + (N1603->N807, F0, i)}
{(N1662->N1860, F0, i) + (N807, F0, i)}
{(N1662->N1860, F0, i) + (N2134->N1834, F1, i)}
{(N1662->N1860, F0, i) + (N1834, F0, i)}
{(N1662->N1860, F0, i) + (N126->N1425, F1, i)}
{(N1662->N1860, F0, i) + (N1425, F1, i)(N128,1,i)}
{(N1860, F0, i) + (N401, F1, i)(N3009,1,i)}
{(N1860, F0, i) + (N2791, F1, i)}
{(N1860, F0, i) + (N3543, F0, i)}
{(N1860, F0, i) + (N1603->N807, F0, i)}
{(N1860, F0, i) + (N807, F0, i)}
{(N1860, F0, i) + (N2134->N1834, F1, i)}
{(N1860, F0, i) + (N1834, F0, i)}
{(N1860, F0, i) + (N126->N1425, F1, i)}
{(N1860, F0, i) + (N1425, F1, i)(N128,1,i)}
{(N642->N3128, F1, i) + (N401, F1, i)(N3009,1,i)}
{(N642->N3128, F1, i) + (N2791, F1, i)}
{(N642->N3128, F1, i) + (N3543, F0, i)}
{(N642->N3128, F1, i) + (N1603->N807, F0, i)}
{(N642->N3128, F1, i) + (N807, F0, i)}
{(N642->N3128, F1, i) + (N2134->N1834, F1, i)}
{(N642->N3128, F1, i) + (N1834, F0, i)}
{(N642->N3128, F1, i) + (N126->N1425, F1, i)}
{(N642->N3128, F1, i) + (N1425, F1, i)(N128,1,i)}
{(N3128, F0, i) + (N401, F1, i)(N3009,1,i)}
{(N3128, F0, i) + (N2791, F1, i)}
{(N3128, F0, i) + (N3543, F0, i)}
{(N3128, F0, i) + (N1603->N807, F0, i)}
{(N3128, F0, i) + (N807, F0, i)}
{(N3128, F0, i) + (N2134->N1834, F1, i)}
{(N3128, F0, i) + (N1834, F0, i)}
{(N3128, F0, i) + (N126->N1425, F1, i)}
{(N3128, F0, i) + (N1425, F1, i)(N128,1,i)}
{(N87->N1646, F1, i) + (N401, F1, i)(N3009,1,i)}
{(N87->N1646, F1, i) + (N2791, F1, i)}
{(N87->N1646, F1, i) + (N3543, F0, i)}
{(N87->N1646, F1, i) + (N1603->N807, F0, i)}
{(N87->N1646, F1, i) + (N807, F0, i)}
{(N87->N1646, F1, i) + (N2134->N1834, F1, i)}
{(N87->N1646, F1, i) + (N1834, F0, i)}
{(N87->N1646, F1, i) + (N126->N1425, F1, i)}
{(N87->N1646, F1, i) + (N1425, F1, i)(N128,1,i)}
{(N1646, F1, i)(N225,1,i) + (N401, F1, i)(N3009,1,i)}
{(N1646, F1, i)(N225,1,i) + (N2791, F1, i)}
{(N1646, F1, i)(N225,1,i) + (N3543, F0, i)}
{(N1646, F1, i)(N225,1,i) + (N1603->N807, F0, i)}
{(N1646, F1, i)(N225,1,i) + (N807, F0, i)}
{(N1646, F1, i)(N225,1,i) + (N2134->N1834, F1, i)}
{(N1646, F1, i)(N225,1,i) + (N1834, F0, i)}
{(N1646, F1, i)(N225,1,i) + (N126->N1425, F1, i)}
{(N1646, F1, i)(N225,1,i) + (N1425, F1, i)(N128,1,i)}
