100.0	{(not_n1267, F1, i)}
100.0	{(n1267->not_n1267, F0, i)}
100.0	{(n1267, F0, i)}
100.0	{(and_n1251_n1266->n1267, F0, i)}
100.0	{(and_n1251_n1266, F0, i)}
100.0	{(n1251->and_n1251_n1266, F0, i)}
100.0	{(n1266->and_n1251_n1266, F0, i)}
100.0	{(n1266, F0, i)}
100.0	{(and_not_pi146_n1249->n1266, F0, i)}
100.0	{(and_not_pi146_n1249, F0, i)}
100.0	{(n1249->and_not_pi146_n1249, F0, i)}
100.0	{(not_pi146->and_not_pi146_n1249, F0, i)}
100.0	{(not_pi146, F0, i)}
100.0	{(not_n1267->and_not_n1265_not_n1267, F1, i)}
100.0	{(po080_driver->po080, F1, i)}
100.0	{(po080_driver, F1, i)}
100.0	{(or_pi129_n1268->po080_driver, F1, i)}
100.0	{(or_pi129_n1268, F1, i)}
100.0	{(n1268->or_pi129_n1268, F1, i)}
100.0	{(n1268, F1, i)}
100.0	{(and_not_n1265_not_n1267->n1268, F1, i)}
100.0	{(and_not_n1265_not_n1267, F1, i)}
