100.0	{(po109_driver->po109, F0, i)}
100.0	{(po109_driver, F0, i)}
100.0	{(and_not_pi129_1742514982336908143055105517947102601079450420187483430_not_n1417->po109_driver, F0, i)}
100.0	{(and_not_pi129_1742514982336908143055105517947102601079450420187483430_not_n1417, F0, i)}
100.0	{(not_pi129_1742514982336908143055105517947102601079450420187483430->and_not_pi129_1742514982336908143055105517947102601079450420187483430_not_n1417, F0, i)}
100.0	{(not_n1417->and_not_pi129_1742514982336908143055105517947102601079450420187483430_not_n1417, F0, i)}
100.0	{(not_pi129_1742514982336908143055105517947102601079450420187483430, F0, i)}
100.0	{(not_n1417, F0, i)}
100.0	{(n1417->not_n1417, F1, i)}
100.0	{(n1417, F1, i)}
100.0	{(and_not_n1415_not_n1416->n1417, F1, i)}
100.0	{(and_not_n1415_not_n1416, F1, i)}
100.0	{(n1414, F1, i)}
100.0	{(and_n1412_n1413->n1414, F1, i)}
100.0	{(and_n1412_n1413, F1, i)}
100.0	{(not_n1415, F1, i)}
100.0	{(n1415->not_n1415, F0, i)}
100.0	{(n1415, F0, i)}
100.0	{(and_pi094_not_n1414->n1415, F0, i)}
100.0	{(and_pi094_not_n1414, F0, i)}
100.0	{(not_n1414->and_pi094_not_n1414, F0, i)}
100.0	{(not_n1414, F0, i)}
100.0	{(n1414->not_n1414, F1, i)}
100.0	{(not_n1415->and_not_n1415_not_n1416, F1, i)}
