100.0	{(not_n1459, F1, i)}
100.0	{(n1459->not_n1459, F0, i)}
100.0	{(n1459, F0, i)}
100.0	{(and_pi096_pi138->n1459, F0, i)}
100.0	{(and_pi096_pi138, F0, i)}
100.0	{(not_n1459->and_not_n1459_not_n1460, F1, i)}
100.0	{(n1464, F0, i)}
100.0	{(and_pi137_not_n1463->n1464, F0, i)}
100.0	{(and_pi137_not_n1463, F0, i)}
100.0	{(not_n1463->and_pi137_not_n1463, F0, i)}
100.0	{(not_n1463, F0, i)}
100.0	{(n1463->not_n1463, F1, i)}
100.0	{(n1463, F1, i)}
100.0	{(and_not_n1458_not_n1462->n1463, F1, i)}
100.0	{(and_not_n1458_not_n1462, F1, i)}
100.0	{(n1464->or_n1457_n1464, F0, i)}
100.0	{(not_n1462, F1, i)}
100.0	{(n1462->not_n1462, F0, i)}
100.0	{(n1462, F0, i)}
100.0	{(and_not_pi136_5_not_n1461->n1462, F0, i)}
100.0	{(and_not_pi136_5_not_n1461, F0, i)}
100.0	{(not_pi136_5->and_not_pi136_5_not_n1461, F0, i)}
100.0	{(not_n1461->and_not_pi136_5_not_n1461, F0, i)}
100.0	{(not_pi136_5, F0, i)}
100.0	{(not_n1461, F0, i)}
100.0	{(n1461->not_n1461, F1, i)}
100.0	{(n1461, F1, i)}
100.0	{(and_not_n1459_not_n1460->n1461, F1, i)}
100.0	{(and_not_n1459_not_n1460, F1, i)}
100.0	{(not_n1462->and_not_n1458_not_n1462, F1, i)}
