100.0	{(n314, F0, i)}
100.0	{(and_not_pi007_1_n311->n314, F0, i)}
100.0	{(and_not_pi007_1_n311, F0, i)}
100.0	{(n311->and_not_pi007_1_n311, F0, i)}
100.0	{(not_pi007_1->and_not_pi007_1_n311, F0, i)}
100.0	{(not_pi007_1, F0, i)}
100.0	{(n312, F1, i)}
100.0	{(and_not_pi007_0_pi013->n312, F1, i)}
100.0	{(and_not_pi007_0_pi013, F1, i)}
100.0	{(not_pi000, F1, i)}
100.0	{(not_pi000->and_not_pi000_not_n306, F1, i)}
100.0	{(n312->and_n311_n312, F1, i)}
100.0	{(n316, F1, i)}
100.0	{(and_not_n314_not_n315->n316, F1, i)}
100.0	{(and_not_n314_not_n315, F1, i)}
100.0	{(n316->and_n316_n318, F1, i)}
100.0	{(not_n314, F1, i)}
100.0	{(n314->not_n314, F0, i)}
100.0	{(not_n314->and_not_n314_not_n315, F1, i)}
100.0	{(not_n320, F1, i)}
100.0	{(n320->not_n320, F0, i)}
100.0	{(n320, F0, i)}
100.0	{(and_not_n313_not_n319->n320, F0, i)}
100.0	{(and_not_n313_not_n319, F0, i)}
100.0	{(not_n319->and_not_n313_not_n319, F0, i)}
100.0	{(not_n313->and_not_n313_not_n319, F0, i)}
100.0	{(not_n319, F0, i)}
100.0	{(n319->not_n319, F1, i)}
100.0	{(not_n313, F0, i)}
100.0	{(n313->not_n313, F1, i)}
100.0	{(n319, F1, i)}
100.0	{(and_n316_n318->n319, F1, i)}
100.0	{(n313, F1, i)}
100.0	{(and_n311_n312->n313, F1, i)}
100.0	{(and_n316_n318, F1, i)}
100.0	{(and_n311_n312, F1, i)}
100.0	{(not_n320->and_not_pi014_0_not_n320, F1, i)}
