100.0	{(n929, F1, i)}
100.0	{(and_n638_n928->n929, F1, i)}
100.0	{(and_n638_n928, F1, i)}
100.0	{(n929->and_n927_n929, F1, i)}
100.0	{(not_n931, F1, i)}
100.0	{(n931->not_n931, F0, i)}
100.0	{(n931, F0, i)}
100.0	{(and_pi082_not_n930->n931, F0, i)}
100.0	{(and_pi082_not_n930, F0, i)}
100.0	{(not_n930->and_pi082_not_n930, F0, i)}
100.0	{(not_n930, F0, i)}
100.0	{(n930->not_n930, F1, i)}
100.0	{(n930, F1, i)}
100.0	{(and_n927_n929->n930, F1, i)}
100.0	{(and_n927_n929, F1, i)}
100.0	{(not_n931->and_not_n379_3_not_n931, F1, i)}
100.0	{(n932, F1, i)}
100.0	{(and_not_n379_3_not_n931->n932, F1, i)}
100.0	{(and_not_n379_3_not_n931, F1, i)}
100.0	{(n932->and_pi074_n932, F1, i)}
100.0	{(n928, F1, i)}
100.0	{(and_not_pi050_2_n391->n928, F1, i)}
100.0	{(and_not_pi050_2_n391, F1, i)}
100.0	{(n928->and_n638_n928, F1, i)}
100.0	{(not_pi050_2, F1, i)}
100.0	{(not_pi050_2->and_not_pi050_2_n391, F1, i)}
