100.0	{(n448, F0, i)}
100.0	{(and_not_pi016_0_pi054->n448, F0, i)}
100.0	{(and_not_pi016_0_pi054, F0, i)}
100.0	{(not_pi016_0->and_not_pi016_0_pi054, F0, i)}
100.0	{(not_pi016_0, F0, i)}
100.0	{(not_n507, F1, i)}
100.0	{(n507->not_n507, F0, i)}
100.0	{(n507, F0, i)}
100.0	{(and_n502_n506->n507, F0, i)}
100.0	{(and_n502_n506, F0, i)}
100.0	{(n502->and_n502_n506, F0, i)}
100.0	{(n506->and_n502_n506, F0, i)}
100.0	{(n502, F0, i)}
100.0	{(and_n499_n501->n502, F0, i)}
100.0	{(n506, F0, i)}
100.0	{(and_n503_n505->n506, F0, i)}
100.0	{(and_n499_n501, F0, i)}
100.0	{(n499->and_n499_n501, F0, i)}
100.0	{(n501->and_n499_n501, F0, i)}
100.0	{(and_n503_n505, F0, i)}
100.0	{(n503->and_n503_n505, F0, i)}
100.0	{(n505->and_n503_n505, F0, i)}
100.0	{(n499, F0, i)}
100.0	{(and_n291_n344->n499, F0, i)}
100.0	{(n501, F0, i)}
100.0	{(and_n332_n500->n501, F0, i)}
100.0	{(n505, F0, i)}
100.0	{(and_n448_n504->n505, F0, i)}
100.0	{(and_n291_n344, F0, i)}
100.0	{(n344->and_n291_n344, F0, i)}
100.0	{(n291->and_n291_n344, F0, i)}
100.0	{(and_n332_n500, F0, i)}
100.0	{(n332->and_n332_n500, F0, i)}
100.0	{(n500->and_n332_n500, F0, i)}
100.0	{(and_n448_n504, F0, i)}
100.0	{(n448->and_n448_n504, F0, i)}
100.0	{(n504->and_n448_n504, F0, i)}
100.0	{(n500, F0, i)}
100.0	{(and_pi011_n459->n500, F0, i)}
100.0	{(n504, F0, i)}
100.0	{(and_not_pi009_2_n449->n504, F0, i)}
100.0	{(and_pi011_n459, F0, i)}
100.0	{(n459->and_pi011_n459, F0, i)}
100.0	{(and_not_pi009_2_n449, F0, i)}
100.0	{(n449->and_not_pi009_2_n449, F0, i)}
100.0	{(not_pi009_2->and_not_pi009_2_n449, F0, i)}
100.0	{(not_pi009_2, F0, i)}
100.0	{(not_n507->and_not_n498_not_n507, F1, i)}
