100.0	{(not_n1365, F1, i)}
100.0	{(n1365->not_n1365, F0, i)}
100.0	{(n1365, F0, i)}
100.0	{(and_pi084_not_n1325_4->n1365, F0, i)}
100.0	{(and_pi084_not_n1325_4, F0, i)}
100.0	{(not_n1325_4->and_pi084_not_n1325_4, F0, i)}
100.0	{(not_n1325_4, F0, i)}
100.0	{(n1325->not_n1325_4, F1, i)}
100.0	{(not_n1365->and_not_n1365_not_n1366, F1, i)}
100.0	{(po099_driver->po099, F0, i)}
100.0	{(po099_driver, F0, i)}
100.0	{(and_not_pi129_6168735096280623662907561568153897267931784070_not_n1367->po099_driver, F0, i)}
100.0	{(and_not_pi129_6168735096280623662907561568153897267931784070_not_n1367, F0, i)}
100.0	{(not_pi129_6168735096280623662907561568153897267931784070->and_not_pi129_6168735096280623662907561568153897267931784070_not_n1367, F0, i)}
100.0	{(not_n1367->and_not_pi129_6168735096280623662907561568153897267931784070_not_n1367, F0, i)}
100.0	{(not_pi129_6168735096280623662907561568153897267931784070, F0, i)}
100.0	{(not_n1367, F0, i)}
100.0	{(n1367->not_n1367, F1, i)}
100.0	{(n1367, F1, i)}
100.0	{(and_not_n1365_not_n1366->n1367, F1, i)}
100.0	{(and_not_n1365_not_n1366, F1, i)}
