100.0	{(not_n1178, F1, i)}
100.0	{(n1178->not_n1178, F0, i)}
100.0	{(n1178, F0, i)}
100.0	{(and_not_pi085_7_not_n1177->n1178, F0, i)}
100.0	{(and_not_pi085_7_not_n1177, F0, i)}
100.0	{(not_pi085_7->and_not_pi085_7_not_n1177, F0, i)}
100.0	{(not_n1177->and_not_pi085_7_not_n1177, F0, i)}
100.0	{(not_pi085_7, F0, i)}
100.0	{(not_n1177, F0, i)}
100.0	{(n1177->not_n1177, F1, i)}
100.0	{(n1177, F1, i)}
100.0	{(and_not_n1174_not_n1176->n1177, F1, i)}
100.0	{(and_not_n1174_not_n1176, F1, i)}
100.0	{(not_n1178->and_not_n1178_not_n1179, F1, i)}
100.0	{(not_n1168, F1, i)}
100.0	{(n1168->not_n1168, F0, i)}
100.0	{(n1168, F0, i)}
100.0	{(and_pi094_not_n1167->n1168, F0, i)}
100.0	{(and_pi094_not_n1167, F0, i)}
100.0	{(not_n1167->and_pi094_not_n1167, F0, i)}
100.0	{(not_n1167, F0, i)}
100.0	{(n1167->not_n1167, F1, i)}
100.0	{(n1167, F1, i)}
100.0	{(and_not_n1164_not_n1166->n1167, F1, i)}
100.0	{(and_not_n1164_not_n1166, F1, i)}
100.0	{(not_n1168->and_not_n1168_not_n1172, F1, i)}
100.0	{(not_n1174, F1, i)}
100.0	{(n1174->not_n1174, F0, i)}
100.0	{(n1174, F0, i)}
100.0	{(and_not_pi053_6_not_n1173->n1174, F0, i)}
100.0	{(and_not_pi053_6_not_n1173, F0, i)}
100.0	{(not_pi053_6->and_not_pi053_6_not_n1173, F0, i)}
100.0	{(not_n1173->and_not_pi053_6_not_n1173, F0, i)}
100.0	{(not_pi053_6, F0, i)}
100.0	{(not_n1173, F0, i)}
100.0	{(n1173->not_n1173, F1, i)}
100.0	{(n1173, F1, i)}
100.0	{(and_not_n1168_not_n1172->n1173, F1, i)}
100.0	{(and_not_n1168_not_n1172, F1, i)}
100.0	{(not_n1174->and_not_n1174_not_n1176, F1, i)}
