100.0	{(not_n648, F1, i)}
100.0	{(n648->not_n648, F0, i)}
100.0	{(n648, F0, i)}
100.0	{(and_not_pi071_n647->n648, F0, i)}
100.0	{(and_not_pi071_n647, F0, i)}
100.0	{(not_pi071->and_not_pi071_n647, F0, i)}
100.0	{(n647->and_not_pi071_n647, F0, i)}
100.0	{(not_pi071, F0, i)}
100.0	{(n647, F0, i)}
100.0	{(and_not_n379_1_not_n646->n647, F0, i)}
100.0	{(and_not_n379_1_not_n646, F0, i)}
100.0	{(not_n646->and_not_n379_1_not_n646, F0, i)}
100.0	{(not_n379_1->and_not_n379_1_not_n646, F0, i)}
100.0	{(not_n646, F0, i)}
100.0	{(n646->not_n646, F1, i)}
100.0	{(not_n379_1, F0, i)}
100.0	{(n379->not_n379_1, F1, i)}
100.0	{(n646, F1, i)}
100.0	{(and_pi082_not_n645->n646, F1, i)}
100.0	{(and_pi082_not_n645, F1, i)}
100.0	{(not_n648->and_not_n648_n659, F1, i)}
98.71	{(po035_driver->po035, F0, i)}
98.71	{(po035_driver, F0, i)}
98.71	{(and_not_pi129_403536070_not_n660->po035_driver, F0, i)}
98.71	{(and_not_pi129_403536070_not_n660, F0, i)}
98.71	{(not_pi129_403536070->and_not_pi129_403536070_not_n660, F0, i)}
98.71	{(not_n660->and_not_pi129_403536070_not_n660, F0, i)}
98.71	{(not_pi129_403536070, F0, i)}
98.71	{(not_n660, F0, i)}
98.71	{(n660->not_n660, F1, i)}
98.71	{(n660, F1, i)}
98.71	{(and_not_n648_n659->n660, F1, i)}
98.71	{(and_not_n648_n659, F1, i)}
