100.0	{(not_n1553, F1, i)}
100.0	{(n1553->not_n1553, F0, i)}
100.0	{(n1553, F0, i)}
100.0	{(and_not_pi064_not_pi138_8235430->n1553, F0, i)}
100.0	{(and_not_pi064_not_pi138_8235430, F0, i)}
100.0	{(not_pi064->and_not_pi064_not_pi138_8235430, F0, i)}
100.0	{(not_pi138_8235430->and_not_pi064_not_pi138_8235430, F0, i)}
100.0	{(not_pi064, F0, i)}
100.0	{(not_pi138_8235430, F0, i)}
100.0	{(not_n1553->and_not_n1552_not_n1553, F1, i)}
100.0	{(not_n1555, F1, i)}
100.0	{(n1555->not_n1555, F0, i)}
100.0	{(n1555, F0, i)}
100.0	{(and_pi136_not_n1554->n1555, F0, i)}
100.0	{(and_pi136_not_n1554, F0, i)}
100.0	{(not_n1554->and_pi136_not_n1554, F0, i)}
100.0	{(not_n1554, F0, i)}
100.0	{(n1554->not_n1554, F1, i)}
100.0	{(n1554, F1, i)}
100.0	{(and_not_n1552_not_n1553->n1554, F1, i)}
100.0	{(and_not_n1552_not_n1553, F1, i)}
100.0	{(not_n1555->and_not_n1555_not_n1559, F1, i)}
