100.0	{(n756, F1, i)}
100.0	{(and_n754_n755->n756, F1, i)}
100.0	{(and_n754_n755, F1, i)}
100.0	{(n756->and_n748_n756, F1, i)}
100.0	{(not_n726, F1, i)}
100.0	{(n726->not_n726, F0, i)}
100.0	{(not_n726->and_pi025_not_n726, F1, i)}
100.0	{(n726, F0, i)}
100.0	{(and_not_pi110_0_not_n725->n726, F0, i)}
100.0	{(and_not_pi110_0_not_n725, F0, i)}
100.0	{(not_pi110_0->and_not_pi110_0_not_n725, F0, i)}
100.0	{(not_n725->and_not_pi110_0_not_n725, F0, i)}
100.0	{(not_pi110_0, F0, i)}
100.0	{(not_n725, F0, i)}
100.0	{(n725->not_n725, F1, i)}
100.0	{(n749, F1, i)}
100.0	{(and_pi053_not_pi085_2->n749, F1, i)}
100.0	{(and_pi053_not_pi085_2, F1, i)}
100.0	{(n755->and_n754_n755, F1, i)}
100.0	{(n749->and_not_pi027_0_n749, F1, i)}
100.0	{(n750, F1, i)}
100.0	{(and_not_pi027_0_n749->n750, F1, i)}
100.0	{(and_not_pi027_0_n749, F1, i)}
100.0	{(n750->and_n748_n750, F1, i)}
