100.0	{(n762, F1, i)}
100.0	{(and_not_pi110_1_not_n761->n762, F1, i)}
100.0	{(and_not_pi110_1_not_n761, F1, i)}
100.0	{(not_n766, F1, i)}
100.0	{(n766->not_n766, F0, i)}
100.0	{(n766, F0, i)}
100.0	{(and_not_n764_not_n765->n766, F0, i)}
100.0	{(and_not_n764_not_n765, F0, i)}
100.0	{(not_n765->and_not_n764_not_n765, F0, i)}
100.0	{(not_n764->and_not_n764_not_n765, F0, i)}
100.0	{(not_n765, F0, i)}
100.0	{(n765->not_n765, F1, i)}
100.0	{(not_n764, F0, i)}
100.0	{(n764->not_n764, F1, i)}
100.0	{(n765, F1, i)}
100.0	{(and_not_pi026_2_n713->n765, F1, i)}
100.0	{(n764, F1, i)}
100.0	{(and_not_pi096_0_n763->n764, F1, i)}
100.0	{(and_not_pi026_2_n713, F1, i)}
100.0	{(and_not_pi096_0_n763, F1, i)}
100.0	{(not_n766->and_pi100_not_n766, F1, i)}
100.0	{(n763, F1, i)}
100.0	{(and_not_n728_0_n762->n763, F1, i)}
100.0	{(and_not_n728_0_n762, F1, i)}
100.0	{(n763->and_not_pi096_0_n763, F1, i)}
100.0	{(n762->and_not_n728_0_n762, F1, i)}
100.0	{(n713->and_not_pi026_2_n713, F1, i)}
