100.0	{(not_n840, F1, i)}
100.0	{(n840->not_n840, F0, i)}
100.0	{(n840, F0, i)}
100.0	{(and_pi058_not_n839->n840, F0, i)}
100.0	{(and_pi058_not_n839, F0, i)}
100.0	{(not_n839->and_pi058_not_n839, F0, i)}
100.0	{(not_n839, F0, i)}
100.0	{(n839->not_n839, F1, i)}
100.0	{(n839, F1, i)}
100.0	{(and_not_n837_not_n838->n839, F1, i)}
100.0	{(and_not_n837_not_n838, F1, i)}
100.0	{(not_n840->and_not_n836_not_n840, F1, i)}
100.0	{(n838, F0, i)}
100.0	{(and_pi029_not_pi116_5->n838, F0, i)}
100.0	{(and_pi029_not_pi116_5, F0, i)}
100.0	{(not_pi116_5->and_pi029_not_pi116_5, F0, i)}
100.0	{(not_pi116_5, F0, i)}
100.0	{(not_n838, F1, i)}
100.0	{(n838->not_n838, F0, i)}
100.0	{(not_n838->and_not_n837_not_n838, F1, i)}
