100.0	{(not_n1591, F1, i)}
100.0	{(n1591->not_n1591, F0, i)}
100.0	{(n1591, F0, i)}
100.0	{(and_not_n1589_not_n1590->n1591, F0, i)}
100.0	{(and_not_n1589_not_n1590, F0, i)}
100.0	{(not_n1590->and_not_n1589_not_n1590, F0, i)}
100.0	{(not_n1589->and_not_n1589_not_n1590, F0, i)}
100.0	{(not_n1590, F0, i)}
100.0	{(n1590->not_n1590, F1, i)}
100.0	{(not_n1589, F0, i)}
100.0	{(n1589->not_n1589, F1, i)}
100.0	{(n1590, F1, i)}
100.0	{(and_not_pi112_0_not_n1421_1->n1590, F1, i)}
100.0	{(n1589, F1, i)}
100.0	{(and_n1583_n1588->n1589, F1, i)}
100.0	{(and_not_pi112_0_not_n1421_1, F1, i)}
100.0	{(and_n1583_n1588, F1, i)}
100.0	{(not_n1591->and_n1246_not_n1591, F1, i)}
100.0	{(not_n1421_1, F1, i)}
100.0	{(n1421->not_n1421_1, F0, i)}
100.0	{(not_n1421_1->and_not_pi112_0_not_n1421_1, F1, i)}
100.0	{(n1588, F1, i)}
100.0	{(and_not_pi136_403536070_pi141->n1588, F1, i)}
100.0	{(and_not_pi136_403536070_pi141, F1, i)}
100.0	{(n1588->and_n1583_n1588, F1, i)}
