100.0	{(n1247, F0, i)}
100.0	{(and_n1244_n1246->n1247, F0, i)}
100.0	{(and_n1244_n1246, F0, i)}
100.0	{(n1246->and_n1244_n1246, F0, i)}
100.0	{(n1244->and_n1244_n1246, F0, i)}
100.0	{(n1244, F0, i)}
100.0	{(and_pi136_n1243->n1244, F0, i)}
100.0	{(and_pi136_n1243, F0, i)}
100.0	{(n1243->and_pi136_n1243, F0, i)}
100.0	{(n1243, F0, i)}
100.0	{(and_not_pi137_not_pi138->n1243, F0, i)}
100.0	{(and_not_pi137_not_pi138, F0, i)}
100.0	{(not_pi137->and_not_pi137_not_pi138, F0, i)}
100.0	{(not_pi138->and_not_pi137_not_pi138, F0, i)}
100.0	{(not_pi137, F0, i)}
100.0	{(not_pi138, F0, i)}
100.0	{(not_pi142, F1, i)}
100.0	{(not_pi142->and_not_pi142_n1249, F1, i)}
100.0	{(not_n1247_0, F1, i)}
100.0	{(n1247->not_n1247_0, F0, i)}
100.0	{(not_n1247_0->and_pi063_not_n1247_0, F1, i)}
