100.0	{(not_n1226, F1, i)}
100.0	{(n1226->not_n1226, F0, i)}
100.0	{(n1226, F0, i)}
100.0	{(and_not_n1222_not_n1225->n1226, F0, i)}
100.0	{(and_not_n1222_not_n1225, F0, i)}
100.0	{(not_n1225->and_not_n1222_not_n1225, F0, i)}
100.0	{(not_n1222->and_not_n1222_not_n1225, F0, i)}
100.0	{(not_n1225, F0, i)}
100.0	{(n1225->not_n1225, F1, i)}
100.0	{(not_n1222, F0, i)}
100.0	{(n1222->not_n1222, F1, i)}
100.0	{(n1225, F1, i)}
100.0	{(and_n1223_n1224->n1225, F1, i)}
100.0	{(n1222, F1, i)}
100.0	{(and_not_pi085_490_not_n1221->n1222, F1, i)}
100.0	{(and_n1223_n1224, F1, i)}
100.0	{(and_not_pi085_490_not_n1221, F1, i)}
100.0	{(not_n1226->and_not_pi027_490_not_n1226, F1, i)}
97.66	{(not_n1230, F1, i)}
97.66	{(n1230->not_n1230, F0, i)}
97.66	{(n1230, F0, i)}
97.66	{(and_not_n1227_not_n1229->n1230, F0, i)}
97.66	{(and_not_n1227_not_n1229, F0, i)}
97.66	{(not_n1229->and_not_n1227_not_n1229, F0, i)}
97.66	{(not_n1227->and_not_n1227_not_n1229, F0, i)}
97.66	{(not_n1229, F0, i)}
97.66	{(n1229->not_n1229, F1, i)}
97.66	{(not_n1227, F0, i)}
97.66	{(n1227->not_n1227, F1, i)}
97.66	{(n1229, F1, i)}
97.66	{(and_n1223_n1228->n1229, F1, i)}
97.66	{(n1227, F1, i)}
97.66	{(and_not_pi027_490_not_n1226->n1227, F1, i)}
97.66	{(and_n1223_n1228, F1, i)}
97.66	{(and_not_pi027_490_not_n1226, F1, i)}
97.66	{(not_n1230->and_not_pi026_24010_not_n1230, F1, i)}
