100.0	{(not_n320, F1, i)}
100.0	{(n320->not_n320, F0, i)}
100.0	{(n320, F0, i)}
100.0	{(and_not_n313_not_n319->n320, F0, i)}
100.0	{(and_not_n313_not_n319, F0, i)}
100.0	{(not_n319->and_not_n313_not_n319, F0, i)}
100.0	{(not_n313->and_not_n313_not_n319, F0, i)}
100.0	{(not_n319, F0, i)}
100.0	{(n319->not_n319, F1, i)}
100.0	{(not_n313, F0, i)}
100.0	{(n313->not_n313, F1, i)}
100.0	{(n319, F1, i)}
100.0	{(and_n316_n318->n319, F1, i)}
100.0	{(n313, F1, i)}
100.0	{(and_n311_n312->n313, F1, i)}
100.0	{(and_n316_n318, F1, i)}
100.0	{(and_n311_n312, F1, i)}
100.0	{(not_n320->and_not_pi014_0_not_n320, F1, i)}
100.0	{(n318, F1, i)}
100.0	{(and_not_pi013_0_not_n317->n318, F1, i)}
100.0	{(and_not_pi013_0_not_n317, F1, i)}
100.0	{(n318->and_n316_n318, F1, i)}
