100.0	{(not_n995, F1, i)}
100.0	{(n995->not_n995, F0, i)}
100.0	{(n995, F0, i)}
100.0	{(and_pi072_n994->n995, F0, i)}
100.0	{(and_pi072_n994, F0, i)}
100.0	{(n994->and_pi072_n994, F0, i)}
100.0	{(n994, F0, i)}
100.0	{(and_not_n379_6_not_n993->n994, F0, i)}
100.0	{(and_not_n379_6_not_n993, F0, i)}
100.0	{(not_n379_6->and_not_n379_6_not_n993, F0, i)}
100.0	{(not_n993->and_not_n379_6_not_n993, F0, i)}
100.0	{(not_n379_6, F0, i)}
100.0	{(n379->not_n379_6, F1, i)}
100.0	{(not_n993, F0, i)}
100.0	{(n993->not_n993, F1, i)}
100.0	{(n993, F1, i)}
100.0	{(and_pi082_not_n992->n993, F1, i)}
100.0	{(and_pi082_not_n992, F1, i)}
100.0	{(not_n995->and_not_n995_n997, F1, i)}
100.0	{(n927, F0, i)}
100.0	{(and_n401_n926->n927, F0, i)}
100.0	{(and_n401_n926, F0, i)}
100.0	{(n926->and_n401_n926, F0, i)}
100.0	{(n401->and_n401_n926, F0, i)}
100.0	{(n926, F0, i)}
100.0	{(and_n398_n925->n926, F0, i)}
100.0	{(and_n398_n925, F0, i)}
100.0	{(n925->and_n398_n925, F0, i)}
100.0	{(n398->and_n398_n925, F0, i)}
100.0	{(n925, F0, i)}
100.0	{(and_not_pi002_2_not_pi048_2->n925, F0, i)}
100.0	{(and_not_pi002_2_not_pi048_2, F0, i)}
100.0	{(not_pi048_2->and_not_pi002_2_not_pi048_2, F0, i)}
100.0	{(not_pi002_2->and_not_pi002_2_not_pi048_2, F0, i)}
100.0	{(not_pi048_2, F0, i)}
100.0	{(not_pi002_2, F0, i)}
100.0	{(not_n992, F1, i)}
100.0	{(n992->not_n992, F0, i)}
100.0	{(n992, F0, i)}
100.0	{(and_n927_n991->n992, F0, i)}
100.0	{(and_n927_n991, F0, i)}
100.0	{(n991->and_n927_n991, F0, i)}
100.0	{(n927->and_n927_n991, F0, i)}
100.0	{(n991, F0, i)}
100.0	{(and_n638_n990->n991, F0, i)}
100.0	{(and_n638_n990, F0, i)}
100.0	{(n638->and_n638_n990, F0, i)}
100.0	{(n990->and_n638_n990, F0, i)}
100.0	{(not_n992->and_pi082_not_n992, F1, i)}
