100.0	{(po093_driver->po093, F0, i)}
100.0	{(po093_driver, F0, i)}
100.0	{(and_not_pi129_367033682172941254412302110320336601888010_not_n1328->po093_driver, F0, i)}
100.0	{(and_not_pi129_367033682172941254412302110320336601888010_not_n1328, F0, i)}
100.0	{(not_pi129_367033682172941254412302110320336601888010->and_not_pi129_367033682172941254412302110320336601888010_not_n1328, F0, i)}
100.0	{(not_n1328->and_not_pi129_367033682172941254412302110320336601888010_not_n1328, F0, i)}
100.0	{(not_pi129_367033682172941254412302110320336601888010, F0, i)}
100.0	{(not_n1328, F0, i)}
100.0	{(n1328->not_n1328, F1, i)}
100.0	{(n1328, F1, i)}
100.0	{(and_not_n1326_not_n1327->n1328, F1, i)}
100.0	{(and_not_n1326_not_n1327, F1, i)}
100.0	{(not_n1326, F1, i)}
100.0	{(n1326->not_n1326, F0, i)}
100.0	{(n1326, F0, i)}
100.0	{(and_pi078_not_n1325->n1326, F0, i)}
100.0	{(and_pi078_not_n1325, F0, i)}
100.0	{(not_n1325->and_pi078_not_n1325, F0, i)}
100.0	{(not_n1325, F0, i)}
100.0	{(n1325->not_n1325, F1, i)}
100.0	{(not_n1326->and_not_n1326_not_n1327, F1, i)}
