{(N2486, F1, i)(N1677,1,i) + (N2982, F1, i)(N2289,1,i) + (N703, F0, i) + (N930, F1, i) + (N1587, F1, i)(N2157,1,i)}
{(N2486, F1, i)(N1677,1,i) + (N2982, F1, i)(N2289,1,i) + (N703, F0, i) + (N930, F1, i) + (N437->N1993, F0, i)}
{(N2486, F1, i)(N1677,1,i) + (N2982, F1, i)(N2289,1,i) + (N703, F0, i) + (N930, F1, i) + (N1993, F1, i)}
{(N2486, F1, i)(N1677,1,i) + (N2982, F1, i)(N2289,1,i) + (N703, F0, i) + (N1266, F1, i) + (N1587, F1, i)(N2157,1,i)}
{(N2486, F1, i)(N1677,1,i) + (N2982, F1, i)(N2289,1,i) + (N703, F0, i) + (N1266, F1, i) + (N437->N1993, F0, i)}
{(N2486, F1, i)(N1677,1,i) + (N2982, F1, i)(N2289,1,i) + (N703, F0, i) + (N1266, F1, i) + (N1993, F1, i)}
{(N2486, F1, i)(N1677,1,i) + (N2982, F1, i)(N2289,1,i) + (N112->N1846, F0, i) + (N930, F1, i) + (N1587, F1, i)(N2157,1,i)}
{(N2486, F1, i)(N1677,1,i) + (N2982, F1, i)(N2289,1,i) + (N112->N1846, F0, i) + (N930, F1, i) + (N437->N1993, F0, i)}
{(N2486, F1, i)(N1677,1,i) + (N2982, F1, i)(N2289,1,i) + (N112->N1846, F0, i) + (N930, F1, i) + (N1993, F1, i)}
{(N2486, F1, i)(N1677,1,i) + (N2982, F1, i)(N2289,1,i) + (N112->N1846, F0, i) + (N1266, F1, i) + (N1587, F1, i)(N2157,1,i)}
{(N2486, F1, i)(N1677,1,i) + (N2982, F1, i)(N2289,1,i) + (N112->N1846, F0, i) + (N1266, F1, i) + (N437->N1993, F0, i)}
{(N2486, F1, i)(N1677,1,i) + (N2982, F1, i)(N2289,1,i) + (N112->N1846, F0, i) + (N1266, F1, i) + (N1993, F1, i)}
{(N2486, F1, i)(N1677,1,i) + (N2982, F1, i)(N2289,1,i) + (N10->N1846, F0, i) + (N930, F1, i) + (N1587, F1, i)(N2157,1,i)}
{(N2486, F1, i)(N1677,1,i) + (N2982, F1, i)(N2289,1,i) + (N10->N1846, F0, i) + (N930, F1, i) + (N437->N1993, F0, i)}
{(N2486, F1, i)(N1677,1,i) + (N2982, F1, i)(N2289,1,i) + (N10->N1846, F0, i) + (N930, F1, i) + (N1993, F1, i)}
{(N2486, F1, i)(N1677,1,i) + (N2982, F1, i)(N2289,1,i) + (N10->N1846, F0, i) + (N1266, F1, i) + (N1587, F1, i)(N2157,1,i)}
{(N2486, F1, i)(N1677,1,i) + (N2982, F1, i)(N2289,1,i) + (N10->N1846, F0, i) + (N1266, F1, i) + (N437->N1993, F0, i)}
{(N2486, F1, i)(N1677,1,i) + (N2982, F1, i)(N2289,1,i) + (N10->N1846, F0, i) + (N1266, F1, i) + (N1993, F1, i)}
{(N2486, F1, i)(N1677,1,i) + (N2982, F1, i)(N2289,1,i) + (N1846, F0, i) + (N930, F1, i) + (N1587, F1, i)(N2157,1,i)}
{(N2486, F1, i)(N1677,1,i) + (N2982, F1, i)(N2289,1,i) + (N1846, F0, i) + (N930, F1, i) + (N437->N1993, F0, i)}
{(N2486, F1, i)(N1677,1,i) + (N2982, F1, i)(N2289,1,i) + (N1846, F0, i) + (N930, F1, i) + (N1993, F1, i)}
{(N2486, F1, i)(N1677,1,i) + (N2982, F1, i)(N2289,1,i) + (N1846, F0, i) + (N1266, F1, i) + (N1587, F1, i)(N2157,1,i)}
{(N2486, F1, i)(N1677,1,i) + (N2982, F1, i)(N2289,1,i) + (N1846, F0, i) + (N1266, F1, i) + (N437->N1993, F0, i)}
{(N2486, F1, i)(N1677,1,i) + (N2982, F1, i)(N2289,1,i) + (N1846, F0, i) + (N1266, F1, i) + (N1993, F1, i)}
{(N2486, F1, i)(N1677,1,i) + (N3884->N1098, F0, i) + (N703, F0, i) + (N930, F1, i) + (N1587, F1, i)(N2157,1,i)}
{(N2486, F1, i)(N1677,1,i) + (N3884->N1098, F0, i) + (N703, F0, i) + (N930, F1, i) + (N437->N1993, F0, i)}
{(N2486, F1, i)(N1677,1,i) + (N3884->N1098, F0, i) + (N703, F0, i) + (N930, F1, i) + (N1993, F1, i)}
{(N2486, F1, i)(N1677,1,i) + (N3884->N1098, F0, i) + (N703, F0, i) + (N1266, F1, i) + (N1587, F1, i)(N2157,1,i)}
{(N2486, F1, i)(N1677,1,i) + (N3884->N1098, F0, i) + (N703, F0, i) + (N1266, F1, i) + (N437->N1993, F0, i)}
{(N2486, F1, i)(N1677,1,i) + (N3884->N1098, F0, i) + (N703, F0, i) + (N1266, F1, i) + (N1993, F1, i)}
{(N2486, F1, i)(N1677,1,i) + (N3884->N1098, F0, i) + (N112->N1846, F0, i) + (N930, F1, i) + (N1587, F1, i)(N2157,1,i)}
{(N2486, F1, i)(N1677,1,i) + (N3884->N1098, F0, i) + (N112->N1846, F0, i) + (N930, F1, i) + (N437->N1993, F0, i)}
{(N2486, F1, i)(N1677,1,i) + (N3884->N1098, F0, i) + (N112->N1846, F0, i) + (N930, F1, i) + (N1993, F1, i)}
{(N2486, F1, i)(N1677,1,i) + (N3884->N1098, F0, i) + (N112->N1846, F0, i) + (N1266, F1, i) + (N1587, F1, i)(N2157,1,i)}
{(N2486, F1, i)(N1677,1,i) + (N3884->N1098, F0, i) + (N112->N1846, F0, i) + (N1266, F1, i) + (N437->N1993, F0, i)}
{(N2486, F1, i)(N1677,1,i) + (N3884->N1098, F0, i) + (N112->N1846, F0, i) + (N1266, F1, i) + (N1993, F1, i)}
{(N2486, F1, i)(N1677,1,i) + (N3884->N1098, F0, i) + (N10->N1846, F0, i) + (N930, F1, i) + (N1587, F1, i)(N2157,1,i)}
{(N2486, F1, i)(N1677,1,i) + (N3884->N1098, F0, i) + (N10->N1846, F0, i) + (N930, F1, i) + (N437->N1993, F0, i)}
{(N2486, F1, i)(N1677,1,i) + (N3884->N1098, F0, i) + (N10->N1846, F0, i) + (N930, F1, i) + (N1993, F1, i)}
{(N2486, F1, i)(N1677,1,i) + (N3884->N1098, F0, i) + (N10->N1846, F0, i) + (N1266, F1, i) + (N1587, F1, i)(N2157,1,i)}
{(N2486, F1, i)(N1677,1,i) + (N3884->N1098, F0, i) + (N10->N1846, F0, i) + (N1266, F1, i) + (N437->N1993, F0, i)}
{(N2486, F1, i)(N1677,1,i) + (N3884->N1098, F0, i) + (N10->N1846, F0, i) + (N1266, F1, i) + (N1993, F1, i)}
{(N2486, F1, i)(N1677,1,i) + (N3884->N1098, F0, i) + (N1846, F0, i) + (N930, F1, i) + (N1587, F1, i)(N2157,1,i)}
{(N2486, F1, i)(N1677,1,i) + (N3884->N1098, F0, i) + (N1846, F0, i) + (N930, F1, i) + (N437->N1993, F0, i)}
{(N2486, F1, i)(N1677,1,i) + (N3884->N1098, F0, i) + (N1846, F0, i) + (N930, F1, i) + (N1993, F1, i)}
{(N2486, F1, i)(N1677,1,i) + (N3884->N1098, F0, i) + (N1846, F0, i) + (N1266, F1, i) + (N1587, F1, i)(N2157,1,i)}
{(N2486, F1, i)(N1677,1,i) + (N3884->N1098, F0, i) + (N1846, F0, i) + (N1266, F1, i) + (N437->N1993, F0, i)}
{(N2486, F1, i)(N1677,1,i) + (N3884->N1098, F0, i) + (N1846, F0, i) + (N1266, F1, i) + (N1993, F1, i)}
{(N2486, F1, i)(N1677,1,i) + (N1098, F1, i) + (N703, F0, i) + (N930, F1, i) + (N1587, F1, i)(N2157,1,i)}
{(N2486, F1, i)(N1677,1,i) + (N1098, F1, i) + (N703, F0, i) + (N930, F1, i) + (N437->N1993, F0, i)}
{(N2486, F1, i)(N1677,1,i) + (N1098, F1, i) + (N703, F0, i) + (N930, F1, i) + (N1993, F1, i)}
{(N2486, F1, i)(N1677,1,i) + (N1098, F1, i) + (N703, F0, i) + (N1266, F1, i) + (N1587, F1, i)(N2157,1,i)}
{(N2486, F1, i)(N1677,1,i) + (N1098, F1, i) + (N703, F0, i) + (N1266, F1, i) + (N437->N1993, F0, i)}
{(N2486, F1, i)(N1677,1,i) + (N1098, F1, i) + (N703, F0, i) + (N1266, F1, i) + (N1993, F1, i)}
{(N2486, F1, i)(N1677,1,i) + (N1098, F1, i) + (N112->N1846, F0, i) + (N930, F1, i) + (N1587, F1, i)(N2157,1,i)}
{(N2486, F1, i)(N1677,1,i) + (N1098, F1, i) + (N112->N1846, F0, i) + (N930, F1, i) + (N437->N1993, F0, i)}
{(N2486, F1, i)(N1677,1,i) + (N1098, F1, i) + (N112->N1846, F0, i) + (N930, F1, i) + (N1993, F1, i)}
{(N2486, F1, i)(N1677,1,i) + (N1098, F1, i) + (N112->N1846, F0, i) + (N1266, F1, i) + (N1587, F1, i)(N2157,1,i)}
{(N2486, F1, i)(N1677,1,i) + (N1098, F1, i) + (N112->N1846, F0, i) + (N1266, F1, i) + (N437->N1993, F0, i)}
{(N2486, F1, i)(N1677,1,i) + (N1098, F1, i) + (N112->N1846, F0, i) + (N1266, F1, i) + (N1993, F1, i)}
{(N2486, F1, i)(N1677,1,i) + (N1098, F1, i) + (N10->N1846, F0, i) + (N930, F1, i) + (N1587, F1, i)(N2157,1,i)}
{(N2486, F1, i)(N1677,1,i) + (N1098, F1, i) + (N10->N1846, F0, i) + (N930, F1, i) + (N437->N1993, F0, i)}
{(N2486, F1, i)(N1677,1,i) + (N1098, F1, i) + (N10->N1846, F0, i) + (N930, F1, i) + (N1993, F1, i)}
{(N2486, F1, i)(N1677,1,i) + (N1098, F1, i) + (N10->N1846, F0, i) + (N1266, F1, i) + (N1587, F1, i)(N2157,1,i)}
{(N2486, F1, i)(N1677,1,i) + (N1098, F1, i) + (N10->N1846, F0, i) + (N1266, F1, i) + (N437->N1993, F0, i)}
{(N2486, F1, i)(N1677,1,i) + (N1098, F1, i) + (N10->N1846, F0, i) + (N1266, F1, i) + (N1993, F1, i)}
{(N2486, F1, i)(N1677,1,i) + (N1098, F1, i) + (N1846, F0, i) + (N930, F1, i) + (N1587, F1, i)(N2157,1,i)}
{(N2486, F1, i)(N1677,1,i) + (N1098, F1, i) + (N1846, F0, i) + (N930, F1, i) + (N437->N1993, F0, i)}
{(N2486, F1, i)(N1677,1,i) + (N1098, F1, i) + (N1846, F0, i) + (N930, F1, i) + (N1993, F1, i)}
{(N2486, F1, i)(N1677,1,i) + (N1098, F1, i) + (N1846, F0, i) + (N1266, F1, i) + (N1587, F1, i)(N2157,1,i)}
{(N2486, F1, i)(N1677,1,i) + (N1098, F1, i) + (N1846, F0, i) + (N1266, F1, i) + (N437->N1993, F0, i)}
{(N2486, F1, i)(N1677,1,i) + (N1098, F1, i) + (N1846, F0, i) + (N1266, F1, i) + (N1993, F1, i)}
{(N1112->N3827, F0, i) + (N2982, F1, i)(N2289,1,i) + (N703, F0, i) + (N930, F1, i) + (N1587, F1, i)(N2157,1,i)}
{(N1112->N3827, F0, i) + (N2982, F1, i)(N2289,1,i) + (N703, F0, i) + (N930, F1, i) + (N437->N1993, F0, i)}
{(N1112->N3827, F0, i) + (N2982, F1, i)(N2289,1,i) + (N703, F0, i) + (N930, F1, i) + (N1993, F1, i)}
{(N1112->N3827, F0, i) + (N2982, F1, i)(N2289,1,i) + (N703, F0, i) + (N1266, F1, i) + (N1587, F1, i)(N2157,1,i)}
{(N1112->N3827, F0, i) + (N2982, F1, i)(N2289,1,i) + (N703, F0, i) + (N1266, F1, i) + (N437->N1993, F0, i)}
{(N1112->N3827, F0, i) + (N2982, F1, i)(N2289,1,i) + (N703, F0, i) + (N1266, F1, i) + (N1993, F1, i)}
{(N1112->N3827, F0, i) + (N2982, F1, i)(N2289,1,i) + (N112->N1846, F0, i) + (N930, F1, i) + (N1587, F1, i)(N2157,1,i)}
{(N1112->N3827, F0, i) + (N2982, F1, i)(N2289,1,i) + (N112->N1846, F0, i) + (N930, F1, i) + (N437->N1993, F0, i)}
{(N1112->N3827, F0, i) + (N2982, F1, i)(N2289,1,i) + (N112->N1846, F0, i) + (N930, F1, i) + (N1993, F1, i)}
{(N1112->N3827, F0, i) + (N2982, F1, i)(N2289,1,i) + (N112->N1846, F0, i) + (N1266, F1, i) + (N1587, F1, i)(N2157,1,i)}
{(N1112->N3827, F0, i) + (N2982, F1, i)(N2289,1,i) + (N112->N1846, F0, i) + (N1266, F1, i) + (N437->N1993, F0, i)}
{(N1112->N3827, F0, i) + (N2982, F1, i)(N2289,1,i) + (N112->N1846, F0, i) + (N1266, F1, i) + (N1993, F1, i)}
{(N1112->N3827, F0, i) + (N2982, F1, i)(N2289,1,i) + (N10->N1846, F0, i) + (N930, F1, i) + (N1587, F1, i)(N2157,1,i)}
{(N1112->N3827, F0, i) + (N2982, F1, i)(N2289,1,i) + (N10->N1846, F0, i) + (N930, F1, i) + (N437->N1993, F0, i)}
{(N1112->N3827, F0, i) + (N2982, F1, i)(N2289,1,i) + (N10->N1846, F0, i) + (N930, F1, i) + (N1993, F1, i)}
{(N1112->N3827, F0, i) + (N2982, F1, i)(N2289,1,i) + (N10->N1846, F0, i) + (N1266, F1, i) + (N1587, F1, i)(N2157,1,i)}
{(N1112->N3827, F0, i) + (N2982, F1, i)(N2289,1,i) + (N10->N1846, F0, i) + (N1266, F1, i) + (N437->N1993, F0, i)}
{(N1112->N3827, F0, i) + (N2982, F1, i)(N2289,1,i) + (N10->N1846, F0, i) + (N1266, F1, i) + (N1993, F1, i)}
{(N1112->N3827, F0, i) + (N2982, F1, i)(N2289,1,i) + (N1846, F0, i) + (N930, F1, i) + (N1587, F1, i)(N2157,1,i)}
{(N1112->N3827, F0, i) + (N2982, F1, i)(N2289,1,i) + (N1846, F0, i) + (N930, F1, i) + (N437->N1993, F0, i)}
{(N1112->N3827, F0, i) + (N2982, F1, i)(N2289,1,i) + (N1846, F0, i) + (N930, F1, i) + (N1993, F1, i)}
{(N1112->N3827, F0, i) + (N2982, F1, i)(N2289,1,i) + (N1846, F0, i) + (N1266, F1, i) + (N1587, F1, i)(N2157,1,i)}
{(N1112->N3827, F0, i) + (N2982, F1, i)(N2289,1,i) + (N1846, F0, i) + (N1266, F1, i) + (N437->N1993, F0, i)}
{(N1112->N3827, F0, i) + (N2982, F1, i)(N2289,1,i) + (N1846, F0, i) + (N1266, F1, i) + (N1993, F1, i)}
{(N1112->N3827, F0, i) + (N3884->N1098, F0, i) + (N703, F0, i) + (N930, F1, i) + (N1587, F1, i)(N2157,1,i)}
{(N1112->N3827, F0, i) + (N3884->N1098, F0, i) + (N703, F0, i) + (N930, F1, i) + (N437->N1993, F0, i)}
{(N1112->N3827, F0, i) + (N3884->N1098, F0, i) + (N703, F0, i) + (N930, F1, i) + (N1993, F1, i)}
{(N1112->N3827, F0, i) + (N3884->N1098, F0, i) + (N703, F0, i) + (N1266, F1, i) + (N1587, F1, i)(N2157,1,i)}
{(N1112->N3827, F0, i) + (N3884->N1098, F0, i) + (N703, F0, i) + (N1266, F1, i) + (N437->N1993, F0, i)}
{(N1112->N3827, F0, i) + (N3884->N1098, F0, i) + (N703, F0, i) + (N1266, F1, i) + (N1993, F1, i)}
{(N1112->N3827, F0, i) + (N3884->N1098, F0, i) + (N112->N1846, F0, i) + (N930, F1, i) + (N1587, F1, i)(N2157,1,i)}
{(N1112->N3827, F0, i) + (N3884->N1098, F0, i) + (N112->N1846, F0, i) + (N930, F1, i) + (N437->N1993, F0, i)}
{(N1112->N3827, F0, i) + (N3884->N1098, F0, i) + (N112->N1846, F0, i) + (N930, F1, i) + (N1993, F1, i)}
{(N1112->N3827, F0, i) + (N3884->N1098, F0, i) + (N112->N1846, F0, i) + (N1266, F1, i) + (N1587, F1, i)(N2157,1,i)}
{(N1112->N3827, F0, i) + (N3884->N1098, F0, i) + (N112->N1846, F0, i) + (N1266, F1, i) + (N437->N1993, F0, i)}
{(N1112->N3827, F0, i) + (N3884->N1098, F0, i) + (N112->N1846, F0, i) + (N1266, F1, i) + (N1993, F1, i)}
{(N1112->N3827, F0, i) + (N3884->N1098, F0, i) + (N10->N1846, F0, i) + (N930, F1, i) + (N1587, F1, i)(N2157,1,i)}
{(N1112->N3827, F0, i) + (N3884->N1098, F0, i) + (N10->N1846, F0, i) + (N930, F1, i) + (N437->N1993, F0, i)}
{(N1112->N3827, F0, i) + (N3884->N1098, F0, i) + (N10->N1846, F0, i) + (N930, F1, i) + (N1993, F1, i)}
{(N1112->N3827, F0, i) + (N3884->N1098, F0, i) + (N10->N1846, F0, i) + (N1266, F1, i) + (N1587, F1, i)(N2157,1,i)}
{(N1112->N3827, F0, i) + (N3884->N1098, F0, i) + (N10->N1846, F0, i) + (N1266, F1, i) + (N437->N1993, F0, i)}
{(N1112->N3827, F0, i) + (N3884->N1098, F0, i) + (N10->N1846, F0, i) + (N1266, F1, i) + (N1993, F1, i)}
{(N1112->N3827, F0, i) + (N3884->N1098, F0, i) + (N1846, F0, i) + (N930, F1, i) + (N1587, F1, i)(N2157,1,i)}
{(N1112->N3827, F0, i) + (N3884->N1098, F0, i) + (N1846, F0, i) + (N930, F1, i) + (N437->N1993, F0, i)}
{(N1112->N3827, F0, i) + (N3884->N1098, F0, i) + (N1846, F0, i) + (N930, F1, i) + (N1993, F1, i)}
{(N1112->N3827, F0, i) + (N3884->N1098, F0, i) + (N1846, F0, i) + (N1266, F1, i) + (N1587, F1, i)(N2157,1,i)}
{(N1112->N3827, F0, i) + (N3884->N1098, F0, i) + (N1846, F0, i) + (N1266, F1, i) + (N437->N1993, F0, i)}
{(N1112->N3827, F0, i) + (N3884->N1098, F0, i) + (N1846, F0, i) + (N1266, F1, i) + (N1993, F1, i)}
{(N1112->N3827, F0, i) + (N1098, F1, i) + (N703, F0, i) + (N930, F1, i) + (N1587, F1, i)(N2157,1,i)}
{(N1112->N3827, F0, i) + (N1098, F1, i) + (N703, F0, i) + (N930, F1, i) + (N437->N1993, F0, i)}
{(N1112->N3827, F0, i) + (N1098, F1, i) + (N703, F0, i) + (N930, F1, i) + (N1993, F1, i)}
{(N1112->N3827, F0, i) + (N1098, F1, i) + (N703, F0, i) + (N1266, F1, i) + (N1587, F1, i)(N2157,1,i)}
{(N1112->N3827, F0, i) + (N1098, F1, i) + (N703, F0, i) + (N1266, F1, i) + (N437->N1993, F0, i)}
{(N1112->N3827, F0, i) + (N1098, F1, i) + (N703, F0, i) + (N1266, F1, i) + (N1993, F1, i)}
{(N1112->N3827, F0, i) + (N1098, F1, i) + (N112->N1846, F0, i) + (N930, F1, i) + (N1587, F1, i)(N2157,1,i)}
{(N1112->N3827, F0, i) + (N1098, F1, i) + (N112->N1846, F0, i) + (N930, F1, i) + (N437->N1993, F0, i)}
{(N1112->N3827, F0, i) + (N1098, F1, i) + (N112->N1846, F0, i) + (N930, F1, i) + (N1993, F1, i)}
{(N1112->N3827, F0, i) + (N1098, F1, i) + (N112->N1846, F0, i) + (N1266, F1, i) + (N1587, F1, i)(N2157,1,i)}
{(N1112->N3827, F0, i) + (N1098, F1, i) + (N112->N1846, F0, i) + (N1266, F1, i) + (N437->N1993, F0, i)}
{(N1112->N3827, F0, i) + (N1098, F1, i) + (N112->N1846, F0, i) + (N1266, F1, i) + (N1993, F1, i)}
{(N1112->N3827, F0, i) + (N1098, F1, i) + (N10->N1846, F0, i) + (N930, F1, i) + (N1587, F1, i)(N2157,1,i)}
{(N1112->N3827, F0, i) + (N1098, F1, i) + (N10->N1846, F0, i) + (N930, F1, i) + (N437->N1993, F0, i)}
{(N1112->N3827, F0, i) + (N1098, F1, i) + (N10->N1846, F0, i) + (N930, F1, i) + (N1993, F1, i)}
{(N1112->N3827, F0, i) + (N1098, F1, i) + (N10->N1846, F0, i) + (N1266, F1, i) + (N1587, F1, i)(N2157,1,i)}
{(N1112->N3827, F0, i) + (N1098, F1, i) + (N10->N1846, F0, i) + (N1266, F1, i) + (N437->N1993, F0, i)}
{(N1112->N3827, F0, i) + (N1098, F1, i) + (N10->N1846, F0, i) + (N1266, F1, i) + (N1993, F1, i)}
{(N1112->N3827, F0, i) + (N1098, F1, i) + (N1846, F0, i) + (N930, F1, i) + (N1587, F1, i)(N2157,1,i)}
{(N1112->N3827, F0, i) + (N1098, F1, i) + (N1846, F0, i) + (N930, F1, i) + (N437->N1993, F0, i)}
{(N1112->N3827, F0, i) + (N1098, F1, i) + (N1846, F0, i) + (N930, F1, i) + (N1993, F1, i)}
{(N1112->N3827, F0, i) + (N1098, F1, i) + (N1846, F0, i) + (N1266, F1, i) + (N1587, F1, i)(N2157,1,i)}
{(N1112->N3827, F0, i) + (N1098, F1, i) + (N1846, F0, i) + (N1266, F1, i) + (N437->N1993, F0, i)}
{(N1112->N3827, F0, i) + (N1098, F1, i) + (N1846, F0, i) + (N1266, F1, i) + (N1993, F1, i)}
{(N3827, F1, i) + (N2982, F1, i)(N2289,1,i) + (N703, F0, i) + (N930, F1, i) + (N1587, F1, i)(N2157,1,i)}
{(N3827, F1, i) + (N2982, F1, i)(N2289,1,i) + (N703, F0, i) + (N930, F1, i) + (N437->N1993, F0, i)}
{(N3827, F1, i) + (N2982, F1, i)(N2289,1,i) + (N703, F0, i) + (N930, F1, i) + (N1993, F1, i)}
{(N3827, F1, i) + (N2982, F1, i)(N2289,1,i) + (N703, F0, i) + (N1266, F1, i) + (N1587, F1, i)(N2157,1,i)}
{(N3827, F1, i) + (N2982, F1, i)(N2289,1,i) + (N703, F0, i) + (N1266, F1, i) + (N437->N1993, F0, i)}
{(N3827, F1, i) + (N2982, F1, i)(N2289,1,i) + (N703, F0, i) + (N1266, F1, i) + (N1993, F1, i)}
{(N3827, F1, i) + (N2982, F1, i)(N2289,1,i) + (N112->N1846, F0, i) + (N930, F1, i) + (N1587, F1, i)(N2157,1,i)}
{(N3827, F1, i) + (N2982, F1, i)(N2289,1,i) + (N112->N1846, F0, i) + (N930, F1, i) + (N437->N1993, F0, i)}
{(N3827, F1, i) + (N2982, F1, i)(N2289,1,i) + (N112->N1846, F0, i) + (N930, F1, i) + (N1993, F1, i)}
{(N3827, F1, i) + (N2982, F1, i)(N2289,1,i) + (N112->N1846, F0, i) + (N1266, F1, i) + (N1587, F1, i)(N2157,1,i)}
{(N3827, F1, i) + (N2982, F1, i)(N2289,1,i) + (N112->N1846, F0, i) + (N1266, F1, i) + (N437->N1993, F0, i)}
{(N3827, F1, i) + (N2982, F1, i)(N2289,1,i) + (N112->N1846, F0, i) + (N1266, F1, i) + (N1993, F1, i)}
{(N3827, F1, i) + (N2982, F1, i)(N2289,1,i) + (N10->N1846, F0, i) + (N930, F1, i) + (N1587, F1, i)(N2157,1,i)}
{(N3827, F1, i) + (N2982, F1, i)(N2289,1,i) + (N10->N1846, F0, i) + (N930, F1, i) + (N437->N1993, F0, i)}
{(N3827, F1, i) + (N2982, F1, i)(N2289,1,i) + (N10->N1846, F0, i) + (N930, F1, i) + (N1993, F1, i)}
{(N3827, F1, i) + (N2982, F1, i)(N2289,1,i) + (N10->N1846, F0, i) + (N1266, F1, i) + (N1587, F1, i)(N2157,1,i)}
{(N3827, F1, i) + (N2982, F1, i)(N2289,1,i) + (N10->N1846, F0, i) + (N1266, F1, i) + (N437->N1993, F0, i)}
{(N3827, F1, i) + (N2982, F1, i)(N2289,1,i) + (N10->N1846, F0, i) + (N1266, F1, i) + (N1993, F1, i)}
{(N3827, F1, i) + (N2982, F1, i)(N2289,1,i) + (N1846, F0, i) + (N930, F1, i) + (N1587, F1, i)(N2157,1,i)}
{(N3827, F1, i) + (N2982, F1, i)(N2289,1,i) + (N1846, F0, i) + (N930, F1, i) + (N437->N1993, F0, i)}
{(N3827, F1, i) + (N2982, F1, i)(N2289,1,i) + (N1846, F0, i) + (N930, F1, i) + (N1993, F1, i)}
{(N3827, F1, i) + (N2982, F1, i)(N2289,1,i) + (N1846, F0, i) + (N1266, F1, i) + (N1587, F1, i)(N2157,1,i)}
{(N3827, F1, i) + (N2982, F1, i)(N2289,1,i) + (N1846, F0, i) + (N1266, F1, i) + (N437->N1993, F0, i)}
{(N3827, F1, i) + (N2982, F1, i)(N2289,1,i) + (N1846, F0, i) + (N1266, F1, i) + (N1993, F1, i)}
{(N3827, F1, i) + (N3884->N1098, F0, i) + (N703, F0, i) + (N930, F1, i) + (N1587, F1, i)(N2157,1,i)}
{(N3827, F1, i) + (N3884->N1098, F0, i) + (N703, F0, i) + (N930, F1, i) + (N437->N1993, F0, i)}
{(N3827, F1, i) + (N3884->N1098, F0, i) + (N703, F0, i) + (N930, F1, i) + (N1993, F1, i)}
{(N3827, F1, i) + (N3884->N1098, F0, i) + (N703, F0, i) + (N1266, F1, i) + (N1587, F1, i)(N2157,1,i)}
{(N3827, F1, i) + (N3884->N1098, F0, i) + (N703, F0, i) + (N1266, F1, i) + (N437->N1993, F0, i)}
{(N3827, F1, i) + (N3884->N1098, F0, i) + (N703, F0, i) + (N1266, F1, i) + (N1993, F1, i)}
{(N3827, F1, i) + (N3884->N1098, F0, i) + (N112->N1846, F0, i) + (N930, F1, i) + (N1587, F1, i)(N2157,1,i)}
{(N3827, F1, i) + (N3884->N1098, F0, i) + (N112->N1846, F0, i) + (N930, F1, i) + (N437->N1993, F0, i)}
{(N3827, F1, i) + (N3884->N1098, F0, i) + (N112->N1846, F0, i) + (N930, F1, i) + (N1993, F1, i)}
{(N3827, F1, i) + (N3884->N1098, F0, i) + (N112->N1846, F0, i) + (N1266, F1, i) + (N1587, F1, i)(N2157,1,i)}
{(N3827, F1, i) + (N3884->N1098, F0, i) + (N112->N1846, F0, i) + (N1266, F1, i) + (N437->N1993, F0, i)}
{(N3827, F1, i) + (N3884->N1098, F0, i) + (N112->N1846, F0, i) + (N1266, F1, i) + (N1993, F1, i)}
{(N3827, F1, i) + (N3884->N1098, F0, i) + (N10->N1846, F0, i) + (N930, F1, i) + (N1587, F1, i)(N2157,1,i)}
{(N3827, F1, i) + (N3884->N1098, F0, i) + (N10->N1846, F0, i) + (N930, F1, i) + (N437->N1993, F0, i)}
{(N3827, F1, i) + (N3884->N1098, F0, i) + (N10->N1846, F0, i) + (N930, F1, i) + (N1993, F1, i)}
{(N3827, F1, i) + (N3884->N1098, F0, i) + (N10->N1846, F0, i) + (N1266, F1, i) + (N1587, F1, i)(N2157,1,i)}
{(N3827, F1, i) + (N3884->N1098, F0, i) + (N10->N1846, F0, i) + (N1266, F1, i) + (N437->N1993, F0, i)}
{(N3827, F1, i) + (N3884->N1098, F0, i) + (N10->N1846, F0, i) + (N1266, F1, i) + (N1993, F1, i)}
{(N3827, F1, i) + (N3884->N1098, F0, i) + (N1846, F0, i) + (N930, F1, i) + (N1587, F1, i)(N2157,1,i)}
{(N3827, F1, i) + (N3884->N1098, F0, i) + (N1846, F0, i) + (N930, F1, i) + (N437->N1993, F0, i)}
{(N3827, F1, i) + (N3884->N1098, F0, i) + (N1846, F0, i) + (N930, F1, i) + (N1993, F1, i)}
{(N3827, F1, i) + (N3884->N1098, F0, i) + (N1846, F0, i) + (N1266, F1, i) + (N1587, F1, i)(N2157,1,i)}
{(N3827, F1, i) + (N3884->N1098, F0, i) + (N1846, F0, i) + (N1266, F1, i) + (N437->N1993, F0, i)}
{(N3827, F1, i) + (N3884->N1098, F0, i) + (N1846, F0, i) + (N1266, F1, i) + (N1993, F1, i)}
{(N3827, F1, i) + (N1098, F1, i) + (N703, F0, i) + (N930, F1, i) + (N1587, F1, i)(N2157,1,i)}
{(N3827, F1, i) + (N1098, F1, i) + (N703, F0, i) + (N930, F1, i) + (N437->N1993, F0, i)}
{(N3827, F1, i) + (N1098, F1, i) + (N703, F0, i) + (N930, F1, i) + (N1993, F1, i)}
{(N3827, F1, i) + (N1098, F1, i) + (N703, F0, i) + (N1266, F1, i) + (N1587, F1, i)(N2157,1,i)}
{(N3827, F1, i) + (N1098, F1, i) + (N703, F0, i) + (N1266, F1, i) + (N437->N1993, F0, i)}
{(N3827, F1, i) + (N1098, F1, i) + (N703, F0, i) + (N1266, F1, i) + (N1993, F1, i)}
{(N3827, F1, i) + (N1098, F1, i) + (N112->N1846, F0, i) + (N930, F1, i) + (N1587, F1, i)(N2157,1,i)}
{(N3827, F1, i) + (N1098, F1, i) + (N112->N1846, F0, i) + (N930, F1, i) + (N437->N1993, F0, i)}
{(N3827, F1, i) + (N1098, F1, i) + (N112->N1846, F0, i) + (N930, F1, i) + (N1993, F1, i)}
{(N3827, F1, i) + (N1098, F1, i) + (N112->N1846, F0, i) + (N1266, F1, i) + (N1587, F1, i)(N2157,1,i)}
{(N3827, F1, i) + (N1098, F1, i) + (N112->N1846, F0, i) + (N1266, F1, i) + (N437->N1993, F0, i)}
{(N3827, F1, i) + (N1098, F1, i) + (N112->N1846, F0, i) + (N1266, F1, i) + (N1993, F1, i)}
{(N3827, F1, i) + (N1098, F1, i) + (N10->N1846, F0, i) + (N930, F1, i) + (N1587, F1, i)(N2157,1,i)}
{(N3827, F1, i) + (N1098, F1, i) + (N10->N1846, F0, i) + (N930, F1, i) + (N437->N1993, F0, i)}
{(N3827, F1, i) + (N1098, F1, i) + (N10->N1846, F0, i) + (N930, F1, i) + (N1993, F1, i)}
{(N3827, F1, i) + (N1098, F1, i) + (N10->N1846, F0, i) + (N1266, F1, i) + (N1587, F1, i)(N2157,1,i)}
{(N3827, F1, i) + (N1098, F1, i) + (N10->N1846, F0, i) + (N1266, F1, i) + (N437->N1993, F0, i)}
{(N3827, F1, i) + (N1098, F1, i) + (N10->N1846, F0, i) + (N1266, F1, i) + (N1993, F1, i)}
{(N3827, F1, i) + (N1098, F1, i) + (N1846, F0, i) + (N930, F1, i) + (N1587, F1, i)(N2157,1,i)}
{(N3827, F1, i) + (N1098, F1, i) + (N1846, F0, i) + (N930, F1, i) + (N437->N1993, F0, i)}
{(N3827, F1, i) + (N1098, F1, i) + (N1846, F0, i) + (N930, F1, i) + (N1993, F1, i)}
{(N3827, F1, i) + (N1098, F1, i) + (N1846, F0, i) + (N1266, F1, i) + (N1587, F1, i)(N2157,1,i)}
{(N3827, F1, i) + (N1098, F1, i) + (N1846, F0, i) + (N1266, F1, i) + (N437->N1993, F0, i)}
{(N3827, F1, i) + (N1098, F1, i) + (N1846, F0, i) + (N1266, F1, i) + (N1993, F1, i)}
