{(N2381, F1, i) + (N3196, F1, i) + (N1841, F1, i)(N1922,1,i) + (N781, F0, i) + (N661, F1, i)(N894,1,i)}
{(N2381, F1, i) + (N3196, F1, i) + (N1841, F1, i)(N1922,1,i) + (N781, F0, i) + (N933, F1, i)}
{(N2381, F1, i) + (N3196, F1, i) + (N1841, F1, i)(N1922,1,i) + (N781, F0, i) + (N3721, F0, i)}
{(N2381, F1, i) + (N3196, F1, i) + (N1841, F1, i)(N1922,1,i) + (N781, F0, i) + (N2744->N728, F0, i)}
{(N2381, F1, i) + (N3196, F1, i) + (N1841, F1, i)(N1922,1,i) + (N781, F0, i) + (N728, F0, i)}
{(N2381, F1, i) + (N3196, F1, i) + (N1841, F1, i)(N1922,1,i) + (N781, F0, i) + (N540->N2056, F1, i)}
{(N2381, F1, i) + (N3196, F1, i) + (N1841, F1, i)(N1922,1,i) + (N781, F0, i) + (N2056, F0, i)}
{(N2381, F1, i) + (N3196, F1, i) + (N1841, F1, i)(N1922,1,i) + (N781, F0, i) + (N6->N1994, F1, i)}
{(N2381, F1, i) + (N3196, F1, i) + (N1841, F1, i)(N1922,1,i) + (N781, F0, i) + (N1994, F1, i)(N53,1,i)}
{(N2381, F1, i) + (N3196, F1, i) + (N1841, F1, i)(N1922,1,i) + (N1658, F0, i) + (N661, F1, i)(N894,1,i)}
{(N2381, F1, i) + (N3196, F1, i) + (N1841, F1, i)(N1922,1,i) + (N1658, F0, i) + (N933, F1, i)}
{(N2381, F1, i) + (N3196, F1, i) + (N1841, F1, i)(N1922,1,i) + (N1658, F0, i) + (N3721, F0, i)}
{(N2381, F1, i) + (N3196, F1, i) + (N1841, F1, i)(N1922,1,i) + (N1658, F0, i) + (N2744->N728, F0, i)}
{(N2381, F1, i) + (N3196, F1, i) + (N1841, F1, i)(N1922,1,i) + (N1658, F0, i) + (N728, F0, i)}
{(N2381, F1, i) + (N3196, F1, i) + (N1841, F1, i)(N1922,1,i) + (N1658, F0, i) + (N540->N2056, F1, i)}
{(N2381, F1, i) + (N3196, F1, i) + (N1841, F1, i)(N1922,1,i) + (N1658, F0, i) + (N2056, F0, i)}
{(N2381, F1, i) + (N3196, F1, i) + (N1841, F1, i)(N1922,1,i) + (N1658, F0, i) + (N6->N1994, F1, i)}
{(N2381, F1, i) + (N3196, F1, i) + (N1841, F1, i)(N1922,1,i) + (N1658, F0, i) + (N1994, F1, i)(N53,1,i)}
{(N2381, F1, i) + (N3196, F1, i) + (N1841, F1, i)(N1922,1,i) + (N1077->N3484, F1, i) + (N661, F1, i)(N894,1,i)}
{(N2381, F1, i) + (N3196, F1, i) + (N1841, F1, i)(N1922,1,i) + (N1077->N3484, F1, i) + (N933, F1, i)}
{(N2381, F1, i) + (N3196, F1, i) + (N1841, F1, i)(N1922,1,i) + (N1077->N3484, F1, i) + (N3721, F0, i)}
{(N2381, F1, i) + (N3196, F1, i) + (N1841, F1, i)(N1922,1,i) + (N1077->N3484, F1, i) + (N2744->N728, F0, i)}
{(N2381, F1, i) + (N3196, F1, i) + (N1841, F1, i)(N1922,1,i) + (N1077->N3484, F1, i) + (N728, F0, i)}
{(N2381, F1, i) + (N3196, F1, i) + (N1841, F1, i)(N1922,1,i) + (N1077->N3484, F1, i) + (N540->N2056, F1, i)}
{(N2381, F1, i) + (N3196, F1, i) + (N1841, F1, i)(N1922,1,i) + (N1077->N3484, F1, i) + (N2056, F0, i)}
{(N2381, F1, i) + (N3196, F1, i) + (N1841, F1, i)(N1922,1,i) + (N1077->N3484, F1, i) + (N6->N1994, F1, i)}
{(N2381, F1, i) + (N3196, F1, i) + (N1841, F1, i)(N1922,1,i) + (N1077->N3484, F1, i) + (N1994, F1, i)(N53,1,i)}
{(N2381, F1, i) + (N3196, F1, i) + (N1841, F1, i)(N1922,1,i) + (N3484, F0, i) + (N661, F1, i)(N894,1,i)}
{(N2381, F1, i) + (N3196, F1, i) + (N1841, F1, i)(N1922,1,i) + (N3484, F0, i) + (N933, F1, i)}
{(N2381, F1, i) + (N3196, F1, i) + (N1841, F1, i)(N1922,1,i) + (N3484, F0, i) + (N3721, F0, i)}
{(N2381, F1, i) + (N3196, F1, i) + (N1841, F1, i)(N1922,1,i) + (N3484, F0, i) + (N2744->N728, F0, i)}
{(N2381, F1, i) + (N3196, F1, i) + (N1841, F1, i)(N1922,1,i) + (N3484, F0, i) + (N728, F0, i)}
{(N2381, F1, i) + (N3196, F1, i) + (N1841, F1, i)(N1922,1,i) + (N3484, F0, i) + (N540->N2056, F1, i)}
{(N2381, F1, i) + (N3196, F1, i) + (N1841, F1, i)(N1922,1,i) + (N3484, F0, i) + (N2056, F0, i)}
{(N2381, F1, i) + (N3196, F1, i) + (N1841, F1, i)(N1922,1,i) + (N3484, F0, i) + (N6->N1994, F1, i)}
{(N2381, F1, i) + (N3196, F1, i) + (N1841, F1, i)(N1922,1,i) + (N3484, F0, i) + (N1994, F1, i)(N53,1,i)}
{(N2381, F1, i) + (N3196, F1, i) + (N1841, F1, i)(N1922,1,i) + (N3939->N3090, F1, i) + (N661, F1, i)(N894,1,i)}
{(N2381, F1, i) + (N3196, F1, i) + (N1841, F1, i)(N1922,1,i) + (N3939->N3090, F1, i) + (N933, F1, i)}
{(N2381, F1, i) + (N3196, F1, i) + (N1841, F1, i)(N1922,1,i) + (N3939->N3090, F1, i) + (N3721, F0, i)}
{(N2381, F1, i) + (N3196, F1, i) + (N1841, F1, i)(N1922,1,i) + (N3939->N3090, F1, i) + (N2744->N728, F0, i)}
{(N2381, F1, i) + (N3196, F1, i) + (N1841, F1, i)(N1922,1,i) + (N3939->N3090, F1, i) + (N728, F0, i)}
{(N2381, F1, i) + (N3196, F1, i) + (N1841, F1, i)(N1922,1,i) + (N3939->N3090, F1, i) + (N540->N2056, F1, i)}
{(N2381, F1, i) + (N3196, F1, i) + (N1841, F1, i)(N1922,1,i) + (N3939->N3090, F1, i) + (N2056, F0, i)}
{(N2381, F1, i) + (N3196, F1, i) + (N1841, F1, i)(N1922,1,i) + (N3939->N3090, F1, i) + (N6->N1994, F1, i)}
{(N2381, F1, i) + (N3196, F1, i) + (N1841, F1, i)(N1922,1,i) + (N3939->N3090, F1, i) + (N1994, F1, i)(N53,1,i)}
{(N2381, F1, i) + (N3196, F1, i) + (N1841, F1, i)(N1922,1,i) + (N3090, F0, i) + (N661, F1, i)(N894,1,i)}
{(N2381, F1, i) + (N3196, F1, i) + (N1841, F1, i)(N1922,1,i) + (N3090, F0, i) + (N933, F1, i)}
{(N2381, F1, i) + (N3196, F1, i) + (N1841, F1, i)(N1922,1,i) + (N3090, F0, i) + (N3721, F0, i)}
{(N2381, F1, i) + (N3196, F1, i) + (N1841, F1, i)(N1922,1,i) + (N3090, F0, i) + (N2744->N728, F0, i)}
{(N2381, F1, i) + (N3196, F1, i) + (N1841, F1, i)(N1922,1,i) + (N3090, F0, i) + (N728, F0, i)}
{(N2381, F1, i) + (N3196, F1, i) + (N1841, F1, i)(N1922,1,i) + (N3090, F0, i) + (N540->N2056, F1, i)}
{(N2381, F1, i) + (N3196, F1, i) + (N1841, F1, i)(N1922,1,i) + (N3090, F0, i) + (N2056, F0, i)}
{(N2381, F1, i) + (N3196, F1, i) + (N1841, F1, i)(N1922,1,i) + (N3090, F0, i) + (N6->N1994, F1, i)}
{(N2381, F1, i) + (N3196, F1, i) + (N1841, F1, i)(N1922,1,i) + (N3090, F0, i) + (N1994, F1, i)(N53,1,i)}
{(N2381, F1, i) + (N3196, F1, i) + (N890->N1275, F0, i) + (N781, F0, i) + (N661, F1, i)(N894,1,i)}
{(N2381, F1, i) + (N3196, F1, i) + (N890->N1275, F0, i) + (N781, F0, i) + (N933, F1, i)}
{(N2381, F1, i) + (N3196, F1, i) + (N890->N1275, F0, i) + (N781, F0, i) + (N3721, F0, i)}
{(N2381, F1, i) + (N3196, F1, i) + (N890->N1275, F0, i) + (N781, F0, i) + (N2744->N728, F0, i)}
{(N2381, F1, i) + (N3196, F1, i) + (N890->N1275, F0, i) + (N781, F0, i) + (N728, F0, i)}
{(N2381, F1, i) + (N3196, F1, i) + (N890->N1275, F0, i) + (N781, F0, i) + (N540->N2056, F1, i)}
{(N2381, F1, i) + (N3196, F1, i) + (N890->N1275, F0, i) + (N781, F0, i) + (N2056, F0, i)}
{(N2381, F1, i) + (N3196, F1, i) + (N890->N1275, F0, i) + (N781, F0, i) + (N6->N1994, F1, i)}
{(N2381, F1, i) + (N3196, F1, i) + (N890->N1275, F0, i) + (N781, F0, i) + (N1994, F1, i)(N53,1,i)}
{(N2381, F1, i) + (N3196, F1, i) + (N890->N1275, F0, i) + (N1658, F0, i) + (N661, F1, i)(N894,1,i)}
{(N2381, F1, i) + (N3196, F1, i) + (N890->N1275, F0, i) + (N1658, F0, i) + (N933, F1, i)}
{(N2381, F1, i) + (N3196, F1, i) + (N890->N1275, F0, i) + (N1658, F0, i) + (N3721, F0, i)}
{(N2381, F1, i) + (N3196, F1, i) + (N890->N1275, F0, i) + (N1658, F0, i) + (N2744->N728, F0, i)}
{(N2381, F1, i) + (N3196, F1, i) + (N890->N1275, F0, i) + (N1658, F0, i) + (N728, F0, i)}
{(N2381, F1, i) + (N3196, F1, i) + (N890->N1275, F0, i) + (N1658, F0, i) + (N540->N2056, F1, i)}
{(N2381, F1, i) + (N3196, F1, i) + (N890->N1275, F0, i) + (N1658, F0, i) + (N2056, F0, i)}
{(N2381, F1, i) + (N3196, F1, i) + (N890->N1275, F0, i) + (N1658, F0, i) + (N6->N1994, F1, i)}
{(N2381, F1, i) + (N3196, F1, i) + (N890->N1275, F0, i) + (N1658, F0, i) + (N1994, F1, i)(N53,1,i)}
{(N2381, F1, i) + (N3196, F1, i) + (N890->N1275, F0, i) + (N1077->N3484, F1, i) + (N661, F1, i)(N894,1,i)}
{(N2381, F1, i) + (N3196, F1, i) + (N890->N1275, F0, i) + (N1077->N3484, F1, i) + (N933, F1, i)}
{(N2381, F1, i) + (N3196, F1, i) + (N890->N1275, F0, i) + (N1077->N3484, F1, i) + (N3721, F0, i)}
{(N2381, F1, i) + (N3196, F1, i) + (N890->N1275, F0, i) + (N1077->N3484, F1, i) + (N2744->N728, F0, i)}
{(N2381, F1, i) + (N3196, F1, i) + (N890->N1275, F0, i) + (N1077->N3484, F1, i) + (N728, F0, i)}
{(N2381, F1, i) + (N3196, F1, i) + (N890->N1275, F0, i) + (N1077->N3484, F1, i) + (N540->N2056, F1, i)}
{(N2381, F1, i) + (N3196, F1, i) + (N890->N1275, F0, i) + (N1077->N3484, F1, i) + (N2056, F0, i)}
{(N2381, F1, i) + (N3196, F1, i) + (N890->N1275, F0, i) + (N1077->N3484, F1, i) + (N6->N1994, F1, i)}
{(N2381, F1, i) + (N3196, F1, i) + (N890->N1275, F0, i) + (N1077->N3484, F1, i) + (N1994, F1, i)(N53,1,i)}
{(N2381, F1, i) + (N3196, F1, i) + (N890->N1275, F0, i) + (N3484, F0, i) + (N661, F1, i)(N894,1,i)}
{(N2381, F1, i) + (N3196, F1, i) + (N890->N1275, F0, i) + (N3484, F0, i) + (N933, F1, i)}
{(N2381, F1, i) + (N3196, F1, i) + (N890->N1275, F0, i) + (N3484, F0, i) + (N3721, F0, i)}
{(N2381, F1, i) + (N3196, F1, i) + (N890->N1275, F0, i) + (N3484, F0, i) + (N2744->N728, F0, i)}
{(N2381, F1, i) + (N3196, F1, i) + (N890->N1275, F0, i) + (N3484, F0, i) + (N728, F0, i)}
{(N2381, F1, i) + (N3196, F1, i) + (N890->N1275, F0, i) + (N3484, F0, i) + (N540->N2056, F1, i)}
{(N2381, F1, i) + (N3196, F1, i) + (N890->N1275, F0, i) + (N3484, F0, i) + (N2056, F0, i)}
{(N2381, F1, i) + (N3196, F1, i) + (N890->N1275, F0, i) + (N3484, F0, i) + (N6->N1994, F1, i)}
{(N2381, F1, i) + (N3196, F1, i) + (N890->N1275, F0, i) + (N3484, F0, i) + (N1994, F1, i)(N53,1,i)}
{(N2381, F1, i) + (N3196, F1, i) + (N890->N1275, F0, i) + (N3939->N3090, F1, i) + (N661, F1, i)(N894,1,i)}
{(N2381, F1, i) + (N3196, F1, i) + (N890->N1275, F0, i) + (N3939->N3090, F1, i) + (N933, F1, i)}
{(N2381, F1, i) + (N3196, F1, i) + (N890->N1275, F0, i) + (N3939->N3090, F1, i) + (N3721, F0, i)}
{(N2381, F1, i) + (N3196, F1, i) + (N890->N1275, F0, i) + (N3939->N3090, F1, i) + (N2744->N728, F0, i)}
{(N2381, F1, i) + (N3196, F1, i) + (N890->N1275, F0, i) + (N3939->N3090, F1, i) + (N728, F0, i)}
{(N2381, F1, i) + (N3196, F1, i) + (N890->N1275, F0, i) + (N3939->N3090, F1, i) + (N540->N2056, F1, i)}
{(N2381, F1, i) + (N3196, F1, i) + (N890->N1275, F0, i) + (N3939->N3090, F1, i) + (N2056, F0, i)}
{(N2381, F1, i) + (N3196, F1, i) + (N890->N1275, F0, i) + (N3939->N3090, F1, i) + (N6->N1994, F1, i)}
{(N2381, F1, i) + (N3196, F1, i) + (N890->N1275, F0, i) + (N3939->N3090, F1, i) + (N1994, F1, i)(N53,1,i)}
{(N2381, F1, i) + (N3196, F1, i) + (N890->N1275, F0, i) + (N3090, F0, i) + (N661, F1, i)(N894,1,i)}
{(N2381, F1, i) + (N3196, F1, i) + (N890->N1275, F0, i) + (N3090, F0, i) + (N933, F1, i)}
{(N2381, F1, i) + (N3196, F1, i) + (N890->N1275, F0, i) + (N3090, F0, i) + (N3721, F0, i)}
{(N2381, F1, i) + (N3196, F1, i) + (N890->N1275, F0, i) + (N3090, F0, i) + (N2744->N728, F0, i)}
{(N2381, F1, i) + (N3196, F1, i) + (N890->N1275, F0, i) + (N3090, F0, i) + (N728, F0, i)}
{(N2381, F1, i) + (N3196, F1, i) + (N890->N1275, F0, i) + (N3090, F0, i) + (N540->N2056, F1, i)}
{(N2381, F1, i) + (N3196, F1, i) + (N890->N1275, F0, i) + (N3090, F0, i) + (N2056, F0, i)}
{(N2381, F1, i) + (N3196, F1, i) + (N890->N1275, F0, i) + (N3090, F0, i) + (N6->N1994, F1, i)}
{(N2381, F1, i) + (N3196, F1, i) + (N890->N1275, F0, i) + (N3090, F0, i) + (N1994, F1, i)(N53,1,i)}
{(N2381, F1, i) + (N3196, F1, i) + (N1275, F1, i) + (N781, F0, i) + (N661, F1, i)(N894,1,i)}
{(N2381, F1, i) + (N3196, F1, i) + (N1275, F1, i) + (N781, F0, i) + (N933, F1, i)}
{(N2381, F1, i) + (N3196, F1, i) + (N1275, F1, i) + (N781, F0, i) + (N3721, F0, i)}
{(N2381, F1, i) + (N3196, F1, i) + (N1275, F1, i) + (N781, F0, i) + (N2744->N728, F0, i)}
{(N2381, F1, i) + (N3196, F1, i) + (N1275, F1, i) + (N781, F0, i) + (N728, F0, i)}
{(N2381, F1, i) + (N3196, F1, i) + (N1275, F1, i) + (N781, F0, i) + (N540->N2056, F1, i)}
{(N2381, F1, i) + (N3196, F1, i) + (N1275, F1, i) + (N781, F0, i) + (N2056, F0, i)}
{(N2381, F1, i) + (N3196, F1, i) + (N1275, F1, i) + (N781, F0, i) + (N6->N1994, F1, i)}
{(N2381, F1, i) + (N3196, F1, i) + (N1275, F1, i) + (N781, F0, i) + (N1994, F1, i)(N53,1,i)}
{(N2381, F1, i) + (N3196, F1, i) + (N1275, F1, i) + (N1658, F0, i) + (N661, F1, i)(N894,1,i)}
{(N2381, F1, i) + (N3196, F1, i) + (N1275, F1, i) + (N1658, F0, i) + (N933, F1, i)}
{(N2381, F1, i) + (N3196, F1, i) + (N1275, F1, i) + (N1658, F0, i) + (N3721, F0, i)}
{(N2381, F1, i) + (N3196, F1, i) + (N1275, F1, i) + (N1658, F0, i) + (N2744->N728, F0, i)}
{(N2381, F1, i) + (N3196, F1, i) + (N1275, F1, i) + (N1658, F0, i) + (N728, F0, i)}
{(N2381, F1, i) + (N3196, F1, i) + (N1275, F1, i) + (N1658, F0, i) + (N540->N2056, F1, i)}
{(N2381, F1, i) + (N3196, F1, i) + (N1275, F1, i) + (N1658, F0, i) + (N2056, F0, i)}
{(N2381, F1, i) + (N3196, F1, i) + (N1275, F1, i) + (N1658, F0, i) + (N6->N1994, F1, i)}
{(N2381, F1, i) + (N3196, F1, i) + (N1275, F1, i) + (N1658, F0, i) + (N1994, F1, i)(N53,1,i)}
{(N2381, F1, i) + (N3196, F1, i) + (N1275, F1, i) + (N1077->N3484, F1, i) + (N661, F1, i)(N894,1,i)}
{(N2381, F1, i) + (N3196, F1, i) + (N1275, F1, i) + (N1077->N3484, F1, i) + (N933, F1, i)}
{(N2381, F1, i) + (N3196, F1, i) + (N1275, F1, i) + (N1077->N3484, F1, i) + (N3721, F0, i)}
{(N2381, F1, i) + (N3196, F1, i) + (N1275, F1, i) + (N1077->N3484, F1, i) + (N2744->N728, F0, i)}
{(N2381, F1, i) + (N3196, F1, i) + (N1275, F1, i) + (N1077->N3484, F1, i) + (N728, F0, i)}
{(N2381, F1, i) + (N3196, F1, i) + (N1275, F1, i) + (N1077->N3484, F1, i) + (N540->N2056, F1, i)}
{(N2381, F1, i) + (N3196, F1, i) + (N1275, F1, i) + (N1077->N3484, F1, i) + (N2056, F0, i)}
{(N2381, F1, i) + (N3196, F1, i) + (N1275, F1, i) + (N1077->N3484, F1, i) + (N6->N1994, F1, i)}
{(N2381, F1, i) + (N3196, F1, i) + (N1275, F1, i) + (N1077->N3484, F1, i) + (N1994, F1, i)(N53,1,i)}
{(N2381, F1, i) + (N3196, F1, i) + (N1275, F1, i) + (N3484, F0, i) + (N661, F1, i)(N894,1,i)}
{(N2381, F1, i) + (N3196, F1, i) + (N1275, F1, i) + (N3484, F0, i) + (N933, F1, i)}
{(N2381, F1, i) + (N3196, F1, i) + (N1275, F1, i) + (N3484, F0, i) + (N3721, F0, i)}
{(N2381, F1, i) + (N3196, F1, i) + (N1275, F1, i) + (N3484, F0, i) + (N2744->N728, F0, i)}
{(N2381, F1, i) + (N3196, F1, i) + (N1275, F1, i) + (N3484, F0, i) + (N728, F0, i)}
{(N2381, F1, i) + (N3196, F1, i) + (N1275, F1, i) + (N3484, F0, i) + (N540->N2056, F1, i)}
{(N2381, F1, i) + (N3196, F1, i) + (N1275, F1, i) + (N3484, F0, i) + (N2056, F0, i)}
{(N2381, F1, i) + (N3196, F1, i) + (N1275, F1, i) + (N3484, F0, i) + (N6->N1994, F1, i)}
{(N2381, F1, i) + (N3196, F1, i) + (N1275, F1, i) + (N3484, F0, i) + (N1994, F1, i)(N53,1,i)}
{(N2381, F1, i) + (N3196, F1, i) + (N1275, F1, i) + (N3939->N3090, F1, i) + (N661, F1, i)(N894,1,i)}
{(N2381, F1, i) + (N3196, F1, i) + (N1275, F1, i) + (N3939->N3090, F1, i) + (N933, F1, i)}
{(N2381, F1, i) + (N3196, F1, i) + (N1275, F1, i) + (N3939->N3090, F1, i) + (N3721, F0, i)}
{(N2381, F1, i) + (N3196, F1, i) + (N1275, F1, i) + (N3939->N3090, F1, i) + (N2744->N728, F0, i)}
{(N2381, F1, i) + (N3196, F1, i) + (N1275, F1, i) + (N3939->N3090, F1, i) + (N728, F0, i)}
{(N2381, F1, i) + (N3196, F1, i) + (N1275, F1, i) + (N3939->N3090, F1, i) + (N540->N2056, F1, i)}
{(N2381, F1, i) + (N3196, F1, i) + (N1275, F1, i) + (N3939->N3090, F1, i) + (N2056, F0, i)}
{(N2381, F1, i) + (N3196, F1, i) + (N1275, F1, i) + (N3939->N3090, F1, i) + (N6->N1994, F1, i)}
{(N2381, F1, i) + (N3196, F1, i) + (N1275, F1, i) + (N3939->N3090, F1, i) + (N1994, F1, i)(N53,1,i)}
{(N2381, F1, i) + (N3196, F1, i) + (N1275, F1, i) + (N3090, F0, i) + (N661, F1, i)(N894,1,i)}
{(N2381, F1, i) + (N3196, F1, i) + (N1275, F1, i) + (N3090, F0, i) + (N933, F1, i)}
{(N2381, F1, i) + (N3196, F1, i) + (N1275, F1, i) + (N3090, F0, i) + (N3721, F0, i)}
{(N2381, F1, i) + (N3196, F1, i) + (N1275, F1, i) + (N3090, F0, i) + (N2744->N728, F0, i)}
{(N2381, F1, i) + (N3196, F1, i) + (N1275, F1, i) + (N3090, F0, i) + (N728, F0, i)}
{(N2381, F1, i) + (N3196, F1, i) + (N1275, F1, i) + (N3090, F0, i) + (N540->N2056, F1, i)}
{(N2381, F1, i) + (N3196, F1, i) + (N1275, F1, i) + (N3090, F0, i) + (N2056, F0, i)}
{(N2381, F1, i) + (N3196, F1, i) + (N1275, F1, i) + (N3090, F0, i) + (N6->N1994, F1, i)}
{(N2381, F1, i) + (N3196, F1, i) + (N1275, F1, i) + (N3090, F0, i) + (N1994, F1, i)(N53,1,i)}
{(N2381, F1, i) + (N2790, F1, i) + (N1841, F1, i)(N1922,1,i) + (N781, F0, i) + (N661, F1, i)(N894,1,i)}
{(N2381, F1, i) + (N2790, F1, i) + (N1841, F1, i)(N1922,1,i) + (N781, F0, i) + (N933, F1, i)}
{(N2381, F1, i) + (N2790, F1, i) + (N1841, F1, i)(N1922,1,i) + (N781, F0, i) + (N3721, F0, i)}
{(N2381, F1, i) + (N2790, F1, i) + (N1841, F1, i)(N1922,1,i) + (N781, F0, i) + (N2744->N728, F0, i)}
{(N2381, F1, i) + (N2790, F1, i) + (N1841, F1, i)(N1922,1,i) + (N781, F0, i) + (N728, F0, i)}
{(N2381, F1, i) + (N2790, F1, i) + (N1841, F1, i)(N1922,1,i) + (N781, F0, i) + (N540->N2056, F1, i)}
{(N2381, F1, i) + (N2790, F1, i) + (N1841, F1, i)(N1922,1,i) + (N781, F0, i) + (N2056, F0, i)}
{(N2381, F1, i) + (N2790, F1, i) + (N1841, F1, i)(N1922,1,i) + (N781, F0, i) + (N6->N1994, F1, i)}
{(N2381, F1, i) + (N2790, F1, i) + (N1841, F1, i)(N1922,1,i) + (N781, F0, i) + (N1994, F1, i)(N53,1,i)}
{(N2381, F1, i) + (N2790, F1, i) + (N1841, F1, i)(N1922,1,i) + (N1658, F0, i) + (N661, F1, i)(N894,1,i)}
{(N2381, F1, i) + (N2790, F1, i) + (N1841, F1, i)(N1922,1,i) + (N1658, F0, i) + (N933, F1, i)}
{(N2381, F1, i) + (N2790, F1, i) + (N1841, F1, i)(N1922,1,i) + (N1658, F0, i) + (N3721, F0, i)}
{(N2381, F1, i) + (N2790, F1, i) + (N1841, F1, i)(N1922,1,i) + (N1658, F0, i) + (N2744->N728, F0, i)}
{(N2381, F1, i) + (N2790, F1, i) + (N1841, F1, i)(N1922,1,i) + (N1658, F0, i) + (N728, F0, i)}
{(N2381, F1, i) + (N2790, F1, i) + (N1841, F1, i)(N1922,1,i) + (N1658, F0, i) + (N540->N2056, F1, i)}
{(N2381, F1, i) + (N2790, F1, i) + (N1841, F1, i)(N1922,1,i) + (N1658, F0, i) + (N2056, F0, i)}
{(N2381, F1, i) + (N2790, F1, i) + (N1841, F1, i)(N1922,1,i) + (N1658, F0, i) + (N6->N1994, F1, i)}
{(N2381, F1, i) + (N2790, F1, i) + (N1841, F1, i)(N1922,1,i) + (N1658, F0, i) + (N1994, F1, i)(N53,1,i)}
{(N2381, F1, i) + (N2790, F1, i) + (N1841, F1, i)(N1922,1,i) + (N1077->N3484, F1, i) + (N661, F1, i)(N894,1,i)}
{(N2381, F1, i) + (N2790, F1, i) + (N1841, F1, i)(N1922,1,i) + (N1077->N3484, F1, i) + (N933, F1, i)}
{(N2381, F1, i) + (N2790, F1, i) + (N1841, F1, i)(N1922,1,i) + (N1077->N3484, F1, i) + (N3721, F0, i)}
{(N2381, F1, i) + (N2790, F1, i) + (N1841, F1, i)(N1922,1,i) + (N1077->N3484, F1, i) + (N2744->N728, F0, i)}
{(N2381, F1, i) + (N2790, F1, i) + (N1841, F1, i)(N1922,1,i) + (N1077->N3484, F1, i) + (N728, F0, i)}
{(N2381, F1, i) + (N2790, F1, i) + (N1841, F1, i)(N1922,1,i) + (N1077->N3484, F1, i) + (N540->N2056, F1, i)}
{(N2381, F1, i) + (N2790, F1, i) + (N1841, F1, i)(N1922,1,i) + (N1077->N3484, F1, i) + (N2056, F0, i)}
{(N2381, F1, i) + (N2790, F1, i) + (N1841, F1, i)(N1922,1,i) + (N1077->N3484, F1, i) + (N6->N1994, F1, i)}
{(N2381, F1, i) + (N2790, F1, i) + (N1841, F1, i)(N1922,1,i) + (N1077->N3484, F1, i) + (N1994, F1, i)(N53,1,i)}
{(N2381, F1, i) + (N2790, F1, i) + (N1841, F1, i)(N1922,1,i) + (N3484, F0, i) + (N661, F1, i)(N894,1,i)}
{(N2381, F1, i) + (N2790, F1, i) + (N1841, F1, i)(N1922,1,i) + (N3484, F0, i) + (N933, F1, i)}
{(N2381, F1, i) + (N2790, F1, i) + (N1841, F1, i)(N1922,1,i) + (N3484, F0, i) + (N3721, F0, i)}
{(N2381, F1, i) + (N2790, F1, i) + (N1841, F1, i)(N1922,1,i) + (N3484, F0, i) + (N2744->N728, F0, i)}
{(N2381, F1, i) + (N2790, F1, i) + (N1841, F1, i)(N1922,1,i) + (N3484, F0, i) + (N728, F0, i)}
{(N2381, F1, i) + (N2790, F1, i) + (N1841, F1, i)(N1922,1,i) + (N3484, F0, i) + (N540->N2056, F1, i)}
{(N2381, F1, i) + (N2790, F1, i) + (N1841, F1, i)(N1922,1,i) + (N3484, F0, i) + (N2056, F0, i)}
{(N2381, F1, i) + (N2790, F1, i) + (N1841, F1, i)(N1922,1,i) + (N3484, F0, i) + (N6->N1994, F1, i)}
{(N2381, F1, i) + (N2790, F1, i) + (N1841, F1, i)(N1922,1,i) + (N3484, F0, i) + (N1994, F1, i)(N53,1,i)}
{(N2381, F1, i) + (N2790, F1, i) + (N1841, F1, i)(N1922,1,i) + (N3939->N3090, F1, i) + (N661, F1, i)(N894,1,i)}
{(N2381, F1, i) + (N2790, F1, i) + (N1841, F1, i)(N1922,1,i) + (N3939->N3090, F1, i) + (N933, F1, i)}
{(N2381, F1, i) + (N2790, F1, i) + (N1841, F1, i)(N1922,1,i) + (N3939->N3090, F1, i) + (N3721, F0, i)}
{(N2381, F1, i) + (N2790, F1, i) + (N1841, F1, i)(N1922,1,i) + (N3939->N3090, F1, i) + (N2744->N728, F0, i)}
{(N2381, F1, i) + (N2790, F1, i) + (N1841, F1, i)(N1922,1,i) + (N3939->N3090, F1, i) + (N728, F0, i)}
{(N2381, F1, i) + (N2790, F1, i) + (N1841, F1, i)(N1922,1,i) + (N3939->N3090, F1, i) + (N540->N2056, F1, i)}
{(N2381, F1, i) + (N2790, F1, i) + (N1841, F1, i)(N1922,1,i) + (N3939->N3090, F1, i) + (N2056, F0, i)}
{(N2381, F1, i) + (N2790, F1, i) + (N1841, F1, i)(N1922,1,i) + (N3939->N3090, F1, i) + (N6->N1994, F1, i)}
{(N2381, F1, i) + (N2790, F1, i) + (N1841, F1, i)(N1922,1,i) + (N3939->N3090, F1, i) + (N1994, F1, i)(N53,1,i)}
{(N2381, F1, i) + (N2790, F1, i) + (N1841, F1, i)(N1922,1,i) + (N3090, F0, i) + (N661, F1, i)(N894,1,i)}
{(N2381, F1, i) + (N2790, F1, i) + (N1841, F1, i)(N1922,1,i) + (N3090, F0, i) + (N933, F1, i)}
{(N2381, F1, i) + (N2790, F1, i) + (N1841, F1, i)(N1922,1,i) + (N3090, F0, i) + (N3721, F0, i)}
{(N2381, F1, i) + (N2790, F1, i) + (N1841, F1, i)(N1922,1,i) + (N3090, F0, i) + (N2744->N728, F0, i)}
{(N2381, F1, i) + (N2790, F1, i) + (N1841, F1, i)(N1922,1,i) + (N3090, F0, i) + (N728, F0, i)}
{(N2381, F1, i) + (N2790, F1, i) + (N1841, F1, i)(N1922,1,i) + (N3090, F0, i) + (N540->N2056, F1, i)}
{(N2381, F1, i) + (N2790, F1, i) + (N1841, F1, i)(N1922,1,i) + (N3090, F0, i) + (N2056, F0, i)}
{(N2381, F1, i) + (N2790, F1, i) + (N1841, F1, i)(N1922,1,i) + (N3090, F0, i) + (N6->N1994, F1, i)}
{(N2381, F1, i) + (N2790, F1, i) + (N1841, F1, i)(N1922,1,i) + (N3090, F0, i) + (N1994, F1, i)(N53,1,i)}
{(N2381, F1, i) + (N2790, F1, i) + (N890->N1275, F0, i) + (N781, F0, i) + (N661, F1, i)(N894,1,i)}
{(N2381, F1, i) + (N2790, F1, i) + (N890->N1275, F0, i) + (N781, F0, i) + (N933, F1, i)}
{(N2381, F1, i) + (N2790, F1, i) + (N890->N1275, F0, i) + (N781, F0, i) + (N3721, F0, i)}
{(N2381, F1, i) + (N2790, F1, i) + (N890->N1275, F0, i) + (N781, F0, i) + (N2744->N728, F0, i)}
{(N2381, F1, i) + (N2790, F1, i) + (N890->N1275, F0, i) + (N781, F0, i) + (N728, F0, i)}
{(N2381, F1, i) + (N2790, F1, i) + (N890->N1275, F0, i) + (N781, F0, i) + (N540->N2056, F1, i)}
{(N2381, F1, i) + (N2790, F1, i) + (N890->N1275, F0, i) + (N781, F0, i) + (N2056, F0, i)}
{(N2381, F1, i) + (N2790, F1, i) + (N890->N1275, F0, i) + (N781, F0, i) + (N6->N1994, F1, i)}
{(N2381, F1, i) + (N2790, F1, i) + (N890->N1275, F0, i) + (N781, F0, i) + (N1994, F1, i)(N53,1,i)}
{(N2381, F1, i) + (N2790, F1, i) + (N890->N1275, F0, i) + (N1658, F0, i) + (N661, F1, i)(N894,1,i)}
{(N2381, F1, i) + (N2790, F1, i) + (N890->N1275, F0, i) + (N1658, F0, i) + (N933, F1, i)}
{(N2381, F1, i) + (N2790, F1, i) + (N890->N1275, F0, i) + (N1658, F0, i) + (N3721, F0, i)}
{(N2381, F1, i) + (N2790, F1, i) + (N890->N1275, F0, i) + (N1658, F0, i) + (N2744->N728, F0, i)}
{(N2381, F1, i) + (N2790, F1, i) + (N890->N1275, F0, i) + (N1658, F0, i) + (N728, F0, i)}
{(N2381, F1, i) + (N2790, F1, i) + (N890->N1275, F0, i) + (N1658, F0, i) + (N540->N2056, F1, i)}
{(N2381, F1, i) + (N2790, F1, i) + (N890->N1275, F0, i) + (N1658, F0, i) + (N2056, F0, i)}
{(N2381, F1, i) + (N2790, F1, i) + (N890->N1275, F0, i) + (N1658, F0, i) + (N6->N1994, F1, i)}
{(N2381, F1, i) + (N2790, F1, i) + (N890->N1275, F0, i) + (N1658, F0, i) + (N1994, F1, i)(N53,1,i)}
{(N2381, F1, i) + (N2790, F1, i) + (N890->N1275, F0, i) + (N1077->N3484, F1, i) + (N661, F1, i)(N894,1,i)}
{(N2381, F1, i) + (N2790, F1, i) + (N890->N1275, F0, i) + (N1077->N3484, F1, i) + (N933, F1, i)}
{(N2381, F1, i) + (N2790, F1, i) + (N890->N1275, F0, i) + (N1077->N3484, F1, i) + (N3721, F0, i)}
{(N2381, F1, i) + (N2790, F1, i) + (N890->N1275, F0, i) + (N1077->N3484, F1, i) + (N2744->N728, F0, i)}
{(N2381, F1, i) + (N2790, F1, i) + (N890->N1275, F0, i) + (N1077->N3484, F1, i) + (N728, F0, i)}
{(N2381, F1, i) + (N2790, F1, i) + (N890->N1275, F0, i) + (N1077->N3484, F1, i) + (N540->N2056, F1, i)}
{(N2381, F1, i) + (N2790, F1, i) + (N890->N1275, F0, i) + (N1077->N3484, F1, i) + (N2056, F0, i)}
{(N2381, F1, i) + (N2790, F1, i) + (N890->N1275, F0, i) + (N1077->N3484, F1, i) + (N6->N1994, F1, i)}
{(N2381, F1, i) + (N2790, F1, i) + (N890->N1275, F0, i) + (N1077->N3484, F1, i) + (N1994, F1, i)(N53,1,i)}
{(N2381, F1, i) + (N2790, F1, i) + (N890->N1275, F0, i) + (N3484, F0, i) + (N661, F1, i)(N894,1,i)}
{(N2381, F1, i) + (N2790, F1, i) + (N890->N1275, F0, i) + (N3484, F0, i) + (N933, F1, i)}
{(N2381, F1, i) + (N2790, F1, i) + (N890->N1275, F0, i) + (N3484, F0, i) + (N3721, F0, i)}
{(N2381, F1, i) + (N2790, F1, i) + (N890->N1275, F0, i) + (N3484, F0, i) + (N2744->N728, F0, i)}
{(N2381, F1, i) + (N2790, F1, i) + (N890->N1275, F0, i) + (N3484, F0, i) + (N728, F0, i)}
{(N2381, F1, i) + (N2790, F1, i) + (N890->N1275, F0, i) + (N3484, F0, i) + (N540->N2056, F1, i)}
{(N2381, F1, i) + (N2790, F1, i) + (N890->N1275, F0, i) + (N3484, F0, i) + (N2056, F0, i)}
{(N2381, F1, i) + (N2790, F1, i) + (N890->N1275, F0, i) + (N3484, F0, i) + (N6->N1994, F1, i)}
{(N2381, F1, i) + (N2790, F1, i) + (N890->N1275, F0, i) + (N3484, F0, i) + (N1994, F1, i)(N53,1,i)}
{(N2381, F1, i) + (N2790, F1, i) + (N890->N1275, F0, i) + (N3939->N3090, F1, i) + (N661, F1, i)(N894,1,i)}
{(N2381, F1, i) + (N2790, F1, i) + (N890->N1275, F0, i) + (N3939->N3090, F1, i) + (N933, F1, i)}
{(N2381, F1, i) + (N2790, F1, i) + (N890->N1275, F0, i) + (N3939->N3090, F1, i) + (N3721, F0, i)}
{(N2381, F1, i) + (N2790, F1, i) + (N890->N1275, F0, i) + (N3939->N3090, F1, i) + (N2744->N728, F0, i)}
{(N2381, F1, i) + (N2790, F1, i) + (N890->N1275, F0, i) + (N3939->N3090, F1, i) + (N728, F0, i)}
{(N2381, F1, i) + (N2790, F1, i) + (N890->N1275, F0, i) + (N3939->N3090, F1, i) + (N540->N2056, F1, i)}
{(N2381, F1, i) + (N2790, F1, i) + (N890->N1275, F0, i) + (N3939->N3090, F1, i) + (N2056, F0, i)}
{(N2381, F1, i) + (N2790, F1, i) + (N890->N1275, F0, i) + (N3939->N3090, F1, i) + (N6->N1994, F1, i)}
{(N2381, F1, i) + (N2790, F1, i) + (N890->N1275, F0, i) + (N3939->N3090, F1, i) + (N1994, F1, i)(N53,1,i)}
{(N2381, F1, i) + (N2790, F1, i) + (N890->N1275, F0, i) + (N3090, F0, i) + (N661, F1, i)(N894,1,i)}
{(N2381, F1, i) + (N2790, F1, i) + (N890->N1275, F0, i) + (N3090, F0, i) + (N933, F1, i)}
{(N2381, F1, i) + (N2790, F1, i) + (N890->N1275, F0, i) + (N3090, F0, i) + (N3721, F0, i)}
{(N2381, F1, i) + (N2790, F1, i) + (N890->N1275, F0, i) + (N3090, F0, i) + (N2744->N728, F0, i)}
{(N2381, F1, i) + (N2790, F1, i) + (N890->N1275, F0, i) + (N3090, F0, i) + (N728, F0, i)}
{(N2381, F1, i) + (N2790, F1, i) + (N890->N1275, F0, i) + (N3090, F0, i) + (N540->N2056, F1, i)}
{(N2381, F1, i) + (N2790, F1, i) + (N890->N1275, F0, i) + (N3090, F0, i) + (N2056, F0, i)}
{(N2381, F1, i) + (N2790, F1, i) + (N890->N1275, F0, i) + (N3090, F0, i) + (N6->N1994, F1, i)}
{(N2381, F1, i) + (N2790, F1, i) + (N890->N1275, F0, i) + (N3090, F0, i) + (N1994, F1, i)(N53,1,i)}
{(N2381, F1, i) + (N2790, F1, i) + (N1275, F1, i) + (N781, F0, i) + (N661, F1, i)(N894,1,i)}
{(N2381, F1, i) + (N2790, F1, i) + (N1275, F1, i) + (N781, F0, i) + (N933, F1, i)}
{(N2381, F1, i) + (N2790, F1, i) + (N1275, F1, i) + (N781, F0, i) + (N3721, F0, i)}
{(N2381, F1, i) + (N2790, F1, i) + (N1275, F1, i) + (N781, F0, i) + (N2744->N728, F0, i)}
{(N2381, F1, i) + (N2790, F1, i) + (N1275, F1, i) + (N781, F0, i) + (N728, F0, i)}
{(N2381, F1, i) + (N2790, F1, i) + (N1275, F1, i) + (N781, F0, i) + (N540->N2056, F1, i)}
{(N2381, F1, i) + (N2790, F1, i) + (N1275, F1, i) + (N781, F0, i) + (N2056, F0, i)}
{(N2381, F1, i) + (N2790, F1, i) + (N1275, F1, i) + (N781, F0, i) + (N6->N1994, F1, i)}
{(N2381, F1, i) + (N2790, F1, i) + (N1275, F1, i) + (N781, F0, i) + (N1994, F1, i)(N53,1,i)}
{(N2381, F1, i) + (N2790, F1, i) + (N1275, F1, i) + (N1658, F0, i) + (N661, F1, i)(N894,1,i)}
{(N2381, F1, i) + (N2790, F1, i) + (N1275, F1, i) + (N1658, F0, i) + (N933, F1, i)}
{(N2381, F1, i) + (N2790, F1, i) + (N1275, F1, i) + (N1658, F0, i) + (N3721, F0, i)}
{(N2381, F1, i) + (N2790, F1, i) + (N1275, F1, i) + (N1658, F0, i) + (N2744->N728, F0, i)}
{(N2381, F1, i) + (N2790, F1, i) + (N1275, F1, i) + (N1658, F0, i) + (N728, F0, i)}
{(N2381, F1, i) + (N2790, F1, i) + (N1275, F1, i) + (N1658, F0, i) + (N540->N2056, F1, i)}
{(N2381, F1, i) + (N2790, F1, i) + (N1275, F1, i) + (N1658, F0, i) + (N2056, F0, i)}
{(N2381, F1, i) + (N2790, F1, i) + (N1275, F1, i) + (N1658, F0, i) + (N6->N1994, F1, i)}
{(N2381, F1, i) + (N2790, F1, i) + (N1275, F1, i) + (N1658, F0, i) + (N1994, F1, i)(N53,1,i)}
{(N2381, F1, i) + (N2790, F1, i) + (N1275, F1, i) + (N1077->N3484, F1, i) + (N661, F1, i)(N894,1,i)}
{(N2381, F1, i) + (N2790, F1, i) + (N1275, F1, i) + (N1077->N3484, F1, i) + (N933, F1, i)}
{(N2381, F1, i) + (N2790, F1, i) + (N1275, F1, i) + (N1077->N3484, F1, i) + (N3721, F0, i)}
{(N2381, F1, i) + (N2790, F1, i) + (N1275, F1, i) + (N1077->N3484, F1, i) + (N2744->N728, F0, i)}
{(N2381, F1, i) + (N2790, F1, i) + (N1275, F1, i) + (N1077->N3484, F1, i) + (N728, F0, i)}
{(N2381, F1, i) + (N2790, F1, i) + (N1275, F1, i) + (N1077->N3484, F1, i) + (N540->N2056, F1, i)}
{(N2381, F1, i) + (N2790, F1, i) + (N1275, F1, i) + (N1077->N3484, F1, i) + (N2056, F0, i)}
{(N2381, F1, i) + (N2790, F1, i) + (N1275, F1, i) + (N1077->N3484, F1, i) + (N6->N1994, F1, i)}
{(N2381, F1, i) + (N2790, F1, i) + (N1275, F1, i) + (N1077->N3484, F1, i) + (N1994, F1, i)(N53,1,i)}
{(N2381, F1, i) + (N2790, F1, i) + (N1275, F1, i) + (N3484, F0, i) + (N661, F1, i)(N894,1,i)}
{(N2381, F1, i) + (N2790, F1, i) + (N1275, F1, i) + (N3484, F0, i) + (N933, F1, i)}
{(N2381, F1, i) + (N2790, F1, i) + (N1275, F1, i) + (N3484, F0, i) + (N3721, F0, i)}
{(N2381, F1, i) + (N2790, F1, i) + (N1275, F1, i) + (N3484, F0, i) + (N2744->N728, F0, i)}
{(N2381, F1, i) + (N2790, F1, i) + (N1275, F1, i) + (N3484, F0, i) + (N728, F0, i)}
{(N2381, F1, i) + (N2790, F1, i) + (N1275, F1, i) + (N3484, F0, i) + (N540->N2056, F1, i)}
{(N2381, F1, i) + (N2790, F1, i) + (N1275, F1, i) + (N3484, F0, i) + (N2056, F0, i)}
{(N2381, F1, i) + (N2790, F1, i) + (N1275, F1, i) + (N3484, F0, i) + (N6->N1994, F1, i)}
{(N2381, F1, i) + (N2790, F1, i) + (N1275, F1, i) + (N3484, F0, i) + (N1994, F1, i)(N53,1,i)}
{(N2381, F1, i) + (N2790, F1, i) + (N1275, F1, i) + (N3939->N3090, F1, i) + (N661, F1, i)(N894,1,i)}
{(N2381, F1, i) + (N2790, F1, i) + (N1275, F1, i) + (N3939->N3090, F1, i) + (N933, F1, i)}
{(N2381, F1, i) + (N2790, F1, i) + (N1275, F1, i) + (N3939->N3090, F1, i) + (N3721, F0, i)}
{(N2381, F1, i) + (N2790, F1, i) + (N1275, F1, i) + (N3939->N3090, F1, i) + (N2744->N728, F0, i)}
{(N2381, F1, i) + (N2790, F1, i) + (N1275, F1, i) + (N3939->N3090, F1, i) + (N728, F0, i)}
{(N2381, F1, i) + (N2790, F1, i) + (N1275, F1, i) + (N3939->N3090, F1, i) + (N540->N2056, F1, i)}
{(N2381, F1, i) + (N2790, F1, i) + (N1275, F1, i) + (N3939->N3090, F1, i) + (N2056, F0, i)}
{(N2381, F1, i) + (N2790, F1, i) + (N1275, F1, i) + (N3939->N3090, F1, i) + (N6->N1994, F1, i)}
{(N2381, F1, i) + (N2790, F1, i) + (N1275, F1, i) + (N3939->N3090, F1, i) + (N1994, F1, i)(N53,1,i)}
{(N2381, F1, i) + (N2790, F1, i) + (N1275, F1, i) + (N3090, F0, i) + (N661, F1, i)(N894,1,i)}
{(N2381, F1, i) + (N2790, F1, i) + (N1275, F1, i) + (N3090, F0, i) + (N933, F1, i)}
{(N2381, F1, i) + (N2790, F1, i) + (N1275, F1, i) + (N3090, F0, i) + (N3721, F0, i)}
{(N2381, F1, i) + (N2790, F1, i) + (N1275, F1, i) + (N3090, F0, i) + (N2744->N728, F0, i)}
{(N2381, F1, i) + (N2790, F1, i) + (N1275, F1, i) + (N3090, F0, i) + (N728, F0, i)}
{(N2381, F1, i) + (N2790, F1, i) + (N1275, F1, i) + (N3090, F0, i) + (N540->N2056, F1, i)}
{(N2381, F1, i) + (N2790, F1, i) + (N1275, F1, i) + (N3090, F0, i) + (N2056, F0, i)}
{(N2381, F1, i) + (N2790, F1, i) + (N1275, F1, i) + (N3090, F0, i) + (N6->N1994, F1, i)}
{(N2381, F1, i) + (N2790, F1, i) + (N1275, F1, i) + (N3090, F0, i) + (N1994, F1, i)(N53,1,i)}
{(N2227, F1, i) + (N3196, F1, i) + (N1841, F1, i)(N1922,1,i) + (N781, F0, i) + (N661, F1, i)(N894,1,i)}
{(N2227, F1, i) + (N3196, F1, i) + (N1841, F1, i)(N1922,1,i) + (N781, F0, i) + (N933, F1, i)}
{(N2227, F1, i) + (N3196, F1, i) + (N1841, F1, i)(N1922,1,i) + (N781, F0, i) + (N3721, F0, i)}
{(N2227, F1, i) + (N3196, F1, i) + (N1841, F1, i)(N1922,1,i) + (N781, F0, i) + (N2744->N728, F0, i)}
{(N2227, F1, i) + (N3196, F1, i) + (N1841, F1, i)(N1922,1,i) + (N781, F0, i) + (N728, F0, i)}
{(N2227, F1, i) + (N3196, F1, i) + (N1841, F1, i)(N1922,1,i) + (N781, F0, i) + (N540->N2056, F1, i)}
{(N2227, F1, i) + (N3196, F1, i) + (N1841, F1, i)(N1922,1,i) + (N781, F0, i) + (N2056, F0, i)}
{(N2227, F1, i) + (N3196, F1, i) + (N1841, F1, i)(N1922,1,i) + (N781, F0, i) + (N6->N1994, F1, i)}
{(N2227, F1, i) + (N3196, F1, i) + (N1841, F1, i)(N1922,1,i) + (N781, F0, i) + (N1994, F1, i)(N53,1,i)}
{(N2227, F1, i) + (N3196, F1, i) + (N1841, F1, i)(N1922,1,i) + (N1658, F0, i) + (N661, F1, i)(N894,1,i)}
{(N2227, F1, i) + (N3196, F1, i) + (N1841, F1, i)(N1922,1,i) + (N1658, F0, i) + (N933, F1, i)}
{(N2227, F1, i) + (N3196, F1, i) + (N1841, F1, i)(N1922,1,i) + (N1658, F0, i) + (N3721, F0, i)}
{(N2227, F1, i) + (N3196, F1, i) + (N1841, F1, i)(N1922,1,i) + (N1658, F0, i) + (N2744->N728, F0, i)}
{(N2227, F1, i) + (N3196, F1, i) + (N1841, F1, i)(N1922,1,i) + (N1658, F0, i) + (N728, F0, i)}
{(N2227, F1, i) + (N3196, F1, i) + (N1841, F1, i)(N1922,1,i) + (N1658, F0, i) + (N540->N2056, F1, i)}
{(N2227, F1, i) + (N3196, F1, i) + (N1841, F1, i)(N1922,1,i) + (N1658, F0, i) + (N2056, F0, i)}
{(N2227, F1, i) + (N3196, F1, i) + (N1841, F1, i)(N1922,1,i) + (N1658, F0, i) + (N6->N1994, F1, i)}
{(N2227, F1, i) + (N3196, F1, i) + (N1841, F1, i)(N1922,1,i) + (N1658, F0, i) + (N1994, F1, i)(N53,1,i)}
{(N2227, F1, i) + (N3196, F1, i) + (N1841, F1, i)(N1922,1,i) + (N1077->N3484, F1, i) + (N661, F1, i)(N894,1,i)}
{(N2227, F1, i) + (N3196, F1, i) + (N1841, F1, i)(N1922,1,i) + (N1077->N3484, F1, i) + (N933, F1, i)}
{(N2227, F1, i) + (N3196, F1, i) + (N1841, F1, i)(N1922,1,i) + (N1077->N3484, F1, i) + (N3721, F0, i)}
{(N2227, F1, i) + (N3196, F1, i) + (N1841, F1, i)(N1922,1,i) + (N1077->N3484, F1, i) + (N2744->N728, F0, i)}
{(N2227, F1, i) + (N3196, F1, i) + (N1841, F1, i)(N1922,1,i) + (N1077->N3484, F1, i) + (N728, F0, i)}
{(N2227, F1, i) + (N3196, F1, i) + (N1841, F1, i)(N1922,1,i) + (N1077->N3484, F1, i) + (N540->N2056, F1, i)}
{(N2227, F1, i) + (N3196, F1, i) + (N1841, F1, i)(N1922,1,i) + (N1077->N3484, F1, i) + (N2056, F0, i)}
{(N2227, F1, i) + (N3196, F1, i) + (N1841, F1, i)(N1922,1,i) + (N1077->N3484, F1, i) + (N6->N1994, F1, i)}
{(N2227, F1, i) + (N3196, F1, i) + (N1841, F1, i)(N1922,1,i) + (N1077->N3484, F1, i) + (N1994, F1, i)(N53,1,i)}
{(N2227, F1, i) + (N3196, F1, i) + (N1841, F1, i)(N1922,1,i) + (N3484, F0, i) + (N661, F1, i)(N894,1,i)}
{(N2227, F1, i) + (N3196, F1, i) + (N1841, F1, i)(N1922,1,i) + (N3484, F0, i) + (N933, F1, i)}
{(N2227, F1, i) + (N3196, F1, i) + (N1841, F1, i)(N1922,1,i) + (N3484, F0, i) + (N3721, F0, i)}
{(N2227, F1, i) + (N3196, F1, i) + (N1841, F1, i)(N1922,1,i) + (N3484, F0, i) + (N2744->N728, F0, i)}
{(N2227, F1, i) + (N3196, F1, i) + (N1841, F1, i)(N1922,1,i) + (N3484, F0, i) + (N728, F0, i)}
{(N2227, F1, i) + (N3196, F1, i) + (N1841, F1, i)(N1922,1,i) + (N3484, F0, i) + (N540->N2056, F1, i)}
{(N2227, F1, i) + (N3196, F1, i) + (N1841, F1, i)(N1922,1,i) + (N3484, F0, i) + (N2056, F0, i)}
{(N2227, F1, i) + (N3196, F1, i) + (N1841, F1, i)(N1922,1,i) + (N3484, F0, i) + (N6->N1994, F1, i)}
{(N2227, F1, i) + (N3196, F1, i) + (N1841, F1, i)(N1922,1,i) + (N3484, F0, i) + (N1994, F1, i)(N53,1,i)}
{(N2227, F1, i) + (N3196, F1, i) + (N1841, F1, i)(N1922,1,i) + (N3939->N3090, F1, i) + (N661, F1, i)(N894,1,i)}
{(N2227, F1, i) + (N3196, F1, i) + (N1841, F1, i)(N1922,1,i) + (N3939->N3090, F1, i) + (N933, F1, i)}
{(N2227, F1, i) + (N3196, F1, i) + (N1841, F1, i)(N1922,1,i) + (N3939->N3090, F1, i) + (N3721, F0, i)}
{(N2227, F1, i) + (N3196, F1, i) + (N1841, F1, i)(N1922,1,i) + (N3939->N3090, F1, i) + (N2744->N728, F0, i)}
{(N2227, F1, i) + (N3196, F1, i) + (N1841, F1, i)(N1922,1,i) + (N3939->N3090, F1, i) + (N728, F0, i)}
{(N2227, F1, i) + (N3196, F1, i) + (N1841, F1, i)(N1922,1,i) + (N3939->N3090, F1, i) + (N540->N2056, F1, i)}
{(N2227, F1, i) + (N3196, F1, i) + (N1841, F1, i)(N1922,1,i) + (N3939->N3090, F1, i) + (N2056, F0, i)}
{(N2227, F1, i) + (N3196, F1, i) + (N1841, F1, i)(N1922,1,i) + (N3939->N3090, F1, i) + (N6->N1994, F1, i)}
{(N2227, F1, i) + (N3196, F1, i) + (N1841, F1, i)(N1922,1,i) + (N3939->N3090, F1, i) + (N1994, F1, i)(N53,1,i)}
{(N2227, F1, i) + (N3196, F1, i) + (N1841, F1, i)(N1922,1,i) + (N3090, F0, i) + (N661, F1, i)(N894,1,i)}
{(N2227, F1, i) + (N3196, F1, i) + (N1841, F1, i)(N1922,1,i) + (N3090, F0, i) + (N933, F1, i)}
{(N2227, F1, i) + (N3196, F1, i) + (N1841, F1, i)(N1922,1,i) + (N3090, F0, i) + (N3721, F0, i)}
{(N2227, F1, i) + (N3196, F1, i) + (N1841, F1, i)(N1922,1,i) + (N3090, F0, i) + (N2744->N728, F0, i)}
{(N2227, F1, i) + (N3196, F1, i) + (N1841, F1, i)(N1922,1,i) + (N3090, F0, i) + (N728, F0, i)}
{(N2227, F1, i) + (N3196, F1, i) + (N1841, F1, i)(N1922,1,i) + (N3090, F0, i) + (N540->N2056, F1, i)}
{(N2227, F1, i) + (N3196, F1, i) + (N1841, F1, i)(N1922,1,i) + (N3090, F0, i) + (N2056, F0, i)}
{(N2227, F1, i) + (N3196, F1, i) + (N1841, F1, i)(N1922,1,i) + (N3090, F0, i) + (N6->N1994, F1, i)}
{(N2227, F1, i) + (N3196, F1, i) + (N1841, F1, i)(N1922,1,i) + (N3090, F0, i) + (N1994, F1, i)(N53,1,i)}
{(N2227, F1, i) + (N3196, F1, i) + (N890->N1275, F0, i) + (N781, F0, i) + (N661, F1, i)(N894,1,i)}
{(N2227, F1, i) + (N3196, F1, i) + (N890->N1275, F0, i) + (N781, F0, i) + (N933, F1, i)}
{(N2227, F1, i) + (N3196, F1, i) + (N890->N1275, F0, i) + (N781, F0, i) + (N3721, F0, i)}
{(N2227, F1, i) + (N3196, F1, i) + (N890->N1275, F0, i) + (N781, F0, i) + (N2744->N728, F0, i)}
{(N2227, F1, i) + (N3196, F1, i) + (N890->N1275, F0, i) + (N781, F0, i) + (N728, F0, i)}
{(N2227, F1, i) + (N3196, F1, i) + (N890->N1275, F0, i) + (N781, F0, i) + (N540->N2056, F1, i)}
{(N2227, F1, i) + (N3196, F1, i) + (N890->N1275, F0, i) + (N781, F0, i) + (N2056, F0, i)}
{(N2227, F1, i) + (N3196, F1, i) + (N890->N1275, F0, i) + (N781, F0, i) + (N6->N1994, F1, i)}
{(N2227, F1, i) + (N3196, F1, i) + (N890->N1275, F0, i) + (N781, F0, i) + (N1994, F1, i)(N53,1,i)}
{(N2227, F1, i) + (N3196, F1, i) + (N890->N1275, F0, i) + (N1658, F0, i) + (N661, F1, i)(N894,1,i)}
{(N2227, F1, i) + (N3196, F1, i) + (N890->N1275, F0, i) + (N1658, F0, i) + (N933, F1, i)}
{(N2227, F1, i) + (N3196, F1, i) + (N890->N1275, F0, i) + (N1658, F0, i) + (N3721, F0, i)}
{(N2227, F1, i) + (N3196, F1, i) + (N890->N1275, F0, i) + (N1658, F0, i) + (N2744->N728, F0, i)}
{(N2227, F1, i) + (N3196, F1, i) + (N890->N1275, F0, i) + (N1658, F0, i) + (N728, F0, i)}
{(N2227, F1, i) + (N3196, F1, i) + (N890->N1275, F0, i) + (N1658, F0, i) + (N540->N2056, F1, i)}
{(N2227, F1, i) + (N3196, F1, i) + (N890->N1275, F0, i) + (N1658, F0, i) + (N2056, F0, i)}
{(N2227, F1, i) + (N3196, F1, i) + (N890->N1275, F0, i) + (N1658, F0, i) + (N6->N1994, F1, i)}
{(N2227, F1, i) + (N3196, F1, i) + (N890->N1275, F0, i) + (N1658, F0, i) + (N1994, F1, i)(N53,1,i)}
{(N2227, F1, i) + (N3196, F1, i) + (N890->N1275, F0, i) + (N1077->N3484, F1, i) + (N661, F1, i)(N894,1,i)}
{(N2227, F1, i) + (N3196, F1, i) + (N890->N1275, F0, i) + (N1077->N3484, F1, i) + (N933, F1, i)}
{(N2227, F1, i) + (N3196, F1, i) + (N890->N1275, F0, i) + (N1077->N3484, F1, i) + (N3721, F0, i)}
{(N2227, F1, i) + (N3196, F1, i) + (N890->N1275, F0, i) + (N1077->N3484, F1, i) + (N2744->N728, F0, i)}
{(N2227, F1, i) + (N3196, F1, i) + (N890->N1275, F0, i) + (N1077->N3484, F1, i) + (N728, F0, i)}
{(N2227, F1, i) + (N3196, F1, i) + (N890->N1275, F0, i) + (N1077->N3484, F1, i) + (N540->N2056, F1, i)}
{(N2227, F1, i) + (N3196, F1, i) + (N890->N1275, F0, i) + (N1077->N3484, F1, i) + (N2056, F0, i)}
{(N2227, F1, i) + (N3196, F1, i) + (N890->N1275, F0, i) + (N1077->N3484, F1, i) + (N6->N1994, F1, i)}
{(N2227, F1, i) + (N3196, F1, i) + (N890->N1275, F0, i) + (N1077->N3484, F1, i) + (N1994, F1, i)(N53,1,i)}
{(N2227, F1, i) + (N3196, F1, i) + (N890->N1275, F0, i) + (N3484, F0, i) + (N661, F1, i)(N894,1,i)}
{(N2227, F1, i) + (N3196, F1, i) + (N890->N1275, F0, i) + (N3484, F0, i) + (N933, F1, i)}
{(N2227, F1, i) + (N3196, F1, i) + (N890->N1275, F0, i) + (N3484, F0, i) + (N3721, F0, i)}
{(N2227, F1, i) + (N3196, F1, i) + (N890->N1275, F0, i) + (N3484, F0, i) + (N2744->N728, F0, i)}
{(N2227, F1, i) + (N3196, F1, i) + (N890->N1275, F0, i) + (N3484, F0, i) + (N728, F0, i)}
{(N2227, F1, i) + (N3196, F1, i) + (N890->N1275, F0, i) + (N3484, F0, i) + (N540->N2056, F1, i)}
{(N2227, F1, i) + (N3196, F1, i) + (N890->N1275, F0, i) + (N3484, F0, i) + (N2056, F0, i)}
{(N2227, F1, i) + (N3196, F1, i) + (N890->N1275, F0, i) + (N3484, F0, i) + (N6->N1994, F1, i)}
{(N2227, F1, i) + (N3196, F1, i) + (N890->N1275, F0, i) + (N3484, F0, i) + (N1994, F1, i)(N53,1,i)}
{(N2227, F1, i) + (N3196, F1, i) + (N890->N1275, F0, i) + (N3939->N3090, F1, i) + (N661, F1, i)(N894,1,i)}
{(N2227, F1, i) + (N3196, F1, i) + (N890->N1275, F0, i) + (N3939->N3090, F1, i) + (N933, F1, i)}
{(N2227, F1, i) + (N3196, F1, i) + (N890->N1275, F0, i) + (N3939->N3090, F1, i) + (N3721, F0, i)}
{(N2227, F1, i) + (N3196, F1, i) + (N890->N1275, F0, i) + (N3939->N3090, F1, i) + (N2744->N728, F0, i)}
{(N2227, F1, i) + (N3196, F1, i) + (N890->N1275, F0, i) + (N3939->N3090, F1, i) + (N728, F0, i)}
{(N2227, F1, i) + (N3196, F1, i) + (N890->N1275, F0, i) + (N3939->N3090, F1, i) + (N540->N2056, F1, i)}
{(N2227, F1, i) + (N3196, F1, i) + (N890->N1275, F0, i) + (N3939->N3090, F1, i) + (N2056, F0, i)}
{(N2227, F1, i) + (N3196, F1, i) + (N890->N1275, F0, i) + (N3939->N3090, F1, i) + (N6->N1994, F1, i)}
{(N2227, F1, i) + (N3196, F1, i) + (N890->N1275, F0, i) + (N3939->N3090, F1, i) + (N1994, F1, i)(N53,1,i)}
{(N2227, F1, i) + (N3196, F1, i) + (N890->N1275, F0, i) + (N3090, F0, i) + (N661, F1, i)(N894,1,i)}
{(N2227, F1, i) + (N3196, F1, i) + (N890->N1275, F0, i) + (N3090, F0, i) + (N933, F1, i)}
{(N2227, F1, i) + (N3196, F1, i) + (N890->N1275, F0, i) + (N3090, F0, i) + (N3721, F0, i)}
{(N2227, F1, i) + (N3196, F1, i) + (N890->N1275, F0, i) + (N3090, F0, i) + (N2744->N728, F0, i)}
{(N2227, F1, i) + (N3196, F1, i) + (N890->N1275, F0, i) + (N3090, F0, i) + (N728, F0, i)}
{(N2227, F1, i) + (N3196, F1, i) + (N890->N1275, F0, i) + (N3090, F0, i) + (N540->N2056, F1, i)}
{(N2227, F1, i) + (N3196, F1, i) + (N890->N1275, F0, i) + (N3090, F0, i) + (N2056, F0, i)}
{(N2227, F1, i) + (N3196, F1, i) + (N890->N1275, F0, i) + (N3090, F0, i) + (N6->N1994, F1, i)}
{(N2227, F1, i) + (N3196, F1, i) + (N890->N1275, F0, i) + (N3090, F0, i) + (N1994, F1, i)(N53,1,i)}
{(N2227, F1, i) + (N3196, F1, i) + (N1275, F1, i) + (N781, F0, i) + (N661, F1, i)(N894,1,i)}
{(N2227, F1, i) + (N3196, F1, i) + (N1275, F1, i) + (N781, F0, i) + (N933, F1, i)}
{(N2227, F1, i) + (N3196, F1, i) + (N1275, F1, i) + (N781, F0, i) + (N3721, F0, i)}
{(N2227, F1, i) + (N3196, F1, i) + (N1275, F1, i) + (N781, F0, i) + (N2744->N728, F0, i)}
{(N2227, F1, i) + (N3196, F1, i) + (N1275, F1, i) + (N781, F0, i) + (N728, F0, i)}
{(N2227, F1, i) + (N3196, F1, i) + (N1275, F1, i) + (N781, F0, i) + (N540->N2056, F1, i)}
{(N2227, F1, i) + (N3196, F1, i) + (N1275, F1, i) + (N781, F0, i) + (N2056, F0, i)}
{(N2227, F1, i) + (N3196, F1, i) + (N1275, F1, i) + (N781, F0, i) + (N6->N1994, F1, i)}
{(N2227, F1, i) + (N3196, F1, i) + (N1275, F1, i) + (N781, F0, i) + (N1994, F1, i)(N53,1,i)}
{(N2227, F1, i) + (N3196, F1, i) + (N1275, F1, i) + (N1658, F0, i) + (N661, F1, i)(N894,1,i)}
{(N2227, F1, i) + (N3196, F1, i) + (N1275, F1, i) + (N1658, F0, i) + (N933, F1, i)}
{(N2227, F1, i) + (N3196, F1, i) + (N1275, F1, i) + (N1658, F0, i) + (N3721, F0, i)}
{(N2227, F1, i) + (N3196, F1, i) + (N1275, F1, i) + (N1658, F0, i) + (N2744->N728, F0, i)}
{(N2227, F1, i) + (N3196, F1, i) + (N1275, F1, i) + (N1658, F0, i) + (N728, F0, i)}
{(N2227, F1, i) + (N3196, F1, i) + (N1275, F1, i) + (N1658, F0, i) + (N540->N2056, F1, i)}
{(N2227, F1, i) + (N3196, F1, i) + (N1275, F1, i) + (N1658, F0, i) + (N2056, F0, i)}
{(N2227, F1, i) + (N3196, F1, i) + (N1275, F1, i) + (N1658, F0, i) + (N6->N1994, F1, i)}
{(N2227, F1, i) + (N3196, F1, i) + (N1275, F1, i) + (N1658, F0, i) + (N1994, F1, i)(N53,1,i)}
{(N2227, F1, i) + (N3196, F1, i) + (N1275, F1, i) + (N1077->N3484, F1, i) + (N661, F1, i)(N894,1,i)}
{(N2227, F1, i) + (N3196, F1, i) + (N1275, F1, i) + (N1077->N3484, F1, i) + (N933, F1, i)}
{(N2227, F1, i) + (N3196, F1, i) + (N1275, F1, i) + (N1077->N3484, F1, i) + (N3721, F0, i)}
{(N2227, F1, i) + (N3196, F1, i) + (N1275, F1, i) + (N1077->N3484, F1, i) + (N2744->N728, F0, i)}
{(N2227, F1, i) + (N3196, F1, i) + (N1275, F1, i) + (N1077->N3484, F1, i) + (N728, F0, i)}
{(N2227, F1, i) + (N3196, F1, i) + (N1275, F1, i) + (N1077->N3484, F1, i) + (N540->N2056, F1, i)}
{(N2227, F1, i) + (N3196, F1, i) + (N1275, F1, i) + (N1077->N3484, F1, i) + (N2056, F0, i)}
{(N2227, F1, i) + (N3196, F1, i) + (N1275, F1, i) + (N1077->N3484, F1, i) + (N6->N1994, F1, i)}
{(N2227, F1, i) + (N3196, F1, i) + (N1275, F1, i) + (N1077->N3484, F1, i) + (N1994, F1, i)(N53,1,i)}
{(N2227, F1, i) + (N3196, F1, i) + (N1275, F1, i) + (N3484, F0, i) + (N661, F1, i)(N894,1,i)}
{(N2227, F1, i) + (N3196, F1, i) + (N1275, F1, i) + (N3484, F0, i) + (N933, F1, i)}
{(N2227, F1, i) + (N3196, F1, i) + (N1275, F1, i) + (N3484, F0, i) + (N3721, F0, i)}
{(N2227, F1, i) + (N3196, F1, i) + (N1275, F1, i) + (N3484, F0, i) + (N2744->N728, F0, i)}
{(N2227, F1, i) + (N3196, F1, i) + (N1275, F1, i) + (N3484, F0, i) + (N728, F0, i)}
{(N2227, F1, i) + (N3196, F1, i) + (N1275, F1, i) + (N3484, F0, i) + (N540->N2056, F1, i)}
{(N2227, F1, i) + (N3196, F1, i) + (N1275, F1, i) + (N3484, F0, i) + (N2056, F0, i)}
{(N2227, F1, i) + (N3196, F1, i) + (N1275, F1, i) + (N3484, F0, i) + (N6->N1994, F1, i)}
{(N2227, F1, i) + (N3196, F1, i) + (N1275, F1, i) + (N3484, F0, i) + (N1994, F1, i)(N53,1,i)}
{(N2227, F1, i) + (N3196, F1, i) + (N1275, F1, i) + (N3939->N3090, F1, i) + (N661, F1, i)(N894,1,i)}
{(N2227, F1, i) + (N3196, F1, i) + (N1275, F1, i) + (N3939->N3090, F1, i) + (N933, F1, i)}
{(N2227, F1, i) + (N3196, F1, i) + (N1275, F1, i) + (N3939->N3090, F1, i) + (N3721, F0, i)}
{(N2227, F1, i) + (N3196, F1, i) + (N1275, F1, i) + (N3939->N3090, F1, i) + (N2744->N728, F0, i)}
{(N2227, F1, i) + (N3196, F1, i) + (N1275, F1, i) + (N3939->N3090, F1, i) + (N728, F0, i)}
{(N2227, F1, i) + (N3196, F1, i) + (N1275, F1, i) + (N3939->N3090, F1, i) + (N540->N2056, F1, i)}
{(N2227, F1, i) + (N3196, F1, i) + (N1275, F1, i) + (N3939->N3090, F1, i) + (N2056, F0, i)}
{(N2227, F1, i) + (N3196, F1, i) + (N1275, F1, i) + (N3939->N3090, F1, i) + (N6->N1994, F1, i)}
{(N2227, F1, i) + (N3196, F1, i) + (N1275, F1, i) + (N3939->N3090, F1, i) + (N1994, F1, i)(N53,1,i)}
{(N2227, F1, i) + (N3196, F1, i) + (N1275, F1, i) + (N3090, F0, i) + (N661, F1, i)(N894,1,i)}
{(N2227, F1, i) + (N3196, F1, i) + (N1275, F1, i) + (N3090, F0, i) + (N933, F1, i)}
{(N2227, F1, i) + (N3196, F1, i) + (N1275, F1, i) + (N3090, F0, i) + (N3721, F0, i)}
{(N2227, F1, i) + (N3196, F1, i) + (N1275, F1, i) + (N3090, F0, i) + (N2744->N728, F0, i)}
{(N2227, F1, i) + (N3196, F1, i) + (N1275, F1, i) + (N3090, F0, i) + (N728, F0, i)}
{(N2227, F1, i) + (N3196, F1, i) + (N1275, F1, i) + (N3090, F0, i) + (N540->N2056, F1, i)}
{(N2227, F1, i) + (N3196, F1, i) + (N1275, F1, i) + (N3090, F0, i) + (N2056, F0, i)}
{(N2227, F1, i) + (N3196, F1, i) + (N1275, F1, i) + (N3090, F0, i) + (N6->N1994, F1, i)}
{(N2227, F1, i) + (N3196, F1, i) + (N1275, F1, i) + (N3090, F0, i) + (N1994, F1, i)(N53,1,i)}
{(N2227, F1, i) + (N2790, F1, i) + (N1841, F1, i)(N1922,1,i) + (N781, F0, i) + (N661, F1, i)(N894,1,i)}
{(N2227, F1, i) + (N2790, F1, i) + (N1841, F1, i)(N1922,1,i) + (N781, F0, i) + (N933, F1, i)}
{(N2227, F1, i) + (N2790, F1, i) + (N1841, F1, i)(N1922,1,i) + (N781, F0, i) + (N3721, F0, i)}
{(N2227, F1, i) + (N2790, F1, i) + (N1841, F1, i)(N1922,1,i) + (N781, F0, i) + (N2744->N728, F0, i)}
{(N2227, F1, i) + (N2790, F1, i) + (N1841, F1, i)(N1922,1,i) + (N781, F0, i) + (N728, F0, i)}
{(N2227, F1, i) + (N2790, F1, i) + (N1841, F1, i)(N1922,1,i) + (N781, F0, i) + (N540->N2056, F1, i)}
{(N2227, F1, i) + (N2790, F1, i) + (N1841, F1, i)(N1922,1,i) + (N781, F0, i) + (N2056, F0, i)}
{(N2227, F1, i) + (N2790, F1, i) + (N1841, F1, i)(N1922,1,i) + (N781, F0, i) + (N6->N1994, F1, i)}
{(N2227, F1, i) + (N2790, F1, i) + (N1841, F1, i)(N1922,1,i) + (N781, F0, i) + (N1994, F1, i)(N53,1,i)}
{(N2227, F1, i) + (N2790, F1, i) + (N1841, F1, i)(N1922,1,i) + (N1658, F0, i) + (N661, F1, i)(N894,1,i)}
{(N2227, F1, i) + (N2790, F1, i) + (N1841, F1, i)(N1922,1,i) + (N1658, F0, i) + (N933, F1, i)}
{(N2227, F1, i) + (N2790, F1, i) + (N1841, F1, i)(N1922,1,i) + (N1658, F0, i) + (N3721, F0, i)}
{(N2227, F1, i) + (N2790, F1, i) + (N1841, F1, i)(N1922,1,i) + (N1658, F0, i) + (N2744->N728, F0, i)}
{(N2227, F1, i) + (N2790, F1, i) + (N1841, F1, i)(N1922,1,i) + (N1658, F0, i) + (N728, F0, i)}
{(N2227, F1, i) + (N2790, F1, i) + (N1841, F1, i)(N1922,1,i) + (N1658, F0, i) + (N540->N2056, F1, i)}
{(N2227, F1, i) + (N2790, F1, i) + (N1841, F1, i)(N1922,1,i) + (N1658, F0, i) + (N2056, F0, i)}
{(N2227, F1, i) + (N2790, F1, i) + (N1841, F1, i)(N1922,1,i) + (N1658, F0, i) + (N6->N1994, F1, i)}
{(N2227, F1, i) + (N2790, F1, i) + (N1841, F1, i)(N1922,1,i) + (N1658, F0, i) + (N1994, F1, i)(N53,1,i)}
{(N2227, F1, i) + (N2790, F1, i) + (N1841, F1, i)(N1922,1,i) + (N1077->N3484, F1, i) + (N661, F1, i)(N894,1,i)}
{(N2227, F1, i) + (N2790, F1, i) + (N1841, F1, i)(N1922,1,i) + (N1077->N3484, F1, i) + (N933, F1, i)}
{(N2227, F1, i) + (N2790, F1, i) + (N1841, F1, i)(N1922,1,i) + (N1077->N3484, F1, i) + (N3721, F0, i)}
{(N2227, F1, i) + (N2790, F1, i) + (N1841, F1, i)(N1922,1,i) + (N1077->N3484, F1, i) + (N2744->N728, F0, i)}
{(N2227, F1, i) + (N2790, F1, i) + (N1841, F1, i)(N1922,1,i) + (N1077->N3484, F1, i) + (N728, F0, i)}
{(N2227, F1, i) + (N2790, F1, i) + (N1841, F1, i)(N1922,1,i) + (N1077->N3484, F1, i) + (N540->N2056, F1, i)}
{(N2227, F1, i) + (N2790, F1, i) + (N1841, F1, i)(N1922,1,i) + (N1077->N3484, F1, i) + (N2056, F0, i)}
{(N2227, F1, i) + (N2790, F1, i) + (N1841, F1, i)(N1922,1,i) + (N1077->N3484, F1, i) + (N6->N1994, F1, i)}
{(N2227, F1, i) + (N2790, F1, i) + (N1841, F1, i)(N1922,1,i) + (N1077->N3484, F1, i) + (N1994, F1, i)(N53,1,i)}
{(N2227, F1, i) + (N2790, F1, i) + (N1841, F1, i)(N1922,1,i) + (N3484, F0, i) + (N661, F1, i)(N894,1,i)}
{(N2227, F1, i) + (N2790, F1, i) + (N1841, F1, i)(N1922,1,i) + (N3484, F0, i) + (N933, F1, i)}
{(N2227, F1, i) + (N2790, F1, i) + (N1841, F1, i)(N1922,1,i) + (N3484, F0, i) + (N3721, F0, i)}
{(N2227, F1, i) + (N2790, F1, i) + (N1841, F1, i)(N1922,1,i) + (N3484, F0, i) + (N2744->N728, F0, i)}
{(N2227, F1, i) + (N2790, F1, i) + (N1841, F1, i)(N1922,1,i) + (N3484, F0, i) + (N728, F0, i)}
{(N2227, F1, i) + (N2790, F1, i) + (N1841, F1, i)(N1922,1,i) + (N3484, F0, i) + (N540->N2056, F1, i)}
{(N2227, F1, i) + (N2790, F1, i) + (N1841, F1, i)(N1922,1,i) + (N3484, F0, i) + (N2056, F0, i)}
{(N2227, F1, i) + (N2790, F1, i) + (N1841, F1, i)(N1922,1,i) + (N3484, F0, i) + (N6->N1994, F1, i)}
{(N2227, F1, i) + (N2790, F1, i) + (N1841, F1, i)(N1922,1,i) + (N3484, F0, i) + (N1994, F1, i)(N53,1,i)}
{(N2227, F1, i) + (N2790, F1, i) + (N1841, F1, i)(N1922,1,i) + (N3939->N3090, F1, i) + (N661, F1, i)(N894,1,i)}
{(N2227, F1, i) + (N2790, F1, i) + (N1841, F1, i)(N1922,1,i) + (N3939->N3090, F1, i) + (N933, F1, i)}
{(N2227, F1, i) + (N2790, F1, i) + (N1841, F1, i)(N1922,1,i) + (N3939->N3090, F1, i) + (N3721, F0, i)}
{(N2227, F1, i) + (N2790, F1, i) + (N1841, F1, i)(N1922,1,i) + (N3939->N3090, F1, i) + (N2744->N728, F0, i)}
{(N2227, F1, i) + (N2790, F1, i) + (N1841, F1, i)(N1922,1,i) + (N3939->N3090, F1, i) + (N728, F0, i)}
{(N2227, F1, i) + (N2790, F1, i) + (N1841, F1, i)(N1922,1,i) + (N3939->N3090, F1, i) + (N540->N2056, F1, i)}
{(N2227, F1, i) + (N2790, F1, i) + (N1841, F1, i)(N1922,1,i) + (N3939->N3090, F1, i) + (N2056, F0, i)}
{(N2227, F1, i) + (N2790, F1, i) + (N1841, F1, i)(N1922,1,i) + (N3939->N3090, F1, i) + (N6->N1994, F1, i)}
{(N2227, F1, i) + (N2790, F1, i) + (N1841, F1, i)(N1922,1,i) + (N3939->N3090, F1, i) + (N1994, F1, i)(N53,1,i)}
{(N2227, F1, i) + (N2790, F1, i) + (N1841, F1, i)(N1922,1,i) + (N3090, F0, i) + (N661, F1, i)(N894,1,i)}
{(N2227, F1, i) + (N2790, F1, i) + (N1841, F1, i)(N1922,1,i) + (N3090, F0, i) + (N933, F1, i)}
{(N2227, F1, i) + (N2790, F1, i) + (N1841, F1, i)(N1922,1,i) + (N3090, F0, i) + (N3721, F0, i)}
{(N2227, F1, i) + (N2790, F1, i) + (N1841, F1, i)(N1922,1,i) + (N3090, F0, i) + (N2744->N728, F0, i)}
{(N2227, F1, i) + (N2790, F1, i) + (N1841, F1, i)(N1922,1,i) + (N3090, F0, i) + (N728, F0, i)}
{(N2227, F1, i) + (N2790, F1, i) + (N1841, F1, i)(N1922,1,i) + (N3090, F0, i) + (N540->N2056, F1, i)}
{(N2227, F1, i) + (N2790, F1, i) + (N1841, F1, i)(N1922,1,i) + (N3090, F0, i) + (N2056, F0, i)}
{(N2227, F1, i) + (N2790, F1, i) + (N1841, F1, i)(N1922,1,i) + (N3090, F0, i) + (N6->N1994, F1, i)}
{(N2227, F1, i) + (N2790, F1, i) + (N1841, F1, i)(N1922,1,i) + (N3090, F0, i) + (N1994, F1, i)(N53,1,i)}
{(N2227, F1, i) + (N2790, F1, i) + (N890->N1275, F0, i) + (N781, F0, i) + (N661, F1, i)(N894,1,i)}
{(N2227, F1, i) + (N2790, F1, i) + (N890->N1275, F0, i) + (N781, F0, i) + (N933, F1, i)}
{(N2227, F1, i) + (N2790, F1, i) + (N890->N1275, F0, i) + (N781, F0, i) + (N3721, F0, i)}
{(N2227, F1, i) + (N2790, F1, i) + (N890->N1275, F0, i) + (N781, F0, i) + (N2744->N728, F0, i)}
{(N2227, F1, i) + (N2790, F1, i) + (N890->N1275, F0, i) + (N781, F0, i) + (N728, F0, i)}
{(N2227, F1, i) + (N2790, F1, i) + (N890->N1275, F0, i) + (N781, F0, i) + (N540->N2056, F1, i)}
{(N2227, F1, i) + (N2790, F1, i) + (N890->N1275, F0, i) + (N781, F0, i) + (N2056, F0, i)}
{(N2227, F1, i) + (N2790, F1, i) + (N890->N1275, F0, i) + (N781, F0, i) + (N6->N1994, F1, i)}
{(N2227, F1, i) + (N2790, F1, i) + (N890->N1275, F0, i) + (N781, F0, i) + (N1994, F1, i)(N53,1,i)}
{(N2227, F1, i) + (N2790, F1, i) + (N890->N1275, F0, i) + (N1658, F0, i) + (N661, F1, i)(N894,1,i)}
{(N2227, F1, i) + (N2790, F1, i) + (N890->N1275, F0, i) + (N1658, F0, i) + (N933, F1, i)}
{(N2227, F1, i) + (N2790, F1, i) + (N890->N1275, F0, i) + (N1658, F0, i) + (N3721, F0, i)}
{(N2227, F1, i) + (N2790, F1, i) + (N890->N1275, F0, i) + (N1658, F0, i) + (N2744->N728, F0, i)}
{(N2227, F1, i) + (N2790, F1, i) + (N890->N1275, F0, i) + (N1658, F0, i) + (N728, F0, i)}
{(N2227, F1, i) + (N2790, F1, i) + (N890->N1275, F0, i) + (N1658, F0, i) + (N540->N2056, F1, i)}
{(N2227, F1, i) + (N2790, F1, i) + (N890->N1275, F0, i) + (N1658, F0, i) + (N2056, F0, i)}
{(N2227, F1, i) + (N2790, F1, i) + (N890->N1275, F0, i) + (N1658, F0, i) + (N6->N1994, F1, i)}
{(N2227, F1, i) + (N2790, F1, i) + (N890->N1275, F0, i) + (N1658, F0, i) + (N1994, F1, i)(N53,1,i)}
{(N2227, F1, i) + (N2790, F1, i) + (N890->N1275, F0, i) + (N1077->N3484, F1, i) + (N661, F1, i)(N894,1,i)}
{(N2227, F1, i) + (N2790, F1, i) + (N890->N1275, F0, i) + (N1077->N3484, F1, i) + (N933, F1, i)}
{(N2227, F1, i) + (N2790, F1, i) + (N890->N1275, F0, i) + (N1077->N3484, F1, i) + (N3721, F0, i)}
{(N2227, F1, i) + (N2790, F1, i) + (N890->N1275, F0, i) + (N1077->N3484, F1, i) + (N2744->N728, F0, i)}
{(N2227, F1, i) + (N2790, F1, i) + (N890->N1275, F0, i) + (N1077->N3484, F1, i) + (N728, F0, i)}
{(N2227, F1, i) + (N2790, F1, i) + (N890->N1275, F0, i) + (N1077->N3484, F1, i) + (N540->N2056, F1, i)}
{(N2227, F1, i) + (N2790, F1, i) + (N890->N1275, F0, i) + (N1077->N3484, F1, i) + (N2056, F0, i)}
{(N2227, F1, i) + (N2790, F1, i) + (N890->N1275, F0, i) + (N1077->N3484, F1, i) + (N6->N1994, F1, i)}
{(N2227, F1, i) + (N2790, F1, i) + (N890->N1275, F0, i) + (N1077->N3484, F1, i) + (N1994, F1, i)(N53,1,i)}
{(N2227, F1, i) + (N2790, F1, i) + (N890->N1275, F0, i) + (N3484, F0, i) + (N661, F1, i)(N894,1,i)}
{(N2227, F1, i) + (N2790, F1, i) + (N890->N1275, F0, i) + (N3484, F0, i) + (N933, F1, i)}
{(N2227, F1, i) + (N2790, F1, i) + (N890->N1275, F0, i) + (N3484, F0, i) + (N3721, F0, i)}
{(N2227, F1, i) + (N2790, F1, i) + (N890->N1275, F0, i) + (N3484, F0, i) + (N2744->N728, F0, i)}
{(N2227, F1, i) + (N2790, F1, i) + (N890->N1275, F0, i) + (N3484, F0, i) + (N728, F0, i)}
{(N2227, F1, i) + (N2790, F1, i) + (N890->N1275, F0, i) + (N3484, F0, i) + (N540->N2056, F1, i)}
{(N2227, F1, i) + (N2790, F1, i) + (N890->N1275, F0, i) + (N3484, F0, i) + (N2056, F0, i)}
{(N2227, F1, i) + (N2790, F1, i) + (N890->N1275, F0, i) + (N3484, F0, i) + (N6->N1994, F1, i)}
{(N2227, F1, i) + (N2790, F1, i) + (N890->N1275, F0, i) + (N3484, F0, i) + (N1994, F1, i)(N53,1,i)}
{(N2227, F1, i) + (N2790, F1, i) + (N890->N1275, F0, i) + (N3939->N3090, F1, i) + (N661, F1, i)(N894,1,i)}
{(N2227, F1, i) + (N2790, F1, i) + (N890->N1275, F0, i) + (N3939->N3090, F1, i) + (N933, F1, i)}
{(N2227, F1, i) + (N2790, F1, i) + (N890->N1275, F0, i) + (N3939->N3090, F1, i) + (N3721, F0, i)}
{(N2227, F1, i) + (N2790, F1, i) + (N890->N1275, F0, i) + (N3939->N3090, F1, i) + (N2744->N728, F0, i)}
{(N2227, F1, i) + (N2790, F1, i) + (N890->N1275, F0, i) + (N3939->N3090, F1, i) + (N728, F0, i)}
{(N2227, F1, i) + (N2790, F1, i) + (N890->N1275, F0, i) + (N3939->N3090, F1, i) + (N540->N2056, F1, i)}
{(N2227, F1, i) + (N2790, F1, i) + (N890->N1275, F0, i) + (N3939->N3090, F1, i) + (N2056, F0, i)}
{(N2227, F1, i) + (N2790, F1, i) + (N890->N1275, F0, i) + (N3939->N3090, F1, i) + (N6->N1994, F1, i)}
{(N2227, F1, i) + (N2790, F1, i) + (N890->N1275, F0, i) + (N3939->N3090, F1, i) + (N1994, F1, i)(N53,1,i)}
{(N2227, F1, i) + (N2790, F1, i) + (N890->N1275, F0, i) + (N3090, F0, i) + (N661, F1, i)(N894,1,i)}
{(N2227, F1, i) + (N2790, F1, i) + (N890->N1275, F0, i) + (N3090, F0, i) + (N933, F1, i)}
{(N2227, F1, i) + (N2790, F1, i) + (N890->N1275, F0, i) + (N3090, F0, i) + (N3721, F0, i)}
{(N2227, F1, i) + (N2790, F1, i) + (N890->N1275, F0, i) + (N3090, F0, i) + (N2744->N728, F0, i)}
{(N2227, F1, i) + (N2790, F1, i) + (N890->N1275, F0, i) + (N3090, F0, i) + (N728, F0, i)}
{(N2227, F1, i) + (N2790, F1, i) + (N890->N1275, F0, i) + (N3090, F0, i) + (N540->N2056, F1, i)}
{(N2227, F1, i) + (N2790, F1, i) + (N890->N1275, F0, i) + (N3090, F0, i) + (N2056, F0, i)}
{(N2227, F1, i) + (N2790, F1, i) + (N890->N1275, F0, i) + (N3090, F0, i) + (N6->N1994, F1, i)}
{(N2227, F1, i) + (N2790, F1, i) + (N890->N1275, F0, i) + (N3090, F0, i) + (N1994, F1, i)(N53,1,i)}
{(N2227, F1, i) + (N2790, F1, i) + (N1275, F1, i) + (N781, F0, i) + (N661, F1, i)(N894,1,i)}
{(N2227, F1, i) + (N2790, F1, i) + (N1275, F1, i) + (N781, F0, i) + (N933, F1, i)}
{(N2227, F1, i) + (N2790, F1, i) + (N1275, F1, i) + (N781, F0, i) + (N3721, F0, i)}
{(N2227, F1, i) + (N2790, F1, i) + (N1275, F1, i) + (N781, F0, i) + (N2744->N728, F0, i)}
{(N2227, F1, i) + (N2790, F1, i) + (N1275, F1, i) + (N781, F0, i) + (N728, F0, i)}
{(N2227, F1, i) + (N2790, F1, i) + (N1275, F1, i) + (N781, F0, i) + (N540->N2056, F1, i)}
{(N2227, F1, i) + (N2790, F1, i) + (N1275, F1, i) + (N781, F0, i) + (N2056, F0, i)}
{(N2227, F1, i) + (N2790, F1, i) + (N1275, F1, i) + (N781, F0, i) + (N6->N1994, F1, i)}
{(N2227, F1, i) + (N2790, F1, i) + (N1275, F1, i) + (N781, F0, i) + (N1994, F1, i)(N53,1,i)}
{(N2227, F1, i) + (N2790, F1, i) + (N1275, F1, i) + (N1658, F0, i) + (N661, F1, i)(N894,1,i)}
{(N2227, F1, i) + (N2790, F1, i) + (N1275, F1, i) + (N1658, F0, i) + (N933, F1, i)}
{(N2227, F1, i) + (N2790, F1, i) + (N1275, F1, i) + (N1658, F0, i) + (N3721, F0, i)}
{(N2227, F1, i) + (N2790, F1, i) + (N1275, F1, i) + (N1658, F0, i) + (N2744->N728, F0, i)}
{(N2227, F1, i) + (N2790, F1, i) + (N1275, F1, i) + (N1658, F0, i) + (N728, F0, i)}
{(N2227, F1, i) + (N2790, F1, i) + (N1275, F1, i) + (N1658, F0, i) + (N540->N2056, F1, i)}
{(N2227, F1, i) + (N2790, F1, i) + (N1275, F1, i) + (N1658, F0, i) + (N2056, F0, i)}
{(N2227, F1, i) + (N2790, F1, i) + (N1275, F1, i) + (N1658, F0, i) + (N6->N1994, F1, i)}
{(N2227, F1, i) + (N2790, F1, i) + (N1275, F1, i) + (N1658, F0, i) + (N1994, F1, i)(N53,1,i)}
{(N2227, F1, i) + (N2790, F1, i) + (N1275, F1, i) + (N1077->N3484, F1, i) + (N661, F1, i)(N894,1,i)}
{(N2227, F1, i) + (N2790, F1, i) + (N1275, F1, i) + (N1077->N3484, F1, i) + (N933, F1, i)}
{(N2227, F1, i) + (N2790, F1, i) + (N1275, F1, i) + (N1077->N3484, F1, i) + (N3721, F0, i)}
{(N2227, F1, i) + (N2790, F1, i) + (N1275, F1, i) + (N1077->N3484, F1, i) + (N2744->N728, F0, i)}
{(N2227, F1, i) + (N2790, F1, i) + (N1275, F1, i) + (N1077->N3484, F1, i) + (N728, F0, i)}
{(N2227, F1, i) + (N2790, F1, i) + (N1275, F1, i) + (N1077->N3484, F1, i) + (N540->N2056, F1, i)}
{(N2227, F1, i) + (N2790, F1, i) + (N1275, F1, i) + (N1077->N3484, F1, i) + (N2056, F0, i)}
{(N2227, F1, i) + (N2790, F1, i) + (N1275, F1, i) + (N1077->N3484, F1, i) + (N6->N1994, F1, i)}
{(N2227, F1, i) + (N2790, F1, i) + (N1275, F1, i) + (N1077->N3484, F1, i) + (N1994, F1, i)(N53,1,i)}
{(N2227, F1, i) + (N2790, F1, i) + (N1275, F1, i) + (N3484, F0, i) + (N661, F1, i)(N894,1,i)}
{(N2227, F1, i) + (N2790, F1, i) + (N1275, F1, i) + (N3484, F0, i) + (N933, F1, i)}
{(N2227, F1, i) + (N2790, F1, i) + (N1275, F1, i) + (N3484, F0, i) + (N3721, F0, i)}
{(N2227, F1, i) + (N2790, F1, i) + (N1275, F1, i) + (N3484, F0, i) + (N2744->N728, F0, i)}
{(N2227, F1, i) + (N2790, F1, i) + (N1275, F1, i) + (N3484, F0, i) + (N728, F0, i)}
{(N2227, F1, i) + (N2790, F1, i) + (N1275, F1, i) + (N3484, F0, i) + (N540->N2056, F1, i)}
{(N2227, F1, i) + (N2790, F1, i) + (N1275, F1, i) + (N3484, F0, i) + (N2056, F0, i)}
{(N2227, F1, i) + (N2790, F1, i) + (N1275, F1, i) + (N3484, F0, i) + (N6->N1994, F1, i)}
{(N2227, F1, i) + (N2790, F1, i) + (N1275, F1, i) + (N3484, F0, i) + (N1994, F1, i)(N53,1,i)}
{(N2227, F1, i) + (N2790, F1, i) + (N1275, F1, i) + (N3939->N3090, F1, i) + (N661, F1, i)(N894,1,i)}
{(N2227, F1, i) + (N2790, F1, i) + (N1275, F1, i) + (N3939->N3090, F1, i) + (N933, F1, i)}
{(N2227, F1, i) + (N2790, F1, i) + (N1275, F1, i) + (N3939->N3090, F1, i) + (N3721, F0, i)}
{(N2227, F1, i) + (N2790, F1, i) + (N1275, F1, i) + (N3939->N3090, F1, i) + (N2744->N728, F0, i)}
{(N2227, F1, i) + (N2790, F1, i) + (N1275, F1, i) + (N3939->N3090, F1, i) + (N728, F0, i)}
{(N2227, F1, i) + (N2790, F1, i) + (N1275, F1, i) + (N3939->N3090, F1, i) + (N540->N2056, F1, i)}
{(N2227, F1, i) + (N2790, F1, i) + (N1275, F1, i) + (N3939->N3090, F1, i) + (N2056, F0, i)}
{(N2227, F1, i) + (N2790, F1, i) + (N1275, F1, i) + (N3939->N3090, F1, i) + (N6->N1994, F1, i)}
{(N2227, F1, i) + (N2790, F1, i) + (N1275, F1, i) + (N3939->N3090, F1, i) + (N1994, F1, i)(N53,1,i)}
{(N2227, F1, i) + (N2790, F1, i) + (N1275, F1, i) + (N3090, F0, i) + (N661, F1, i)(N894,1,i)}
{(N2227, F1, i) + (N2790, F1, i) + (N1275, F1, i) + (N3090, F0, i) + (N933, F1, i)}
{(N2227, F1, i) + (N2790, F1, i) + (N1275, F1, i) + (N3090, F0, i) + (N3721, F0, i)}
{(N2227, F1, i) + (N2790, F1, i) + (N1275, F1, i) + (N3090, F0, i) + (N2744->N728, F0, i)}
{(N2227, F1, i) + (N2790, F1, i) + (N1275, F1, i) + (N3090, F0, i) + (N728, F0, i)}
{(N2227, F1, i) + (N2790, F1, i) + (N1275, F1, i) + (N3090, F0, i) + (N540->N2056, F1, i)}
{(N2227, F1, i) + (N2790, F1, i) + (N1275, F1, i) + (N3090, F0, i) + (N2056, F0, i)}
{(N2227, F1, i) + (N2790, F1, i) + (N1275, F1, i) + (N3090, F0, i) + (N6->N1994, F1, i)}
{(N2227, F1, i) + (N2790, F1, i) + (N1275, F1, i) + (N3090, F0, i) + (N1994, F1, i)(N53,1,i)}
