{(N3511, F0, i) + (N459, F1, i) + (N2502, F1, i)(N2177,1,i) + (N2362, F1, i)(N3328,0,i) + (N1247, F1, i)(N1307,1,i)}
{(N3511, F0, i) + (N459, F1, i) + (N2502, F1, i)(N2177,1,i) + (N2362, F1, i)(N3328,0,i) + (N1683->N1423, F0, i)}
{(N3511, F0, i) + (N459, F1, i) + (N2502, F1, i)(N2177,1,i) + (N2362, F1, i)(N3328,0,i) + (N1423, F1, i)}
{(N3511, F0, i) + (N459, F1, i) + (N2502, F1, i)(N2177,1,i) + (N1416->N3328, F0, i) + (N1247, F1, i)(N1307,1,i)}
{(N3511, F0, i) + (N459, F1, i) + (N2502, F1, i)(N2177,1,i) + (N1416->N3328, F0, i) + (N1683->N1423, F0, i)}
{(N3511, F0, i) + (N459, F1, i) + (N2502, F1, i)(N2177,1,i) + (N1416->N3328, F0, i) + (N1423, F1, i)}
{(N3511, F0, i) + (N459, F1, i) + (N2502, F1, i)(N2177,1,i) + (N3328, F1, i) + (N1247, F1, i)(N1307,1,i)}
{(N3511, F0, i) + (N459, F1, i) + (N2502, F1, i)(N2177,1,i) + (N3328, F1, i) + (N1683->N1423, F0, i)}
{(N3511, F0, i) + (N459, F1, i) + (N2502, F1, i)(N2177,1,i) + (N3328, F1, i) + (N1423, F1, i)}
{(N3511, F0, i) + (N459, F1, i) + (N572->N1128, F0, i) + (N2362, F1, i)(N3328,0,i) + (N1247, F1, i)(N1307,1,i)}
{(N3511, F0, i) + (N459, F1, i) + (N572->N1128, F0, i) + (N2362, F1, i)(N3328,0,i) + (N1683->N1423, F0, i)}
{(N3511, F0, i) + (N459, F1, i) + (N572->N1128, F0, i) + (N2362, F1, i)(N3328,0,i) + (N1423, F1, i)}
{(N3511, F0, i) + (N459, F1, i) + (N572->N1128, F0, i) + (N1416->N3328, F0, i) + (N1247, F1, i)(N1307,1,i)}
{(N3511, F0, i) + (N459, F1, i) + (N572->N1128, F0, i) + (N1416->N3328, F0, i) + (N1683->N1423, F0, i)}
{(N3511, F0, i) + (N459, F1, i) + (N572->N1128, F0, i) + (N1416->N3328, F0, i) + (N1423, F1, i)}
{(N3511, F0, i) + (N459, F1, i) + (N572->N1128, F0, i) + (N3328, F1, i) + (N1247, F1, i)(N1307,1,i)}
{(N3511, F0, i) + (N459, F1, i) + (N572->N1128, F0, i) + (N3328, F1, i) + (N1683->N1423, F0, i)}
{(N3511, F0, i) + (N459, F1, i) + (N572->N1128, F0, i) + (N3328, F1, i) + (N1423, F1, i)}
{(N3511, F0, i) + (N459, F1, i) + (N1128, F1, i) + (N2362, F1, i)(N3328,0,i) + (N1247, F1, i)(N1307,1,i)}
{(N3511, F0, i) + (N459, F1, i) + (N1128, F1, i) + (N2362, F1, i)(N3328,0,i) + (N1683->N1423, F0, i)}
{(N3511, F0, i) + (N459, F1, i) + (N1128, F1, i) + (N2362, F1, i)(N3328,0,i) + (N1423, F1, i)}
{(N3511, F0, i) + (N459, F1, i) + (N1128, F1, i) + (N1416->N3328, F0, i) + (N1247, F1, i)(N1307,1,i)}
{(N3511, F0, i) + (N459, F1, i) + (N1128, F1, i) + (N1416->N3328, F0, i) + (N1683->N1423, F0, i)}
{(N3511, F0, i) + (N459, F1, i) + (N1128, F1, i) + (N1416->N3328, F0, i) + (N1423, F1, i)}
{(N3511, F0, i) + (N459, F1, i) + (N1128, F1, i) + (N3328, F1, i) + (N1247, F1, i)(N1307,1,i)}
{(N3511, F0, i) + (N459, F1, i) + (N1128, F1, i) + (N3328, F1, i) + (N1683->N1423, F0, i)}
{(N3511, F0, i) + (N459, F1, i) + (N1128, F1, i) + (N3328, F1, i) + (N1423, F1, i)}
{(N3511, F0, i) + (N2907, F1, i) + (N2502, F1, i)(N2177,1,i) + (N2362, F1, i)(N3328,0,i) + (N1247, F1, i)(N1307,1,i)}
{(N3511, F0, i) + (N2907, F1, i) + (N2502, F1, i)(N2177,1,i) + (N2362, F1, i)(N3328,0,i) + (N1683->N1423, F0, i)}
{(N3511, F0, i) + (N2907, F1, i) + (N2502, F1, i)(N2177,1,i) + (N2362, F1, i)(N3328,0,i) + (N1423, F1, i)}
{(N3511, F0, i) + (N2907, F1, i) + (N2502, F1, i)(N2177,1,i) + (N1416->N3328, F0, i) + (N1247, F1, i)(N1307,1,i)}
{(N3511, F0, i) + (N2907, F1, i) + (N2502, F1, i)(N2177,1,i) + (N1416->N3328, F0, i) + (N1683->N1423, F0, i)}
{(N3511, F0, i) + (N2907, F1, i) + (N2502, F1, i)(N2177,1,i) + (N1416->N3328, F0, i) + (N1423, F1, i)}
{(N3511, F0, i) + (N2907, F1, i) + (N2502, F1, i)(N2177,1,i) + (N3328, F1, i) + (N1247, F1, i)(N1307,1,i)}
{(N3511, F0, i) + (N2907, F1, i) + (N2502, F1, i)(N2177,1,i) + (N3328, F1, i) + (N1683->N1423, F0, i)}
{(N3511, F0, i) + (N2907, F1, i) + (N2502, F1, i)(N2177,1,i) + (N3328, F1, i) + (N1423, F1, i)}
{(N3511, F0, i) + (N2907, F1, i) + (N572->N1128, F0, i) + (N2362, F1, i)(N3328,0,i) + (N1247, F1, i)(N1307,1,i)}
{(N3511, F0, i) + (N2907, F1, i) + (N572->N1128, F0, i) + (N2362, F1, i)(N3328,0,i) + (N1683->N1423, F0, i)}
{(N3511, F0, i) + (N2907, F1, i) + (N572->N1128, F0, i) + (N2362, F1, i)(N3328,0,i) + (N1423, F1, i)}
{(N3511, F0, i) + (N2907, F1, i) + (N572->N1128, F0, i) + (N1416->N3328, F0, i) + (N1247, F1, i)(N1307,1,i)}
{(N3511, F0, i) + (N2907, F1, i) + (N572->N1128, F0, i) + (N1416->N3328, F0, i) + (N1683->N1423, F0, i)}
{(N3511, F0, i) + (N2907, F1, i) + (N572->N1128, F0, i) + (N1416->N3328, F0, i) + (N1423, F1, i)}
{(N3511, F0, i) + (N2907, F1, i) + (N572->N1128, F0, i) + (N3328, F1, i) + (N1247, F1, i)(N1307,1,i)}
{(N3511, F0, i) + (N2907, F1, i) + (N572->N1128, F0, i) + (N3328, F1, i) + (N1683->N1423, F0, i)}
{(N3511, F0, i) + (N2907, F1, i) + (N572->N1128, F0, i) + (N3328, F1, i) + (N1423, F1, i)}
{(N3511, F0, i) + (N2907, F1, i) + (N1128, F1, i) + (N2362, F1, i)(N3328,0,i) + (N1247, F1, i)(N1307,1,i)}
{(N3511, F0, i) + (N2907, F1, i) + (N1128, F1, i) + (N2362, F1, i)(N3328,0,i) + (N1683->N1423, F0, i)}
{(N3511, F0, i) + (N2907, F1, i) + (N1128, F1, i) + (N2362, F1, i)(N3328,0,i) + (N1423, F1, i)}
{(N3511, F0, i) + (N2907, F1, i) + (N1128, F1, i) + (N1416->N3328, F0, i) + (N1247, F1, i)(N1307,1,i)}
{(N3511, F0, i) + (N2907, F1, i) + (N1128, F1, i) + (N1416->N3328, F0, i) + (N1683->N1423, F0, i)}
{(N3511, F0, i) + (N2907, F1, i) + (N1128, F1, i) + (N1416->N3328, F0, i) + (N1423, F1, i)}
{(N3511, F0, i) + (N2907, F1, i) + (N1128, F1, i) + (N3328, F1, i) + (N1247, F1, i)(N1307,1,i)}
{(N3511, F0, i) + (N2907, F1, i) + (N1128, F1, i) + (N3328, F1, i) + (N1683->N1423, F0, i)}
{(N3511, F0, i) + (N2907, F1, i) + (N1128, F1, i) + (N3328, F1, i) + (N1423, F1, i)}
{(N1061, F0, i) + (N459, F1, i) + (N2502, F1, i)(N2177,1,i) + (N2362, F1, i)(N3328,0,i) + (N1247, F1, i)(N1307,1,i)}
{(N1061, F0, i) + (N459, F1, i) + (N2502, F1, i)(N2177,1,i) + (N2362, F1, i)(N3328,0,i) + (N1683->N1423, F0, i)}
{(N1061, F0, i) + (N459, F1, i) + (N2502, F1, i)(N2177,1,i) + (N2362, F1, i)(N3328,0,i) + (N1423, F1, i)}
{(N1061, F0, i) + (N459, F1, i) + (N2502, F1, i)(N2177,1,i) + (N1416->N3328, F0, i) + (N1247, F1, i)(N1307,1,i)}
{(N1061, F0, i) + (N459, F1, i) + (N2502, F1, i)(N2177,1,i) + (N1416->N3328, F0, i) + (N1683->N1423, F0, i)}
{(N1061, F0, i) + (N459, F1, i) + (N2502, F1, i)(N2177,1,i) + (N1416->N3328, F0, i) + (N1423, F1, i)}
{(N1061, F0, i) + (N459, F1, i) + (N2502, F1, i)(N2177,1,i) + (N3328, F1, i) + (N1247, F1, i)(N1307,1,i)}
{(N1061, F0, i) + (N459, F1, i) + (N2502, F1, i)(N2177,1,i) + (N3328, F1, i) + (N1683->N1423, F0, i)}
{(N1061, F0, i) + (N459, F1, i) + (N2502, F1, i)(N2177,1,i) + (N3328, F1, i) + (N1423, F1, i)}
{(N1061, F0, i) + (N459, F1, i) + (N572->N1128, F0, i) + (N2362, F1, i)(N3328,0,i) + (N1247, F1, i)(N1307,1,i)}
{(N1061, F0, i) + (N459, F1, i) + (N572->N1128, F0, i) + (N2362, F1, i)(N3328,0,i) + (N1683->N1423, F0, i)}
{(N1061, F0, i) + (N459, F1, i) + (N572->N1128, F0, i) + (N2362, F1, i)(N3328,0,i) + (N1423, F1, i)}
{(N1061, F0, i) + (N459, F1, i) + (N572->N1128, F0, i) + (N1416->N3328, F0, i) + (N1247, F1, i)(N1307,1,i)}
{(N1061, F0, i) + (N459, F1, i) + (N572->N1128, F0, i) + (N1416->N3328, F0, i) + (N1683->N1423, F0, i)}
{(N1061, F0, i) + (N459, F1, i) + (N572->N1128, F0, i) + (N1416->N3328, F0, i) + (N1423, F1, i)}
{(N1061, F0, i) + (N459, F1, i) + (N572->N1128, F0, i) + (N3328, F1, i) + (N1247, F1, i)(N1307,1,i)}
{(N1061, F0, i) + (N459, F1, i) + (N572->N1128, F0, i) + (N3328, F1, i) + (N1683->N1423, F0, i)}
{(N1061, F0, i) + (N459, F1, i) + (N572->N1128, F0, i) + (N3328, F1, i) + (N1423, F1, i)}
{(N1061, F0, i) + (N459, F1, i) + (N1128, F1, i) + (N2362, F1, i)(N3328,0,i) + (N1247, F1, i)(N1307,1,i)}
{(N1061, F0, i) + (N459, F1, i) + (N1128, F1, i) + (N2362, F1, i)(N3328,0,i) + (N1683->N1423, F0, i)}
{(N1061, F0, i) + (N459, F1, i) + (N1128, F1, i) + (N2362, F1, i)(N3328,0,i) + (N1423, F1, i)}
{(N1061, F0, i) + (N459, F1, i) + (N1128, F1, i) + (N1416->N3328, F0, i) + (N1247, F1, i)(N1307,1,i)}
{(N1061, F0, i) + (N459, F1, i) + (N1128, F1, i) + (N1416->N3328, F0, i) + (N1683->N1423, F0, i)}
{(N1061, F0, i) + (N459, F1, i) + (N1128, F1, i) + (N1416->N3328, F0, i) + (N1423, F1, i)}
{(N1061, F0, i) + (N459, F1, i) + (N1128, F1, i) + (N3328, F1, i) + (N1247, F1, i)(N1307,1,i)}
{(N1061, F0, i) + (N459, F1, i) + (N1128, F1, i) + (N3328, F1, i) + (N1683->N1423, F0, i)}
{(N1061, F0, i) + (N459, F1, i) + (N1128, F1, i) + (N3328, F1, i) + (N1423, F1, i)}
{(N1061, F0, i) + (N2907, F1, i) + (N2502, F1, i)(N2177,1,i) + (N2362, F1, i)(N3328,0,i) + (N1247, F1, i)(N1307,1,i)}
{(N1061, F0, i) + (N2907, F1, i) + (N2502, F1, i)(N2177,1,i) + (N2362, F1, i)(N3328,0,i) + (N1683->N1423, F0, i)}
{(N1061, F0, i) + (N2907, F1, i) + (N2502, F1, i)(N2177,1,i) + (N2362, F1, i)(N3328,0,i) + (N1423, F1, i)}
{(N1061, F0, i) + (N2907, F1, i) + (N2502, F1, i)(N2177,1,i) + (N1416->N3328, F0, i) + (N1247, F1, i)(N1307,1,i)}
{(N1061, F0, i) + (N2907, F1, i) + (N2502, F1, i)(N2177,1,i) + (N1416->N3328, F0, i) + (N1683->N1423, F0, i)}
{(N1061, F0, i) + (N2907, F1, i) + (N2502, F1, i)(N2177,1,i) + (N1416->N3328, F0, i) + (N1423, F1, i)}
{(N1061, F0, i) + (N2907, F1, i) + (N2502, F1, i)(N2177,1,i) + (N3328, F1, i) + (N1247, F1, i)(N1307,1,i)}
{(N1061, F0, i) + (N2907, F1, i) + (N2502, F1, i)(N2177,1,i) + (N3328, F1, i) + (N1683->N1423, F0, i)}
{(N1061, F0, i) + (N2907, F1, i) + (N2502, F1, i)(N2177,1,i) + (N3328, F1, i) + (N1423, F1, i)}
{(N1061, F0, i) + (N2907, F1, i) + (N572->N1128, F0, i) + (N2362, F1, i)(N3328,0,i) + (N1247, F1, i)(N1307,1,i)}
{(N1061, F0, i) + (N2907, F1, i) + (N572->N1128, F0, i) + (N2362, F1, i)(N3328,0,i) + (N1683->N1423, F0, i)}
{(N1061, F0, i) + (N2907, F1, i) + (N572->N1128, F0, i) + (N2362, F1, i)(N3328,0,i) + (N1423, F1, i)}
{(N1061, F0, i) + (N2907, F1, i) + (N572->N1128, F0, i) + (N1416->N3328, F0, i) + (N1247, F1, i)(N1307,1,i)}
{(N1061, F0, i) + (N2907, F1, i) + (N572->N1128, F0, i) + (N1416->N3328, F0, i) + (N1683->N1423, F0, i)}
{(N1061, F0, i) + (N2907, F1, i) + (N572->N1128, F0, i) + (N1416->N3328, F0, i) + (N1423, F1, i)}
{(N1061, F0, i) + (N2907, F1, i) + (N572->N1128, F0, i) + (N3328, F1, i) + (N1247, F1, i)(N1307,1,i)}
{(N1061, F0, i) + (N2907, F1, i) + (N572->N1128, F0, i) + (N3328, F1, i) + (N1683->N1423, F0, i)}
{(N1061, F0, i) + (N2907, F1, i) + (N572->N1128, F0, i) + (N3328, F1, i) + (N1423, F1, i)}
{(N1061, F0, i) + (N2907, F1, i) + (N1128, F1, i) + (N2362, F1, i)(N3328,0,i) + (N1247, F1, i)(N1307,1,i)}
{(N1061, F0, i) + (N2907, F1, i) + (N1128, F1, i) + (N2362, F1, i)(N3328,0,i) + (N1683->N1423, F0, i)}
{(N1061, F0, i) + (N2907, F1, i) + (N1128, F1, i) + (N2362, F1, i)(N3328,0,i) + (N1423, F1, i)}
{(N1061, F0, i) + (N2907, F1, i) + (N1128, F1, i) + (N1416->N3328, F0, i) + (N1247, F1, i)(N1307,1,i)}
{(N1061, F0, i) + (N2907, F1, i) + (N1128, F1, i) + (N1416->N3328, F0, i) + (N1683->N1423, F0, i)}
{(N1061, F0, i) + (N2907, F1, i) + (N1128, F1, i) + (N1416->N3328, F0, i) + (N1423, F1, i)}
{(N1061, F0, i) + (N2907, F1, i) + (N1128, F1, i) + (N3328, F1, i) + (N1247, F1, i)(N1307,1,i)}
{(N1061, F0, i) + (N2907, F1, i) + (N1128, F1, i) + (N3328, F1, i) + (N1683->N1423, F0, i)}
{(N1061, F0, i) + (N2907, F1, i) + (N1128, F1, i) + (N3328, F1, i) + (N1423, F1, i)}
{(N2748->N2210, F1, i) + (N459, F1, i) + (N2502, F1, i)(N2177,1,i) + (N2362, F1, i)(N3328,0,i) + (N1247, F1, i)(N1307,1,i)}
{(N2748->N2210, F1, i) + (N459, F1, i) + (N2502, F1, i)(N2177,1,i) + (N2362, F1, i)(N3328,0,i) + (N1683->N1423, F0, i)}
{(N2748->N2210, F1, i) + (N459, F1, i) + (N2502, F1, i)(N2177,1,i) + (N2362, F1, i)(N3328,0,i) + (N1423, F1, i)}
{(N2748->N2210, F1, i) + (N459, F1, i) + (N2502, F1, i)(N2177,1,i) + (N1416->N3328, F0, i) + (N1247, F1, i)(N1307,1,i)}
{(N2748->N2210, F1, i) + (N459, F1, i) + (N2502, F1, i)(N2177,1,i) + (N1416->N3328, F0, i) + (N1683->N1423, F0, i)}
{(N2748->N2210, F1, i) + (N459, F1, i) + (N2502, F1, i)(N2177,1,i) + (N1416->N3328, F0, i) + (N1423, F1, i)}
{(N2748->N2210, F1, i) + (N459, F1, i) + (N2502, F1, i)(N2177,1,i) + (N3328, F1, i) + (N1247, F1, i)(N1307,1,i)}
{(N2748->N2210, F1, i) + (N459, F1, i) + (N2502, F1, i)(N2177,1,i) + (N3328, F1, i) + (N1683->N1423, F0, i)}
{(N2748->N2210, F1, i) + (N459, F1, i) + (N2502, F1, i)(N2177,1,i) + (N3328, F1, i) + (N1423, F1, i)}
{(N2748->N2210, F1, i) + (N459, F1, i) + (N572->N1128, F0, i) + (N2362, F1, i)(N3328,0,i) + (N1247, F1, i)(N1307,1,i)}
{(N2748->N2210, F1, i) + (N459, F1, i) + (N572->N1128, F0, i) + (N2362, F1, i)(N3328,0,i) + (N1683->N1423, F0, i)}
{(N2748->N2210, F1, i) + (N459, F1, i) + (N572->N1128, F0, i) + (N2362, F1, i)(N3328,0,i) + (N1423, F1, i)}
{(N2748->N2210, F1, i) + (N459, F1, i) + (N572->N1128, F0, i) + (N1416->N3328, F0, i) + (N1247, F1, i)(N1307,1,i)}
{(N2748->N2210, F1, i) + (N459, F1, i) + (N572->N1128, F0, i) + (N1416->N3328, F0, i) + (N1683->N1423, F0, i)}
{(N2748->N2210, F1, i) + (N459, F1, i) + (N572->N1128, F0, i) + (N1416->N3328, F0, i) + (N1423, F1, i)}
{(N2748->N2210, F1, i) + (N459, F1, i) + (N572->N1128, F0, i) + (N3328, F1, i) + (N1247, F1, i)(N1307,1,i)}
{(N2748->N2210, F1, i) + (N459, F1, i) + (N572->N1128, F0, i) + (N3328, F1, i) + (N1683->N1423, F0, i)}
{(N2748->N2210, F1, i) + (N459, F1, i) + (N572->N1128, F0, i) + (N3328, F1, i) + (N1423, F1, i)}
{(N2748->N2210, F1, i) + (N459, F1, i) + (N1128, F1, i) + (N2362, F1, i)(N3328,0,i) + (N1247, F1, i)(N1307,1,i)}
{(N2748->N2210, F1, i) + (N459, F1, i) + (N1128, F1, i) + (N2362, F1, i)(N3328,0,i) + (N1683->N1423, F0, i)}
{(N2748->N2210, F1, i) + (N459, F1, i) + (N1128, F1, i) + (N2362, F1, i)(N3328,0,i) + (N1423, F1, i)}
{(N2748->N2210, F1, i) + (N459, F1, i) + (N1128, F1, i) + (N1416->N3328, F0, i) + (N1247, F1, i)(N1307,1,i)}
{(N2748->N2210, F1, i) + (N459, F1, i) + (N1128, F1, i) + (N1416->N3328, F0, i) + (N1683->N1423, F0, i)}
{(N2748->N2210, F1, i) + (N459, F1, i) + (N1128, F1, i) + (N1416->N3328, F0, i) + (N1423, F1, i)}
{(N2748->N2210, F1, i) + (N459, F1, i) + (N1128, F1, i) + (N3328, F1, i) + (N1247, F1, i)(N1307,1,i)}
{(N2748->N2210, F1, i) + (N459, F1, i) + (N1128, F1, i) + (N3328, F1, i) + (N1683->N1423, F0, i)}
{(N2748->N2210, F1, i) + (N459, F1, i) + (N1128, F1, i) + (N3328, F1, i) + (N1423, F1, i)}
{(N2748->N2210, F1, i) + (N2907, F1, i) + (N2502, F1, i)(N2177,1,i) + (N2362, F1, i)(N3328,0,i) + (N1247, F1, i)(N1307,1,i)}
{(N2748->N2210, F1, i) + (N2907, F1, i) + (N2502, F1, i)(N2177,1,i) + (N2362, F1, i)(N3328,0,i) + (N1683->N1423, F0, i)}
{(N2748->N2210, F1, i) + (N2907, F1, i) + (N2502, F1, i)(N2177,1,i) + (N2362, F1, i)(N3328,0,i) + (N1423, F1, i)}
{(N2748->N2210, F1, i) + (N2907, F1, i) + (N2502, F1, i)(N2177,1,i) + (N1416->N3328, F0, i) + (N1247, F1, i)(N1307,1,i)}
{(N2748->N2210, F1, i) + (N2907, F1, i) + (N2502, F1, i)(N2177,1,i) + (N1416->N3328, F0, i) + (N1683->N1423, F0, i)}
{(N2748->N2210, F1, i) + (N2907, F1, i) + (N2502, F1, i)(N2177,1,i) + (N1416->N3328, F0, i) + (N1423, F1, i)}
{(N2748->N2210, F1, i) + (N2907, F1, i) + (N2502, F1, i)(N2177,1,i) + (N3328, F1, i) + (N1247, F1, i)(N1307,1,i)}
{(N2748->N2210, F1, i) + (N2907, F1, i) + (N2502, F1, i)(N2177,1,i) + (N3328, F1, i) + (N1683->N1423, F0, i)}
{(N2748->N2210, F1, i) + (N2907, F1, i) + (N2502, F1, i)(N2177,1,i) + (N3328, F1, i) + (N1423, F1, i)}
{(N2748->N2210, F1, i) + (N2907, F1, i) + (N572->N1128, F0, i) + (N2362, F1, i)(N3328,0,i) + (N1247, F1, i)(N1307,1,i)}
{(N2748->N2210, F1, i) + (N2907, F1, i) + (N572->N1128, F0, i) + (N2362, F1, i)(N3328,0,i) + (N1683->N1423, F0, i)}
{(N2748->N2210, F1, i) + (N2907, F1, i) + (N572->N1128, F0, i) + (N2362, F1, i)(N3328,0,i) + (N1423, F1, i)}
{(N2748->N2210, F1, i) + (N2907, F1, i) + (N572->N1128, F0, i) + (N1416->N3328, F0, i) + (N1247, F1, i)(N1307,1,i)}
{(N2748->N2210, F1, i) + (N2907, F1, i) + (N572->N1128, F0, i) + (N1416->N3328, F0, i) + (N1683->N1423, F0, i)}
{(N2748->N2210, F1, i) + (N2907, F1, i) + (N572->N1128, F0, i) + (N1416->N3328, F0, i) + (N1423, F1, i)}
{(N2748->N2210, F1, i) + (N2907, F1, i) + (N572->N1128, F0, i) + (N3328, F1, i) + (N1247, F1, i)(N1307,1,i)}
{(N2748->N2210, F1, i) + (N2907, F1, i) + (N572->N1128, F0, i) + (N3328, F1, i) + (N1683->N1423, F0, i)}
{(N2748->N2210, F1, i) + (N2907, F1, i) + (N572->N1128, F0, i) + (N3328, F1, i) + (N1423, F1, i)}
{(N2748->N2210, F1, i) + (N2907, F1, i) + (N1128, F1, i) + (N2362, F1, i)(N3328,0,i) + (N1247, F1, i)(N1307,1,i)}
{(N2748->N2210, F1, i) + (N2907, F1, i) + (N1128, F1, i) + (N2362, F1, i)(N3328,0,i) + (N1683->N1423, F0, i)}
{(N2748->N2210, F1, i) + (N2907, F1, i) + (N1128, F1, i) + (N2362, F1, i)(N3328,0,i) + (N1423, F1, i)}
{(N2748->N2210, F1, i) + (N2907, F1, i) + (N1128, F1, i) + (N1416->N3328, F0, i) + (N1247, F1, i)(N1307,1,i)}
{(N2748->N2210, F1, i) + (N2907, F1, i) + (N1128, F1, i) + (N1416->N3328, F0, i) + (N1683->N1423, F0, i)}
{(N2748->N2210, F1, i) + (N2907, F1, i) + (N1128, F1, i) + (N1416->N3328, F0, i) + (N1423, F1, i)}
{(N2748->N2210, F1, i) + (N2907, F1, i) + (N1128, F1, i) + (N3328, F1, i) + (N1247, F1, i)(N1307,1,i)}
{(N2748->N2210, F1, i) + (N2907, F1, i) + (N1128, F1, i) + (N3328, F1, i) + (N1683->N1423, F0, i)}
{(N2748->N2210, F1, i) + (N2907, F1, i) + (N1128, F1, i) + (N3328, F1, i) + (N1423, F1, i)}
{(N2210, F0, i) + (N459, F1, i) + (N2502, F1, i)(N2177,1,i) + (N2362, F1, i)(N3328,0,i) + (N1247, F1, i)(N1307,1,i)}
{(N2210, F0, i) + (N459, F1, i) + (N2502, F1, i)(N2177,1,i) + (N2362, F1, i)(N3328,0,i) + (N1683->N1423, F0, i)}
{(N2210, F0, i) + (N459, F1, i) + (N2502, F1, i)(N2177,1,i) + (N2362, F1, i)(N3328,0,i) + (N1423, F1, i)}
{(N2210, F0, i) + (N459, F1, i) + (N2502, F1, i)(N2177,1,i) + (N1416->N3328, F0, i) + (N1247, F1, i)(N1307,1,i)}
{(N2210, F0, i) + (N459, F1, i) + (N2502, F1, i)(N2177,1,i) + (N1416->N3328, F0, i) + (N1683->N1423, F0, i)}
{(N2210, F0, i) + (N459, F1, i) + (N2502, F1, i)(N2177,1,i) + (N1416->N3328, F0, i) + (N1423, F1, i)}
{(N2210, F0, i) + (N459, F1, i) + (N2502, F1, i)(N2177,1,i) + (N3328, F1, i) + (N1247, F1, i)(N1307,1,i)}
{(N2210, F0, i) + (N459, F1, i) + (N2502, F1, i)(N2177,1,i) + (N3328, F1, i) + (N1683->N1423, F0, i)}
{(N2210, F0, i) + (N459, F1, i) + (N2502, F1, i)(N2177,1,i) + (N3328, F1, i) + (N1423, F1, i)}
{(N2210, F0, i) + (N459, F1, i) + (N572->N1128, F0, i) + (N2362, F1, i)(N3328,0,i) + (N1247, F1, i)(N1307,1,i)}
{(N2210, F0, i) + (N459, F1, i) + (N572->N1128, F0, i) + (N2362, F1, i)(N3328,0,i) + (N1683->N1423, F0, i)}
{(N2210, F0, i) + (N459, F1, i) + (N572->N1128, F0, i) + (N2362, F1, i)(N3328,0,i) + (N1423, F1, i)}
{(N2210, F0, i) + (N459, F1, i) + (N572->N1128, F0, i) + (N1416->N3328, F0, i) + (N1247, F1, i)(N1307,1,i)}
{(N2210, F0, i) + (N459, F1, i) + (N572->N1128, F0, i) + (N1416->N3328, F0, i) + (N1683->N1423, F0, i)}
{(N2210, F0, i) + (N459, F1, i) + (N572->N1128, F0, i) + (N1416->N3328, F0, i) + (N1423, F1, i)}
{(N2210, F0, i) + (N459, F1, i) + (N572->N1128, F0, i) + (N3328, F1, i) + (N1247, F1, i)(N1307,1,i)}
{(N2210, F0, i) + (N459, F1, i) + (N572->N1128, F0, i) + (N3328, F1, i) + (N1683->N1423, F0, i)}
{(N2210, F0, i) + (N459, F1, i) + (N572->N1128, F0, i) + (N3328, F1, i) + (N1423, F1, i)}
{(N2210, F0, i) + (N459, F1, i) + (N1128, F1, i) + (N2362, F1, i)(N3328,0,i) + (N1247, F1, i)(N1307,1,i)}
{(N2210, F0, i) + (N459, F1, i) + (N1128, F1, i) + (N2362, F1, i)(N3328,0,i) + (N1683->N1423, F0, i)}
{(N2210, F0, i) + (N459, F1, i) + (N1128, F1, i) + (N2362, F1, i)(N3328,0,i) + (N1423, F1, i)}
{(N2210, F0, i) + (N459, F1, i) + (N1128, F1, i) + (N1416->N3328, F0, i) + (N1247, F1, i)(N1307,1,i)}
{(N2210, F0, i) + (N459, F1, i) + (N1128, F1, i) + (N1416->N3328, F0, i) + (N1683->N1423, F0, i)}
{(N2210, F0, i) + (N459, F1, i) + (N1128, F1, i) + (N1416->N3328, F0, i) + (N1423, F1, i)}
{(N2210, F0, i) + (N459, F1, i) + (N1128, F1, i) + (N3328, F1, i) + (N1247, F1, i)(N1307,1,i)}
{(N2210, F0, i) + (N459, F1, i) + (N1128, F1, i) + (N3328, F1, i) + (N1683->N1423, F0, i)}
{(N2210, F0, i) + (N459, F1, i) + (N1128, F1, i) + (N3328, F1, i) + (N1423, F1, i)}
{(N2210, F0, i) + (N2907, F1, i) + (N2502, F1, i)(N2177,1,i) + (N2362, F1, i)(N3328,0,i) + (N1247, F1, i)(N1307,1,i)}
{(N2210, F0, i) + (N2907, F1, i) + (N2502, F1, i)(N2177,1,i) + (N2362, F1, i)(N3328,0,i) + (N1683->N1423, F0, i)}
{(N2210, F0, i) + (N2907, F1, i) + (N2502, F1, i)(N2177,1,i) + (N2362, F1, i)(N3328,0,i) + (N1423, F1, i)}
{(N2210, F0, i) + (N2907, F1, i) + (N2502, F1, i)(N2177,1,i) + (N1416->N3328, F0, i) + (N1247, F1, i)(N1307,1,i)}
{(N2210, F0, i) + (N2907, F1, i) + (N2502, F1, i)(N2177,1,i) + (N1416->N3328, F0, i) + (N1683->N1423, F0, i)}
{(N2210, F0, i) + (N2907, F1, i) + (N2502, F1, i)(N2177,1,i) + (N1416->N3328, F0, i) + (N1423, F1, i)}
{(N2210, F0, i) + (N2907, F1, i) + (N2502, F1, i)(N2177,1,i) + (N3328, F1, i) + (N1247, F1, i)(N1307,1,i)}
{(N2210, F0, i) + (N2907, F1, i) + (N2502, F1, i)(N2177,1,i) + (N3328, F1, i) + (N1683->N1423, F0, i)}
{(N2210, F0, i) + (N2907, F1, i) + (N2502, F1, i)(N2177,1,i) + (N3328, F1, i) + (N1423, F1, i)}
{(N2210, F0, i) + (N2907, F1, i) + (N572->N1128, F0, i) + (N2362, F1, i)(N3328,0,i) + (N1247, F1, i)(N1307,1,i)}
{(N2210, F0, i) + (N2907, F1, i) + (N572->N1128, F0, i) + (N2362, F1, i)(N3328,0,i) + (N1683->N1423, F0, i)}
{(N2210, F0, i) + (N2907, F1, i) + (N572->N1128, F0, i) + (N2362, F1, i)(N3328,0,i) + (N1423, F1, i)}
{(N2210, F0, i) + (N2907, F1, i) + (N572->N1128, F0, i) + (N1416->N3328, F0, i) + (N1247, F1, i)(N1307,1,i)}
{(N2210, F0, i) + (N2907, F1, i) + (N572->N1128, F0, i) + (N1416->N3328, F0, i) + (N1683->N1423, F0, i)}
{(N2210, F0, i) + (N2907, F1, i) + (N572->N1128, F0, i) + (N1416->N3328, F0, i) + (N1423, F1, i)}
{(N2210, F0, i) + (N2907, F1, i) + (N572->N1128, F0, i) + (N3328, F1, i) + (N1247, F1, i)(N1307,1,i)}
{(N2210, F0, i) + (N2907, F1, i) + (N572->N1128, F0, i) + (N3328, F1, i) + (N1683->N1423, F0, i)}
{(N2210, F0, i) + (N2907, F1, i) + (N572->N1128, F0, i) + (N3328, F1, i) + (N1423, F1, i)}
{(N2210, F0, i) + (N2907, F1, i) + (N1128, F1, i) + (N2362, F1, i)(N3328,0,i) + (N1247, F1, i)(N1307,1,i)}
{(N2210, F0, i) + (N2907, F1, i) + (N1128, F1, i) + (N2362, F1, i)(N3328,0,i) + (N1683->N1423, F0, i)}
{(N2210, F0, i) + (N2907, F1, i) + (N1128, F1, i) + (N2362, F1, i)(N3328,0,i) + (N1423, F1, i)}
{(N2210, F0, i) + (N2907, F1, i) + (N1128, F1, i) + (N1416->N3328, F0, i) + (N1247, F1, i)(N1307,1,i)}
{(N2210, F0, i) + (N2907, F1, i) + (N1128, F1, i) + (N1416->N3328, F0, i) + (N1683->N1423, F0, i)}
{(N2210, F0, i) + (N2907, F1, i) + (N1128, F1, i) + (N1416->N3328, F0, i) + (N1423, F1, i)}
{(N2210, F0, i) + (N2907, F1, i) + (N1128, F1, i) + (N3328, F1, i) + (N1247, F1, i)(N1307,1,i)}
{(N2210, F0, i) + (N2907, F1, i) + (N1128, F1, i) + (N3328, F1, i) + (N1683->N1423, F0, i)}
{(N2210, F0, i) + (N2907, F1, i) + (N1128, F1, i) + (N3328, F1, i) + (N1423, F1, i)}
{(N1510->N1566, F1, i) + (N459, F1, i) + (N2502, F1, i)(N2177,1,i) + (N2362, F1, i)(N3328,0,i) + (N1247, F1, i)(N1307,1,i)}
{(N1510->N1566, F1, i) + (N459, F1, i) + (N2502, F1, i)(N2177,1,i) + (N2362, F1, i)(N3328,0,i) + (N1683->N1423, F0, i)}
{(N1510->N1566, F1, i) + (N459, F1, i) + (N2502, F1, i)(N2177,1,i) + (N2362, F1, i)(N3328,0,i) + (N1423, F1, i)}
{(N1510->N1566, F1, i) + (N459, F1, i) + (N2502, F1, i)(N2177,1,i) + (N1416->N3328, F0, i) + (N1247, F1, i)(N1307,1,i)}
{(N1510->N1566, F1, i) + (N459, F1, i) + (N2502, F1, i)(N2177,1,i) + (N1416->N3328, F0, i) + (N1683->N1423, F0, i)}
{(N1510->N1566, F1, i) + (N459, F1, i) + (N2502, F1, i)(N2177,1,i) + (N1416->N3328, F0, i) + (N1423, F1, i)}
{(N1510->N1566, F1, i) + (N459, F1, i) + (N2502, F1, i)(N2177,1,i) + (N3328, F1, i) + (N1247, F1, i)(N1307,1,i)}
{(N1510->N1566, F1, i) + (N459, F1, i) + (N2502, F1, i)(N2177,1,i) + (N3328, F1, i) + (N1683->N1423, F0, i)}
{(N1510->N1566, F1, i) + (N459, F1, i) + (N2502, F1, i)(N2177,1,i) + (N3328, F1, i) + (N1423, F1, i)}
{(N1510->N1566, F1, i) + (N459, F1, i) + (N572->N1128, F0, i) + (N2362, F1, i)(N3328,0,i) + (N1247, F1, i)(N1307,1,i)}
{(N1510->N1566, F1, i) + (N459, F1, i) + (N572->N1128, F0, i) + (N2362, F1, i)(N3328,0,i) + (N1683->N1423, F0, i)}
{(N1510->N1566, F1, i) + (N459, F1, i) + (N572->N1128, F0, i) + (N2362, F1, i)(N3328,0,i) + (N1423, F1, i)}
{(N1510->N1566, F1, i) + (N459, F1, i) + (N572->N1128, F0, i) + (N1416->N3328, F0, i) + (N1247, F1, i)(N1307,1,i)}
{(N1510->N1566, F1, i) + (N459, F1, i) + (N572->N1128, F0, i) + (N1416->N3328, F0, i) + (N1683->N1423, F0, i)}
{(N1510->N1566, F1, i) + (N459, F1, i) + (N572->N1128, F0, i) + (N1416->N3328, F0, i) + (N1423, F1, i)}
{(N1510->N1566, F1, i) + (N459, F1, i) + (N572->N1128, F0, i) + (N3328, F1, i) + (N1247, F1, i)(N1307,1,i)}
{(N1510->N1566, F1, i) + (N459, F1, i) + (N572->N1128, F0, i) + (N3328, F1, i) + (N1683->N1423, F0, i)}
{(N1510->N1566, F1, i) + (N459, F1, i) + (N572->N1128, F0, i) + (N3328, F1, i) + (N1423, F1, i)}
{(N1510->N1566, F1, i) + (N459, F1, i) + (N1128, F1, i) + (N2362, F1, i)(N3328,0,i) + (N1247, F1, i)(N1307,1,i)}
{(N1510->N1566, F1, i) + (N459, F1, i) + (N1128, F1, i) + (N2362, F1, i)(N3328,0,i) + (N1683->N1423, F0, i)}
{(N1510->N1566, F1, i) + (N459, F1, i) + (N1128, F1, i) + (N2362, F1, i)(N3328,0,i) + (N1423, F1, i)}
{(N1510->N1566, F1, i) + (N459, F1, i) + (N1128, F1, i) + (N1416->N3328, F0, i) + (N1247, F1, i)(N1307,1,i)}
{(N1510->N1566, F1, i) + (N459, F1, i) + (N1128, F1, i) + (N1416->N3328, F0, i) + (N1683->N1423, F0, i)}
{(N1510->N1566, F1, i) + (N459, F1, i) + (N1128, F1, i) + (N1416->N3328, F0, i) + (N1423, F1, i)}
{(N1510->N1566, F1, i) + (N459, F1, i) + (N1128, F1, i) + (N3328, F1, i) + (N1247, F1, i)(N1307,1,i)}
{(N1510->N1566, F1, i) + (N459, F1, i) + (N1128, F1, i) + (N3328, F1, i) + (N1683->N1423, F0, i)}
{(N1510->N1566, F1, i) + (N459, F1, i) + (N1128, F1, i) + (N3328, F1, i) + (N1423, F1, i)}
{(N1510->N1566, F1, i) + (N2907, F1, i) + (N2502, F1, i)(N2177,1,i) + (N2362, F1, i)(N3328,0,i) + (N1247, F1, i)(N1307,1,i)}
{(N1510->N1566, F1, i) + (N2907, F1, i) + (N2502, F1, i)(N2177,1,i) + (N2362, F1, i)(N3328,0,i) + (N1683->N1423, F0, i)}
{(N1510->N1566, F1, i) + (N2907, F1, i) + (N2502, F1, i)(N2177,1,i) + (N2362, F1, i)(N3328,0,i) + (N1423, F1, i)}
{(N1510->N1566, F1, i) + (N2907, F1, i) + (N2502, F1, i)(N2177,1,i) + (N1416->N3328, F0, i) + (N1247, F1, i)(N1307,1,i)}
{(N1510->N1566, F1, i) + (N2907, F1, i) + (N2502, F1, i)(N2177,1,i) + (N1416->N3328, F0, i) + (N1683->N1423, F0, i)}
{(N1510->N1566, F1, i) + (N2907, F1, i) + (N2502, F1, i)(N2177,1,i) + (N1416->N3328, F0, i) + (N1423, F1, i)}
{(N1510->N1566, F1, i) + (N2907, F1, i) + (N2502, F1, i)(N2177,1,i) + (N3328, F1, i) + (N1247, F1, i)(N1307,1,i)}
{(N1510->N1566, F1, i) + (N2907, F1, i) + (N2502, F1, i)(N2177,1,i) + (N3328, F1, i) + (N1683->N1423, F0, i)}
{(N1510->N1566, F1, i) + (N2907, F1, i) + (N2502, F1, i)(N2177,1,i) + (N3328, F1, i) + (N1423, F1, i)}
{(N1510->N1566, F1, i) + (N2907, F1, i) + (N572->N1128, F0, i) + (N2362, F1, i)(N3328,0,i) + (N1247, F1, i)(N1307,1,i)}
{(N1510->N1566, F1, i) + (N2907, F1, i) + (N572->N1128, F0, i) + (N2362, F1, i)(N3328,0,i) + (N1683->N1423, F0, i)}
{(N1510->N1566, F1, i) + (N2907, F1, i) + (N572->N1128, F0, i) + (N2362, F1, i)(N3328,0,i) + (N1423, F1, i)}
{(N1510->N1566, F1, i) + (N2907, F1, i) + (N572->N1128, F0, i) + (N1416->N3328, F0, i) + (N1247, F1, i)(N1307,1,i)}
{(N1510->N1566, F1, i) + (N2907, F1, i) + (N572->N1128, F0, i) + (N1416->N3328, F0, i) + (N1683->N1423, F0, i)}
{(N1510->N1566, F1, i) + (N2907, F1, i) + (N572->N1128, F0, i) + (N1416->N3328, F0, i) + (N1423, F1, i)}
{(N1510->N1566, F1, i) + (N2907, F1, i) + (N572->N1128, F0, i) + (N3328, F1, i) + (N1247, F1, i)(N1307,1,i)}
{(N1510->N1566, F1, i) + (N2907, F1, i) + (N572->N1128, F0, i) + (N3328, F1, i) + (N1683->N1423, F0, i)}
{(N1510->N1566, F1, i) + (N2907, F1, i) + (N572->N1128, F0, i) + (N3328, F1, i) + (N1423, F1, i)}
{(N1510->N1566, F1, i) + (N2907, F1, i) + (N1128, F1, i) + (N2362, F1, i)(N3328,0,i) + (N1247, F1, i)(N1307,1,i)}
{(N1510->N1566, F1, i) + (N2907, F1, i) + (N1128, F1, i) + (N2362, F1, i)(N3328,0,i) + (N1683->N1423, F0, i)}
{(N1510->N1566, F1, i) + (N2907, F1, i) + (N1128, F1, i) + (N2362, F1, i)(N3328,0,i) + (N1423, F1, i)}
{(N1510->N1566, F1, i) + (N2907, F1, i) + (N1128, F1, i) + (N1416->N3328, F0, i) + (N1247, F1, i)(N1307,1,i)}
{(N1510->N1566, F1, i) + (N2907, F1, i) + (N1128, F1, i) + (N1416->N3328, F0, i) + (N1683->N1423, F0, i)}
{(N1510->N1566, F1, i) + (N2907, F1, i) + (N1128, F1, i) + (N1416->N3328, F0, i) + (N1423, F1, i)}
{(N1510->N1566, F1, i) + (N2907, F1, i) + (N1128, F1, i) + (N3328, F1, i) + (N1247, F1, i)(N1307,1,i)}
{(N1510->N1566, F1, i) + (N2907, F1, i) + (N1128, F1, i) + (N3328, F1, i) + (N1683->N1423, F0, i)}
{(N1510->N1566, F1, i) + (N2907, F1, i) + (N1128, F1, i) + (N3328, F1, i) + (N1423, F1, i)}
{(N1566, F0, i) + (N459, F1, i) + (N2502, F1, i)(N2177,1,i) + (N2362, F1, i)(N3328,0,i) + (N1247, F1, i)(N1307,1,i)}
{(N1566, F0, i) + (N459, F1, i) + (N2502, F1, i)(N2177,1,i) + (N2362, F1, i)(N3328,0,i) + (N1683->N1423, F0, i)}
{(N1566, F0, i) + (N459, F1, i) + (N2502, F1, i)(N2177,1,i) + (N2362, F1, i)(N3328,0,i) + (N1423, F1, i)}
{(N1566, F0, i) + (N459, F1, i) + (N2502, F1, i)(N2177,1,i) + (N1416->N3328, F0, i) + (N1247, F1, i)(N1307,1,i)}
{(N1566, F0, i) + (N459, F1, i) + (N2502, F1, i)(N2177,1,i) + (N1416->N3328, F0, i) + (N1683->N1423, F0, i)}
{(N1566, F0, i) + (N459, F1, i) + (N2502, F1, i)(N2177,1,i) + (N1416->N3328, F0, i) + (N1423, F1, i)}
{(N1566, F0, i) + (N459, F1, i) + (N2502, F1, i)(N2177,1,i) + (N3328, F1, i) + (N1247, F1, i)(N1307,1,i)}
{(N1566, F0, i) + (N459, F1, i) + (N2502, F1, i)(N2177,1,i) + (N3328, F1, i) + (N1683->N1423, F0, i)}
{(N1566, F0, i) + (N459, F1, i) + (N2502, F1, i)(N2177,1,i) + (N3328, F1, i) + (N1423, F1, i)}
{(N1566, F0, i) + (N459, F1, i) + (N572->N1128, F0, i) + (N2362, F1, i)(N3328,0,i) + (N1247, F1, i)(N1307,1,i)}
{(N1566, F0, i) + (N459, F1, i) + (N572->N1128, F0, i) + (N2362, F1, i)(N3328,0,i) + (N1683->N1423, F0, i)}
{(N1566, F0, i) + (N459, F1, i) + (N572->N1128, F0, i) + (N2362, F1, i)(N3328,0,i) + (N1423, F1, i)}
{(N1566, F0, i) + (N459, F1, i) + (N572->N1128, F0, i) + (N1416->N3328, F0, i) + (N1247, F1, i)(N1307,1,i)}
{(N1566, F0, i) + (N459, F1, i) + (N572->N1128, F0, i) + (N1416->N3328, F0, i) + (N1683->N1423, F0, i)}
{(N1566, F0, i) + (N459, F1, i) + (N572->N1128, F0, i) + (N1416->N3328, F0, i) + (N1423, F1, i)}
{(N1566, F0, i) + (N459, F1, i) + (N572->N1128, F0, i) + (N3328, F1, i) + (N1247, F1, i)(N1307,1,i)}
{(N1566, F0, i) + (N459, F1, i) + (N572->N1128, F0, i) + (N3328, F1, i) + (N1683->N1423, F0, i)}
{(N1566, F0, i) + (N459, F1, i) + (N572->N1128, F0, i) + (N3328, F1, i) + (N1423, F1, i)}
{(N1566, F0, i) + (N459, F1, i) + (N1128, F1, i) + (N2362, F1, i)(N3328,0,i) + (N1247, F1, i)(N1307,1,i)}
{(N1566, F0, i) + (N459, F1, i) + (N1128, F1, i) + (N2362, F1, i)(N3328,0,i) + (N1683->N1423, F0, i)}
{(N1566, F0, i) + (N459, F1, i) + (N1128, F1, i) + (N2362, F1, i)(N3328,0,i) + (N1423, F1, i)}
{(N1566, F0, i) + (N459, F1, i) + (N1128, F1, i) + (N1416->N3328, F0, i) + (N1247, F1, i)(N1307,1,i)}
{(N1566, F0, i) + (N459, F1, i) + (N1128, F1, i) + (N1416->N3328, F0, i) + (N1683->N1423, F0, i)}
{(N1566, F0, i) + (N459, F1, i) + (N1128, F1, i) + (N1416->N3328, F0, i) + (N1423, F1, i)}
{(N1566, F0, i) + (N459, F1, i) + (N1128, F1, i) + (N3328, F1, i) + (N1247, F1, i)(N1307,1,i)}
{(N1566, F0, i) + (N459, F1, i) + (N1128, F1, i) + (N3328, F1, i) + (N1683->N1423, F0, i)}
{(N1566, F0, i) + (N459, F1, i) + (N1128, F1, i) + (N3328, F1, i) + (N1423, F1, i)}
{(N1566, F0, i) + (N2907, F1, i) + (N2502, F1, i)(N2177,1,i) + (N2362, F1, i)(N3328,0,i) + (N1247, F1, i)(N1307,1,i)}
{(N1566, F0, i) + (N2907, F1, i) + (N2502, F1, i)(N2177,1,i) + (N2362, F1, i)(N3328,0,i) + (N1683->N1423, F0, i)}
{(N1566, F0, i) + (N2907, F1, i) + (N2502, F1, i)(N2177,1,i) + (N2362, F1, i)(N3328,0,i) + (N1423, F1, i)}
{(N1566, F0, i) + (N2907, F1, i) + (N2502, F1, i)(N2177,1,i) + (N1416->N3328, F0, i) + (N1247, F1, i)(N1307,1,i)}
{(N1566, F0, i) + (N2907, F1, i) + (N2502, F1, i)(N2177,1,i) + (N1416->N3328, F0, i) + (N1683->N1423, F0, i)}
{(N1566, F0, i) + (N2907, F1, i) + (N2502, F1, i)(N2177,1,i) + (N1416->N3328, F0, i) + (N1423, F1, i)}
{(N1566, F0, i) + (N2907, F1, i) + (N2502, F1, i)(N2177,1,i) + (N3328, F1, i) + (N1247, F1, i)(N1307,1,i)}
{(N1566, F0, i) + (N2907, F1, i) + (N2502, F1, i)(N2177,1,i) + (N3328, F1, i) + (N1683->N1423, F0, i)}
{(N1566, F0, i) + (N2907, F1, i) + (N2502, F1, i)(N2177,1,i) + (N3328, F1, i) + (N1423, F1, i)}
{(N1566, F0, i) + (N2907, F1, i) + (N572->N1128, F0, i) + (N2362, F1, i)(N3328,0,i) + (N1247, F1, i)(N1307,1,i)}
{(N1566, F0, i) + (N2907, F1, i) + (N572->N1128, F0, i) + (N2362, F1, i)(N3328,0,i) + (N1683->N1423, F0, i)}
{(N1566, F0, i) + (N2907, F1, i) + (N572->N1128, F0, i) + (N2362, F1, i)(N3328,0,i) + (N1423, F1, i)}
{(N1566, F0, i) + (N2907, F1, i) + (N572->N1128, F0, i) + (N1416->N3328, F0, i) + (N1247, F1, i)(N1307,1,i)}
{(N1566, F0, i) + (N2907, F1, i) + (N572->N1128, F0, i) + (N1416->N3328, F0, i) + (N1683->N1423, F0, i)}
{(N1566, F0, i) + (N2907, F1, i) + (N572->N1128, F0, i) + (N1416->N3328, F0, i) + (N1423, F1, i)}
{(N1566, F0, i) + (N2907, F1, i) + (N572->N1128, F0, i) + (N3328, F1, i) + (N1247, F1, i)(N1307,1,i)}
{(N1566, F0, i) + (N2907, F1, i) + (N572->N1128, F0, i) + (N3328, F1, i) + (N1683->N1423, F0, i)}
{(N1566, F0, i) + (N2907, F1, i) + (N572->N1128, F0, i) + (N3328, F1, i) + (N1423, F1, i)}
{(N1566, F0, i) + (N2907, F1, i) + (N1128, F1, i) + (N2362, F1, i)(N3328,0,i) + (N1247, F1, i)(N1307,1,i)}
{(N1566, F0, i) + (N2907, F1, i) + (N1128, F1, i) + (N2362, F1, i)(N3328,0,i) + (N1683->N1423, F0, i)}
{(N1566, F0, i) + (N2907, F1, i) + (N1128, F1, i) + (N2362, F1, i)(N3328,0,i) + (N1423, F1, i)}
{(N1566, F0, i) + (N2907, F1, i) + (N1128, F1, i) + (N1416->N3328, F0, i) + (N1247, F1, i)(N1307,1,i)}
{(N1566, F0, i) + (N2907, F1, i) + (N1128, F1, i) + (N1416->N3328, F0, i) + (N1683->N1423, F0, i)}
{(N1566, F0, i) + (N2907, F1, i) + (N1128, F1, i) + (N1416->N3328, F0, i) + (N1423, F1, i)}
{(N1566, F0, i) + (N2907, F1, i) + (N1128, F1, i) + (N3328, F1, i) + (N1247, F1, i)(N1307,1,i)}
{(N1566, F0, i) + (N2907, F1, i) + (N1128, F1, i) + (N3328, F1, i) + (N1683->N1423, F0, i)}
{(N1566, F0, i) + (N2907, F1, i) + (N1128, F1, i) + (N3328, F1, i) + (N1423, F1, i)}
