{(N1630, F1, i)(N3351,1,i) + (N1819, F1, i) + (N1603, F0, i) + (N406, F1, i)(N3358,0,i)}
{(N1630, F1, i)(N3351,1,i) + (N1819, F1, i) + (N1603, F0, i) + (N3358, F1, i)}
{(N1630, F1, i)(N3351,1,i) + (N1819, F1, i) + (N1603, F0, i) + (N2877, F0, i)}
{(N1630, F1, i)(N3351,1,i) + (N1819, F1, i) + (N1603, F0, i) + (N2538, F1, i)(N3019,0,i)}
{(N1630, F1, i)(N3351,1,i) + (N1819, F1, i) + (N1603, F0, i) + (N3679, F0, i)}
{(N1630, F1, i)(N3351,1,i) + (N1819, F1, i) + (N1603, F0, i) + (N199->N3019, F0, i)}
{(N1630, F1, i)(N3351,1,i) + (N1819, F1, i) + (N1603, F0, i) + (N3019, F1, i)}
{(N1630, F1, i)(N3351,1,i) + (N1819, F1, i) + (N1603, F0, i) + (N2154->N2726, F1, i)}
{(N1630, F1, i)(N3351,1,i) + (N1819, F1, i) + (N1603, F0, i) + (N2726, F0, i)}
{(N1630, F1, i)(N3351,1,i) + (N1819, F1, i) + (N1603, F0, i) + (N2430->N1637, F1, i)}
{(N1630, F1, i)(N3351,1,i) + (N1819, F1, i) + (N1603, F0, i) + (N1637, F0, i)}
{(N1630, F1, i)(N3351,1,i) + (N1819, F1, i) + (N1886, F0, i) + (N406, F1, i)(N3358,0,i)}
{(N1630, F1, i)(N3351,1,i) + (N1819, F1, i) + (N1886, F0, i) + (N3358, F1, i)}
{(N1630, F1, i)(N3351,1,i) + (N1819, F1, i) + (N1886, F0, i) + (N2877, F0, i)}
{(N1630, F1, i)(N3351,1,i) + (N1819, F1, i) + (N1886, F0, i) + (N2538, F1, i)(N3019,0,i)}
{(N1630, F1, i)(N3351,1,i) + (N1819, F1, i) + (N1886, F0, i) + (N3679, F0, i)}
{(N1630, F1, i)(N3351,1,i) + (N1819, F1, i) + (N1886, F0, i) + (N199->N3019, F0, i)}
{(N1630, F1, i)(N3351,1,i) + (N1819, F1, i) + (N1886, F0, i) + (N3019, F1, i)}
{(N1630, F1, i)(N3351,1,i) + (N1819, F1, i) + (N1886, F0, i) + (N2154->N2726, F1, i)}
{(N1630, F1, i)(N3351,1,i) + (N1819, F1, i) + (N1886, F0, i) + (N2726, F0, i)}
{(N1630, F1, i)(N3351,1,i) + (N1819, F1, i) + (N1886, F0, i) + (N2430->N1637, F1, i)}
{(N1630, F1, i)(N3351,1,i) + (N1819, F1, i) + (N1886, F0, i) + (N1637, F0, i)}
{(N1630, F1, i)(N3351,1,i) + (N1819, F1, i) + (N2869->N1542, F1, i) + (N406, F1, i)(N3358,0,i)}
{(N1630, F1, i)(N3351,1,i) + (N1819, F1, i) + (N2869->N1542, F1, i) + (N3358, F1, i)}
{(N1630, F1, i)(N3351,1,i) + (N1819, F1, i) + (N2869->N1542, F1, i) + (N2877, F0, i)}
{(N1630, F1, i)(N3351,1,i) + (N1819, F1, i) + (N2869->N1542, F1, i) + (N2538, F1, i)(N3019,0,i)}
{(N1630, F1, i)(N3351,1,i) + (N1819, F1, i) + (N2869->N1542, F1, i) + (N3679, F0, i)}
{(N1630, F1, i)(N3351,1,i) + (N1819, F1, i) + (N2869->N1542, F1, i) + (N199->N3019, F0, i)}
{(N1630, F1, i)(N3351,1,i) + (N1819, F1, i) + (N2869->N1542, F1, i) + (N3019, F1, i)}
{(N1630, F1, i)(N3351,1,i) + (N1819, F1, i) + (N2869->N1542, F1, i) + (N2154->N2726, F1, i)}
{(N1630, F1, i)(N3351,1,i) + (N1819, F1, i) + (N2869->N1542, F1, i) + (N2726, F0, i)}
{(N1630, F1, i)(N3351,1,i) + (N1819, F1, i) + (N2869->N1542, F1, i) + (N2430->N1637, F1, i)}
{(N1630, F1, i)(N3351,1,i) + (N1819, F1, i) + (N2869->N1542, F1, i) + (N1637, F0, i)}
{(N1630, F1, i)(N3351,1,i) + (N1819, F1, i) + (N1542, F0, i) + (N406, F1, i)(N3358,0,i)}
{(N1630, F1, i)(N3351,1,i) + (N1819, F1, i) + (N1542, F0, i) + (N3358, F1, i)}
{(N1630, F1, i)(N3351,1,i) + (N1819, F1, i) + (N1542, F0, i) + (N2877, F0, i)}
{(N1630, F1, i)(N3351,1,i) + (N1819, F1, i) + (N1542, F0, i) + (N2538, F1, i)(N3019,0,i)}
{(N1630, F1, i)(N3351,1,i) + (N1819, F1, i) + (N1542, F0, i) + (N3679, F0, i)}
{(N1630, F1, i)(N3351,1,i) + (N1819, F1, i) + (N1542, F0, i) + (N199->N3019, F0, i)}
{(N1630, F1, i)(N3351,1,i) + (N1819, F1, i) + (N1542, F0, i) + (N3019, F1, i)}
{(N1630, F1, i)(N3351,1,i) + (N1819, F1, i) + (N1542, F0, i) + (N2154->N2726, F1, i)}
{(N1630, F1, i)(N3351,1,i) + (N1819, F1, i) + (N1542, F0, i) + (N2726, F0, i)}
{(N1630, F1, i)(N3351,1,i) + (N1819, F1, i) + (N1542, F0, i) + (N2430->N1637, F1, i)}
{(N1630, F1, i)(N3351,1,i) + (N1819, F1, i) + (N1542, F0, i) + (N1637, F0, i)}
{(N1630, F1, i)(N3351,1,i) + (N1819, F1, i) + (N534->N2949, F1, i) + (N406, F1, i)(N3358,0,i)}
{(N1630, F1, i)(N3351,1,i) + (N1819, F1, i) + (N534->N2949, F1, i) + (N3358, F1, i)}
{(N1630, F1, i)(N3351,1,i) + (N1819, F1, i) + (N534->N2949, F1, i) + (N2877, F0, i)}
{(N1630, F1, i)(N3351,1,i) + (N1819, F1, i) + (N534->N2949, F1, i) + (N2538, F1, i)(N3019,0,i)}
{(N1630, F1, i)(N3351,1,i) + (N1819, F1, i) + (N534->N2949, F1, i) + (N3679, F0, i)}
{(N1630, F1, i)(N3351,1,i) + (N1819, F1, i) + (N534->N2949, F1, i) + (N199->N3019, F0, i)}
{(N1630, F1, i)(N3351,1,i) + (N1819, F1, i) + (N534->N2949, F1, i) + (N3019, F1, i)}
{(N1630, F1, i)(N3351,1,i) + (N1819, F1, i) + (N534->N2949, F1, i) + (N2154->N2726, F1, i)}
{(N1630, F1, i)(N3351,1,i) + (N1819, F1, i) + (N534->N2949, F1, i) + (N2726, F0, i)}
{(N1630, F1, i)(N3351,1,i) + (N1819, F1, i) + (N534->N2949, F1, i) + (N2430->N1637, F1, i)}
{(N1630, F1, i)(N3351,1,i) + (N1819, F1, i) + (N534->N2949, F1, i) + (N1637, F0, i)}
{(N1630, F1, i)(N3351,1,i) + (N1819, F1, i) + (N2949, F0, i) + (N406, F1, i)(N3358,0,i)}
{(N1630, F1, i)(N3351,1,i) + (N1819, F1, i) + (N2949, F0, i) + (N3358, F1, i)}
{(N1630, F1, i)(N3351,1,i) + (N1819, F1, i) + (N2949, F0, i) + (N2877, F0, i)}
{(N1630, F1, i)(N3351,1,i) + (N1819, F1, i) + (N2949, F0, i) + (N2538, F1, i)(N3019,0,i)}
{(N1630, F1, i)(N3351,1,i) + (N1819, F1, i) + (N2949, F0, i) + (N3679, F0, i)}
{(N1630, F1, i)(N3351,1,i) + (N1819, F1, i) + (N2949, F0, i) + (N199->N3019, F0, i)}
{(N1630, F1, i)(N3351,1,i) + (N1819, F1, i) + (N2949, F0, i) + (N3019, F1, i)}
{(N1630, F1, i)(N3351,1,i) + (N1819, F1, i) + (N2949, F0, i) + (N2154->N2726, F1, i)}
{(N1630, F1, i)(N3351,1,i) + (N1819, F1, i) + (N2949, F0, i) + (N2726, F0, i)}
{(N1630, F1, i)(N3351,1,i) + (N1819, F1, i) + (N2949, F0, i) + (N2430->N1637, F1, i)}
{(N1630, F1, i)(N3351,1,i) + (N1819, F1, i) + (N2949, F0, i) + (N1637, F0, i)}
{(N1630, F1, i)(N3351,1,i) + (N780, F1, i) + (N1603, F0, i) + (N406, F1, i)(N3358,0,i)}
{(N1630, F1, i)(N3351,1,i) + (N780, F1, i) + (N1603, F0, i) + (N3358, F1, i)}
{(N1630, F1, i)(N3351,1,i) + (N780, F1, i) + (N1603, F0, i) + (N2877, F0, i)}
{(N1630, F1, i)(N3351,1,i) + (N780, F1, i) + (N1603, F0, i) + (N2538, F1, i)(N3019,0,i)}
{(N1630, F1, i)(N3351,1,i) + (N780, F1, i) + (N1603, F0, i) + (N3679, F0, i)}
{(N1630, F1, i)(N3351,1,i) + (N780, F1, i) + (N1603, F0, i) + (N199->N3019, F0, i)}
{(N1630, F1, i)(N3351,1,i) + (N780, F1, i) + (N1603, F0, i) + (N3019, F1, i)}
{(N1630, F1, i)(N3351,1,i) + (N780, F1, i) + (N1603, F0, i) + (N2154->N2726, F1, i)}
{(N1630, F1, i)(N3351,1,i) + (N780, F1, i) + (N1603, F0, i) + (N2726, F0, i)}
{(N1630, F1, i)(N3351,1,i) + (N780, F1, i) + (N1603, F0, i) + (N2430->N1637, F1, i)}
{(N1630, F1, i)(N3351,1,i) + (N780, F1, i) + (N1603, F0, i) + (N1637, F0, i)}
{(N1630, F1, i)(N3351,1,i) + (N780, F1, i) + (N1886, F0, i) + (N406, F1, i)(N3358,0,i)}
{(N1630, F1, i)(N3351,1,i) + (N780, F1, i) + (N1886, F0, i) + (N3358, F1, i)}
{(N1630, F1, i)(N3351,1,i) + (N780, F1, i) + (N1886, F0, i) + (N2877, F0, i)}
{(N1630, F1, i)(N3351,1,i) + (N780, F1, i) + (N1886, F0, i) + (N2538, F1, i)(N3019,0,i)}
{(N1630, F1, i)(N3351,1,i) + (N780, F1, i) + (N1886, F0, i) + (N3679, F0, i)}
{(N1630, F1, i)(N3351,1,i) + (N780, F1, i) + (N1886, F0, i) + (N199->N3019, F0, i)}
{(N1630, F1, i)(N3351,1,i) + (N780, F1, i) + (N1886, F0, i) + (N3019, F1, i)}
{(N1630, F1, i)(N3351,1,i) + (N780, F1, i) + (N1886, F0, i) + (N2154->N2726, F1, i)}
{(N1630, F1, i)(N3351,1,i) + (N780, F1, i) + (N1886, F0, i) + (N2726, F0, i)}
{(N1630, F1, i)(N3351,1,i) + (N780, F1, i) + (N1886, F0, i) + (N2430->N1637, F1, i)}
{(N1630, F1, i)(N3351,1,i) + (N780, F1, i) + (N1886, F0, i) + (N1637, F0, i)}
{(N1630, F1, i)(N3351,1,i) + (N780, F1, i) + (N2869->N1542, F1, i) + (N406, F1, i)(N3358,0,i)}
{(N1630, F1, i)(N3351,1,i) + (N780, F1, i) + (N2869->N1542, F1, i) + (N3358, F1, i)}
{(N1630, F1, i)(N3351,1,i) + (N780, F1, i) + (N2869->N1542, F1, i) + (N2877, F0, i)}
{(N1630, F1, i)(N3351,1,i) + (N780, F1, i) + (N2869->N1542, F1, i) + (N2538, F1, i)(N3019,0,i)}
{(N1630, F1, i)(N3351,1,i) + (N780, F1, i) + (N2869->N1542, F1, i) + (N3679, F0, i)}
{(N1630, F1, i)(N3351,1,i) + (N780, F1, i) + (N2869->N1542, F1, i) + (N199->N3019, F0, i)}
{(N1630, F1, i)(N3351,1,i) + (N780, F1, i) + (N2869->N1542, F1, i) + (N3019, F1, i)}
{(N1630, F1, i)(N3351,1,i) + (N780, F1, i) + (N2869->N1542, F1, i) + (N2154->N2726, F1, i)}
{(N1630, F1, i)(N3351,1,i) + (N780, F1, i) + (N2869->N1542, F1, i) + (N2726, F0, i)}
{(N1630, F1, i)(N3351,1,i) + (N780, F1, i) + (N2869->N1542, F1, i) + (N2430->N1637, F1, i)}
{(N1630, F1, i)(N3351,1,i) + (N780, F1, i) + (N2869->N1542, F1, i) + (N1637, F0, i)}
{(N1630, F1, i)(N3351,1,i) + (N780, F1, i) + (N1542, F0, i) + (N406, F1, i)(N3358,0,i)}
{(N1630, F1, i)(N3351,1,i) + (N780, F1, i) + (N1542, F0, i) + (N3358, F1, i)}
{(N1630, F1, i)(N3351,1,i) + (N780, F1, i) + (N1542, F0, i) + (N2877, F0, i)}
{(N1630, F1, i)(N3351,1,i) + (N780, F1, i) + (N1542, F0, i) + (N2538, F1, i)(N3019,0,i)}
{(N1630, F1, i)(N3351,1,i) + (N780, F1, i) + (N1542, F0, i) + (N3679, F0, i)}
{(N1630, F1, i)(N3351,1,i) + (N780, F1, i) + (N1542, F0, i) + (N199->N3019, F0, i)}
{(N1630, F1, i)(N3351,1,i) + (N780, F1, i) + (N1542, F0, i) + (N3019, F1, i)}
{(N1630, F1, i)(N3351,1,i) + (N780, F1, i) + (N1542, F0, i) + (N2154->N2726, F1, i)}
{(N1630, F1, i)(N3351,1,i) + (N780, F1, i) + (N1542, F0, i) + (N2726, F0, i)}
{(N1630, F1, i)(N3351,1,i) + (N780, F1, i) + (N1542, F0, i) + (N2430->N1637, F1, i)}
{(N1630, F1, i)(N3351,1,i) + (N780, F1, i) + (N1542, F0, i) + (N1637, F0, i)}
{(N1630, F1, i)(N3351,1,i) + (N780, F1, i) + (N534->N2949, F1, i) + (N406, F1, i)(N3358,0,i)}
{(N1630, F1, i)(N3351,1,i) + (N780, F1, i) + (N534->N2949, F1, i) + (N3358, F1, i)}
{(N1630, F1, i)(N3351,1,i) + (N780, F1, i) + (N534->N2949, F1, i) + (N2877, F0, i)}
{(N1630, F1, i)(N3351,1,i) + (N780, F1, i) + (N534->N2949, F1, i) + (N2538, F1, i)(N3019,0,i)}
{(N1630, F1, i)(N3351,1,i) + (N780, F1, i) + (N534->N2949, F1, i) + (N3679, F0, i)}
{(N1630, F1, i)(N3351,1,i) + (N780, F1, i) + (N534->N2949, F1, i) + (N199->N3019, F0, i)}
{(N1630, F1, i)(N3351,1,i) + (N780, F1, i) + (N534->N2949, F1, i) + (N3019, F1, i)}
{(N1630, F1, i)(N3351,1,i) + (N780, F1, i) + (N534->N2949, F1, i) + (N2154->N2726, F1, i)}
{(N1630, F1, i)(N3351,1,i) + (N780, F1, i) + (N534->N2949, F1, i) + (N2726, F0, i)}
{(N1630, F1, i)(N3351,1,i) + (N780, F1, i) + (N534->N2949, F1, i) + (N2430->N1637, F1, i)}
{(N1630, F1, i)(N3351,1,i) + (N780, F1, i) + (N534->N2949, F1, i) + (N1637, F0, i)}
{(N1630, F1, i)(N3351,1,i) + (N780, F1, i) + (N2949, F0, i) + (N406, F1, i)(N3358,0,i)}
{(N1630, F1, i)(N3351,1,i) + (N780, F1, i) + (N2949, F0, i) + (N3358, F1, i)}
{(N1630, F1, i)(N3351,1,i) + (N780, F1, i) + (N2949, F0, i) + (N2877, F0, i)}
{(N1630, F1, i)(N3351,1,i) + (N780, F1, i) + (N2949, F0, i) + (N2538, F1, i)(N3019,0,i)}
{(N1630, F1, i)(N3351,1,i) + (N780, F1, i) + (N2949, F0, i) + (N3679, F0, i)}
{(N1630, F1, i)(N3351,1,i) + (N780, F1, i) + (N2949, F0, i) + (N199->N3019, F0, i)}
{(N1630, F1, i)(N3351,1,i) + (N780, F1, i) + (N2949, F0, i) + (N3019, F1, i)}
{(N1630, F1, i)(N3351,1,i) + (N780, F1, i) + (N2949, F0, i) + (N2154->N2726, F1, i)}
{(N1630, F1, i)(N3351,1,i) + (N780, F1, i) + (N2949, F0, i) + (N2726, F0, i)}
{(N1630, F1, i)(N3351,1,i) + (N780, F1, i) + (N2949, F0, i) + (N2430->N1637, F1, i)}
{(N1630, F1, i)(N3351,1,i) + (N780, F1, i) + (N2949, F0, i) + (N1637, F0, i)}
{(N3466->N3676, F0, i) + (N1819, F1, i) + (N1603, F0, i) + (N406, F1, i)(N3358,0,i)}
{(N3466->N3676, F0, i) + (N1819, F1, i) + (N1603, F0, i) + (N3358, F1, i)}
{(N3466->N3676, F0, i) + (N1819, F1, i) + (N1603, F0, i) + (N2877, F0, i)}
{(N3466->N3676, F0, i) + (N1819, F1, i) + (N1603, F0, i) + (N2538, F1, i)(N3019,0,i)}
{(N3466->N3676, F0, i) + (N1819, F1, i) + (N1603, F0, i) + (N3679, F0, i)}
{(N3466->N3676, F0, i) + (N1819, F1, i) + (N1603, F0, i) + (N199->N3019, F0, i)}
{(N3466->N3676, F0, i) + (N1819, F1, i) + (N1603, F0, i) + (N3019, F1, i)}
{(N3466->N3676, F0, i) + (N1819, F1, i) + (N1603, F0, i) + (N2154->N2726, F1, i)}
{(N3466->N3676, F0, i) + (N1819, F1, i) + (N1603, F0, i) + (N2726, F0, i)}
{(N3466->N3676, F0, i) + (N1819, F1, i) + (N1603, F0, i) + (N2430->N1637, F1, i)}
{(N3466->N3676, F0, i) + (N1819, F1, i) + (N1603, F0, i) + (N1637, F0, i)}
{(N3466->N3676, F0, i) + (N1819, F1, i) + (N1886, F0, i) + (N406, F1, i)(N3358,0,i)}
{(N3466->N3676, F0, i) + (N1819, F1, i) + (N1886, F0, i) + (N3358, F1, i)}
{(N3466->N3676, F0, i) + (N1819, F1, i) + (N1886, F0, i) + (N2877, F0, i)}
{(N3466->N3676, F0, i) + (N1819, F1, i) + (N1886, F0, i) + (N2538, F1, i)(N3019,0,i)}
{(N3466->N3676, F0, i) + (N1819, F1, i) + (N1886, F0, i) + (N3679, F0, i)}
{(N3466->N3676, F0, i) + (N1819, F1, i) + (N1886, F0, i) + (N199->N3019, F0, i)}
{(N3466->N3676, F0, i) + (N1819, F1, i) + (N1886, F0, i) + (N3019, F1, i)}
{(N3466->N3676, F0, i) + (N1819, F1, i) + (N1886, F0, i) + (N2154->N2726, F1, i)}
{(N3466->N3676, F0, i) + (N1819, F1, i) + (N1886, F0, i) + (N2726, F0, i)}
{(N3466->N3676, F0, i) + (N1819, F1, i) + (N1886, F0, i) + (N2430->N1637, F1, i)}
{(N3466->N3676, F0, i) + (N1819, F1, i) + (N1886, F0, i) + (N1637, F0, i)}
{(N3466->N3676, F0, i) + (N1819, F1, i) + (N2869->N1542, F1, i) + (N406, F1, i)(N3358,0,i)}
{(N3466->N3676, F0, i) + (N1819, F1, i) + (N2869->N1542, F1, i) + (N3358, F1, i)}
{(N3466->N3676, F0, i) + (N1819, F1, i) + (N2869->N1542, F1, i) + (N2877, F0, i)}
{(N3466->N3676, F0, i) + (N1819, F1, i) + (N2869->N1542, F1, i) + (N2538, F1, i)(N3019,0,i)}
{(N3466->N3676, F0, i) + (N1819, F1, i) + (N2869->N1542, F1, i) + (N3679, F0, i)}
{(N3466->N3676, F0, i) + (N1819, F1, i) + (N2869->N1542, F1, i) + (N199->N3019, F0, i)}
{(N3466->N3676, F0, i) + (N1819, F1, i) + (N2869->N1542, F1, i) + (N3019, F1, i)}
{(N3466->N3676, F0, i) + (N1819, F1, i) + (N2869->N1542, F1, i) + (N2154->N2726, F1, i)}
{(N3466->N3676, F0, i) + (N1819, F1, i) + (N2869->N1542, F1, i) + (N2726, F0, i)}
{(N3466->N3676, F0, i) + (N1819, F1, i) + (N2869->N1542, F1, i) + (N2430->N1637, F1, i)}
{(N3466->N3676, F0, i) + (N1819, F1, i) + (N2869->N1542, F1, i) + (N1637, F0, i)}
{(N3466->N3676, F0, i) + (N1819, F1, i) + (N1542, F0, i) + (N406, F1, i)(N3358,0,i)}
{(N3466->N3676, F0, i) + (N1819, F1, i) + (N1542, F0, i) + (N3358, F1, i)}
{(N3466->N3676, F0, i) + (N1819, F1, i) + (N1542, F0, i) + (N2877, F0, i)}
{(N3466->N3676, F0, i) + (N1819, F1, i) + (N1542, F0, i) + (N2538, F1, i)(N3019,0,i)}
{(N3466->N3676, F0, i) + (N1819, F1, i) + (N1542, F0, i) + (N3679, F0, i)}
{(N3466->N3676, F0, i) + (N1819, F1, i) + (N1542, F0, i) + (N199->N3019, F0, i)}
{(N3466->N3676, F0, i) + (N1819, F1, i) + (N1542, F0, i) + (N3019, F1, i)}
{(N3466->N3676, F0, i) + (N1819, F1, i) + (N1542, F0, i) + (N2154->N2726, F1, i)}
{(N3466->N3676, F0, i) + (N1819, F1, i) + (N1542, F0, i) + (N2726, F0, i)}
{(N3466->N3676, F0, i) + (N1819, F1, i) + (N1542, F0, i) + (N2430->N1637, F1, i)}
{(N3466->N3676, F0, i) + (N1819, F1, i) + (N1542, F0, i) + (N1637, F0, i)}
{(N3466->N3676, F0, i) + (N1819, F1, i) + (N534->N2949, F1, i) + (N406, F1, i)(N3358,0,i)}
{(N3466->N3676, F0, i) + (N1819, F1, i) + (N534->N2949, F1, i) + (N3358, F1, i)}
{(N3466->N3676, F0, i) + (N1819, F1, i) + (N534->N2949, F1, i) + (N2877, F0, i)}
{(N3466->N3676, F0, i) + (N1819, F1, i) + (N534->N2949, F1, i) + (N2538, F1, i)(N3019,0,i)}
{(N3466->N3676, F0, i) + (N1819, F1, i) + (N534->N2949, F1, i) + (N3679, F0, i)}
{(N3466->N3676, F0, i) + (N1819, F1, i) + (N534->N2949, F1, i) + (N199->N3019, F0, i)}
{(N3466->N3676, F0, i) + (N1819, F1, i) + (N534->N2949, F1, i) + (N3019, F1, i)}
{(N3466->N3676, F0, i) + (N1819, F1, i) + (N534->N2949, F1, i) + (N2154->N2726, F1, i)}
{(N3466->N3676, F0, i) + (N1819, F1, i) + (N534->N2949, F1, i) + (N2726, F0, i)}
{(N3466->N3676, F0, i) + (N1819, F1, i) + (N534->N2949, F1, i) + (N2430->N1637, F1, i)}
{(N3466->N3676, F0, i) + (N1819, F1, i) + (N534->N2949, F1, i) + (N1637, F0, i)}
{(N3466->N3676, F0, i) + (N1819, F1, i) + (N2949, F0, i) + (N406, F1, i)(N3358,0,i)}
{(N3466->N3676, F0, i) + (N1819, F1, i) + (N2949, F0, i) + (N3358, F1, i)}
{(N3466->N3676, F0, i) + (N1819, F1, i) + (N2949, F0, i) + (N2877, F0, i)}
{(N3466->N3676, F0, i) + (N1819, F1, i) + (N2949, F0, i) + (N2538, F1, i)(N3019,0,i)}
{(N3466->N3676, F0, i) + (N1819, F1, i) + (N2949, F0, i) + (N3679, F0, i)}
{(N3466->N3676, F0, i) + (N1819, F1, i) + (N2949, F0, i) + (N199->N3019, F0, i)}
{(N3466->N3676, F0, i) + (N1819, F1, i) + (N2949, F0, i) + (N3019, F1, i)}
{(N3466->N3676, F0, i) + (N1819, F1, i) + (N2949, F0, i) + (N2154->N2726, F1, i)}
{(N3466->N3676, F0, i) + (N1819, F1, i) + (N2949, F0, i) + (N2726, F0, i)}
{(N3466->N3676, F0, i) + (N1819, F1, i) + (N2949, F0, i) + (N2430->N1637, F1, i)}
{(N3466->N3676, F0, i) + (N1819, F1, i) + (N2949, F0, i) + (N1637, F0, i)}
{(N3466->N3676, F0, i) + (N780, F1, i) + (N1603, F0, i) + (N406, F1, i)(N3358,0,i)}
{(N3466->N3676, F0, i) + (N780, F1, i) + (N1603, F0, i) + (N3358, F1, i)}
{(N3466->N3676, F0, i) + (N780, F1, i) + (N1603, F0, i) + (N2877, F0, i)}
{(N3466->N3676, F0, i) + (N780, F1, i) + (N1603, F0, i) + (N2538, F1, i)(N3019,0,i)}
{(N3466->N3676, F0, i) + (N780, F1, i) + (N1603, F0, i) + (N3679, F0, i)}
{(N3466->N3676, F0, i) + (N780, F1, i) + (N1603, F0, i) + (N199->N3019, F0, i)}
{(N3466->N3676, F0, i) + (N780, F1, i) + (N1603, F0, i) + (N3019, F1, i)}
{(N3466->N3676, F0, i) + (N780, F1, i) + (N1603, F0, i) + (N2154->N2726, F1, i)}
{(N3466->N3676, F0, i) + (N780, F1, i) + (N1603, F0, i) + (N2726, F0, i)}
{(N3466->N3676, F0, i) + (N780, F1, i) + (N1603, F0, i) + (N2430->N1637, F1, i)}
{(N3466->N3676, F0, i) + (N780, F1, i) + (N1603, F0, i) + (N1637, F0, i)}
{(N3466->N3676, F0, i) + (N780, F1, i) + (N1886, F0, i) + (N406, F1, i)(N3358,0,i)}
{(N3466->N3676, F0, i) + (N780, F1, i) + (N1886, F0, i) + (N3358, F1, i)}
{(N3466->N3676, F0, i) + (N780, F1, i) + (N1886, F0, i) + (N2877, F0, i)}
{(N3466->N3676, F0, i) + (N780, F1, i) + (N1886, F0, i) + (N2538, F1, i)(N3019,0,i)}
{(N3466->N3676, F0, i) + (N780, F1, i) + (N1886, F0, i) + (N3679, F0, i)}
{(N3466->N3676, F0, i) + (N780, F1, i) + (N1886, F0, i) + (N199->N3019, F0, i)}
{(N3466->N3676, F0, i) + (N780, F1, i) + (N1886, F0, i) + (N3019, F1, i)}
{(N3466->N3676, F0, i) + (N780, F1, i) + (N1886, F0, i) + (N2154->N2726, F1, i)}
{(N3466->N3676, F0, i) + (N780, F1, i) + (N1886, F0, i) + (N2726, F0, i)}
{(N3466->N3676, F0, i) + (N780, F1, i) + (N1886, F0, i) + (N2430->N1637, F1, i)}
{(N3466->N3676, F0, i) + (N780, F1, i) + (N1886, F0, i) + (N1637, F0, i)}
{(N3466->N3676, F0, i) + (N780, F1, i) + (N2869->N1542, F1, i) + (N406, F1, i)(N3358,0,i)}
{(N3466->N3676, F0, i) + (N780, F1, i) + (N2869->N1542, F1, i) + (N3358, F1, i)}
{(N3466->N3676, F0, i) + (N780, F1, i) + (N2869->N1542, F1, i) + (N2877, F0, i)}
{(N3466->N3676, F0, i) + (N780, F1, i) + (N2869->N1542, F1, i) + (N2538, F1, i)(N3019,0,i)}
{(N3466->N3676, F0, i) + (N780, F1, i) + (N2869->N1542, F1, i) + (N3679, F0, i)}
{(N3466->N3676, F0, i) + (N780, F1, i) + (N2869->N1542, F1, i) + (N199->N3019, F0, i)}
{(N3466->N3676, F0, i) + (N780, F1, i) + (N2869->N1542, F1, i) + (N3019, F1, i)}
{(N3466->N3676, F0, i) + (N780, F1, i) + (N2869->N1542, F1, i) + (N2154->N2726, F1, i)}
{(N3466->N3676, F0, i) + (N780, F1, i) + (N2869->N1542, F1, i) + (N2726, F0, i)}
{(N3466->N3676, F0, i) + (N780, F1, i) + (N2869->N1542, F1, i) + (N2430->N1637, F1, i)}
{(N3466->N3676, F0, i) + (N780, F1, i) + (N2869->N1542, F1, i) + (N1637, F0, i)}
{(N3466->N3676, F0, i) + (N780, F1, i) + (N1542, F0, i) + (N406, F1, i)(N3358,0,i)}
{(N3466->N3676, F0, i) + (N780, F1, i) + (N1542, F0, i) + (N3358, F1, i)}
{(N3466->N3676, F0, i) + (N780, F1, i) + (N1542, F0, i) + (N2877, F0, i)}
{(N3466->N3676, F0, i) + (N780, F1, i) + (N1542, F0, i) + (N2538, F1, i)(N3019,0,i)}
{(N3466->N3676, F0, i) + (N780, F1, i) + (N1542, F0, i) + (N3679, F0, i)}
{(N3466->N3676, F0, i) + (N780, F1, i) + (N1542, F0, i) + (N199->N3019, F0, i)}
{(N3466->N3676, F0, i) + (N780, F1, i) + (N1542, F0, i) + (N3019, F1, i)}
{(N3466->N3676, F0, i) + (N780, F1, i) + (N1542, F0, i) + (N2154->N2726, F1, i)}
{(N3466->N3676, F0, i) + (N780, F1, i) + (N1542, F0, i) + (N2726, F0, i)}
{(N3466->N3676, F0, i) + (N780, F1, i) + (N1542, F0, i) + (N2430->N1637, F1, i)}
{(N3466->N3676, F0, i) + (N780, F1, i) + (N1542, F0, i) + (N1637, F0, i)}
{(N3466->N3676, F0, i) + (N780, F1, i) + (N534->N2949, F1, i) + (N406, F1, i)(N3358,0,i)}
{(N3466->N3676, F0, i) + (N780, F1, i) + (N534->N2949, F1, i) + (N3358, F1, i)}
{(N3466->N3676, F0, i) + (N780, F1, i) + (N534->N2949, F1, i) + (N2877, F0, i)}
{(N3466->N3676, F0, i) + (N780, F1, i) + (N534->N2949, F1, i) + (N2538, F1, i)(N3019,0,i)}
{(N3466->N3676, F0, i) + (N780, F1, i) + (N534->N2949, F1, i) + (N3679, F0, i)}
{(N3466->N3676, F0, i) + (N780, F1, i) + (N534->N2949, F1, i) + (N199->N3019, F0, i)}
{(N3466->N3676, F0, i) + (N780, F1, i) + (N534->N2949, F1, i) + (N3019, F1, i)}
{(N3466->N3676, F0, i) + (N780, F1, i) + (N534->N2949, F1, i) + (N2154->N2726, F1, i)}
{(N3466->N3676, F0, i) + (N780, F1, i) + (N534->N2949, F1, i) + (N2726, F0, i)}
{(N3466->N3676, F0, i) + (N780, F1, i) + (N534->N2949, F1, i) + (N2430->N1637, F1, i)}
{(N3466->N3676, F0, i) + (N780, F1, i) + (N534->N2949, F1, i) + (N1637, F0, i)}
{(N3466->N3676, F0, i) + (N780, F1, i) + (N2949, F0, i) + (N406, F1, i)(N3358,0,i)}
{(N3466->N3676, F0, i) + (N780, F1, i) + (N2949, F0, i) + (N3358, F1, i)}
{(N3466->N3676, F0, i) + (N780, F1, i) + (N2949, F0, i) + (N2877, F0, i)}
{(N3466->N3676, F0, i) + (N780, F1, i) + (N2949, F0, i) + (N2538, F1, i)(N3019,0,i)}
{(N3466->N3676, F0, i) + (N780, F1, i) + (N2949, F0, i) + (N3679, F0, i)}
{(N3466->N3676, F0, i) + (N780, F1, i) + (N2949, F0, i) + (N199->N3019, F0, i)}
{(N3466->N3676, F0, i) + (N780, F1, i) + (N2949, F0, i) + (N3019, F1, i)}
{(N3466->N3676, F0, i) + (N780, F1, i) + (N2949, F0, i) + (N2154->N2726, F1, i)}
{(N3466->N3676, F0, i) + (N780, F1, i) + (N2949, F0, i) + (N2726, F0, i)}
{(N3466->N3676, F0, i) + (N780, F1, i) + (N2949, F0, i) + (N2430->N1637, F1, i)}
{(N3466->N3676, F0, i) + (N780, F1, i) + (N2949, F0, i) + (N1637, F0, i)}
{(N3676, F1, i) + (N1819, F1, i) + (N1603, F0, i) + (N406, F1, i)(N3358,0,i)}
{(N3676, F1, i) + (N1819, F1, i) + (N1603, F0, i) + (N3358, F1, i)}
{(N3676, F1, i) + (N1819, F1, i) + (N1603, F0, i) + (N2877, F0, i)}
{(N3676, F1, i) + (N1819, F1, i) + (N1603, F0, i) + (N2538, F1, i)(N3019,0,i)}
{(N3676, F1, i) + (N1819, F1, i) + (N1603, F0, i) + (N3679, F0, i)}
{(N3676, F1, i) + (N1819, F1, i) + (N1603, F0, i) + (N199->N3019, F0, i)}
{(N3676, F1, i) + (N1819, F1, i) + (N1603, F0, i) + (N3019, F1, i)}
{(N3676, F1, i) + (N1819, F1, i) + (N1603, F0, i) + (N2154->N2726, F1, i)}
{(N3676, F1, i) + (N1819, F1, i) + (N1603, F0, i) + (N2726, F0, i)}
{(N3676, F1, i) + (N1819, F1, i) + (N1603, F0, i) + (N2430->N1637, F1, i)}
{(N3676, F1, i) + (N1819, F1, i) + (N1603, F0, i) + (N1637, F0, i)}
{(N3676, F1, i) + (N1819, F1, i) + (N1886, F0, i) + (N406, F1, i)(N3358,0,i)}
{(N3676, F1, i) + (N1819, F1, i) + (N1886, F0, i) + (N3358, F1, i)}
{(N3676, F1, i) + (N1819, F1, i) + (N1886, F0, i) + (N2877, F0, i)}
{(N3676, F1, i) + (N1819, F1, i) + (N1886, F0, i) + (N2538, F1, i)(N3019,0,i)}
{(N3676, F1, i) + (N1819, F1, i) + (N1886, F0, i) + (N3679, F0, i)}
{(N3676, F1, i) + (N1819, F1, i) + (N1886, F0, i) + (N199->N3019, F0, i)}
{(N3676, F1, i) + (N1819, F1, i) + (N1886, F0, i) + (N3019, F1, i)}
{(N3676, F1, i) + (N1819, F1, i) + (N1886, F0, i) + (N2154->N2726, F1, i)}
{(N3676, F1, i) + (N1819, F1, i) + (N1886, F0, i) + (N2726, F0, i)}
{(N3676, F1, i) + (N1819, F1, i) + (N1886, F0, i) + (N2430->N1637, F1, i)}
{(N3676, F1, i) + (N1819, F1, i) + (N1886, F0, i) + (N1637, F0, i)}
{(N3676, F1, i) + (N1819, F1, i) + (N2869->N1542, F1, i) + (N406, F1, i)(N3358,0,i)}
{(N3676, F1, i) + (N1819, F1, i) + (N2869->N1542, F1, i) + (N3358, F1, i)}
{(N3676, F1, i) + (N1819, F1, i) + (N2869->N1542, F1, i) + (N2877, F0, i)}
{(N3676, F1, i) + (N1819, F1, i) + (N2869->N1542, F1, i) + (N2538, F1, i)(N3019,0,i)}
{(N3676, F1, i) + (N1819, F1, i) + (N2869->N1542, F1, i) + (N3679, F0, i)}
{(N3676, F1, i) + (N1819, F1, i) + (N2869->N1542, F1, i) + (N199->N3019, F0, i)}
{(N3676, F1, i) + (N1819, F1, i) + (N2869->N1542, F1, i) + (N3019, F1, i)}
{(N3676, F1, i) + (N1819, F1, i) + (N2869->N1542, F1, i) + (N2154->N2726, F1, i)}
{(N3676, F1, i) + (N1819, F1, i) + (N2869->N1542, F1, i) + (N2726, F0, i)}
{(N3676, F1, i) + (N1819, F1, i) + (N2869->N1542, F1, i) + (N2430->N1637, F1, i)}
{(N3676, F1, i) + (N1819, F1, i) + (N2869->N1542, F1, i) + (N1637, F0, i)}
{(N3676, F1, i) + (N1819, F1, i) + (N1542, F0, i) + (N406, F1, i)(N3358,0,i)}
{(N3676, F1, i) + (N1819, F1, i) + (N1542, F0, i) + (N3358, F1, i)}
{(N3676, F1, i) + (N1819, F1, i) + (N1542, F0, i) + (N2877, F0, i)}
{(N3676, F1, i) + (N1819, F1, i) + (N1542, F0, i) + (N2538, F1, i)(N3019,0,i)}
{(N3676, F1, i) + (N1819, F1, i) + (N1542, F0, i) + (N3679, F0, i)}
{(N3676, F1, i) + (N1819, F1, i) + (N1542, F0, i) + (N199->N3019, F0, i)}
{(N3676, F1, i) + (N1819, F1, i) + (N1542, F0, i) + (N3019, F1, i)}
{(N3676, F1, i) + (N1819, F1, i) + (N1542, F0, i) + (N2154->N2726, F1, i)}
{(N3676, F1, i) + (N1819, F1, i) + (N1542, F0, i) + (N2726, F0, i)}
{(N3676, F1, i) + (N1819, F1, i) + (N1542, F0, i) + (N2430->N1637, F1, i)}
{(N3676, F1, i) + (N1819, F1, i) + (N1542, F0, i) + (N1637, F0, i)}
{(N3676, F1, i) + (N1819, F1, i) + (N534->N2949, F1, i) + (N406, F1, i)(N3358,0,i)}
{(N3676, F1, i) + (N1819, F1, i) + (N534->N2949, F1, i) + (N3358, F1, i)}
{(N3676, F1, i) + (N1819, F1, i) + (N534->N2949, F1, i) + (N2877, F0, i)}
{(N3676, F1, i) + (N1819, F1, i) + (N534->N2949, F1, i) + (N2538, F1, i)(N3019,0,i)}
{(N3676, F1, i) + (N1819, F1, i) + (N534->N2949, F1, i) + (N3679, F0, i)}
{(N3676, F1, i) + (N1819, F1, i) + (N534->N2949, F1, i) + (N199->N3019, F0, i)}
{(N3676, F1, i) + (N1819, F1, i) + (N534->N2949, F1, i) + (N3019, F1, i)}
{(N3676, F1, i) + (N1819, F1, i) + (N534->N2949, F1, i) + (N2154->N2726, F1, i)}
{(N3676, F1, i) + (N1819, F1, i) + (N534->N2949, F1, i) + (N2726, F0, i)}
{(N3676, F1, i) + (N1819, F1, i) + (N534->N2949, F1, i) + (N2430->N1637, F1, i)}
{(N3676, F1, i) + (N1819, F1, i) + (N534->N2949, F1, i) + (N1637, F0, i)}
{(N3676, F1, i) + (N1819, F1, i) + (N2949, F0, i) + (N406, F1, i)(N3358,0,i)}
{(N3676, F1, i) + (N1819, F1, i) + (N2949, F0, i) + (N3358, F1, i)}
{(N3676, F1, i) + (N1819, F1, i) + (N2949, F0, i) + (N2877, F0, i)}
{(N3676, F1, i) + (N1819, F1, i) + (N2949, F0, i) + (N2538, F1, i)(N3019,0,i)}
{(N3676, F1, i) + (N1819, F1, i) + (N2949, F0, i) + (N3679, F0, i)}
{(N3676, F1, i) + (N1819, F1, i) + (N2949, F0, i) + (N199->N3019, F0, i)}
{(N3676, F1, i) + (N1819, F1, i) + (N2949, F0, i) + (N3019, F1, i)}
{(N3676, F1, i) + (N1819, F1, i) + (N2949, F0, i) + (N2154->N2726, F1, i)}
{(N3676, F1, i) + (N1819, F1, i) + (N2949, F0, i) + (N2726, F0, i)}
{(N3676, F1, i) + (N1819, F1, i) + (N2949, F0, i) + (N2430->N1637, F1, i)}
{(N3676, F1, i) + (N1819, F1, i) + (N2949, F0, i) + (N1637, F0, i)}
{(N3676, F1, i) + (N780, F1, i) + (N1603, F0, i) + (N406, F1, i)(N3358,0,i)}
{(N3676, F1, i) + (N780, F1, i) + (N1603, F0, i) + (N3358, F1, i)}
{(N3676, F1, i) + (N780, F1, i) + (N1603, F0, i) + (N2877, F0, i)}
{(N3676, F1, i) + (N780, F1, i) + (N1603, F0, i) + (N2538, F1, i)(N3019,0,i)}
{(N3676, F1, i) + (N780, F1, i) + (N1603, F0, i) + (N3679, F0, i)}
{(N3676, F1, i) + (N780, F1, i) + (N1603, F0, i) + (N199->N3019, F0, i)}
{(N3676, F1, i) + (N780, F1, i) + (N1603, F0, i) + (N3019, F1, i)}
{(N3676, F1, i) + (N780, F1, i) + (N1603, F0, i) + (N2154->N2726, F1, i)}
{(N3676, F1, i) + (N780, F1, i) + (N1603, F0, i) + (N2726, F0, i)}
{(N3676, F1, i) + (N780, F1, i) + (N1603, F0, i) + (N2430->N1637, F1, i)}
{(N3676, F1, i) + (N780, F1, i) + (N1603, F0, i) + (N1637, F0, i)}
{(N3676, F1, i) + (N780, F1, i) + (N1886, F0, i) + (N406, F1, i)(N3358,0,i)}
{(N3676, F1, i) + (N780, F1, i) + (N1886, F0, i) + (N3358, F1, i)}
{(N3676, F1, i) + (N780, F1, i) + (N1886, F0, i) + (N2877, F0, i)}
{(N3676, F1, i) + (N780, F1, i) + (N1886, F0, i) + (N2538, F1, i)(N3019,0,i)}
{(N3676, F1, i) + (N780, F1, i) + (N1886, F0, i) + (N3679, F0, i)}
{(N3676, F1, i) + (N780, F1, i) + (N1886, F0, i) + (N199->N3019, F0, i)}
{(N3676, F1, i) + (N780, F1, i) + (N1886, F0, i) + (N3019, F1, i)}
{(N3676, F1, i) + (N780, F1, i) + (N1886, F0, i) + (N2154->N2726, F1, i)}
{(N3676, F1, i) + (N780, F1, i) + (N1886, F0, i) + (N2726, F0, i)}
{(N3676, F1, i) + (N780, F1, i) + (N1886, F0, i) + (N2430->N1637, F1, i)}
{(N3676, F1, i) + (N780, F1, i) + (N1886, F0, i) + (N1637, F0, i)}
{(N3676, F1, i) + (N780, F1, i) + (N2869->N1542, F1, i) + (N406, F1, i)(N3358,0,i)}
{(N3676, F1, i) + (N780, F1, i) + (N2869->N1542, F1, i) + (N3358, F1, i)}
{(N3676, F1, i) + (N780, F1, i) + (N2869->N1542, F1, i) + (N2877, F0, i)}
{(N3676, F1, i) + (N780, F1, i) + (N2869->N1542, F1, i) + (N2538, F1, i)(N3019,0,i)}
{(N3676, F1, i) + (N780, F1, i) + (N2869->N1542, F1, i) + (N3679, F0, i)}
{(N3676, F1, i) + (N780, F1, i) + (N2869->N1542, F1, i) + (N199->N3019, F0, i)}
{(N3676, F1, i) + (N780, F1, i) + (N2869->N1542, F1, i) + (N3019, F1, i)}
{(N3676, F1, i) + (N780, F1, i) + (N2869->N1542, F1, i) + (N2154->N2726, F1, i)}
{(N3676, F1, i) + (N780, F1, i) + (N2869->N1542, F1, i) + (N2726, F0, i)}
{(N3676, F1, i) + (N780, F1, i) + (N2869->N1542, F1, i) + (N2430->N1637, F1, i)}
{(N3676, F1, i) + (N780, F1, i) + (N2869->N1542, F1, i) + (N1637, F0, i)}
{(N3676, F1, i) + (N780, F1, i) + (N1542, F0, i) + (N406, F1, i)(N3358,0,i)}
{(N3676, F1, i) + (N780, F1, i) + (N1542, F0, i) + (N3358, F1, i)}
{(N3676, F1, i) + (N780, F1, i) + (N1542, F0, i) + (N2877, F0, i)}
{(N3676, F1, i) + (N780, F1, i) + (N1542, F0, i) + (N2538, F1, i)(N3019,0,i)}
{(N3676, F1, i) + (N780, F1, i) + (N1542, F0, i) + (N3679, F0, i)}
{(N3676, F1, i) + (N780, F1, i) + (N1542, F0, i) + (N199->N3019, F0, i)}
{(N3676, F1, i) + (N780, F1, i) + (N1542, F0, i) + (N3019, F1, i)}
{(N3676, F1, i) + (N780, F1, i) + (N1542, F0, i) + (N2154->N2726, F1, i)}
{(N3676, F1, i) + (N780, F1, i) + (N1542, F0, i) + (N2726, F0, i)}
{(N3676, F1, i) + (N780, F1, i) + (N1542, F0, i) + (N2430->N1637, F1, i)}
{(N3676, F1, i) + (N780, F1, i) + (N1542, F0, i) + (N1637, F0, i)}
{(N3676, F1, i) + (N780, F1, i) + (N534->N2949, F1, i) + (N406, F1, i)(N3358,0,i)}
{(N3676, F1, i) + (N780, F1, i) + (N534->N2949, F1, i) + (N3358, F1, i)}
{(N3676, F1, i) + (N780, F1, i) + (N534->N2949, F1, i) + (N2877, F0, i)}
{(N3676, F1, i) + (N780, F1, i) + (N534->N2949, F1, i) + (N2538, F1, i)(N3019,0,i)}
{(N3676, F1, i) + (N780, F1, i) + (N534->N2949, F1, i) + (N3679, F0, i)}
{(N3676, F1, i) + (N780, F1, i) + (N534->N2949, F1, i) + (N199->N3019, F0, i)}
{(N3676, F1, i) + (N780, F1, i) + (N534->N2949, F1, i) + (N3019, F1, i)}
{(N3676, F1, i) + (N780, F1, i) + (N534->N2949, F1, i) + (N2154->N2726, F1, i)}
{(N3676, F1, i) + (N780, F1, i) + (N534->N2949, F1, i) + (N2726, F0, i)}
{(N3676, F1, i) + (N780, F1, i) + (N534->N2949, F1, i) + (N2430->N1637, F1, i)}
{(N3676, F1, i) + (N780, F1, i) + (N534->N2949, F1, i) + (N1637, F0, i)}
{(N3676, F1, i) + (N780, F1, i) + (N2949, F0, i) + (N406, F1, i)(N3358,0,i)}
{(N3676, F1, i) + (N780, F1, i) + (N2949, F0, i) + (N3358, F1, i)}
{(N3676, F1, i) + (N780, F1, i) + (N2949, F0, i) + (N2877, F0, i)}
{(N3676, F1, i) + (N780, F1, i) + (N2949, F0, i) + (N2538, F1, i)(N3019,0,i)}
{(N3676, F1, i) + (N780, F1, i) + (N2949, F0, i) + (N3679, F0, i)}
{(N3676, F1, i) + (N780, F1, i) + (N2949, F0, i) + (N199->N3019, F0, i)}
{(N3676, F1, i) + (N780, F1, i) + (N2949, F0, i) + (N3019, F1, i)}
{(N3676, F1, i) + (N780, F1, i) + (N2949, F0, i) + (N2154->N2726, F1, i)}
{(N3676, F1, i) + (N780, F1, i) + (N2949, F0, i) + (N2726, F0, i)}
{(N3676, F1, i) + (N780, F1, i) + (N2949, F0, i) + (N2430->N1637, F1, i)}
{(N3676, F1, i) + (N780, F1, i) + (N2949, F0, i) + (N1637, F0, i)}
