{(N2224->N1750, F1, i) + (N2186, F1, i) + (N3572, F1, i)(N2691,1,i) + (N1361, F1, i)(N741,1,i) + (N826, F1, i)(N397,1,i)}
{(N2224->N1750, F1, i) + (N2186, F1, i) + (N3572, F1, i)(N2691,1,i) + (N1361, F1, i)(N741,1,i) + (N3492->N1021, F0, i)}
{(N2224->N1750, F1, i) + (N2186, F1, i) + (N3572, F1, i)(N2691,1,i) + (N1361, F1, i)(N741,1,i) + (N1021, F1, i)}
{(N2224->N1750, F1, i) + (N2186, F1, i) + (N3572, F1, i)(N2691,1,i) + (N1780, F1, i)(N873,1,i) + (N826, F1, i)(N397,1,i)}
{(N2224->N1750, F1, i) + (N2186, F1, i) + (N3572, F1, i)(N2691,1,i) + (N1780, F1, i)(N873,1,i) + (N3492->N1021, F0, i)}
{(N2224->N1750, F1, i) + (N2186, F1, i) + (N3572, F1, i)(N2691,1,i) + (N1780, F1, i)(N873,1,i) + (N1021, F1, i)}
{(N2224->N1750, F1, i) + (N2186, F1, i) + (N3572, F1, i)(N2691,1,i) + (N3764->N2312, F0, i) + (N826, F1, i)(N397,1,i)}
{(N2224->N1750, F1, i) + (N2186, F1, i) + (N3572, F1, i)(N2691,1,i) + (N3764->N2312, F0, i) + (N3492->N1021, F0, i)}
{(N2224->N1750, F1, i) + (N2186, F1, i) + (N3572, F1, i)(N2691,1,i) + (N3764->N2312, F0, i) + (N1021, F1, i)}
{(N2224->N1750, F1, i) + (N2186, F1, i) + (N3572, F1, i)(N2691,1,i) + (N2312, F1, i) + (N826, F1, i)(N397,1,i)}
{(N2224->N1750, F1, i) + (N2186, F1, i) + (N3572, F1, i)(N2691,1,i) + (N2312, F1, i) + (N3492->N1021, F0, i)}
{(N2224->N1750, F1, i) + (N2186, F1, i) + (N3572, F1, i)(N2691,1,i) + (N2312, F1, i) + (N1021, F1, i)}
{(N2224->N1750, F1, i) + (N2186, F1, i) + (N3572, F1, i)(N2691,1,i) + (N88->N1713, F0, i) + (N826, F1, i)(N397,1,i)}
{(N2224->N1750, F1, i) + (N2186, F1, i) + (N3572, F1, i)(N2691,1,i) + (N88->N1713, F0, i) + (N3492->N1021, F0, i)}
{(N2224->N1750, F1, i) + (N2186, F1, i) + (N3572, F1, i)(N2691,1,i) + (N88->N1713, F0, i) + (N1021, F1, i)}
{(N2224->N1750, F1, i) + (N2186, F1, i) + (N3572, F1, i)(N2691,1,i) + (N1713, F1, i) + (N826, F1, i)(N397,1,i)}
{(N2224->N1750, F1, i) + (N2186, F1, i) + (N3572, F1, i)(N2691,1,i) + (N1713, F1, i) + (N3492->N1021, F0, i)}
{(N2224->N1750, F1, i) + (N2186, F1, i) + (N3572, F1, i)(N2691,1,i) + (N1713, F1, i) + (N1021, F1, i)}
{(N2224->N1750, F1, i) + (N2186, F1, i) + (N3751->N492, F0, i) + (N1361, F1, i)(N741,1,i) + (N826, F1, i)(N397,1,i)}
{(N2224->N1750, F1, i) + (N2186, F1, i) + (N3751->N492, F0, i) + (N1361, F1, i)(N741,1,i) + (N3492->N1021, F0, i)}
{(N2224->N1750, F1, i) + (N2186, F1, i) + (N3751->N492, F0, i) + (N1361, F1, i)(N741,1,i) + (N1021, F1, i)}
{(N2224->N1750, F1, i) + (N2186, F1, i) + (N3751->N492, F0, i) + (N1780, F1, i)(N873,1,i) + (N826, F1, i)(N397,1,i)}
{(N2224->N1750, F1, i) + (N2186, F1, i) + (N3751->N492, F0, i) + (N1780, F1, i)(N873,1,i) + (N3492->N1021, F0, i)}
{(N2224->N1750, F1, i) + (N2186, F1, i) + (N3751->N492, F0, i) + (N1780, F1, i)(N873,1,i) + (N1021, F1, i)}
{(N2224->N1750, F1, i) + (N2186, F1, i) + (N3751->N492, F0, i) + (N3764->N2312, F0, i) + (N826, F1, i)(N397,1,i)}
{(N2224->N1750, F1, i) + (N2186, F1, i) + (N3751->N492, F0, i) + (N3764->N2312, F0, i) + (N3492->N1021, F0, i)}
{(N2224->N1750, F1, i) + (N2186, F1, i) + (N3751->N492, F0, i) + (N3764->N2312, F0, i) + (N1021, F1, i)}
{(N2224->N1750, F1, i) + (N2186, F1, i) + (N3751->N492, F0, i) + (N2312, F1, i) + (N826, F1, i)(N397,1,i)}
{(N2224->N1750, F1, i) + (N2186, F1, i) + (N3751->N492, F0, i) + (N2312, F1, i) + (N3492->N1021, F0, i)}
{(N2224->N1750, F1, i) + (N2186, F1, i) + (N3751->N492, F0, i) + (N2312, F1, i) + (N1021, F1, i)}
{(N2224->N1750, F1, i) + (N2186, F1, i) + (N3751->N492, F0, i) + (N88->N1713, F0, i) + (N826, F1, i)(N397,1,i)}
{(N2224->N1750, F1, i) + (N2186, F1, i) + (N3751->N492, F0, i) + (N88->N1713, F0, i) + (N3492->N1021, F0, i)}
{(N2224->N1750, F1, i) + (N2186, F1, i) + (N3751->N492, F0, i) + (N88->N1713, F0, i) + (N1021, F1, i)}
{(N2224->N1750, F1, i) + (N2186, F1, i) + (N3751->N492, F0, i) + (N1713, F1, i) + (N826, F1, i)(N397,1,i)}
{(N2224->N1750, F1, i) + (N2186, F1, i) + (N3751->N492, F0, i) + (N1713, F1, i) + (N3492->N1021, F0, i)}
{(N2224->N1750, F1, i) + (N2186, F1, i) + (N3751->N492, F0, i) + (N1713, F1, i) + (N1021, F1, i)}
{(N2224->N1750, F1, i) + (N2186, F1, i) + (N492, F1, i) + (N1361, F1, i)(N741,1,i) + (N826, F1, i)(N397,1,i)}
{(N2224->N1750, F1, i) + (N2186, F1, i) + (N492, F1, i) + (N1361, F1, i)(N741,1,i) + (N3492->N1021, F0, i)}
{(N2224->N1750, F1, i) + (N2186, F1, i) + (N492, F1, i) + (N1361, F1, i)(N741,1,i) + (N1021, F1, i)}
{(N2224->N1750, F1, i) + (N2186, F1, i) + (N492, F1, i) + (N1780, F1, i)(N873,1,i) + (N826, F1, i)(N397,1,i)}
{(N2224->N1750, F1, i) + (N2186, F1, i) + (N492, F1, i) + (N1780, F1, i)(N873,1,i) + (N3492->N1021, F0, i)}
{(N2224->N1750, F1, i) + (N2186, F1, i) + (N492, F1, i) + (N1780, F1, i)(N873,1,i) + (N1021, F1, i)}
{(N2224->N1750, F1, i) + (N2186, F1, i) + (N492, F1, i) + (N3764->N2312, F0, i) + (N826, F1, i)(N397,1,i)}
{(N2224->N1750, F1, i) + (N2186, F1, i) + (N492, F1, i) + (N3764->N2312, F0, i) + (N3492->N1021, F0, i)}
{(N2224->N1750, F1, i) + (N2186, F1, i) + (N492, F1, i) + (N3764->N2312, F0, i) + (N1021, F1, i)}
{(N2224->N1750, F1, i) + (N2186, F1, i) + (N492, F1, i) + (N2312, F1, i) + (N826, F1, i)(N397,1,i)}
{(N2224->N1750, F1, i) + (N2186, F1, i) + (N492, F1, i) + (N2312, F1, i) + (N3492->N1021, F0, i)}
{(N2224->N1750, F1, i) + (N2186, F1, i) + (N492, F1, i) + (N2312, F1, i) + (N1021, F1, i)}
{(N2224->N1750, F1, i) + (N2186, F1, i) + (N492, F1, i) + (N88->N1713, F0, i) + (N826, F1, i)(N397,1,i)}
{(N2224->N1750, F1, i) + (N2186, F1, i) + (N492, F1, i) + (N88->N1713, F0, i) + (N3492->N1021, F0, i)}
{(N2224->N1750, F1, i) + (N2186, F1, i) + (N492, F1, i) + (N88->N1713, F0, i) + (N1021, F1, i)}
{(N2224->N1750, F1, i) + (N2186, F1, i) + (N492, F1, i) + (N1713, F1, i) + (N826, F1, i)(N397,1,i)}
{(N2224->N1750, F1, i) + (N2186, F1, i) + (N492, F1, i) + (N1713, F1, i) + (N3492->N1021, F0, i)}
{(N2224->N1750, F1, i) + (N2186, F1, i) + (N492, F1, i) + (N1713, F1, i) + (N1021, F1, i)}
{(N2224->N1750, F1, i) + (N3539, F1, i) + (N3572, F1, i)(N2691,1,i) + (N1361, F1, i)(N741,1,i) + (N826, F1, i)(N397,1,i)}
{(N2224->N1750, F1, i) + (N3539, F1, i) + (N3572, F1, i)(N2691,1,i) + (N1361, F1, i)(N741,1,i) + (N3492->N1021, F0, i)}
{(N2224->N1750, F1, i) + (N3539, F1, i) + (N3572, F1, i)(N2691,1,i) + (N1361, F1, i)(N741,1,i) + (N1021, F1, i)}
{(N2224->N1750, F1, i) + (N3539, F1, i) + (N3572, F1, i)(N2691,1,i) + (N1780, F1, i)(N873,1,i) + (N826, F1, i)(N397,1,i)}
{(N2224->N1750, F1, i) + (N3539, F1, i) + (N3572, F1, i)(N2691,1,i) + (N1780, F1, i)(N873,1,i) + (N3492->N1021, F0, i)}
{(N2224->N1750, F1, i) + (N3539, F1, i) + (N3572, F1, i)(N2691,1,i) + (N1780, F1, i)(N873,1,i) + (N1021, F1, i)}
{(N2224->N1750, F1, i) + (N3539, F1, i) + (N3572, F1, i)(N2691,1,i) + (N3764->N2312, F0, i) + (N826, F1, i)(N397,1,i)}
{(N2224->N1750, F1, i) + (N3539, F1, i) + (N3572, F1, i)(N2691,1,i) + (N3764->N2312, F0, i) + (N3492->N1021, F0, i)}
{(N2224->N1750, F1, i) + (N3539, F1, i) + (N3572, F1, i)(N2691,1,i) + (N3764->N2312, F0, i) + (N1021, F1, i)}
{(N2224->N1750, F1, i) + (N3539, F1, i) + (N3572, F1, i)(N2691,1,i) + (N2312, F1, i) + (N826, F1, i)(N397,1,i)}
{(N2224->N1750, F1, i) + (N3539, F1, i) + (N3572, F1, i)(N2691,1,i) + (N2312, F1, i) + (N3492->N1021, F0, i)}
{(N2224->N1750, F1, i) + (N3539, F1, i) + (N3572, F1, i)(N2691,1,i) + (N2312, F1, i) + (N1021, F1, i)}
{(N2224->N1750, F1, i) + (N3539, F1, i) + (N3572, F1, i)(N2691,1,i) + (N88->N1713, F0, i) + (N826, F1, i)(N397,1,i)}
{(N2224->N1750, F1, i) + (N3539, F1, i) + (N3572, F1, i)(N2691,1,i) + (N88->N1713, F0, i) + (N3492->N1021, F0, i)}
{(N2224->N1750, F1, i) + (N3539, F1, i) + (N3572, F1, i)(N2691,1,i) + (N88->N1713, F0, i) + (N1021, F1, i)}
{(N2224->N1750, F1, i) + (N3539, F1, i) + (N3572, F1, i)(N2691,1,i) + (N1713, F1, i) + (N826, F1, i)(N397,1,i)}
{(N2224->N1750, F1, i) + (N3539, F1, i) + (N3572, F1, i)(N2691,1,i) + (N1713, F1, i) + (N3492->N1021, F0, i)}
{(N2224->N1750, F1, i) + (N3539, F1, i) + (N3572, F1, i)(N2691,1,i) + (N1713, F1, i) + (N1021, F1, i)}
{(N2224->N1750, F1, i) + (N3539, F1, i) + (N3751->N492, F0, i) + (N1361, F1, i)(N741,1,i) + (N826, F1, i)(N397,1,i)}
{(N2224->N1750, F1, i) + (N3539, F1, i) + (N3751->N492, F0, i) + (N1361, F1, i)(N741,1,i) + (N3492->N1021, F0, i)}
{(N2224->N1750, F1, i) + (N3539, F1, i) + (N3751->N492, F0, i) + (N1361, F1, i)(N741,1,i) + (N1021, F1, i)}
{(N2224->N1750, F1, i) + (N3539, F1, i) + (N3751->N492, F0, i) + (N1780, F1, i)(N873,1,i) + (N826, F1, i)(N397,1,i)}
{(N2224->N1750, F1, i) + (N3539, F1, i) + (N3751->N492, F0, i) + (N1780, F1, i)(N873,1,i) + (N3492->N1021, F0, i)}
{(N2224->N1750, F1, i) + (N3539, F1, i) + (N3751->N492, F0, i) + (N1780, F1, i)(N873,1,i) + (N1021, F1, i)}
{(N2224->N1750, F1, i) + (N3539, F1, i) + (N3751->N492, F0, i) + (N3764->N2312, F0, i) + (N826, F1, i)(N397,1,i)}
{(N2224->N1750, F1, i) + (N3539, F1, i) + (N3751->N492, F0, i) + (N3764->N2312, F0, i) + (N3492->N1021, F0, i)}
{(N2224->N1750, F1, i) + (N3539, F1, i) + (N3751->N492, F0, i) + (N3764->N2312, F0, i) + (N1021, F1, i)}
{(N2224->N1750, F1, i) + (N3539, F1, i) + (N3751->N492, F0, i) + (N2312, F1, i) + (N826, F1, i)(N397,1,i)}
{(N2224->N1750, F1, i) + (N3539, F1, i) + (N3751->N492, F0, i) + (N2312, F1, i) + (N3492->N1021, F0, i)}
{(N2224->N1750, F1, i) + (N3539, F1, i) + (N3751->N492, F0, i) + (N2312, F1, i) + (N1021, F1, i)}
{(N2224->N1750, F1, i) + (N3539, F1, i) + (N3751->N492, F0, i) + (N88->N1713, F0, i) + (N826, F1, i)(N397,1,i)}
{(N2224->N1750, F1, i) + (N3539, F1, i) + (N3751->N492, F0, i) + (N88->N1713, F0, i) + (N3492->N1021, F0, i)}
{(N2224->N1750, F1, i) + (N3539, F1, i) + (N3751->N492, F0, i) + (N88->N1713, F0, i) + (N1021, F1, i)}
{(N2224->N1750, F1, i) + (N3539, F1, i) + (N3751->N492, F0, i) + (N1713, F1, i) + (N826, F1, i)(N397,1,i)}
{(N2224->N1750, F1, i) + (N3539, F1, i) + (N3751->N492, F0, i) + (N1713, F1, i) + (N3492->N1021, F0, i)}
{(N2224->N1750, F1, i) + (N3539, F1, i) + (N3751->N492, F0, i) + (N1713, F1, i) + (N1021, F1, i)}
{(N2224->N1750, F1, i) + (N3539, F1, i) + (N492, F1, i) + (N1361, F1, i)(N741,1,i) + (N826, F1, i)(N397,1,i)}
{(N2224->N1750, F1, i) + (N3539, F1, i) + (N492, F1, i) + (N1361, F1, i)(N741,1,i) + (N3492->N1021, F0, i)}
{(N2224->N1750, F1, i) + (N3539, F1, i) + (N492, F1, i) + (N1361, F1, i)(N741,1,i) + (N1021, F1, i)}
{(N2224->N1750, F1, i) + (N3539, F1, i) + (N492, F1, i) + (N1780, F1, i)(N873,1,i) + (N826, F1, i)(N397,1,i)}
{(N2224->N1750, F1, i) + (N3539, F1, i) + (N492, F1, i) + (N1780, F1, i)(N873,1,i) + (N3492->N1021, F0, i)}
{(N2224->N1750, F1, i) + (N3539, F1, i) + (N492, F1, i) + (N1780, F1, i)(N873,1,i) + (N1021, F1, i)}
{(N2224->N1750, F1, i) + (N3539, F1, i) + (N492, F1, i) + (N3764->N2312, F0, i) + (N826, F1, i)(N397,1,i)}
{(N2224->N1750, F1, i) + (N3539, F1, i) + (N492, F1, i) + (N3764->N2312, F0, i) + (N3492->N1021, F0, i)}
{(N2224->N1750, F1, i) + (N3539, F1, i) + (N492, F1, i) + (N3764->N2312, F0, i) + (N1021, F1, i)}
{(N2224->N1750, F1, i) + (N3539, F1, i) + (N492, F1, i) + (N2312, F1, i) + (N826, F1, i)(N397,1,i)}
{(N2224->N1750, F1, i) + (N3539, F1, i) + (N492, F1, i) + (N2312, F1, i) + (N3492->N1021, F0, i)}
{(N2224->N1750, F1, i) + (N3539, F1, i) + (N492, F1, i) + (N2312, F1, i) + (N1021, F1, i)}
{(N2224->N1750, F1, i) + (N3539, F1, i) + (N492, F1, i) + (N88->N1713, F0, i) + (N826, F1, i)(N397,1,i)}
{(N2224->N1750, F1, i) + (N3539, F1, i) + (N492, F1, i) + (N88->N1713, F0, i) + (N3492->N1021, F0, i)}
{(N2224->N1750, F1, i) + (N3539, F1, i) + (N492, F1, i) + (N88->N1713, F0, i) + (N1021, F1, i)}
{(N2224->N1750, F1, i) + (N3539, F1, i) + (N492, F1, i) + (N1713, F1, i) + (N826, F1, i)(N397,1,i)}
{(N2224->N1750, F1, i) + (N3539, F1, i) + (N492, F1, i) + (N1713, F1, i) + (N3492->N1021, F0, i)}
{(N2224->N1750, F1, i) + (N3539, F1, i) + (N492, F1, i) + (N1713, F1, i) + (N1021, F1, i)}
{(N1750, F1, i)(N1576,1,i) + (N2186, F1, i) + (N3572, F1, i)(N2691,1,i) + (N1361, F1, i)(N741,1,i) + (N826, F1, i)(N397,1,i)}
{(N1750, F1, i)(N1576,1,i) + (N2186, F1, i) + (N3572, F1, i)(N2691,1,i) + (N1361, F1, i)(N741,1,i) + (N3492->N1021, F0, i)}
{(N1750, F1, i)(N1576,1,i) + (N2186, F1, i) + (N3572, F1, i)(N2691,1,i) + (N1361, F1, i)(N741,1,i) + (N1021, F1, i)}
{(N1750, F1, i)(N1576,1,i) + (N2186, F1, i) + (N3572, F1, i)(N2691,1,i) + (N1780, F1, i)(N873,1,i) + (N826, F1, i)(N397,1,i)}
{(N1750, F1, i)(N1576,1,i) + (N2186, F1, i) + (N3572, F1, i)(N2691,1,i) + (N1780, F1, i)(N873,1,i) + (N3492->N1021, F0, i)}
{(N1750, F1, i)(N1576,1,i) + (N2186, F1, i) + (N3572, F1, i)(N2691,1,i) + (N1780, F1, i)(N873,1,i) + (N1021, F1, i)}
{(N1750, F1, i)(N1576,1,i) + (N2186, F1, i) + (N3572, F1, i)(N2691,1,i) + (N3764->N2312, F0, i) + (N826, F1, i)(N397,1,i)}
{(N1750, F1, i)(N1576,1,i) + (N2186, F1, i) + (N3572, F1, i)(N2691,1,i) + (N3764->N2312, F0, i) + (N3492->N1021, F0, i)}
{(N1750, F1, i)(N1576,1,i) + (N2186, F1, i) + (N3572, F1, i)(N2691,1,i) + (N3764->N2312, F0, i) + (N1021, F1, i)}
{(N1750, F1, i)(N1576,1,i) + (N2186, F1, i) + (N3572, F1, i)(N2691,1,i) + (N2312, F1, i) + (N826, F1, i)(N397,1,i)}
{(N1750, F1, i)(N1576,1,i) + (N2186, F1, i) + (N3572, F1, i)(N2691,1,i) + (N2312, F1, i) + (N3492->N1021, F0, i)}
{(N1750, F1, i)(N1576,1,i) + (N2186, F1, i) + (N3572, F1, i)(N2691,1,i) + (N2312, F1, i) + (N1021, F1, i)}
{(N1750, F1, i)(N1576,1,i) + (N2186, F1, i) + (N3572, F1, i)(N2691,1,i) + (N88->N1713, F0, i) + (N826, F1, i)(N397,1,i)}
{(N1750, F1, i)(N1576,1,i) + (N2186, F1, i) + (N3572, F1, i)(N2691,1,i) + (N88->N1713, F0, i) + (N3492->N1021, F0, i)}
{(N1750, F1, i)(N1576,1,i) + (N2186, F1, i) + (N3572, F1, i)(N2691,1,i) + (N88->N1713, F0, i) + (N1021, F1, i)}
{(N1750, F1, i)(N1576,1,i) + (N2186, F1, i) + (N3572, F1, i)(N2691,1,i) + (N1713, F1, i) + (N826, F1, i)(N397,1,i)}
{(N1750, F1, i)(N1576,1,i) + (N2186, F1, i) + (N3572, F1, i)(N2691,1,i) + (N1713, F1, i) + (N3492->N1021, F0, i)}
{(N1750, F1, i)(N1576,1,i) + (N2186, F1, i) + (N3572, F1, i)(N2691,1,i) + (N1713, F1, i) + (N1021, F1, i)}
{(N1750, F1, i)(N1576,1,i) + (N2186, F1, i) + (N3751->N492, F0, i) + (N1361, F1, i)(N741,1,i) + (N826, F1, i)(N397,1,i)}
{(N1750, F1, i)(N1576,1,i) + (N2186, F1, i) + (N3751->N492, F0, i) + (N1361, F1, i)(N741,1,i) + (N3492->N1021, F0, i)}
{(N1750, F1, i)(N1576,1,i) + (N2186, F1, i) + (N3751->N492, F0, i) + (N1361, F1, i)(N741,1,i) + (N1021, F1, i)}
{(N1750, F1, i)(N1576,1,i) + (N2186, F1, i) + (N3751->N492, F0, i) + (N1780, F1, i)(N873,1,i) + (N826, F1, i)(N397,1,i)}
{(N1750, F1, i)(N1576,1,i) + (N2186, F1, i) + (N3751->N492, F0, i) + (N1780, F1, i)(N873,1,i) + (N3492->N1021, F0, i)}
{(N1750, F1, i)(N1576,1,i) + (N2186, F1, i) + (N3751->N492, F0, i) + (N1780, F1, i)(N873,1,i) + (N1021, F1, i)}
{(N1750, F1, i)(N1576,1,i) + (N2186, F1, i) + (N3751->N492, F0, i) + (N3764->N2312, F0, i) + (N826, F1, i)(N397,1,i)}
{(N1750, F1, i)(N1576,1,i) + (N2186, F1, i) + (N3751->N492, F0, i) + (N3764->N2312, F0, i) + (N3492->N1021, F0, i)}
{(N1750, F1, i)(N1576,1,i) + (N2186, F1, i) + (N3751->N492, F0, i) + (N3764->N2312, F0, i) + (N1021, F1, i)}
{(N1750, F1, i)(N1576,1,i) + (N2186, F1, i) + (N3751->N492, F0, i) + (N2312, F1, i) + (N826, F1, i)(N397,1,i)}
{(N1750, F1, i)(N1576,1,i) + (N2186, F1, i) + (N3751->N492, F0, i) + (N2312, F1, i) + (N3492->N1021, F0, i)}
{(N1750, F1, i)(N1576,1,i) + (N2186, F1, i) + (N3751->N492, F0, i) + (N2312, F1, i) + (N1021, F1, i)}
{(N1750, F1, i)(N1576,1,i) + (N2186, F1, i) + (N3751->N492, F0, i) + (N88->N1713, F0, i) + (N826, F1, i)(N397,1,i)}
{(N1750, F1, i)(N1576,1,i) + (N2186, F1, i) + (N3751->N492, F0, i) + (N88->N1713, F0, i) + (N3492->N1021, F0, i)}
{(N1750, F1, i)(N1576,1,i) + (N2186, F1, i) + (N3751->N492, F0, i) + (N88->N1713, F0, i) + (N1021, F1, i)}
{(N1750, F1, i)(N1576,1,i) + (N2186, F1, i) + (N3751->N492, F0, i) + (N1713, F1, i) + (N826, F1, i)(N397,1,i)}
{(N1750, F1, i)(N1576,1,i) + (N2186, F1, i) + (N3751->N492, F0, i) + (N1713, F1, i) + (N3492->N1021, F0, i)}
{(N1750, F1, i)(N1576,1,i) + (N2186, F1, i) + (N3751->N492, F0, i) + (N1713, F1, i) + (N1021, F1, i)}
{(N1750, F1, i)(N1576,1,i) + (N2186, F1, i) + (N492, F1, i) + (N1361, F1, i)(N741,1,i) + (N826, F1, i)(N397,1,i)}
{(N1750, F1, i)(N1576,1,i) + (N2186, F1, i) + (N492, F1, i) + (N1361, F1, i)(N741,1,i) + (N3492->N1021, F0, i)}
{(N1750, F1, i)(N1576,1,i) + (N2186, F1, i) + (N492, F1, i) + (N1361, F1, i)(N741,1,i) + (N1021, F1, i)}
{(N1750, F1, i)(N1576,1,i) + (N2186, F1, i) + (N492, F1, i) + (N1780, F1, i)(N873,1,i) + (N826, F1, i)(N397,1,i)}
{(N1750, F1, i)(N1576,1,i) + (N2186, F1, i) + (N492, F1, i) + (N1780, F1, i)(N873,1,i) + (N3492->N1021, F0, i)}
{(N1750, F1, i)(N1576,1,i) + (N2186, F1, i) + (N492, F1, i) + (N1780, F1, i)(N873,1,i) + (N1021, F1, i)}
{(N1750, F1, i)(N1576,1,i) + (N2186, F1, i) + (N492, F1, i) + (N3764->N2312, F0, i) + (N826, F1, i)(N397,1,i)}
{(N1750, F1, i)(N1576,1,i) + (N2186, F1, i) + (N492, F1, i) + (N3764->N2312, F0, i) + (N3492->N1021, F0, i)}
{(N1750, F1, i)(N1576,1,i) + (N2186, F1, i) + (N492, F1, i) + (N3764->N2312, F0, i) + (N1021, F1, i)}
{(N1750, F1, i)(N1576,1,i) + (N2186, F1, i) + (N492, F1, i) + (N2312, F1, i) + (N826, F1, i)(N397,1,i)}
{(N1750, F1, i)(N1576,1,i) + (N2186, F1, i) + (N492, F1, i) + (N2312, F1, i) + (N3492->N1021, F0, i)}
{(N1750, F1, i)(N1576,1,i) + (N2186, F1, i) + (N492, F1, i) + (N2312, F1, i) + (N1021, F1, i)}
{(N1750, F1, i)(N1576,1,i) + (N2186, F1, i) + (N492, F1, i) + (N88->N1713, F0, i) + (N826, F1, i)(N397,1,i)}
{(N1750, F1, i)(N1576,1,i) + (N2186, F1, i) + (N492, F1, i) + (N88->N1713, F0, i) + (N3492->N1021, F0, i)}
{(N1750, F1, i)(N1576,1,i) + (N2186, F1, i) + (N492, F1, i) + (N88->N1713, F0, i) + (N1021, F1, i)}
{(N1750, F1, i)(N1576,1,i) + (N2186, F1, i) + (N492, F1, i) + (N1713, F1, i) + (N826, F1, i)(N397,1,i)}
{(N1750, F1, i)(N1576,1,i) + (N2186, F1, i) + (N492, F1, i) + (N1713, F1, i) + (N3492->N1021, F0, i)}
{(N1750, F1, i)(N1576,1,i) + (N2186, F1, i) + (N492, F1, i) + (N1713, F1, i) + (N1021, F1, i)}
{(N1750, F1, i)(N1576,1,i) + (N3539, F1, i) + (N3572, F1, i)(N2691,1,i) + (N1361, F1, i)(N741,1,i) + (N826, F1, i)(N397,1,i)}
{(N1750, F1, i)(N1576,1,i) + (N3539, F1, i) + (N3572, F1, i)(N2691,1,i) + (N1361, F1, i)(N741,1,i) + (N3492->N1021, F0, i)}
{(N1750, F1, i)(N1576,1,i) + (N3539, F1, i) + (N3572, F1, i)(N2691,1,i) + (N1361, F1, i)(N741,1,i) + (N1021, F1, i)}
{(N1750, F1, i)(N1576,1,i) + (N3539, F1, i) + (N3572, F1, i)(N2691,1,i) + (N1780, F1, i)(N873,1,i) + (N826, F1, i)(N397,1,i)}
{(N1750, F1, i)(N1576,1,i) + (N3539, F1, i) + (N3572, F1, i)(N2691,1,i) + (N1780, F1, i)(N873,1,i) + (N3492->N1021, F0, i)}
{(N1750, F1, i)(N1576,1,i) + (N3539, F1, i) + (N3572, F1, i)(N2691,1,i) + (N1780, F1, i)(N873,1,i) + (N1021, F1, i)}
{(N1750, F1, i)(N1576,1,i) + (N3539, F1, i) + (N3572, F1, i)(N2691,1,i) + (N3764->N2312, F0, i) + (N826, F1, i)(N397,1,i)}
{(N1750, F1, i)(N1576,1,i) + (N3539, F1, i) + (N3572, F1, i)(N2691,1,i) + (N3764->N2312, F0, i) + (N3492->N1021, F0, i)}
{(N1750, F1, i)(N1576,1,i) + (N3539, F1, i) + (N3572, F1, i)(N2691,1,i) + (N3764->N2312, F0, i) + (N1021, F1, i)}
{(N1750, F1, i)(N1576,1,i) + (N3539, F1, i) + (N3572, F1, i)(N2691,1,i) + (N2312, F1, i) + (N826, F1, i)(N397,1,i)}
{(N1750, F1, i)(N1576,1,i) + (N3539, F1, i) + (N3572, F1, i)(N2691,1,i) + (N2312, F1, i) + (N3492->N1021, F0, i)}
{(N1750, F1, i)(N1576,1,i) + (N3539, F1, i) + (N3572, F1, i)(N2691,1,i) + (N2312, F1, i) + (N1021, F1, i)}
{(N1750, F1, i)(N1576,1,i) + (N3539, F1, i) + (N3572, F1, i)(N2691,1,i) + (N88->N1713, F0, i) + (N826, F1, i)(N397,1,i)}
{(N1750, F1, i)(N1576,1,i) + (N3539, F1, i) + (N3572, F1, i)(N2691,1,i) + (N88->N1713, F0, i) + (N3492->N1021, F0, i)}
{(N1750, F1, i)(N1576,1,i) + (N3539, F1, i) + (N3572, F1, i)(N2691,1,i) + (N88->N1713, F0, i) + (N1021, F1, i)}
{(N1750, F1, i)(N1576,1,i) + (N3539, F1, i) + (N3572, F1, i)(N2691,1,i) + (N1713, F1, i) + (N826, F1, i)(N397,1,i)}
{(N1750, F1, i)(N1576,1,i) + (N3539, F1, i) + (N3572, F1, i)(N2691,1,i) + (N1713, F1, i) + (N3492->N1021, F0, i)}
{(N1750, F1, i)(N1576,1,i) + (N3539, F1, i) + (N3572, F1, i)(N2691,1,i) + (N1713, F1, i) + (N1021, F1, i)}
{(N1750, F1, i)(N1576,1,i) + (N3539, F1, i) + (N3751->N492, F0, i) + (N1361, F1, i)(N741,1,i) + (N826, F1, i)(N397,1,i)}
{(N1750, F1, i)(N1576,1,i) + (N3539, F1, i) + (N3751->N492, F0, i) + (N1361, F1, i)(N741,1,i) + (N3492->N1021, F0, i)}
{(N1750, F1, i)(N1576,1,i) + (N3539, F1, i) + (N3751->N492, F0, i) + (N1361, F1, i)(N741,1,i) + (N1021, F1, i)}
{(N1750, F1, i)(N1576,1,i) + (N3539, F1, i) + (N3751->N492, F0, i) + (N1780, F1, i)(N873,1,i) + (N826, F1, i)(N397,1,i)}
{(N1750, F1, i)(N1576,1,i) + (N3539, F1, i) + (N3751->N492, F0, i) + (N1780, F1, i)(N873,1,i) + (N3492->N1021, F0, i)}
{(N1750, F1, i)(N1576,1,i) + (N3539, F1, i) + (N3751->N492, F0, i) + (N1780, F1, i)(N873,1,i) + (N1021, F1, i)}
{(N1750, F1, i)(N1576,1,i) + (N3539, F1, i) + (N3751->N492, F0, i) + (N3764->N2312, F0, i) + (N826, F1, i)(N397,1,i)}
{(N1750, F1, i)(N1576,1,i) + (N3539, F1, i) + (N3751->N492, F0, i) + (N3764->N2312, F0, i) + (N3492->N1021, F0, i)}
{(N1750, F1, i)(N1576,1,i) + (N3539, F1, i) + (N3751->N492, F0, i) + (N3764->N2312, F0, i) + (N1021, F1, i)}
{(N1750, F1, i)(N1576,1,i) + (N3539, F1, i) + (N3751->N492, F0, i) + (N2312, F1, i) + (N826, F1, i)(N397,1,i)}
{(N1750, F1, i)(N1576,1,i) + (N3539, F1, i) + (N3751->N492, F0, i) + (N2312, F1, i) + (N3492->N1021, F0, i)}
{(N1750, F1, i)(N1576,1,i) + (N3539, F1, i) + (N3751->N492, F0, i) + (N2312, F1, i) + (N1021, F1, i)}
{(N1750, F1, i)(N1576,1,i) + (N3539, F1, i) + (N3751->N492, F0, i) + (N88->N1713, F0, i) + (N826, F1, i)(N397,1,i)}
{(N1750, F1, i)(N1576,1,i) + (N3539, F1, i) + (N3751->N492, F0, i) + (N88->N1713, F0, i) + (N3492->N1021, F0, i)}
{(N1750, F1, i)(N1576,1,i) + (N3539, F1, i) + (N3751->N492, F0, i) + (N88->N1713, F0, i) + (N1021, F1, i)}
{(N1750, F1, i)(N1576,1,i) + (N3539, F1, i) + (N3751->N492, F0, i) + (N1713, F1, i) + (N826, F1, i)(N397,1,i)}
{(N1750, F1, i)(N1576,1,i) + (N3539, F1, i) + (N3751->N492, F0, i) + (N1713, F1, i) + (N3492->N1021, F0, i)}
{(N1750, F1, i)(N1576,1,i) + (N3539, F1, i) + (N3751->N492, F0, i) + (N1713, F1, i) + (N1021, F1, i)}
{(N1750, F1, i)(N1576,1,i) + (N3539, F1, i) + (N492, F1, i) + (N1361, F1, i)(N741,1,i) + (N826, F1, i)(N397,1,i)}
{(N1750, F1, i)(N1576,1,i) + (N3539, F1, i) + (N492, F1, i) + (N1361, F1, i)(N741,1,i) + (N3492->N1021, F0, i)}
{(N1750, F1, i)(N1576,1,i) + (N3539, F1, i) + (N492, F1, i) + (N1361, F1, i)(N741,1,i) + (N1021, F1, i)}
{(N1750, F1, i)(N1576,1,i) + (N3539, F1, i) + (N492, F1, i) + (N1780, F1, i)(N873,1,i) + (N826, F1, i)(N397,1,i)}
{(N1750, F1, i)(N1576,1,i) + (N3539, F1, i) + (N492, F1, i) + (N1780, F1, i)(N873,1,i) + (N3492->N1021, F0, i)}
{(N1750, F1, i)(N1576,1,i) + (N3539, F1, i) + (N492, F1, i) + (N1780, F1, i)(N873,1,i) + (N1021, F1, i)}
{(N1750, F1, i)(N1576,1,i) + (N3539, F1, i) + (N492, F1, i) + (N3764->N2312, F0, i) + (N826, F1, i)(N397,1,i)}
{(N1750, F1, i)(N1576,1,i) + (N3539, F1, i) + (N492, F1, i) + (N3764->N2312, F0, i) + (N3492->N1021, F0, i)}
{(N1750, F1, i)(N1576,1,i) + (N3539, F1, i) + (N492, F1, i) + (N3764->N2312, F0, i) + (N1021, F1, i)}
{(N1750, F1, i)(N1576,1,i) + (N3539, F1, i) + (N492, F1, i) + (N2312, F1, i) + (N826, F1, i)(N397,1,i)}
{(N1750, F1, i)(N1576,1,i) + (N3539, F1, i) + (N492, F1, i) + (N2312, F1, i) + (N3492->N1021, F0, i)}
{(N1750, F1, i)(N1576,1,i) + (N3539, F1, i) + (N492, F1, i) + (N2312, F1, i) + (N1021, F1, i)}
{(N1750, F1, i)(N1576,1,i) + (N3539, F1, i) + (N492, F1, i) + (N88->N1713, F0, i) + (N826, F1, i)(N397,1,i)}
{(N1750, F1, i)(N1576,1,i) + (N3539, F1, i) + (N492, F1, i) + (N88->N1713, F0, i) + (N3492->N1021, F0, i)}
{(N1750, F1, i)(N1576,1,i) + (N3539, F1, i) + (N492, F1, i) + (N88->N1713, F0, i) + (N1021, F1, i)}
{(N1750, F1, i)(N1576,1,i) + (N3539, F1, i) + (N492, F1, i) + (N1713, F1, i) + (N826, F1, i)(N397,1,i)}
{(N1750, F1, i)(N1576,1,i) + (N3539, F1, i) + (N492, F1, i) + (N1713, F1, i) + (N3492->N1021, F0, i)}
{(N1750, F1, i)(N1576,1,i) + (N3539, F1, i) + (N492, F1, i) + (N1713, F1, i) + (N1021, F1, i)}
{(N2639->N3557, F1, i) + (N2186, F1, i) + (N3572, F1, i)(N2691,1,i) + (N1361, F1, i)(N741,1,i) + (N826, F1, i)(N397,1,i)}
{(N2639->N3557, F1, i) + (N2186, F1, i) + (N3572, F1, i)(N2691,1,i) + (N1361, F1, i)(N741,1,i) + (N3492->N1021, F0, i)}
{(N2639->N3557, F1, i) + (N2186, F1, i) + (N3572, F1, i)(N2691,1,i) + (N1361, F1, i)(N741,1,i) + (N1021, F1, i)}
{(N2639->N3557, F1, i) + (N2186, F1, i) + (N3572, F1, i)(N2691,1,i) + (N1780, F1, i)(N873,1,i) + (N826, F1, i)(N397,1,i)}
{(N2639->N3557, F1, i) + (N2186, F1, i) + (N3572, F1, i)(N2691,1,i) + (N1780, F1, i)(N873,1,i) + (N3492->N1021, F0, i)}
{(N2639->N3557, F1, i) + (N2186, F1, i) + (N3572, F1, i)(N2691,1,i) + (N1780, F1, i)(N873,1,i) + (N1021, F1, i)}
{(N2639->N3557, F1, i) + (N2186, F1, i) + (N3572, F1, i)(N2691,1,i) + (N3764->N2312, F0, i) + (N826, F1, i)(N397,1,i)}
{(N2639->N3557, F1, i) + (N2186, F1, i) + (N3572, F1, i)(N2691,1,i) + (N3764->N2312, F0, i) + (N3492->N1021, F0, i)}
{(N2639->N3557, F1, i) + (N2186, F1, i) + (N3572, F1, i)(N2691,1,i) + (N3764->N2312, F0, i) + (N1021, F1, i)}
{(N2639->N3557, F1, i) + (N2186, F1, i) + (N3572, F1, i)(N2691,1,i) + (N2312, F1, i) + (N826, F1, i)(N397,1,i)}
{(N2639->N3557, F1, i) + (N2186, F1, i) + (N3572, F1, i)(N2691,1,i) + (N2312, F1, i) + (N3492->N1021, F0, i)}
{(N2639->N3557, F1, i) + (N2186, F1, i) + (N3572, F1, i)(N2691,1,i) + (N2312, F1, i) + (N1021, F1, i)}
{(N2639->N3557, F1, i) + (N2186, F1, i) + (N3572, F1, i)(N2691,1,i) + (N88->N1713, F0, i) + (N826, F1, i)(N397,1,i)}
{(N2639->N3557, F1, i) + (N2186, F1, i) + (N3572, F1, i)(N2691,1,i) + (N88->N1713, F0, i) + (N3492->N1021, F0, i)}
{(N2639->N3557, F1, i) + (N2186, F1, i) + (N3572, F1, i)(N2691,1,i) + (N88->N1713, F0, i) + (N1021, F1, i)}
{(N2639->N3557, F1, i) + (N2186, F1, i) + (N3572, F1, i)(N2691,1,i) + (N1713, F1, i) + (N826, F1, i)(N397,1,i)}
{(N2639->N3557, F1, i) + (N2186, F1, i) + (N3572, F1, i)(N2691,1,i) + (N1713, F1, i) + (N3492->N1021, F0, i)}
{(N2639->N3557, F1, i) + (N2186, F1, i) + (N3572, F1, i)(N2691,1,i) + (N1713, F1, i) + (N1021, F1, i)}
{(N2639->N3557, F1, i) + (N2186, F1, i) + (N3751->N492, F0, i) + (N1361, F1, i)(N741,1,i) + (N826, F1, i)(N397,1,i)}
{(N2639->N3557, F1, i) + (N2186, F1, i) + (N3751->N492, F0, i) + (N1361, F1, i)(N741,1,i) + (N3492->N1021, F0, i)}
{(N2639->N3557, F1, i) + (N2186, F1, i) + (N3751->N492, F0, i) + (N1361, F1, i)(N741,1,i) + (N1021, F1, i)}
{(N2639->N3557, F1, i) + (N2186, F1, i) + (N3751->N492, F0, i) + (N1780, F1, i)(N873,1,i) + (N826, F1, i)(N397,1,i)}
{(N2639->N3557, F1, i) + (N2186, F1, i) + (N3751->N492, F0, i) + (N1780, F1, i)(N873,1,i) + (N3492->N1021, F0, i)}
{(N2639->N3557, F1, i) + (N2186, F1, i) + (N3751->N492, F0, i) + (N1780, F1, i)(N873,1,i) + (N1021, F1, i)}
{(N2639->N3557, F1, i) + (N2186, F1, i) + (N3751->N492, F0, i) + (N3764->N2312, F0, i) + (N826, F1, i)(N397,1,i)}
{(N2639->N3557, F1, i) + (N2186, F1, i) + (N3751->N492, F0, i) + (N3764->N2312, F0, i) + (N3492->N1021, F0, i)}
{(N2639->N3557, F1, i) + (N2186, F1, i) + (N3751->N492, F0, i) + (N3764->N2312, F0, i) + (N1021, F1, i)}
{(N2639->N3557, F1, i) + (N2186, F1, i) + (N3751->N492, F0, i) + (N2312, F1, i) + (N826, F1, i)(N397,1,i)}
{(N2639->N3557, F1, i) + (N2186, F1, i) + (N3751->N492, F0, i) + (N2312, F1, i) + (N3492->N1021, F0, i)}
{(N2639->N3557, F1, i) + (N2186, F1, i) + (N3751->N492, F0, i) + (N2312, F1, i) + (N1021, F1, i)}
{(N2639->N3557, F1, i) + (N2186, F1, i) + (N3751->N492, F0, i) + (N88->N1713, F0, i) + (N826, F1, i)(N397,1,i)}
{(N2639->N3557, F1, i) + (N2186, F1, i) + (N3751->N492, F0, i) + (N88->N1713, F0, i) + (N3492->N1021, F0, i)}
{(N2639->N3557, F1, i) + (N2186, F1, i) + (N3751->N492, F0, i) + (N88->N1713, F0, i) + (N1021, F1, i)}
{(N2639->N3557, F1, i) + (N2186, F1, i) + (N3751->N492, F0, i) + (N1713, F1, i) + (N826, F1, i)(N397,1,i)}
{(N2639->N3557, F1, i) + (N2186, F1, i) + (N3751->N492, F0, i) + (N1713, F1, i) + (N3492->N1021, F0, i)}
{(N2639->N3557, F1, i) + (N2186, F1, i) + (N3751->N492, F0, i) + (N1713, F1, i) + (N1021, F1, i)}
{(N2639->N3557, F1, i) + (N2186, F1, i) + (N492, F1, i) + (N1361, F1, i)(N741,1,i) + (N826, F1, i)(N397,1,i)}
{(N2639->N3557, F1, i) + (N2186, F1, i) + (N492, F1, i) + (N1361, F1, i)(N741,1,i) + (N3492->N1021, F0, i)}
{(N2639->N3557, F1, i) + (N2186, F1, i) + (N492, F1, i) + (N1361, F1, i)(N741,1,i) + (N1021, F1, i)}
{(N2639->N3557, F1, i) + (N2186, F1, i) + (N492, F1, i) + (N1780, F1, i)(N873,1,i) + (N826, F1, i)(N397,1,i)}
{(N2639->N3557, F1, i) + (N2186, F1, i) + (N492, F1, i) + (N1780, F1, i)(N873,1,i) + (N3492->N1021, F0, i)}
{(N2639->N3557, F1, i) + (N2186, F1, i) + (N492, F1, i) + (N1780, F1, i)(N873,1,i) + (N1021, F1, i)}
{(N2639->N3557, F1, i) + (N2186, F1, i) + (N492, F1, i) + (N3764->N2312, F0, i) + (N826, F1, i)(N397,1,i)}
{(N2639->N3557, F1, i) + (N2186, F1, i) + (N492, F1, i) + (N3764->N2312, F0, i) + (N3492->N1021, F0, i)}
{(N2639->N3557, F1, i) + (N2186, F1, i) + (N492, F1, i) + (N3764->N2312, F0, i) + (N1021, F1, i)}
{(N2639->N3557, F1, i) + (N2186, F1, i) + (N492, F1, i) + (N2312, F1, i) + (N826, F1, i)(N397,1,i)}
{(N2639->N3557, F1, i) + (N2186, F1, i) + (N492, F1, i) + (N2312, F1, i) + (N3492->N1021, F0, i)}
{(N2639->N3557, F1, i) + (N2186, F1, i) + (N492, F1, i) + (N2312, F1, i) + (N1021, F1, i)}
{(N2639->N3557, F1, i) + (N2186, F1, i) + (N492, F1, i) + (N88->N1713, F0, i) + (N826, F1, i)(N397,1,i)}
{(N2639->N3557, F1, i) + (N2186, F1, i) + (N492, F1, i) + (N88->N1713, F0, i) + (N3492->N1021, F0, i)}
{(N2639->N3557, F1, i) + (N2186, F1, i) + (N492, F1, i) + (N88->N1713, F0, i) + (N1021, F1, i)}
{(N2639->N3557, F1, i) + (N2186, F1, i) + (N492, F1, i) + (N1713, F1, i) + (N826, F1, i)(N397,1,i)}
{(N2639->N3557, F1, i) + (N2186, F1, i) + (N492, F1, i) + (N1713, F1, i) + (N3492->N1021, F0, i)}
{(N2639->N3557, F1, i) + (N2186, F1, i) + (N492, F1, i) + (N1713, F1, i) + (N1021, F1, i)}
{(N2639->N3557, F1, i) + (N3539, F1, i) + (N3572, F1, i)(N2691,1,i) + (N1361, F1, i)(N741,1,i) + (N826, F1, i)(N397,1,i)}
{(N2639->N3557, F1, i) + (N3539, F1, i) + (N3572, F1, i)(N2691,1,i) + (N1361, F1, i)(N741,1,i) + (N3492->N1021, F0, i)}
{(N2639->N3557, F1, i) + (N3539, F1, i) + (N3572, F1, i)(N2691,1,i) + (N1361, F1, i)(N741,1,i) + (N1021, F1, i)}
{(N2639->N3557, F1, i) + (N3539, F1, i) + (N3572, F1, i)(N2691,1,i) + (N1780, F1, i)(N873,1,i) + (N826, F1, i)(N397,1,i)}
{(N2639->N3557, F1, i) + (N3539, F1, i) + (N3572, F1, i)(N2691,1,i) + (N1780, F1, i)(N873,1,i) + (N3492->N1021, F0, i)}
{(N2639->N3557, F1, i) + (N3539, F1, i) + (N3572, F1, i)(N2691,1,i) + (N1780, F1, i)(N873,1,i) + (N1021, F1, i)}
{(N2639->N3557, F1, i) + (N3539, F1, i) + (N3572, F1, i)(N2691,1,i) + (N3764->N2312, F0, i) + (N826, F1, i)(N397,1,i)}
{(N2639->N3557, F1, i) + (N3539, F1, i) + (N3572, F1, i)(N2691,1,i) + (N3764->N2312, F0, i) + (N3492->N1021, F0, i)}
{(N2639->N3557, F1, i) + (N3539, F1, i) + (N3572, F1, i)(N2691,1,i) + (N3764->N2312, F0, i) + (N1021, F1, i)}
{(N2639->N3557, F1, i) + (N3539, F1, i) + (N3572, F1, i)(N2691,1,i) + (N2312, F1, i) + (N826, F1, i)(N397,1,i)}
{(N2639->N3557, F1, i) + (N3539, F1, i) + (N3572, F1, i)(N2691,1,i) + (N2312, F1, i) + (N3492->N1021, F0, i)}
{(N2639->N3557, F1, i) + (N3539, F1, i) + (N3572, F1, i)(N2691,1,i) + (N2312, F1, i) + (N1021, F1, i)}
{(N2639->N3557, F1, i) + (N3539, F1, i) + (N3572, F1, i)(N2691,1,i) + (N88->N1713, F0, i) + (N826, F1, i)(N397,1,i)}
{(N2639->N3557, F1, i) + (N3539, F1, i) + (N3572, F1, i)(N2691,1,i) + (N88->N1713, F0, i) + (N3492->N1021, F0, i)}
{(N2639->N3557, F1, i) + (N3539, F1, i) + (N3572, F1, i)(N2691,1,i) + (N88->N1713, F0, i) + (N1021, F1, i)}
{(N2639->N3557, F1, i) + (N3539, F1, i) + (N3572, F1, i)(N2691,1,i) + (N1713, F1, i) + (N826, F1, i)(N397,1,i)}
{(N2639->N3557, F1, i) + (N3539, F1, i) + (N3572, F1, i)(N2691,1,i) + (N1713, F1, i) + (N3492->N1021, F0, i)}
{(N2639->N3557, F1, i) + (N3539, F1, i) + (N3572, F1, i)(N2691,1,i) + (N1713, F1, i) + (N1021, F1, i)}
{(N2639->N3557, F1, i) + (N3539, F1, i) + (N3751->N492, F0, i) + (N1361, F1, i)(N741,1,i) + (N826, F1, i)(N397,1,i)}
{(N2639->N3557, F1, i) + (N3539, F1, i) + (N3751->N492, F0, i) + (N1361, F1, i)(N741,1,i) + (N3492->N1021, F0, i)}
{(N2639->N3557, F1, i) + (N3539, F1, i) + (N3751->N492, F0, i) + (N1361, F1, i)(N741,1,i) + (N1021, F1, i)}
{(N2639->N3557, F1, i) + (N3539, F1, i) + (N3751->N492, F0, i) + (N1780, F1, i)(N873,1,i) + (N826, F1, i)(N397,1,i)}
{(N2639->N3557, F1, i) + (N3539, F1, i) + (N3751->N492, F0, i) + (N1780, F1, i)(N873,1,i) + (N3492->N1021, F0, i)}
{(N2639->N3557, F1, i) + (N3539, F1, i) + (N3751->N492, F0, i) + (N1780, F1, i)(N873,1,i) + (N1021, F1, i)}
{(N2639->N3557, F1, i) + (N3539, F1, i) + (N3751->N492, F0, i) + (N3764->N2312, F0, i) + (N826, F1, i)(N397,1,i)}
{(N2639->N3557, F1, i) + (N3539, F1, i) + (N3751->N492, F0, i) + (N3764->N2312, F0, i) + (N3492->N1021, F0, i)}
{(N2639->N3557, F1, i) + (N3539, F1, i) + (N3751->N492, F0, i) + (N3764->N2312, F0, i) + (N1021, F1, i)}
{(N2639->N3557, F1, i) + (N3539, F1, i) + (N3751->N492, F0, i) + (N2312, F1, i) + (N826, F1, i)(N397,1,i)}
{(N2639->N3557, F1, i) + (N3539, F1, i) + (N3751->N492, F0, i) + (N2312, F1, i) + (N3492->N1021, F0, i)}
{(N2639->N3557, F1, i) + (N3539, F1, i) + (N3751->N492, F0, i) + (N2312, F1, i) + (N1021, F1, i)}
{(N2639->N3557, F1, i) + (N3539, F1, i) + (N3751->N492, F0, i) + (N88->N1713, F0, i) + (N826, F1, i)(N397,1,i)}
{(N2639->N3557, F1, i) + (N3539, F1, i) + (N3751->N492, F0, i) + (N88->N1713, F0, i) + (N3492->N1021, F0, i)}
{(N2639->N3557, F1, i) + (N3539, F1, i) + (N3751->N492, F0, i) + (N88->N1713, F0, i) + (N1021, F1, i)}
{(N2639->N3557, F1, i) + (N3539, F1, i) + (N3751->N492, F0, i) + (N1713, F1, i) + (N826, F1, i)(N397,1,i)}
{(N2639->N3557, F1, i) + (N3539, F1, i) + (N3751->N492, F0, i) + (N1713, F1, i) + (N3492->N1021, F0, i)}
{(N2639->N3557, F1, i) + (N3539, F1, i) + (N3751->N492, F0, i) + (N1713, F1, i) + (N1021, F1, i)}
{(N2639->N3557, F1, i) + (N3539, F1, i) + (N492, F1, i) + (N1361, F1, i)(N741,1,i) + (N826, F1, i)(N397,1,i)}
{(N2639->N3557, F1, i) + (N3539, F1, i) + (N492, F1, i) + (N1361, F1, i)(N741,1,i) + (N3492->N1021, F0, i)}
{(N2639->N3557, F1, i) + (N3539, F1, i) + (N492, F1, i) + (N1361, F1, i)(N741,1,i) + (N1021, F1, i)}
{(N2639->N3557, F1, i) + (N3539, F1, i) + (N492, F1, i) + (N1780, F1, i)(N873,1,i) + (N826, F1, i)(N397,1,i)}
{(N2639->N3557, F1, i) + (N3539, F1, i) + (N492, F1, i) + (N1780, F1, i)(N873,1,i) + (N3492->N1021, F0, i)}
{(N2639->N3557, F1, i) + (N3539, F1, i) + (N492, F1, i) + (N1780, F1, i)(N873,1,i) + (N1021, F1, i)}
{(N2639->N3557, F1, i) + (N3539, F1, i) + (N492, F1, i) + (N3764->N2312, F0, i) + (N826, F1, i)(N397,1,i)}
{(N2639->N3557, F1, i) + (N3539, F1, i) + (N492, F1, i) + (N3764->N2312, F0, i) + (N3492->N1021, F0, i)}
{(N2639->N3557, F1, i) + (N3539, F1, i) + (N492, F1, i) + (N3764->N2312, F0, i) + (N1021, F1, i)}
{(N2639->N3557, F1, i) + (N3539, F1, i) + (N492, F1, i) + (N2312, F1, i) + (N826, F1, i)(N397,1,i)}
{(N2639->N3557, F1, i) + (N3539, F1, i) + (N492, F1, i) + (N2312, F1, i) + (N3492->N1021, F0, i)}
{(N2639->N3557, F1, i) + (N3539, F1, i) + (N492, F1, i) + (N2312, F1, i) + (N1021, F1, i)}
{(N2639->N3557, F1, i) + (N3539, F1, i) + (N492, F1, i) + (N88->N1713, F0, i) + (N826, F1, i)(N397,1,i)}
{(N2639->N3557, F1, i) + (N3539, F1, i) + (N492, F1, i) + (N88->N1713, F0, i) + (N3492->N1021, F0, i)}
{(N2639->N3557, F1, i) + (N3539, F1, i) + (N492, F1, i) + (N88->N1713, F0, i) + (N1021, F1, i)}
{(N2639->N3557, F1, i) + (N3539, F1, i) + (N492, F1, i) + (N1713, F1, i) + (N826, F1, i)(N397,1,i)}
{(N2639->N3557, F1, i) + (N3539, F1, i) + (N492, F1, i) + (N1713, F1, i) + (N3492->N1021, F0, i)}
{(N2639->N3557, F1, i) + (N3539, F1, i) + (N492, F1, i) + (N1713, F1, i) + (N1021, F1, i)}
{(N3557, F1, i)(N2639,0,i) + (N2186, F1, i) + (N3572, F1, i)(N2691,1,i) + (N1361, F1, i)(N741,1,i) + (N826, F1, i)(N397,1,i)}
{(N3557, F1, i)(N2639,0,i) + (N2186, F1, i) + (N3572, F1, i)(N2691,1,i) + (N1361, F1, i)(N741,1,i) + (N3492->N1021, F0, i)}
{(N3557, F1, i)(N2639,0,i) + (N2186, F1, i) + (N3572, F1, i)(N2691,1,i) + (N1361, F1, i)(N741,1,i) + (N1021, F1, i)}
{(N3557, F1, i)(N2639,0,i) + (N2186, F1, i) + (N3572, F1, i)(N2691,1,i) + (N1780, F1, i)(N873,1,i) + (N826, F1, i)(N397,1,i)}
{(N3557, F1, i)(N2639,0,i) + (N2186, F1, i) + (N3572, F1, i)(N2691,1,i) + (N1780, F1, i)(N873,1,i) + (N3492->N1021, F0, i)}
{(N3557, F1, i)(N2639,0,i) + (N2186, F1, i) + (N3572, F1, i)(N2691,1,i) + (N1780, F1, i)(N873,1,i) + (N1021, F1, i)}
{(N3557, F1, i)(N2639,0,i) + (N2186, F1, i) + (N3572, F1, i)(N2691,1,i) + (N3764->N2312, F0, i) + (N826, F1, i)(N397,1,i)}
{(N3557, F1, i)(N2639,0,i) + (N2186, F1, i) + (N3572, F1, i)(N2691,1,i) + (N3764->N2312, F0, i) + (N3492->N1021, F0, i)}
{(N3557, F1, i)(N2639,0,i) + (N2186, F1, i) + (N3572, F1, i)(N2691,1,i) + (N3764->N2312, F0, i) + (N1021, F1, i)}
{(N3557, F1, i)(N2639,0,i) + (N2186, F1, i) + (N3572, F1, i)(N2691,1,i) + (N2312, F1, i) + (N826, F1, i)(N397,1,i)}
{(N3557, F1, i)(N2639,0,i) + (N2186, F1, i) + (N3572, F1, i)(N2691,1,i) + (N2312, F1, i) + (N3492->N1021, F0, i)}
{(N3557, F1, i)(N2639,0,i) + (N2186, F1, i) + (N3572, F1, i)(N2691,1,i) + (N2312, F1, i) + (N1021, F1, i)}
{(N3557, F1, i)(N2639,0,i) + (N2186, F1, i) + (N3572, F1, i)(N2691,1,i) + (N88->N1713, F0, i) + (N826, F1, i)(N397,1,i)}
{(N3557, F1, i)(N2639,0,i) + (N2186, F1, i) + (N3572, F1, i)(N2691,1,i) + (N88->N1713, F0, i) + (N3492->N1021, F0, i)}
{(N3557, F1, i)(N2639,0,i) + (N2186, F1, i) + (N3572, F1, i)(N2691,1,i) + (N88->N1713, F0, i) + (N1021, F1, i)}
{(N3557, F1, i)(N2639,0,i) + (N2186, F1, i) + (N3572, F1, i)(N2691,1,i) + (N1713, F1, i) + (N826, F1, i)(N397,1,i)}
{(N3557, F1, i)(N2639,0,i) + (N2186, F1, i) + (N3572, F1, i)(N2691,1,i) + (N1713, F1, i) + (N3492->N1021, F0, i)}
{(N3557, F1, i)(N2639,0,i) + (N2186, F1, i) + (N3572, F1, i)(N2691,1,i) + (N1713, F1, i) + (N1021, F1, i)}
{(N3557, F1, i)(N2639,0,i) + (N2186, F1, i) + (N3751->N492, F0, i) + (N1361, F1, i)(N741,1,i) + (N826, F1, i)(N397,1,i)}
{(N3557, F1, i)(N2639,0,i) + (N2186, F1, i) + (N3751->N492, F0, i) + (N1361, F1, i)(N741,1,i) + (N3492->N1021, F0, i)}
{(N3557, F1, i)(N2639,0,i) + (N2186, F1, i) + (N3751->N492, F0, i) + (N1361, F1, i)(N741,1,i) + (N1021, F1, i)}
{(N3557, F1, i)(N2639,0,i) + (N2186, F1, i) + (N3751->N492, F0, i) + (N1780, F1, i)(N873,1,i) + (N826, F1, i)(N397,1,i)}
{(N3557, F1, i)(N2639,0,i) + (N2186, F1, i) + (N3751->N492, F0, i) + (N1780, F1, i)(N873,1,i) + (N3492->N1021, F0, i)}
{(N3557, F1, i)(N2639,0,i) + (N2186, F1, i) + (N3751->N492, F0, i) + (N1780, F1, i)(N873,1,i) + (N1021, F1, i)}
{(N3557, F1, i)(N2639,0,i) + (N2186, F1, i) + (N3751->N492, F0, i) + (N3764->N2312, F0, i) + (N826, F1, i)(N397,1,i)}
{(N3557, F1, i)(N2639,0,i) + (N2186, F1, i) + (N3751->N492, F0, i) + (N3764->N2312, F0, i) + (N3492->N1021, F0, i)}
{(N3557, F1, i)(N2639,0,i) + (N2186, F1, i) + (N3751->N492, F0, i) + (N3764->N2312, F0, i) + (N1021, F1, i)}
{(N3557, F1, i)(N2639,0,i) + (N2186, F1, i) + (N3751->N492, F0, i) + (N2312, F1, i) + (N826, F1, i)(N397,1,i)}
{(N3557, F1, i)(N2639,0,i) + (N2186, F1, i) + (N3751->N492, F0, i) + (N2312, F1, i) + (N3492->N1021, F0, i)}
{(N3557, F1, i)(N2639,0,i) + (N2186, F1, i) + (N3751->N492, F0, i) + (N2312, F1, i) + (N1021, F1, i)}
{(N3557, F1, i)(N2639,0,i) + (N2186, F1, i) + (N3751->N492, F0, i) + (N88->N1713, F0, i) + (N826, F1, i)(N397,1,i)}
{(N3557, F1, i)(N2639,0,i) + (N2186, F1, i) + (N3751->N492, F0, i) + (N88->N1713, F0, i) + (N3492->N1021, F0, i)}
{(N3557, F1, i)(N2639,0,i) + (N2186, F1, i) + (N3751->N492, F0, i) + (N88->N1713, F0, i) + (N1021, F1, i)}
{(N3557, F1, i)(N2639,0,i) + (N2186, F1, i) + (N3751->N492, F0, i) + (N1713, F1, i) + (N826, F1, i)(N397,1,i)}
{(N3557, F1, i)(N2639,0,i) + (N2186, F1, i) + (N3751->N492, F0, i) + (N1713, F1, i) + (N3492->N1021, F0, i)}
{(N3557, F1, i)(N2639,0,i) + (N2186, F1, i) + (N3751->N492, F0, i) + (N1713, F1, i) + (N1021, F1, i)}
{(N3557, F1, i)(N2639,0,i) + (N2186, F1, i) + (N492, F1, i) + (N1361, F1, i)(N741,1,i) + (N826, F1, i)(N397,1,i)}
{(N3557, F1, i)(N2639,0,i) + (N2186, F1, i) + (N492, F1, i) + (N1361, F1, i)(N741,1,i) + (N3492->N1021, F0, i)}
{(N3557, F1, i)(N2639,0,i) + (N2186, F1, i) + (N492, F1, i) + (N1361, F1, i)(N741,1,i) + (N1021, F1, i)}
{(N3557, F1, i)(N2639,0,i) + (N2186, F1, i) + (N492, F1, i) + (N1780, F1, i)(N873,1,i) + (N826, F1, i)(N397,1,i)}
{(N3557, F1, i)(N2639,0,i) + (N2186, F1, i) + (N492, F1, i) + (N1780, F1, i)(N873,1,i) + (N3492->N1021, F0, i)}
{(N3557, F1, i)(N2639,0,i) + (N2186, F1, i) + (N492, F1, i) + (N1780, F1, i)(N873,1,i) + (N1021, F1, i)}
{(N3557, F1, i)(N2639,0,i) + (N2186, F1, i) + (N492, F1, i) + (N3764->N2312, F0, i) + (N826, F1, i)(N397,1,i)}
{(N3557, F1, i)(N2639,0,i) + (N2186, F1, i) + (N492, F1, i) + (N3764->N2312, F0, i) + (N3492->N1021, F0, i)}
{(N3557, F1, i)(N2639,0,i) + (N2186, F1, i) + (N492, F1, i) + (N3764->N2312, F0, i) + (N1021, F1, i)}
{(N3557, F1, i)(N2639,0,i) + (N2186, F1, i) + (N492, F1, i) + (N2312, F1, i) + (N826, F1, i)(N397,1,i)}
{(N3557, F1, i)(N2639,0,i) + (N2186, F1, i) + (N492, F1, i) + (N2312, F1, i) + (N3492->N1021, F0, i)}
{(N3557, F1, i)(N2639,0,i) + (N2186, F1, i) + (N492, F1, i) + (N2312, F1, i) + (N1021, F1, i)}
{(N3557, F1, i)(N2639,0,i) + (N2186, F1, i) + (N492, F1, i) + (N88->N1713, F0, i) + (N826, F1, i)(N397,1,i)}
{(N3557, F1, i)(N2639,0,i) + (N2186, F1, i) + (N492, F1, i) + (N88->N1713, F0, i) + (N3492->N1021, F0, i)}
{(N3557, F1, i)(N2639,0,i) + (N2186, F1, i) + (N492, F1, i) + (N88->N1713, F0, i) + (N1021, F1, i)}
{(N3557, F1, i)(N2639,0,i) + (N2186, F1, i) + (N492, F1, i) + (N1713, F1, i) + (N826, F1, i)(N397,1,i)}
{(N3557, F1, i)(N2639,0,i) + (N2186, F1, i) + (N492, F1, i) + (N1713, F1, i) + (N3492->N1021, F0, i)}
{(N3557, F1, i)(N2639,0,i) + (N2186, F1, i) + (N492, F1, i) + (N1713, F1, i) + (N1021, F1, i)}
{(N3557, F1, i)(N2639,0,i) + (N3539, F1, i) + (N3572, F1, i)(N2691,1,i) + (N1361, F1, i)(N741,1,i) + (N826, F1, i)(N397,1,i)}
{(N3557, F1, i)(N2639,0,i) + (N3539, F1, i) + (N3572, F1, i)(N2691,1,i) + (N1361, F1, i)(N741,1,i) + (N3492->N1021, F0, i)}
{(N3557, F1, i)(N2639,0,i) + (N3539, F1, i) + (N3572, F1, i)(N2691,1,i) + (N1361, F1, i)(N741,1,i) + (N1021, F1, i)}
{(N3557, F1, i)(N2639,0,i) + (N3539, F1, i) + (N3572, F1, i)(N2691,1,i) + (N1780, F1, i)(N873,1,i) + (N826, F1, i)(N397,1,i)}
{(N3557, F1, i)(N2639,0,i) + (N3539, F1, i) + (N3572, F1, i)(N2691,1,i) + (N1780, F1, i)(N873,1,i) + (N3492->N1021, F0, i)}
{(N3557, F1, i)(N2639,0,i) + (N3539, F1, i) + (N3572, F1, i)(N2691,1,i) + (N1780, F1, i)(N873,1,i) + (N1021, F1, i)}
{(N3557, F1, i)(N2639,0,i) + (N3539, F1, i) + (N3572, F1, i)(N2691,1,i) + (N3764->N2312, F0, i) + (N826, F1, i)(N397,1,i)}
{(N3557, F1, i)(N2639,0,i) + (N3539, F1, i) + (N3572, F1, i)(N2691,1,i) + (N3764->N2312, F0, i) + (N3492->N1021, F0, i)}
{(N3557, F1, i)(N2639,0,i) + (N3539, F1, i) + (N3572, F1, i)(N2691,1,i) + (N3764->N2312, F0, i) + (N1021, F1, i)}
{(N3557, F1, i)(N2639,0,i) + (N3539, F1, i) + (N3572, F1, i)(N2691,1,i) + (N2312, F1, i) + (N826, F1, i)(N397,1,i)}
{(N3557, F1, i)(N2639,0,i) + (N3539, F1, i) + (N3572, F1, i)(N2691,1,i) + (N2312, F1, i) + (N3492->N1021, F0, i)}
{(N3557, F1, i)(N2639,0,i) + (N3539, F1, i) + (N3572, F1, i)(N2691,1,i) + (N2312, F1, i) + (N1021, F1, i)}
{(N3557, F1, i)(N2639,0,i) + (N3539, F1, i) + (N3572, F1, i)(N2691,1,i) + (N88->N1713, F0, i) + (N826, F1, i)(N397,1,i)}
{(N3557, F1, i)(N2639,0,i) + (N3539, F1, i) + (N3572, F1, i)(N2691,1,i) + (N88->N1713, F0, i) + (N3492->N1021, F0, i)}
{(N3557, F1, i)(N2639,0,i) + (N3539, F1, i) + (N3572, F1, i)(N2691,1,i) + (N88->N1713, F0, i) + (N1021, F1, i)}
{(N3557, F1, i)(N2639,0,i) + (N3539, F1, i) + (N3572, F1, i)(N2691,1,i) + (N1713, F1, i) + (N826, F1, i)(N397,1,i)}
{(N3557, F1, i)(N2639,0,i) + (N3539, F1, i) + (N3572, F1, i)(N2691,1,i) + (N1713, F1, i) + (N3492->N1021, F0, i)}
{(N3557, F1, i)(N2639,0,i) + (N3539, F1, i) + (N3572, F1, i)(N2691,1,i) + (N1713, F1, i) + (N1021, F1, i)}
{(N3557, F1, i)(N2639,0,i) + (N3539, F1, i) + (N3751->N492, F0, i) + (N1361, F1, i)(N741,1,i) + (N826, F1, i)(N397,1,i)}
{(N3557, F1, i)(N2639,0,i) + (N3539, F1, i) + (N3751->N492, F0, i) + (N1361, F1, i)(N741,1,i) + (N3492->N1021, F0, i)}
{(N3557, F1, i)(N2639,0,i) + (N3539, F1, i) + (N3751->N492, F0, i) + (N1361, F1, i)(N741,1,i) + (N1021, F1, i)}
{(N3557, F1, i)(N2639,0,i) + (N3539, F1, i) + (N3751->N492, F0, i) + (N1780, F1, i)(N873,1,i) + (N826, F1, i)(N397,1,i)}
{(N3557, F1, i)(N2639,0,i) + (N3539, F1, i) + (N3751->N492, F0, i) + (N1780, F1, i)(N873,1,i) + (N3492->N1021, F0, i)}
{(N3557, F1, i)(N2639,0,i) + (N3539, F1, i) + (N3751->N492, F0, i) + (N1780, F1, i)(N873,1,i) + (N1021, F1, i)}
{(N3557, F1, i)(N2639,0,i) + (N3539, F1, i) + (N3751->N492, F0, i) + (N3764->N2312, F0, i) + (N826, F1, i)(N397,1,i)}
{(N3557, F1, i)(N2639,0,i) + (N3539, F1, i) + (N3751->N492, F0, i) + (N3764->N2312, F0, i) + (N3492->N1021, F0, i)}
{(N3557, F1, i)(N2639,0,i) + (N3539, F1, i) + (N3751->N492, F0, i) + (N3764->N2312, F0, i) + (N1021, F1, i)}
{(N3557, F1, i)(N2639,0,i) + (N3539, F1, i) + (N3751->N492, F0, i) + (N2312, F1, i) + (N826, F1, i)(N397,1,i)}
{(N3557, F1, i)(N2639,0,i) + (N3539, F1, i) + (N3751->N492, F0, i) + (N2312, F1, i) + (N3492->N1021, F0, i)}
{(N3557, F1, i)(N2639,0,i) + (N3539, F1, i) + (N3751->N492, F0, i) + (N2312, F1, i) + (N1021, F1, i)}
{(N3557, F1, i)(N2639,0,i) + (N3539, F1, i) + (N3751->N492, F0, i) + (N88->N1713, F0, i) + (N826, F1, i)(N397,1,i)}
{(N3557, F1, i)(N2639,0,i) + (N3539, F1, i) + (N3751->N492, F0, i) + (N88->N1713, F0, i) + (N3492->N1021, F0, i)}
{(N3557, F1, i)(N2639,0,i) + (N3539, F1, i) + (N3751->N492, F0, i) + (N88->N1713, F0, i) + (N1021, F1, i)}
{(N3557, F1, i)(N2639,0,i) + (N3539, F1, i) + (N3751->N492, F0, i) + (N1713, F1, i) + (N826, F1, i)(N397,1,i)}
{(N3557, F1, i)(N2639,0,i) + (N3539, F1, i) + (N3751->N492, F0, i) + (N1713, F1, i) + (N3492->N1021, F0, i)}
{(N3557, F1, i)(N2639,0,i) + (N3539, F1, i) + (N3751->N492, F0, i) + (N1713, F1, i) + (N1021, F1, i)}
{(N3557, F1, i)(N2639,0,i) + (N3539, F1, i) + (N492, F1, i) + (N1361, F1, i)(N741,1,i) + (N826, F1, i)(N397,1,i)}
{(N3557, F1, i)(N2639,0,i) + (N3539, F1, i) + (N492, F1, i) + (N1361, F1, i)(N741,1,i) + (N3492->N1021, F0, i)}
{(N3557, F1, i)(N2639,0,i) + (N3539, F1, i) + (N492, F1, i) + (N1361, F1, i)(N741,1,i) + (N1021, F1, i)}
{(N3557, F1, i)(N2639,0,i) + (N3539, F1, i) + (N492, F1, i) + (N1780, F1, i)(N873,1,i) + (N826, F1, i)(N397,1,i)}
{(N3557, F1, i)(N2639,0,i) + (N3539, F1, i) + (N492, F1, i) + (N1780, F1, i)(N873,1,i) + (N3492->N1021, F0, i)}
{(N3557, F1, i)(N2639,0,i) + (N3539, F1, i) + (N492, F1, i) + (N1780, F1, i)(N873,1,i) + (N1021, F1, i)}
{(N3557, F1, i)(N2639,0,i) + (N3539, F1, i) + (N492, F1, i) + (N3764->N2312, F0, i) + (N826, F1, i)(N397,1,i)}
{(N3557, F1, i)(N2639,0,i) + (N3539, F1, i) + (N492, F1, i) + (N3764->N2312, F0, i) + (N3492->N1021, F0, i)}
{(N3557, F1, i)(N2639,0,i) + (N3539, F1, i) + (N492, F1, i) + (N3764->N2312, F0, i) + (N1021, F1, i)}
{(N3557, F1, i)(N2639,0,i) + (N3539, F1, i) + (N492, F1, i) + (N2312, F1, i) + (N826, F1, i)(N397,1,i)}
{(N3557, F1, i)(N2639,0,i) + (N3539, F1, i) + (N492, F1, i) + (N2312, F1, i) + (N3492->N1021, F0, i)}
{(N3557, F1, i)(N2639,0,i) + (N3539, F1, i) + (N492, F1, i) + (N2312, F1, i) + (N1021, F1, i)}
{(N3557, F1, i)(N2639,0,i) + (N3539, F1, i) + (N492, F1, i) + (N88->N1713, F0, i) + (N826, F1, i)(N397,1,i)}
{(N3557, F1, i)(N2639,0,i) + (N3539, F1, i) + (N492, F1, i) + (N88->N1713, F0, i) + (N3492->N1021, F0, i)}
{(N3557, F1, i)(N2639,0,i) + (N3539, F1, i) + (N492, F1, i) + (N88->N1713, F0, i) + (N1021, F1, i)}
{(N3557, F1, i)(N2639,0,i) + (N3539, F1, i) + (N492, F1, i) + (N1713, F1, i) + (N826, F1, i)(N397,1,i)}
{(N3557, F1, i)(N2639,0,i) + (N3539, F1, i) + (N492, F1, i) + (N1713, F1, i) + (N3492->N1021, F0, i)}
{(N3557, F1, i)(N2639,0,i) + (N3539, F1, i) + (N492, F1, i) + (N1713, F1, i) + (N1021, F1, i)}
