{(N1570, F1, i)(N1764,0,i) + (N654, F1, i) + (N703, F0, i) + (N3503, F1, i) + (N459->N3809, F1, i)}
{(N1570, F1, i)(N1764,0,i) + (N654, F1, i) + (N703, F0, i) + (N3503, F1, i) + (N3809, F1, i)(N1126,1,i)}
{(N1570, F1, i)(N1764,0,i) + (N654, F1, i) + (N703, F0, i) + (N3503, F1, i) + (N1210->N694, F1, i)}
{(N1570, F1, i)(N1764,0,i) + (N654, F1, i) + (N703, F0, i) + (N3503, F1, i) + (N694, F1, i)(N2332,1,i)}
{(N1570, F1, i)(N1764,0,i) + (N654, F1, i) + (N703, F0, i) + (N2987, F1, i) + (N459->N3809, F1, i)}
{(N1570, F1, i)(N1764,0,i) + (N654, F1, i) + (N703, F0, i) + (N2987, F1, i) + (N3809, F1, i)(N1126,1,i)}
{(N1570, F1, i)(N1764,0,i) + (N654, F1, i) + (N703, F0, i) + (N2987, F1, i) + (N1210->N694, F1, i)}
{(N1570, F1, i)(N1764,0,i) + (N654, F1, i) + (N703, F0, i) + (N2987, F1, i) + (N694, F1, i)(N2332,1,i)}
{(N1570, F1, i)(N1764,0,i) + (N654, F1, i) + (N112->N1846, F0, i) + (N3503, F1, i) + (N459->N3809, F1, i)}
{(N1570, F1, i)(N1764,0,i) + (N654, F1, i) + (N112->N1846, F0, i) + (N3503, F1, i) + (N3809, F1, i)(N1126,1,i)}
{(N1570, F1, i)(N1764,0,i) + (N654, F1, i) + (N112->N1846, F0, i) + (N3503, F1, i) + (N1210->N694, F1, i)}
{(N1570, F1, i)(N1764,0,i) + (N654, F1, i) + (N112->N1846, F0, i) + (N3503, F1, i) + (N694, F1, i)(N2332,1,i)}
{(N1570, F1, i)(N1764,0,i) + (N654, F1, i) + (N112->N1846, F0, i) + (N2987, F1, i) + (N459->N3809, F1, i)}
{(N1570, F1, i)(N1764,0,i) + (N654, F1, i) + (N112->N1846, F0, i) + (N2987, F1, i) + (N3809, F1, i)(N1126,1,i)}
{(N1570, F1, i)(N1764,0,i) + (N654, F1, i) + (N112->N1846, F0, i) + (N2987, F1, i) + (N1210->N694, F1, i)}
{(N1570, F1, i)(N1764,0,i) + (N654, F1, i) + (N112->N1846, F0, i) + (N2987, F1, i) + (N694, F1, i)(N2332,1,i)}
{(N1570, F1, i)(N1764,0,i) + (N654, F1, i) + (N10->N1846, F0, i) + (N3503, F1, i) + (N459->N3809, F1, i)}
{(N1570, F1, i)(N1764,0,i) + (N654, F1, i) + (N10->N1846, F0, i) + (N3503, F1, i) + (N3809, F1, i)(N1126,1,i)}
{(N1570, F1, i)(N1764,0,i) + (N654, F1, i) + (N10->N1846, F0, i) + (N3503, F1, i) + (N1210->N694, F1, i)}
{(N1570, F1, i)(N1764,0,i) + (N654, F1, i) + (N10->N1846, F0, i) + (N3503, F1, i) + (N694, F1, i)(N2332,1,i)}
{(N1570, F1, i)(N1764,0,i) + (N654, F1, i) + (N10->N1846, F0, i) + (N2987, F1, i) + (N459->N3809, F1, i)}
{(N1570, F1, i)(N1764,0,i) + (N654, F1, i) + (N10->N1846, F0, i) + (N2987, F1, i) + (N3809, F1, i)(N1126,1,i)}
{(N1570, F1, i)(N1764,0,i) + (N654, F1, i) + (N10->N1846, F0, i) + (N2987, F1, i) + (N1210->N694, F1, i)}
{(N1570, F1, i)(N1764,0,i) + (N654, F1, i) + (N10->N1846, F0, i) + (N2987, F1, i) + (N694, F1, i)(N2332,1,i)}
{(N1570, F1, i)(N1764,0,i) + (N654, F1, i) + (N1846, F0, i) + (N3503, F1, i) + (N459->N3809, F1, i)}
{(N1570, F1, i)(N1764,0,i) + (N654, F1, i) + (N1846, F0, i) + (N3503, F1, i) + (N3809, F1, i)(N1126,1,i)}
{(N1570, F1, i)(N1764,0,i) + (N654, F1, i) + (N1846, F0, i) + (N3503, F1, i) + (N1210->N694, F1, i)}
{(N1570, F1, i)(N1764,0,i) + (N654, F1, i) + (N1846, F0, i) + (N3503, F1, i) + (N694, F1, i)(N2332,1,i)}
{(N1570, F1, i)(N1764,0,i) + (N654, F1, i) + (N1846, F0, i) + (N2987, F1, i) + (N459->N3809, F1, i)}
{(N1570, F1, i)(N1764,0,i) + (N654, F1, i) + (N1846, F0, i) + (N2987, F1, i) + (N3809, F1, i)(N1126,1,i)}
{(N1570, F1, i)(N1764,0,i) + (N654, F1, i) + (N1846, F0, i) + (N2987, F1, i) + (N1210->N694, F1, i)}
{(N1570, F1, i)(N1764,0,i) + (N654, F1, i) + (N1846, F0, i) + (N2987, F1, i) + (N694, F1, i)(N2332,1,i)}
{(N1570, F1, i)(N1764,0,i) + (N3167, F1, i) + (N703, F0, i) + (N3503, F1, i) + (N459->N3809, F1, i)}
{(N1570, F1, i)(N1764,0,i) + (N3167, F1, i) + (N703, F0, i) + (N3503, F1, i) + (N3809, F1, i)(N1126,1,i)}
{(N1570, F1, i)(N1764,0,i) + (N3167, F1, i) + (N703, F0, i) + (N3503, F1, i) + (N1210->N694, F1, i)}
{(N1570, F1, i)(N1764,0,i) + (N3167, F1, i) + (N703, F0, i) + (N3503, F1, i) + (N694, F1, i)(N2332,1,i)}
{(N1570, F1, i)(N1764,0,i) + (N3167, F1, i) + (N703, F0, i) + (N2987, F1, i) + (N459->N3809, F1, i)}
{(N1570, F1, i)(N1764,0,i) + (N3167, F1, i) + (N703, F0, i) + (N2987, F1, i) + (N3809, F1, i)(N1126,1,i)}
{(N1570, F1, i)(N1764,0,i) + (N3167, F1, i) + (N703, F0, i) + (N2987, F1, i) + (N1210->N694, F1, i)}
{(N1570, F1, i)(N1764,0,i) + (N3167, F1, i) + (N703, F0, i) + (N2987, F1, i) + (N694, F1, i)(N2332,1,i)}
{(N1570, F1, i)(N1764,0,i) + (N3167, F1, i) + (N112->N1846, F0, i) + (N3503, F1, i) + (N459->N3809, F1, i)}
{(N1570, F1, i)(N1764,0,i) + (N3167, F1, i) + (N112->N1846, F0, i) + (N3503, F1, i) + (N3809, F1, i)(N1126,1,i)}
{(N1570, F1, i)(N1764,0,i) + (N3167, F1, i) + (N112->N1846, F0, i) + (N3503, F1, i) + (N1210->N694, F1, i)}
{(N1570, F1, i)(N1764,0,i) + (N3167, F1, i) + (N112->N1846, F0, i) + (N3503, F1, i) + (N694, F1, i)(N2332,1,i)}
{(N1570, F1, i)(N1764,0,i) + (N3167, F1, i) + (N112->N1846, F0, i) + (N2987, F1, i) + (N459->N3809, F1, i)}
{(N1570, F1, i)(N1764,0,i) + (N3167, F1, i) + (N112->N1846, F0, i) + (N2987, F1, i) + (N3809, F1, i)(N1126,1,i)}
{(N1570, F1, i)(N1764,0,i) + (N3167, F1, i) + (N112->N1846, F0, i) + (N2987, F1, i) + (N1210->N694, F1, i)}
{(N1570, F1, i)(N1764,0,i) + (N3167, F1, i) + (N112->N1846, F0, i) + (N2987, F1, i) + (N694, F1, i)(N2332,1,i)}
{(N1570, F1, i)(N1764,0,i) + (N3167, F1, i) + (N10->N1846, F0, i) + (N3503, F1, i) + (N459->N3809, F1, i)}
{(N1570, F1, i)(N1764,0,i) + (N3167, F1, i) + (N10->N1846, F0, i) + (N3503, F1, i) + (N3809, F1, i)(N1126,1,i)}
{(N1570, F1, i)(N1764,0,i) + (N3167, F1, i) + (N10->N1846, F0, i) + (N3503, F1, i) + (N1210->N694, F1, i)}
{(N1570, F1, i)(N1764,0,i) + (N3167, F1, i) + (N10->N1846, F0, i) + (N3503, F1, i) + (N694, F1, i)(N2332,1,i)}
{(N1570, F1, i)(N1764,0,i) + (N3167, F1, i) + (N10->N1846, F0, i) + (N2987, F1, i) + (N459->N3809, F1, i)}
{(N1570, F1, i)(N1764,0,i) + (N3167, F1, i) + (N10->N1846, F0, i) + (N2987, F1, i) + (N3809, F1, i)(N1126,1,i)}
{(N1570, F1, i)(N1764,0,i) + (N3167, F1, i) + (N10->N1846, F0, i) + (N2987, F1, i) + (N1210->N694, F1, i)}
{(N1570, F1, i)(N1764,0,i) + (N3167, F1, i) + (N10->N1846, F0, i) + (N2987, F1, i) + (N694, F1, i)(N2332,1,i)}
{(N1570, F1, i)(N1764,0,i) + (N3167, F1, i) + (N1846, F0, i) + (N3503, F1, i) + (N459->N3809, F1, i)}
{(N1570, F1, i)(N1764,0,i) + (N3167, F1, i) + (N1846, F0, i) + (N3503, F1, i) + (N3809, F1, i)(N1126,1,i)}
{(N1570, F1, i)(N1764,0,i) + (N3167, F1, i) + (N1846, F0, i) + (N3503, F1, i) + (N1210->N694, F1, i)}
{(N1570, F1, i)(N1764,0,i) + (N3167, F1, i) + (N1846, F0, i) + (N3503, F1, i) + (N694, F1, i)(N2332,1,i)}
{(N1570, F1, i)(N1764,0,i) + (N3167, F1, i) + (N1846, F0, i) + (N2987, F1, i) + (N459->N3809, F1, i)}
{(N1570, F1, i)(N1764,0,i) + (N3167, F1, i) + (N1846, F0, i) + (N2987, F1, i) + (N3809, F1, i)(N1126,1,i)}
{(N1570, F1, i)(N1764,0,i) + (N3167, F1, i) + (N1846, F0, i) + (N2987, F1, i) + (N1210->N694, F1, i)}
{(N1570, F1, i)(N1764,0,i) + (N3167, F1, i) + (N1846, F0, i) + (N2987, F1, i) + (N694, F1, i)(N2332,1,i)}
{(N798->N1764, F0, i) + (N654, F1, i) + (N703, F0, i) + (N3503, F1, i) + (N459->N3809, F1, i)}
{(N798->N1764, F0, i) + (N654, F1, i) + (N703, F0, i) + (N3503, F1, i) + (N3809, F1, i)(N1126,1,i)}
{(N798->N1764, F0, i) + (N654, F1, i) + (N703, F0, i) + (N3503, F1, i) + (N1210->N694, F1, i)}
{(N798->N1764, F0, i) + (N654, F1, i) + (N703, F0, i) + (N3503, F1, i) + (N694, F1, i)(N2332,1,i)}
{(N798->N1764, F0, i) + (N654, F1, i) + (N703, F0, i) + (N2987, F1, i) + (N459->N3809, F1, i)}
{(N798->N1764, F0, i) + (N654, F1, i) + (N703, F0, i) + (N2987, F1, i) + (N3809, F1, i)(N1126,1,i)}
{(N798->N1764, F0, i) + (N654, F1, i) + (N703, F0, i) + (N2987, F1, i) + (N1210->N694, F1, i)}
{(N798->N1764, F0, i) + (N654, F1, i) + (N703, F0, i) + (N2987, F1, i) + (N694, F1, i)(N2332,1,i)}
{(N798->N1764, F0, i) + (N654, F1, i) + (N112->N1846, F0, i) + (N3503, F1, i) + (N459->N3809, F1, i)}
{(N798->N1764, F0, i) + (N654, F1, i) + (N112->N1846, F0, i) + (N3503, F1, i) + (N3809, F1, i)(N1126,1,i)}
{(N798->N1764, F0, i) + (N654, F1, i) + (N112->N1846, F0, i) + (N3503, F1, i) + (N1210->N694, F1, i)}
{(N798->N1764, F0, i) + (N654, F1, i) + (N112->N1846, F0, i) + (N3503, F1, i) + (N694, F1, i)(N2332,1,i)}
{(N798->N1764, F0, i) + (N654, F1, i) + (N112->N1846, F0, i) + (N2987, F1, i) + (N459->N3809, F1, i)}
{(N798->N1764, F0, i) + (N654, F1, i) + (N112->N1846, F0, i) + (N2987, F1, i) + (N3809, F1, i)(N1126,1,i)}
{(N798->N1764, F0, i) + (N654, F1, i) + (N112->N1846, F0, i) + (N2987, F1, i) + (N1210->N694, F1, i)}
{(N798->N1764, F0, i) + (N654, F1, i) + (N112->N1846, F0, i) + (N2987, F1, i) + (N694, F1, i)(N2332,1,i)}
{(N798->N1764, F0, i) + (N654, F1, i) + (N10->N1846, F0, i) + (N3503, F1, i) + (N459->N3809, F1, i)}
{(N798->N1764, F0, i) + (N654, F1, i) + (N10->N1846, F0, i) + (N3503, F1, i) + (N3809, F1, i)(N1126,1,i)}
{(N798->N1764, F0, i) + (N654, F1, i) + (N10->N1846, F0, i) + (N3503, F1, i) + (N1210->N694, F1, i)}
{(N798->N1764, F0, i) + (N654, F1, i) + (N10->N1846, F0, i) + (N3503, F1, i) + (N694, F1, i)(N2332,1,i)}
{(N798->N1764, F0, i) + (N654, F1, i) + (N10->N1846, F0, i) + (N2987, F1, i) + (N459->N3809, F1, i)}
{(N798->N1764, F0, i) + (N654, F1, i) + (N10->N1846, F0, i) + (N2987, F1, i) + (N3809, F1, i)(N1126,1,i)}
{(N798->N1764, F0, i) + (N654, F1, i) + (N10->N1846, F0, i) + (N2987, F1, i) + (N1210->N694, F1, i)}
{(N798->N1764, F0, i) + (N654, F1, i) + (N10->N1846, F0, i) + (N2987, F1, i) + (N694, F1, i)(N2332,1,i)}
{(N798->N1764, F0, i) + (N654, F1, i) + (N1846, F0, i) + (N3503, F1, i) + (N459->N3809, F1, i)}
{(N798->N1764, F0, i) + (N654, F1, i) + (N1846, F0, i) + (N3503, F1, i) + (N3809, F1, i)(N1126,1,i)}
{(N798->N1764, F0, i) + (N654, F1, i) + (N1846, F0, i) + (N3503, F1, i) + (N1210->N694, F1, i)}
{(N798->N1764, F0, i) + (N654, F1, i) + (N1846, F0, i) + (N3503, F1, i) + (N694, F1, i)(N2332,1,i)}
{(N798->N1764, F0, i) + (N654, F1, i) + (N1846, F0, i) + (N2987, F1, i) + (N459->N3809, F1, i)}
{(N798->N1764, F0, i) + (N654, F1, i) + (N1846, F0, i) + (N2987, F1, i) + (N3809, F1, i)(N1126,1,i)}
{(N798->N1764, F0, i) + (N654, F1, i) + (N1846, F0, i) + (N2987, F1, i) + (N1210->N694, F1, i)}
{(N798->N1764, F0, i) + (N654, F1, i) + (N1846, F0, i) + (N2987, F1, i) + (N694, F1, i)(N2332,1,i)}
{(N798->N1764, F0, i) + (N3167, F1, i) + (N703, F0, i) + (N3503, F1, i) + (N459->N3809, F1, i)}
{(N798->N1764, F0, i) + (N3167, F1, i) + (N703, F0, i) + (N3503, F1, i) + (N3809, F1, i)(N1126,1,i)}
{(N798->N1764, F0, i) + (N3167, F1, i) + (N703, F0, i) + (N3503, F1, i) + (N1210->N694, F1, i)}
{(N798->N1764, F0, i) + (N3167, F1, i) + (N703, F0, i) + (N3503, F1, i) + (N694, F1, i)(N2332,1,i)}
{(N798->N1764, F0, i) + (N3167, F1, i) + (N703, F0, i) + (N2987, F1, i) + (N459->N3809, F1, i)}
{(N798->N1764, F0, i) + (N3167, F1, i) + (N703, F0, i) + (N2987, F1, i) + (N3809, F1, i)(N1126,1,i)}
{(N798->N1764, F0, i) + (N3167, F1, i) + (N703, F0, i) + (N2987, F1, i) + (N1210->N694, F1, i)}
{(N798->N1764, F0, i) + (N3167, F1, i) + (N703, F0, i) + (N2987, F1, i) + (N694, F1, i)(N2332,1,i)}
{(N798->N1764, F0, i) + (N3167, F1, i) + (N112->N1846, F0, i) + (N3503, F1, i) + (N459->N3809, F1, i)}
{(N798->N1764, F0, i) + (N3167, F1, i) + (N112->N1846, F0, i) + (N3503, F1, i) + (N3809, F1, i)(N1126,1,i)}
{(N798->N1764, F0, i) + (N3167, F1, i) + (N112->N1846, F0, i) + (N3503, F1, i) + (N1210->N694, F1, i)}
{(N798->N1764, F0, i) + (N3167, F1, i) + (N112->N1846, F0, i) + (N3503, F1, i) + (N694, F1, i)(N2332,1,i)}
{(N798->N1764, F0, i) + (N3167, F1, i) + (N112->N1846, F0, i) + (N2987, F1, i) + (N459->N3809, F1, i)}
{(N798->N1764, F0, i) + (N3167, F1, i) + (N112->N1846, F0, i) + (N2987, F1, i) + (N3809, F1, i)(N1126,1,i)}
{(N798->N1764, F0, i) + (N3167, F1, i) + (N112->N1846, F0, i) + (N2987, F1, i) + (N1210->N694, F1, i)}
{(N798->N1764, F0, i) + (N3167, F1, i) + (N112->N1846, F0, i) + (N2987, F1, i) + (N694, F1, i)(N2332,1,i)}
{(N798->N1764, F0, i) + (N3167, F1, i) + (N10->N1846, F0, i) + (N3503, F1, i) + (N459->N3809, F1, i)}
{(N798->N1764, F0, i) + (N3167, F1, i) + (N10->N1846, F0, i) + (N3503, F1, i) + (N3809, F1, i)(N1126,1,i)}
{(N798->N1764, F0, i) + (N3167, F1, i) + (N10->N1846, F0, i) + (N3503, F1, i) + (N1210->N694, F1, i)}
{(N798->N1764, F0, i) + (N3167, F1, i) + (N10->N1846, F0, i) + (N3503, F1, i) + (N694, F1, i)(N2332,1,i)}
{(N798->N1764, F0, i) + (N3167, F1, i) + (N10->N1846, F0, i) + (N2987, F1, i) + (N459->N3809, F1, i)}
{(N798->N1764, F0, i) + (N3167, F1, i) + (N10->N1846, F0, i) + (N2987, F1, i) + (N3809, F1, i)(N1126,1,i)}
{(N798->N1764, F0, i) + (N3167, F1, i) + (N10->N1846, F0, i) + (N2987, F1, i) + (N1210->N694, F1, i)}
{(N798->N1764, F0, i) + (N3167, F1, i) + (N10->N1846, F0, i) + (N2987, F1, i) + (N694, F1, i)(N2332,1,i)}
{(N798->N1764, F0, i) + (N3167, F1, i) + (N1846, F0, i) + (N3503, F1, i) + (N459->N3809, F1, i)}
{(N798->N1764, F0, i) + (N3167, F1, i) + (N1846, F0, i) + (N3503, F1, i) + (N3809, F1, i)(N1126,1,i)}
{(N798->N1764, F0, i) + (N3167, F1, i) + (N1846, F0, i) + (N3503, F1, i) + (N1210->N694, F1, i)}
{(N798->N1764, F0, i) + (N3167, F1, i) + (N1846, F0, i) + (N3503, F1, i) + (N694, F1, i)(N2332,1,i)}
{(N798->N1764, F0, i) + (N3167, F1, i) + (N1846, F0, i) + (N2987, F1, i) + (N459->N3809, F1, i)}
{(N798->N1764, F0, i) + (N3167, F1, i) + (N1846, F0, i) + (N2987, F1, i) + (N3809, F1, i)(N1126,1,i)}
{(N798->N1764, F0, i) + (N3167, F1, i) + (N1846, F0, i) + (N2987, F1, i) + (N1210->N694, F1, i)}
{(N798->N1764, F0, i) + (N3167, F1, i) + (N1846, F0, i) + (N2987, F1, i) + (N694, F1, i)(N2332,1,i)}
{(N1764, F1, i) + (N654, F1, i) + (N703, F0, i) + (N3503, F1, i) + (N459->N3809, F1, i)}
{(N1764, F1, i) + (N654, F1, i) + (N703, F0, i) + (N3503, F1, i) + (N3809, F1, i)(N1126,1,i)}
{(N1764, F1, i) + (N654, F1, i) + (N703, F0, i) + (N3503, F1, i) + (N1210->N694, F1, i)}
{(N1764, F1, i) + (N654, F1, i) + (N703, F0, i) + (N3503, F1, i) + (N694, F1, i)(N2332,1,i)}
{(N1764, F1, i) + (N654, F1, i) + (N703, F0, i) + (N2987, F1, i) + (N459->N3809, F1, i)}
{(N1764, F1, i) + (N654, F1, i) + (N703, F0, i) + (N2987, F1, i) + (N3809, F1, i)(N1126,1,i)}
{(N1764, F1, i) + (N654, F1, i) + (N703, F0, i) + (N2987, F1, i) + (N1210->N694, F1, i)}
{(N1764, F1, i) + (N654, F1, i) + (N703, F0, i) + (N2987, F1, i) + (N694, F1, i)(N2332,1,i)}
{(N1764, F1, i) + (N654, F1, i) + (N112->N1846, F0, i) + (N3503, F1, i) + (N459->N3809, F1, i)}
{(N1764, F1, i) + (N654, F1, i) + (N112->N1846, F0, i) + (N3503, F1, i) + (N3809, F1, i)(N1126,1,i)}
{(N1764, F1, i) + (N654, F1, i) + (N112->N1846, F0, i) + (N3503, F1, i) + (N1210->N694, F1, i)}
{(N1764, F1, i) + (N654, F1, i) + (N112->N1846, F0, i) + (N3503, F1, i) + (N694, F1, i)(N2332,1,i)}
{(N1764, F1, i) + (N654, F1, i) + (N112->N1846, F0, i) + (N2987, F1, i) + (N459->N3809, F1, i)}
{(N1764, F1, i) + (N654, F1, i) + (N112->N1846, F0, i) + (N2987, F1, i) + (N3809, F1, i)(N1126,1,i)}
{(N1764, F1, i) + (N654, F1, i) + (N112->N1846, F0, i) + (N2987, F1, i) + (N1210->N694, F1, i)}
{(N1764, F1, i) + (N654, F1, i) + (N112->N1846, F0, i) + (N2987, F1, i) + (N694, F1, i)(N2332,1,i)}
{(N1764, F1, i) + (N654, F1, i) + (N10->N1846, F0, i) + (N3503, F1, i) + (N459->N3809, F1, i)}
{(N1764, F1, i) + (N654, F1, i) + (N10->N1846, F0, i) + (N3503, F1, i) + (N3809, F1, i)(N1126,1,i)}
{(N1764, F1, i) + (N654, F1, i) + (N10->N1846, F0, i) + (N3503, F1, i) + (N1210->N694, F1, i)}
{(N1764, F1, i) + (N654, F1, i) + (N10->N1846, F0, i) + (N3503, F1, i) + (N694, F1, i)(N2332,1,i)}
{(N1764, F1, i) + (N654, F1, i) + (N10->N1846, F0, i) + (N2987, F1, i) + (N459->N3809, F1, i)}
{(N1764, F1, i) + (N654, F1, i) + (N10->N1846, F0, i) + (N2987, F1, i) + (N3809, F1, i)(N1126,1,i)}
{(N1764, F1, i) + (N654, F1, i) + (N10->N1846, F0, i) + (N2987, F1, i) + (N1210->N694, F1, i)}
{(N1764, F1, i) + (N654, F1, i) + (N10->N1846, F0, i) + (N2987, F1, i) + (N694, F1, i)(N2332,1,i)}
{(N1764, F1, i) + (N654, F1, i) + (N1846, F0, i) + (N3503, F1, i) + (N459->N3809, F1, i)}
{(N1764, F1, i) + (N654, F1, i) + (N1846, F0, i) + (N3503, F1, i) + (N3809, F1, i)(N1126,1,i)}
{(N1764, F1, i) + (N654, F1, i) + (N1846, F0, i) + (N3503, F1, i) + (N1210->N694, F1, i)}
{(N1764, F1, i) + (N654, F1, i) + (N1846, F0, i) + (N3503, F1, i) + (N694, F1, i)(N2332,1,i)}
{(N1764, F1, i) + (N654, F1, i) + (N1846, F0, i) + (N2987, F1, i) + (N459->N3809, F1, i)}
{(N1764, F1, i) + (N654, F1, i) + (N1846, F0, i) + (N2987, F1, i) + (N3809, F1, i)(N1126,1,i)}
{(N1764, F1, i) + (N654, F1, i) + (N1846, F0, i) + (N2987, F1, i) + (N1210->N694, F1, i)}
{(N1764, F1, i) + (N654, F1, i) + (N1846, F0, i) + (N2987, F1, i) + (N694, F1, i)(N2332,1,i)}
{(N1764, F1, i) + (N3167, F1, i) + (N703, F0, i) + (N3503, F1, i) + (N459->N3809, F1, i)}
{(N1764, F1, i) + (N3167, F1, i) + (N703, F0, i) + (N3503, F1, i) + (N3809, F1, i)(N1126,1,i)}
{(N1764, F1, i) + (N3167, F1, i) + (N703, F0, i) + (N3503, F1, i) + (N1210->N694, F1, i)}
{(N1764, F1, i) + (N3167, F1, i) + (N703, F0, i) + (N3503, F1, i) + (N694, F1, i)(N2332,1,i)}
{(N1764, F1, i) + (N3167, F1, i) + (N703, F0, i) + (N2987, F1, i) + (N459->N3809, F1, i)}
{(N1764, F1, i) + (N3167, F1, i) + (N703, F0, i) + (N2987, F1, i) + (N3809, F1, i)(N1126,1,i)}
{(N1764, F1, i) + (N3167, F1, i) + (N703, F0, i) + (N2987, F1, i) + (N1210->N694, F1, i)}
{(N1764, F1, i) + (N3167, F1, i) + (N703, F0, i) + (N2987, F1, i) + (N694, F1, i)(N2332,1,i)}
{(N1764, F1, i) + (N3167, F1, i) + (N112->N1846, F0, i) + (N3503, F1, i) + (N459->N3809, F1, i)}
{(N1764, F1, i) + (N3167, F1, i) + (N112->N1846, F0, i) + (N3503, F1, i) + (N3809, F1, i)(N1126,1,i)}
{(N1764, F1, i) + (N3167, F1, i) + (N112->N1846, F0, i) + (N3503, F1, i) + (N1210->N694, F1, i)}
{(N1764, F1, i) + (N3167, F1, i) + (N112->N1846, F0, i) + (N3503, F1, i) + (N694, F1, i)(N2332,1,i)}
{(N1764, F1, i) + (N3167, F1, i) + (N112->N1846, F0, i) + (N2987, F1, i) + (N459->N3809, F1, i)}
{(N1764, F1, i) + (N3167, F1, i) + (N112->N1846, F0, i) + (N2987, F1, i) + (N3809, F1, i)(N1126,1,i)}
{(N1764, F1, i) + (N3167, F1, i) + (N112->N1846, F0, i) + (N2987, F1, i) + (N1210->N694, F1, i)}
{(N1764, F1, i) + (N3167, F1, i) + (N112->N1846, F0, i) + (N2987, F1, i) + (N694, F1, i)(N2332,1,i)}
{(N1764, F1, i) + (N3167, F1, i) + (N10->N1846, F0, i) + (N3503, F1, i) + (N459->N3809, F1, i)}
{(N1764, F1, i) + (N3167, F1, i) + (N10->N1846, F0, i) + (N3503, F1, i) + (N3809, F1, i)(N1126,1,i)}
{(N1764, F1, i) + (N3167, F1, i) + (N10->N1846, F0, i) + (N3503, F1, i) + (N1210->N694, F1, i)}
{(N1764, F1, i) + (N3167, F1, i) + (N10->N1846, F0, i) + (N3503, F1, i) + (N694, F1, i)(N2332,1,i)}
{(N1764, F1, i) + (N3167, F1, i) + (N10->N1846, F0, i) + (N2987, F1, i) + (N459->N3809, F1, i)}
{(N1764, F1, i) + (N3167, F1, i) + (N10->N1846, F0, i) + (N2987, F1, i) + (N3809, F1, i)(N1126,1,i)}
{(N1764, F1, i) + (N3167, F1, i) + (N10->N1846, F0, i) + (N2987, F1, i) + (N1210->N694, F1, i)}
{(N1764, F1, i) + (N3167, F1, i) + (N10->N1846, F0, i) + (N2987, F1, i) + (N694, F1, i)(N2332,1,i)}
{(N1764, F1, i) + (N3167, F1, i) + (N1846, F0, i) + (N3503, F1, i) + (N459->N3809, F1, i)}
{(N1764, F1, i) + (N3167, F1, i) + (N1846, F0, i) + (N3503, F1, i) + (N3809, F1, i)(N1126,1,i)}
{(N1764, F1, i) + (N3167, F1, i) + (N1846, F0, i) + (N3503, F1, i) + (N1210->N694, F1, i)}
{(N1764, F1, i) + (N3167, F1, i) + (N1846, F0, i) + (N3503, F1, i) + (N694, F1, i)(N2332,1,i)}
{(N1764, F1, i) + (N3167, F1, i) + (N1846, F0, i) + (N2987, F1, i) + (N459->N3809, F1, i)}
{(N1764, F1, i) + (N3167, F1, i) + (N1846, F0, i) + (N2987, F1, i) + (N3809, F1, i)(N1126,1,i)}
{(N1764, F1, i) + (N3167, F1, i) + (N1846, F0, i) + (N2987, F1, i) + (N1210->N694, F1, i)}
{(N1764, F1, i) + (N3167, F1, i) + (N1846, F0, i) + (N2987, F1, i) + (N694, F1, i)(N2332,1,i)}
