{(N2113, F1, i)(N3359,1,i) + (N3085, F1, i)(N1049,1,i) + (N1083->N489, F1, i) + (N1264, F1, i)(N1230,0,i)}
{(N2113, F1, i)(N3359,1,i) + (N3085, F1, i)(N1049,1,i) + (N1083->N489, F1, i) + (N469, F1, i)(N3093,1,i)}
{(N2113, F1, i)(N3359,1,i) + (N3085, F1, i)(N1049,1,i) + (N1083->N489, F1, i) + (N3093->N1230, F0, i)}
{(N2113, F1, i)(N3359,1,i) + (N3085, F1, i)(N1049,1,i) + (N1083->N489, F1, i) + (N1230, F1, i)}
{(N2113, F1, i)(N3359,1,i) + (N3085, F1, i)(N1049,1,i) + (N1083->N489, F1, i) + (N1168->N2668, F0, i)}
{(N2113, F1, i)(N3359,1,i) + (N3085, F1, i)(N1049,1,i) + (N1083->N489, F1, i) + (N2668, F1, i)}
{(N2113, F1, i)(N3359,1,i) + (N3085, F1, i)(N1049,1,i) + (N1083->N489, F1, i) + (N2549, F1, i)(N1605,0,i)}
{(N2113, F1, i)(N3359,1,i) + (N3085, F1, i)(N1049,1,i) + (N1083->N489, F1, i) + (N49->N1605, F0, i)}
{(N2113, F1, i)(N3359,1,i) + (N3085, F1, i)(N1049,1,i) + (N1083->N489, F1, i) + (N1605, F1, i)}
{(N2113, F1, i)(N3359,1,i) + (N3085, F1, i)(N1049,1,i) + (N489, F1, i)(N432,1,i) + (N1264, F1, i)(N1230,0,i)}
{(N2113, F1, i)(N3359,1,i) + (N3085, F1, i)(N1049,1,i) + (N489, F1, i)(N432,1,i) + (N469, F1, i)(N3093,1,i)}
{(N2113, F1, i)(N3359,1,i) + (N3085, F1, i)(N1049,1,i) + (N489, F1, i)(N432,1,i) + (N3093->N1230, F0, i)}
{(N2113, F1, i)(N3359,1,i) + (N3085, F1, i)(N1049,1,i) + (N489, F1, i)(N432,1,i) + (N1230, F1, i)}
{(N2113, F1, i)(N3359,1,i) + (N3085, F1, i)(N1049,1,i) + (N489, F1, i)(N432,1,i) + (N1168->N2668, F0, i)}
{(N2113, F1, i)(N3359,1,i) + (N3085, F1, i)(N1049,1,i) + (N489, F1, i)(N432,1,i) + (N2668, F1, i)}
{(N2113, F1, i)(N3359,1,i) + (N3085, F1, i)(N1049,1,i) + (N489, F1, i)(N432,1,i) + (N2549, F1, i)(N1605,0,i)}
{(N2113, F1, i)(N3359,1,i) + (N3085, F1, i)(N1049,1,i) + (N489, F1, i)(N432,1,i) + (N49->N1605, F0, i)}
{(N2113, F1, i)(N3359,1,i) + (N3085, F1, i)(N1049,1,i) + (N489, F1, i)(N432,1,i) + (N1605, F1, i)}
{(N2113, F1, i)(N3359,1,i) + (N3085, F1, i)(N1049,1,i) + (N1470->N2231, F1, i) + (N1264, F1, i)(N1230,0,i)}
{(N2113, F1, i)(N3359,1,i) + (N3085, F1, i)(N1049,1,i) + (N1470->N2231, F1, i) + (N469, F1, i)(N3093,1,i)}
{(N2113, F1, i)(N3359,1,i) + (N3085, F1, i)(N1049,1,i) + (N1470->N2231, F1, i) + (N3093->N1230, F0, i)}
{(N2113, F1, i)(N3359,1,i) + (N3085, F1, i)(N1049,1,i) + (N1470->N2231, F1, i) + (N1230, F1, i)}
{(N2113, F1, i)(N3359,1,i) + (N3085, F1, i)(N1049,1,i) + (N1470->N2231, F1, i) + (N1168->N2668, F0, i)}
{(N2113, F1, i)(N3359,1,i) + (N3085, F1, i)(N1049,1,i) + (N1470->N2231, F1, i) + (N2668, F1, i)}
{(N2113, F1, i)(N3359,1,i) + (N3085, F1, i)(N1049,1,i) + (N1470->N2231, F1, i) + (N2549, F1, i)(N1605,0,i)}
{(N2113, F1, i)(N3359,1,i) + (N3085, F1, i)(N1049,1,i) + (N1470->N2231, F1, i) + (N49->N1605, F0, i)}
{(N2113, F1, i)(N3359,1,i) + (N3085, F1, i)(N1049,1,i) + (N1470->N2231, F1, i) + (N1605, F1, i)}
{(N2113, F1, i)(N3359,1,i) + (N3085, F1, i)(N1049,1,i) + (N2231, F1, i)(N3060,1,i) + (N1264, F1, i)(N1230,0,i)}
{(N2113, F1, i)(N3359,1,i) + (N3085, F1, i)(N1049,1,i) + (N2231, F1, i)(N3060,1,i) + (N469, F1, i)(N3093,1,i)}
{(N2113, F1, i)(N3359,1,i) + (N3085, F1, i)(N1049,1,i) + (N2231, F1, i)(N3060,1,i) + (N3093->N1230, F0, i)}
{(N2113, F1, i)(N3359,1,i) + (N3085, F1, i)(N1049,1,i) + (N2231, F1, i)(N3060,1,i) + (N1230, F1, i)}
{(N2113, F1, i)(N3359,1,i) + (N3085, F1, i)(N1049,1,i) + (N2231, F1, i)(N3060,1,i) + (N1168->N2668, F0, i)}
{(N2113, F1, i)(N3359,1,i) + (N3085, F1, i)(N1049,1,i) + (N2231, F1, i)(N3060,1,i) + (N2668, F1, i)}
{(N2113, F1, i)(N3359,1,i) + (N3085, F1, i)(N1049,1,i) + (N2231, F1, i)(N3060,1,i) + (N2549, F1, i)(N1605,0,i)}
{(N2113, F1, i)(N3359,1,i) + (N3085, F1, i)(N1049,1,i) + (N2231, F1, i)(N3060,1,i) + (N49->N1605, F0, i)}
{(N2113, F1, i)(N3359,1,i) + (N3085, F1, i)(N1049,1,i) + (N2231, F1, i)(N3060,1,i) + (N1605, F1, i)}
{(N2113, F1, i)(N3359,1,i) + (N3085, F1, i)(N1049,1,i) + (N3706, F1, i)(N2334,0,i) + (N1264, F1, i)(N1230,0,i)}
{(N2113, F1, i)(N3359,1,i) + (N3085, F1, i)(N1049,1,i) + (N3706, F1, i)(N2334,0,i) + (N469, F1, i)(N3093,1,i)}
{(N2113, F1, i)(N3359,1,i) + (N3085, F1, i)(N1049,1,i) + (N3706, F1, i)(N2334,0,i) + (N3093->N1230, F0, i)}
{(N2113, F1, i)(N3359,1,i) + (N3085, F1, i)(N1049,1,i) + (N3706, F1, i)(N2334,0,i) + (N1230, F1, i)}
{(N2113, F1, i)(N3359,1,i) + (N3085, F1, i)(N1049,1,i) + (N3706, F1, i)(N2334,0,i) + (N1168->N2668, F0, i)}
{(N2113, F1, i)(N3359,1,i) + (N3085, F1, i)(N1049,1,i) + (N3706, F1, i)(N2334,0,i) + (N2668, F1, i)}
{(N2113, F1, i)(N3359,1,i) + (N3085, F1, i)(N1049,1,i) + (N3706, F1, i)(N2334,0,i) + (N2549, F1, i)(N1605,0,i)}
{(N2113, F1, i)(N3359,1,i) + (N3085, F1, i)(N1049,1,i) + (N3706, F1, i)(N2334,0,i) + (N49->N1605, F0, i)}
{(N2113, F1, i)(N3359,1,i) + (N3085, F1, i)(N1049,1,i) + (N3706, F1, i)(N2334,0,i) + (N1605, F1, i)}
{(N2113, F1, i)(N3359,1,i) + (N2576->N1588, F0, i) + (N1083->N489, F1, i) + (N1264, F1, i)(N1230,0,i)}
{(N2113, F1, i)(N3359,1,i) + (N2576->N1588, F0, i) + (N1083->N489, F1, i) + (N469, F1, i)(N3093,1,i)}
{(N2113, F1, i)(N3359,1,i) + (N2576->N1588, F0, i) + (N1083->N489, F1, i) + (N3093->N1230, F0, i)}
{(N2113, F1, i)(N3359,1,i) + (N2576->N1588, F0, i) + (N1083->N489, F1, i) + (N1230, F1, i)}
{(N2113, F1, i)(N3359,1,i) + (N2576->N1588, F0, i) + (N1083->N489, F1, i) + (N1168->N2668, F0, i)}
{(N2113, F1, i)(N3359,1,i) + (N2576->N1588, F0, i) + (N1083->N489, F1, i) + (N2668, F1, i)}
{(N2113, F1, i)(N3359,1,i) + (N2576->N1588, F0, i) + (N1083->N489, F1, i) + (N2549, F1, i)(N1605,0,i)}
{(N2113, F1, i)(N3359,1,i) + (N2576->N1588, F0, i) + (N1083->N489, F1, i) + (N49->N1605, F0, i)}
{(N2113, F1, i)(N3359,1,i) + (N2576->N1588, F0, i) + (N1083->N489, F1, i) + (N1605, F1, i)}
{(N2113, F1, i)(N3359,1,i) + (N2576->N1588, F0, i) + (N489, F1, i)(N432,1,i) + (N1264, F1, i)(N1230,0,i)}
{(N2113, F1, i)(N3359,1,i) + (N2576->N1588, F0, i) + (N489, F1, i)(N432,1,i) + (N469, F1, i)(N3093,1,i)}
{(N2113, F1, i)(N3359,1,i) + (N2576->N1588, F0, i) + (N489, F1, i)(N432,1,i) + (N3093->N1230, F0, i)}
{(N2113, F1, i)(N3359,1,i) + (N2576->N1588, F0, i) + (N489, F1, i)(N432,1,i) + (N1230, F1, i)}
{(N2113, F1, i)(N3359,1,i) + (N2576->N1588, F0, i) + (N489, F1, i)(N432,1,i) + (N1168->N2668, F0, i)}
{(N2113, F1, i)(N3359,1,i) + (N2576->N1588, F0, i) + (N489, F1, i)(N432,1,i) + (N2668, F1, i)}
{(N2113, F1, i)(N3359,1,i) + (N2576->N1588, F0, i) + (N489, F1, i)(N432,1,i) + (N2549, F1, i)(N1605,0,i)}
{(N2113, F1, i)(N3359,1,i) + (N2576->N1588, F0, i) + (N489, F1, i)(N432,1,i) + (N49->N1605, F0, i)}
{(N2113, F1, i)(N3359,1,i) + (N2576->N1588, F0, i) + (N489, F1, i)(N432,1,i) + (N1605, F1, i)}
{(N2113, F1, i)(N3359,1,i) + (N2576->N1588, F0, i) + (N1470->N2231, F1, i) + (N1264, F1, i)(N1230,0,i)}
{(N2113, F1, i)(N3359,1,i) + (N2576->N1588, F0, i) + (N1470->N2231, F1, i) + (N469, F1, i)(N3093,1,i)}
{(N2113, F1, i)(N3359,1,i) + (N2576->N1588, F0, i) + (N1470->N2231, F1, i) + (N3093->N1230, F0, i)}
{(N2113, F1, i)(N3359,1,i) + (N2576->N1588, F0, i) + (N1470->N2231, F1, i) + (N1230, F1, i)}
{(N2113, F1, i)(N3359,1,i) + (N2576->N1588, F0, i) + (N1470->N2231, F1, i) + (N1168->N2668, F0, i)}
{(N2113, F1, i)(N3359,1,i) + (N2576->N1588, F0, i) + (N1470->N2231, F1, i) + (N2668, F1, i)}
{(N2113, F1, i)(N3359,1,i) + (N2576->N1588, F0, i) + (N1470->N2231, F1, i) + (N2549, F1, i)(N1605,0,i)}
{(N2113, F1, i)(N3359,1,i) + (N2576->N1588, F0, i) + (N1470->N2231, F1, i) + (N49->N1605, F0, i)}
{(N2113, F1, i)(N3359,1,i) + (N2576->N1588, F0, i) + (N1470->N2231, F1, i) + (N1605, F1, i)}
{(N2113, F1, i)(N3359,1,i) + (N2576->N1588, F0, i) + (N2231, F1, i)(N3060,1,i) + (N1264, F1, i)(N1230,0,i)}
{(N2113, F1, i)(N3359,1,i) + (N2576->N1588, F0, i) + (N2231, F1, i)(N3060,1,i) + (N469, F1, i)(N3093,1,i)}
{(N2113, F1, i)(N3359,1,i) + (N2576->N1588, F0, i) + (N2231, F1, i)(N3060,1,i) + (N3093->N1230, F0, i)}
{(N2113, F1, i)(N3359,1,i) + (N2576->N1588, F0, i) + (N2231, F1, i)(N3060,1,i) + (N1230, F1, i)}
{(N2113, F1, i)(N3359,1,i) + (N2576->N1588, F0, i) + (N2231, F1, i)(N3060,1,i) + (N1168->N2668, F0, i)}
{(N2113, F1, i)(N3359,1,i) + (N2576->N1588, F0, i) + (N2231, F1, i)(N3060,1,i) + (N2668, F1, i)}
{(N2113, F1, i)(N3359,1,i) + (N2576->N1588, F0, i) + (N2231, F1, i)(N3060,1,i) + (N2549, F1, i)(N1605,0,i)}
{(N2113, F1, i)(N3359,1,i) + (N2576->N1588, F0, i) + (N2231, F1, i)(N3060,1,i) + (N49->N1605, F0, i)}
{(N2113, F1, i)(N3359,1,i) + (N2576->N1588, F0, i) + (N2231, F1, i)(N3060,1,i) + (N1605, F1, i)}
{(N2113, F1, i)(N3359,1,i) + (N2576->N1588, F0, i) + (N3706, F1, i)(N2334,0,i) + (N1264, F1, i)(N1230,0,i)}
{(N2113, F1, i)(N3359,1,i) + (N2576->N1588, F0, i) + (N3706, F1, i)(N2334,0,i) + (N469, F1, i)(N3093,1,i)}
{(N2113, F1, i)(N3359,1,i) + (N2576->N1588, F0, i) + (N3706, F1, i)(N2334,0,i) + (N3093->N1230, F0, i)}
{(N2113, F1, i)(N3359,1,i) + (N2576->N1588, F0, i) + (N3706, F1, i)(N2334,0,i) + (N1230, F1, i)}
{(N2113, F1, i)(N3359,1,i) + (N2576->N1588, F0, i) + (N3706, F1, i)(N2334,0,i) + (N1168->N2668, F0, i)}
{(N2113, F1, i)(N3359,1,i) + (N2576->N1588, F0, i) + (N3706, F1, i)(N2334,0,i) + (N2668, F1, i)}
{(N2113, F1, i)(N3359,1,i) + (N2576->N1588, F0, i) + (N3706, F1, i)(N2334,0,i) + (N2549, F1, i)(N1605,0,i)}
{(N2113, F1, i)(N3359,1,i) + (N2576->N1588, F0, i) + (N3706, F1, i)(N2334,0,i) + (N49->N1605, F0, i)}
{(N2113, F1, i)(N3359,1,i) + (N2576->N1588, F0, i) + (N3706, F1, i)(N2334,0,i) + (N1605, F1, i)}
{(N2113, F1, i)(N3359,1,i) + (N1588, F1, i) + (N1083->N489, F1, i) + (N1264, F1, i)(N1230,0,i)}
{(N2113, F1, i)(N3359,1,i) + (N1588, F1, i) + (N1083->N489, F1, i) + (N469, F1, i)(N3093,1,i)}
{(N2113, F1, i)(N3359,1,i) + (N1588, F1, i) + (N1083->N489, F1, i) + (N3093->N1230, F0, i)}
{(N2113, F1, i)(N3359,1,i) + (N1588, F1, i) + (N1083->N489, F1, i) + (N1230, F1, i)}
{(N2113, F1, i)(N3359,1,i) + (N1588, F1, i) + (N1083->N489, F1, i) + (N1168->N2668, F0, i)}
{(N2113, F1, i)(N3359,1,i) + (N1588, F1, i) + (N1083->N489, F1, i) + (N2668, F1, i)}
{(N2113, F1, i)(N3359,1,i) + (N1588, F1, i) + (N1083->N489, F1, i) + (N2549, F1, i)(N1605,0,i)}
{(N2113, F1, i)(N3359,1,i) + (N1588, F1, i) + (N1083->N489, F1, i) + (N49->N1605, F0, i)}
{(N2113, F1, i)(N3359,1,i) + (N1588, F1, i) + (N1083->N489, F1, i) + (N1605, F1, i)}
{(N2113, F1, i)(N3359,1,i) + (N1588, F1, i) + (N489, F1, i)(N432,1,i) + (N1264, F1, i)(N1230,0,i)}
{(N2113, F1, i)(N3359,1,i) + (N1588, F1, i) + (N489, F1, i)(N432,1,i) + (N469, F1, i)(N3093,1,i)}
{(N2113, F1, i)(N3359,1,i) + (N1588, F1, i) + (N489, F1, i)(N432,1,i) + (N3093->N1230, F0, i)}
{(N2113, F1, i)(N3359,1,i) + (N1588, F1, i) + (N489, F1, i)(N432,1,i) + (N1230, F1, i)}
{(N2113, F1, i)(N3359,1,i) + (N1588, F1, i) + (N489, F1, i)(N432,1,i) + (N1168->N2668, F0, i)}
{(N2113, F1, i)(N3359,1,i) + (N1588, F1, i) + (N489, F1, i)(N432,1,i) + (N2668, F1, i)}
{(N2113, F1, i)(N3359,1,i) + (N1588, F1, i) + (N489, F1, i)(N432,1,i) + (N2549, F1, i)(N1605,0,i)}
{(N2113, F1, i)(N3359,1,i) + (N1588, F1, i) + (N489, F1, i)(N432,1,i) + (N49->N1605, F0, i)}
{(N2113, F1, i)(N3359,1,i) + (N1588, F1, i) + (N489, F1, i)(N432,1,i) + (N1605, F1, i)}
{(N2113, F1, i)(N3359,1,i) + (N1588, F1, i) + (N1470->N2231, F1, i) + (N1264, F1, i)(N1230,0,i)}
{(N2113, F1, i)(N3359,1,i) + (N1588, F1, i) + (N1470->N2231, F1, i) + (N469, F1, i)(N3093,1,i)}
{(N2113, F1, i)(N3359,1,i) + (N1588, F1, i) + (N1470->N2231, F1, i) + (N3093->N1230, F0, i)}
{(N2113, F1, i)(N3359,1,i) + (N1588, F1, i) + (N1470->N2231, F1, i) + (N1230, F1, i)}
{(N2113, F1, i)(N3359,1,i) + (N1588, F1, i) + (N1470->N2231, F1, i) + (N1168->N2668, F0, i)}
{(N2113, F1, i)(N3359,1,i) + (N1588, F1, i) + (N1470->N2231, F1, i) + (N2668, F1, i)}
{(N2113, F1, i)(N3359,1,i) + (N1588, F1, i) + (N1470->N2231, F1, i) + (N2549, F1, i)(N1605,0,i)}
{(N2113, F1, i)(N3359,1,i) + (N1588, F1, i) + (N1470->N2231, F1, i) + (N49->N1605, F0, i)}
{(N2113, F1, i)(N3359,1,i) + (N1588, F1, i) + (N1470->N2231, F1, i) + (N1605, F1, i)}
{(N2113, F1, i)(N3359,1,i) + (N1588, F1, i) + (N2231, F1, i)(N3060,1,i) + (N1264, F1, i)(N1230,0,i)}
{(N2113, F1, i)(N3359,1,i) + (N1588, F1, i) + (N2231, F1, i)(N3060,1,i) + (N469, F1, i)(N3093,1,i)}
{(N2113, F1, i)(N3359,1,i) + (N1588, F1, i) + (N2231, F1, i)(N3060,1,i) + (N3093->N1230, F0, i)}
{(N2113, F1, i)(N3359,1,i) + (N1588, F1, i) + (N2231, F1, i)(N3060,1,i) + (N1230, F1, i)}
{(N2113, F1, i)(N3359,1,i) + (N1588, F1, i) + (N2231, F1, i)(N3060,1,i) + (N1168->N2668, F0, i)}
{(N2113, F1, i)(N3359,1,i) + (N1588, F1, i) + (N2231, F1, i)(N3060,1,i) + (N2668, F1, i)}
{(N2113, F1, i)(N3359,1,i) + (N1588, F1, i) + (N2231, F1, i)(N3060,1,i) + (N2549, F1, i)(N1605,0,i)}
{(N2113, F1, i)(N3359,1,i) + (N1588, F1, i) + (N2231, F1, i)(N3060,1,i) + (N49->N1605, F0, i)}
{(N2113, F1, i)(N3359,1,i) + (N1588, F1, i) + (N2231, F1, i)(N3060,1,i) + (N1605, F1, i)}
{(N2113, F1, i)(N3359,1,i) + (N1588, F1, i) + (N3706, F1, i)(N2334,0,i) + (N1264, F1, i)(N1230,0,i)}
{(N2113, F1, i)(N3359,1,i) + (N1588, F1, i) + (N3706, F1, i)(N2334,0,i) + (N469, F1, i)(N3093,1,i)}
{(N2113, F1, i)(N3359,1,i) + (N1588, F1, i) + (N3706, F1, i)(N2334,0,i) + (N3093->N1230, F0, i)}
{(N2113, F1, i)(N3359,1,i) + (N1588, F1, i) + (N3706, F1, i)(N2334,0,i) + (N1230, F1, i)}
{(N2113, F1, i)(N3359,1,i) + (N1588, F1, i) + (N3706, F1, i)(N2334,0,i) + (N1168->N2668, F0, i)}
{(N2113, F1, i)(N3359,1,i) + (N1588, F1, i) + (N3706, F1, i)(N2334,0,i) + (N2668, F1, i)}
{(N2113, F1, i)(N3359,1,i) + (N1588, F1, i) + (N3706, F1, i)(N2334,0,i) + (N2549, F1, i)(N1605,0,i)}
{(N2113, F1, i)(N3359,1,i) + (N1588, F1, i) + (N3706, F1, i)(N2334,0,i) + (N49->N1605, F0, i)}
{(N2113, F1, i)(N3359,1,i) + (N1588, F1, i) + (N3706, F1, i)(N2334,0,i) + (N1605, F1, i)}
{(N3727, F1, i)(N1180,1,i) + (N3085, F1, i)(N1049,1,i) + (N1083->N489, F1, i) + (N1264, F1, i)(N1230,0,i)}
{(N3727, F1, i)(N1180,1,i) + (N3085, F1, i)(N1049,1,i) + (N1083->N489, F1, i) + (N469, F1, i)(N3093,1,i)}
{(N3727, F1, i)(N1180,1,i) + (N3085, F1, i)(N1049,1,i) + (N1083->N489, F1, i) + (N3093->N1230, F0, i)}
{(N3727, F1, i)(N1180,1,i) + (N3085, F1, i)(N1049,1,i) + (N1083->N489, F1, i) + (N1230, F1, i)}
{(N3727, F1, i)(N1180,1,i) + (N3085, F1, i)(N1049,1,i) + (N1083->N489, F1, i) + (N1168->N2668, F0, i)}
{(N3727, F1, i)(N1180,1,i) + (N3085, F1, i)(N1049,1,i) + (N1083->N489, F1, i) + (N2668, F1, i)}
{(N3727, F1, i)(N1180,1,i) + (N3085, F1, i)(N1049,1,i) + (N1083->N489, F1, i) + (N2549, F1, i)(N1605,0,i)}
{(N3727, F1, i)(N1180,1,i) + (N3085, F1, i)(N1049,1,i) + (N1083->N489, F1, i) + (N49->N1605, F0, i)}
{(N3727, F1, i)(N1180,1,i) + (N3085, F1, i)(N1049,1,i) + (N1083->N489, F1, i) + (N1605, F1, i)}
{(N3727, F1, i)(N1180,1,i) + (N3085, F1, i)(N1049,1,i) + (N489, F1, i)(N432,1,i) + (N1264, F1, i)(N1230,0,i)}
{(N3727, F1, i)(N1180,1,i) + (N3085, F1, i)(N1049,1,i) + (N489, F1, i)(N432,1,i) + (N469, F1, i)(N3093,1,i)}
{(N3727, F1, i)(N1180,1,i) + (N3085, F1, i)(N1049,1,i) + (N489, F1, i)(N432,1,i) + (N3093->N1230, F0, i)}
{(N3727, F1, i)(N1180,1,i) + (N3085, F1, i)(N1049,1,i) + (N489, F1, i)(N432,1,i) + (N1230, F1, i)}
{(N3727, F1, i)(N1180,1,i) + (N3085, F1, i)(N1049,1,i) + (N489, F1, i)(N432,1,i) + (N1168->N2668, F0, i)}
{(N3727, F1, i)(N1180,1,i) + (N3085, F1, i)(N1049,1,i) + (N489, F1, i)(N432,1,i) + (N2668, F1, i)}
{(N3727, F1, i)(N1180,1,i) + (N3085, F1, i)(N1049,1,i) + (N489, F1, i)(N432,1,i) + (N2549, F1, i)(N1605,0,i)}
{(N3727, F1, i)(N1180,1,i) + (N3085, F1, i)(N1049,1,i) + (N489, F1, i)(N432,1,i) + (N49->N1605, F0, i)}
{(N3727, F1, i)(N1180,1,i) + (N3085, F1, i)(N1049,1,i) + (N489, F1, i)(N432,1,i) + (N1605, F1, i)}
{(N3727, F1, i)(N1180,1,i) + (N3085, F1, i)(N1049,1,i) + (N1470->N2231, F1, i) + (N1264, F1, i)(N1230,0,i)}
{(N3727, F1, i)(N1180,1,i) + (N3085, F1, i)(N1049,1,i) + (N1470->N2231, F1, i) + (N469, F1, i)(N3093,1,i)}
{(N3727, F1, i)(N1180,1,i) + (N3085, F1, i)(N1049,1,i) + (N1470->N2231, F1, i) + (N3093->N1230, F0, i)}
{(N3727, F1, i)(N1180,1,i) + (N3085, F1, i)(N1049,1,i) + (N1470->N2231, F1, i) + (N1230, F1, i)}
{(N3727, F1, i)(N1180,1,i) + (N3085, F1, i)(N1049,1,i) + (N1470->N2231, F1, i) + (N1168->N2668, F0, i)}
{(N3727, F1, i)(N1180,1,i) + (N3085, F1, i)(N1049,1,i) + (N1470->N2231, F1, i) + (N2668, F1, i)}
{(N3727, F1, i)(N1180,1,i) + (N3085, F1, i)(N1049,1,i) + (N1470->N2231, F1, i) + (N2549, F1, i)(N1605,0,i)}
{(N3727, F1, i)(N1180,1,i) + (N3085, F1, i)(N1049,1,i) + (N1470->N2231, F1, i) + (N49->N1605, F0, i)}
{(N3727, F1, i)(N1180,1,i) + (N3085, F1, i)(N1049,1,i) + (N1470->N2231, F1, i) + (N1605, F1, i)}
{(N3727, F1, i)(N1180,1,i) + (N3085, F1, i)(N1049,1,i) + (N2231, F1, i)(N3060,1,i) + (N1264, F1, i)(N1230,0,i)}
{(N3727, F1, i)(N1180,1,i) + (N3085, F1, i)(N1049,1,i) + (N2231, F1, i)(N3060,1,i) + (N469, F1, i)(N3093,1,i)}
{(N3727, F1, i)(N1180,1,i) + (N3085, F1, i)(N1049,1,i) + (N2231, F1, i)(N3060,1,i) + (N3093->N1230, F0, i)}
{(N3727, F1, i)(N1180,1,i) + (N3085, F1, i)(N1049,1,i) + (N2231, F1, i)(N3060,1,i) + (N1230, F1, i)}
{(N3727, F1, i)(N1180,1,i) + (N3085, F1, i)(N1049,1,i) + (N2231, F1, i)(N3060,1,i) + (N1168->N2668, F0, i)}
{(N3727, F1, i)(N1180,1,i) + (N3085, F1, i)(N1049,1,i) + (N2231, F1, i)(N3060,1,i) + (N2668, F1, i)}
{(N3727, F1, i)(N1180,1,i) + (N3085, F1, i)(N1049,1,i) + (N2231, F1, i)(N3060,1,i) + (N2549, F1, i)(N1605,0,i)}
{(N3727, F1, i)(N1180,1,i) + (N3085, F1, i)(N1049,1,i) + (N2231, F1, i)(N3060,1,i) + (N49->N1605, F0, i)}
{(N3727, F1, i)(N1180,1,i) + (N3085, F1, i)(N1049,1,i) + (N2231, F1, i)(N3060,1,i) + (N1605, F1, i)}
{(N3727, F1, i)(N1180,1,i) + (N3085, F1, i)(N1049,1,i) + (N3706, F1, i)(N2334,0,i) + (N1264, F1, i)(N1230,0,i)}
{(N3727, F1, i)(N1180,1,i) + (N3085, F1, i)(N1049,1,i) + (N3706, F1, i)(N2334,0,i) + (N469, F1, i)(N3093,1,i)}
{(N3727, F1, i)(N1180,1,i) + (N3085, F1, i)(N1049,1,i) + (N3706, F1, i)(N2334,0,i) + (N3093->N1230, F0, i)}
{(N3727, F1, i)(N1180,1,i) + (N3085, F1, i)(N1049,1,i) + (N3706, F1, i)(N2334,0,i) + (N1230, F1, i)}
{(N3727, F1, i)(N1180,1,i) + (N3085, F1, i)(N1049,1,i) + (N3706, F1, i)(N2334,0,i) + (N1168->N2668, F0, i)}
{(N3727, F1, i)(N1180,1,i) + (N3085, F1, i)(N1049,1,i) + (N3706, F1, i)(N2334,0,i) + (N2668, F1, i)}
{(N3727, F1, i)(N1180,1,i) + (N3085, F1, i)(N1049,1,i) + (N3706, F1, i)(N2334,0,i) + (N2549, F1, i)(N1605,0,i)}
{(N3727, F1, i)(N1180,1,i) + (N3085, F1, i)(N1049,1,i) + (N3706, F1, i)(N2334,0,i) + (N49->N1605, F0, i)}
{(N3727, F1, i)(N1180,1,i) + (N3085, F1, i)(N1049,1,i) + (N3706, F1, i)(N2334,0,i) + (N1605, F1, i)}
{(N3727, F1, i)(N1180,1,i) + (N2576->N1588, F0, i) + (N1083->N489, F1, i) + (N1264, F1, i)(N1230,0,i)}
{(N3727, F1, i)(N1180,1,i) + (N2576->N1588, F0, i) + (N1083->N489, F1, i) + (N469, F1, i)(N3093,1,i)}
{(N3727, F1, i)(N1180,1,i) + (N2576->N1588, F0, i) + (N1083->N489, F1, i) + (N3093->N1230, F0, i)}
{(N3727, F1, i)(N1180,1,i) + (N2576->N1588, F0, i) + (N1083->N489, F1, i) + (N1230, F1, i)}
{(N3727, F1, i)(N1180,1,i) + (N2576->N1588, F0, i) + (N1083->N489, F1, i) + (N1168->N2668, F0, i)}
{(N3727, F1, i)(N1180,1,i) + (N2576->N1588, F0, i) + (N1083->N489, F1, i) + (N2668, F1, i)}
{(N3727, F1, i)(N1180,1,i) + (N2576->N1588, F0, i) + (N1083->N489, F1, i) + (N2549, F1, i)(N1605,0,i)}
{(N3727, F1, i)(N1180,1,i) + (N2576->N1588, F0, i) + (N1083->N489, F1, i) + (N49->N1605, F0, i)}
{(N3727, F1, i)(N1180,1,i) + (N2576->N1588, F0, i) + (N1083->N489, F1, i) + (N1605, F1, i)}
{(N3727, F1, i)(N1180,1,i) + (N2576->N1588, F0, i) + (N489, F1, i)(N432,1,i) + (N1264, F1, i)(N1230,0,i)}
{(N3727, F1, i)(N1180,1,i) + (N2576->N1588, F0, i) + (N489, F1, i)(N432,1,i) + (N469, F1, i)(N3093,1,i)}
{(N3727, F1, i)(N1180,1,i) + (N2576->N1588, F0, i) + (N489, F1, i)(N432,1,i) + (N3093->N1230, F0, i)}
{(N3727, F1, i)(N1180,1,i) + (N2576->N1588, F0, i) + (N489, F1, i)(N432,1,i) + (N1230, F1, i)}
{(N3727, F1, i)(N1180,1,i) + (N2576->N1588, F0, i) + (N489, F1, i)(N432,1,i) + (N1168->N2668, F0, i)}
{(N3727, F1, i)(N1180,1,i) + (N2576->N1588, F0, i) + (N489, F1, i)(N432,1,i) + (N2668, F1, i)}
{(N3727, F1, i)(N1180,1,i) + (N2576->N1588, F0, i) + (N489, F1, i)(N432,1,i) + (N2549, F1, i)(N1605,0,i)}
{(N3727, F1, i)(N1180,1,i) + (N2576->N1588, F0, i) + (N489, F1, i)(N432,1,i) + (N49->N1605, F0, i)}
{(N3727, F1, i)(N1180,1,i) + (N2576->N1588, F0, i) + (N489, F1, i)(N432,1,i) + (N1605, F1, i)}
{(N3727, F1, i)(N1180,1,i) + (N2576->N1588, F0, i) + (N1470->N2231, F1, i) + (N1264, F1, i)(N1230,0,i)}
{(N3727, F1, i)(N1180,1,i) + (N2576->N1588, F0, i) + (N1470->N2231, F1, i) + (N469, F1, i)(N3093,1,i)}
{(N3727, F1, i)(N1180,1,i) + (N2576->N1588, F0, i) + (N1470->N2231, F1, i) + (N3093->N1230, F0, i)}
{(N3727, F1, i)(N1180,1,i) + (N2576->N1588, F0, i) + (N1470->N2231, F1, i) + (N1230, F1, i)}
{(N3727, F1, i)(N1180,1,i) + (N2576->N1588, F0, i) + (N1470->N2231, F1, i) + (N1168->N2668, F0, i)}
{(N3727, F1, i)(N1180,1,i) + (N2576->N1588, F0, i) + (N1470->N2231, F1, i) + (N2668, F1, i)}
{(N3727, F1, i)(N1180,1,i) + (N2576->N1588, F0, i) + (N1470->N2231, F1, i) + (N2549, F1, i)(N1605,0,i)}
{(N3727, F1, i)(N1180,1,i) + (N2576->N1588, F0, i) + (N1470->N2231, F1, i) + (N49->N1605, F0, i)}
{(N3727, F1, i)(N1180,1,i) + (N2576->N1588, F0, i) + (N1470->N2231, F1, i) + (N1605, F1, i)}
{(N3727, F1, i)(N1180,1,i) + (N2576->N1588, F0, i) + (N2231, F1, i)(N3060,1,i) + (N1264, F1, i)(N1230,0,i)}
{(N3727, F1, i)(N1180,1,i) + (N2576->N1588, F0, i) + (N2231, F1, i)(N3060,1,i) + (N469, F1, i)(N3093,1,i)}
{(N3727, F1, i)(N1180,1,i) + (N2576->N1588, F0, i) + (N2231, F1, i)(N3060,1,i) + (N3093->N1230, F0, i)}
{(N3727, F1, i)(N1180,1,i) + (N2576->N1588, F0, i) + (N2231, F1, i)(N3060,1,i) + (N1230, F1, i)}
{(N3727, F1, i)(N1180,1,i) + (N2576->N1588, F0, i) + (N2231, F1, i)(N3060,1,i) + (N1168->N2668, F0, i)}
{(N3727, F1, i)(N1180,1,i) + (N2576->N1588, F0, i) + (N2231, F1, i)(N3060,1,i) + (N2668, F1, i)}
{(N3727, F1, i)(N1180,1,i) + (N2576->N1588, F0, i) + (N2231, F1, i)(N3060,1,i) + (N2549, F1, i)(N1605,0,i)}
{(N3727, F1, i)(N1180,1,i) + (N2576->N1588, F0, i) + (N2231, F1, i)(N3060,1,i) + (N49->N1605, F0, i)}
{(N3727, F1, i)(N1180,1,i) + (N2576->N1588, F0, i) + (N2231, F1, i)(N3060,1,i) + (N1605, F1, i)}
{(N3727, F1, i)(N1180,1,i) + (N2576->N1588, F0, i) + (N3706, F1, i)(N2334,0,i) + (N1264, F1, i)(N1230,0,i)}
{(N3727, F1, i)(N1180,1,i) + (N2576->N1588, F0, i) + (N3706, F1, i)(N2334,0,i) + (N469, F1, i)(N3093,1,i)}
{(N3727, F1, i)(N1180,1,i) + (N2576->N1588, F0, i) + (N3706, F1, i)(N2334,0,i) + (N3093->N1230, F0, i)}
{(N3727, F1, i)(N1180,1,i) + (N2576->N1588, F0, i) + (N3706, F1, i)(N2334,0,i) + (N1230, F1, i)}
{(N3727, F1, i)(N1180,1,i) + (N2576->N1588, F0, i) + (N3706, F1, i)(N2334,0,i) + (N1168->N2668, F0, i)}
{(N3727, F1, i)(N1180,1,i) + (N2576->N1588, F0, i) + (N3706, F1, i)(N2334,0,i) + (N2668, F1, i)}
{(N3727, F1, i)(N1180,1,i) + (N2576->N1588, F0, i) + (N3706, F1, i)(N2334,0,i) + (N2549, F1, i)(N1605,0,i)}
{(N3727, F1, i)(N1180,1,i) + (N2576->N1588, F0, i) + (N3706, F1, i)(N2334,0,i) + (N49->N1605, F0, i)}
{(N3727, F1, i)(N1180,1,i) + (N2576->N1588, F0, i) + (N3706, F1, i)(N2334,0,i) + (N1605, F1, i)}
{(N3727, F1, i)(N1180,1,i) + (N1588, F1, i) + (N1083->N489, F1, i) + (N1264, F1, i)(N1230,0,i)}
{(N3727, F1, i)(N1180,1,i) + (N1588, F1, i) + (N1083->N489, F1, i) + (N469, F1, i)(N3093,1,i)}
{(N3727, F1, i)(N1180,1,i) + (N1588, F1, i) + (N1083->N489, F1, i) + (N3093->N1230, F0, i)}
{(N3727, F1, i)(N1180,1,i) + (N1588, F1, i) + (N1083->N489, F1, i) + (N1230, F1, i)}
{(N3727, F1, i)(N1180,1,i) + (N1588, F1, i) + (N1083->N489, F1, i) + (N1168->N2668, F0, i)}
{(N3727, F1, i)(N1180,1,i) + (N1588, F1, i) + (N1083->N489, F1, i) + (N2668, F1, i)}
{(N3727, F1, i)(N1180,1,i) + (N1588, F1, i) + (N1083->N489, F1, i) + (N2549, F1, i)(N1605,0,i)}
{(N3727, F1, i)(N1180,1,i) + (N1588, F1, i) + (N1083->N489, F1, i) + (N49->N1605, F0, i)}
{(N3727, F1, i)(N1180,1,i) + (N1588, F1, i) + (N1083->N489, F1, i) + (N1605, F1, i)}
{(N3727, F1, i)(N1180,1,i) + (N1588, F1, i) + (N489, F1, i)(N432,1,i) + (N1264, F1, i)(N1230,0,i)}
{(N3727, F1, i)(N1180,1,i) + (N1588, F1, i) + (N489, F1, i)(N432,1,i) + (N469, F1, i)(N3093,1,i)}
{(N3727, F1, i)(N1180,1,i) + (N1588, F1, i) + (N489, F1, i)(N432,1,i) + (N3093->N1230, F0, i)}
{(N3727, F1, i)(N1180,1,i) + (N1588, F1, i) + (N489, F1, i)(N432,1,i) + (N1230, F1, i)}
{(N3727, F1, i)(N1180,1,i) + (N1588, F1, i) + (N489, F1, i)(N432,1,i) + (N1168->N2668, F0, i)}
{(N3727, F1, i)(N1180,1,i) + (N1588, F1, i) + (N489, F1, i)(N432,1,i) + (N2668, F1, i)}
{(N3727, F1, i)(N1180,1,i) + (N1588, F1, i) + (N489, F1, i)(N432,1,i) + (N2549, F1, i)(N1605,0,i)}
{(N3727, F1, i)(N1180,1,i) + (N1588, F1, i) + (N489, F1, i)(N432,1,i) + (N49->N1605, F0, i)}
{(N3727, F1, i)(N1180,1,i) + (N1588, F1, i) + (N489, F1, i)(N432,1,i) + (N1605, F1, i)}
{(N3727, F1, i)(N1180,1,i) + (N1588, F1, i) + (N1470->N2231, F1, i) + (N1264, F1, i)(N1230,0,i)}
{(N3727, F1, i)(N1180,1,i) + (N1588, F1, i) + (N1470->N2231, F1, i) + (N469, F1, i)(N3093,1,i)}
{(N3727, F1, i)(N1180,1,i) + (N1588, F1, i) + (N1470->N2231, F1, i) + (N3093->N1230, F0, i)}
{(N3727, F1, i)(N1180,1,i) + (N1588, F1, i) + (N1470->N2231, F1, i) + (N1230, F1, i)}
{(N3727, F1, i)(N1180,1,i) + (N1588, F1, i) + (N1470->N2231, F1, i) + (N1168->N2668, F0, i)}
{(N3727, F1, i)(N1180,1,i) + (N1588, F1, i) + (N1470->N2231, F1, i) + (N2668, F1, i)}
{(N3727, F1, i)(N1180,1,i) + (N1588, F1, i) + (N1470->N2231, F1, i) + (N2549, F1, i)(N1605,0,i)}
{(N3727, F1, i)(N1180,1,i) + (N1588, F1, i) + (N1470->N2231, F1, i) + (N49->N1605, F0, i)}
{(N3727, F1, i)(N1180,1,i) + (N1588, F1, i) + (N1470->N2231, F1, i) + (N1605, F1, i)}
{(N3727, F1, i)(N1180,1,i) + (N1588, F1, i) + (N2231, F1, i)(N3060,1,i) + (N1264, F1, i)(N1230,0,i)}
{(N3727, F1, i)(N1180,1,i) + (N1588, F1, i) + (N2231, F1, i)(N3060,1,i) + (N469, F1, i)(N3093,1,i)}
{(N3727, F1, i)(N1180,1,i) + (N1588, F1, i) + (N2231, F1, i)(N3060,1,i) + (N3093->N1230, F0, i)}
{(N3727, F1, i)(N1180,1,i) + (N1588, F1, i) + (N2231, F1, i)(N3060,1,i) + (N1230, F1, i)}
{(N3727, F1, i)(N1180,1,i) + (N1588, F1, i) + (N2231, F1, i)(N3060,1,i) + (N1168->N2668, F0, i)}
{(N3727, F1, i)(N1180,1,i) + (N1588, F1, i) + (N2231, F1, i)(N3060,1,i) + (N2668, F1, i)}
{(N3727, F1, i)(N1180,1,i) + (N1588, F1, i) + (N2231, F1, i)(N3060,1,i) + (N2549, F1, i)(N1605,0,i)}
{(N3727, F1, i)(N1180,1,i) + (N1588, F1, i) + (N2231, F1, i)(N3060,1,i) + (N49->N1605, F0, i)}
{(N3727, F1, i)(N1180,1,i) + (N1588, F1, i) + (N2231, F1, i)(N3060,1,i) + (N1605, F1, i)}
{(N3727, F1, i)(N1180,1,i) + (N1588, F1, i) + (N3706, F1, i)(N2334,0,i) + (N1264, F1, i)(N1230,0,i)}
{(N3727, F1, i)(N1180,1,i) + (N1588, F1, i) + (N3706, F1, i)(N2334,0,i) + (N469, F1, i)(N3093,1,i)}
{(N3727, F1, i)(N1180,1,i) + (N1588, F1, i) + (N3706, F1, i)(N2334,0,i) + (N3093->N1230, F0, i)}
{(N3727, F1, i)(N1180,1,i) + (N1588, F1, i) + (N3706, F1, i)(N2334,0,i) + (N1230, F1, i)}
{(N3727, F1, i)(N1180,1,i) + (N1588, F1, i) + (N3706, F1, i)(N2334,0,i) + (N1168->N2668, F0, i)}
{(N3727, F1, i)(N1180,1,i) + (N1588, F1, i) + (N3706, F1, i)(N2334,0,i) + (N2668, F1, i)}
{(N3727, F1, i)(N1180,1,i) + (N1588, F1, i) + (N3706, F1, i)(N2334,0,i) + (N2549, F1, i)(N1605,0,i)}
{(N3727, F1, i)(N1180,1,i) + (N1588, F1, i) + (N3706, F1, i)(N2334,0,i) + (N49->N1605, F0, i)}
{(N3727, F1, i)(N1180,1,i) + (N1588, F1, i) + (N3706, F1, i)(N2334,0,i) + (N1605, F1, i)}
{(N39->N3859, F0, i) + (N3085, F1, i)(N1049,1,i) + (N1083->N489, F1, i) + (N1264, F1, i)(N1230,0,i)}
{(N39->N3859, F0, i) + (N3085, F1, i)(N1049,1,i) + (N1083->N489, F1, i) + (N469, F1, i)(N3093,1,i)}
{(N39->N3859, F0, i) + (N3085, F1, i)(N1049,1,i) + (N1083->N489, F1, i) + (N3093->N1230, F0, i)}
{(N39->N3859, F0, i) + (N3085, F1, i)(N1049,1,i) + (N1083->N489, F1, i) + (N1230, F1, i)}
{(N39->N3859, F0, i) + (N3085, F1, i)(N1049,1,i) + (N1083->N489, F1, i) + (N1168->N2668, F0, i)}
{(N39->N3859, F0, i) + (N3085, F1, i)(N1049,1,i) + (N1083->N489, F1, i) + (N2668, F1, i)}
{(N39->N3859, F0, i) + (N3085, F1, i)(N1049,1,i) + (N1083->N489, F1, i) + (N2549, F1, i)(N1605,0,i)}
{(N39->N3859, F0, i) + (N3085, F1, i)(N1049,1,i) + (N1083->N489, F1, i) + (N49->N1605, F0, i)}
{(N39->N3859, F0, i) + (N3085, F1, i)(N1049,1,i) + (N1083->N489, F1, i) + (N1605, F1, i)}
{(N39->N3859, F0, i) + (N3085, F1, i)(N1049,1,i) + (N489, F1, i)(N432,1,i) + (N1264, F1, i)(N1230,0,i)}
{(N39->N3859, F0, i) + (N3085, F1, i)(N1049,1,i) + (N489, F1, i)(N432,1,i) + (N469, F1, i)(N3093,1,i)}
{(N39->N3859, F0, i) + (N3085, F1, i)(N1049,1,i) + (N489, F1, i)(N432,1,i) + (N3093->N1230, F0, i)}
{(N39->N3859, F0, i) + (N3085, F1, i)(N1049,1,i) + (N489, F1, i)(N432,1,i) + (N1230, F1, i)}
{(N39->N3859, F0, i) + (N3085, F1, i)(N1049,1,i) + (N489, F1, i)(N432,1,i) + (N1168->N2668, F0, i)}
{(N39->N3859, F0, i) + (N3085, F1, i)(N1049,1,i) + (N489, F1, i)(N432,1,i) + (N2668, F1, i)}
{(N39->N3859, F0, i) + (N3085, F1, i)(N1049,1,i) + (N489, F1, i)(N432,1,i) + (N2549, F1, i)(N1605,0,i)}
{(N39->N3859, F0, i) + (N3085, F1, i)(N1049,1,i) + (N489, F1, i)(N432,1,i) + (N49->N1605, F0, i)}
{(N39->N3859, F0, i) + (N3085, F1, i)(N1049,1,i) + (N489, F1, i)(N432,1,i) + (N1605, F1, i)}
{(N39->N3859, F0, i) + (N3085, F1, i)(N1049,1,i) + (N1470->N2231, F1, i) + (N1264, F1, i)(N1230,0,i)}
{(N39->N3859, F0, i) + (N3085, F1, i)(N1049,1,i) + (N1470->N2231, F1, i) + (N469, F1, i)(N3093,1,i)}
{(N39->N3859, F0, i) + (N3085, F1, i)(N1049,1,i) + (N1470->N2231, F1, i) + (N3093->N1230, F0, i)}
{(N39->N3859, F0, i) + (N3085, F1, i)(N1049,1,i) + (N1470->N2231, F1, i) + (N1230, F1, i)}
{(N39->N3859, F0, i) + (N3085, F1, i)(N1049,1,i) + (N1470->N2231, F1, i) + (N1168->N2668, F0, i)}
{(N39->N3859, F0, i) + (N3085, F1, i)(N1049,1,i) + (N1470->N2231, F1, i) + (N2668, F1, i)}
{(N39->N3859, F0, i) + (N3085, F1, i)(N1049,1,i) + (N1470->N2231, F1, i) + (N2549, F1, i)(N1605,0,i)}
{(N39->N3859, F0, i) + (N3085, F1, i)(N1049,1,i) + (N1470->N2231, F1, i) + (N49->N1605, F0, i)}
{(N39->N3859, F0, i) + (N3085, F1, i)(N1049,1,i) + (N1470->N2231, F1, i) + (N1605, F1, i)}
{(N39->N3859, F0, i) + (N3085, F1, i)(N1049,1,i) + (N2231, F1, i)(N3060,1,i) + (N1264, F1, i)(N1230,0,i)}
{(N39->N3859, F0, i) + (N3085, F1, i)(N1049,1,i) + (N2231, F1, i)(N3060,1,i) + (N469, F1, i)(N3093,1,i)}
{(N39->N3859, F0, i) + (N3085, F1, i)(N1049,1,i) + (N2231, F1, i)(N3060,1,i) + (N3093->N1230, F0, i)}
{(N39->N3859, F0, i) + (N3085, F1, i)(N1049,1,i) + (N2231, F1, i)(N3060,1,i) + (N1230, F1, i)}
{(N39->N3859, F0, i) + (N3085, F1, i)(N1049,1,i) + (N2231, F1, i)(N3060,1,i) + (N1168->N2668, F0, i)}
{(N39->N3859, F0, i) + (N3085, F1, i)(N1049,1,i) + (N2231, F1, i)(N3060,1,i) + (N2668, F1, i)}
{(N39->N3859, F0, i) + (N3085, F1, i)(N1049,1,i) + (N2231, F1, i)(N3060,1,i) + (N2549, F1, i)(N1605,0,i)}
{(N39->N3859, F0, i) + (N3085, F1, i)(N1049,1,i) + (N2231, F1, i)(N3060,1,i) + (N49->N1605, F0, i)}
{(N39->N3859, F0, i) + (N3085, F1, i)(N1049,1,i) + (N2231, F1, i)(N3060,1,i) + (N1605, F1, i)}
{(N39->N3859, F0, i) + (N3085, F1, i)(N1049,1,i) + (N3706, F1, i)(N2334,0,i) + (N1264, F1, i)(N1230,0,i)}
{(N39->N3859, F0, i) + (N3085, F1, i)(N1049,1,i) + (N3706, F1, i)(N2334,0,i) + (N469, F1, i)(N3093,1,i)}
{(N39->N3859, F0, i) + (N3085, F1, i)(N1049,1,i) + (N3706, F1, i)(N2334,0,i) + (N3093->N1230, F0, i)}
{(N39->N3859, F0, i) + (N3085, F1, i)(N1049,1,i) + (N3706, F1, i)(N2334,0,i) + (N1230, F1, i)}
{(N39->N3859, F0, i) + (N3085, F1, i)(N1049,1,i) + (N3706, F1, i)(N2334,0,i) + (N1168->N2668, F0, i)}
{(N39->N3859, F0, i) + (N3085, F1, i)(N1049,1,i) + (N3706, F1, i)(N2334,0,i) + (N2668, F1, i)}
{(N39->N3859, F0, i) + (N3085, F1, i)(N1049,1,i) + (N3706, F1, i)(N2334,0,i) + (N2549, F1, i)(N1605,0,i)}
{(N39->N3859, F0, i) + (N3085, F1, i)(N1049,1,i) + (N3706, F1, i)(N2334,0,i) + (N49->N1605, F0, i)}
{(N39->N3859, F0, i) + (N3085, F1, i)(N1049,1,i) + (N3706, F1, i)(N2334,0,i) + (N1605, F1, i)}
{(N39->N3859, F0, i) + (N2576->N1588, F0, i) + (N1083->N489, F1, i) + (N1264, F1, i)(N1230,0,i)}
{(N39->N3859, F0, i) + (N2576->N1588, F0, i) + (N1083->N489, F1, i) + (N469, F1, i)(N3093,1,i)}
{(N39->N3859, F0, i) + (N2576->N1588, F0, i) + (N1083->N489, F1, i) + (N3093->N1230, F0, i)}
{(N39->N3859, F0, i) + (N2576->N1588, F0, i) + (N1083->N489, F1, i) + (N1230, F1, i)}
{(N39->N3859, F0, i) + (N2576->N1588, F0, i) + (N1083->N489, F1, i) + (N1168->N2668, F0, i)}
{(N39->N3859, F0, i) + (N2576->N1588, F0, i) + (N1083->N489, F1, i) + (N2668, F1, i)}
{(N39->N3859, F0, i) + (N2576->N1588, F0, i) + (N1083->N489, F1, i) + (N2549, F1, i)(N1605,0,i)}
{(N39->N3859, F0, i) + (N2576->N1588, F0, i) + (N1083->N489, F1, i) + (N49->N1605, F0, i)}
{(N39->N3859, F0, i) + (N2576->N1588, F0, i) + (N1083->N489, F1, i) + (N1605, F1, i)}
{(N39->N3859, F0, i) + (N2576->N1588, F0, i) + (N489, F1, i)(N432,1,i) + (N1264, F1, i)(N1230,0,i)}
{(N39->N3859, F0, i) + (N2576->N1588, F0, i) + (N489, F1, i)(N432,1,i) + (N469, F1, i)(N3093,1,i)}
{(N39->N3859, F0, i) + (N2576->N1588, F0, i) + (N489, F1, i)(N432,1,i) + (N3093->N1230, F0, i)}
{(N39->N3859, F0, i) + (N2576->N1588, F0, i) + (N489, F1, i)(N432,1,i) + (N1230, F1, i)}
{(N39->N3859, F0, i) + (N2576->N1588, F0, i) + (N489, F1, i)(N432,1,i) + (N1168->N2668, F0, i)}
{(N39->N3859, F0, i) + (N2576->N1588, F0, i) + (N489, F1, i)(N432,1,i) + (N2668, F1, i)}
{(N39->N3859, F0, i) + (N2576->N1588, F0, i) + (N489, F1, i)(N432,1,i) + (N2549, F1, i)(N1605,0,i)}
{(N39->N3859, F0, i) + (N2576->N1588, F0, i) + (N489, F1, i)(N432,1,i) + (N49->N1605, F0, i)}
{(N39->N3859, F0, i) + (N2576->N1588, F0, i) + (N489, F1, i)(N432,1,i) + (N1605, F1, i)}
{(N39->N3859, F0, i) + (N2576->N1588, F0, i) + (N1470->N2231, F1, i) + (N1264, F1, i)(N1230,0,i)}
{(N39->N3859, F0, i) + (N2576->N1588, F0, i) + (N1470->N2231, F1, i) + (N469, F1, i)(N3093,1,i)}
{(N39->N3859, F0, i) + (N2576->N1588, F0, i) + (N1470->N2231, F1, i) + (N3093->N1230, F0, i)}
{(N39->N3859, F0, i) + (N2576->N1588, F0, i) + (N1470->N2231, F1, i) + (N1230, F1, i)}
{(N39->N3859, F0, i) + (N2576->N1588, F0, i) + (N1470->N2231, F1, i) + (N1168->N2668, F0, i)}
{(N39->N3859, F0, i) + (N2576->N1588, F0, i) + (N1470->N2231, F1, i) + (N2668, F1, i)}
{(N39->N3859, F0, i) + (N2576->N1588, F0, i) + (N1470->N2231, F1, i) + (N2549, F1, i)(N1605,0,i)}
{(N39->N3859, F0, i) + (N2576->N1588, F0, i) + (N1470->N2231, F1, i) + (N49->N1605, F0, i)}
{(N39->N3859, F0, i) + (N2576->N1588, F0, i) + (N1470->N2231, F1, i) + (N1605, F1, i)}
{(N39->N3859, F0, i) + (N2576->N1588, F0, i) + (N2231, F1, i)(N3060,1,i) + (N1264, F1, i)(N1230,0,i)}
{(N39->N3859, F0, i) + (N2576->N1588, F0, i) + (N2231, F1, i)(N3060,1,i) + (N469, F1, i)(N3093,1,i)}
{(N39->N3859, F0, i) + (N2576->N1588, F0, i) + (N2231, F1, i)(N3060,1,i) + (N3093->N1230, F0, i)}
{(N39->N3859, F0, i) + (N2576->N1588, F0, i) + (N2231, F1, i)(N3060,1,i) + (N1230, F1, i)}
{(N39->N3859, F0, i) + (N2576->N1588, F0, i) + (N2231, F1, i)(N3060,1,i) + (N1168->N2668, F0, i)}
{(N39->N3859, F0, i) + (N2576->N1588, F0, i) + (N2231, F1, i)(N3060,1,i) + (N2668, F1, i)}
{(N39->N3859, F0, i) + (N2576->N1588, F0, i) + (N2231, F1, i)(N3060,1,i) + (N2549, F1, i)(N1605,0,i)}
{(N39->N3859, F0, i) + (N2576->N1588, F0, i) + (N2231, F1, i)(N3060,1,i) + (N49->N1605, F0, i)}
{(N39->N3859, F0, i) + (N2576->N1588, F0, i) + (N2231, F1, i)(N3060,1,i) + (N1605, F1, i)}
{(N39->N3859, F0, i) + (N2576->N1588, F0, i) + (N3706, F1, i)(N2334,0,i) + (N1264, F1, i)(N1230,0,i)}
{(N39->N3859, F0, i) + (N2576->N1588, F0, i) + (N3706, F1, i)(N2334,0,i) + (N469, F1, i)(N3093,1,i)}
{(N39->N3859, F0, i) + (N2576->N1588, F0, i) + (N3706, F1, i)(N2334,0,i) + (N3093->N1230, F0, i)}
{(N39->N3859, F0, i) + (N2576->N1588, F0, i) + (N3706, F1, i)(N2334,0,i) + (N1230, F1, i)}
{(N39->N3859, F0, i) + (N2576->N1588, F0, i) + (N3706, F1, i)(N2334,0,i) + (N1168->N2668, F0, i)}
{(N39->N3859, F0, i) + (N2576->N1588, F0, i) + (N3706, F1, i)(N2334,0,i) + (N2668, F1, i)}
{(N39->N3859, F0, i) + (N2576->N1588, F0, i) + (N3706, F1, i)(N2334,0,i) + (N2549, F1, i)(N1605,0,i)}
{(N39->N3859, F0, i) + (N2576->N1588, F0, i) + (N3706, F1, i)(N2334,0,i) + (N49->N1605, F0, i)}
{(N39->N3859, F0, i) + (N2576->N1588, F0, i) + (N3706, F1, i)(N2334,0,i) + (N1605, F1, i)}
{(N39->N3859, F0, i) + (N1588, F1, i) + (N1083->N489, F1, i) + (N1264, F1, i)(N1230,0,i)}
{(N39->N3859, F0, i) + (N1588, F1, i) + (N1083->N489, F1, i) + (N469, F1, i)(N3093,1,i)}
{(N39->N3859, F0, i) + (N1588, F1, i) + (N1083->N489, F1, i) + (N3093->N1230, F0, i)}
{(N39->N3859, F0, i) + (N1588, F1, i) + (N1083->N489, F1, i) + (N1230, F1, i)}
{(N39->N3859, F0, i) + (N1588, F1, i) + (N1083->N489, F1, i) + (N1168->N2668, F0, i)}
{(N39->N3859, F0, i) + (N1588, F1, i) + (N1083->N489, F1, i) + (N2668, F1, i)}
{(N39->N3859, F0, i) + (N1588, F1, i) + (N1083->N489, F1, i) + (N2549, F1, i)(N1605,0,i)}
{(N39->N3859, F0, i) + (N1588, F1, i) + (N1083->N489, F1, i) + (N49->N1605, F0, i)}
{(N39->N3859, F0, i) + (N1588, F1, i) + (N1083->N489, F1, i) + (N1605, F1, i)}
{(N39->N3859, F0, i) + (N1588, F1, i) + (N489, F1, i)(N432,1,i) + (N1264, F1, i)(N1230,0,i)}
{(N39->N3859, F0, i) + (N1588, F1, i) + (N489, F1, i)(N432,1,i) + (N469, F1, i)(N3093,1,i)}
{(N39->N3859, F0, i) + (N1588, F1, i) + (N489, F1, i)(N432,1,i) + (N3093->N1230, F0, i)}
{(N39->N3859, F0, i) + (N1588, F1, i) + (N489, F1, i)(N432,1,i) + (N1230, F1, i)}
{(N39->N3859, F0, i) + (N1588, F1, i) + (N489, F1, i)(N432,1,i) + (N1168->N2668, F0, i)}
{(N39->N3859, F0, i) + (N1588, F1, i) + (N489, F1, i)(N432,1,i) + (N2668, F1, i)}
{(N39->N3859, F0, i) + (N1588, F1, i) + (N489, F1, i)(N432,1,i) + (N2549, F1, i)(N1605,0,i)}
{(N39->N3859, F0, i) + (N1588, F1, i) + (N489, F1, i)(N432,1,i) + (N49->N1605, F0, i)}
{(N39->N3859, F0, i) + (N1588, F1, i) + (N489, F1, i)(N432,1,i) + (N1605, F1, i)}
{(N39->N3859, F0, i) + (N1588, F1, i) + (N1470->N2231, F1, i) + (N1264, F1, i)(N1230,0,i)}
{(N39->N3859, F0, i) + (N1588, F1, i) + (N1470->N2231, F1, i) + (N469, F1, i)(N3093,1,i)}
{(N39->N3859, F0, i) + (N1588, F1, i) + (N1470->N2231, F1, i) + (N3093->N1230, F0, i)}
{(N39->N3859, F0, i) + (N1588, F1, i) + (N1470->N2231, F1, i) + (N1230, F1, i)}
{(N39->N3859, F0, i) + (N1588, F1, i) + (N1470->N2231, F1, i) + (N1168->N2668, F0, i)}
{(N39->N3859, F0, i) + (N1588, F1, i) + (N1470->N2231, F1, i) + (N2668, F1, i)}
{(N39->N3859, F0, i) + (N1588, F1, i) + (N1470->N2231, F1, i) + (N2549, F1, i)(N1605,0,i)}
{(N39->N3859, F0, i) + (N1588, F1, i) + (N1470->N2231, F1, i) + (N49->N1605, F0, i)}
{(N39->N3859, F0, i) + (N1588, F1, i) + (N1470->N2231, F1, i) + (N1605, F1, i)}
{(N39->N3859, F0, i) + (N1588, F1, i) + (N2231, F1, i)(N3060,1,i) + (N1264, F1, i)(N1230,0,i)}
{(N39->N3859, F0, i) + (N1588, F1, i) + (N2231, F1, i)(N3060,1,i) + (N469, F1, i)(N3093,1,i)}
{(N39->N3859, F0, i) + (N1588, F1, i) + (N2231, F1, i)(N3060,1,i) + (N3093->N1230, F0, i)}
{(N39->N3859, F0, i) + (N1588, F1, i) + (N2231, F1, i)(N3060,1,i) + (N1230, F1, i)}
{(N39->N3859, F0, i) + (N1588, F1, i) + (N2231, F1, i)(N3060,1,i) + (N1168->N2668, F0, i)}
{(N39->N3859, F0, i) + (N1588, F1, i) + (N2231, F1, i)(N3060,1,i) + (N2668, F1, i)}
{(N39->N3859, F0, i) + (N1588, F1, i) + (N2231, F1, i)(N3060,1,i) + (N2549, F1, i)(N1605,0,i)}
{(N39->N3859, F0, i) + (N1588, F1, i) + (N2231, F1, i)(N3060,1,i) + (N49->N1605, F0, i)}
{(N39->N3859, F0, i) + (N1588, F1, i) + (N2231, F1, i)(N3060,1,i) + (N1605, F1, i)}
{(N39->N3859, F0, i) + (N1588, F1, i) + (N3706, F1, i)(N2334,0,i) + (N1264, F1, i)(N1230,0,i)}
{(N39->N3859, F0, i) + (N1588, F1, i) + (N3706, F1, i)(N2334,0,i) + (N469, F1, i)(N3093,1,i)}
{(N39->N3859, F0, i) + (N1588, F1, i) + (N3706, F1, i)(N2334,0,i) + (N3093->N1230, F0, i)}
{(N39->N3859, F0, i) + (N1588, F1, i) + (N3706, F1, i)(N2334,0,i) + (N1230, F1, i)}
{(N39->N3859, F0, i) + (N1588, F1, i) + (N3706, F1, i)(N2334,0,i) + (N1168->N2668, F0, i)}
{(N39->N3859, F0, i) + (N1588, F1, i) + (N3706, F1, i)(N2334,0,i) + (N2668, F1, i)}
{(N39->N3859, F0, i) + (N1588, F1, i) + (N3706, F1, i)(N2334,0,i) + (N2549, F1, i)(N1605,0,i)}
{(N39->N3859, F0, i) + (N1588, F1, i) + (N3706, F1, i)(N2334,0,i) + (N49->N1605, F0, i)}
{(N39->N3859, F0, i) + (N1588, F1, i) + (N3706, F1, i)(N2334,0,i) + (N1605, F1, i)}
{(N3859, F1, i) + (N3085, F1, i)(N1049,1,i) + (N1083->N489, F1, i) + (N1264, F1, i)(N1230,0,i)}
{(N3859, F1, i) + (N3085, F1, i)(N1049,1,i) + (N1083->N489, F1, i) + (N469, F1, i)(N3093,1,i)}
{(N3859, F1, i) + (N3085, F1, i)(N1049,1,i) + (N1083->N489, F1, i) + (N3093->N1230, F0, i)}
{(N3859, F1, i) + (N3085, F1, i)(N1049,1,i) + (N1083->N489, F1, i) + (N1230, F1, i)}
{(N3859, F1, i) + (N3085, F1, i)(N1049,1,i) + (N1083->N489, F1, i) + (N1168->N2668, F0, i)}
{(N3859, F1, i) + (N3085, F1, i)(N1049,1,i) + (N1083->N489, F1, i) + (N2668, F1, i)}
{(N3859, F1, i) + (N3085, F1, i)(N1049,1,i) + (N1083->N489, F1, i) + (N2549, F1, i)(N1605,0,i)}
{(N3859, F1, i) + (N3085, F1, i)(N1049,1,i) + (N1083->N489, F1, i) + (N49->N1605, F0, i)}
{(N3859, F1, i) + (N3085, F1, i)(N1049,1,i) + (N1083->N489, F1, i) + (N1605, F1, i)}
{(N3859, F1, i) + (N3085, F1, i)(N1049,1,i) + (N489, F1, i)(N432,1,i) + (N1264, F1, i)(N1230,0,i)}
{(N3859, F1, i) + (N3085, F1, i)(N1049,1,i) + (N489, F1, i)(N432,1,i) + (N469, F1, i)(N3093,1,i)}
{(N3859, F1, i) + (N3085, F1, i)(N1049,1,i) + (N489, F1, i)(N432,1,i) + (N3093->N1230, F0, i)}
{(N3859, F1, i) + (N3085, F1, i)(N1049,1,i) + (N489, F1, i)(N432,1,i) + (N1230, F1, i)}
{(N3859, F1, i) + (N3085, F1, i)(N1049,1,i) + (N489, F1, i)(N432,1,i) + (N1168->N2668, F0, i)}
{(N3859, F1, i) + (N3085, F1, i)(N1049,1,i) + (N489, F1, i)(N432,1,i) + (N2668, F1, i)}
{(N3859, F1, i) + (N3085, F1, i)(N1049,1,i) + (N489, F1, i)(N432,1,i) + (N2549, F1, i)(N1605,0,i)}
{(N3859, F1, i) + (N3085, F1, i)(N1049,1,i) + (N489, F1, i)(N432,1,i) + (N49->N1605, F0, i)}
{(N3859, F1, i) + (N3085, F1, i)(N1049,1,i) + (N489, F1, i)(N432,1,i) + (N1605, F1, i)}
{(N3859, F1, i) + (N3085, F1, i)(N1049,1,i) + (N1470->N2231, F1, i) + (N1264, F1, i)(N1230,0,i)}
{(N3859, F1, i) + (N3085, F1, i)(N1049,1,i) + (N1470->N2231, F1, i) + (N469, F1, i)(N3093,1,i)}
{(N3859, F1, i) + (N3085, F1, i)(N1049,1,i) + (N1470->N2231, F1, i) + (N3093->N1230, F0, i)}
{(N3859, F1, i) + (N3085, F1, i)(N1049,1,i) + (N1470->N2231, F1, i) + (N1230, F1, i)}
{(N3859, F1, i) + (N3085, F1, i)(N1049,1,i) + (N1470->N2231, F1, i) + (N1168->N2668, F0, i)}
{(N3859, F1, i) + (N3085, F1, i)(N1049,1,i) + (N1470->N2231, F1, i) + (N2668, F1, i)}
{(N3859, F1, i) + (N3085, F1, i)(N1049,1,i) + (N1470->N2231, F1, i) + (N2549, F1, i)(N1605,0,i)}
{(N3859, F1, i) + (N3085, F1, i)(N1049,1,i) + (N1470->N2231, F1, i) + (N49->N1605, F0, i)}
{(N3859, F1, i) + (N3085, F1, i)(N1049,1,i) + (N1470->N2231, F1, i) + (N1605, F1, i)}
{(N3859, F1, i) + (N3085, F1, i)(N1049,1,i) + (N2231, F1, i)(N3060,1,i) + (N1264, F1, i)(N1230,0,i)}
{(N3859, F1, i) + (N3085, F1, i)(N1049,1,i) + (N2231, F1, i)(N3060,1,i) + (N469, F1, i)(N3093,1,i)}
{(N3859, F1, i) + (N3085, F1, i)(N1049,1,i) + (N2231, F1, i)(N3060,1,i) + (N3093->N1230, F0, i)}
{(N3859, F1, i) + (N3085, F1, i)(N1049,1,i) + (N2231, F1, i)(N3060,1,i) + (N1230, F1, i)}
{(N3859, F1, i) + (N3085, F1, i)(N1049,1,i) + (N2231, F1, i)(N3060,1,i) + (N1168->N2668, F0, i)}
{(N3859, F1, i) + (N3085, F1, i)(N1049,1,i) + (N2231, F1, i)(N3060,1,i) + (N2668, F1, i)}
{(N3859, F1, i) + (N3085, F1, i)(N1049,1,i) + (N2231, F1, i)(N3060,1,i) + (N2549, F1, i)(N1605,0,i)}
{(N3859, F1, i) + (N3085, F1, i)(N1049,1,i) + (N2231, F1, i)(N3060,1,i) + (N49->N1605, F0, i)}
{(N3859, F1, i) + (N3085, F1, i)(N1049,1,i) + (N2231, F1, i)(N3060,1,i) + (N1605, F1, i)}
{(N3859, F1, i) + (N3085, F1, i)(N1049,1,i) + (N3706, F1, i)(N2334,0,i) + (N1264, F1, i)(N1230,0,i)}
{(N3859, F1, i) + (N3085, F1, i)(N1049,1,i) + (N3706, F1, i)(N2334,0,i) + (N469, F1, i)(N3093,1,i)}
{(N3859, F1, i) + (N3085, F1, i)(N1049,1,i) + (N3706, F1, i)(N2334,0,i) + (N3093->N1230, F0, i)}
{(N3859, F1, i) + (N3085, F1, i)(N1049,1,i) + (N3706, F1, i)(N2334,0,i) + (N1230, F1, i)}
{(N3859, F1, i) + (N3085, F1, i)(N1049,1,i) + (N3706, F1, i)(N2334,0,i) + (N1168->N2668, F0, i)}
{(N3859, F1, i) + (N3085, F1, i)(N1049,1,i) + (N3706, F1, i)(N2334,0,i) + (N2668, F1, i)}
{(N3859, F1, i) + (N3085, F1, i)(N1049,1,i) + (N3706, F1, i)(N2334,0,i) + (N2549, F1, i)(N1605,0,i)}
{(N3859, F1, i) + (N3085, F1, i)(N1049,1,i) + (N3706, F1, i)(N2334,0,i) + (N49->N1605, F0, i)}
{(N3859, F1, i) + (N3085, F1, i)(N1049,1,i) + (N3706, F1, i)(N2334,0,i) + (N1605, F1, i)}
{(N3859, F1, i) + (N2576->N1588, F0, i) + (N1083->N489, F1, i) + (N1264, F1, i)(N1230,0,i)}
{(N3859, F1, i) + (N2576->N1588, F0, i) + (N1083->N489, F1, i) + (N469, F1, i)(N3093,1,i)}
{(N3859, F1, i) + (N2576->N1588, F0, i) + (N1083->N489, F1, i) + (N3093->N1230, F0, i)}
{(N3859, F1, i) + (N2576->N1588, F0, i) + (N1083->N489, F1, i) + (N1230, F1, i)}
{(N3859, F1, i) + (N2576->N1588, F0, i) + (N1083->N489, F1, i) + (N1168->N2668, F0, i)}
{(N3859, F1, i) + (N2576->N1588, F0, i) + (N1083->N489, F1, i) + (N2668, F1, i)}
{(N3859, F1, i) + (N2576->N1588, F0, i) + (N1083->N489, F1, i) + (N2549, F1, i)(N1605,0,i)}
{(N3859, F1, i) + (N2576->N1588, F0, i) + (N1083->N489, F1, i) + (N49->N1605, F0, i)}
{(N3859, F1, i) + (N2576->N1588, F0, i) + (N1083->N489, F1, i) + (N1605, F1, i)}
{(N3859, F1, i) + (N2576->N1588, F0, i) + (N489, F1, i)(N432,1,i) + (N1264, F1, i)(N1230,0,i)}
{(N3859, F1, i) + (N2576->N1588, F0, i) + (N489, F1, i)(N432,1,i) + (N469, F1, i)(N3093,1,i)}
{(N3859, F1, i) + (N2576->N1588, F0, i) + (N489, F1, i)(N432,1,i) + (N3093->N1230, F0, i)}
{(N3859, F1, i) + (N2576->N1588, F0, i) + (N489, F1, i)(N432,1,i) + (N1230, F1, i)}
{(N3859, F1, i) + (N2576->N1588, F0, i) + (N489, F1, i)(N432,1,i) + (N1168->N2668, F0, i)}
{(N3859, F1, i) + (N2576->N1588, F0, i) + (N489, F1, i)(N432,1,i) + (N2668, F1, i)}
{(N3859, F1, i) + (N2576->N1588, F0, i) + (N489, F1, i)(N432,1,i) + (N2549, F1, i)(N1605,0,i)}
{(N3859, F1, i) + (N2576->N1588, F0, i) + (N489, F1, i)(N432,1,i) + (N49->N1605, F0, i)}
{(N3859, F1, i) + (N2576->N1588, F0, i) + (N489, F1, i)(N432,1,i) + (N1605, F1, i)}
{(N3859, F1, i) + (N2576->N1588, F0, i) + (N1470->N2231, F1, i) + (N1264, F1, i)(N1230,0,i)}
{(N3859, F1, i) + (N2576->N1588, F0, i) + (N1470->N2231, F1, i) + (N469, F1, i)(N3093,1,i)}
{(N3859, F1, i) + (N2576->N1588, F0, i) + (N1470->N2231, F1, i) + (N3093->N1230, F0, i)}
{(N3859, F1, i) + (N2576->N1588, F0, i) + (N1470->N2231, F1, i) + (N1230, F1, i)}
{(N3859, F1, i) + (N2576->N1588, F0, i) + (N1470->N2231, F1, i) + (N1168->N2668, F0, i)}
{(N3859, F1, i) + (N2576->N1588, F0, i) + (N1470->N2231, F1, i) + (N2668, F1, i)}
{(N3859, F1, i) + (N2576->N1588, F0, i) + (N1470->N2231, F1, i) + (N2549, F1, i)(N1605,0,i)}
{(N3859, F1, i) + (N2576->N1588, F0, i) + (N1470->N2231, F1, i) + (N49->N1605, F0, i)}
{(N3859, F1, i) + (N2576->N1588, F0, i) + (N1470->N2231, F1, i) + (N1605, F1, i)}
{(N3859, F1, i) + (N2576->N1588, F0, i) + (N2231, F1, i)(N3060,1,i) + (N1264, F1, i)(N1230,0,i)}
{(N3859, F1, i) + (N2576->N1588, F0, i) + (N2231, F1, i)(N3060,1,i) + (N469, F1, i)(N3093,1,i)}
{(N3859, F1, i) + (N2576->N1588, F0, i) + (N2231, F1, i)(N3060,1,i) + (N3093->N1230, F0, i)}
{(N3859, F1, i) + (N2576->N1588, F0, i) + (N2231, F1, i)(N3060,1,i) + (N1230, F1, i)}
{(N3859, F1, i) + (N2576->N1588, F0, i) + (N2231, F1, i)(N3060,1,i) + (N1168->N2668, F0, i)}
{(N3859, F1, i) + (N2576->N1588, F0, i) + (N2231, F1, i)(N3060,1,i) + (N2668, F1, i)}
{(N3859, F1, i) + (N2576->N1588, F0, i) + (N2231, F1, i)(N3060,1,i) + (N2549, F1, i)(N1605,0,i)}
{(N3859, F1, i) + (N2576->N1588, F0, i) + (N2231, F1, i)(N3060,1,i) + (N49->N1605, F0, i)}
{(N3859, F1, i) + (N2576->N1588, F0, i) + (N2231, F1, i)(N3060,1,i) + (N1605, F1, i)}
{(N3859, F1, i) + (N2576->N1588, F0, i) + (N3706, F1, i)(N2334,0,i) + (N1264, F1, i)(N1230,0,i)}
{(N3859, F1, i) + (N2576->N1588, F0, i) + (N3706, F1, i)(N2334,0,i) + (N469, F1, i)(N3093,1,i)}
{(N3859, F1, i) + (N2576->N1588, F0, i) + (N3706, F1, i)(N2334,0,i) + (N3093->N1230, F0, i)}
{(N3859, F1, i) + (N2576->N1588, F0, i) + (N3706, F1, i)(N2334,0,i) + (N1230, F1, i)}
{(N3859, F1, i) + (N2576->N1588, F0, i) + (N3706, F1, i)(N2334,0,i) + (N1168->N2668, F0, i)}
{(N3859, F1, i) + (N2576->N1588, F0, i) + (N3706, F1, i)(N2334,0,i) + (N2668, F1, i)}
{(N3859, F1, i) + (N2576->N1588, F0, i) + (N3706, F1, i)(N2334,0,i) + (N2549, F1, i)(N1605,0,i)}
{(N3859, F1, i) + (N2576->N1588, F0, i) + (N3706, F1, i)(N2334,0,i) + (N49->N1605, F0, i)}
{(N3859, F1, i) + (N2576->N1588, F0, i) + (N3706, F1, i)(N2334,0,i) + (N1605, F1, i)}
{(N3859, F1, i) + (N1588, F1, i) + (N1083->N489, F1, i) + (N1264, F1, i)(N1230,0,i)}
{(N3859, F1, i) + (N1588, F1, i) + (N1083->N489, F1, i) + (N469, F1, i)(N3093,1,i)}
{(N3859, F1, i) + (N1588, F1, i) + (N1083->N489, F1, i) + (N3093->N1230, F0, i)}
{(N3859, F1, i) + (N1588, F1, i) + (N1083->N489, F1, i) + (N1230, F1, i)}
{(N3859, F1, i) + (N1588, F1, i) + (N1083->N489, F1, i) + (N1168->N2668, F0, i)}
{(N3859, F1, i) + (N1588, F1, i) + (N1083->N489, F1, i) + (N2668, F1, i)}
{(N3859, F1, i) + (N1588, F1, i) + (N1083->N489, F1, i) + (N2549, F1, i)(N1605,0,i)}
{(N3859, F1, i) + (N1588, F1, i) + (N1083->N489, F1, i) + (N49->N1605, F0, i)}
{(N3859, F1, i) + (N1588, F1, i) + (N1083->N489, F1, i) + (N1605, F1, i)}
{(N3859, F1, i) + (N1588, F1, i) + (N489, F1, i)(N432,1,i) + (N1264, F1, i)(N1230,0,i)}
{(N3859, F1, i) + (N1588, F1, i) + (N489, F1, i)(N432,1,i) + (N469, F1, i)(N3093,1,i)}
{(N3859, F1, i) + (N1588, F1, i) + (N489, F1, i)(N432,1,i) + (N3093->N1230, F0, i)}
{(N3859, F1, i) + (N1588, F1, i) + (N489, F1, i)(N432,1,i) + (N1230, F1, i)}
{(N3859, F1, i) + (N1588, F1, i) + (N489, F1, i)(N432,1,i) + (N1168->N2668, F0, i)}
{(N3859, F1, i) + (N1588, F1, i) + (N489, F1, i)(N432,1,i) + (N2668, F1, i)}
{(N3859, F1, i) + (N1588, F1, i) + (N489, F1, i)(N432,1,i) + (N2549, F1, i)(N1605,0,i)}
{(N3859, F1, i) + (N1588, F1, i) + (N489, F1, i)(N432,1,i) + (N49->N1605, F0, i)}
{(N3859, F1, i) + (N1588, F1, i) + (N489, F1, i)(N432,1,i) + (N1605, F1, i)}
{(N3859, F1, i) + (N1588, F1, i) + (N1470->N2231, F1, i) + (N1264, F1, i)(N1230,0,i)}
{(N3859, F1, i) + (N1588, F1, i) + (N1470->N2231, F1, i) + (N469, F1, i)(N3093,1,i)}
{(N3859, F1, i) + (N1588, F1, i) + (N1470->N2231, F1, i) + (N3093->N1230, F0, i)}
{(N3859, F1, i) + (N1588, F1, i) + (N1470->N2231, F1, i) + (N1230, F1, i)}
{(N3859, F1, i) + (N1588, F1, i) + (N1470->N2231, F1, i) + (N1168->N2668, F0, i)}
{(N3859, F1, i) + (N1588, F1, i) + (N1470->N2231, F1, i) + (N2668, F1, i)}
{(N3859, F1, i) + (N1588, F1, i) + (N1470->N2231, F1, i) + (N2549, F1, i)(N1605,0,i)}
{(N3859, F1, i) + (N1588, F1, i) + (N1470->N2231, F1, i) + (N49->N1605, F0, i)}
{(N3859, F1, i) + (N1588, F1, i) + (N1470->N2231, F1, i) + (N1605, F1, i)}
{(N3859, F1, i) + (N1588, F1, i) + (N2231, F1, i)(N3060,1,i) + (N1264, F1, i)(N1230,0,i)}
{(N3859, F1, i) + (N1588, F1, i) + (N2231, F1, i)(N3060,1,i) + (N469, F1, i)(N3093,1,i)}
{(N3859, F1, i) + (N1588, F1, i) + (N2231, F1, i)(N3060,1,i) + (N3093->N1230, F0, i)}
{(N3859, F1, i) + (N1588, F1, i) + (N2231, F1, i)(N3060,1,i) + (N1230, F1, i)}
{(N3859, F1, i) + (N1588, F1, i) + (N2231, F1, i)(N3060,1,i) + (N1168->N2668, F0, i)}
{(N3859, F1, i) + (N1588, F1, i) + (N2231, F1, i)(N3060,1,i) + (N2668, F1, i)}
{(N3859, F1, i) + (N1588, F1, i) + (N2231, F1, i)(N3060,1,i) + (N2549, F1, i)(N1605,0,i)}
{(N3859, F1, i) + (N1588, F1, i) + (N2231, F1, i)(N3060,1,i) + (N49->N1605, F0, i)}
{(N3859, F1, i) + (N1588, F1, i) + (N2231, F1, i)(N3060,1,i) + (N1605, F1, i)}
{(N3859, F1, i) + (N1588, F1, i) + (N3706, F1, i)(N2334,0,i) + (N1264, F1, i)(N1230,0,i)}
{(N3859, F1, i) + (N1588, F1, i) + (N3706, F1, i)(N2334,0,i) + (N469, F1, i)(N3093,1,i)}
{(N3859, F1, i) + (N1588, F1, i) + (N3706, F1, i)(N2334,0,i) + (N3093->N1230, F0, i)}
{(N3859, F1, i) + (N1588, F1, i) + (N3706, F1, i)(N2334,0,i) + (N1230, F1, i)}
{(N3859, F1, i) + (N1588, F1, i) + (N3706, F1, i)(N2334,0,i) + (N1168->N2668, F0, i)}
{(N3859, F1, i) + (N1588, F1, i) + (N3706, F1, i)(N2334,0,i) + (N2668, F1, i)}
{(N3859, F1, i) + (N1588, F1, i) + (N3706, F1, i)(N2334,0,i) + (N2549, F1, i)(N1605,0,i)}
{(N3859, F1, i) + (N1588, F1, i) + (N3706, F1, i)(N2334,0,i) + (N49->N1605, F0, i)}
{(N3859, F1, i) + (N1588, F1, i) + (N3706, F1, i)(N2334,0,i) + (N1605, F1, i)}
{(N3402->N1927, F0, i) + (N3085, F1, i)(N1049,1,i) + (N1083->N489, F1, i) + (N1264, F1, i)(N1230,0,i)}
{(N3402->N1927, F0, i) + (N3085, F1, i)(N1049,1,i) + (N1083->N489, F1, i) + (N469, F1, i)(N3093,1,i)}
{(N3402->N1927, F0, i) + (N3085, F1, i)(N1049,1,i) + (N1083->N489, F1, i) + (N3093->N1230, F0, i)}
{(N3402->N1927, F0, i) + (N3085, F1, i)(N1049,1,i) + (N1083->N489, F1, i) + (N1230, F1, i)}
{(N3402->N1927, F0, i) + (N3085, F1, i)(N1049,1,i) + (N1083->N489, F1, i) + (N1168->N2668, F0, i)}
{(N3402->N1927, F0, i) + (N3085, F1, i)(N1049,1,i) + (N1083->N489, F1, i) + (N2668, F1, i)}
{(N3402->N1927, F0, i) + (N3085, F1, i)(N1049,1,i) + (N1083->N489, F1, i) + (N2549, F1, i)(N1605,0,i)}
{(N3402->N1927, F0, i) + (N3085, F1, i)(N1049,1,i) + (N1083->N489, F1, i) + (N49->N1605, F0, i)}
{(N3402->N1927, F0, i) + (N3085, F1, i)(N1049,1,i) + (N1083->N489, F1, i) + (N1605, F1, i)}
{(N3402->N1927, F0, i) + (N3085, F1, i)(N1049,1,i) + (N489, F1, i)(N432,1,i) + (N1264, F1, i)(N1230,0,i)}
{(N3402->N1927, F0, i) + (N3085, F1, i)(N1049,1,i) + (N489, F1, i)(N432,1,i) + (N469, F1, i)(N3093,1,i)}
{(N3402->N1927, F0, i) + (N3085, F1, i)(N1049,1,i) + (N489, F1, i)(N432,1,i) + (N3093->N1230, F0, i)}
{(N3402->N1927, F0, i) + (N3085, F1, i)(N1049,1,i) + (N489, F1, i)(N432,1,i) + (N1230, F1, i)}
{(N3402->N1927, F0, i) + (N3085, F1, i)(N1049,1,i) + (N489, F1, i)(N432,1,i) + (N1168->N2668, F0, i)}
{(N3402->N1927, F0, i) + (N3085, F1, i)(N1049,1,i) + (N489, F1, i)(N432,1,i) + (N2668, F1, i)}
{(N3402->N1927, F0, i) + (N3085, F1, i)(N1049,1,i) + (N489, F1, i)(N432,1,i) + (N2549, F1, i)(N1605,0,i)}
{(N3402->N1927, F0, i) + (N3085, F1, i)(N1049,1,i) + (N489, F1, i)(N432,1,i) + (N49->N1605, F0, i)}
{(N3402->N1927, F0, i) + (N3085, F1, i)(N1049,1,i) + (N489, F1, i)(N432,1,i) + (N1605, F1, i)}
{(N3402->N1927, F0, i) + (N3085, F1, i)(N1049,1,i) + (N1470->N2231, F1, i) + (N1264, F1, i)(N1230,0,i)}
{(N3402->N1927, F0, i) + (N3085, F1, i)(N1049,1,i) + (N1470->N2231, F1, i) + (N469, F1, i)(N3093,1,i)}
{(N3402->N1927, F0, i) + (N3085, F1, i)(N1049,1,i) + (N1470->N2231, F1, i) + (N3093->N1230, F0, i)}
{(N3402->N1927, F0, i) + (N3085, F1, i)(N1049,1,i) + (N1470->N2231, F1, i) + (N1230, F1, i)}
{(N3402->N1927, F0, i) + (N3085, F1, i)(N1049,1,i) + (N1470->N2231, F1, i) + (N1168->N2668, F0, i)}
{(N3402->N1927, F0, i) + (N3085, F1, i)(N1049,1,i) + (N1470->N2231, F1, i) + (N2668, F1, i)}
{(N3402->N1927, F0, i) + (N3085, F1, i)(N1049,1,i) + (N1470->N2231, F1, i) + (N2549, F1, i)(N1605,0,i)}
{(N3402->N1927, F0, i) + (N3085, F1, i)(N1049,1,i) + (N1470->N2231, F1, i) + (N49->N1605, F0, i)}
{(N3402->N1927, F0, i) + (N3085, F1, i)(N1049,1,i) + (N1470->N2231, F1, i) + (N1605, F1, i)}
{(N3402->N1927, F0, i) + (N3085, F1, i)(N1049,1,i) + (N2231, F1, i)(N3060,1,i) + (N1264, F1, i)(N1230,0,i)}
{(N3402->N1927, F0, i) + (N3085, F1, i)(N1049,1,i) + (N2231, F1, i)(N3060,1,i) + (N469, F1, i)(N3093,1,i)}
{(N3402->N1927, F0, i) + (N3085, F1, i)(N1049,1,i) + (N2231, F1, i)(N3060,1,i) + (N3093->N1230, F0, i)}
{(N3402->N1927, F0, i) + (N3085, F1, i)(N1049,1,i) + (N2231, F1, i)(N3060,1,i) + (N1230, F1, i)}
{(N3402->N1927, F0, i) + (N3085, F1, i)(N1049,1,i) + (N2231, F1, i)(N3060,1,i) + (N1168->N2668, F0, i)}
{(N3402->N1927, F0, i) + (N3085, F1, i)(N1049,1,i) + (N2231, F1, i)(N3060,1,i) + (N2668, F1, i)}
{(N3402->N1927, F0, i) + (N3085, F1, i)(N1049,1,i) + (N2231, F1, i)(N3060,1,i) + (N2549, F1, i)(N1605,0,i)}
{(N3402->N1927, F0, i) + (N3085, F1, i)(N1049,1,i) + (N2231, F1, i)(N3060,1,i) + (N49->N1605, F0, i)}
{(N3402->N1927, F0, i) + (N3085, F1, i)(N1049,1,i) + (N2231, F1, i)(N3060,1,i) + (N1605, F1, i)}
{(N3402->N1927, F0, i) + (N3085, F1, i)(N1049,1,i) + (N3706, F1, i)(N2334,0,i) + (N1264, F1, i)(N1230,0,i)}
{(N3402->N1927, F0, i) + (N3085, F1, i)(N1049,1,i) + (N3706, F1, i)(N2334,0,i) + (N469, F1, i)(N3093,1,i)}
{(N3402->N1927, F0, i) + (N3085, F1, i)(N1049,1,i) + (N3706, F1, i)(N2334,0,i) + (N3093->N1230, F0, i)}
{(N3402->N1927, F0, i) + (N3085, F1, i)(N1049,1,i) + (N3706, F1, i)(N2334,0,i) + (N1230, F1, i)}
{(N3402->N1927, F0, i) + (N3085, F1, i)(N1049,1,i) + (N3706, F1, i)(N2334,0,i) + (N1168->N2668, F0, i)}
{(N3402->N1927, F0, i) + (N3085, F1, i)(N1049,1,i) + (N3706, F1, i)(N2334,0,i) + (N2668, F1, i)}
{(N3402->N1927, F0, i) + (N3085, F1, i)(N1049,1,i) + (N3706, F1, i)(N2334,0,i) + (N2549, F1, i)(N1605,0,i)}
{(N3402->N1927, F0, i) + (N3085, F1, i)(N1049,1,i) + (N3706, F1, i)(N2334,0,i) + (N49->N1605, F0, i)}
{(N3402->N1927, F0, i) + (N3085, F1, i)(N1049,1,i) + (N3706, F1, i)(N2334,0,i) + (N1605, F1, i)}
{(N3402->N1927, F0, i) + (N2576->N1588, F0, i) + (N1083->N489, F1, i) + (N1264, F1, i)(N1230,0,i)}
{(N3402->N1927, F0, i) + (N2576->N1588, F0, i) + (N1083->N489, F1, i) + (N469, F1, i)(N3093,1,i)}
{(N3402->N1927, F0, i) + (N2576->N1588, F0, i) + (N1083->N489, F1, i) + (N3093->N1230, F0, i)}
{(N3402->N1927, F0, i) + (N2576->N1588, F0, i) + (N1083->N489, F1, i) + (N1230, F1, i)}
{(N3402->N1927, F0, i) + (N2576->N1588, F0, i) + (N1083->N489, F1, i) + (N1168->N2668, F0, i)}
{(N3402->N1927, F0, i) + (N2576->N1588, F0, i) + (N1083->N489, F1, i) + (N2668, F1, i)}
{(N3402->N1927, F0, i) + (N2576->N1588, F0, i) + (N1083->N489, F1, i) + (N2549, F1, i)(N1605,0,i)}
{(N3402->N1927, F0, i) + (N2576->N1588, F0, i) + (N1083->N489, F1, i) + (N49->N1605, F0, i)}
{(N3402->N1927, F0, i) + (N2576->N1588, F0, i) + (N1083->N489, F1, i) + (N1605, F1, i)}
{(N3402->N1927, F0, i) + (N2576->N1588, F0, i) + (N489, F1, i)(N432,1,i) + (N1264, F1, i)(N1230,0,i)}
{(N3402->N1927, F0, i) + (N2576->N1588, F0, i) + (N489, F1, i)(N432,1,i) + (N469, F1, i)(N3093,1,i)}
{(N3402->N1927, F0, i) + (N2576->N1588, F0, i) + (N489, F1, i)(N432,1,i) + (N3093->N1230, F0, i)}
{(N3402->N1927, F0, i) + (N2576->N1588, F0, i) + (N489, F1, i)(N432,1,i) + (N1230, F1, i)}
{(N3402->N1927, F0, i) + (N2576->N1588, F0, i) + (N489, F1, i)(N432,1,i) + (N1168->N2668, F0, i)}
{(N3402->N1927, F0, i) + (N2576->N1588, F0, i) + (N489, F1, i)(N432,1,i) + (N2668, F1, i)}
{(N3402->N1927, F0, i) + (N2576->N1588, F0, i) + (N489, F1, i)(N432,1,i) + (N2549, F1, i)(N1605,0,i)}
{(N3402->N1927, F0, i) + (N2576->N1588, F0, i) + (N489, F1, i)(N432,1,i) + (N49->N1605, F0, i)}
{(N3402->N1927, F0, i) + (N2576->N1588, F0, i) + (N489, F1, i)(N432,1,i) + (N1605, F1, i)}
{(N3402->N1927, F0, i) + (N2576->N1588, F0, i) + (N1470->N2231, F1, i) + (N1264, F1, i)(N1230,0,i)}
{(N3402->N1927, F0, i) + (N2576->N1588, F0, i) + (N1470->N2231, F1, i) + (N469, F1, i)(N3093,1,i)}
{(N3402->N1927, F0, i) + (N2576->N1588, F0, i) + (N1470->N2231, F1, i) + (N3093->N1230, F0, i)}
{(N3402->N1927, F0, i) + (N2576->N1588, F0, i) + (N1470->N2231, F1, i) + (N1230, F1, i)}
{(N3402->N1927, F0, i) + (N2576->N1588, F0, i) + (N1470->N2231, F1, i) + (N1168->N2668, F0, i)}
{(N3402->N1927, F0, i) + (N2576->N1588, F0, i) + (N1470->N2231, F1, i) + (N2668, F1, i)}
{(N3402->N1927, F0, i) + (N2576->N1588, F0, i) + (N1470->N2231, F1, i) + (N2549, F1, i)(N1605,0,i)}
{(N3402->N1927, F0, i) + (N2576->N1588, F0, i) + (N1470->N2231, F1, i) + (N49->N1605, F0, i)}
{(N3402->N1927, F0, i) + (N2576->N1588, F0, i) + (N1470->N2231, F1, i) + (N1605, F1, i)}
{(N3402->N1927, F0, i) + (N2576->N1588, F0, i) + (N2231, F1, i)(N3060,1,i) + (N1264, F1, i)(N1230,0,i)}
{(N3402->N1927, F0, i) + (N2576->N1588, F0, i) + (N2231, F1, i)(N3060,1,i) + (N469, F1, i)(N3093,1,i)}
{(N3402->N1927, F0, i) + (N2576->N1588, F0, i) + (N2231, F1, i)(N3060,1,i) + (N3093->N1230, F0, i)}
{(N3402->N1927, F0, i) + (N2576->N1588, F0, i) + (N2231, F1, i)(N3060,1,i) + (N1230, F1, i)}
{(N3402->N1927, F0, i) + (N2576->N1588, F0, i) + (N2231, F1, i)(N3060,1,i) + (N1168->N2668, F0, i)}
{(N3402->N1927, F0, i) + (N2576->N1588, F0, i) + (N2231, F1, i)(N3060,1,i) + (N2668, F1, i)}
{(N3402->N1927, F0, i) + (N2576->N1588, F0, i) + (N2231, F1, i)(N3060,1,i) + (N2549, F1, i)(N1605,0,i)}
{(N3402->N1927, F0, i) + (N2576->N1588, F0, i) + (N2231, F1, i)(N3060,1,i) + (N49->N1605, F0, i)}
{(N3402->N1927, F0, i) + (N2576->N1588, F0, i) + (N2231, F1, i)(N3060,1,i) + (N1605, F1, i)}
{(N3402->N1927, F0, i) + (N2576->N1588, F0, i) + (N3706, F1, i)(N2334,0,i) + (N1264, F1, i)(N1230,0,i)}
{(N3402->N1927, F0, i) + (N2576->N1588, F0, i) + (N3706, F1, i)(N2334,0,i) + (N469, F1, i)(N3093,1,i)}
{(N3402->N1927, F0, i) + (N2576->N1588, F0, i) + (N3706, F1, i)(N2334,0,i) + (N3093->N1230, F0, i)}
{(N3402->N1927, F0, i) + (N2576->N1588, F0, i) + (N3706, F1, i)(N2334,0,i) + (N1230, F1, i)}
{(N3402->N1927, F0, i) + (N2576->N1588, F0, i) + (N3706, F1, i)(N2334,0,i) + (N1168->N2668, F0, i)}
{(N3402->N1927, F0, i) + (N2576->N1588, F0, i) + (N3706, F1, i)(N2334,0,i) + (N2668, F1, i)}
{(N3402->N1927, F0, i) + (N2576->N1588, F0, i) + (N3706, F1, i)(N2334,0,i) + (N2549, F1, i)(N1605,0,i)}
{(N3402->N1927, F0, i) + (N2576->N1588, F0, i) + (N3706, F1, i)(N2334,0,i) + (N49->N1605, F0, i)}
{(N3402->N1927, F0, i) + (N2576->N1588, F0, i) + (N3706, F1, i)(N2334,0,i) + (N1605, F1, i)}
{(N3402->N1927, F0, i) + (N1588, F1, i) + (N1083->N489, F1, i) + (N1264, F1, i)(N1230,0,i)}
{(N3402->N1927, F0, i) + (N1588, F1, i) + (N1083->N489, F1, i) + (N469, F1, i)(N3093,1,i)}
{(N3402->N1927, F0, i) + (N1588, F1, i) + (N1083->N489, F1, i) + (N3093->N1230, F0, i)}
{(N3402->N1927, F0, i) + (N1588, F1, i) + (N1083->N489, F1, i) + (N1230, F1, i)}
{(N3402->N1927, F0, i) + (N1588, F1, i) + (N1083->N489, F1, i) + (N1168->N2668, F0, i)}
{(N3402->N1927, F0, i) + (N1588, F1, i) + (N1083->N489, F1, i) + (N2668, F1, i)}
{(N3402->N1927, F0, i) + (N1588, F1, i) + (N1083->N489, F1, i) + (N2549, F1, i)(N1605,0,i)}
{(N3402->N1927, F0, i) + (N1588, F1, i) + (N1083->N489, F1, i) + (N49->N1605, F0, i)}
{(N3402->N1927, F0, i) + (N1588, F1, i) + (N1083->N489, F1, i) + (N1605, F1, i)}
{(N3402->N1927, F0, i) + (N1588, F1, i) + (N489, F1, i)(N432,1,i) + (N1264, F1, i)(N1230,0,i)}
{(N3402->N1927, F0, i) + (N1588, F1, i) + (N489, F1, i)(N432,1,i) + (N469, F1, i)(N3093,1,i)}
{(N3402->N1927, F0, i) + (N1588, F1, i) + (N489, F1, i)(N432,1,i) + (N3093->N1230, F0, i)}
{(N3402->N1927, F0, i) + (N1588, F1, i) + (N489, F1, i)(N432,1,i) + (N1230, F1, i)}
{(N3402->N1927, F0, i) + (N1588, F1, i) + (N489, F1, i)(N432,1,i) + (N1168->N2668, F0, i)}
{(N3402->N1927, F0, i) + (N1588, F1, i) + (N489, F1, i)(N432,1,i) + (N2668, F1, i)}
{(N3402->N1927, F0, i) + (N1588, F1, i) + (N489, F1, i)(N432,1,i) + (N2549, F1, i)(N1605,0,i)}
{(N3402->N1927, F0, i) + (N1588, F1, i) + (N489, F1, i)(N432,1,i) + (N49->N1605, F0, i)}
{(N3402->N1927, F0, i) + (N1588, F1, i) + (N489, F1, i)(N432,1,i) + (N1605, F1, i)}
{(N3402->N1927, F0, i) + (N1588, F1, i) + (N1470->N2231, F1, i) + (N1264, F1, i)(N1230,0,i)}
{(N3402->N1927, F0, i) + (N1588, F1, i) + (N1470->N2231, F1, i) + (N469, F1, i)(N3093,1,i)}
{(N3402->N1927, F0, i) + (N1588, F1, i) + (N1470->N2231, F1, i) + (N3093->N1230, F0, i)}
{(N3402->N1927, F0, i) + (N1588, F1, i) + (N1470->N2231, F1, i) + (N1230, F1, i)}
{(N3402->N1927, F0, i) + (N1588, F1, i) + (N1470->N2231, F1, i) + (N1168->N2668, F0, i)}
{(N3402->N1927, F0, i) + (N1588, F1, i) + (N1470->N2231, F1, i) + (N2668, F1, i)}
{(N3402->N1927, F0, i) + (N1588, F1, i) + (N1470->N2231, F1, i) + (N2549, F1, i)(N1605,0,i)}
{(N3402->N1927, F0, i) + (N1588, F1, i) + (N1470->N2231, F1, i) + (N49->N1605, F0, i)}
{(N3402->N1927, F0, i) + (N1588, F1, i) + (N1470->N2231, F1, i) + (N1605, F1, i)}
{(N3402->N1927, F0, i) + (N1588, F1, i) + (N2231, F1, i)(N3060,1,i) + (N1264, F1, i)(N1230,0,i)}
{(N3402->N1927, F0, i) + (N1588, F1, i) + (N2231, F1, i)(N3060,1,i) + (N469, F1, i)(N3093,1,i)}
{(N3402->N1927, F0, i) + (N1588, F1, i) + (N2231, F1, i)(N3060,1,i) + (N3093->N1230, F0, i)}
{(N3402->N1927, F0, i) + (N1588, F1, i) + (N2231, F1, i)(N3060,1,i) + (N1230, F1, i)}
{(N3402->N1927, F0, i) + (N1588, F1, i) + (N2231, F1, i)(N3060,1,i) + (N1168->N2668, F0, i)}
{(N3402->N1927, F0, i) + (N1588, F1, i) + (N2231, F1, i)(N3060,1,i) + (N2668, F1, i)}
{(N3402->N1927, F0, i) + (N1588, F1, i) + (N2231, F1, i)(N3060,1,i) + (N2549, F1, i)(N1605,0,i)}
{(N3402->N1927, F0, i) + (N1588, F1, i) + (N2231, F1, i)(N3060,1,i) + (N49->N1605, F0, i)}
{(N3402->N1927, F0, i) + (N1588, F1, i) + (N2231, F1, i)(N3060,1,i) + (N1605, F1, i)}
{(N3402->N1927, F0, i) + (N1588, F1, i) + (N3706, F1, i)(N2334,0,i) + (N1264, F1, i)(N1230,0,i)}
{(N3402->N1927, F0, i) + (N1588, F1, i) + (N3706, F1, i)(N2334,0,i) + (N469, F1, i)(N3093,1,i)}
{(N3402->N1927, F0, i) + (N1588, F1, i) + (N3706, F1, i)(N2334,0,i) + (N3093->N1230, F0, i)}
{(N3402->N1927, F0, i) + (N1588, F1, i) + (N3706, F1, i)(N2334,0,i) + (N1230, F1, i)}
{(N3402->N1927, F0, i) + (N1588, F1, i) + (N3706, F1, i)(N2334,0,i) + (N1168->N2668, F0, i)}
{(N3402->N1927, F0, i) + (N1588, F1, i) + (N3706, F1, i)(N2334,0,i) + (N2668, F1, i)}
{(N3402->N1927, F0, i) + (N1588, F1, i) + (N3706, F1, i)(N2334,0,i) + (N2549, F1, i)(N1605,0,i)}
{(N3402->N1927, F0, i) + (N1588, F1, i) + (N3706, F1, i)(N2334,0,i) + (N49->N1605, F0, i)}
{(N3402->N1927, F0, i) + (N1588, F1, i) + (N3706, F1, i)(N2334,0,i) + (N1605, F1, i)}
{(N1927, F1, i) + (N3085, F1, i)(N1049,1,i) + (N1083->N489, F1, i) + (N1264, F1, i)(N1230,0,i)}
{(N1927, F1, i) + (N3085, F1, i)(N1049,1,i) + (N1083->N489, F1, i) + (N469, F1, i)(N3093,1,i)}
{(N1927, F1, i) + (N3085, F1, i)(N1049,1,i) + (N1083->N489, F1, i) + (N3093->N1230, F0, i)}
{(N1927, F1, i) + (N3085, F1, i)(N1049,1,i) + (N1083->N489, F1, i) + (N1230, F1, i)}
{(N1927, F1, i) + (N3085, F1, i)(N1049,1,i) + (N1083->N489, F1, i) + (N1168->N2668, F0, i)}
{(N1927, F1, i) + (N3085, F1, i)(N1049,1,i) + (N1083->N489, F1, i) + (N2668, F1, i)}
{(N1927, F1, i) + (N3085, F1, i)(N1049,1,i) + (N1083->N489, F1, i) + (N2549, F1, i)(N1605,0,i)}
{(N1927, F1, i) + (N3085, F1, i)(N1049,1,i) + (N1083->N489, F1, i) + (N49->N1605, F0, i)}
{(N1927, F1, i) + (N3085, F1, i)(N1049,1,i) + (N1083->N489, F1, i) + (N1605, F1, i)}
{(N1927, F1, i) + (N3085, F1, i)(N1049,1,i) + (N489, F1, i)(N432,1,i) + (N1264, F1, i)(N1230,0,i)}
{(N1927, F1, i) + (N3085, F1, i)(N1049,1,i) + (N489, F1, i)(N432,1,i) + (N469, F1, i)(N3093,1,i)}
{(N1927, F1, i) + (N3085, F1, i)(N1049,1,i) + (N489, F1, i)(N432,1,i) + (N3093->N1230, F0, i)}
{(N1927, F1, i) + (N3085, F1, i)(N1049,1,i) + (N489, F1, i)(N432,1,i) + (N1230, F1, i)}
{(N1927, F1, i) + (N3085, F1, i)(N1049,1,i) + (N489, F1, i)(N432,1,i) + (N1168->N2668, F0, i)}
{(N1927, F1, i) + (N3085, F1, i)(N1049,1,i) + (N489, F1, i)(N432,1,i) + (N2668, F1, i)}
{(N1927, F1, i) + (N3085, F1, i)(N1049,1,i) + (N489, F1, i)(N432,1,i) + (N2549, F1, i)(N1605,0,i)}
{(N1927, F1, i) + (N3085, F1, i)(N1049,1,i) + (N489, F1, i)(N432,1,i) + (N49->N1605, F0, i)}
{(N1927, F1, i) + (N3085, F1, i)(N1049,1,i) + (N489, F1, i)(N432,1,i) + (N1605, F1, i)}
{(N1927, F1, i) + (N3085, F1, i)(N1049,1,i) + (N1470->N2231, F1, i) + (N1264, F1, i)(N1230,0,i)}
{(N1927, F1, i) + (N3085, F1, i)(N1049,1,i) + (N1470->N2231, F1, i) + (N469, F1, i)(N3093,1,i)}
{(N1927, F1, i) + (N3085, F1, i)(N1049,1,i) + (N1470->N2231, F1, i) + (N3093->N1230, F0, i)}
{(N1927, F1, i) + (N3085, F1, i)(N1049,1,i) + (N1470->N2231, F1, i) + (N1230, F1, i)}
{(N1927, F1, i) + (N3085, F1, i)(N1049,1,i) + (N1470->N2231, F1, i) + (N1168->N2668, F0, i)}
{(N1927, F1, i) + (N3085, F1, i)(N1049,1,i) + (N1470->N2231, F1, i) + (N2668, F1, i)}
{(N1927, F1, i) + (N3085, F1, i)(N1049,1,i) + (N1470->N2231, F1, i) + (N2549, F1, i)(N1605,0,i)}
{(N1927, F1, i) + (N3085, F1, i)(N1049,1,i) + (N1470->N2231, F1, i) + (N49->N1605, F0, i)}
{(N1927, F1, i) + (N3085, F1, i)(N1049,1,i) + (N1470->N2231, F1, i) + (N1605, F1, i)}
{(N1927, F1, i) + (N3085, F1, i)(N1049,1,i) + (N2231, F1, i)(N3060,1,i) + (N1264, F1, i)(N1230,0,i)}
{(N1927, F1, i) + (N3085, F1, i)(N1049,1,i) + (N2231, F1, i)(N3060,1,i) + (N469, F1, i)(N3093,1,i)}
{(N1927, F1, i) + (N3085, F1, i)(N1049,1,i) + (N2231, F1, i)(N3060,1,i) + (N3093->N1230, F0, i)}
{(N1927, F1, i) + (N3085, F1, i)(N1049,1,i) + (N2231, F1, i)(N3060,1,i) + (N1230, F1, i)}
{(N1927, F1, i) + (N3085, F1, i)(N1049,1,i) + (N2231, F1, i)(N3060,1,i) + (N1168->N2668, F0, i)}
{(N1927, F1, i) + (N3085, F1, i)(N1049,1,i) + (N2231, F1, i)(N3060,1,i) + (N2668, F1, i)}
{(N1927, F1, i) + (N3085, F1, i)(N1049,1,i) + (N2231, F1, i)(N3060,1,i) + (N2549, F1, i)(N1605,0,i)}
{(N1927, F1, i) + (N3085, F1, i)(N1049,1,i) + (N2231, F1, i)(N3060,1,i) + (N49->N1605, F0, i)}
{(N1927, F1, i) + (N3085, F1, i)(N1049,1,i) + (N2231, F1, i)(N3060,1,i) + (N1605, F1, i)}
{(N1927, F1, i) + (N3085, F1, i)(N1049,1,i) + (N3706, F1, i)(N2334,0,i) + (N1264, F1, i)(N1230,0,i)}
{(N1927, F1, i) + (N3085, F1, i)(N1049,1,i) + (N3706, F1, i)(N2334,0,i) + (N469, F1, i)(N3093,1,i)}
{(N1927, F1, i) + (N3085, F1, i)(N1049,1,i) + (N3706, F1, i)(N2334,0,i) + (N3093->N1230, F0, i)}
{(N1927, F1, i) + (N3085, F1, i)(N1049,1,i) + (N3706, F1, i)(N2334,0,i) + (N1230, F1, i)}
{(N1927, F1, i) + (N3085, F1, i)(N1049,1,i) + (N3706, F1, i)(N2334,0,i) + (N1168->N2668, F0, i)}
{(N1927, F1, i) + (N3085, F1, i)(N1049,1,i) + (N3706, F1, i)(N2334,0,i) + (N2668, F1, i)}
{(N1927, F1, i) + (N3085, F1, i)(N1049,1,i) + (N3706, F1, i)(N2334,0,i) + (N2549, F1, i)(N1605,0,i)}
{(N1927, F1, i) + (N3085, F1, i)(N1049,1,i) + (N3706, F1, i)(N2334,0,i) + (N49->N1605, F0, i)}
{(N1927, F1, i) + (N3085, F1, i)(N1049,1,i) + (N3706, F1, i)(N2334,0,i) + (N1605, F1, i)}
{(N1927, F1, i) + (N2576->N1588, F0, i) + (N1083->N489, F1, i) + (N1264, F1, i)(N1230,0,i)}
{(N1927, F1, i) + (N2576->N1588, F0, i) + (N1083->N489, F1, i) + (N469, F1, i)(N3093,1,i)}
{(N1927, F1, i) + (N2576->N1588, F0, i) + (N1083->N489, F1, i) + (N3093->N1230, F0, i)}
{(N1927, F1, i) + (N2576->N1588, F0, i) + (N1083->N489, F1, i) + (N1230, F1, i)}
{(N1927, F1, i) + (N2576->N1588, F0, i) + (N1083->N489, F1, i) + (N1168->N2668, F0, i)}
{(N1927, F1, i) + (N2576->N1588, F0, i) + (N1083->N489, F1, i) + (N2668, F1, i)}
{(N1927, F1, i) + (N2576->N1588, F0, i) + (N1083->N489, F1, i) + (N2549, F1, i)(N1605,0,i)}
{(N1927, F1, i) + (N2576->N1588, F0, i) + (N1083->N489, F1, i) + (N49->N1605, F0, i)}
{(N1927, F1, i) + (N2576->N1588, F0, i) + (N1083->N489, F1, i) + (N1605, F1, i)}
{(N1927, F1, i) + (N2576->N1588, F0, i) + (N489, F1, i)(N432,1,i) + (N1264, F1, i)(N1230,0,i)}
{(N1927, F1, i) + (N2576->N1588, F0, i) + (N489, F1, i)(N432,1,i) + (N469, F1, i)(N3093,1,i)}
{(N1927, F1, i) + (N2576->N1588, F0, i) + (N489, F1, i)(N432,1,i) + (N3093->N1230, F0, i)}
{(N1927, F1, i) + (N2576->N1588, F0, i) + (N489, F1, i)(N432,1,i) + (N1230, F1, i)}
{(N1927, F1, i) + (N2576->N1588, F0, i) + (N489, F1, i)(N432,1,i) + (N1168->N2668, F0, i)}
{(N1927, F1, i) + (N2576->N1588, F0, i) + (N489, F1, i)(N432,1,i) + (N2668, F1, i)}
{(N1927, F1, i) + (N2576->N1588, F0, i) + (N489, F1, i)(N432,1,i) + (N2549, F1, i)(N1605,0,i)}
{(N1927, F1, i) + (N2576->N1588, F0, i) + (N489, F1, i)(N432,1,i) + (N49->N1605, F0, i)}
{(N1927, F1, i) + (N2576->N1588, F0, i) + (N489, F1, i)(N432,1,i) + (N1605, F1, i)}
{(N1927, F1, i) + (N2576->N1588, F0, i) + (N1470->N2231, F1, i) + (N1264, F1, i)(N1230,0,i)}
{(N1927, F1, i) + (N2576->N1588, F0, i) + (N1470->N2231, F1, i) + (N469, F1, i)(N3093,1,i)}
{(N1927, F1, i) + (N2576->N1588, F0, i) + (N1470->N2231, F1, i) + (N3093->N1230, F0, i)}
{(N1927, F1, i) + (N2576->N1588, F0, i) + (N1470->N2231, F1, i) + (N1230, F1, i)}
{(N1927, F1, i) + (N2576->N1588, F0, i) + (N1470->N2231, F1, i) + (N1168->N2668, F0, i)}
{(N1927, F1, i) + (N2576->N1588, F0, i) + (N1470->N2231, F1, i) + (N2668, F1, i)}
{(N1927, F1, i) + (N2576->N1588, F0, i) + (N1470->N2231, F1, i) + (N2549, F1, i)(N1605,0,i)}
{(N1927, F1, i) + (N2576->N1588, F0, i) + (N1470->N2231, F1, i) + (N49->N1605, F0, i)}
{(N1927, F1, i) + (N2576->N1588, F0, i) + (N1470->N2231, F1, i) + (N1605, F1, i)}
{(N1927, F1, i) + (N2576->N1588, F0, i) + (N2231, F1, i)(N3060,1,i) + (N1264, F1, i)(N1230,0,i)}
{(N1927, F1, i) + (N2576->N1588, F0, i) + (N2231, F1, i)(N3060,1,i) + (N469, F1, i)(N3093,1,i)}
{(N1927, F1, i) + (N2576->N1588, F0, i) + (N2231, F1, i)(N3060,1,i) + (N3093->N1230, F0, i)}
{(N1927, F1, i) + (N2576->N1588, F0, i) + (N2231, F1, i)(N3060,1,i) + (N1230, F1, i)}
{(N1927, F1, i) + (N2576->N1588, F0, i) + (N2231, F1, i)(N3060,1,i) + (N1168->N2668, F0, i)}
{(N1927, F1, i) + (N2576->N1588, F0, i) + (N2231, F1, i)(N3060,1,i) + (N2668, F1, i)}
{(N1927, F1, i) + (N2576->N1588, F0, i) + (N2231, F1, i)(N3060,1,i) + (N2549, F1, i)(N1605,0,i)}
{(N1927, F1, i) + (N2576->N1588, F0, i) + (N2231, F1, i)(N3060,1,i) + (N49->N1605, F0, i)}
{(N1927, F1, i) + (N2576->N1588, F0, i) + (N2231, F1, i)(N3060,1,i) + (N1605, F1, i)}
{(N1927, F1, i) + (N2576->N1588, F0, i) + (N3706, F1, i)(N2334,0,i) + (N1264, F1, i)(N1230,0,i)}
{(N1927, F1, i) + (N2576->N1588, F0, i) + (N3706, F1, i)(N2334,0,i) + (N469, F1, i)(N3093,1,i)}
{(N1927, F1, i) + (N2576->N1588, F0, i) + (N3706, F1, i)(N2334,0,i) + (N3093->N1230, F0, i)}
{(N1927, F1, i) + (N2576->N1588, F0, i) + (N3706, F1, i)(N2334,0,i) + (N1230, F1, i)}
{(N1927, F1, i) + (N2576->N1588, F0, i) + (N3706, F1, i)(N2334,0,i) + (N1168->N2668, F0, i)}
{(N1927, F1, i) + (N2576->N1588, F0, i) + (N3706, F1, i)(N2334,0,i) + (N2668, F1, i)}
{(N1927, F1, i) + (N2576->N1588, F0, i) + (N3706, F1, i)(N2334,0,i) + (N2549, F1, i)(N1605,0,i)}
{(N1927, F1, i) + (N2576->N1588, F0, i) + (N3706, F1, i)(N2334,0,i) + (N49->N1605, F0, i)}
{(N1927, F1, i) + (N2576->N1588, F0, i) + (N3706, F1, i)(N2334,0,i) + (N1605, F1, i)}
{(N1927, F1, i) + (N1588, F1, i) + (N1083->N489, F1, i) + (N1264, F1, i)(N1230,0,i)}
{(N1927, F1, i) + (N1588, F1, i) + (N1083->N489, F1, i) + (N469, F1, i)(N3093,1,i)}
{(N1927, F1, i) + (N1588, F1, i) + (N1083->N489, F1, i) + (N3093->N1230, F0, i)}
{(N1927, F1, i) + (N1588, F1, i) + (N1083->N489, F1, i) + (N1230, F1, i)}
{(N1927, F1, i) + (N1588, F1, i) + (N1083->N489, F1, i) + (N1168->N2668, F0, i)}
{(N1927, F1, i) + (N1588, F1, i) + (N1083->N489, F1, i) + (N2668, F1, i)}
{(N1927, F1, i) + (N1588, F1, i) + (N1083->N489, F1, i) + (N2549, F1, i)(N1605,0,i)}
{(N1927, F1, i) + (N1588, F1, i) + (N1083->N489, F1, i) + (N49->N1605, F0, i)}
{(N1927, F1, i) + (N1588, F1, i) + (N1083->N489, F1, i) + (N1605, F1, i)}
{(N1927, F1, i) + (N1588, F1, i) + (N489, F1, i)(N432,1,i) + (N1264, F1, i)(N1230,0,i)}
{(N1927, F1, i) + (N1588, F1, i) + (N489, F1, i)(N432,1,i) + (N469, F1, i)(N3093,1,i)}
{(N1927, F1, i) + (N1588, F1, i) + (N489, F1, i)(N432,1,i) + (N3093->N1230, F0, i)}
{(N1927, F1, i) + (N1588, F1, i) + (N489, F1, i)(N432,1,i) + (N1230, F1, i)}
{(N1927, F1, i) + (N1588, F1, i) + (N489, F1, i)(N432,1,i) + (N1168->N2668, F0, i)}
{(N1927, F1, i) + (N1588, F1, i) + (N489, F1, i)(N432,1,i) + (N2668, F1, i)}
{(N1927, F1, i) + (N1588, F1, i) + (N489, F1, i)(N432,1,i) + (N2549, F1, i)(N1605,0,i)}
{(N1927, F1, i) + (N1588, F1, i) + (N489, F1, i)(N432,1,i) + (N49->N1605, F0, i)}
{(N1927, F1, i) + (N1588, F1, i) + (N489, F1, i)(N432,1,i) + (N1605, F1, i)}
{(N1927, F1, i) + (N1588, F1, i) + (N1470->N2231, F1, i) + (N1264, F1, i)(N1230,0,i)}
{(N1927, F1, i) + (N1588, F1, i) + (N1470->N2231, F1, i) + (N469, F1, i)(N3093,1,i)}
{(N1927, F1, i) + (N1588, F1, i) + (N1470->N2231, F1, i) + (N3093->N1230, F0, i)}
{(N1927, F1, i) + (N1588, F1, i) + (N1470->N2231, F1, i) + (N1230, F1, i)}
{(N1927, F1, i) + (N1588, F1, i) + (N1470->N2231, F1, i) + (N1168->N2668, F0, i)}
{(N1927, F1, i) + (N1588, F1, i) + (N1470->N2231, F1, i) + (N2668, F1, i)}
{(N1927, F1, i) + (N1588, F1, i) + (N1470->N2231, F1, i) + (N2549, F1, i)(N1605,0,i)}
{(N1927, F1, i) + (N1588, F1, i) + (N1470->N2231, F1, i) + (N49->N1605, F0, i)}
{(N1927, F1, i) + (N1588, F1, i) + (N1470->N2231, F1, i) + (N1605, F1, i)}
{(N1927, F1, i) + (N1588, F1, i) + (N2231, F1, i)(N3060,1,i) + (N1264, F1, i)(N1230,0,i)}
{(N1927, F1, i) + (N1588, F1, i) + (N2231, F1, i)(N3060,1,i) + (N469, F1, i)(N3093,1,i)}
{(N1927, F1, i) + (N1588, F1, i) + (N2231, F1, i)(N3060,1,i) + (N3093->N1230, F0, i)}
{(N1927, F1, i) + (N1588, F1, i) + (N2231, F1, i)(N3060,1,i) + (N1230, F1, i)}
{(N1927, F1, i) + (N1588, F1, i) + (N2231, F1, i)(N3060,1,i) + (N1168->N2668, F0, i)}
{(N1927, F1, i) + (N1588, F1, i) + (N2231, F1, i)(N3060,1,i) + (N2668, F1, i)}
{(N1927, F1, i) + (N1588, F1, i) + (N2231, F1, i)(N3060,1,i) + (N2549, F1, i)(N1605,0,i)}
{(N1927, F1, i) + (N1588, F1, i) + (N2231, F1, i)(N3060,1,i) + (N49->N1605, F0, i)}
{(N1927, F1, i) + (N1588, F1, i) + (N2231, F1, i)(N3060,1,i) + (N1605, F1, i)}
{(N1927, F1, i) + (N1588, F1, i) + (N3706, F1, i)(N2334,0,i) + (N1264, F1, i)(N1230,0,i)}
{(N1927, F1, i) + (N1588, F1, i) + (N3706, F1, i)(N2334,0,i) + (N469, F1, i)(N3093,1,i)}
{(N1927, F1, i) + (N1588, F1, i) + (N3706, F1, i)(N2334,0,i) + (N3093->N1230, F0, i)}
{(N1927, F1, i) + (N1588, F1, i) + (N3706, F1, i)(N2334,0,i) + (N1230, F1, i)}
{(N1927, F1, i) + (N1588, F1, i) + (N3706, F1, i)(N2334,0,i) + (N1168->N2668, F0, i)}
{(N1927, F1, i) + (N1588, F1, i) + (N3706, F1, i)(N2334,0,i) + (N2668, F1, i)}
{(N1927, F1, i) + (N1588, F1, i) + (N3706, F1, i)(N2334,0,i) + (N2549, F1, i)(N1605,0,i)}
{(N1927, F1, i) + (N1588, F1, i) + (N3706, F1, i)(N2334,0,i) + (N49->N1605, F0, i)}
{(N1927, F1, i) + (N1588, F1, i) + (N3706, F1, i)(N2334,0,i) + (N1605, F1, i)}
