{(N3564, F1, i) + (N554, F1, i) + (N1661, F1, i)(N3571,1,i) + (N3195->N1150, F1, i) + (N2546, F1, i)(N1314,1,i)}
{(N3564, F1, i) + (N554, F1, i) + (N1661, F1, i)(N3571,1,i) + (N3195->N1150, F1, i) + (N2455, F1, i)(N1263,1,i)}
{(N3564, F1, i) + (N554, F1, i) + (N1661, F1, i)(N3571,1,i) + (N3195->N1150, F1, i) + (N1263->N828, F0, i)}
{(N3564, F1, i) + (N554, F1, i) + (N1661, F1, i)(N3571,1,i) + (N3195->N1150, F1, i) + (N828, F1, i)}
{(N3564, F1, i) + (N554, F1, i) + (N1661, F1, i)(N3571,1,i) + (N3195->N1150, F1, i) + (N1314->N3457, F0, i)}
{(N3564, F1, i) + (N554, F1, i) + (N1661, F1, i)(N3571,1,i) + (N3195->N1150, F1, i) + (N3457, F1, i)}
{(N3564, F1, i) + (N554, F1, i) + (N1661, F1, i)(N3571,1,i) + (N3195->N1150, F1, i) + (N1068, F1, i)(N2783,0,i)}
{(N3564, F1, i) + (N554, F1, i) + (N1661, F1, i)(N3571,1,i) + (N3195->N1150, F1, i) + (N235->N2783, F0, i)}
{(N3564, F1, i) + (N554, F1, i) + (N1661, F1, i)(N3571,1,i) + (N3195->N1150, F1, i) + (N2783, F1, i)}
{(N3564, F1, i) + (N554, F1, i) + (N1661, F1, i)(N3571,1,i) + (N1150, F1, i)(N1287,1,i) + (N2546, F1, i)(N1314,1,i)}
{(N3564, F1, i) + (N554, F1, i) + (N1661, F1, i)(N3571,1,i) + (N1150, F1, i)(N1287,1,i) + (N2455, F1, i)(N1263,1,i)}
{(N3564, F1, i) + (N554, F1, i) + (N1661, F1, i)(N3571,1,i) + (N1150, F1, i)(N1287,1,i) + (N1263->N828, F0, i)}
{(N3564, F1, i) + (N554, F1, i) + (N1661, F1, i)(N3571,1,i) + (N1150, F1, i)(N1287,1,i) + (N828, F1, i)}
{(N3564, F1, i) + (N554, F1, i) + (N1661, F1, i)(N3571,1,i) + (N1150, F1, i)(N1287,1,i) + (N1314->N3457, F0, i)}
{(N3564, F1, i) + (N554, F1, i) + (N1661, F1, i)(N3571,1,i) + (N1150, F1, i)(N1287,1,i) + (N3457, F1, i)}
{(N3564, F1, i) + (N554, F1, i) + (N1661, F1, i)(N3571,1,i) + (N1150, F1, i)(N1287,1,i) + (N1068, F1, i)(N2783,0,i)}
{(N3564, F1, i) + (N554, F1, i) + (N1661, F1, i)(N3571,1,i) + (N1150, F1, i)(N1287,1,i) + (N235->N2783, F0, i)}
{(N3564, F1, i) + (N554, F1, i) + (N1661, F1, i)(N3571,1,i) + (N1150, F1, i)(N1287,1,i) + (N2783, F1, i)}
{(N3564, F1, i) + (N554, F1, i) + (N1661, F1, i)(N3571,1,i) + (N3302->N2323, F1, i) + (N2546, F1, i)(N1314,1,i)}
{(N3564, F1, i) + (N554, F1, i) + (N1661, F1, i)(N3571,1,i) + (N3302->N2323, F1, i) + (N2455, F1, i)(N1263,1,i)}
{(N3564, F1, i) + (N554, F1, i) + (N1661, F1, i)(N3571,1,i) + (N3302->N2323, F1, i) + (N1263->N828, F0, i)}
{(N3564, F1, i) + (N554, F1, i) + (N1661, F1, i)(N3571,1,i) + (N3302->N2323, F1, i) + (N828, F1, i)}
{(N3564, F1, i) + (N554, F1, i) + (N1661, F1, i)(N3571,1,i) + (N3302->N2323, F1, i) + (N1314->N3457, F0, i)}
{(N3564, F1, i) + (N554, F1, i) + (N1661, F1, i)(N3571,1,i) + (N3302->N2323, F1, i) + (N3457, F1, i)}
{(N3564, F1, i) + (N554, F1, i) + (N1661, F1, i)(N3571,1,i) + (N3302->N2323, F1, i) + (N1068, F1, i)(N2783,0,i)}
{(N3564, F1, i) + (N554, F1, i) + (N1661, F1, i)(N3571,1,i) + (N3302->N2323, F1, i) + (N235->N2783, F0, i)}
{(N3564, F1, i) + (N554, F1, i) + (N1661, F1, i)(N3571,1,i) + (N3302->N2323, F1, i) + (N2783, F1, i)}
{(N3564, F1, i) + (N554, F1, i) + (N1661, F1, i)(N3571,1,i) + (N2323, F1, i)(N2463,1,i) + (N2546, F1, i)(N1314,1,i)}
{(N3564, F1, i) + (N554, F1, i) + (N1661, F1, i)(N3571,1,i) + (N2323, F1, i)(N2463,1,i) + (N2455, F1, i)(N1263,1,i)}
{(N3564, F1, i) + (N554, F1, i) + (N1661, F1, i)(N3571,1,i) + (N2323, F1, i)(N2463,1,i) + (N1263->N828, F0, i)}
{(N3564, F1, i) + (N554, F1, i) + (N1661, F1, i)(N3571,1,i) + (N2323, F1, i)(N2463,1,i) + (N828, F1, i)}
{(N3564, F1, i) + (N554, F1, i) + (N1661, F1, i)(N3571,1,i) + (N2323, F1, i)(N2463,1,i) + (N1314->N3457, F0, i)}
{(N3564, F1, i) + (N554, F1, i) + (N1661, F1, i)(N3571,1,i) + (N2323, F1, i)(N2463,1,i) + (N3457, F1, i)}
{(N3564, F1, i) + (N554, F1, i) + (N1661, F1, i)(N3571,1,i) + (N2323, F1, i)(N2463,1,i) + (N1068, F1, i)(N2783,0,i)}
{(N3564, F1, i) + (N554, F1, i) + (N1661, F1, i)(N3571,1,i) + (N2323, F1, i)(N2463,1,i) + (N235->N2783, F0, i)}
{(N3564, F1, i) + (N554, F1, i) + (N1661, F1, i)(N3571,1,i) + (N2323, F1, i)(N2463,1,i) + (N2783, F1, i)}
{(N3564, F1, i) + (N554, F1, i) + (N169->N1710, F0, i) + (N3195->N1150, F1, i) + (N2546, F1, i)(N1314,1,i)}
{(N3564, F1, i) + (N554, F1, i) + (N169->N1710, F0, i) + (N3195->N1150, F1, i) + (N2455, F1, i)(N1263,1,i)}
{(N3564, F1, i) + (N554, F1, i) + (N169->N1710, F0, i) + (N3195->N1150, F1, i) + (N1263->N828, F0, i)}
{(N3564, F1, i) + (N554, F1, i) + (N169->N1710, F0, i) + (N3195->N1150, F1, i) + (N828, F1, i)}
{(N3564, F1, i) + (N554, F1, i) + (N169->N1710, F0, i) + (N3195->N1150, F1, i) + (N1314->N3457, F0, i)}
{(N3564, F1, i) + (N554, F1, i) + (N169->N1710, F0, i) + (N3195->N1150, F1, i) + (N3457, F1, i)}
{(N3564, F1, i) + (N554, F1, i) + (N169->N1710, F0, i) + (N3195->N1150, F1, i) + (N1068, F1, i)(N2783,0,i)}
{(N3564, F1, i) + (N554, F1, i) + (N169->N1710, F0, i) + (N3195->N1150, F1, i) + (N235->N2783, F0, i)}
{(N3564, F1, i) + (N554, F1, i) + (N169->N1710, F0, i) + (N3195->N1150, F1, i) + (N2783, F1, i)}
{(N3564, F1, i) + (N554, F1, i) + (N169->N1710, F0, i) + (N1150, F1, i)(N1287,1,i) + (N2546, F1, i)(N1314,1,i)}
{(N3564, F1, i) + (N554, F1, i) + (N169->N1710, F0, i) + (N1150, F1, i)(N1287,1,i) + (N2455, F1, i)(N1263,1,i)}
{(N3564, F1, i) + (N554, F1, i) + (N169->N1710, F0, i) + (N1150, F1, i)(N1287,1,i) + (N1263->N828, F0, i)}
{(N3564, F1, i) + (N554, F1, i) + (N169->N1710, F0, i) + (N1150, F1, i)(N1287,1,i) + (N828, F1, i)}
{(N3564, F1, i) + (N554, F1, i) + (N169->N1710, F0, i) + (N1150, F1, i)(N1287,1,i) + (N1314->N3457, F0, i)}
{(N3564, F1, i) + (N554, F1, i) + (N169->N1710, F0, i) + (N1150, F1, i)(N1287,1,i) + (N3457, F1, i)}
{(N3564, F1, i) + (N554, F1, i) + (N169->N1710, F0, i) + (N1150, F1, i)(N1287,1,i) + (N1068, F1, i)(N2783,0,i)}
{(N3564, F1, i) + (N554, F1, i) + (N169->N1710, F0, i) + (N1150, F1, i)(N1287,1,i) + (N235->N2783, F0, i)}
{(N3564, F1, i) + (N554, F1, i) + (N169->N1710, F0, i) + (N1150, F1, i)(N1287,1,i) + (N2783, F1, i)}
{(N3564, F1, i) + (N554, F1, i) + (N169->N1710, F0, i) + (N3302->N2323, F1, i) + (N2546, F1, i)(N1314,1,i)}
{(N3564, F1, i) + (N554, F1, i) + (N169->N1710, F0, i) + (N3302->N2323, F1, i) + (N2455, F1, i)(N1263,1,i)}
{(N3564, F1, i) + (N554, F1, i) + (N169->N1710, F0, i) + (N3302->N2323, F1, i) + (N1263->N828, F0, i)}
{(N3564, F1, i) + (N554, F1, i) + (N169->N1710, F0, i) + (N3302->N2323, F1, i) + (N828, F1, i)}
{(N3564, F1, i) + (N554, F1, i) + (N169->N1710, F0, i) + (N3302->N2323, F1, i) + (N1314->N3457, F0, i)}
{(N3564, F1, i) + (N554, F1, i) + (N169->N1710, F0, i) + (N3302->N2323, F1, i) + (N3457, F1, i)}
{(N3564, F1, i) + (N554, F1, i) + (N169->N1710, F0, i) + (N3302->N2323, F1, i) + (N1068, F1, i)(N2783,0,i)}
{(N3564, F1, i) + (N554, F1, i) + (N169->N1710, F0, i) + (N3302->N2323, F1, i) + (N235->N2783, F0, i)}
{(N3564, F1, i) + (N554, F1, i) + (N169->N1710, F0, i) + (N3302->N2323, F1, i) + (N2783, F1, i)}
{(N3564, F1, i) + (N554, F1, i) + (N169->N1710, F0, i) + (N2323, F1, i)(N2463,1,i) + (N2546, F1, i)(N1314,1,i)}
{(N3564, F1, i) + (N554, F1, i) + (N169->N1710, F0, i) + (N2323, F1, i)(N2463,1,i) + (N2455, F1, i)(N1263,1,i)}
{(N3564, F1, i) + (N554, F1, i) + (N169->N1710, F0, i) + (N2323, F1, i)(N2463,1,i) + (N1263->N828, F0, i)}
{(N3564, F1, i) + (N554, F1, i) + (N169->N1710, F0, i) + (N2323, F1, i)(N2463,1,i) + (N828, F1, i)}
{(N3564, F1, i) + (N554, F1, i) + (N169->N1710, F0, i) + (N2323, F1, i)(N2463,1,i) + (N1314->N3457, F0, i)}
{(N3564, F1, i) + (N554, F1, i) + (N169->N1710, F0, i) + (N2323, F1, i)(N2463,1,i) + (N3457, F1, i)}
{(N3564, F1, i) + (N554, F1, i) + (N169->N1710, F0, i) + (N2323, F1, i)(N2463,1,i) + (N1068, F1, i)(N2783,0,i)}
{(N3564, F1, i) + (N554, F1, i) + (N169->N1710, F0, i) + (N2323, F1, i)(N2463,1,i) + (N235->N2783, F0, i)}
{(N3564, F1, i) + (N554, F1, i) + (N169->N1710, F0, i) + (N2323, F1, i)(N2463,1,i) + (N2783, F1, i)}
{(N3564, F1, i) + (N554, F1, i) + (N1710, F1, i) + (N3195->N1150, F1, i) + (N2546, F1, i)(N1314,1,i)}
{(N3564, F1, i) + (N554, F1, i) + (N1710, F1, i) + (N3195->N1150, F1, i) + (N2455, F1, i)(N1263,1,i)}
{(N3564, F1, i) + (N554, F1, i) + (N1710, F1, i) + (N3195->N1150, F1, i) + (N1263->N828, F0, i)}
{(N3564, F1, i) + (N554, F1, i) + (N1710, F1, i) + (N3195->N1150, F1, i) + (N828, F1, i)}
{(N3564, F1, i) + (N554, F1, i) + (N1710, F1, i) + (N3195->N1150, F1, i) + (N1314->N3457, F0, i)}
{(N3564, F1, i) + (N554, F1, i) + (N1710, F1, i) + (N3195->N1150, F1, i) + (N3457, F1, i)}
{(N3564, F1, i) + (N554, F1, i) + (N1710, F1, i) + (N3195->N1150, F1, i) + (N1068, F1, i)(N2783,0,i)}
{(N3564, F1, i) + (N554, F1, i) + (N1710, F1, i) + (N3195->N1150, F1, i) + (N235->N2783, F0, i)}
{(N3564, F1, i) + (N554, F1, i) + (N1710, F1, i) + (N3195->N1150, F1, i) + (N2783, F1, i)}
{(N3564, F1, i) + (N554, F1, i) + (N1710, F1, i) + (N1150, F1, i)(N1287,1,i) + (N2546, F1, i)(N1314,1,i)}
{(N3564, F1, i) + (N554, F1, i) + (N1710, F1, i) + (N1150, F1, i)(N1287,1,i) + (N2455, F1, i)(N1263,1,i)}
{(N3564, F1, i) + (N554, F1, i) + (N1710, F1, i) + (N1150, F1, i)(N1287,1,i) + (N1263->N828, F0, i)}
{(N3564, F1, i) + (N554, F1, i) + (N1710, F1, i) + (N1150, F1, i)(N1287,1,i) + (N828, F1, i)}
{(N3564, F1, i) + (N554, F1, i) + (N1710, F1, i) + (N1150, F1, i)(N1287,1,i) + (N1314->N3457, F0, i)}
{(N3564, F1, i) + (N554, F1, i) + (N1710, F1, i) + (N1150, F1, i)(N1287,1,i) + (N3457, F1, i)}
{(N3564, F1, i) + (N554, F1, i) + (N1710, F1, i) + (N1150, F1, i)(N1287,1,i) + (N1068, F1, i)(N2783,0,i)}
{(N3564, F1, i) + (N554, F1, i) + (N1710, F1, i) + (N1150, F1, i)(N1287,1,i) + (N235->N2783, F0, i)}
{(N3564, F1, i) + (N554, F1, i) + (N1710, F1, i) + (N1150, F1, i)(N1287,1,i) + (N2783, F1, i)}
{(N3564, F1, i) + (N554, F1, i) + (N1710, F1, i) + (N3302->N2323, F1, i) + (N2546, F1, i)(N1314,1,i)}
{(N3564, F1, i) + (N554, F1, i) + (N1710, F1, i) + (N3302->N2323, F1, i) + (N2455, F1, i)(N1263,1,i)}
{(N3564, F1, i) + (N554, F1, i) + (N1710, F1, i) + (N3302->N2323, F1, i) + (N1263->N828, F0, i)}
{(N3564, F1, i) + (N554, F1, i) + (N1710, F1, i) + (N3302->N2323, F1, i) + (N828, F1, i)}
{(N3564, F1, i) + (N554, F1, i) + (N1710, F1, i) + (N3302->N2323, F1, i) + (N1314->N3457, F0, i)}
{(N3564, F1, i) + (N554, F1, i) + (N1710, F1, i) + (N3302->N2323, F1, i) + (N3457, F1, i)}
{(N3564, F1, i) + (N554, F1, i) + (N1710, F1, i) + (N3302->N2323, F1, i) + (N1068, F1, i)(N2783,0,i)}
{(N3564, F1, i) + (N554, F1, i) + (N1710, F1, i) + (N3302->N2323, F1, i) + (N235->N2783, F0, i)}
{(N3564, F1, i) + (N554, F1, i) + (N1710, F1, i) + (N3302->N2323, F1, i) + (N2783, F1, i)}
{(N3564, F1, i) + (N554, F1, i) + (N1710, F1, i) + (N2323, F1, i)(N2463,1,i) + (N2546, F1, i)(N1314,1,i)}
{(N3564, F1, i) + (N554, F1, i) + (N1710, F1, i) + (N2323, F1, i)(N2463,1,i) + (N2455, F1, i)(N1263,1,i)}
{(N3564, F1, i) + (N554, F1, i) + (N1710, F1, i) + (N2323, F1, i)(N2463,1,i) + (N1263->N828, F0, i)}
{(N3564, F1, i) + (N554, F1, i) + (N1710, F1, i) + (N2323, F1, i)(N2463,1,i) + (N828, F1, i)}
{(N3564, F1, i) + (N554, F1, i) + (N1710, F1, i) + (N2323, F1, i)(N2463,1,i) + (N1314->N3457, F0, i)}
{(N3564, F1, i) + (N554, F1, i) + (N1710, F1, i) + (N2323, F1, i)(N2463,1,i) + (N3457, F1, i)}
{(N3564, F1, i) + (N554, F1, i) + (N1710, F1, i) + (N2323, F1, i)(N2463,1,i) + (N1068, F1, i)(N2783,0,i)}
{(N3564, F1, i) + (N554, F1, i) + (N1710, F1, i) + (N2323, F1, i)(N2463,1,i) + (N235->N2783, F0, i)}
{(N3564, F1, i) + (N554, F1, i) + (N1710, F1, i) + (N2323, F1, i)(N2463,1,i) + (N2783, F1, i)}
{(N3564, F1, i) + (N562, F1, i) + (N1661, F1, i)(N3571,1,i) + (N3195->N1150, F1, i) + (N2546, F1, i)(N1314,1,i)}
{(N3564, F1, i) + (N562, F1, i) + (N1661, F1, i)(N3571,1,i) + (N3195->N1150, F1, i) + (N2455, F1, i)(N1263,1,i)}
{(N3564, F1, i) + (N562, F1, i) + (N1661, F1, i)(N3571,1,i) + (N3195->N1150, F1, i) + (N1263->N828, F0, i)}
{(N3564, F1, i) + (N562, F1, i) + (N1661, F1, i)(N3571,1,i) + (N3195->N1150, F1, i) + (N828, F1, i)}
{(N3564, F1, i) + (N562, F1, i) + (N1661, F1, i)(N3571,1,i) + (N3195->N1150, F1, i) + (N1314->N3457, F0, i)}
{(N3564, F1, i) + (N562, F1, i) + (N1661, F1, i)(N3571,1,i) + (N3195->N1150, F1, i) + (N3457, F1, i)}
{(N3564, F1, i) + (N562, F1, i) + (N1661, F1, i)(N3571,1,i) + (N3195->N1150, F1, i) + (N1068, F1, i)(N2783,0,i)}
{(N3564, F1, i) + (N562, F1, i) + (N1661, F1, i)(N3571,1,i) + (N3195->N1150, F1, i) + (N235->N2783, F0, i)}
{(N3564, F1, i) + (N562, F1, i) + (N1661, F1, i)(N3571,1,i) + (N3195->N1150, F1, i) + (N2783, F1, i)}
{(N3564, F1, i) + (N562, F1, i) + (N1661, F1, i)(N3571,1,i) + (N1150, F1, i)(N1287,1,i) + (N2546, F1, i)(N1314,1,i)}
{(N3564, F1, i) + (N562, F1, i) + (N1661, F1, i)(N3571,1,i) + (N1150, F1, i)(N1287,1,i) + (N2455, F1, i)(N1263,1,i)}
{(N3564, F1, i) + (N562, F1, i) + (N1661, F1, i)(N3571,1,i) + (N1150, F1, i)(N1287,1,i) + (N1263->N828, F0, i)}
{(N3564, F1, i) + (N562, F1, i) + (N1661, F1, i)(N3571,1,i) + (N1150, F1, i)(N1287,1,i) + (N828, F1, i)}
{(N3564, F1, i) + (N562, F1, i) + (N1661, F1, i)(N3571,1,i) + (N1150, F1, i)(N1287,1,i) + (N1314->N3457, F0, i)}
{(N3564, F1, i) + (N562, F1, i) + (N1661, F1, i)(N3571,1,i) + (N1150, F1, i)(N1287,1,i) + (N3457, F1, i)}
{(N3564, F1, i) + (N562, F1, i) + (N1661, F1, i)(N3571,1,i) + (N1150, F1, i)(N1287,1,i) + (N1068, F1, i)(N2783,0,i)}
{(N3564, F1, i) + (N562, F1, i) + (N1661, F1, i)(N3571,1,i) + (N1150, F1, i)(N1287,1,i) + (N235->N2783, F0, i)}
{(N3564, F1, i) + (N562, F1, i) + (N1661, F1, i)(N3571,1,i) + (N1150, F1, i)(N1287,1,i) + (N2783, F1, i)}
{(N3564, F1, i) + (N562, F1, i) + (N1661, F1, i)(N3571,1,i) + (N3302->N2323, F1, i) + (N2546, F1, i)(N1314,1,i)}
{(N3564, F1, i) + (N562, F1, i) + (N1661, F1, i)(N3571,1,i) + (N3302->N2323, F1, i) + (N2455, F1, i)(N1263,1,i)}
{(N3564, F1, i) + (N562, F1, i) + (N1661, F1, i)(N3571,1,i) + (N3302->N2323, F1, i) + (N1263->N828, F0, i)}
{(N3564, F1, i) + (N562, F1, i) + (N1661, F1, i)(N3571,1,i) + (N3302->N2323, F1, i) + (N828, F1, i)}
{(N3564, F1, i) + (N562, F1, i) + (N1661, F1, i)(N3571,1,i) + (N3302->N2323, F1, i) + (N1314->N3457, F0, i)}
{(N3564, F1, i) + (N562, F1, i) + (N1661, F1, i)(N3571,1,i) + (N3302->N2323, F1, i) + (N3457, F1, i)}
{(N3564, F1, i) + (N562, F1, i) + (N1661, F1, i)(N3571,1,i) + (N3302->N2323, F1, i) + (N1068, F1, i)(N2783,0,i)}
{(N3564, F1, i) + (N562, F1, i) + (N1661, F1, i)(N3571,1,i) + (N3302->N2323, F1, i) + (N235->N2783, F0, i)}
{(N3564, F1, i) + (N562, F1, i) + (N1661, F1, i)(N3571,1,i) + (N3302->N2323, F1, i) + (N2783, F1, i)}
{(N3564, F1, i) + (N562, F1, i) + (N1661, F1, i)(N3571,1,i) + (N2323, F1, i)(N2463,1,i) + (N2546, F1, i)(N1314,1,i)}
{(N3564, F1, i) + (N562, F1, i) + (N1661, F1, i)(N3571,1,i) + (N2323, F1, i)(N2463,1,i) + (N2455, F1, i)(N1263,1,i)}
{(N3564, F1, i) + (N562, F1, i) + (N1661, F1, i)(N3571,1,i) + (N2323, F1, i)(N2463,1,i) + (N1263->N828, F0, i)}
{(N3564, F1, i) + (N562, F1, i) + (N1661, F1, i)(N3571,1,i) + (N2323, F1, i)(N2463,1,i) + (N828, F1, i)}
{(N3564, F1, i) + (N562, F1, i) + (N1661, F1, i)(N3571,1,i) + (N2323, F1, i)(N2463,1,i) + (N1314->N3457, F0, i)}
{(N3564, F1, i) + (N562, F1, i) + (N1661, F1, i)(N3571,1,i) + (N2323, F1, i)(N2463,1,i) + (N3457, F1, i)}
{(N3564, F1, i) + (N562, F1, i) + (N1661, F1, i)(N3571,1,i) + (N2323, F1, i)(N2463,1,i) + (N1068, F1, i)(N2783,0,i)}
{(N3564, F1, i) + (N562, F1, i) + (N1661, F1, i)(N3571,1,i) + (N2323, F1, i)(N2463,1,i) + (N235->N2783, F0, i)}
{(N3564, F1, i) + (N562, F1, i) + (N1661, F1, i)(N3571,1,i) + (N2323, F1, i)(N2463,1,i) + (N2783, F1, i)}
{(N3564, F1, i) + (N562, F1, i) + (N169->N1710, F0, i) + (N3195->N1150, F1, i) + (N2546, F1, i)(N1314,1,i)}
{(N3564, F1, i) + (N562, F1, i) + (N169->N1710, F0, i) + (N3195->N1150, F1, i) + (N2455, F1, i)(N1263,1,i)}
{(N3564, F1, i) + (N562, F1, i) + (N169->N1710, F0, i) + (N3195->N1150, F1, i) + (N1263->N828, F0, i)}
{(N3564, F1, i) + (N562, F1, i) + (N169->N1710, F0, i) + (N3195->N1150, F1, i) + (N828, F1, i)}
{(N3564, F1, i) + (N562, F1, i) + (N169->N1710, F0, i) + (N3195->N1150, F1, i) + (N1314->N3457, F0, i)}
{(N3564, F1, i) + (N562, F1, i) + (N169->N1710, F0, i) + (N3195->N1150, F1, i) + (N3457, F1, i)}
{(N3564, F1, i) + (N562, F1, i) + (N169->N1710, F0, i) + (N3195->N1150, F1, i) + (N1068, F1, i)(N2783,0,i)}
{(N3564, F1, i) + (N562, F1, i) + (N169->N1710, F0, i) + (N3195->N1150, F1, i) + (N235->N2783, F0, i)}
{(N3564, F1, i) + (N562, F1, i) + (N169->N1710, F0, i) + (N3195->N1150, F1, i) + (N2783, F1, i)}
{(N3564, F1, i) + (N562, F1, i) + (N169->N1710, F0, i) + (N1150, F1, i)(N1287,1,i) + (N2546, F1, i)(N1314,1,i)}
{(N3564, F1, i) + (N562, F1, i) + (N169->N1710, F0, i) + (N1150, F1, i)(N1287,1,i) + (N2455, F1, i)(N1263,1,i)}
{(N3564, F1, i) + (N562, F1, i) + (N169->N1710, F0, i) + (N1150, F1, i)(N1287,1,i) + (N1263->N828, F0, i)}
{(N3564, F1, i) + (N562, F1, i) + (N169->N1710, F0, i) + (N1150, F1, i)(N1287,1,i) + (N828, F1, i)}
{(N3564, F1, i) + (N562, F1, i) + (N169->N1710, F0, i) + (N1150, F1, i)(N1287,1,i) + (N1314->N3457, F0, i)}
{(N3564, F1, i) + (N562, F1, i) + (N169->N1710, F0, i) + (N1150, F1, i)(N1287,1,i) + (N3457, F1, i)}
{(N3564, F1, i) + (N562, F1, i) + (N169->N1710, F0, i) + (N1150, F1, i)(N1287,1,i) + (N1068, F1, i)(N2783,0,i)}
{(N3564, F1, i) + (N562, F1, i) + (N169->N1710, F0, i) + (N1150, F1, i)(N1287,1,i) + (N235->N2783, F0, i)}
{(N3564, F1, i) + (N562, F1, i) + (N169->N1710, F0, i) + (N1150, F1, i)(N1287,1,i) + (N2783, F1, i)}
{(N3564, F1, i) + (N562, F1, i) + (N169->N1710, F0, i) + (N3302->N2323, F1, i) + (N2546, F1, i)(N1314,1,i)}
{(N3564, F1, i) + (N562, F1, i) + (N169->N1710, F0, i) + (N3302->N2323, F1, i) + (N2455, F1, i)(N1263,1,i)}
{(N3564, F1, i) + (N562, F1, i) + (N169->N1710, F0, i) + (N3302->N2323, F1, i) + (N1263->N828, F0, i)}
{(N3564, F1, i) + (N562, F1, i) + (N169->N1710, F0, i) + (N3302->N2323, F1, i) + (N828, F1, i)}
{(N3564, F1, i) + (N562, F1, i) + (N169->N1710, F0, i) + (N3302->N2323, F1, i) + (N1314->N3457, F0, i)}
{(N3564, F1, i) + (N562, F1, i) + (N169->N1710, F0, i) + (N3302->N2323, F1, i) + (N3457, F1, i)}
{(N3564, F1, i) + (N562, F1, i) + (N169->N1710, F0, i) + (N3302->N2323, F1, i) + (N1068, F1, i)(N2783,0,i)}
{(N3564, F1, i) + (N562, F1, i) + (N169->N1710, F0, i) + (N3302->N2323, F1, i) + (N235->N2783, F0, i)}
{(N3564, F1, i) + (N562, F1, i) + (N169->N1710, F0, i) + (N3302->N2323, F1, i) + (N2783, F1, i)}
{(N3564, F1, i) + (N562, F1, i) + (N169->N1710, F0, i) + (N2323, F1, i)(N2463,1,i) + (N2546, F1, i)(N1314,1,i)}
{(N3564, F1, i) + (N562, F1, i) + (N169->N1710, F0, i) + (N2323, F1, i)(N2463,1,i) + (N2455, F1, i)(N1263,1,i)}
{(N3564, F1, i) + (N562, F1, i) + (N169->N1710, F0, i) + (N2323, F1, i)(N2463,1,i) + (N1263->N828, F0, i)}
{(N3564, F1, i) + (N562, F1, i) + (N169->N1710, F0, i) + (N2323, F1, i)(N2463,1,i) + (N828, F1, i)}
{(N3564, F1, i) + (N562, F1, i) + (N169->N1710, F0, i) + (N2323, F1, i)(N2463,1,i) + (N1314->N3457, F0, i)}
{(N3564, F1, i) + (N562, F1, i) + (N169->N1710, F0, i) + (N2323, F1, i)(N2463,1,i) + (N3457, F1, i)}
{(N3564, F1, i) + (N562, F1, i) + (N169->N1710, F0, i) + (N2323, F1, i)(N2463,1,i) + (N1068, F1, i)(N2783,0,i)}
{(N3564, F1, i) + (N562, F1, i) + (N169->N1710, F0, i) + (N2323, F1, i)(N2463,1,i) + (N235->N2783, F0, i)}
{(N3564, F1, i) + (N562, F1, i) + (N169->N1710, F0, i) + (N2323, F1, i)(N2463,1,i) + (N2783, F1, i)}
{(N3564, F1, i) + (N562, F1, i) + (N1710, F1, i) + (N3195->N1150, F1, i) + (N2546, F1, i)(N1314,1,i)}
{(N3564, F1, i) + (N562, F1, i) + (N1710, F1, i) + (N3195->N1150, F1, i) + (N2455, F1, i)(N1263,1,i)}
{(N3564, F1, i) + (N562, F1, i) + (N1710, F1, i) + (N3195->N1150, F1, i) + (N1263->N828, F0, i)}
{(N3564, F1, i) + (N562, F1, i) + (N1710, F1, i) + (N3195->N1150, F1, i) + (N828, F1, i)}
{(N3564, F1, i) + (N562, F1, i) + (N1710, F1, i) + (N3195->N1150, F1, i) + (N1314->N3457, F0, i)}
{(N3564, F1, i) + (N562, F1, i) + (N1710, F1, i) + (N3195->N1150, F1, i) + (N3457, F1, i)}
{(N3564, F1, i) + (N562, F1, i) + (N1710, F1, i) + (N3195->N1150, F1, i) + (N1068, F1, i)(N2783,0,i)}
{(N3564, F1, i) + (N562, F1, i) + (N1710, F1, i) + (N3195->N1150, F1, i) + (N235->N2783, F0, i)}
{(N3564, F1, i) + (N562, F1, i) + (N1710, F1, i) + (N3195->N1150, F1, i) + (N2783, F1, i)}
{(N3564, F1, i) + (N562, F1, i) + (N1710, F1, i) + (N1150, F1, i)(N1287,1,i) + (N2546, F1, i)(N1314,1,i)}
{(N3564, F1, i) + (N562, F1, i) + (N1710, F1, i) + (N1150, F1, i)(N1287,1,i) + (N2455, F1, i)(N1263,1,i)}
{(N3564, F1, i) + (N562, F1, i) + (N1710, F1, i) + (N1150, F1, i)(N1287,1,i) + (N1263->N828, F0, i)}
{(N3564, F1, i) + (N562, F1, i) + (N1710, F1, i) + (N1150, F1, i)(N1287,1,i) + (N828, F1, i)}
{(N3564, F1, i) + (N562, F1, i) + (N1710, F1, i) + (N1150, F1, i)(N1287,1,i) + (N1314->N3457, F0, i)}
{(N3564, F1, i) + (N562, F1, i) + (N1710, F1, i) + (N1150, F1, i)(N1287,1,i) + (N3457, F1, i)}
{(N3564, F1, i) + (N562, F1, i) + (N1710, F1, i) + (N1150, F1, i)(N1287,1,i) + (N1068, F1, i)(N2783,0,i)}
{(N3564, F1, i) + (N562, F1, i) + (N1710, F1, i) + (N1150, F1, i)(N1287,1,i) + (N235->N2783, F0, i)}
{(N3564, F1, i) + (N562, F1, i) + (N1710, F1, i) + (N1150, F1, i)(N1287,1,i) + (N2783, F1, i)}
{(N3564, F1, i) + (N562, F1, i) + (N1710, F1, i) + (N3302->N2323, F1, i) + (N2546, F1, i)(N1314,1,i)}
{(N3564, F1, i) + (N562, F1, i) + (N1710, F1, i) + (N3302->N2323, F1, i) + (N2455, F1, i)(N1263,1,i)}
{(N3564, F1, i) + (N562, F1, i) + (N1710, F1, i) + (N3302->N2323, F1, i) + (N1263->N828, F0, i)}
{(N3564, F1, i) + (N562, F1, i) + (N1710, F1, i) + (N3302->N2323, F1, i) + (N828, F1, i)}
{(N3564, F1, i) + (N562, F1, i) + (N1710, F1, i) + (N3302->N2323, F1, i) + (N1314->N3457, F0, i)}
{(N3564, F1, i) + (N562, F1, i) + (N1710, F1, i) + (N3302->N2323, F1, i) + (N3457, F1, i)}
{(N3564, F1, i) + (N562, F1, i) + (N1710, F1, i) + (N3302->N2323, F1, i) + (N1068, F1, i)(N2783,0,i)}
{(N3564, F1, i) + (N562, F1, i) + (N1710, F1, i) + (N3302->N2323, F1, i) + (N235->N2783, F0, i)}
{(N3564, F1, i) + (N562, F1, i) + (N1710, F1, i) + (N3302->N2323, F1, i) + (N2783, F1, i)}
{(N3564, F1, i) + (N562, F1, i) + (N1710, F1, i) + (N2323, F1, i)(N2463,1,i) + (N2546, F1, i)(N1314,1,i)}
{(N3564, F1, i) + (N562, F1, i) + (N1710, F1, i) + (N2323, F1, i)(N2463,1,i) + (N2455, F1, i)(N1263,1,i)}
{(N3564, F1, i) + (N562, F1, i) + (N1710, F1, i) + (N2323, F1, i)(N2463,1,i) + (N1263->N828, F0, i)}
{(N3564, F1, i) + (N562, F1, i) + (N1710, F1, i) + (N2323, F1, i)(N2463,1,i) + (N828, F1, i)}
{(N3564, F1, i) + (N562, F1, i) + (N1710, F1, i) + (N2323, F1, i)(N2463,1,i) + (N1314->N3457, F0, i)}
{(N3564, F1, i) + (N562, F1, i) + (N1710, F1, i) + (N2323, F1, i)(N2463,1,i) + (N3457, F1, i)}
{(N3564, F1, i) + (N562, F1, i) + (N1710, F1, i) + (N2323, F1, i)(N2463,1,i) + (N1068, F1, i)(N2783,0,i)}
{(N3564, F1, i) + (N562, F1, i) + (N1710, F1, i) + (N2323, F1, i)(N2463,1,i) + (N235->N2783, F0, i)}
{(N3564, F1, i) + (N562, F1, i) + (N1710, F1, i) + (N2323, F1, i)(N2463,1,i) + (N2783, F1, i)}
{(N1664, F1, i) + (N554, F1, i) + (N1661, F1, i)(N3571,1,i) + (N3195->N1150, F1, i) + (N2546, F1, i)(N1314,1,i)}
{(N1664, F1, i) + (N554, F1, i) + (N1661, F1, i)(N3571,1,i) + (N3195->N1150, F1, i) + (N2455, F1, i)(N1263,1,i)}
{(N1664, F1, i) + (N554, F1, i) + (N1661, F1, i)(N3571,1,i) + (N3195->N1150, F1, i) + (N1263->N828, F0, i)}
{(N1664, F1, i) + (N554, F1, i) + (N1661, F1, i)(N3571,1,i) + (N3195->N1150, F1, i) + (N828, F1, i)}
{(N1664, F1, i) + (N554, F1, i) + (N1661, F1, i)(N3571,1,i) + (N3195->N1150, F1, i) + (N1314->N3457, F0, i)}
{(N1664, F1, i) + (N554, F1, i) + (N1661, F1, i)(N3571,1,i) + (N3195->N1150, F1, i) + (N3457, F1, i)}
{(N1664, F1, i) + (N554, F1, i) + (N1661, F1, i)(N3571,1,i) + (N3195->N1150, F1, i) + (N1068, F1, i)(N2783,0,i)}
{(N1664, F1, i) + (N554, F1, i) + (N1661, F1, i)(N3571,1,i) + (N3195->N1150, F1, i) + (N235->N2783, F0, i)}
{(N1664, F1, i) + (N554, F1, i) + (N1661, F1, i)(N3571,1,i) + (N3195->N1150, F1, i) + (N2783, F1, i)}
{(N1664, F1, i) + (N554, F1, i) + (N1661, F1, i)(N3571,1,i) + (N1150, F1, i)(N1287,1,i) + (N2546, F1, i)(N1314,1,i)}
{(N1664, F1, i) + (N554, F1, i) + (N1661, F1, i)(N3571,1,i) + (N1150, F1, i)(N1287,1,i) + (N2455, F1, i)(N1263,1,i)}
{(N1664, F1, i) + (N554, F1, i) + (N1661, F1, i)(N3571,1,i) + (N1150, F1, i)(N1287,1,i) + (N1263->N828, F0, i)}
{(N1664, F1, i) + (N554, F1, i) + (N1661, F1, i)(N3571,1,i) + (N1150, F1, i)(N1287,1,i) + (N828, F1, i)}
{(N1664, F1, i) + (N554, F1, i) + (N1661, F1, i)(N3571,1,i) + (N1150, F1, i)(N1287,1,i) + (N1314->N3457, F0, i)}
{(N1664, F1, i) + (N554, F1, i) + (N1661, F1, i)(N3571,1,i) + (N1150, F1, i)(N1287,1,i) + (N3457, F1, i)}
{(N1664, F1, i) + (N554, F1, i) + (N1661, F1, i)(N3571,1,i) + (N1150, F1, i)(N1287,1,i) + (N1068, F1, i)(N2783,0,i)}
{(N1664, F1, i) + (N554, F1, i) + (N1661, F1, i)(N3571,1,i) + (N1150, F1, i)(N1287,1,i) + (N235->N2783, F0, i)}
{(N1664, F1, i) + (N554, F1, i) + (N1661, F1, i)(N3571,1,i) + (N1150, F1, i)(N1287,1,i) + (N2783, F1, i)}
{(N1664, F1, i) + (N554, F1, i) + (N1661, F1, i)(N3571,1,i) + (N3302->N2323, F1, i) + (N2546, F1, i)(N1314,1,i)}
{(N1664, F1, i) + (N554, F1, i) + (N1661, F1, i)(N3571,1,i) + (N3302->N2323, F1, i) + (N2455, F1, i)(N1263,1,i)}
{(N1664, F1, i) + (N554, F1, i) + (N1661, F1, i)(N3571,1,i) + (N3302->N2323, F1, i) + (N1263->N828, F0, i)}
{(N1664, F1, i) + (N554, F1, i) + (N1661, F1, i)(N3571,1,i) + (N3302->N2323, F1, i) + (N828, F1, i)}
{(N1664, F1, i) + (N554, F1, i) + (N1661, F1, i)(N3571,1,i) + (N3302->N2323, F1, i) + (N1314->N3457, F0, i)}
{(N1664, F1, i) + (N554, F1, i) + (N1661, F1, i)(N3571,1,i) + (N3302->N2323, F1, i) + (N3457, F1, i)}
{(N1664, F1, i) + (N554, F1, i) + (N1661, F1, i)(N3571,1,i) + (N3302->N2323, F1, i) + (N1068, F1, i)(N2783,0,i)}
{(N1664, F1, i) + (N554, F1, i) + (N1661, F1, i)(N3571,1,i) + (N3302->N2323, F1, i) + (N235->N2783, F0, i)}
{(N1664, F1, i) + (N554, F1, i) + (N1661, F1, i)(N3571,1,i) + (N3302->N2323, F1, i) + (N2783, F1, i)}
{(N1664, F1, i) + (N554, F1, i) + (N1661, F1, i)(N3571,1,i) + (N2323, F1, i)(N2463,1,i) + (N2546, F1, i)(N1314,1,i)}
{(N1664, F1, i) + (N554, F1, i) + (N1661, F1, i)(N3571,1,i) + (N2323, F1, i)(N2463,1,i) + (N2455, F1, i)(N1263,1,i)}
{(N1664, F1, i) + (N554, F1, i) + (N1661, F1, i)(N3571,1,i) + (N2323, F1, i)(N2463,1,i) + (N1263->N828, F0, i)}
{(N1664, F1, i) + (N554, F1, i) + (N1661, F1, i)(N3571,1,i) + (N2323, F1, i)(N2463,1,i) + (N828, F1, i)}
{(N1664, F1, i) + (N554, F1, i) + (N1661, F1, i)(N3571,1,i) + (N2323, F1, i)(N2463,1,i) + (N1314->N3457, F0, i)}
{(N1664, F1, i) + (N554, F1, i) + (N1661, F1, i)(N3571,1,i) + (N2323, F1, i)(N2463,1,i) + (N3457, F1, i)}
{(N1664, F1, i) + (N554, F1, i) + (N1661, F1, i)(N3571,1,i) + (N2323, F1, i)(N2463,1,i) + (N1068, F1, i)(N2783,0,i)}
{(N1664, F1, i) + (N554, F1, i) + (N1661, F1, i)(N3571,1,i) + (N2323, F1, i)(N2463,1,i) + (N235->N2783, F0, i)}
{(N1664, F1, i) + (N554, F1, i) + (N1661, F1, i)(N3571,1,i) + (N2323, F1, i)(N2463,1,i) + (N2783, F1, i)}
{(N1664, F1, i) + (N554, F1, i) + (N169->N1710, F0, i) + (N3195->N1150, F1, i) + (N2546, F1, i)(N1314,1,i)}
{(N1664, F1, i) + (N554, F1, i) + (N169->N1710, F0, i) + (N3195->N1150, F1, i) + (N2455, F1, i)(N1263,1,i)}
{(N1664, F1, i) + (N554, F1, i) + (N169->N1710, F0, i) + (N3195->N1150, F1, i) + (N1263->N828, F0, i)}
{(N1664, F1, i) + (N554, F1, i) + (N169->N1710, F0, i) + (N3195->N1150, F1, i) + (N828, F1, i)}
{(N1664, F1, i) + (N554, F1, i) + (N169->N1710, F0, i) + (N3195->N1150, F1, i) + (N1314->N3457, F0, i)}
{(N1664, F1, i) + (N554, F1, i) + (N169->N1710, F0, i) + (N3195->N1150, F1, i) + (N3457, F1, i)}
{(N1664, F1, i) + (N554, F1, i) + (N169->N1710, F0, i) + (N3195->N1150, F1, i) + (N1068, F1, i)(N2783,0,i)}
{(N1664, F1, i) + (N554, F1, i) + (N169->N1710, F0, i) + (N3195->N1150, F1, i) + (N235->N2783, F0, i)}
{(N1664, F1, i) + (N554, F1, i) + (N169->N1710, F0, i) + (N3195->N1150, F1, i) + (N2783, F1, i)}
{(N1664, F1, i) + (N554, F1, i) + (N169->N1710, F0, i) + (N1150, F1, i)(N1287,1,i) + (N2546, F1, i)(N1314,1,i)}
{(N1664, F1, i) + (N554, F1, i) + (N169->N1710, F0, i) + (N1150, F1, i)(N1287,1,i) + (N2455, F1, i)(N1263,1,i)}
{(N1664, F1, i) + (N554, F1, i) + (N169->N1710, F0, i) + (N1150, F1, i)(N1287,1,i) + (N1263->N828, F0, i)}
{(N1664, F1, i) + (N554, F1, i) + (N169->N1710, F0, i) + (N1150, F1, i)(N1287,1,i) + (N828, F1, i)}
{(N1664, F1, i) + (N554, F1, i) + (N169->N1710, F0, i) + (N1150, F1, i)(N1287,1,i) + (N1314->N3457, F0, i)}
{(N1664, F1, i) + (N554, F1, i) + (N169->N1710, F0, i) + (N1150, F1, i)(N1287,1,i) + (N3457, F1, i)}
{(N1664, F1, i) + (N554, F1, i) + (N169->N1710, F0, i) + (N1150, F1, i)(N1287,1,i) + (N1068, F1, i)(N2783,0,i)}
{(N1664, F1, i) + (N554, F1, i) + (N169->N1710, F0, i) + (N1150, F1, i)(N1287,1,i) + (N235->N2783, F0, i)}
{(N1664, F1, i) + (N554, F1, i) + (N169->N1710, F0, i) + (N1150, F1, i)(N1287,1,i) + (N2783, F1, i)}
{(N1664, F1, i) + (N554, F1, i) + (N169->N1710, F0, i) + (N3302->N2323, F1, i) + (N2546, F1, i)(N1314,1,i)}
{(N1664, F1, i) + (N554, F1, i) + (N169->N1710, F0, i) + (N3302->N2323, F1, i) + (N2455, F1, i)(N1263,1,i)}
{(N1664, F1, i) + (N554, F1, i) + (N169->N1710, F0, i) + (N3302->N2323, F1, i) + (N1263->N828, F0, i)}
{(N1664, F1, i) + (N554, F1, i) + (N169->N1710, F0, i) + (N3302->N2323, F1, i) + (N828, F1, i)}
{(N1664, F1, i) + (N554, F1, i) + (N169->N1710, F0, i) + (N3302->N2323, F1, i) + (N1314->N3457, F0, i)}
{(N1664, F1, i) + (N554, F1, i) + (N169->N1710, F0, i) + (N3302->N2323, F1, i) + (N3457, F1, i)}
{(N1664, F1, i) + (N554, F1, i) + (N169->N1710, F0, i) + (N3302->N2323, F1, i) + (N1068, F1, i)(N2783,0,i)}
{(N1664, F1, i) + (N554, F1, i) + (N169->N1710, F0, i) + (N3302->N2323, F1, i) + (N235->N2783, F0, i)}
{(N1664, F1, i) + (N554, F1, i) + (N169->N1710, F0, i) + (N3302->N2323, F1, i) + (N2783, F1, i)}
{(N1664, F1, i) + (N554, F1, i) + (N169->N1710, F0, i) + (N2323, F1, i)(N2463,1,i) + (N2546, F1, i)(N1314,1,i)}
{(N1664, F1, i) + (N554, F1, i) + (N169->N1710, F0, i) + (N2323, F1, i)(N2463,1,i) + (N2455, F1, i)(N1263,1,i)}
{(N1664, F1, i) + (N554, F1, i) + (N169->N1710, F0, i) + (N2323, F1, i)(N2463,1,i) + (N1263->N828, F0, i)}
{(N1664, F1, i) + (N554, F1, i) + (N169->N1710, F0, i) + (N2323, F1, i)(N2463,1,i) + (N828, F1, i)}
{(N1664, F1, i) + (N554, F1, i) + (N169->N1710, F0, i) + (N2323, F1, i)(N2463,1,i) + (N1314->N3457, F0, i)}
{(N1664, F1, i) + (N554, F1, i) + (N169->N1710, F0, i) + (N2323, F1, i)(N2463,1,i) + (N3457, F1, i)}
{(N1664, F1, i) + (N554, F1, i) + (N169->N1710, F0, i) + (N2323, F1, i)(N2463,1,i) + (N1068, F1, i)(N2783,0,i)}
{(N1664, F1, i) + (N554, F1, i) + (N169->N1710, F0, i) + (N2323, F1, i)(N2463,1,i) + (N235->N2783, F0, i)}
{(N1664, F1, i) + (N554, F1, i) + (N169->N1710, F0, i) + (N2323, F1, i)(N2463,1,i) + (N2783, F1, i)}
{(N1664, F1, i) + (N554, F1, i) + (N1710, F1, i) + (N3195->N1150, F1, i) + (N2546, F1, i)(N1314,1,i)}
{(N1664, F1, i) + (N554, F1, i) + (N1710, F1, i) + (N3195->N1150, F1, i) + (N2455, F1, i)(N1263,1,i)}
{(N1664, F1, i) + (N554, F1, i) + (N1710, F1, i) + (N3195->N1150, F1, i) + (N1263->N828, F0, i)}
{(N1664, F1, i) + (N554, F1, i) + (N1710, F1, i) + (N3195->N1150, F1, i) + (N828, F1, i)}
{(N1664, F1, i) + (N554, F1, i) + (N1710, F1, i) + (N3195->N1150, F1, i) + (N1314->N3457, F0, i)}
{(N1664, F1, i) + (N554, F1, i) + (N1710, F1, i) + (N3195->N1150, F1, i) + (N3457, F1, i)}
{(N1664, F1, i) + (N554, F1, i) + (N1710, F1, i) + (N3195->N1150, F1, i) + (N1068, F1, i)(N2783,0,i)}
{(N1664, F1, i) + (N554, F1, i) + (N1710, F1, i) + (N3195->N1150, F1, i) + (N235->N2783, F0, i)}
{(N1664, F1, i) + (N554, F1, i) + (N1710, F1, i) + (N3195->N1150, F1, i) + (N2783, F1, i)}
{(N1664, F1, i) + (N554, F1, i) + (N1710, F1, i) + (N1150, F1, i)(N1287,1,i) + (N2546, F1, i)(N1314,1,i)}
{(N1664, F1, i) + (N554, F1, i) + (N1710, F1, i) + (N1150, F1, i)(N1287,1,i) + (N2455, F1, i)(N1263,1,i)}
{(N1664, F1, i) + (N554, F1, i) + (N1710, F1, i) + (N1150, F1, i)(N1287,1,i) + (N1263->N828, F0, i)}
{(N1664, F1, i) + (N554, F1, i) + (N1710, F1, i) + (N1150, F1, i)(N1287,1,i) + (N828, F1, i)}
{(N1664, F1, i) + (N554, F1, i) + (N1710, F1, i) + (N1150, F1, i)(N1287,1,i) + (N1314->N3457, F0, i)}
{(N1664, F1, i) + (N554, F1, i) + (N1710, F1, i) + (N1150, F1, i)(N1287,1,i) + (N3457, F1, i)}
{(N1664, F1, i) + (N554, F1, i) + (N1710, F1, i) + (N1150, F1, i)(N1287,1,i) + (N1068, F1, i)(N2783,0,i)}
{(N1664, F1, i) + (N554, F1, i) + (N1710, F1, i) + (N1150, F1, i)(N1287,1,i) + (N235->N2783, F0, i)}
{(N1664, F1, i) + (N554, F1, i) + (N1710, F1, i) + (N1150, F1, i)(N1287,1,i) + (N2783, F1, i)}
{(N1664, F1, i) + (N554, F1, i) + (N1710, F1, i) + (N3302->N2323, F1, i) + (N2546, F1, i)(N1314,1,i)}
{(N1664, F1, i) + (N554, F1, i) + (N1710, F1, i) + (N3302->N2323, F1, i) + (N2455, F1, i)(N1263,1,i)}
{(N1664, F1, i) + (N554, F1, i) + (N1710, F1, i) + (N3302->N2323, F1, i) + (N1263->N828, F0, i)}
{(N1664, F1, i) + (N554, F1, i) + (N1710, F1, i) + (N3302->N2323, F1, i) + (N828, F1, i)}
{(N1664, F1, i) + (N554, F1, i) + (N1710, F1, i) + (N3302->N2323, F1, i) + (N1314->N3457, F0, i)}
{(N1664, F1, i) + (N554, F1, i) + (N1710, F1, i) + (N3302->N2323, F1, i) + (N3457, F1, i)}
{(N1664, F1, i) + (N554, F1, i) + (N1710, F1, i) + (N3302->N2323, F1, i) + (N1068, F1, i)(N2783,0,i)}
{(N1664, F1, i) + (N554, F1, i) + (N1710, F1, i) + (N3302->N2323, F1, i) + (N235->N2783, F0, i)}
{(N1664, F1, i) + (N554, F1, i) + (N1710, F1, i) + (N3302->N2323, F1, i) + (N2783, F1, i)}
{(N1664, F1, i) + (N554, F1, i) + (N1710, F1, i) + (N2323, F1, i)(N2463,1,i) + (N2546, F1, i)(N1314,1,i)}
{(N1664, F1, i) + (N554, F1, i) + (N1710, F1, i) + (N2323, F1, i)(N2463,1,i) + (N2455, F1, i)(N1263,1,i)}
{(N1664, F1, i) + (N554, F1, i) + (N1710, F1, i) + (N2323, F1, i)(N2463,1,i) + (N1263->N828, F0, i)}
{(N1664, F1, i) + (N554, F1, i) + (N1710, F1, i) + (N2323, F1, i)(N2463,1,i) + (N828, F1, i)}
{(N1664, F1, i) + (N554, F1, i) + (N1710, F1, i) + (N2323, F1, i)(N2463,1,i) + (N1314->N3457, F0, i)}
{(N1664, F1, i) + (N554, F1, i) + (N1710, F1, i) + (N2323, F1, i)(N2463,1,i) + (N3457, F1, i)}
{(N1664, F1, i) + (N554, F1, i) + (N1710, F1, i) + (N2323, F1, i)(N2463,1,i) + (N1068, F1, i)(N2783,0,i)}
{(N1664, F1, i) + (N554, F1, i) + (N1710, F1, i) + (N2323, F1, i)(N2463,1,i) + (N235->N2783, F0, i)}
{(N1664, F1, i) + (N554, F1, i) + (N1710, F1, i) + (N2323, F1, i)(N2463,1,i) + (N2783, F1, i)}
{(N1664, F1, i) + (N562, F1, i) + (N1661, F1, i)(N3571,1,i) + (N3195->N1150, F1, i) + (N2546, F1, i)(N1314,1,i)}
{(N1664, F1, i) + (N562, F1, i) + (N1661, F1, i)(N3571,1,i) + (N3195->N1150, F1, i) + (N2455, F1, i)(N1263,1,i)}
{(N1664, F1, i) + (N562, F1, i) + (N1661, F1, i)(N3571,1,i) + (N3195->N1150, F1, i) + (N1263->N828, F0, i)}
{(N1664, F1, i) + (N562, F1, i) + (N1661, F1, i)(N3571,1,i) + (N3195->N1150, F1, i) + (N828, F1, i)}
{(N1664, F1, i) + (N562, F1, i) + (N1661, F1, i)(N3571,1,i) + (N3195->N1150, F1, i) + (N1314->N3457, F0, i)}
{(N1664, F1, i) + (N562, F1, i) + (N1661, F1, i)(N3571,1,i) + (N3195->N1150, F1, i) + (N3457, F1, i)}
{(N1664, F1, i) + (N562, F1, i) + (N1661, F1, i)(N3571,1,i) + (N3195->N1150, F1, i) + (N1068, F1, i)(N2783,0,i)}
{(N1664, F1, i) + (N562, F1, i) + (N1661, F1, i)(N3571,1,i) + (N3195->N1150, F1, i) + (N235->N2783, F0, i)}
{(N1664, F1, i) + (N562, F1, i) + (N1661, F1, i)(N3571,1,i) + (N3195->N1150, F1, i) + (N2783, F1, i)}
{(N1664, F1, i) + (N562, F1, i) + (N1661, F1, i)(N3571,1,i) + (N1150, F1, i)(N1287,1,i) + (N2546, F1, i)(N1314,1,i)}
{(N1664, F1, i) + (N562, F1, i) + (N1661, F1, i)(N3571,1,i) + (N1150, F1, i)(N1287,1,i) + (N2455, F1, i)(N1263,1,i)}
{(N1664, F1, i) + (N562, F1, i) + (N1661, F1, i)(N3571,1,i) + (N1150, F1, i)(N1287,1,i) + (N1263->N828, F0, i)}
{(N1664, F1, i) + (N562, F1, i) + (N1661, F1, i)(N3571,1,i) + (N1150, F1, i)(N1287,1,i) + (N828, F1, i)}
{(N1664, F1, i) + (N562, F1, i) + (N1661, F1, i)(N3571,1,i) + (N1150, F1, i)(N1287,1,i) + (N1314->N3457, F0, i)}
{(N1664, F1, i) + (N562, F1, i) + (N1661, F1, i)(N3571,1,i) + (N1150, F1, i)(N1287,1,i) + (N3457, F1, i)}
{(N1664, F1, i) + (N562, F1, i) + (N1661, F1, i)(N3571,1,i) + (N1150, F1, i)(N1287,1,i) + (N1068, F1, i)(N2783,0,i)}
{(N1664, F1, i) + (N562, F1, i) + (N1661, F1, i)(N3571,1,i) + (N1150, F1, i)(N1287,1,i) + (N235->N2783, F0, i)}
{(N1664, F1, i) + (N562, F1, i) + (N1661, F1, i)(N3571,1,i) + (N1150, F1, i)(N1287,1,i) + (N2783, F1, i)}
{(N1664, F1, i) + (N562, F1, i) + (N1661, F1, i)(N3571,1,i) + (N3302->N2323, F1, i) + (N2546, F1, i)(N1314,1,i)}
{(N1664, F1, i) + (N562, F1, i) + (N1661, F1, i)(N3571,1,i) + (N3302->N2323, F1, i) + (N2455, F1, i)(N1263,1,i)}
{(N1664, F1, i) + (N562, F1, i) + (N1661, F1, i)(N3571,1,i) + (N3302->N2323, F1, i) + (N1263->N828, F0, i)}
{(N1664, F1, i) + (N562, F1, i) + (N1661, F1, i)(N3571,1,i) + (N3302->N2323, F1, i) + (N828, F1, i)}
{(N1664, F1, i) + (N562, F1, i) + (N1661, F1, i)(N3571,1,i) + (N3302->N2323, F1, i) + (N1314->N3457, F0, i)}
{(N1664, F1, i) + (N562, F1, i) + (N1661, F1, i)(N3571,1,i) + (N3302->N2323, F1, i) + (N3457, F1, i)}
{(N1664, F1, i) + (N562, F1, i) + (N1661, F1, i)(N3571,1,i) + (N3302->N2323, F1, i) + (N1068, F1, i)(N2783,0,i)}
{(N1664, F1, i) + (N562, F1, i) + (N1661, F1, i)(N3571,1,i) + (N3302->N2323, F1, i) + (N235->N2783, F0, i)}
{(N1664, F1, i) + (N562, F1, i) + (N1661, F1, i)(N3571,1,i) + (N3302->N2323, F1, i) + (N2783, F1, i)}
{(N1664, F1, i) + (N562, F1, i) + (N1661, F1, i)(N3571,1,i) + (N2323, F1, i)(N2463,1,i) + (N2546, F1, i)(N1314,1,i)}
{(N1664, F1, i) + (N562, F1, i) + (N1661, F1, i)(N3571,1,i) + (N2323, F1, i)(N2463,1,i) + (N2455, F1, i)(N1263,1,i)}
{(N1664, F1, i) + (N562, F1, i) + (N1661, F1, i)(N3571,1,i) + (N2323, F1, i)(N2463,1,i) + (N1263->N828, F0, i)}
{(N1664, F1, i) + (N562, F1, i) + (N1661, F1, i)(N3571,1,i) + (N2323, F1, i)(N2463,1,i) + (N828, F1, i)}
{(N1664, F1, i) + (N562, F1, i) + (N1661, F1, i)(N3571,1,i) + (N2323, F1, i)(N2463,1,i) + (N1314->N3457, F0, i)}
{(N1664, F1, i) + (N562, F1, i) + (N1661, F1, i)(N3571,1,i) + (N2323, F1, i)(N2463,1,i) + (N3457, F1, i)}
{(N1664, F1, i) + (N562, F1, i) + (N1661, F1, i)(N3571,1,i) + (N2323, F1, i)(N2463,1,i) + (N1068, F1, i)(N2783,0,i)}
{(N1664, F1, i) + (N562, F1, i) + (N1661, F1, i)(N3571,1,i) + (N2323, F1, i)(N2463,1,i) + (N235->N2783, F0, i)}
{(N1664, F1, i) + (N562, F1, i) + (N1661, F1, i)(N3571,1,i) + (N2323, F1, i)(N2463,1,i) + (N2783, F1, i)}
{(N1664, F1, i) + (N562, F1, i) + (N169->N1710, F0, i) + (N3195->N1150, F1, i) + (N2546, F1, i)(N1314,1,i)}
{(N1664, F1, i) + (N562, F1, i) + (N169->N1710, F0, i) + (N3195->N1150, F1, i) + (N2455, F1, i)(N1263,1,i)}
{(N1664, F1, i) + (N562, F1, i) + (N169->N1710, F0, i) + (N3195->N1150, F1, i) + (N1263->N828, F0, i)}
{(N1664, F1, i) + (N562, F1, i) + (N169->N1710, F0, i) + (N3195->N1150, F1, i) + (N828, F1, i)}
{(N1664, F1, i) + (N562, F1, i) + (N169->N1710, F0, i) + (N3195->N1150, F1, i) + (N1314->N3457, F0, i)}
{(N1664, F1, i) + (N562, F1, i) + (N169->N1710, F0, i) + (N3195->N1150, F1, i) + (N3457, F1, i)}
{(N1664, F1, i) + (N562, F1, i) + (N169->N1710, F0, i) + (N3195->N1150, F1, i) + (N1068, F1, i)(N2783,0,i)}
{(N1664, F1, i) + (N562, F1, i) + (N169->N1710, F0, i) + (N3195->N1150, F1, i) + (N235->N2783, F0, i)}
{(N1664, F1, i) + (N562, F1, i) + (N169->N1710, F0, i) + (N3195->N1150, F1, i) + (N2783, F1, i)}
{(N1664, F1, i) + (N562, F1, i) + (N169->N1710, F0, i) + (N1150, F1, i)(N1287,1,i) + (N2546, F1, i)(N1314,1,i)}
{(N1664, F1, i) + (N562, F1, i) + (N169->N1710, F0, i) + (N1150, F1, i)(N1287,1,i) + (N2455, F1, i)(N1263,1,i)}
{(N1664, F1, i) + (N562, F1, i) + (N169->N1710, F0, i) + (N1150, F1, i)(N1287,1,i) + (N1263->N828, F0, i)}
{(N1664, F1, i) + (N562, F1, i) + (N169->N1710, F0, i) + (N1150, F1, i)(N1287,1,i) + (N828, F1, i)}
{(N1664, F1, i) + (N562, F1, i) + (N169->N1710, F0, i) + (N1150, F1, i)(N1287,1,i) + (N1314->N3457, F0, i)}
{(N1664, F1, i) + (N562, F1, i) + (N169->N1710, F0, i) + (N1150, F1, i)(N1287,1,i) + (N3457, F1, i)}
{(N1664, F1, i) + (N562, F1, i) + (N169->N1710, F0, i) + (N1150, F1, i)(N1287,1,i) + (N1068, F1, i)(N2783,0,i)}
{(N1664, F1, i) + (N562, F1, i) + (N169->N1710, F0, i) + (N1150, F1, i)(N1287,1,i) + (N235->N2783, F0, i)}
{(N1664, F1, i) + (N562, F1, i) + (N169->N1710, F0, i) + (N1150, F1, i)(N1287,1,i) + (N2783, F1, i)}
{(N1664, F1, i) + (N562, F1, i) + (N169->N1710, F0, i) + (N3302->N2323, F1, i) + (N2546, F1, i)(N1314,1,i)}
{(N1664, F1, i) + (N562, F1, i) + (N169->N1710, F0, i) + (N3302->N2323, F1, i) + (N2455, F1, i)(N1263,1,i)}
{(N1664, F1, i) + (N562, F1, i) + (N169->N1710, F0, i) + (N3302->N2323, F1, i) + (N1263->N828, F0, i)}
{(N1664, F1, i) + (N562, F1, i) + (N169->N1710, F0, i) + (N3302->N2323, F1, i) + (N828, F1, i)}
{(N1664, F1, i) + (N562, F1, i) + (N169->N1710, F0, i) + (N3302->N2323, F1, i) + (N1314->N3457, F0, i)}
{(N1664, F1, i) + (N562, F1, i) + (N169->N1710, F0, i) + (N3302->N2323, F1, i) + (N3457, F1, i)}
{(N1664, F1, i) + (N562, F1, i) + (N169->N1710, F0, i) + (N3302->N2323, F1, i) + (N1068, F1, i)(N2783,0,i)}
{(N1664, F1, i) + (N562, F1, i) + (N169->N1710, F0, i) + (N3302->N2323, F1, i) + (N235->N2783, F0, i)}
{(N1664, F1, i) + (N562, F1, i) + (N169->N1710, F0, i) + (N3302->N2323, F1, i) + (N2783, F1, i)}
{(N1664, F1, i) + (N562, F1, i) + (N169->N1710, F0, i) + (N2323, F1, i)(N2463,1,i) + (N2546, F1, i)(N1314,1,i)}
{(N1664, F1, i) + (N562, F1, i) + (N169->N1710, F0, i) + (N2323, F1, i)(N2463,1,i) + (N2455, F1, i)(N1263,1,i)}
{(N1664, F1, i) + (N562, F1, i) + (N169->N1710, F0, i) + (N2323, F1, i)(N2463,1,i) + (N1263->N828, F0, i)}
{(N1664, F1, i) + (N562, F1, i) + (N169->N1710, F0, i) + (N2323, F1, i)(N2463,1,i) + (N828, F1, i)}
{(N1664, F1, i) + (N562, F1, i) + (N169->N1710, F0, i) + (N2323, F1, i)(N2463,1,i) + (N1314->N3457, F0, i)}
{(N1664, F1, i) + (N562, F1, i) + (N169->N1710, F0, i) + (N2323, F1, i)(N2463,1,i) + (N3457, F1, i)}
{(N1664, F1, i) + (N562, F1, i) + (N169->N1710, F0, i) + (N2323, F1, i)(N2463,1,i) + (N1068, F1, i)(N2783,0,i)}
{(N1664, F1, i) + (N562, F1, i) + (N169->N1710, F0, i) + (N2323, F1, i)(N2463,1,i) + (N235->N2783, F0, i)}
{(N1664, F1, i) + (N562, F1, i) + (N169->N1710, F0, i) + (N2323, F1, i)(N2463,1,i) + (N2783, F1, i)}
{(N1664, F1, i) + (N562, F1, i) + (N1710, F1, i) + (N3195->N1150, F1, i) + (N2546, F1, i)(N1314,1,i)}
{(N1664, F1, i) + (N562, F1, i) + (N1710, F1, i) + (N3195->N1150, F1, i) + (N2455, F1, i)(N1263,1,i)}
{(N1664, F1, i) + (N562, F1, i) + (N1710, F1, i) + (N3195->N1150, F1, i) + (N1263->N828, F0, i)}
{(N1664, F1, i) + (N562, F1, i) + (N1710, F1, i) + (N3195->N1150, F1, i) + (N828, F1, i)}
{(N1664, F1, i) + (N562, F1, i) + (N1710, F1, i) + (N3195->N1150, F1, i) + (N1314->N3457, F0, i)}
{(N1664, F1, i) + (N562, F1, i) + (N1710, F1, i) + (N3195->N1150, F1, i) + (N3457, F1, i)}
{(N1664, F1, i) + (N562, F1, i) + (N1710, F1, i) + (N3195->N1150, F1, i) + (N1068, F1, i)(N2783,0,i)}
{(N1664, F1, i) + (N562, F1, i) + (N1710, F1, i) + (N3195->N1150, F1, i) + (N235->N2783, F0, i)}
{(N1664, F1, i) + (N562, F1, i) + (N1710, F1, i) + (N3195->N1150, F1, i) + (N2783, F1, i)}
{(N1664, F1, i) + (N562, F1, i) + (N1710, F1, i) + (N1150, F1, i)(N1287,1,i) + (N2546, F1, i)(N1314,1,i)}
{(N1664, F1, i) + (N562, F1, i) + (N1710, F1, i) + (N1150, F1, i)(N1287,1,i) + (N2455, F1, i)(N1263,1,i)}
{(N1664, F1, i) + (N562, F1, i) + (N1710, F1, i) + (N1150, F1, i)(N1287,1,i) + (N1263->N828, F0, i)}
{(N1664, F1, i) + (N562, F1, i) + (N1710, F1, i) + (N1150, F1, i)(N1287,1,i) + (N828, F1, i)}
{(N1664, F1, i) + (N562, F1, i) + (N1710, F1, i) + (N1150, F1, i)(N1287,1,i) + (N1314->N3457, F0, i)}
{(N1664, F1, i) + (N562, F1, i) + (N1710, F1, i) + (N1150, F1, i)(N1287,1,i) + (N3457, F1, i)}
{(N1664, F1, i) + (N562, F1, i) + (N1710, F1, i) + (N1150, F1, i)(N1287,1,i) + (N1068, F1, i)(N2783,0,i)}
{(N1664, F1, i) + (N562, F1, i) + (N1710, F1, i) + (N1150, F1, i)(N1287,1,i) + (N235->N2783, F0, i)}
{(N1664, F1, i) + (N562, F1, i) + (N1710, F1, i) + (N1150, F1, i)(N1287,1,i) + (N2783, F1, i)}
{(N1664, F1, i) + (N562, F1, i) + (N1710, F1, i) + (N3302->N2323, F1, i) + (N2546, F1, i)(N1314,1,i)}
{(N1664, F1, i) + (N562, F1, i) + (N1710, F1, i) + (N3302->N2323, F1, i) + (N2455, F1, i)(N1263,1,i)}
{(N1664, F1, i) + (N562, F1, i) + (N1710, F1, i) + (N3302->N2323, F1, i) + (N1263->N828, F0, i)}
{(N1664, F1, i) + (N562, F1, i) + (N1710, F1, i) + (N3302->N2323, F1, i) + (N828, F1, i)}
{(N1664, F1, i) + (N562, F1, i) + (N1710, F1, i) + (N3302->N2323, F1, i) + (N1314->N3457, F0, i)}
{(N1664, F1, i) + (N562, F1, i) + (N1710, F1, i) + (N3302->N2323, F1, i) + (N3457, F1, i)}
{(N1664, F1, i) + (N562, F1, i) + (N1710, F1, i) + (N3302->N2323, F1, i) + (N1068, F1, i)(N2783,0,i)}
{(N1664, F1, i) + (N562, F1, i) + (N1710, F1, i) + (N3302->N2323, F1, i) + (N235->N2783, F0, i)}
{(N1664, F1, i) + (N562, F1, i) + (N1710, F1, i) + (N3302->N2323, F1, i) + (N2783, F1, i)}
{(N1664, F1, i) + (N562, F1, i) + (N1710, F1, i) + (N2323, F1, i)(N2463,1,i) + (N2546, F1, i)(N1314,1,i)}
{(N1664, F1, i) + (N562, F1, i) + (N1710, F1, i) + (N2323, F1, i)(N2463,1,i) + (N2455, F1, i)(N1263,1,i)}
{(N1664, F1, i) + (N562, F1, i) + (N1710, F1, i) + (N2323, F1, i)(N2463,1,i) + (N1263->N828, F0, i)}
{(N1664, F1, i) + (N562, F1, i) + (N1710, F1, i) + (N2323, F1, i)(N2463,1,i) + (N828, F1, i)}
{(N1664, F1, i) + (N562, F1, i) + (N1710, F1, i) + (N2323, F1, i)(N2463,1,i) + (N1314->N3457, F0, i)}
{(N1664, F1, i) + (N562, F1, i) + (N1710, F1, i) + (N2323, F1, i)(N2463,1,i) + (N3457, F1, i)}
{(N1664, F1, i) + (N562, F1, i) + (N1710, F1, i) + (N2323, F1, i)(N2463,1,i) + (N1068, F1, i)(N2783,0,i)}
{(N1664, F1, i) + (N562, F1, i) + (N1710, F1, i) + (N2323, F1, i)(N2463,1,i) + (N235->N2783, F0, i)}
{(N1664, F1, i) + (N562, F1, i) + (N1710, F1, i) + (N2323, F1, i)(N2463,1,i) + (N2783, F1, i)}
