{(N3906, F1, i) + (N2451, F1, i)(N757,0,i) + (N2333, F1, i)(N2468,1,i) + (N1537, F1, i)(N1389,1,i) + (N617, F1, i)}
{(N3906, F1, i) + (N2451, F1, i)(N757,0,i) + (N2333, F1, i)(N2468,1,i) + (N1537, F1, i)(N1389,1,i) + (N3773, F1, i)}
{(N3906, F1, i) + (N2451, F1, i)(N757,0,i) + (N2333, F1, i)(N2468,1,i) + (N1611->N2622, F0, i) + (N617, F1, i)}
{(N3906, F1, i) + (N2451, F1, i)(N757,0,i) + (N2333, F1, i)(N2468,1,i) + (N1611->N2622, F0, i) + (N3773, F1, i)}
{(N3906, F1, i) + (N2451, F1, i)(N757,0,i) + (N2333, F1, i)(N2468,1,i) + (N2622, F1, i) + (N617, F1, i)}
{(N3906, F1, i) + (N2451, F1, i)(N757,0,i) + (N2333, F1, i)(N2468,1,i) + (N2622, F1, i) + (N3773, F1, i)}
{(N3906, F1, i) + (N2451, F1, i)(N757,0,i) + (N2550->N2795, F0, i) + (N1537, F1, i)(N1389,1,i) + (N617, F1, i)}
{(N3906, F1, i) + (N2451, F1, i)(N757,0,i) + (N2550->N2795, F0, i) + (N1537, F1, i)(N1389,1,i) + (N3773, F1, i)}
{(N3906, F1, i) + (N2451, F1, i)(N757,0,i) + (N2550->N2795, F0, i) + (N1611->N2622, F0, i) + (N617, F1, i)}
{(N3906, F1, i) + (N2451, F1, i)(N757,0,i) + (N2550->N2795, F0, i) + (N1611->N2622, F0, i) + (N3773, F1, i)}
{(N3906, F1, i) + (N2451, F1, i)(N757,0,i) + (N2550->N2795, F0, i) + (N2622, F1, i) + (N617, F1, i)}
{(N3906, F1, i) + (N2451, F1, i)(N757,0,i) + (N2550->N2795, F0, i) + (N2622, F1, i) + (N3773, F1, i)}
{(N3906, F1, i) + (N2451, F1, i)(N757,0,i) + (N2795, F1, i) + (N1537, F1, i)(N1389,1,i) + (N617, F1, i)}
{(N3906, F1, i) + (N2451, F1, i)(N757,0,i) + (N2795, F1, i) + (N1537, F1, i)(N1389,1,i) + (N3773, F1, i)}
{(N3906, F1, i) + (N2451, F1, i)(N757,0,i) + (N2795, F1, i) + (N1611->N2622, F0, i) + (N617, F1, i)}
{(N3906, F1, i) + (N2451, F1, i)(N757,0,i) + (N2795, F1, i) + (N1611->N2622, F0, i) + (N3773, F1, i)}
{(N3906, F1, i) + (N2451, F1, i)(N757,0,i) + (N2795, F1, i) + (N2622, F1, i) + (N617, F1, i)}
{(N3906, F1, i) + (N2451, F1, i)(N757,0,i) + (N2795, F1, i) + (N2622, F1, i) + (N3773, F1, i)}
{(N3906, F1, i) + (N3122, F1, i)(N460,1,i) + (N2333, F1, i)(N2468,1,i) + (N1537, F1, i)(N1389,1,i) + (N617, F1, i)}
{(N3906, F1, i) + (N3122, F1, i)(N460,1,i) + (N2333, F1, i)(N2468,1,i) + (N1537, F1, i)(N1389,1,i) + (N3773, F1, i)}
{(N3906, F1, i) + (N3122, F1, i)(N460,1,i) + (N2333, F1, i)(N2468,1,i) + (N1611->N2622, F0, i) + (N617, F1, i)}
{(N3906, F1, i) + (N3122, F1, i)(N460,1,i) + (N2333, F1, i)(N2468,1,i) + (N1611->N2622, F0, i) + (N3773, F1, i)}
{(N3906, F1, i) + (N3122, F1, i)(N460,1,i) + (N2333, F1, i)(N2468,1,i) + (N2622, F1, i) + (N617, F1, i)}
{(N3906, F1, i) + (N3122, F1, i)(N460,1,i) + (N2333, F1, i)(N2468,1,i) + (N2622, F1, i) + (N3773, F1, i)}
{(N3906, F1, i) + (N3122, F1, i)(N460,1,i) + (N2550->N2795, F0, i) + (N1537, F1, i)(N1389,1,i) + (N617, F1, i)}
{(N3906, F1, i) + (N3122, F1, i)(N460,1,i) + (N2550->N2795, F0, i) + (N1537, F1, i)(N1389,1,i) + (N3773, F1, i)}
{(N3906, F1, i) + (N3122, F1, i)(N460,1,i) + (N2550->N2795, F0, i) + (N1611->N2622, F0, i) + (N617, F1, i)}
{(N3906, F1, i) + (N3122, F1, i)(N460,1,i) + (N2550->N2795, F0, i) + (N1611->N2622, F0, i) + (N3773, F1, i)}
{(N3906, F1, i) + (N3122, F1, i)(N460,1,i) + (N2550->N2795, F0, i) + (N2622, F1, i) + (N617, F1, i)}
{(N3906, F1, i) + (N3122, F1, i)(N460,1,i) + (N2550->N2795, F0, i) + (N2622, F1, i) + (N3773, F1, i)}
{(N3906, F1, i) + (N3122, F1, i)(N460,1,i) + (N2795, F1, i) + (N1537, F1, i)(N1389,1,i) + (N617, F1, i)}
{(N3906, F1, i) + (N3122, F1, i)(N460,1,i) + (N2795, F1, i) + (N1537, F1, i)(N1389,1,i) + (N3773, F1, i)}
{(N3906, F1, i) + (N3122, F1, i)(N460,1,i) + (N2795, F1, i) + (N1611->N2622, F0, i) + (N617, F1, i)}
{(N3906, F1, i) + (N3122, F1, i)(N460,1,i) + (N2795, F1, i) + (N1611->N2622, F0, i) + (N3773, F1, i)}
{(N3906, F1, i) + (N3122, F1, i)(N460,1,i) + (N2795, F1, i) + (N2622, F1, i) + (N617, F1, i)}
{(N3906, F1, i) + (N3122, F1, i)(N460,1,i) + (N2795, F1, i) + (N2622, F1, i) + (N3773, F1, i)}
{(N3906, F1, i) + (N2506->N757, F0, i) + (N2333, F1, i)(N2468,1,i) + (N1537, F1, i)(N1389,1,i) + (N617, F1, i)}
{(N3906, F1, i) + (N2506->N757, F0, i) + (N2333, F1, i)(N2468,1,i) + (N1537, F1, i)(N1389,1,i) + (N3773, F1, i)}
{(N3906, F1, i) + (N2506->N757, F0, i) + (N2333, F1, i)(N2468,1,i) + (N1611->N2622, F0, i) + (N617, F1, i)}
{(N3906, F1, i) + (N2506->N757, F0, i) + (N2333, F1, i)(N2468,1,i) + (N1611->N2622, F0, i) + (N3773, F1, i)}
{(N3906, F1, i) + (N2506->N757, F0, i) + (N2333, F1, i)(N2468,1,i) + (N2622, F1, i) + (N617, F1, i)}
{(N3906, F1, i) + (N2506->N757, F0, i) + (N2333, F1, i)(N2468,1,i) + (N2622, F1, i) + (N3773, F1, i)}
{(N3906, F1, i) + (N2506->N757, F0, i) + (N2550->N2795, F0, i) + (N1537, F1, i)(N1389,1,i) + (N617, F1, i)}
{(N3906, F1, i) + (N2506->N757, F0, i) + (N2550->N2795, F0, i) + (N1537, F1, i)(N1389,1,i) + (N3773, F1, i)}
{(N3906, F1, i) + (N2506->N757, F0, i) + (N2550->N2795, F0, i) + (N1611->N2622, F0, i) + (N617, F1, i)}
{(N3906, F1, i) + (N2506->N757, F0, i) + (N2550->N2795, F0, i) + (N1611->N2622, F0, i) + (N3773, F1, i)}
{(N3906, F1, i) + (N2506->N757, F0, i) + (N2550->N2795, F0, i) + (N2622, F1, i) + (N617, F1, i)}
{(N3906, F1, i) + (N2506->N757, F0, i) + (N2550->N2795, F0, i) + (N2622, F1, i) + (N3773, F1, i)}
{(N3906, F1, i) + (N2506->N757, F0, i) + (N2795, F1, i) + (N1537, F1, i)(N1389,1,i) + (N617, F1, i)}
{(N3906, F1, i) + (N2506->N757, F0, i) + (N2795, F1, i) + (N1537, F1, i)(N1389,1,i) + (N3773, F1, i)}
{(N3906, F1, i) + (N2506->N757, F0, i) + (N2795, F1, i) + (N1611->N2622, F0, i) + (N617, F1, i)}
{(N3906, F1, i) + (N2506->N757, F0, i) + (N2795, F1, i) + (N1611->N2622, F0, i) + (N3773, F1, i)}
{(N3906, F1, i) + (N2506->N757, F0, i) + (N2795, F1, i) + (N2622, F1, i) + (N617, F1, i)}
{(N3906, F1, i) + (N2506->N757, F0, i) + (N2795, F1, i) + (N2622, F1, i) + (N3773, F1, i)}
{(N3906, F1, i) + (N757, F1, i) + (N2333, F1, i)(N2468,1,i) + (N1537, F1, i)(N1389,1,i) + (N617, F1, i)}
{(N3906, F1, i) + (N757, F1, i) + (N2333, F1, i)(N2468,1,i) + (N1537, F1, i)(N1389,1,i) + (N3773, F1, i)}
{(N3906, F1, i) + (N757, F1, i) + (N2333, F1, i)(N2468,1,i) + (N1611->N2622, F0, i) + (N617, F1, i)}
{(N3906, F1, i) + (N757, F1, i) + (N2333, F1, i)(N2468,1,i) + (N1611->N2622, F0, i) + (N3773, F1, i)}
{(N3906, F1, i) + (N757, F1, i) + (N2333, F1, i)(N2468,1,i) + (N2622, F1, i) + (N617, F1, i)}
{(N3906, F1, i) + (N757, F1, i) + (N2333, F1, i)(N2468,1,i) + (N2622, F1, i) + (N3773, F1, i)}
{(N3906, F1, i) + (N757, F1, i) + (N2550->N2795, F0, i) + (N1537, F1, i)(N1389,1,i) + (N617, F1, i)}
{(N3906, F1, i) + (N757, F1, i) + (N2550->N2795, F0, i) + (N1537, F1, i)(N1389,1,i) + (N3773, F1, i)}
{(N3906, F1, i) + (N757, F1, i) + (N2550->N2795, F0, i) + (N1611->N2622, F0, i) + (N617, F1, i)}
{(N3906, F1, i) + (N757, F1, i) + (N2550->N2795, F0, i) + (N1611->N2622, F0, i) + (N3773, F1, i)}
{(N3906, F1, i) + (N757, F1, i) + (N2550->N2795, F0, i) + (N2622, F1, i) + (N617, F1, i)}
{(N3906, F1, i) + (N757, F1, i) + (N2550->N2795, F0, i) + (N2622, F1, i) + (N3773, F1, i)}
{(N3906, F1, i) + (N757, F1, i) + (N2795, F1, i) + (N1537, F1, i)(N1389,1,i) + (N617, F1, i)}
{(N3906, F1, i) + (N757, F1, i) + (N2795, F1, i) + (N1537, F1, i)(N1389,1,i) + (N3773, F1, i)}
{(N3906, F1, i) + (N757, F1, i) + (N2795, F1, i) + (N1611->N2622, F0, i) + (N617, F1, i)}
{(N3906, F1, i) + (N757, F1, i) + (N2795, F1, i) + (N1611->N2622, F0, i) + (N3773, F1, i)}
{(N3906, F1, i) + (N757, F1, i) + (N2795, F1, i) + (N2622, F1, i) + (N617, F1, i)}
{(N3906, F1, i) + (N757, F1, i) + (N2795, F1, i) + (N2622, F1, i) + (N3773, F1, i)}
{(N3906, F1, i) + (N95->N3689, F0, i) + (N2333, F1, i)(N2468,1,i) + (N1537, F1, i)(N1389,1,i) + (N617, F1, i)}
{(N3906, F1, i) + (N95->N3689, F0, i) + (N2333, F1, i)(N2468,1,i) + (N1537, F1, i)(N1389,1,i) + (N3773, F1, i)}
{(N3906, F1, i) + (N95->N3689, F0, i) + (N2333, F1, i)(N2468,1,i) + (N1611->N2622, F0, i) + (N617, F1, i)}
{(N3906, F1, i) + (N95->N3689, F0, i) + (N2333, F1, i)(N2468,1,i) + (N1611->N2622, F0, i) + (N3773, F1, i)}
{(N3906, F1, i) + (N95->N3689, F0, i) + (N2333, F1, i)(N2468,1,i) + (N2622, F1, i) + (N617, F1, i)}
{(N3906, F1, i) + (N95->N3689, F0, i) + (N2333, F1, i)(N2468,1,i) + (N2622, F1, i) + (N3773, F1, i)}
{(N3906, F1, i) + (N95->N3689, F0, i) + (N2550->N2795, F0, i) + (N1537, F1, i)(N1389,1,i) + (N617, F1, i)}
{(N3906, F1, i) + (N95->N3689, F0, i) + (N2550->N2795, F0, i) + (N1537, F1, i)(N1389,1,i) + (N3773, F1, i)}
{(N3906, F1, i) + (N95->N3689, F0, i) + (N2550->N2795, F0, i) + (N1611->N2622, F0, i) + (N617, F1, i)}
{(N3906, F1, i) + (N95->N3689, F0, i) + (N2550->N2795, F0, i) + (N1611->N2622, F0, i) + (N3773, F1, i)}
{(N3906, F1, i) + (N95->N3689, F0, i) + (N2550->N2795, F0, i) + (N2622, F1, i) + (N617, F1, i)}
{(N3906, F1, i) + (N95->N3689, F0, i) + (N2550->N2795, F0, i) + (N2622, F1, i) + (N3773, F1, i)}
{(N3906, F1, i) + (N95->N3689, F0, i) + (N2795, F1, i) + (N1537, F1, i)(N1389,1,i) + (N617, F1, i)}
{(N3906, F1, i) + (N95->N3689, F0, i) + (N2795, F1, i) + (N1537, F1, i)(N1389,1,i) + (N3773, F1, i)}
{(N3906, F1, i) + (N95->N3689, F0, i) + (N2795, F1, i) + (N1611->N2622, F0, i) + (N617, F1, i)}
{(N3906, F1, i) + (N95->N3689, F0, i) + (N2795, F1, i) + (N1611->N2622, F0, i) + (N3773, F1, i)}
{(N3906, F1, i) + (N95->N3689, F0, i) + (N2795, F1, i) + (N2622, F1, i) + (N617, F1, i)}
{(N3906, F1, i) + (N95->N3689, F0, i) + (N2795, F1, i) + (N2622, F1, i) + (N3773, F1, i)}
{(N3906, F1, i) + (N3689, F1, i) + (N2333, F1, i)(N2468,1,i) + (N1537, F1, i)(N1389,1,i) + (N617, F1, i)}
{(N3906, F1, i) + (N3689, F1, i) + (N2333, F1, i)(N2468,1,i) + (N1537, F1, i)(N1389,1,i) + (N3773, F1, i)}
{(N3906, F1, i) + (N3689, F1, i) + (N2333, F1, i)(N2468,1,i) + (N1611->N2622, F0, i) + (N617, F1, i)}
{(N3906, F1, i) + (N3689, F1, i) + (N2333, F1, i)(N2468,1,i) + (N1611->N2622, F0, i) + (N3773, F1, i)}
{(N3906, F1, i) + (N3689, F1, i) + (N2333, F1, i)(N2468,1,i) + (N2622, F1, i) + (N617, F1, i)}
{(N3906, F1, i) + (N3689, F1, i) + (N2333, F1, i)(N2468,1,i) + (N2622, F1, i) + (N3773, F1, i)}
{(N3906, F1, i) + (N3689, F1, i) + (N2550->N2795, F0, i) + (N1537, F1, i)(N1389,1,i) + (N617, F1, i)}
{(N3906, F1, i) + (N3689, F1, i) + (N2550->N2795, F0, i) + (N1537, F1, i)(N1389,1,i) + (N3773, F1, i)}
{(N3906, F1, i) + (N3689, F1, i) + (N2550->N2795, F0, i) + (N1611->N2622, F0, i) + (N617, F1, i)}
{(N3906, F1, i) + (N3689, F1, i) + (N2550->N2795, F0, i) + (N1611->N2622, F0, i) + (N3773, F1, i)}
{(N3906, F1, i) + (N3689, F1, i) + (N2550->N2795, F0, i) + (N2622, F1, i) + (N617, F1, i)}
{(N3906, F1, i) + (N3689, F1, i) + (N2550->N2795, F0, i) + (N2622, F1, i) + (N3773, F1, i)}
{(N3906, F1, i) + (N3689, F1, i) + (N2795, F1, i) + (N1537, F1, i)(N1389,1,i) + (N617, F1, i)}
{(N3906, F1, i) + (N3689, F1, i) + (N2795, F1, i) + (N1537, F1, i)(N1389,1,i) + (N3773, F1, i)}
{(N3906, F1, i) + (N3689, F1, i) + (N2795, F1, i) + (N1611->N2622, F0, i) + (N617, F1, i)}
{(N3906, F1, i) + (N3689, F1, i) + (N2795, F1, i) + (N1611->N2622, F0, i) + (N3773, F1, i)}
{(N3906, F1, i) + (N3689, F1, i) + (N2795, F1, i) + (N2622, F1, i) + (N617, F1, i)}
{(N3906, F1, i) + (N3689, F1, i) + (N2795, F1, i) + (N2622, F1, i) + (N3773, F1, i)}
{(N3321, F1, i) + (N2451, F1, i)(N757,0,i) + (N2333, F1, i)(N2468,1,i) + (N1537, F1, i)(N1389,1,i) + (N617, F1, i)}
{(N3321, F1, i) + (N2451, F1, i)(N757,0,i) + (N2333, F1, i)(N2468,1,i) + (N1537, F1, i)(N1389,1,i) + (N3773, F1, i)}
{(N3321, F1, i) + (N2451, F1, i)(N757,0,i) + (N2333, F1, i)(N2468,1,i) + (N1611->N2622, F0, i) + (N617, F1, i)}
{(N3321, F1, i) + (N2451, F1, i)(N757,0,i) + (N2333, F1, i)(N2468,1,i) + (N1611->N2622, F0, i) + (N3773, F1, i)}
{(N3321, F1, i) + (N2451, F1, i)(N757,0,i) + (N2333, F1, i)(N2468,1,i) + (N2622, F1, i) + (N617, F1, i)}
{(N3321, F1, i) + (N2451, F1, i)(N757,0,i) + (N2333, F1, i)(N2468,1,i) + (N2622, F1, i) + (N3773, F1, i)}
{(N3321, F1, i) + (N2451, F1, i)(N757,0,i) + (N2550->N2795, F0, i) + (N1537, F1, i)(N1389,1,i) + (N617, F1, i)}
{(N3321, F1, i) + (N2451, F1, i)(N757,0,i) + (N2550->N2795, F0, i) + (N1537, F1, i)(N1389,1,i) + (N3773, F1, i)}
{(N3321, F1, i) + (N2451, F1, i)(N757,0,i) + (N2550->N2795, F0, i) + (N1611->N2622, F0, i) + (N617, F1, i)}
{(N3321, F1, i) + (N2451, F1, i)(N757,0,i) + (N2550->N2795, F0, i) + (N1611->N2622, F0, i) + (N3773, F1, i)}
{(N3321, F1, i) + (N2451, F1, i)(N757,0,i) + (N2550->N2795, F0, i) + (N2622, F1, i) + (N617, F1, i)}
{(N3321, F1, i) + (N2451, F1, i)(N757,0,i) + (N2550->N2795, F0, i) + (N2622, F1, i) + (N3773, F1, i)}
{(N3321, F1, i) + (N2451, F1, i)(N757,0,i) + (N2795, F1, i) + (N1537, F1, i)(N1389,1,i) + (N617, F1, i)}
{(N3321, F1, i) + (N2451, F1, i)(N757,0,i) + (N2795, F1, i) + (N1537, F1, i)(N1389,1,i) + (N3773, F1, i)}
{(N3321, F1, i) + (N2451, F1, i)(N757,0,i) + (N2795, F1, i) + (N1611->N2622, F0, i) + (N617, F1, i)}
{(N3321, F1, i) + (N2451, F1, i)(N757,0,i) + (N2795, F1, i) + (N1611->N2622, F0, i) + (N3773, F1, i)}
{(N3321, F1, i) + (N2451, F1, i)(N757,0,i) + (N2795, F1, i) + (N2622, F1, i) + (N617, F1, i)}
{(N3321, F1, i) + (N2451, F1, i)(N757,0,i) + (N2795, F1, i) + (N2622, F1, i) + (N3773, F1, i)}
{(N3321, F1, i) + (N3122, F1, i)(N460,1,i) + (N2333, F1, i)(N2468,1,i) + (N1537, F1, i)(N1389,1,i) + (N617, F1, i)}
{(N3321, F1, i) + (N3122, F1, i)(N460,1,i) + (N2333, F1, i)(N2468,1,i) + (N1537, F1, i)(N1389,1,i) + (N3773, F1, i)}
{(N3321, F1, i) + (N3122, F1, i)(N460,1,i) + (N2333, F1, i)(N2468,1,i) + (N1611->N2622, F0, i) + (N617, F1, i)}
{(N3321, F1, i) + (N3122, F1, i)(N460,1,i) + (N2333, F1, i)(N2468,1,i) + (N1611->N2622, F0, i) + (N3773, F1, i)}
{(N3321, F1, i) + (N3122, F1, i)(N460,1,i) + (N2333, F1, i)(N2468,1,i) + (N2622, F1, i) + (N617, F1, i)}
{(N3321, F1, i) + (N3122, F1, i)(N460,1,i) + (N2333, F1, i)(N2468,1,i) + (N2622, F1, i) + (N3773, F1, i)}
{(N3321, F1, i) + (N3122, F1, i)(N460,1,i) + (N2550->N2795, F0, i) + (N1537, F1, i)(N1389,1,i) + (N617, F1, i)}
{(N3321, F1, i) + (N3122, F1, i)(N460,1,i) + (N2550->N2795, F0, i) + (N1537, F1, i)(N1389,1,i) + (N3773, F1, i)}
{(N3321, F1, i) + (N3122, F1, i)(N460,1,i) + (N2550->N2795, F0, i) + (N1611->N2622, F0, i) + (N617, F1, i)}
{(N3321, F1, i) + (N3122, F1, i)(N460,1,i) + (N2550->N2795, F0, i) + (N1611->N2622, F0, i) + (N3773, F1, i)}
{(N3321, F1, i) + (N3122, F1, i)(N460,1,i) + (N2550->N2795, F0, i) + (N2622, F1, i) + (N617, F1, i)}
{(N3321, F1, i) + (N3122, F1, i)(N460,1,i) + (N2550->N2795, F0, i) + (N2622, F1, i) + (N3773, F1, i)}
{(N3321, F1, i) + (N3122, F1, i)(N460,1,i) + (N2795, F1, i) + (N1537, F1, i)(N1389,1,i) + (N617, F1, i)}
{(N3321, F1, i) + (N3122, F1, i)(N460,1,i) + (N2795, F1, i) + (N1537, F1, i)(N1389,1,i) + (N3773, F1, i)}
{(N3321, F1, i) + (N3122, F1, i)(N460,1,i) + (N2795, F1, i) + (N1611->N2622, F0, i) + (N617, F1, i)}
{(N3321, F1, i) + (N3122, F1, i)(N460,1,i) + (N2795, F1, i) + (N1611->N2622, F0, i) + (N3773, F1, i)}
{(N3321, F1, i) + (N3122, F1, i)(N460,1,i) + (N2795, F1, i) + (N2622, F1, i) + (N617, F1, i)}
{(N3321, F1, i) + (N3122, F1, i)(N460,1,i) + (N2795, F1, i) + (N2622, F1, i) + (N3773, F1, i)}
{(N3321, F1, i) + (N2506->N757, F0, i) + (N2333, F1, i)(N2468,1,i) + (N1537, F1, i)(N1389,1,i) + (N617, F1, i)}
{(N3321, F1, i) + (N2506->N757, F0, i) + (N2333, F1, i)(N2468,1,i) + (N1537, F1, i)(N1389,1,i) + (N3773, F1, i)}
{(N3321, F1, i) + (N2506->N757, F0, i) + (N2333, F1, i)(N2468,1,i) + (N1611->N2622, F0, i) + (N617, F1, i)}
{(N3321, F1, i) + (N2506->N757, F0, i) + (N2333, F1, i)(N2468,1,i) + (N1611->N2622, F0, i) + (N3773, F1, i)}
{(N3321, F1, i) + (N2506->N757, F0, i) + (N2333, F1, i)(N2468,1,i) + (N2622, F1, i) + (N617, F1, i)}
{(N3321, F1, i) + (N2506->N757, F0, i) + (N2333, F1, i)(N2468,1,i) + (N2622, F1, i) + (N3773, F1, i)}
{(N3321, F1, i) + (N2506->N757, F0, i) + (N2550->N2795, F0, i) + (N1537, F1, i)(N1389,1,i) + (N617, F1, i)}
{(N3321, F1, i) + (N2506->N757, F0, i) + (N2550->N2795, F0, i) + (N1537, F1, i)(N1389,1,i) + (N3773, F1, i)}
{(N3321, F1, i) + (N2506->N757, F0, i) + (N2550->N2795, F0, i) + (N1611->N2622, F0, i) + (N617, F1, i)}
{(N3321, F1, i) + (N2506->N757, F0, i) + (N2550->N2795, F0, i) + (N1611->N2622, F0, i) + (N3773, F1, i)}
{(N3321, F1, i) + (N2506->N757, F0, i) + (N2550->N2795, F0, i) + (N2622, F1, i) + (N617, F1, i)}
{(N3321, F1, i) + (N2506->N757, F0, i) + (N2550->N2795, F0, i) + (N2622, F1, i) + (N3773, F1, i)}
{(N3321, F1, i) + (N2506->N757, F0, i) + (N2795, F1, i) + (N1537, F1, i)(N1389,1,i) + (N617, F1, i)}
{(N3321, F1, i) + (N2506->N757, F0, i) + (N2795, F1, i) + (N1537, F1, i)(N1389,1,i) + (N3773, F1, i)}
{(N3321, F1, i) + (N2506->N757, F0, i) + (N2795, F1, i) + (N1611->N2622, F0, i) + (N617, F1, i)}
{(N3321, F1, i) + (N2506->N757, F0, i) + (N2795, F1, i) + (N1611->N2622, F0, i) + (N3773, F1, i)}
{(N3321, F1, i) + (N2506->N757, F0, i) + (N2795, F1, i) + (N2622, F1, i) + (N617, F1, i)}
{(N3321, F1, i) + (N2506->N757, F0, i) + (N2795, F1, i) + (N2622, F1, i) + (N3773, F1, i)}
{(N3321, F1, i) + (N757, F1, i) + (N2333, F1, i)(N2468,1,i) + (N1537, F1, i)(N1389,1,i) + (N617, F1, i)}
{(N3321, F1, i) + (N757, F1, i) + (N2333, F1, i)(N2468,1,i) + (N1537, F1, i)(N1389,1,i) + (N3773, F1, i)}
{(N3321, F1, i) + (N757, F1, i) + (N2333, F1, i)(N2468,1,i) + (N1611->N2622, F0, i) + (N617, F1, i)}
{(N3321, F1, i) + (N757, F1, i) + (N2333, F1, i)(N2468,1,i) + (N1611->N2622, F0, i) + (N3773, F1, i)}
{(N3321, F1, i) + (N757, F1, i) + (N2333, F1, i)(N2468,1,i) + (N2622, F1, i) + (N617, F1, i)}
{(N3321, F1, i) + (N757, F1, i) + (N2333, F1, i)(N2468,1,i) + (N2622, F1, i) + (N3773, F1, i)}
{(N3321, F1, i) + (N757, F1, i) + (N2550->N2795, F0, i) + (N1537, F1, i)(N1389,1,i) + (N617, F1, i)}
{(N3321, F1, i) + (N757, F1, i) + (N2550->N2795, F0, i) + (N1537, F1, i)(N1389,1,i) + (N3773, F1, i)}
{(N3321, F1, i) + (N757, F1, i) + (N2550->N2795, F0, i) + (N1611->N2622, F0, i) + (N617, F1, i)}
{(N3321, F1, i) + (N757, F1, i) + (N2550->N2795, F0, i) + (N1611->N2622, F0, i) + (N3773, F1, i)}
{(N3321, F1, i) + (N757, F1, i) + (N2550->N2795, F0, i) + (N2622, F1, i) + (N617, F1, i)}
{(N3321, F1, i) + (N757, F1, i) + (N2550->N2795, F0, i) + (N2622, F1, i) + (N3773, F1, i)}
{(N3321, F1, i) + (N757, F1, i) + (N2795, F1, i) + (N1537, F1, i)(N1389,1,i) + (N617, F1, i)}
{(N3321, F1, i) + (N757, F1, i) + (N2795, F1, i) + (N1537, F1, i)(N1389,1,i) + (N3773, F1, i)}
{(N3321, F1, i) + (N757, F1, i) + (N2795, F1, i) + (N1611->N2622, F0, i) + (N617, F1, i)}
{(N3321, F1, i) + (N757, F1, i) + (N2795, F1, i) + (N1611->N2622, F0, i) + (N3773, F1, i)}
{(N3321, F1, i) + (N757, F1, i) + (N2795, F1, i) + (N2622, F1, i) + (N617, F1, i)}
{(N3321, F1, i) + (N757, F1, i) + (N2795, F1, i) + (N2622, F1, i) + (N3773, F1, i)}
{(N3321, F1, i) + (N95->N3689, F0, i) + (N2333, F1, i)(N2468,1,i) + (N1537, F1, i)(N1389,1,i) + (N617, F1, i)}
{(N3321, F1, i) + (N95->N3689, F0, i) + (N2333, F1, i)(N2468,1,i) + (N1537, F1, i)(N1389,1,i) + (N3773, F1, i)}
{(N3321, F1, i) + (N95->N3689, F0, i) + (N2333, F1, i)(N2468,1,i) + (N1611->N2622, F0, i) + (N617, F1, i)}
{(N3321, F1, i) + (N95->N3689, F0, i) + (N2333, F1, i)(N2468,1,i) + (N1611->N2622, F0, i) + (N3773, F1, i)}
{(N3321, F1, i) + (N95->N3689, F0, i) + (N2333, F1, i)(N2468,1,i) + (N2622, F1, i) + (N617, F1, i)}
{(N3321, F1, i) + (N95->N3689, F0, i) + (N2333, F1, i)(N2468,1,i) + (N2622, F1, i) + (N3773, F1, i)}
{(N3321, F1, i) + (N95->N3689, F0, i) + (N2550->N2795, F0, i) + (N1537, F1, i)(N1389,1,i) + (N617, F1, i)}
{(N3321, F1, i) + (N95->N3689, F0, i) + (N2550->N2795, F0, i) + (N1537, F1, i)(N1389,1,i) + (N3773, F1, i)}
{(N3321, F1, i) + (N95->N3689, F0, i) + (N2550->N2795, F0, i) + (N1611->N2622, F0, i) + (N617, F1, i)}
{(N3321, F1, i) + (N95->N3689, F0, i) + (N2550->N2795, F0, i) + (N1611->N2622, F0, i) + (N3773, F1, i)}
{(N3321, F1, i) + (N95->N3689, F0, i) + (N2550->N2795, F0, i) + (N2622, F1, i) + (N617, F1, i)}
{(N3321, F1, i) + (N95->N3689, F0, i) + (N2550->N2795, F0, i) + (N2622, F1, i) + (N3773, F1, i)}
{(N3321, F1, i) + (N95->N3689, F0, i) + (N2795, F1, i) + (N1537, F1, i)(N1389,1,i) + (N617, F1, i)}
{(N3321, F1, i) + (N95->N3689, F0, i) + (N2795, F1, i) + (N1537, F1, i)(N1389,1,i) + (N3773, F1, i)}
{(N3321, F1, i) + (N95->N3689, F0, i) + (N2795, F1, i) + (N1611->N2622, F0, i) + (N617, F1, i)}
{(N3321, F1, i) + (N95->N3689, F0, i) + (N2795, F1, i) + (N1611->N2622, F0, i) + (N3773, F1, i)}
{(N3321, F1, i) + (N95->N3689, F0, i) + (N2795, F1, i) + (N2622, F1, i) + (N617, F1, i)}
{(N3321, F1, i) + (N95->N3689, F0, i) + (N2795, F1, i) + (N2622, F1, i) + (N3773, F1, i)}
{(N3321, F1, i) + (N3689, F1, i) + (N2333, F1, i)(N2468,1,i) + (N1537, F1, i)(N1389,1,i) + (N617, F1, i)}
{(N3321, F1, i) + (N3689, F1, i) + (N2333, F1, i)(N2468,1,i) + (N1537, F1, i)(N1389,1,i) + (N3773, F1, i)}
{(N3321, F1, i) + (N3689, F1, i) + (N2333, F1, i)(N2468,1,i) + (N1611->N2622, F0, i) + (N617, F1, i)}
{(N3321, F1, i) + (N3689, F1, i) + (N2333, F1, i)(N2468,1,i) + (N1611->N2622, F0, i) + (N3773, F1, i)}
{(N3321, F1, i) + (N3689, F1, i) + (N2333, F1, i)(N2468,1,i) + (N2622, F1, i) + (N617, F1, i)}
{(N3321, F1, i) + (N3689, F1, i) + (N2333, F1, i)(N2468,1,i) + (N2622, F1, i) + (N3773, F1, i)}
{(N3321, F1, i) + (N3689, F1, i) + (N2550->N2795, F0, i) + (N1537, F1, i)(N1389,1,i) + (N617, F1, i)}
{(N3321, F1, i) + (N3689, F1, i) + (N2550->N2795, F0, i) + (N1537, F1, i)(N1389,1,i) + (N3773, F1, i)}
{(N3321, F1, i) + (N3689, F1, i) + (N2550->N2795, F0, i) + (N1611->N2622, F0, i) + (N617, F1, i)}
{(N3321, F1, i) + (N3689, F1, i) + (N2550->N2795, F0, i) + (N1611->N2622, F0, i) + (N3773, F1, i)}
{(N3321, F1, i) + (N3689, F1, i) + (N2550->N2795, F0, i) + (N2622, F1, i) + (N617, F1, i)}
{(N3321, F1, i) + (N3689, F1, i) + (N2550->N2795, F0, i) + (N2622, F1, i) + (N3773, F1, i)}
{(N3321, F1, i) + (N3689, F1, i) + (N2795, F1, i) + (N1537, F1, i)(N1389,1,i) + (N617, F1, i)}
{(N3321, F1, i) + (N3689, F1, i) + (N2795, F1, i) + (N1537, F1, i)(N1389,1,i) + (N3773, F1, i)}
{(N3321, F1, i) + (N3689, F1, i) + (N2795, F1, i) + (N1611->N2622, F0, i) + (N617, F1, i)}
{(N3321, F1, i) + (N3689, F1, i) + (N2795, F1, i) + (N1611->N2622, F0, i) + (N3773, F1, i)}
{(N3321, F1, i) + (N3689, F1, i) + (N2795, F1, i) + (N2622, F1, i) + (N617, F1, i)}
{(N3321, F1, i) + (N3689, F1, i) + (N2795, F1, i) + (N2622, F1, i) + (N3773, F1, i)}
