{(N467, F1, i)(N1089,1,i) + (N2821, F1, i)(N1610,1,i) + (N802, F1, i)(N1079,0,i) + (N603, F1, i)(N2505,1,i) + (N2876, F1, i)(N597,1,i)}
{(N467, F1, i)(N1089,1,i) + (N2821, F1, i)(N1610,1,i) + (N802, F1, i)(N1079,0,i) + (N603, F1, i)(N2505,1,i) + (N72->N1721, F0, i)}
{(N467, F1, i)(N1089,1,i) + (N2821, F1, i)(N1610,1,i) + (N802, F1, i)(N1079,0,i) + (N603, F1, i)(N2505,1,i) + (N1721, F1, i)}
{(N467, F1, i)(N1089,1,i) + (N2821, F1, i)(N1610,1,i) + (N802, F1, i)(N1079,0,i) + (N1407->N2171, F0, i) + (N2876, F1, i)(N597,1,i)}
{(N467, F1, i)(N1089,1,i) + (N2821, F1, i)(N1610,1,i) + (N802, F1, i)(N1079,0,i) + (N1407->N2171, F0, i) + (N72->N1721, F0, i)}
{(N467, F1, i)(N1089,1,i) + (N2821, F1, i)(N1610,1,i) + (N802, F1, i)(N1079,0,i) + (N1407->N2171, F0, i) + (N1721, F1, i)}
{(N467, F1, i)(N1089,1,i) + (N2821, F1, i)(N1610,1,i) + (N802, F1, i)(N1079,0,i) + (N2171, F1, i) + (N2876, F1, i)(N597,1,i)}
{(N467, F1, i)(N1089,1,i) + (N2821, F1, i)(N1610,1,i) + (N802, F1, i)(N1079,0,i) + (N2171, F1, i) + (N72->N1721, F0, i)}
{(N467, F1, i)(N1089,1,i) + (N2821, F1, i)(N1610,1,i) + (N802, F1, i)(N1079,0,i) + (N2171, F1, i) + (N1721, F1, i)}
{(N467, F1, i)(N1089,1,i) + (N2821, F1, i)(N1610,1,i) + (N802, F1, i)(N1079,0,i) + (N1582, F1, i)(N2479,1,i) + (N2876, F1, i)(N597,1,i)}
{(N467, F1, i)(N1089,1,i) + (N2821, F1, i)(N1610,1,i) + (N802, F1, i)(N1079,0,i) + (N1582, F1, i)(N2479,1,i) + (N72->N1721, F0, i)}
{(N467, F1, i)(N1089,1,i) + (N2821, F1, i)(N1610,1,i) + (N802, F1, i)(N1079,0,i) + (N1582, F1, i)(N2479,1,i) + (N1721, F1, i)}
{(N467, F1, i)(N1089,1,i) + (N2821, F1, i)(N1610,1,i) + (N802, F1, i)(N1079,0,i) + (N102->N575, F0, i) + (N2876, F1, i)(N597,1,i)}
{(N467, F1, i)(N1089,1,i) + (N2821, F1, i)(N1610,1,i) + (N802, F1, i)(N1079,0,i) + (N102->N575, F0, i) + (N72->N1721, F0, i)}
{(N467, F1, i)(N1089,1,i) + (N2821, F1, i)(N1610,1,i) + (N802, F1, i)(N1079,0,i) + (N102->N575, F0, i) + (N1721, F1, i)}
{(N467, F1, i)(N1089,1,i) + (N2821, F1, i)(N1610,1,i) + (N802, F1, i)(N1079,0,i) + (N575, F1, i) + (N2876, F1, i)(N597,1,i)}
{(N467, F1, i)(N1089,1,i) + (N2821, F1, i)(N1610,1,i) + (N802, F1, i)(N1079,0,i) + (N575, F1, i) + (N72->N1721, F0, i)}
{(N467, F1, i)(N1089,1,i) + (N2821, F1, i)(N1610,1,i) + (N802, F1, i)(N1079,0,i) + (N575, F1, i) + (N1721, F1, i)}
{(N467, F1, i)(N1089,1,i) + (N2821, F1, i)(N1610,1,i) + (N123->N1079, F0, i) + (N603, F1, i)(N2505,1,i) + (N2876, F1, i)(N597,1,i)}
{(N467, F1, i)(N1089,1,i) + (N2821, F1, i)(N1610,1,i) + (N123->N1079, F0, i) + (N603, F1, i)(N2505,1,i) + (N72->N1721, F0, i)}
{(N467, F1, i)(N1089,1,i) + (N2821, F1, i)(N1610,1,i) + (N123->N1079, F0, i) + (N603, F1, i)(N2505,1,i) + (N1721, F1, i)}
{(N467, F1, i)(N1089,1,i) + (N2821, F1, i)(N1610,1,i) + (N123->N1079, F0, i) + (N1407->N2171, F0, i) + (N2876, F1, i)(N597,1,i)}
{(N467, F1, i)(N1089,1,i) + (N2821, F1, i)(N1610,1,i) + (N123->N1079, F0, i) + (N1407->N2171, F0, i) + (N72->N1721, F0, i)}
{(N467, F1, i)(N1089,1,i) + (N2821, F1, i)(N1610,1,i) + (N123->N1079, F0, i) + (N1407->N2171, F0, i) + (N1721, F1, i)}
{(N467, F1, i)(N1089,1,i) + (N2821, F1, i)(N1610,1,i) + (N123->N1079, F0, i) + (N2171, F1, i) + (N2876, F1, i)(N597,1,i)}
{(N467, F1, i)(N1089,1,i) + (N2821, F1, i)(N1610,1,i) + (N123->N1079, F0, i) + (N2171, F1, i) + (N72->N1721, F0, i)}
{(N467, F1, i)(N1089,1,i) + (N2821, F1, i)(N1610,1,i) + (N123->N1079, F0, i) + (N2171, F1, i) + (N1721, F1, i)}
{(N467, F1, i)(N1089,1,i) + (N2821, F1, i)(N1610,1,i) + (N123->N1079, F0, i) + (N1582, F1, i)(N2479,1,i) + (N2876, F1, i)(N597,1,i)}
{(N467, F1, i)(N1089,1,i) + (N2821, F1, i)(N1610,1,i) + (N123->N1079, F0, i) + (N1582, F1, i)(N2479,1,i) + (N72->N1721, F0, i)}
{(N467, F1, i)(N1089,1,i) + (N2821, F1, i)(N1610,1,i) + (N123->N1079, F0, i) + (N1582, F1, i)(N2479,1,i) + (N1721, F1, i)}
{(N467, F1, i)(N1089,1,i) + (N2821, F1, i)(N1610,1,i) + (N123->N1079, F0, i) + (N102->N575, F0, i) + (N2876, F1, i)(N597,1,i)}
{(N467, F1, i)(N1089,1,i) + (N2821, F1, i)(N1610,1,i) + (N123->N1079, F0, i) + (N102->N575, F0, i) + (N72->N1721, F0, i)}
{(N467, F1, i)(N1089,1,i) + (N2821, F1, i)(N1610,1,i) + (N123->N1079, F0, i) + (N102->N575, F0, i) + (N1721, F1, i)}
{(N467, F1, i)(N1089,1,i) + (N2821, F1, i)(N1610,1,i) + (N123->N1079, F0, i) + (N575, F1, i) + (N2876, F1, i)(N597,1,i)}
{(N467, F1, i)(N1089,1,i) + (N2821, F1, i)(N1610,1,i) + (N123->N1079, F0, i) + (N575, F1, i) + (N72->N1721, F0, i)}
{(N467, F1, i)(N1089,1,i) + (N2821, F1, i)(N1610,1,i) + (N123->N1079, F0, i) + (N575, F1, i) + (N1721, F1, i)}
{(N467, F1, i)(N1089,1,i) + (N2821, F1, i)(N1610,1,i) + (N1079, F1, i) + (N603, F1, i)(N2505,1,i) + (N2876, F1, i)(N597,1,i)}
{(N467, F1, i)(N1089,1,i) + (N2821, F1, i)(N1610,1,i) + (N1079, F1, i) + (N603, F1, i)(N2505,1,i) + (N72->N1721, F0, i)}
{(N467, F1, i)(N1089,1,i) + (N2821, F1, i)(N1610,1,i) + (N1079, F1, i) + (N603, F1, i)(N2505,1,i) + (N1721, F1, i)}
{(N467, F1, i)(N1089,1,i) + (N2821, F1, i)(N1610,1,i) + (N1079, F1, i) + (N1407->N2171, F0, i) + (N2876, F1, i)(N597,1,i)}
{(N467, F1, i)(N1089,1,i) + (N2821, F1, i)(N1610,1,i) + (N1079, F1, i) + (N1407->N2171, F0, i) + (N72->N1721, F0, i)}
{(N467, F1, i)(N1089,1,i) + (N2821, F1, i)(N1610,1,i) + (N1079, F1, i) + (N1407->N2171, F0, i) + (N1721, F1, i)}
{(N467, F1, i)(N1089,1,i) + (N2821, F1, i)(N1610,1,i) + (N1079, F1, i) + (N2171, F1, i) + (N2876, F1, i)(N597,1,i)}
{(N467, F1, i)(N1089,1,i) + (N2821, F1, i)(N1610,1,i) + (N1079, F1, i) + (N2171, F1, i) + (N72->N1721, F0, i)}
{(N467, F1, i)(N1089,1,i) + (N2821, F1, i)(N1610,1,i) + (N1079, F1, i) + (N2171, F1, i) + (N1721, F1, i)}
{(N467, F1, i)(N1089,1,i) + (N2821, F1, i)(N1610,1,i) + (N1079, F1, i) + (N1582, F1, i)(N2479,1,i) + (N2876, F1, i)(N597,1,i)}
{(N467, F1, i)(N1089,1,i) + (N2821, F1, i)(N1610,1,i) + (N1079, F1, i) + (N1582, F1, i)(N2479,1,i) + (N72->N1721, F0, i)}
{(N467, F1, i)(N1089,1,i) + (N2821, F1, i)(N1610,1,i) + (N1079, F1, i) + (N1582, F1, i)(N2479,1,i) + (N1721, F1, i)}
{(N467, F1, i)(N1089,1,i) + (N2821, F1, i)(N1610,1,i) + (N1079, F1, i) + (N102->N575, F0, i) + (N2876, F1, i)(N597,1,i)}
{(N467, F1, i)(N1089,1,i) + (N2821, F1, i)(N1610,1,i) + (N1079, F1, i) + (N102->N575, F0, i) + (N72->N1721, F0, i)}
{(N467, F1, i)(N1089,1,i) + (N2821, F1, i)(N1610,1,i) + (N1079, F1, i) + (N102->N575, F0, i) + (N1721, F1, i)}
{(N467, F1, i)(N1089,1,i) + (N2821, F1, i)(N1610,1,i) + (N1079, F1, i) + (N575, F1, i) + (N2876, F1, i)(N597,1,i)}
{(N467, F1, i)(N1089,1,i) + (N2821, F1, i)(N1610,1,i) + (N1079, F1, i) + (N575, F1, i) + (N72->N1721, F0, i)}
{(N467, F1, i)(N1089,1,i) + (N2821, F1, i)(N1610,1,i) + (N1079, F1, i) + (N575, F1, i) + (N1721, F1, i)}
{(N467, F1, i)(N1089,1,i) + (N1920->N1185, F0, i) + (N802, F1, i)(N1079,0,i) + (N603, F1, i)(N2505,1,i) + (N2876, F1, i)(N597,1,i)}
{(N467, F1, i)(N1089,1,i) + (N1920->N1185, F0, i) + (N802, F1, i)(N1079,0,i) + (N603, F1, i)(N2505,1,i) + (N72->N1721, F0, i)}
{(N467, F1, i)(N1089,1,i) + (N1920->N1185, F0, i) + (N802, F1, i)(N1079,0,i) + (N603, F1, i)(N2505,1,i) + (N1721, F1, i)}
{(N467, F1, i)(N1089,1,i) + (N1920->N1185, F0, i) + (N802, F1, i)(N1079,0,i) + (N1407->N2171, F0, i) + (N2876, F1, i)(N597,1,i)}
{(N467, F1, i)(N1089,1,i) + (N1920->N1185, F0, i) + (N802, F1, i)(N1079,0,i) + (N1407->N2171, F0, i) + (N72->N1721, F0, i)}
{(N467, F1, i)(N1089,1,i) + (N1920->N1185, F0, i) + (N802, F1, i)(N1079,0,i) + (N1407->N2171, F0, i) + (N1721, F1, i)}
{(N467, F1, i)(N1089,1,i) + (N1920->N1185, F0, i) + (N802, F1, i)(N1079,0,i) + (N2171, F1, i) + (N2876, F1, i)(N597,1,i)}
{(N467, F1, i)(N1089,1,i) + (N1920->N1185, F0, i) + (N802, F1, i)(N1079,0,i) + (N2171, F1, i) + (N72->N1721, F0, i)}
{(N467, F1, i)(N1089,1,i) + (N1920->N1185, F0, i) + (N802, F1, i)(N1079,0,i) + (N2171, F1, i) + (N1721, F1, i)}
{(N467, F1, i)(N1089,1,i) + (N1920->N1185, F0, i) + (N802, F1, i)(N1079,0,i) + (N1582, F1, i)(N2479,1,i) + (N2876, F1, i)(N597,1,i)}
{(N467, F1, i)(N1089,1,i) + (N1920->N1185, F0, i) + (N802, F1, i)(N1079,0,i) + (N1582, F1, i)(N2479,1,i) + (N72->N1721, F0, i)}
{(N467, F1, i)(N1089,1,i) + (N1920->N1185, F0, i) + (N802, F1, i)(N1079,0,i) + (N1582, F1, i)(N2479,1,i) + (N1721, F1, i)}
{(N467, F1, i)(N1089,1,i) + (N1920->N1185, F0, i) + (N802, F1, i)(N1079,0,i) + (N102->N575, F0, i) + (N2876, F1, i)(N597,1,i)}
{(N467, F1, i)(N1089,1,i) + (N1920->N1185, F0, i) + (N802, F1, i)(N1079,0,i) + (N102->N575, F0, i) + (N72->N1721, F0, i)}
{(N467, F1, i)(N1089,1,i) + (N1920->N1185, F0, i) + (N802, F1, i)(N1079,0,i) + (N102->N575, F0, i) + (N1721, F1, i)}
{(N467, F1, i)(N1089,1,i) + (N1920->N1185, F0, i) + (N802, F1, i)(N1079,0,i) + (N575, F1, i) + (N2876, F1, i)(N597,1,i)}
{(N467, F1, i)(N1089,1,i) + (N1920->N1185, F0, i) + (N802, F1, i)(N1079,0,i) + (N575, F1, i) + (N72->N1721, F0, i)}
{(N467, F1, i)(N1089,1,i) + (N1920->N1185, F0, i) + (N802, F1, i)(N1079,0,i) + (N575, F1, i) + (N1721, F1, i)}
{(N467, F1, i)(N1089,1,i) + (N1920->N1185, F0, i) + (N123->N1079, F0, i) + (N603, F1, i)(N2505,1,i) + (N2876, F1, i)(N597,1,i)}
{(N467, F1, i)(N1089,1,i) + (N1920->N1185, F0, i) + (N123->N1079, F0, i) + (N603, F1, i)(N2505,1,i) + (N72->N1721, F0, i)}
{(N467, F1, i)(N1089,1,i) + (N1920->N1185, F0, i) + (N123->N1079, F0, i) + (N603, F1, i)(N2505,1,i) + (N1721, F1, i)}
{(N467, F1, i)(N1089,1,i) + (N1920->N1185, F0, i) + (N123->N1079, F0, i) + (N1407->N2171, F0, i) + (N2876, F1, i)(N597,1,i)}
{(N467, F1, i)(N1089,1,i) + (N1920->N1185, F0, i) + (N123->N1079, F0, i) + (N1407->N2171, F0, i) + (N72->N1721, F0, i)}
{(N467, F1, i)(N1089,1,i) + (N1920->N1185, F0, i) + (N123->N1079, F0, i) + (N1407->N2171, F0, i) + (N1721, F1, i)}
{(N467, F1, i)(N1089,1,i) + (N1920->N1185, F0, i) + (N123->N1079, F0, i) + (N2171, F1, i) + (N2876, F1, i)(N597,1,i)}
{(N467, F1, i)(N1089,1,i) + (N1920->N1185, F0, i) + (N123->N1079, F0, i) + (N2171, F1, i) + (N72->N1721, F0, i)}
{(N467, F1, i)(N1089,1,i) + (N1920->N1185, F0, i) + (N123->N1079, F0, i) + (N2171, F1, i) + (N1721, F1, i)}
{(N467, F1, i)(N1089,1,i) + (N1920->N1185, F0, i) + (N123->N1079, F0, i) + (N1582, F1, i)(N2479,1,i) + (N2876, F1, i)(N597,1,i)}
{(N467, F1, i)(N1089,1,i) + (N1920->N1185, F0, i) + (N123->N1079, F0, i) + (N1582, F1, i)(N2479,1,i) + (N72->N1721, F0, i)}
{(N467, F1, i)(N1089,1,i) + (N1920->N1185, F0, i) + (N123->N1079, F0, i) + (N1582, F1, i)(N2479,1,i) + (N1721, F1, i)}
{(N467, F1, i)(N1089,1,i) + (N1920->N1185, F0, i) + (N123->N1079, F0, i) + (N102->N575, F0, i) + (N2876, F1, i)(N597,1,i)}
{(N467, F1, i)(N1089,1,i) + (N1920->N1185, F0, i) + (N123->N1079, F0, i) + (N102->N575, F0, i) + (N72->N1721, F0, i)}
{(N467, F1, i)(N1089,1,i) + (N1920->N1185, F0, i) + (N123->N1079, F0, i) + (N102->N575, F0, i) + (N1721, F1, i)}
{(N467, F1, i)(N1089,1,i) + (N1920->N1185, F0, i) + (N123->N1079, F0, i) + (N575, F1, i) + (N2876, F1, i)(N597,1,i)}
{(N467, F1, i)(N1089,1,i) + (N1920->N1185, F0, i) + (N123->N1079, F0, i) + (N575, F1, i) + (N72->N1721, F0, i)}
{(N467, F1, i)(N1089,1,i) + (N1920->N1185, F0, i) + (N123->N1079, F0, i) + (N575, F1, i) + (N1721, F1, i)}
{(N467, F1, i)(N1089,1,i) + (N1920->N1185, F0, i) + (N1079, F1, i) + (N603, F1, i)(N2505,1,i) + (N2876, F1, i)(N597,1,i)}
{(N467, F1, i)(N1089,1,i) + (N1920->N1185, F0, i) + (N1079, F1, i) + (N603, F1, i)(N2505,1,i) + (N72->N1721, F0, i)}
{(N467, F1, i)(N1089,1,i) + (N1920->N1185, F0, i) + (N1079, F1, i) + (N603, F1, i)(N2505,1,i) + (N1721, F1, i)}
{(N467, F1, i)(N1089,1,i) + (N1920->N1185, F0, i) + (N1079, F1, i) + (N1407->N2171, F0, i) + (N2876, F1, i)(N597,1,i)}
{(N467, F1, i)(N1089,1,i) + (N1920->N1185, F0, i) + (N1079, F1, i) + (N1407->N2171, F0, i) + (N72->N1721, F0, i)}
{(N467, F1, i)(N1089,1,i) + (N1920->N1185, F0, i) + (N1079, F1, i) + (N1407->N2171, F0, i) + (N1721, F1, i)}
{(N467, F1, i)(N1089,1,i) + (N1920->N1185, F0, i) + (N1079, F1, i) + (N2171, F1, i) + (N2876, F1, i)(N597,1,i)}
{(N467, F1, i)(N1089,1,i) + (N1920->N1185, F0, i) + (N1079, F1, i) + (N2171, F1, i) + (N72->N1721, F0, i)}
{(N467, F1, i)(N1089,1,i) + (N1920->N1185, F0, i) + (N1079, F1, i) + (N2171, F1, i) + (N1721, F1, i)}
{(N467, F1, i)(N1089,1,i) + (N1920->N1185, F0, i) + (N1079, F1, i) + (N1582, F1, i)(N2479,1,i) + (N2876, F1, i)(N597,1,i)}
{(N467, F1, i)(N1089,1,i) + (N1920->N1185, F0, i) + (N1079, F1, i) + (N1582, F1, i)(N2479,1,i) + (N72->N1721, F0, i)}
{(N467, F1, i)(N1089,1,i) + (N1920->N1185, F0, i) + (N1079, F1, i) + (N1582, F1, i)(N2479,1,i) + (N1721, F1, i)}
{(N467, F1, i)(N1089,1,i) + (N1920->N1185, F0, i) + (N1079, F1, i) + (N102->N575, F0, i) + (N2876, F1, i)(N597,1,i)}
{(N467, F1, i)(N1089,1,i) + (N1920->N1185, F0, i) + (N1079, F1, i) + (N102->N575, F0, i) + (N72->N1721, F0, i)}
{(N467, F1, i)(N1089,1,i) + (N1920->N1185, F0, i) + (N1079, F1, i) + (N102->N575, F0, i) + (N1721, F1, i)}
{(N467, F1, i)(N1089,1,i) + (N1920->N1185, F0, i) + (N1079, F1, i) + (N575, F1, i) + (N2876, F1, i)(N597,1,i)}
{(N467, F1, i)(N1089,1,i) + (N1920->N1185, F0, i) + (N1079, F1, i) + (N575, F1, i) + (N72->N1721, F0, i)}
{(N467, F1, i)(N1089,1,i) + (N1920->N1185, F0, i) + (N1079, F1, i) + (N575, F1, i) + (N1721, F1, i)}
{(N467, F1, i)(N1089,1,i) + (N1185, F1, i) + (N802, F1, i)(N1079,0,i) + (N603, F1, i)(N2505,1,i) + (N2876, F1, i)(N597,1,i)}
{(N467, F1, i)(N1089,1,i) + (N1185, F1, i) + (N802, F1, i)(N1079,0,i) + (N603, F1, i)(N2505,1,i) + (N72->N1721, F0, i)}
{(N467, F1, i)(N1089,1,i) + (N1185, F1, i) + (N802, F1, i)(N1079,0,i) + (N603, F1, i)(N2505,1,i) + (N1721, F1, i)}
{(N467, F1, i)(N1089,1,i) + (N1185, F1, i) + (N802, F1, i)(N1079,0,i) + (N1407->N2171, F0, i) + (N2876, F1, i)(N597,1,i)}
{(N467, F1, i)(N1089,1,i) + (N1185, F1, i) + (N802, F1, i)(N1079,0,i) + (N1407->N2171, F0, i) + (N72->N1721, F0, i)}
{(N467, F1, i)(N1089,1,i) + (N1185, F1, i) + (N802, F1, i)(N1079,0,i) + (N1407->N2171, F0, i) + (N1721, F1, i)}
{(N467, F1, i)(N1089,1,i) + (N1185, F1, i) + (N802, F1, i)(N1079,0,i) + (N2171, F1, i) + (N2876, F1, i)(N597,1,i)}
{(N467, F1, i)(N1089,1,i) + (N1185, F1, i) + (N802, F1, i)(N1079,0,i) + (N2171, F1, i) + (N72->N1721, F0, i)}
{(N467, F1, i)(N1089,1,i) + (N1185, F1, i) + (N802, F1, i)(N1079,0,i) + (N2171, F1, i) + (N1721, F1, i)}
{(N467, F1, i)(N1089,1,i) + (N1185, F1, i) + (N802, F1, i)(N1079,0,i) + (N1582, F1, i)(N2479,1,i) + (N2876, F1, i)(N597,1,i)}
{(N467, F1, i)(N1089,1,i) + (N1185, F1, i) + (N802, F1, i)(N1079,0,i) + (N1582, F1, i)(N2479,1,i) + (N72->N1721, F0, i)}
{(N467, F1, i)(N1089,1,i) + (N1185, F1, i) + (N802, F1, i)(N1079,0,i) + (N1582, F1, i)(N2479,1,i) + (N1721, F1, i)}
{(N467, F1, i)(N1089,1,i) + (N1185, F1, i) + (N802, F1, i)(N1079,0,i) + (N102->N575, F0, i) + (N2876, F1, i)(N597,1,i)}
{(N467, F1, i)(N1089,1,i) + (N1185, F1, i) + (N802, F1, i)(N1079,0,i) + (N102->N575, F0, i) + (N72->N1721, F0, i)}
{(N467, F1, i)(N1089,1,i) + (N1185, F1, i) + (N802, F1, i)(N1079,0,i) + (N102->N575, F0, i) + (N1721, F1, i)}
{(N467, F1, i)(N1089,1,i) + (N1185, F1, i) + (N802, F1, i)(N1079,0,i) + (N575, F1, i) + (N2876, F1, i)(N597,1,i)}
{(N467, F1, i)(N1089,1,i) + (N1185, F1, i) + (N802, F1, i)(N1079,0,i) + (N575, F1, i) + (N72->N1721, F0, i)}
{(N467, F1, i)(N1089,1,i) + (N1185, F1, i) + (N802, F1, i)(N1079,0,i) + (N575, F1, i) + (N1721, F1, i)}
{(N467, F1, i)(N1089,1,i) + (N1185, F1, i) + (N123->N1079, F0, i) + (N603, F1, i)(N2505,1,i) + (N2876, F1, i)(N597,1,i)}
{(N467, F1, i)(N1089,1,i) + (N1185, F1, i) + (N123->N1079, F0, i) + (N603, F1, i)(N2505,1,i) + (N72->N1721, F0, i)}
{(N467, F1, i)(N1089,1,i) + (N1185, F1, i) + (N123->N1079, F0, i) + (N603, F1, i)(N2505,1,i) + (N1721, F1, i)}
{(N467, F1, i)(N1089,1,i) + (N1185, F1, i) + (N123->N1079, F0, i) + (N1407->N2171, F0, i) + (N2876, F1, i)(N597,1,i)}
{(N467, F1, i)(N1089,1,i) + (N1185, F1, i) + (N123->N1079, F0, i) + (N1407->N2171, F0, i) + (N72->N1721, F0, i)}
{(N467, F1, i)(N1089,1,i) + (N1185, F1, i) + (N123->N1079, F0, i) + (N1407->N2171, F0, i) + (N1721, F1, i)}
{(N467, F1, i)(N1089,1,i) + (N1185, F1, i) + (N123->N1079, F0, i) + (N2171, F1, i) + (N2876, F1, i)(N597,1,i)}
{(N467, F1, i)(N1089,1,i) + (N1185, F1, i) + (N123->N1079, F0, i) + (N2171, F1, i) + (N72->N1721, F0, i)}
{(N467, F1, i)(N1089,1,i) + (N1185, F1, i) + (N123->N1079, F0, i) + (N2171, F1, i) + (N1721, F1, i)}
{(N467, F1, i)(N1089,1,i) + (N1185, F1, i) + (N123->N1079, F0, i) + (N1582, F1, i)(N2479,1,i) + (N2876, F1, i)(N597,1,i)}
{(N467, F1, i)(N1089,1,i) + (N1185, F1, i) + (N123->N1079, F0, i) + (N1582, F1, i)(N2479,1,i) + (N72->N1721, F0, i)}
{(N467, F1, i)(N1089,1,i) + (N1185, F1, i) + (N123->N1079, F0, i) + (N1582, F1, i)(N2479,1,i) + (N1721, F1, i)}
{(N467, F1, i)(N1089,1,i) + (N1185, F1, i) + (N123->N1079, F0, i) + (N102->N575, F0, i) + (N2876, F1, i)(N597,1,i)}
{(N467, F1, i)(N1089,1,i) + (N1185, F1, i) + (N123->N1079, F0, i) + (N102->N575, F0, i) + (N72->N1721, F0, i)}
{(N467, F1, i)(N1089,1,i) + (N1185, F1, i) + (N123->N1079, F0, i) + (N102->N575, F0, i) + (N1721, F1, i)}
{(N467, F1, i)(N1089,1,i) + (N1185, F1, i) + (N123->N1079, F0, i) + (N575, F1, i) + (N2876, F1, i)(N597,1,i)}
{(N467, F1, i)(N1089,1,i) + (N1185, F1, i) + (N123->N1079, F0, i) + (N575, F1, i) + (N72->N1721, F0, i)}
{(N467, F1, i)(N1089,1,i) + (N1185, F1, i) + (N123->N1079, F0, i) + (N575, F1, i) + (N1721, F1, i)}
{(N467, F1, i)(N1089,1,i) + (N1185, F1, i) + (N1079, F1, i) + (N603, F1, i)(N2505,1,i) + (N2876, F1, i)(N597,1,i)}
{(N467, F1, i)(N1089,1,i) + (N1185, F1, i) + (N1079, F1, i) + (N603, F1, i)(N2505,1,i) + (N72->N1721, F0, i)}
{(N467, F1, i)(N1089,1,i) + (N1185, F1, i) + (N1079, F1, i) + (N603, F1, i)(N2505,1,i) + (N1721, F1, i)}
{(N467, F1, i)(N1089,1,i) + (N1185, F1, i) + (N1079, F1, i) + (N1407->N2171, F0, i) + (N2876, F1, i)(N597,1,i)}
{(N467, F1, i)(N1089,1,i) + (N1185, F1, i) + (N1079, F1, i) + (N1407->N2171, F0, i) + (N72->N1721, F0, i)}
{(N467, F1, i)(N1089,1,i) + (N1185, F1, i) + (N1079, F1, i) + (N1407->N2171, F0, i) + (N1721, F1, i)}
{(N467, F1, i)(N1089,1,i) + (N1185, F1, i) + (N1079, F1, i) + (N2171, F1, i) + (N2876, F1, i)(N597,1,i)}
{(N467, F1, i)(N1089,1,i) + (N1185, F1, i) + (N1079, F1, i) + (N2171, F1, i) + (N72->N1721, F0, i)}
{(N467, F1, i)(N1089,1,i) + (N1185, F1, i) + (N1079, F1, i) + (N2171, F1, i) + (N1721, F1, i)}
{(N467, F1, i)(N1089,1,i) + (N1185, F1, i) + (N1079, F1, i) + (N1582, F1, i)(N2479,1,i) + (N2876, F1, i)(N597,1,i)}
{(N467, F1, i)(N1089,1,i) + (N1185, F1, i) + (N1079, F1, i) + (N1582, F1, i)(N2479,1,i) + (N72->N1721, F0, i)}
{(N467, F1, i)(N1089,1,i) + (N1185, F1, i) + (N1079, F1, i) + (N1582, F1, i)(N2479,1,i) + (N1721, F1, i)}
{(N467, F1, i)(N1089,1,i) + (N1185, F1, i) + (N1079, F1, i) + (N102->N575, F0, i) + (N2876, F1, i)(N597,1,i)}
{(N467, F1, i)(N1089,1,i) + (N1185, F1, i) + (N1079, F1, i) + (N102->N575, F0, i) + (N72->N1721, F0, i)}
{(N467, F1, i)(N1089,1,i) + (N1185, F1, i) + (N1079, F1, i) + (N102->N575, F0, i) + (N1721, F1, i)}
{(N467, F1, i)(N1089,1,i) + (N1185, F1, i) + (N1079, F1, i) + (N575, F1, i) + (N2876, F1, i)(N597,1,i)}
{(N467, F1, i)(N1089,1,i) + (N1185, F1, i) + (N1079, F1, i) + (N575, F1, i) + (N72->N1721, F0, i)}
{(N467, F1, i)(N1089,1,i) + (N1185, F1, i) + (N1079, F1, i) + (N575, F1, i) + (N1721, F1, i)}
{(N3864->N895, F0, i) + (N2821, F1, i)(N1610,1,i) + (N802, F1, i)(N1079,0,i) + (N603, F1, i)(N2505,1,i) + (N2876, F1, i)(N597,1,i)}
{(N3864->N895, F0, i) + (N2821, F1, i)(N1610,1,i) + (N802, F1, i)(N1079,0,i) + (N603, F1, i)(N2505,1,i) + (N72->N1721, F0, i)}
{(N3864->N895, F0, i) + (N2821, F1, i)(N1610,1,i) + (N802, F1, i)(N1079,0,i) + (N603, F1, i)(N2505,1,i) + (N1721, F1, i)}
{(N3864->N895, F0, i) + (N2821, F1, i)(N1610,1,i) + (N802, F1, i)(N1079,0,i) + (N1407->N2171, F0, i) + (N2876, F1, i)(N597,1,i)}
{(N3864->N895, F0, i) + (N2821, F1, i)(N1610,1,i) + (N802, F1, i)(N1079,0,i) + (N1407->N2171, F0, i) + (N72->N1721, F0, i)}
{(N3864->N895, F0, i) + (N2821, F1, i)(N1610,1,i) + (N802, F1, i)(N1079,0,i) + (N1407->N2171, F0, i) + (N1721, F1, i)}
{(N3864->N895, F0, i) + (N2821, F1, i)(N1610,1,i) + (N802, F1, i)(N1079,0,i) + (N2171, F1, i) + (N2876, F1, i)(N597,1,i)}
{(N3864->N895, F0, i) + (N2821, F1, i)(N1610,1,i) + (N802, F1, i)(N1079,0,i) + (N2171, F1, i) + (N72->N1721, F0, i)}
{(N3864->N895, F0, i) + (N2821, F1, i)(N1610,1,i) + (N802, F1, i)(N1079,0,i) + (N2171, F1, i) + (N1721, F1, i)}
{(N3864->N895, F0, i) + (N2821, F1, i)(N1610,1,i) + (N802, F1, i)(N1079,0,i) + (N1582, F1, i)(N2479,1,i) + (N2876, F1, i)(N597,1,i)}
{(N3864->N895, F0, i) + (N2821, F1, i)(N1610,1,i) + (N802, F1, i)(N1079,0,i) + (N1582, F1, i)(N2479,1,i) + (N72->N1721, F0, i)}
{(N3864->N895, F0, i) + (N2821, F1, i)(N1610,1,i) + (N802, F1, i)(N1079,0,i) + (N1582, F1, i)(N2479,1,i) + (N1721, F1, i)}
{(N3864->N895, F0, i) + (N2821, F1, i)(N1610,1,i) + (N802, F1, i)(N1079,0,i) + (N102->N575, F0, i) + (N2876, F1, i)(N597,1,i)}
{(N3864->N895, F0, i) + (N2821, F1, i)(N1610,1,i) + (N802, F1, i)(N1079,0,i) + (N102->N575, F0, i) + (N72->N1721, F0, i)}
{(N3864->N895, F0, i) + (N2821, F1, i)(N1610,1,i) + (N802, F1, i)(N1079,0,i) + (N102->N575, F0, i) + (N1721, F1, i)}
{(N3864->N895, F0, i) + (N2821, F1, i)(N1610,1,i) + (N802, F1, i)(N1079,0,i) + (N575, F1, i) + (N2876, F1, i)(N597,1,i)}
{(N3864->N895, F0, i) + (N2821, F1, i)(N1610,1,i) + (N802, F1, i)(N1079,0,i) + (N575, F1, i) + (N72->N1721, F0, i)}
{(N3864->N895, F0, i) + (N2821, F1, i)(N1610,1,i) + (N802, F1, i)(N1079,0,i) + (N575, F1, i) + (N1721, F1, i)}
{(N3864->N895, F0, i) + (N2821, F1, i)(N1610,1,i) + (N123->N1079, F0, i) + (N603, F1, i)(N2505,1,i) + (N2876, F1, i)(N597,1,i)}
{(N3864->N895, F0, i) + (N2821, F1, i)(N1610,1,i) + (N123->N1079, F0, i) + (N603, F1, i)(N2505,1,i) + (N72->N1721, F0, i)}
{(N3864->N895, F0, i) + (N2821, F1, i)(N1610,1,i) + (N123->N1079, F0, i) + (N603, F1, i)(N2505,1,i) + (N1721, F1, i)}
{(N3864->N895, F0, i) + (N2821, F1, i)(N1610,1,i) + (N123->N1079, F0, i) + (N1407->N2171, F0, i) + (N2876, F1, i)(N597,1,i)}
{(N3864->N895, F0, i) + (N2821, F1, i)(N1610,1,i) + (N123->N1079, F0, i) + (N1407->N2171, F0, i) + (N72->N1721, F0, i)}
{(N3864->N895, F0, i) + (N2821, F1, i)(N1610,1,i) + (N123->N1079, F0, i) + (N1407->N2171, F0, i) + (N1721, F1, i)}
{(N3864->N895, F0, i) + (N2821, F1, i)(N1610,1,i) + (N123->N1079, F0, i) + (N2171, F1, i) + (N2876, F1, i)(N597,1,i)}
{(N3864->N895, F0, i) + (N2821, F1, i)(N1610,1,i) + (N123->N1079, F0, i) + (N2171, F1, i) + (N72->N1721, F0, i)}
{(N3864->N895, F0, i) + (N2821, F1, i)(N1610,1,i) + (N123->N1079, F0, i) + (N2171, F1, i) + (N1721, F1, i)}
{(N3864->N895, F0, i) + (N2821, F1, i)(N1610,1,i) + (N123->N1079, F0, i) + (N1582, F1, i)(N2479,1,i) + (N2876, F1, i)(N597,1,i)}
{(N3864->N895, F0, i) + (N2821, F1, i)(N1610,1,i) + (N123->N1079, F0, i) + (N1582, F1, i)(N2479,1,i) + (N72->N1721, F0, i)}
{(N3864->N895, F0, i) + (N2821, F1, i)(N1610,1,i) + (N123->N1079, F0, i) + (N1582, F1, i)(N2479,1,i) + (N1721, F1, i)}
{(N3864->N895, F0, i) + (N2821, F1, i)(N1610,1,i) + (N123->N1079, F0, i) + (N102->N575, F0, i) + (N2876, F1, i)(N597,1,i)}
{(N3864->N895, F0, i) + (N2821, F1, i)(N1610,1,i) + (N123->N1079, F0, i) + (N102->N575, F0, i) + (N72->N1721, F0, i)}
{(N3864->N895, F0, i) + (N2821, F1, i)(N1610,1,i) + (N123->N1079, F0, i) + (N102->N575, F0, i) + (N1721, F1, i)}
{(N3864->N895, F0, i) + (N2821, F1, i)(N1610,1,i) + (N123->N1079, F0, i) + (N575, F1, i) + (N2876, F1, i)(N597,1,i)}
{(N3864->N895, F0, i) + (N2821, F1, i)(N1610,1,i) + (N123->N1079, F0, i) + (N575, F1, i) + (N72->N1721, F0, i)}
{(N3864->N895, F0, i) + (N2821, F1, i)(N1610,1,i) + (N123->N1079, F0, i) + (N575, F1, i) + (N1721, F1, i)}
{(N3864->N895, F0, i) + (N2821, F1, i)(N1610,1,i) + (N1079, F1, i) + (N603, F1, i)(N2505,1,i) + (N2876, F1, i)(N597,1,i)}
{(N3864->N895, F0, i) + (N2821, F1, i)(N1610,1,i) + (N1079, F1, i) + (N603, F1, i)(N2505,1,i) + (N72->N1721, F0, i)}
{(N3864->N895, F0, i) + (N2821, F1, i)(N1610,1,i) + (N1079, F1, i) + (N603, F1, i)(N2505,1,i) + (N1721, F1, i)}
{(N3864->N895, F0, i) + (N2821, F1, i)(N1610,1,i) + (N1079, F1, i) + (N1407->N2171, F0, i) + (N2876, F1, i)(N597,1,i)}
{(N3864->N895, F0, i) + (N2821, F1, i)(N1610,1,i) + (N1079, F1, i) + (N1407->N2171, F0, i) + (N72->N1721, F0, i)}
{(N3864->N895, F0, i) + (N2821, F1, i)(N1610,1,i) + (N1079, F1, i) + (N1407->N2171, F0, i) + (N1721, F1, i)}
{(N3864->N895, F0, i) + (N2821, F1, i)(N1610,1,i) + (N1079, F1, i) + (N2171, F1, i) + (N2876, F1, i)(N597,1,i)}
{(N3864->N895, F0, i) + (N2821, F1, i)(N1610,1,i) + (N1079, F1, i) + (N2171, F1, i) + (N72->N1721, F0, i)}
{(N3864->N895, F0, i) + (N2821, F1, i)(N1610,1,i) + (N1079, F1, i) + (N2171, F1, i) + (N1721, F1, i)}
{(N3864->N895, F0, i) + (N2821, F1, i)(N1610,1,i) + (N1079, F1, i) + (N1582, F1, i)(N2479,1,i) + (N2876, F1, i)(N597,1,i)}
{(N3864->N895, F0, i) + (N2821, F1, i)(N1610,1,i) + (N1079, F1, i) + (N1582, F1, i)(N2479,1,i) + (N72->N1721, F0, i)}
{(N3864->N895, F0, i) + (N2821, F1, i)(N1610,1,i) + (N1079, F1, i) + (N1582, F1, i)(N2479,1,i) + (N1721, F1, i)}
{(N3864->N895, F0, i) + (N2821, F1, i)(N1610,1,i) + (N1079, F1, i) + (N102->N575, F0, i) + (N2876, F1, i)(N597,1,i)}
{(N3864->N895, F0, i) + (N2821, F1, i)(N1610,1,i) + (N1079, F1, i) + (N102->N575, F0, i) + (N72->N1721, F0, i)}
{(N3864->N895, F0, i) + (N2821, F1, i)(N1610,1,i) + (N1079, F1, i) + (N102->N575, F0, i) + (N1721, F1, i)}
{(N3864->N895, F0, i) + (N2821, F1, i)(N1610,1,i) + (N1079, F1, i) + (N575, F1, i) + (N2876, F1, i)(N597,1,i)}
{(N3864->N895, F0, i) + (N2821, F1, i)(N1610,1,i) + (N1079, F1, i) + (N575, F1, i) + (N72->N1721, F0, i)}
{(N3864->N895, F0, i) + (N2821, F1, i)(N1610,1,i) + (N1079, F1, i) + (N575, F1, i) + (N1721, F1, i)}
{(N3864->N895, F0, i) + (N1920->N1185, F0, i) + (N802, F1, i)(N1079,0,i) + (N603, F1, i)(N2505,1,i) + (N2876, F1, i)(N597,1,i)}
{(N3864->N895, F0, i) + (N1920->N1185, F0, i) + (N802, F1, i)(N1079,0,i) + (N603, F1, i)(N2505,1,i) + (N72->N1721, F0, i)}
{(N3864->N895, F0, i) + (N1920->N1185, F0, i) + (N802, F1, i)(N1079,0,i) + (N603, F1, i)(N2505,1,i) + (N1721, F1, i)}
{(N3864->N895, F0, i) + (N1920->N1185, F0, i) + (N802, F1, i)(N1079,0,i) + (N1407->N2171, F0, i) + (N2876, F1, i)(N597,1,i)}
{(N3864->N895, F0, i) + (N1920->N1185, F0, i) + (N802, F1, i)(N1079,0,i) + (N1407->N2171, F0, i) + (N72->N1721, F0, i)}
{(N3864->N895, F0, i) + (N1920->N1185, F0, i) + (N802, F1, i)(N1079,0,i) + (N1407->N2171, F0, i) + (N1721, F1, i)}
{(N3864->N895, F0, i) + (N1920->N1185, F0, i) + (N802, F1, i)(N1079,0,i) + (N2171, F1, i) + (N2876, F1, i)(N597,1,i)}
{(N3864->N895, F0, i) + (N1920->N1185, F0, i) + (N802, F1, i)(N1079,0,i) + (N2171, F1, i) + (N72->N1721, F0, i)}
{(N3864->N895, F0, i) + (N1920->N1185, F0, i) + (N802, F1, i)(N1079,0,i) + (N2171, F1, i) + (N1721, F1, i)}
{(N3864->N895, F0, i) + (N1920->N1185, F0, i) + (N802, F1, i)(N1079,0,i) + (N1582, F1, i)(N2479,1,i) + (N2876, F1, i)(N597,1,i)}
{(N3864->N895, F0, i) + (N1920->N1185, F0, i) + (N802, F1, i)(N1079,0,i) + (N1582, F1, i)(N2479,1,i) + (N72->N1721, F0, i)}
{(N3864->N895, F0, i) + (N1920->N1185, F0, i) + (N802, F1, i)(N1079,0,i) + (N1582, F1, i)(N2479,1,i) + (N1721, F1, i)}
{(N3864->N895, F0, i) + (N1920->N1185, F0, i) + (N802, F1, i)(N1079,0,i) + (N102->N575, F0, i) + (N2876, F1, i)(N597,1,i)}
{(N3864->N895, F0, i) + (N1920->N1185, F0, i) + (N802, F1, i)(N1079,0,i) + (N102->N575, F0, i) + (N72->N1721, F0, i)}
{(N3864->N895, F0, i) + (N1920->N1185, F0, i) + (N802, F1, i)(N1079,0,i) + (N102->N575, F0, i) + (N1721, F1, i)}
{(N3864->N895, F0, i) + (N1920->N1185, F0, i) + (N802, F1, i)(N1079,0,i) + (N575, F1, i) + (N2876, F1, i)(N597,1,i)}
{(N3864->N895, F0, i) + (N1920->N1185, F0, i) + (N802, F1, i)(N1079,0,i) + (N575, F1, i) + (N72->N1721, F0, i)}
{(N3864->N895, F0, i) + (N1920->N1185, F0, i) + (N802, F1, i)(N1079,0,i) + (N575, F1, i) + (N1721, F1, i)}
{(N3864->N895, F0, i) + (N1920->N1185, F0, i) + (N123->N1079, F0, i) + (N603, F1, i)(N2505,1,i) + (N2876, F1, i)(N597,1,i)}
{(N3864->N895, F0, i) + (N1920->N1185, F0, i) + (N123->N1079, F0, i) + (N603, F1, i)(N2505,1,i) + (N72->N1721, F0, i)}
{(N3864->N895, F0, i) + (N1920->N1185, F0, i) + (N123->N1079, F0, i) + (N603, F1, i)(N2505,1,i) + (N1721, F1, i)}
{(N3864->N895, F0, i) + (N1920->N1185, F0, i) + (N123->N1079, F0, i) + (N1407->N2171, F0, i) + (N2876, F1, i)(N597,1,i)}
{(N3864->N895, F0, i) + (N1920->N1185, F0, i) + (N123->N1079, F0, i) + (N1407->N2171, F0, i) + (N72->N1721, F0, i)}
{(N3864->N895, F0, i) + (N1920->N1185, F0, i) + (N123->N1079, F0, i) + (N1407->N2171, F0, i) + (N1721, F1, i)}
{(N3864->N895, F0, i) + (N1920->N1185, F0, i) + (N123->N1079, F0, i) + (N2171, F1, i) + (N2876, F1, i)(N597,1,i)}
{(N3864->N895, F0, i) + (N1920->N1185, F0, i) + (N123->N1079, F0, i) + (N2171, F1, i) + (N72->N1721, F0, i)}
{(N3864->N895, F0, i) + (N1920->N1185, F0, i) + (N123->N1079, F0, i) + (N2171, F1, i) + (N1721, F1, i)}
{(N3864->N895, F0, i) + (N1920->N1185, F0, i) + (N123->N1079, F0, i) + (N1582, F1, i)(N2479,1,i) + (N2876, F1, i)(N597,1,i)}
{(N3864->N895, F0, i) + (N1920->N1185, F0, i) + (N123->N1079, F0, i) + (N1582, F1, i)(N2479,1,i) + (N72->N1721, F0, i)}
{(N3864->N895, F0, i) + (N1920->N1185, F0, i) + (N123->N1079, F0, i) + (N1582, F1, i)(N2479,1,i) + (N1721, F1, i)}
{(N3864->N895, F0, i) + (N1920->N1185, F0, i) + (N123->N1079, F0, i) + (N102->N575, F0, i) + (N2876, F1, i)(N597,1,i)}
{(N3864->N895, F0, i) + (N1920->N1185, F0, i) + (N123->N1079, F0, i) + (N102->N575, F0, i) + (N72->N1721, F0, i)}
{(N3864->N895, F0, i) + (N1920->N1185, F0, i) + (N123->N1079, F0, i) + (N102->N575, F0, i) + (N1721, F1, i)}
{(N3864->N895, F0, i) + (N1920->N1185, F0, i) + (N123->N1079, F0, i) + (N575, F1, i) + (N2876, F1, i)(N597,1,i)}
{(N3864->N895, F0, i) + (N1920->N1185, F0, i) + (N123->N1079, F0, i) + (N575, F1, i) + (N72->N1721, F0, i)}
{(N3864->N895, F0, i) + (N1920->N1185, F0, i) + (N123->N1079, F0, i) + (N575, F1, i) + (N1721, F1, i)}
{(N3864->N895, F0, i) + (N1920->N1185, F0, i) + (N1079, F1, i) + (N603, F1, i)(N2505,1,i) + (N2876, F1, i)(N597,1,i)}
{(N3864->N895, F0, i) + (N1920->N1185, F0, i) + (N1079, F1, i) + (N603, F1, i)(N2505,1,i) + (N72->N1721, F0, i)}
{(N3864->N895, F0, i) + (N1920->N1185, F0, i) + (N1079, F1, i) + (N603, F1, i)(N2505,1,i) + (N1721, F1, i)}
{(N3864->N895, F0, i) + (N1920->N1185, F0, i) + (N1079, F1, i) + (N1407->N2171, F0, i) + (N2876, F1, i)(N597,1,i)}
{(N3864->N895, F0, i) + (N1920->N1185, F0, i) + (N1079, F1, i) + (N1407->N2171, F0, i) + (N72->N1721, F0, i)}
{(N3864->N895, F0, i) + (N1920->N1185, F0, i) + (N1079, F1, i) + (N1407->N2171, F0, i) + (N1721, F1, i)}
{(N3864->N895, F0, i) + (N1920->N1185, F0, i) + (N1079, F1, i) + (N2171, F1, i) + (N2876, F1, i)(N597,1,i)}
{(N3864->N895, F0, i) + (N1920->N1185, F0, i) + (N1079, F1, i) + (N2171, F1, i) + (N72->N1721, F0, i)}
{(N3864->N895, F0, i) + (N1920->N1185, F0, i) + (N1079, F1, i) + (N2171, F1, i) + (N1721, F1, i)}
{(N3864->N895, F0, i) + (N1920->N1185, F0, i) + (N1079, F1, i) + (N1582, F1, i)(N2479,1,i) + (N2876, F1, i)(N597,1,i)}
{(N3864->N895, F0, i) + (N1920->N1185, F0, i) + (N1079, F1, i) + (N1582, F1, i)(N2479,1,i) + (N72->N1721, F0, i)}
{(N3864->N895, F0, i) + (N1920->N1185, F0, i) + (N1079, F1, i) + (N1582, F1, i)(N2479,1,i) + (N1721, F1, i)}
{(N3864->N895, F0, i) + (N1920->N1185, F0, i) + (N1079, F1, i) + (N102->N575, F0, i) + (N2876, F1, i)(N597,1,i)}
{(N3864->N895, F0, i) + (N1920->N1185, F0, i) + (N1079, F1, i) + (N102->N575, F0, i) + (N72->N1721, F0, i)}
{(N3864->N895, F0, i) + (N1920->N1185, F0, i) + (N1079, F1, i) + (N102->N575, F0, i) + (N1721, F1, i)}
{(N3864->N895, F0, i) + (N1920->N1185, F0, i) + (N1079, F1, i) + (N575, F1, i) + (N2876, F1, i)(N597,1,i)}
{(N3864->N895, F0, i) + (N1920->N1185, F0, i) + (N1079, F1, i) + (N575, F1, i) + (N72->N1721, F0, i)}
{(N3864->N895, F0, i) + (N1920->N1185, F0, i) + (N1079, F1, i) + (N575, F1, i) + (N1721, F1, i)}
{(N3864->N895, F0, i) + (N1185, F1, i) + (N802, F1, i)(N1079,0,i) + (N603, F1, i)(N2505,1,i) + (N2876, F1, i)(N597,1,i)}
{(N3864->N895, F0, i) + (N1185, F1, i) + (N802, F1, i)(N1079,0,i) + (N603, F1, i)(N2505,1,i) + (N72->N1721, F0, i)}
{(N3864->N895, F0, i) + (N1185, F1, i) + (N802, F1, i)(N1079,0,i) + (N603, F1, i)(N2505,1,i) + (N1721, F1, i)}
{(N3864->N895, F0, i) + (N1185, F1, i) + (N802, F1, i)(N1079,0,i) + (N1407->N2171, F0, i) + (N2876, F1, i)(N597,1,i)}
{(N3864->N895, F0, i) + (N1185, F1, i) + (N802, F1, i)(N1079,0,i) + (N1407->N2171, F0, i) + (N72->N1721, F0, i)}
{(N3864->N895, F0, i) + (N1185, F1, i) + (N802, F1, i)(N1079,0,i) + (N1407->N2171, F0, i) + (N1721, F1, i)}
{(N3864->N895, F0, i) + (N1185, F1, i) + (N802, F1, i)(N1079,0,i) + (N2171, F1, i) + (N2876, F1, i)(N597,1,i)}
{(N3864->N895, F0, i) + (N1185, F1, i) + (N802, F1, i)(N1079,0,i) + (N2171, F1, i) + (N72->N1721, F0, i)}
{(N3864->N895, F0, i) + (N1185, F1, i) + (N802, F1, i)(N1079,0,i) + (N2171, F1, i) + (N1721, F1, i)}
{(N3864->N895, F0, i) + (N1185, F1, i) + (N802, F1, i)(N1079,0,i) + (N1582, F1, i)(N2479,1,i) + (N2876, F1, i)(N597,1,i)}
{(N3864->N895, F0, i) + (N1185, F1, i) + (N802, F1, i)(N1079,0,i) + (N1582, F1, i)(N2479,1,i) + (N72->N1721, F0, i)}
{(N3864->N895, F0, i) + (N1185, F1, i) + (N802, F1, i)(N1079,0,i) + (N1582, F1, i)(N2479,1,i) + (N1721, F1, i)}
{(N3864->N895, F0, i) + (N1185, F1, i) + (N802, F1, i)(N1079,0,i) + (N102->N575, F0, i) + (N2876, F1, i)(N597,1,i)}
{(N3864->N895, F0, i) + (N1185, F1, i) + (N802, F1, i)(N1079,0,i) + (N102->N575, F0, i) + (N72->N1721, F0, i)}
{(N3864->N895, F0, i) + (N1185, F1, i) + (N802, F1, i)(N1079,0,i) + (N102->N575, F0, i) + (N1721, F1, i)}
{(N3864->N895, F0, i) + (N1185, F1, i) + (N802, F1, i)(N1079,0,i) + (N575, F1, i) + (N2876, F1, i)(N597,1,i)}
{(N3864->N895, F0, i) + (N1185, F1, i) + (N802, F1, i)(N1079,0,i) + (N575, F1, i) + (N72->N1721, F0, i)}
{(N3864->N895, F0, i) + (N1185, F1, i) + (N802, F1, i)(N1079,0,i) + (N575, F1, i) + (N1721, F1, i)}
{(N3864->N895, F0, i) + (N1185, F1, i) + (N123->N1079, F0, i) + (N603, F1, i)(N2505,1,i) + (N2876, F1, i)(N597,1,i)}
{(N3864->N895, F0, i) + (N1185, F1, i) + (N123->N1079, F0, i) + (N603, F1, i)(N2505,1,i) + (N72->N1721, F0, i)}
{(N3864->N895, F0, i) + (N1185, F1, i) + (N123->N1079, F0, i) + (N603, F1, i)(N2505,1,i) + (N1721, F1, i)}
{(N3864->N895, F0, i) + (N1185, F1, i) + (N123->N1079, F0, i) + (N1407->N2171, F0, i) + (N2876, F1, i)(N597,1,i)}
{(N3864->N895, F0, i) + (N1185, F1, i) + (N123->N1079, F0, i) + (N1407->N2171, F0, i) + (N72->N1721, F0, i)}
{(N3864->N895, F0, i) + (N1185, F1, i) + (N123->N1079, F0, i) + (N1407->N2171, F0, i) + (N1721, F1, i)}
{(N3864->N895, F0, i) + (N1185, F1, i) + (N123->N1079, F0, i) + (N2171, F1, i) + (N2876, F1, i)(N597,1,i)}
{(N3864->N895, F0, i) + (N1185, F1, i) + (N123->N1079, F0, i) + (N2171, F1, i) + (N72->N1721, F0, i)}
{(N3864->N895, F0, i) + (N1185, F1, i) + (N123->N1079, F0, i) + (N2171, F1, i) + (N1721, F1, i)}
{(N3864->N895, F0, i) + (N1185, F1, i) + (N123->N1079, F0, i) + (N1582, F1, i)(N2479,1,i) + (N2876, F1, i)(N597,1,i)}
{(N3864->N895, F0, i) + (N1185, F1, i) + (N123->N1079, F0, i) + (N1582, F1, i)(N2479,1,i) + (N72->N1721, F0, i)}
{(N3864->N895, F0, i) + (N1185, F1, i) + (N123->N1079, F0, i) + (N1582, F1, i)(N2479,1,i) + (N1721, F1, i)}
{(N3864->N895, F0, i) + (N1185, F1, i) + (N123->N1079, F0, i) + (N102->N575, F0, i) + (N2876, F1, i)(N597,1,i)}
{(N3864->N895, F0, i) + (N1185, F1, i) + (N123->N1079, F0, i) + (N102->N575, F0, i) + (N72->N1721, F0, i)}
{(N3864->N895, F0, i) + (N1185, F1, i) + (N123->N1079, F0, i) + (N102->N575, F0, i) + (N1721, F1, i)}
{(N3864->N895, F0, i) + (N1185, F1, i) + (N123->N1079, F0, i) + (N575, F1, i) + (N2876, F1, i)(N597,1,i)}
{(N3864->N895, F0, i) + (N1185, F1, i) + (N123->N1079, F0, i) + (N575, F1, i) + (N72->N1721, F0, i)}
{(N3864->N895, F0, i) + (N1185, F1, i) + (N123->N1079, F0, i) + (N575, F1, i) + (N1721, F1, i)}
{(N3864->N895, F0, i) + (N1185, F1, i) + (N1079, F1, i) + (N603, F1, i)(N2505,1,i) + (N2876, F1, i)(N597,1,i)}
{(N3864->N895, F0, i) + (N1185, F1, i) + (N1079, F1, i) + (N603, F1, i)(N2505,1,i) + (N72->N1721, F0, i)}
{(N3864->N895, F0, i) + (N1185, F1, i) + (N1079, F1, i) + (N603, F1, i)(N2505,1,i) + (N1721, F1, i)}
{(N3864->N895, F0, i) + (N1185, F1, i) + (N1079, F1, i) + (N1407->N2171, F0, i) + (N2876, F1, i)(N597,1,i)}
{(N3864->N895, F0, i) + (N1185, F1, i) + (N1079, F1, i) + (N1407->N2171, F0, i) + (N72->N1721, F0, i)}
{(N3864->N895, F0, i) + (N1185, F1, i) + (N1079, F1, i) + (N1407->N2171, F0, i) + (N1721, F1, i)}
{(N3864->N895, F0, i) + (N1185, F1, i) + (N1079, F1, i) + (N2171, F1, i) + (N2876, F1, i)(N597,1,i)}
{(N3864->N895, F0, i) + (N1185, F1, i) + (N1079, F1, i) + (N2171, F1, i) + (N72->N1721, F0, i)}
{(N3864->N895, F0, i) + (N1185, F1, i) + (N1079, F1, i) + (N2171, F1, i) + (N1721, F1, i)}
{(N3864->N895, F0, i) + (N1185, F1, i) + (N1079, F1, i) + (N1582, F1, i)(N2479,1,i) + (N2876, F1, i)(N597,1,i)}
{(N3864->N895, F0, i) + (N1185, F1, i) + (N1079, F1, i) + (N1582, F1, i)(N2479,1,i) + (N72->N1721, F0, i)}
{(N3864->N895, F0, i) + (N1185, F1, i) + (N1079, F1, i) + (N1582, F1, i)(N2479,1,i) + (N1721, F1, i)}
{(N3864->N895, F0, i) + (N1185, F1, i) + (N1079, F1, i) + (N102->N575, F0, i) + (N2876, F1, i)(N597,1,i)}
{(N3864->N895, F0, i) + (N1185, F1, i) + (N1079, F1, i) + (N102->N575, F0, i) + (N72->N1721, F0, i)}
{(N3864->N895, F0, i) + (N1185, F1, i) + (N1079, F1, i) + (N102->N575, F0, i) + (N1721, F1, i)}
{(N3864->N895, F0, i) + (N1185, F1, i) + (N1079, F1, i) + (N575, F1, i) + (N2876, F1, i)(N597,1,i)}
{(N3864->N895, F0, i) + (N1185, F1, i) + (N1079, F1, i) + (N575, F1, i) + (N72->N1721, F0, i)}
{(N3864->N895, F0, i) + (N1185, F1, i) + (N1079, F1, i) + (N575, F1, i) + (N1721, F1, i)}
{(N895, F1, i) + (N2821, F1, i)(N1610,1,i) + (N802, F1, i)(N1079,0,i) + (N603, F1, i)(N2505,1,i) + (N2876, F1, i)(N597,1,i)}
{(N895, F1, i) + (N2821, F1, i)(N1610,1,i) + (N802, F1, i)(N1079,0,i) + (N603, F1, i)(N2505,1,i) + (N72->N1721, F0, i)}
{(N895, F1, i) + (N2821, F1, i)(N1610,1,i) + (N802, F1, i)(N1079,0,i) + (N603, F1, i)(N2505,1,i) + (N1721, F1, i)}
{(N895, F1, i) + (N2821, F1, i)(N1610,1,i) + (N802, F1, i)(N1079,0,i) + (N1407->N2171, F0, i) + (N2876, F1, i)(N597,1,i)}
{(N895, F1, i) + (N2821, F1, i)(N1610,1,i) + (N802, F1, i)(N1079,0,i) + (N1407->N2171, F0, i) + (N72->N1721, F0, i)}
{(N895, F1, i) + (N2821, F1, i)(N1610,1,i) + (N802, F1, i)(N1079,0,i) + (N1407->N2171, F0, i) + (N1721, F1, i)}
{(N895, F1, i) + (N2821, F1, i)(N1610,1,i) + (N802, F1, i)(N1079,0,i) + (N2171, F1, i) + (N2876, F1, i)(N597,1,i)}
{(N895, F1, i) + (N2821, F1, i)(N1610,1,i) + (N802, F1, i)(N1079,0,i) + (N2171, F1, i) + (N72->N1721, F0, i)}
{(N895, F1, i) + (N2821, F1, i)(N1610,1,i) + (N802, F1, i)(N1079,0,i) + (N2171, F1, i) + (N1721, F1, i)}
{(N895, F1, i) + (N2821, F1, i)(N1610,1,i) + (N802, F1, i)(N1079,0,i) + (N1582, F1, i)(N2479,1,i) + (N2876, F1, i)(N597,1,i)}
{(N895, F1, i) + (N2821, F1, i)(N1610,1,i) + (N802, F1, i)(N1079,0,i) + (N1582, F1, i)(N2479,1,i) + (N72->N1721, F0, i)}
{(N895, F1, i) + (N2821, F1, i)(N1610,1,i) + (N802, F1, i)(N1079,0,i) + (N1582, F1, i)(N2479,1,i) + (N1721, F1, i)}
{(N895, F1, i) + (N2821, F1, i)(N1610,1,i) + (N802, F1, i)(N1079,0,i) + (N102->N575, F0, i) + (N2876, F1, i)(N597,1,i)}
{(N895, F1, i) + (N2821, F1, i)(N1610,1,i) + (N802, F1, i)(N1079,0,i) + (N102->N575, F0, i) + (N72->N1721, F0, i)}
{(N895, F1, i) + (N2821, F1, i)(N1610,1,i) + (N802, F1, i)(N1079,0,i) + (N102->N575, F0, i) + (N1721, F1, i)}
{(N895, F1, i) + (N2821, F1, i)(N1610,1,i) + (N802, F1, i)(N1079,0,i) + (N575, F1, i) + (N2876, F1, i)(N597,1,i)}
{(N895, F1, i) + (N2821, F1, i)(N1610,1,i) + (N802, F1, i)(N1079,0,i) + (N575, F1, i) + (N72->N1721, F0, i)}
{(N895, F1, i) + (N2821, F1, i)(N1610,1,i) + (N802, F1, i)(N1079,0,i) + (N575, F1, i) + (N1721, F1, i)}
{(N895, F1, i) + (N2821, F1, i)(N1610,1,i) + (N123->N1079, F0, i) + (N603, F1, i)(N2505,1,i) + (N2876, F1, i)(N597,1,i)}
{(N895, F1, i) + (N2821, F1, i)(N1610,1,i) + (N123->N1079, F0, i) + (N603, F1, i)(N2505,1,i) + (N72->N1721, F0, i)}
{(N895, F1, i) + (N2821, F1, i)(N1610,1,i) + (N123->N1079, F0, i) + (N603, F1, i)(N2505,1,i) + (N1721, F1, i)}
{(N895, F1, i) + (N2821, F1, i)(N1610,1,i) + (N123->N1079, F0, i) + (N1407->N2171, F0, i) + (N2876, F1, i)(N597,1,i)}
{(N895, F1, i) + (N2821, F1, i)(N1610,1,i) + (N123->N1079, F0, i) + (N1407->N2171, F0, i) + (N72->N1721, F0, i)}
{(N895, F1, i) + (N2821, F1, i)(N1610,1,i) + (N123->N1079, F0, i) + (N1407->N2171, F0, i) + (N1721, F1, i)}
{(N895, F1, i) + (N2821, F1, i)(N1610,1,i) + (N123->N1079, F0, i) + (N2171, F1, i) + (N2876, F1, i)(N597,1,i)}
{(N895, F1, i) + (N2821, F1, i)(N1610,1,i) + (N123->N1079, F0, i) + (N2171, F1, i) + (N72->N1721, F0, i)}
{(N895, F1, i) + (N2821, F1, i)(N1610,1,i) + (N123->N1079, F0, i) + (N2171, F1, i) + (N1721, F1, i)}
{(N895, F1, i) + (N2821, F1, i)(N1610,1,i) + (N123->N1079, F0, i) + (N1582, F1, i)(N2479,1,i) + (N2876, F1, i)(N597,1,i)}
{(N895, F1, i) + (N2821, F1, i)(N1610,1,i) + (N123->N1079, F0, i) + (N1582, F1, i)(N2479,1,i) + (N72->N1721, F0, i)}
{(N895, F1, i) + (N2821, F1, i)(N1610,1,i) + (N123->N1079, F0, i) + (N1582, F1, i)(N2479,1,i) + (N1721, F1, i)}
{(N895, F1, i) + (N2821, F1, i)(N1610,1,i) + (N123->N1079, F0, i) + (N102->N575, F0, i) + (N2876, F1, i)(N597,1,i)}
{(N895, F1, i) + (N2821, F1, i)(N1610,1,i) + (N123->N1079, F0, i) + (N102->N575, F0, i) + (N72->N1721, F0, i)}
{(N895, F1, i) + (N2821, F1, i)(N1610,1,i) + (N123->N1079, F0, i) + (N102->N575, F0, i) + (N1721, F1, i)}
{(N895, F1, i) + (N2821, F1, i)(N1610,1,i) + (N123->N1079, F0, i) + (N575, F1, i) + (N2876, F1, i)(N597,1,i)}
{(N895, F1, i) + (N2821, F1, i)(N1610,1,i) + (N123->N1079, F0, i) + (N575, F1, i) + (N72->N1721, F0, i)}
{(N895, F1, i) + (N2821, F1, i)(N1610,1,i) + (N123->N1079, F0, i) + (N575, F1, i) + (N1721, F1, i)}
{(N895, F1, i) + (N2821, F1, i)(N1610,1,i) + (N1079, F1, i) + (N603, F1, i)(N2505,1,i) + (N2876, F1, i)(N597,1,i)}
{(N895, F1, i) + (N2821, F1, i)(N1610,1,i) + (N1079, F1, i) + (N603, F1, i)(N2505,1,i) + (N72->N1721, F0, i)}
{(N895, F1, i) + (N2821, F1, i)(N1610,1,i) + (N1079, F1, i) + (N603, F1, i)(N2505,1,i) + (N1721, F1, i)}
{(N895, F1, i) + (N2821, F1, i)(N1610,1,i) + (N1079, F1, i) + (N1407->N2171, F0, i) + (N2876, F1, i)(N597,1,i)}
{(N895, F1, i) + (N2821, F1, i)(N1610,1,i) + (N1079, F1, i) + (N1407->N2171, F0, i) + (N72->N1721, F0, i)}
{(N895, F1, i) + (N2821, F1, i)(N1610,1,i) + (N1079, F1, i) + (N1407->N2171, F0, i) + (N1721, F1, i)}
{(N895, F1, i) + (N2821, F1, i)(N1610,1,i) + (N1079, F1, i) + (N2171, F1, i) + (N2876, F1, i)(N597,1,i)}
{(N895, F1, i) + (N2821, F1, i)(N1610,1,i) + (N1079, F1, i) + (N2171, F1, i) + (N72->N1721, F0, i)}
{(N895, F1, i) + (N2821, F1, i)(N1610,1,i) + (N1079, F1, i) + (N2171, F1, i) + (N1721, F1, i)}
{(N895, F1, i) + (N2821, F1, i)(N1610,1,i) + (N1079, F1, i) + (N1582, F1, i)(N2479,1,i) + (N2876, F1, i)(N597,1,i)}
{(N895, F1, i) + (N2821, F1, i)(N1610,1,i) + (N1079, F1, i) + (N1582, F1, i)(N2479,1,i) + (N72->N1721, F0, i)}
{(N895, F1, i) + (N2821, F1, i)(N1610,1,i) + (N1079, F1, i) + (N1582, F1, i)(N2479,1,i) + (N1721, F1, i)}
{(N895, F1, i) + (N2821, F1, i)(N1610,1,i) + (N1079, F1, i) + (N102->N575, F0, i) + (N2876, F1, i)(N597,1,i)}
{(N895, F1, i) + (N2821, F1, i)(N1610,1,i) + (N1079, F1, i) + (N102->N575, F0, i) + (N72->N1721, F0, i)}
{(N895, F1, i) + (N2821, F1, i)(N1610,1,i) + (N1079, F1, i) + (N102->N575, F0, i) + (N1721, F1, i)}
{(N895, F1, i) + (N2821, F1, i)(N1610,1,i) + (N1079, F1, i) + (N575, F1, i) + (N2876, F1, i)(N597,1,i)}
{(N895, F1, i) + (N2821, F1, i)(N1610,1,i) + (N1079, F1, i) + (N575, F1, i) + (N72->N1721, F0, i)}
{(N895, F1, i) + (N2821, F1, i)(N1610,1,i) + (N1079, F1, i) + (N575, F1, i) + (N1721, F1, i)}
{(N895, F1, i) + (N1920->N1185, F0, i) + (N802, F1, i)(N1079,0,i) + (N603, F1, i)(N2505,1,i) + (N2876, F1, i)(N597,1,i)}
{(N895, F1, i) + (N1920->N1185, F0, i) + (N802, F1, i)(N1079,0,i) + (N603, F1, i)(N2505,1,i) + (N72->N1721, F0, i)}
{(N895, F1, i) + (N1920->N1185, F0, i) + (N802, F1, i)(N1079,0,i) + (N603, F1, i)(N2505,1,i) + (N1721, F1, i)}
{(N895, F1, i) + (N1920->N1185, F0, i) + (N802, F1, i)(N1079,0,i) + (N1407->N2171, F0, i) + (N2876, F1, i)(N597,1,i)}
{(N895, F1, i) + (N1920->N1185, F0, i) + (N802, F1, i)(N1079,0,i) + (N1407->N2171, F0, i) + (N72->N1721, F0, i)}
{(N895, F1, i) + (N1920->N1185, F0, i) + (N802, F1, i)(N1079,0,i) + (N1407->N2171, F0, i) + (N1721, F1, i)}
{(N895, F1, i) + (N1920->N1185, F0, i) + (N802, F1, i)(N1079,0,i) + (N2171, F1, i) + (N2876, F1, i)(N597,1,i)}
{(N895, F1, i) + (N1920->N1185, F0, i) + (N802, F1, i)(N1079,0,i) + (N2171, F1, i) + (N72->N1721, F0, i)}
{(N895, F1, i) + (N1920->N1185, F0, i) + (N802, F1, i)(N1079,0,i) + (N2171, F1, i) + (N1721, F1, i)}
{(N895, F1, i) + (N1920->N1185, F0, i) + (N802, F1, i)(N1079,0,i) + (N1582, F1, i)(N2479,1,i) + (N2876, F1, i)(N597,1,i)}
{(N895, F1, i) + (N1920->N1185, F0, i) + (N802, F1, i)(N1079,0,i) + (N1582, F1, i)(N2479,1,i) + (N72->N1721, F0, i)}
{(N895, F1, i) + (N1920->N1185, F0, i) + (N802, F1, i)(N1079,0,i) + (N1582, F1, i)(N2479,1,i) + (N1721, F1, i)}
{(N895, F1, i) + (N1920->N1185, F0, i) + (N802, F1, i)(N1079,0,i) + (N102->N575, F0, i) + (N2876, F1, i)(N597,1,i)}
{(N895, F1, i) + (N1920->N1185, F0, i) + (N802, F1, i)(N1079,0,i) + (N102->N575, F0, i) + (N72->N1721, F0, i)}
{(N895, F1, i) + (N1920->N1185, F0, i) + (N802, F1, i)(N1079,0,i) + (N102->N575, F0, i) + (N1721, F1, i)}
{(N895, F1, i) + (N1920->N1185, F0, i) + (N802, F1, i)(N1079,0,i) + (N575, F1, i) + (N2876, F1, i)(N597,1,i)}
{(N895, F1, i) + (N1920->N1185, F0, i) + (N802, F1, i)(N1079,0,i) + (N575, F1, i) + (N72->N1721, F0, i)}
{(N895, F1, i) + (N1920->N1185, F0, i) + (N802, F1, i)(N1079,0,i) + (N575, F1, i) + (N1721, F1, i)}
{(N895, F1, i) + (N1920->N1185, F0, i) + (N123->N1079, F0, i) + (N603, F1, i)(N2505,1,i) + (N2876, F1, i)(N597,1,i)}
{(N895, F1, i) + (N1920->N1185, F0, i) + (N123->N1079, F0, i) + (N603, F1, i)(N2505,1,i) + (N72->N1721, F0, i)}
{(N895, F1, i) + (N1920->N1185, F0, i) + (N123->N1079, F0, i) + (N603, F1, i)(N2505,1,i) + (N1721, F1, i)}
{(N895, F1, i) + (N1920->N1185, F0, i) + (N123->N1079, F0, i) + (N1407->N2171, F0, i) + (N2876, F1, i)(N597,1,i)}
{(N895, F1, i) + (N1920->N1185, F0, i) + (N123->N1079, F0, i) + (N1407->N2171, F0, i) + (N72->N1721, F0, i)}
{(N895, F1, i) + (N1920->N1185, F0, i) + (N123->N1079, F0, i) + (N1407->N2171, F0, i) + (N1721, F1, i)}
{(N895, F1, i) + (N1920->N1185, F0, i) + (N123->N1079, F0, i) + (N2171, F1, i) + (N2876, F1, i)(N597,1,i)}
{(N895, F1, i) + (N1920->N1185, F0, i) + (N123->N1079, F0, i) + (N2171, F1, i) + (N72->N1721, F0, i)}
{(N895, F1, i) + (N1920->N1185, F0, i) + (N123->N1079, F0, i) + (N2171, F1, i) + (N1721, F1, i)}
{(N895, F1, i) + (N1920->N1185, F0, i) + (N123->N1079, F0, i) + (N1582, F1, i)(N2479,1,i) + (N2876, F1, i)(N597,1,i)}
{(N895, F1, i) + (N1920->N1185, F0, i) + (N123->N1079, F0, i) + (N1582, F1, i)(N2479,1,i) + (N72->N1721, F0, i)}
{(N895, F1, i) + (N1920->N1185, F0, i) + (N123->N1079, F0, i) + (N1582, F1, i)(N2479,1,i) + (N1721, F1, i)}
{(N895, F1, i) + (N1920->N1185, F0, i) + (N123->N1079, F0, i) + (N102->N575, F0, i) + (N2876, F1, i)(N597,1,i)}
{(N895, F1, i) + (N1920->N1185, F0, i) + (N123->N1079, F0, i) + (N102->N575, F0, i) + (N72->N1721, F0, i)}
{(N895, F1, i) + (N1920->N1185, F0, i) + (N123->N1079, F0, i) + (N102->N575, F0, i) + (N1721, F1, i)}
{(N895, F1, i) + (N1920->N1185, F0, i) + (N123->N1079, F0, i) + (N575, F1, i) + (N2876, F1, i)(N597,1,i)}
{(N895, F1, i) + (N1920->N1185, F0, i) + (N123->N1079, F0, i) + (N575, F1, i) + (N72->N1721, F0, i)}
{(N895, F1, i) + (N1920->N1185, F0, i) + (N123->N1079, F0, i) + (N575, F1, i) + (N1721, F1, i)}
{(N895, F1, i) + (N1920->N1185, F0, i) + (N1079, F1, i) + (N603, F1, i)(N2505,1,i) + (N2876, F1, i)(N597,1,i)}
{(N895, F1, i) + (N1920->N1185, F0, i) + (N1079, F1, i) + (N603, F1, i)(N2505,1,i) + (N72->N1721, F0, i)}
{(N895, F1, i) + (N1920->N1185, F0, i) + (N1079, F1, i) + (N603, F1, i)(N2505,1,i) + (N1721, F1, i)}
{(N895, F1, i) + (N1920->N1185, F0, i) + (N1079, F1, i) + (N1407->N2171, F0, i) + (N2876, F1, i)(N597,1,i)}
{(N895, F1, i) + (N1920->N1185, F0, i) + (N1079, F1, i) + (N1407->N2171, F0, i) + (N72->N1721, F0, i)}
{(N895, F1, i) + (N1920->N1185, F0, i) + (N1079, F1, i) + (N1407->N2171, F0, i) + (N1721, F1, i)}
{(N895, F1, i) + (N1920->N1185, F0, i) + (N1079, F1, i) + (N2171, F1, i) + (N2876, F1, i)(N597,1,i)}
{(N895, F1, i) + (N1920->N1185, F0, i) + (N1079, F1, i) + (N2171, F1, i) + (N72->N1721, F0, i)}
{(N895, F1, i) + (N1920->N1185, F0, i) + (N1079, F1, i) + (N2171, F1, i) + (N1721, F1, i)}
{(N895, F1, i) + (N1920->N1185, F0, i) + (N1079, F1, i) + (N1582, F1, i)(N2479,1,i) + (N2876, F1, i)(N597,1,i)}
{(N895, F1, i) + (N1920->N1185, F0, i) + (N1079, F1, i) + (N1582, F1, i)(N2479,1,i) + (N72->N1721, F0, i)}
{(N895, F1, i) + (N1920->N1185, F0, i) + (N1079, F1, i) + (N1582, F1, i)(N2479,1,i) + (N1721, F1, i)}
{(N895, F1, i) + (N1920->N1185, F0, i) + (N1079, F1, i) + (N102->N575, F0, i) + (N2876, F1, i)(N597,1,i)}
{(N895, F1, i) + (N1920->N1185, F0, i) + (N1079, F1, i) + (N102->N575, F0, i) + (N72->N1721, F0, i)}
{(N895, F1, i) + (N1920->N1185, F0, i) + (N1079, F1, i) + (N102->N575, F0, i) + (N1721, F1, i)}
{(N895, F1, i) + (N1920->N1185, F0, i) + (N1079, F1, i) + (N575, F1, i) + (N2876, F1, i)(N597,1,i)}
{(N895, F1, i) + (N1920->N1185, F0, i) + (N1079, F1, i) + (N575, F1, i) + (N72->N1721, F0, i)}
{(N895, F1, i) + (N1920->N1185, F0, i) + (N1079, F1, i) + (N575, F1, i) + (N1721, F1, i)}
{(N895, F1, i) + (N1185, F1, i) + (N802, F1, i)(N1079,0,i) + (N603, F1, i)(N2505,1,i) + (N2876, F1, i)(N597,1,i)}
{(N895, F1, i) + (N1185, F1, i) + (N802, F1, i)(N1079,0,i) + (N603, F1, i)(N2505,1,i) + (N72->N1721, F0, i)}
{(N895, F1, i) + (N1185, F1, i) + (N802, F1, i)(N1079,0,i) + (N603, F1, i)(N2505,1,i) + (N1721, F1, i)}
{(N895, F1, i) + (N1185, F1, i) + (N802, F1, i)(N1079,0,i) + (N1407->N2171, F0, i) + (N2876, F1, i)(N597,1,i)}
{(N895, F1, i) + (N1185, F1, i) + (N802, F1, i)(N1079,0,i) + (N1407->N2171, F0, i) + (N72->N1721, F0, i)}
{(N895, F1, i) + (N1185, F1, i) + (N802, F1, i)(N1079,0,i) + (N1407->N2171, F0, i) + (N1721, F1, i)}
{(N895, F1, i) + (N1185, F1, i) + (N802, F1, i)(N1079,0,i) + (N2171, F1, i) + (N2876, F1, i)(N597,1,i)}
{(N895, F1, i) + (N1185, F1, i) + (N802, F1, i)(N1079,0,i) + (N2171, F1, i) + (N72->N1721, F0, i)}
{(N895, F1, i) + (N1185, F1, i) + (N802, F1, i)(N1079,0,i) + (N2171, F1, i) + (N1721, F1, i)}
{(N895, F1, i) + (N1185, F1, i) + (N802, F1, i)(N1079,0,i) + (N1582, F1, i)(N2479,1,i) + (N2876, F1, i)(N597,1,i)}
{(N895, F1, i) + (N1185, F1, i) + (N802, F1, i)(N1079,0,i) + (N1582, F1, i)(N2479,1,i) + (N72->N1721, F0, i)}
{(N895, F1, i) + (N1185, F1, i) + (N802, F1, i)(N1079,0,i) + (N1582, F1, i)(N2479,1,i) + (N1721, F1, i)}
{(N895, F1, i) + (N1185, F1, i) + (N802, F1, i)(N1079,0,i) + (N102->N575, F0, i) + (N2876, F1, i)(N597,1,i)}
{(N895, F1, i) + (N1185, F1, i) + (N802, F1, i)(N1079,0,i) + (N102->N575, F0, i) + (N72->N1721, F0, i)}
{(N895, F1, i) + (N1185, F1, i) + (N802, F1, i)(N1079,0,i) + (N102->N575, F0, i) + (N1721, F1, i)}
{(N895, F1, i) + (N1185, F1, i) + (N802, F1, i)(N1079,0,i) + (N575, F1, i) + (N2876, F1, i)(N597,1,i)}
{(N895, F1, i) + (N1185, F1, i) + (N802, F1, i)(N1079,0,i) + (N575, F1, i) + (N72->N1721, F0, i)}
{(N895, F1, i) + (N1185, F1, i) + (N802, F1, i)(N1079,0,i) + (N575, F1, i) + (N1721, F1, i)}
{(N895, F1, i) + (N1185, F1, i) + (N123->N1079, F0, i) + (N603, F1, i)(N2505,1,i) + (N2876, F1, i)(N597,1,i)}
{(N895, F1, i) + (N1185, F1, i) + (N123->N1079, F0, i) + (N603, F1, i)(N2505,1,i) + (N72->N1721, F0, i)}
{(N895, F1, i) + (N1185, F1, i) + (N123->N1079, F0, i) + (N603, F1, i)(N2505,1,i) + (N1721, F1, i)}
{(N895, F1, i) + (N1185, F1, i) + (N123->N1079, F0, i) + (N1407->N2171, F0, i) + (N2876, F1, i)(N597,1,i)}
{(N895, F1, i) + (N1185, F1, i) + (N123->N1079, F0, i) + (N1407->N2171, F0, i) + (N72->N1721, F0, i)}
{(N895, F1, i) + (N1185, F1, i) + (N123->N1079, F0, i) + (N1407->N2171, F0, i) + (N1721, F1, i)}
{(N895, F1, i) + (N1185, F1, i) + (N123->N1079, F0, i) + (N2171, F1, i) + (N2876, F1, i)(N597,1,i)}
{(N895, F1, i) + (N1185, F1, i) + (N123->N1079, F0, i) + (N2171, F1, i) + (N72->N1721, F0, i)}
{(N895, F1, i) + (N1185, F1, i) + (N123->N1079, F0, i) + (N2171, F1, i) + (N1721, F1, i)}
{(N895, F1, i) + (N1185, F1, i) + (N123->N1079, F0, i) + (N1582, F1, i)(N2479,1,i) + (N2876, F1, i)(N597,1,i)}
{(N895, F1, i) + (N1185, F1, i) + (N123->N1079, F0, i) + (N1582, F1, i)(N2479,1,i) + (N72->N1721, F0, i)}
{(N895, F1, i) + (N1185, F1, i) + (N123->N1079, F0, i) + (N1582, F1, i)(N2479,1,i) + (N1721, F1, i)}
{(N895, F1, i) + (N1185, F1, i) + (N123->N1079, F0, i) + (N102->N575, F0, i) + (N2876, F1, i)(N597,1,i)}
{(N895, F1, i) + (N1185, F1, i) + (N123->N1079, F0, i) + (N102->N575, F0, i) + (N72->N1721, F0, i)}
{(N895, F1, i) + (N1185, F1, i) + (N123->N1079, F0, i) + (N102->N575, F0, i) + (N1721, F1, i)}
{(N895, F1, i) + (N1185, F1, i) + (N123->N1079, F0, i) + (N575, F1, i) + (N2876, F1, i)(N597,1,i)}
{(N895, F1, i) + (N1185, F1, i) + (N123->N1079, F0, i) + (N575, F1, i) + (N72->N1721, F0, i)}
{(N895, F1, i) + (N1185, F1, i) + (N123->N1079, F0, i) + (N575, F1, i) + (N1721, F1, i)}
{(N895, F1, i) + (N1185, F1, i) + (N1079, F1, i) + (N603, F1, i)(N2505,1,i) + (N2876, F1, i)(N597,1,i)}
{(N895, F1, i) + (N1185, F1, i) + (N1079, F1, i) + (N603, F1, i)(N2505,1,i) + (N72->N1721, F0, i)}
{(N895, F1, i) + (N1185, F1, i) + (N1079, F1, i) + (N603, F1, i)(N2505,1,i) + (N1721, F1, i)}
{(N895, F1, i) + (N1185, F1, i) + (N1079, F1, i) + (N1407->N2171, F0, i) + (N2876, F1, i)(N597,1,i)}
{(N895, F1, i) + (N1185, F1, i) + (N1079, F1, i) + (N1407->N2171, F0, i) + (N72->N1721, F0, i)}
{(N895, F1, i) + (N1185, F1, i) + (N1079, F1, i) + (N1407->N2171, F0, i) + (N1721, F1, i)}
{(N895, F1, i) + (N1185, F1, i) + (N1079, F1, i) + (N2171, F1, i) + (N2876, F1, i)(N597,1,i)}
{(N895, F1, i) + (N1185, F1, i) + (N1079, F1, i) + (N2171, F1, i) + (N72->N1721, F0, i)}
{(N895, F1, i) + (N1185, F1, i) + (N1079, F1, i) + (N2171, F1, i) + (N1721, F1, i)}
{(N895, F1, i) + (N1185, F1, i) + (N1079, F1, i) + (N1582, F1, i)(N2479,1,i) + (N2876, F1, i)(N597,1,i)}
{(N895, F1, i) + (N1185, F1, i) + (N1079, F1, i) + (N1582, F1, i)(N2479,1,i) + (N72->N1721, F0, i)}
{(N895, F1, i) + (N1185, F1, i) + (N1079, F1, i) + (N1582, F1, i)(N2479,1,i) + (N1721, F1, i)}
{(N895, F1, i) + (N1185, F1, i) + (N1079, F1, i) + (N102->N575, F0, i) + (N2876, F1, i)(N597,1,i)}
{(N895, F1, i) + (N1185, F1, i) + (N1079, F1, i) + (N102->N575, F0, i) + (N72->N1721, F0, i)}
{(N895, F1, i) + (N1185, F1, i) + (N1079, F1, i) + (N102->N575, F0, i) + (N1721, F1, i)}
{(N895, F1, i) + (N1185, F1, i) + (N1079, F1, i) + (N575, F1, i) + (N2876, F1, i)(N597,1,i)}
{(N895, F1, i) + (N1185, F1, i) + (N1079, F1, i) + (N575, F1, i) + (N72->N1721, F0, i)}
{(N895, F1, i) + (N1185, F1, i) + (N1079, F1, i) + (N575, F1, i) + (N1721, F1, i)}
