{(N2951, F1, i) + (N2359, F1, i)(N1596,1,i) + (N2146, F1, i) + (N1516, F1, i)(N2738,0,i) + (N2917, F1, i)(N3787,1,i)}
{(N2951, F1, i) + (N2359, F1, i)(N1596,1,i) + (N2146, F1, i) + (N1516, F1, i)(N2738,0,i) + (N1318->N1349, F0, i)}
{(N2951, F1, i) + (N2359, F1, i)(N1596,1,i) + (N2146, F1, i) + (N1516, F1, i)(N2738,0,i) + (N1349, F1, i)}
{(N2951, F1, i) + (N2359, F1, i)(N1596,1,i) + (N2146, F1, i) + (N3763, F1, i)(N3537,0,i) + (N2917, F1, i)(N3787,1,i)}
{(N2951, F1, i) + (N2359, F1, i)(N1596,1,i) + (N2146, F1, i) + (N3763, F1, i)(N3537,0,i) + (N1318->N1349, F0, i)}
{(N2951, F1, i) + (N2359, F1, i)(N1596,1,i) + (N2146, F1, i) + (N3763, F1, i)(N3537,0,i) + (N1349, F1, i)}
{(N2951, F1, i) + (N2359, F1, i)(N1596,1,i) + (N2146, F1, i) + (N2305->N2738, F0, i) + (N2917, F1, i)(N3787,1,i)}
{(N2951, F1, i) + (N2359, F1, i)(N1596,1,i) + (N2146, F1, i) + (N2305->N2738, F0, i) + (N1318->N1349, F0, i)}
{(N2951, F1, i) + (N2359, F1, i)(N1596,1,i) + (N2146, F1, i) + (N2305->N2738, F0, i) + (N1349, F1, i)}
{(N2951, F1, i) + (N2359, F1, i)(N1596,1,i) + (N2146, F1, i) + (N2738, F1, i) + (N2917, F1, i)(N3787,1,i)}
{(N2951, F1, i) + (N2359, F1, i)(N1596,1,i) + (N2146, F1, i) + (N2738, F1, i) + (N1318->N1349, F0, i)}
{(N2951, F1, i) + (N2359, F1, i)(N1596,1,i) + (N2146, F1, i) + (N2738, F1, i) + (N1349, F1, i)}
{(N2951, F1, i) + (N2359, F1, i)(N1596,1,i) + (N2146, F1, i) + (N524->N3537, F0, i) + (N2917, F1, i)(N3787,1,i)}
{(N2951, F1, i) + (N2359, F1, i)(N1596,1,i) + (N2146, F1, i) + (N524->N3537, F0, i) + (N1318->N1349, F0, i)}
{(N2951, F1, i) + (N2359, F1, i)(N1596,1,i) + (N2146, F1, i) + (N524->N3537, F0, i) + (N1349, F1, i)}
{(N2951, F1, i) + (N2359, F1, i)(N1596,1,i) + (N2146, F1, i) + (N3537, F1, i) + (N2917, F1, i)(N3787,1,i)}
{(N2951, F1, i) + (N2359, F1, i)(N1596,1,i) + (N2146, F1, i) + (N3537, F1, i) + (N1318->N1349, F0, i)}
{(N2951, F1, i) + (N2359, F1, i)(N1596,1,i) + (N2146, F1, i) + (N3537, F1, i) + (N1349, F1, i)}
{(N2951, F1, i) + (N2359, F1, i)(N1596,1,i) + (N2146, F1, i) + (N1481, F1, i)(N2872,1,i) + (N2917, F1, i)(N3787,1,i)}
{(N2951, F1, i) + (N2359, F1, i)(N1596,1,i) + (N2146, F1, i) + (N1481, F1, i)(N2872,1,i) + (N1318->N1349, F0, i)}
{(N2951, F1, i) + (N2359, F1, i)(N1596,1,i) + (N2146, F1, i) + (N1481, F1, i)(N2872,1,i) + (N1349, F1, i)}
{(N2951, F1, i) + (N2359, F1, i)(N1596,1,i) + (N2146, F1, i) + (N16->N1730, F0, i) + (N2917, F1, i)(N3787,1,i)}
{(N2951, F1, i) + (N2359, F1, i)(N1596,1,i) + (N2146, F1, i) + (N16->N1730, F0, i) + (N1318->N1349, F0, i)}
{(N2951, F1, i) + (N2359, F1, i)(N1596,1,i) + (N2146, F1, i) + (N16->N1730, F0, i) + (N1349, F1, i)}
{(N2951, F1, i) + (N2359, F1, i)(N1596,1,i) + (N2146, F1, i) + (N1730, F1, i) + (N2917, F1, i)(N3787,1,i)}
{(N2951, F1, i) + (N2359, F1, i)(N1596,1,i) + (N2146, F1, i) + (N1730, F1, i) + (N1318->N1349, F0, i)}
{(N2951, F1, i) + (N2359, F1, i)(N1596,1,i) + (N2146, F1, i) + (N1730, F1, i) + (N1349, F1, i)}
{(N2951, F1, i) + (N2359, F1, i)(N1596,1,i) + (N1151, F1, i) + (N1516, F1, i)(N2738,0,i) + (N2917, F1, i)(N3787,1,i)}
{(N2951, F1, i) + (N2359, F1, i)(N1596,1,i) + (N1151, F1, i) + (N1516, F1, i)(N2738,0,i) + (N1318->N1349, F0, i)}
{(N2951, F1, i) + (N2359, F1, i)(N1596,1,i) + (N1151, F1, i) + (N1516, F1, i)(N2738,0,i) + (N1349, F1, i)}
{(N2951, F1, i) + (N2359, F1, i)(N1596,1,i) + (N1151, F1, i) + (N3763, F1, i)(N3537,0,i) + (N2917, F1, i)(N3787,1,i)}
{(N2951, F1, i) + (N2359, F1, i)(N1596,1,i) + (N1151, F1, i) + (N3763, F1, i)(N3537,0,i) + (N1318->N1349, F0, i)}
{(N2951, F1, i) + (N2359, F1, i)(N1596,1,i) + (N1151, F1, i) + (N3763, F1, i)(N3537,0,i) + (N1349, F1, i)}
{(N2951, F1, i) + (N2359, F1, i)(N1596,1,i) + (N1151, F1, i) + (N2305->N2738, F0, i) + (N2917, F1, i)(N3787,1,i)}
{(N2951, F1, i) + (N2359, F1, i)(N1596,1,i) + (N1151, F1, i) + (N2305->N2738, F0, i) + (N1318->N1349, F0, i)}
{(N2951, F1, i) + (N2359, F1, i)(N1596,1,i) + (N1151, F1, i) + (N2305->N2738, F0, i) + (N1349, F1, i)}
{(N2951, F1, i) + (N2359, F1, i)(N1596,1,i) + (N1151, F1, i) + (N2738, F1, i) + (N2917, F1, i)(N3787,1,i)}
{(N2951, F1, i) + (N2359, F1, i)(N1596,1,i) + (N1151, F1, i) + (N2738, F1, i) + (N1318->N1349, F0, i)}
{(N2951, F1, i) + (N2359, F1, i)(N1596,1,i) + (N1151, F1, i) + (N2738, F1, i) + (N1349, F1, i)}
{(N2951, F1, i) + (N2359, F1, i)(N1596,1,i) + (N1151, F1, i) + (N524->N3537, F0, i) + (N2917, F1, i)(N3787,1,i)}
{(N2951, F1, i) + (N2359, F1, i)(N1596,1,i) + (N1151, F1, i) + (N524->N3537, F0, i) + (N1318->N1349, F0, i)}
{(N2951, F1, i) + (N2359, F1, i)(N1596,1,i) + (N1151, F1, i) + (N524->N3537, F0, i) + (N1349, F1, i)}
{(N2951, F1, i) + (N2359, F1, i)(N1596,1,i) + (N1151, F1, i) + (N3537, F1, i) + (N2917, F1, i)(N3787,1,i)}
{(N2951, F1, i) + (N2359, F1, i)(N1596,1,i) + (N1151, F1, i) + (N3537, F1, i) + (N1318->N1349, F0, i)}
{(N2951, F1, i) + (N2359, F1, i)(N1596,1,i) + (N1151, F1, i) + (N3537, F1, i) + (N1349, F1, i)}
{(N2951, F1, i) + (N2359, F1, i)(N1596,1,i) + (N1151, F1, i) + (N1481, F1, i)(N2872,1,i) + (N2917, F1, i)(N3787,1,i)}
{(N2951, F1, i) + (N2359, F1, i)(N1596,1,i) + (N1151, F1, i) + (N1481, F1, i)(N2872,1,i) + (N1318->N1349, F0, i)}
{(N2951, F1, i) + (N2359, F1, i)(N1596,1,i) + (N1151, F1, i) + (N1481, F1, i)(N2872,1,i) + (N1349, F1, i)}
{(N2951, F1, i) + (N2359, F1, i)(N1596,1,i) + (N1151, F1, i) + (N16->N1730, F0, i) + (N2917, F1, i)(N3787,1,i)}
{(N2951, F1, i) + (N2359, F1, i)(N1596,1,i) + (N1151, F1, i) + (N16->N1730, F0, i) + (N1318->N1349, F0, i)}
{(N2951, F1, i) + (N2359, F1, i)(N1596,1,i) + (N1151, F1, i) + (N16->N1730, F0, i) + (N1349, F1, i)}
{(N2951, F1, i) + (N2359, F1, i)(N1596,1,i) + (N1151, F1, i) + (N1730, F1, i) + (N2917, F1, i)(N3787,1,i)}
{(N2951, F1, i) + (N2359, F1, i)(N1596,1,i) + (N1151, F1, i) + (N1730, F1, i) + (N1318->N1349, F0, i)}
{(N2951, F1, i) + (N2359, F1, i)(N1596,1,i) + (N1151, F1, i) + (N1730, F1, i) + (N1349, F1, i)}
{(N2951, F1, i) + (N3369, F1, i) + (N2146, F1, i) + (N1516, F1, i)(N2738,0,i) + (N2917, F1, i)(N3787,1,i)}
{(N2951, F1, i) + (N3369, F1, i) + (N2146, F1, i) + (N1516, F1, i)(N2738,0,i) + (N1318->N1349, F0, i)}
{(N2951, F1, i) + (N3369, F1, i) + (N2146, F1, i) + (N1516, F1, i)(N2738,0,i) + (N1349, F1, i)}
{(N2951, F1, i) + (N3369, F1, i) + (N2146, F1, i) + (N3763, F1, i)(N3537,0,i) + (N2917, F1, i)(N3787,1,i)}
{(N2951, F1, i) + (N3369, F1, i) + (N2146, F1, i) + (N3763, F1, i)(N3537,0,i) + (N1318->N1349, F0, i)}
{(N2951, F1, i) + (N3369, F1, i) + (N2146, F1, i) + (N3763, F1, i)(N3537,0,i) + (N1349, F1, i)}
{(N2951, F1, i) + (N3369, F1, i) + (N2146, F1, i) + (N2305->N2738, F0, i) + (N2917, F1, i)(N3787,1,i)}
{(N2951, F1, i) + (N3369, F1, i) + (N2146, F1, i) + (N2305->N2738, F0, i) + (N1318->N1349, F0, i)}
{(N2951, F1, i) + (N3369, F1, i) + (N2146, F1, i) + (N2305->N2738, F0, i) + (N1349, F1, i)}
{(N2951, F1, i) + (N3369, F1, i) + (N2146, F1, i) + (N2738, F1, i) + (N2917, F1, i)(N3787,1,i)}
{(N2951, F1, i) + (N3369, F1, i) + (N2146, F1, i) + (N2738, F1, i) + (N1318->N1349, F0, i)}
{(N2951, F1, i) + (N3369, F1, i) + (N2146, F1, i) + (N2738, F1, i) + (N1349, F1, i)}
{(N2951, F1, i) + (N3369, F1, i) + (N2146, F1, i) + (N524->N3537, F0, i) + (N2917, F1, i)(N3787,1,i)}
{(N2951, F1, i) + (N3369, F1, i) + (N2146, F1, i) + (N524->N3537, F0, i) + (N1318->N1349, F0, i)}
{(N2951, F1, i) + (N3369, F1, i) + (N2146, F1, i) + (N524->N3537, F0, i) + (N1349, F1, i)}
{(N2951, F1, i) + (N3369, F1, i) + (N2146, F1, i) + (N3537, F1, i) + (N2917, F1, i)(N3787,1,i)}
{(N2951, F1, i) + (N3369, F1, i) + (N2146, F1, i) + (N3537, F1, i) + (N1318->N1349, F0, i)}
{(N2951, F1, i) + (N3369, F1, i) + (N2146, F1, i) + (N3537, F1, i) + (N1349, F1, i)}
{(N2951, F1, i) + (N3369, F1, i) + (N2146, F1, i) + (N1481, F1, i)(N2872,1,i) + (N2917, F1, i)(N3787,1,i)}
{(N2951, F1, i) + (N3369, F1, i) + (N2146, F1, i) + (N1481, F1, i)(N2872,1,i) + (N1318->N1349, F0, i)}
{(N2951, F1, i) + (N3369, F1, i) + (N2146, F1, i) + (N1481, F1, i)(N2872,1,i) + (N1349, F1, i)}
{(N2951, F1, i) + (N3369, F1, i) + (N2146, F1, i) + (N16->N1730, F0, i) + (N2917, F1, i)(N3787,1,i)}
{(N2951, F1, i) + (N3369, F1, i) + (N2146, F1, i) + (N16->N1730, F0, i) + (N1318->N1349, F0, i)}
{(N2951, F1, i) + (N3369, F1, i) + (N2146, F1, i) + (N16->N1730, F0, i) + (N1349, F1, i)}
{(N2951, F1, i) + (N3369, F1, i) + (N2146, F1, i) + (N1730, F1, i) + (N2917, F1, i)(N3787,1,i)}
{(N2951, F1, i) + (N3369, F1, i) + (N2146, F1, i) + (N1730, F1, i) + (N1318->N1349, F0, i)}
{(N2951, F1, i) + (N3369, F1, i) + (N2146, F1, i) + (N1730, F1, i) + (N1349, F1, i)}
{(N2951, F1, i) + (N3369, F1, i) + (N1151, F1, i) + (N1516, F1, i)(N2738,0,i) + (N2917, F1, i)(N3787,1,i)}
{(N2951, F1, i) + (N3369, F1, i) + (N1151, F1, i) + (N1516, F1, i)(N2738,0,i) + (N1318->N1349, F0, i)}
{(N2951, F1, i) + (N3369, F1, i) + (N1151, F1, i) + (N1516, F1, i)(N2738,0,i) + (N1349, F1, i)}
{(N2951, F1, i) + (N3369, F1, i) + (N1151, F1, i) + (N3763, F1, i)(N3537,0,i) + (N2917, F1, i)(N3787,1,i)}
{(N2951, F1, i) + (N3369, F1, i) + (N1151, F1, i) + (N3763, F1, i)(N3537,0,i) + (N1318->N1349, F0, i)}
{(N2951, F1, i) + (N3369, F1, i) + (N1151, F1, i) + (N3763, F1, i)(N3537,0,i) + (N1349, F1, i)}
{(N2951, F1, i) + (N3369, F1, i) + (N1151, F1, i) + (N2305->N2738, F0, i) + (N2917, F1, i)(N3787,1,i)}
{(N2951, F1, i) + (N3369, F1, i) + (N1151, F1, i) + (N2305->N2738, F0, i) + (N1318->N1349, F0, i)}
{(N2951, F1, i) + (N3369, F1, i) + (N1151, F1, i) + (N2305->N2738, F0, i) + (N1349, F1, i)}
{(N2951, F1, i) + (N3369, F1, i) + (N1151, F1, i) + (N2738, F1, i) + (N2917, F1, i)(N3787,1,i)}
{(N2951, F1, i) + (N3369, F1, i) + (N1151, F1, i) + (N2738, F1, i) + (N1318->N1349, F0, i)}
{(N2951, F1, i) + (N3369, F1, i) + (N1151, F1, i) + (N2738, F1, i) + (N1349, F1, i)}
{(N2951, F1, i) + (N3369, F1, i) + (N1151, F1, i) + (N524->N3537, F0, i) + (N2917, F1, i)(N3787,1,i)}
{(N2951, F1, i) + (N3369, F1, i) + (N1151, F1, i) + (N524->N3537, F0, i) + (N1318->N1349, F0, i)}
{(N2951, F1, i) + (N3369, F1, i) + (N1151, F1, i) + (N524->N3537, F0, i) + (N1349, F1, i)}
{(N2951, F1, i) + (N3369, F1, i) + (N1151, F1, i) + (N3537, F1, i) + (N2917, F1, i)(N3787,1,i)}
{(N2951, F1, i) + (N3369, F1, i) + (N1151, F1, i) + (N3537, F1, i) + (N1318->N1349, F0, i)}
{(N2951, F1, i) + (N3369, F1, i) + (N1151, F1, i) + (N3537, F1, i) + (N1349, F1, i)}
{(N2951, F1, i) + (N3369, F1, i) + (N1151, F1, i) + (N1481, F1, i)(N2872,1,i) + (N2917, F1, i)(N3787,1,i)}
{(N2951, F1, i) + (N3369, F1, i) + (N1151, F1, i) + (N1481, F1, i)(N2872,1,i) + (N1318->N1349, F0, i)}
{(N2951, F1, i) + (N3369, F1, i) + (N1151, F1, i) + (N1481, F1, i)(N2872,1,i) + (N1349, F1, i)}
{(N2951, F1, i) + (N3369, F1, i) + (N1151, F1, i) + (N16->N1730, F0, i) + (N2917, F1, i)(N3787,1,i)}
{(N2951, F1, i) + (N3369, F1, i) + (N1151, F1, i) + (N16->N1730, F0, i) + (N1318->N1349, F0, i)}
{(N2951, F1, i) + (N3369, F1, i) + (N1151, F1, i) + (N16->N1730, F0, i) + (N1349, F1, i)}
{(N2951, F1, i) + (N3369, F1, i) + (N1151, F1, i) + (N1730, F1, i) + (N2917, F1, i)(N3787,1,i)}
{(N2951, F1, i) + (N3369, F1, i) + (N1151, F1, i) + (N1730, F1, i) + (N1318->N1349, F0, i)}
{(N2951, F1, i) + (N3369, F1, i) + (N1151, F1, i) + (N1730, F1, i) + (N1349, F1, i)}
{(N2951, F1, i) + (N3330, F0, i) + (N2146, F1, i) + (N1516, F1, i)(N2738,0,i) + (N2917, F1, i)(N3787,1,i)}
{(N2951, F1, i) + (N3330, F0, i) + (N2146, F1, i) + (N1516, F1, i)(N2738,0,i) + (N1318->N1349, F0, i)}
{(N2951, F1, i) + (N3330, F0, i) + (N2146, F1, i) + (N1516, F1, i)(N2738,0,i) + (N1349, F1, i)}
{(N2951, F1, i) + (N3330, F0, i) + (N2146, F1, i) + (N3763, F1, i)(N3537,0,i) + (N2917, F1, i)(N3787,1,i)}
{(N2951, F1, i) + (N3330, F0, i) + (N2146, F1, i) + (N3763, F1, i)(N3537,0,i) + (N1318->N1349, F0, i)}
{(N2951, F1, i) + (N3330, F0, i) + (N2146, F1, i) + (N3763, F1, i)(N3537,0,i) + (N1349, F1, i)}
{(N2951, F1, i) + (N3330, F0, i) + (N2146, F1, i) + (N2305->N2738, F0, i) + (N2917, F1, i)(N3787,1,i)}
{(N2951, F1, i) + (N3330, F0, i) + (N2146, F1, i) + (N2305->N2738, F0, i) + (N1318->N1349, F0, i)}
{(N2951, F1, i) + (N3330, F0, i) + (N2146, F1, i) + (N2305->N2738, F0, i) + (N1349, F1, i)}
{(N2951, F1, i) + (N3330, F0, i) + (N2146, F1, i) + (N2738, F1, i) + (N2917, F1, i)(N3787,1,i)}
{(N2951, F1, i) + (N3330, F0, i) + (N2146, F1, i) + (N2738, F1, i) + (N1318->N1349, F0, i)}
{(N2951, F1, i) + (N3330, F0, i) + (N2146, F1, i) + (N2738, F1, i) + (N1349, F1, i)}
{(N2951, F1, i) + (N3330, F0, i) + (N2146, F1, i) + (N524->N3537, F0, i) + (N2917, F1, i)(N3787,1,i)}
{(N2951, F1, i) + (N3330, F0, i) + (N2146, F1, i) + (N524->N3537, F0, i) + (N1318->N1349, F0, i)}
{(N2951, F1, i) + (N3330, F0, i) + (N2146, F1, i) + (N524->N3537, F0, i) + (N1349, F1, i)}
{(N2951, F1, i) + (N3330, F0, i) + (N2146, F1, i) + (N3537, F1, i) + (N2917, F1, i)(N3787,1,i)}
{(N2951, F1, i) + (N3330, F0, i) + (N2146, F1, i) + (N3537, F1, i) + (N1318->N1349, F0, i)}
{(N2951, F1, i) + (N3330, F0, i) + (N2146, F1, i) + (N3537, F1, i) + (N1349, F1, i)}
{(N2951, F1, i) + (N3330, F0, i) + (N2146, F1, i) + (N1481, F1, i)(N2872,1,i) + (N2917, F1, i)(N3787,1,i)}
{(N2951, F1, i) + (N3330, F0, i) + (N2146, F1, i) + (N1481, F1, i)(N2872,1,i) + (N1318->N1349, F0, i)}
{(N2951, F1, i) + (N3330, F0, i) + (N2146, F1, i) + (N1481, F1, i)(N2872,1,i) + (N1349, F1, i)}
{(N2951, F1, i) + (N3330, F0, i) + (N2146, F1, i) + (N16->N1730, F0, i) + (N2917, F1, i)(N3787,1,i)}
{(N2951, F1, i) + (N3330, F0, i) + (N2146, F1, i) + (N16->N1730, F0, i) + (N1318->N1349, F0, i)}
{(N2951, F1, i) + (N3330, F0, i) + (N2146, F1, i) + (N16->N1730, F0, i) + (N1349, F1, i)}
{(N2951, F1, i) + (N3330, F0, i) + (N2146, F1, i) + (N1730, F1, i) + (N2917, F1, i)(N3787,1,i)}
{(N2951, F1, i) + (N3330, F0, i) + (N2146, F1, i) + (N1730, F1, i) + (N1318->N1349, F0, i)}
{(N2951, F1, i) + (N3330, F0, i) + (N2146, F1, i) + (N1730, F1, i) + (N1349, F1, i)}
{(N2951, F1, i) + (N3330, F0, i) + (N1151, F1, i) + (N1516, F1, i)(N2738,0,i) + (N2917, F1, i)(N3787,1,i)}
{(N2951, F1, i) + (N3330, F0, i) + (N1151, F1, i) + (N1516, F1, i)(N2738,0,i) + (N1318->N1349, F0, i)}
{(N2951, F1, i) + (N3330, F0, i) + (N1151, F1, i) + (N1516, F1, i)(N2738,0,i) + (N1349, F1, i)}
{(N2951, F1, i) + (N3330, F0, i) + (N1151, F1, i) + (N3763, F1, i)(N3537,0,i) + (N2917, F1, i)(N3787,1,i)}
{(N2951, F1, i) + (N3330, F0, i) + (N1151, F1, i) + (N3763, F1, i)(N3537,0,i) + (N1318->N1349, F0, i)}
{(N2951, F1, i) + (N3330, F0, i) + (N1151, F1, i) + (N3763, F1, i)(N3537,0,i) + (N1349, F1, i)}
{(N2951, F1, i) + (N3330, F0, i) + (N1151, F1, i) + (N2305->N2738, F0, i) + (N2917, F1, i)(N3787,1,i)}
{(N2951, F1, i) + (N3330, F0, i) + (N1151, F1, i) + (N2305->N2738, F0, i) + (N1318->N1349, F0, i)}
{(N2951, F1, i) + (N3330, F0, i) + (N1151, F1, i) + (N2305->N2738, F0, i) + (N1349, F1, i)}
{(N2951, F1, i) + (N3330, F0, i) + (N1151, F1, i) + (N2738, F1, i) + (N2917, F1, i)(N3787,1,i)}
{(N2951, F1, i) + (N3330, F0, i) + (N1151, F1, i) + (N2738, F1, i) + (N1318->N1349, F0, i)}
{(N2951, F1, i) + (N3330, F0, i) + (N1151, F1, i) + (N2738, F1, i) + (N1349, F1, i)}
{(N2951, F1, i) + (N3330, F0, i) + (N1151, F1, i) + (N524->N3537, F0, i) + (N2917, F1, i)(N3787,1,i)}
{(N2951, F1, i) + (N3330, F0, i) + (N1151, F1, i) + (N524->N3537, F0, i) + (N1318->N1349, F0, i)}
{(N2951, F1, i) + (N3330, F0, i) + (N1151, F1, i) + (N524->N3537, F0, i) + (N1349, F1, i)}
{(N2951, F1, i) + (N3330, F0, i) + (N1151, F1, i) + (N3537, F1, i) + (N2917, F1, i)(N3787,1,i)}
{(N2951, F1, i) + (N3330, F0, i) + (N1151, F1, i) + (N3537, F1, i) + (N1318->N1349, F0, i)}
{(N2951, F1, i) + (N3330, F0, i) + (N1151, F1, i) + (N3537, F1, i) + (N1349, F1, i)}
{(N2951, F1, i) + (N3330, F0, i) + (N1151, F1, i) + (N1481, F1, i)(N2872,1,i) + (N2917, F1, i)(N3787,1,i)}
{(N2951, F1, i) + (N3330, F0, i) + (N1151, F1, i) + (N1481, F1, i)(N2872,1,i) + (N1318->N1349, F0, i)}
{(N2951, F1, i) + (N3330, F0, i) + (N1151, F1, i) + (N1481, F1, i)(N2872,1,i) + (N1349, F1, i)}
{(N2951, F1, i) + (N3330, F0, i) + (N1151, F1, i) + (N16->N1730, F0, i) + (N2917, F1, i)(N3787,1,i)}
{(N2951, F1, i) + (N3330, F0, i) + (N1151, F1, i) + (N16->N1730, F0, i) + (N1318->N1349, F0, i)}
{(N2951, F1, i) + (N3330, F0, i) + (N1151, F1, i) + (N16->N1730, F0, i) + (N1349, F1, i)}
{(N2951, F1, i) + (N3330, F0, i) + (N1151, F1, i) + (N1730, F1, i) + (N2917, F1, i)(N3787,1,i)}
{(N2951, F1, i) + (N3330, F0, i) + (N1151, F1, i) + (N1730, F1, i) + (N1318->N1349, F0, i)}
{(N2951, F1, i) + (N3330, F0, i) + (N1151, F1, i) + (N1730, F1, i) + (N1349, F1, i)}
{(N2951, F1, i) + (N1450->N736, F0, i) + (N2146, F1, i) + (N1516, F1, i)(N2738,0,i) + (N2917, F1, i)(N3787,1,i)}
{(N2951, F1, i) + (N1450->N736, F0, i) + (N2146, F1, i) + (N1516, F1, i)(N2738,0,i) + (N1318->N1349, F0, i)}
{(N2951, F1, i) + (N1450->N736, F0, i) + (N2146, F1, i) + (N1516, F1, i)(N2738,0,i) + (N1349, F1, i)}
{(N2951, F1, i) + (N1450->N736, F0, i) + (N2146, F1, i) + (N3763, F1, i)(N3537,0,i) + (N2917, F1, i)(N3787,1,i)}
{(N2951, F1, i) + (N1450->N736, F0, i) + (N2146, F1, i) + (N3763, F1, i)(N3537,0,i) + (N1318->N1349, F0, i)}
{(N2951, F1, i) + (N1450->N736, F0, i) + (N2146, F1, i) + (N3763, F1, i)(N3537,0,i) + (N1349, F1, i)}
{(N2951, F1, i) + (N1450->N736, F0, i) + (N2146, F1, i) + (N2305->N2738, F0, i) + (N2917, F1, i)(N3787,1,i)}
{(N2951, F1, i) + (N1450->N736, F0, i) + (N2146, F1, i) + (N2305->N2738, F0, i) + (N1318->N1349, F0, i)}
{(N2951, F1, i) + (N1450->N736, F0, i) + (N2146, F1, i) + (N2305->N2738, F0, i) + (N1349, F1, i)}
{(N2951, F1, i) + (N1450->N736, F0, i) + (N2146, F1, i) + (N2738, F1, i) + (N2917, F1, i)(N3787,1,i)}
{(N2951, F1, i) + (N1450->N736, F0, i) + (N2146, F1, i) + (N2738, F1, i) + (N1318->N1349, F0, i)}
{(N2951, F1, i) + (N1450->N736, F0, i) + (N2146, F1, i) + (N2738, F1, i) + (N1349, F1, i)}
{(N2951, F1, i) + (N1450->N736, F0, i) + (N2146, F1, i) + (N524->N3537, F0, i) + (N2917, F1, i)(N3787,1,i)}
{(N2951, F1, i) + (N1450->N736, F0, i) + (N2146, F1, i) + (N524->N3537, F0, i) + (N1318->N1349, F0, i)}
{(N2951, F1, i) + (N1450->N736, F0, i) + (N2146, F1, i) + (N524->N3537, F0, i) + (N1349, F1, i)}
{(N2951, F1, i) + (N1450->N736, F0, i) + (N2146, F1, i) + (N3537, F1, i) + (N2917, F1, i)(N3787,1,i)}
{(N2951, F1, i) + (N1450->N736, F0, i) + (N2146, F1, i) + (N3537, F1, i) + (N1318->N1349, F0, i)}
{(N2951, F1, i) + (N1450->N736, F0, i) + (N2146, F1, i) + (N3537, F1, i) + (N1349, F1, i)}
{(N2951, F1, i) + (N1450->N736, F0, i) + (N2146, F1, i) + (N1481, F1, i)(N2872,1,i) + (N2917, F1, i)(N3787,1,i)}
{(N2951, F1, i) + (N1450->N736, F0, i) + (N2146, F1, i) + (N1481, F1, i)(N2872,1,i) + (N1318->N1349, F0, i)}
{(N2951, F1, i) + (N1450->N736, F0, i) + (N2146, F1, i) + (N1481, F1, i)(N2872,1,i) + (N1349, F1, i)}
{(N2951, F1, i) + (N1450->N736, F0, i) + (N2146, F1, i) + (N16->N1730, F0, i) + (N2917, F1, i)(N3787,1,i)}
{(N2951, F1, i) + (N1450->N736, F0, i) + (N2146, F1, i) + (N16->N1730, F0, i) + (N1318->N1349, F0, i)}
{(N2951, F1, i) + (N1450->N736, F0, i) + (N2146, F1, i) + (N16->N1730, F0, i) + (N1349, F1, i)}
{(N2951, F1, i) + (N1450->N736, F0, i) + (N2146, F1, i) + (N1730, F1, i) + (N2917, F1, i)(N3787,1,i)}
{(N2951, F1, i) + (N1450->N736, F0, i) + (N2146, F1, i) + (N1730, F1, i) + (N1318->N1349, F0, i)}
{(N2951, F1, i) + (N1450->N736, F0, i) + (N2146, F1, i) + (N1730, F1, i) + (N1349, F1, i)}
{(N2951, F1, i) + (N1450->N736, F0, i) + (N1151, F1, i) + (N1516, F1, i)(N2738,0,i) + (N2917, F1, i)(N3787,1,i)}
{(N2951, F1, i) + (N1450->N736, F0, i) + (N1151, F1, i) + (N1516, F1, i)(N2738,0,i) + (N1318->N1349, F0, i)}
{(N2951, F1, i) + (N1450->N736, F0, i) + (N1151, F1, i) + (N1516, F1, i)(N2738,0,i) + (N1349, F1, i)}
{(N2951, F1, i) + (N1450->N736, F0, i) + (N1151, F1, i) + (N3763, F1, i)(N3537,0,i) + (N2917, F1, i)(N3787,1,i)}
{(N2951, F1, i) + (N1450->N736, F0, i) + (N1151, F1, i) + (N3763, F1, i)(N3537,0,i) + (N1318->N1349, F0, i)}
{(N2951, F1, i) + (N1450->N736, F0, i) + (N1151, F1, i) + (N3763, F1, i)(N3537,0,i) + (N1349, F1, i)}
{(N2951, F1, i) + (N1450->N736, F0, i) + (N1151, F1, i) + (N2305->N2738, F0, i) + (N2917, F1, i)(N3787,1,i)}
{(N2951, F1, i) + (N1450->N736, F0, i) + (N1151, F1, i) + (N2305->N2738, F0, i) + (N1318->N1349, F0, i)}
{(N2951, F1, i) + (N1450->N736, F0, i) + (N1151, F1, i) + (N2305->N2738, F0, i) + (N1349, F1, i)}
{(N2951, F1, i) + (N1450->N736, F0, i) + (N1151, F1, i) + (N2738, F1, i) + (N2917, F1, i)(N3787,1,i)}
{(N2951, F1, i) + (N1450->N736, F0, i) + (N1151, F1, i) + (N2738, F1, i) + (N1318->N1349, F0, i)}
{(N2951, F1, i) + (N1450->N736, F0, i) + (N1151, F1, i) + (N2738, F1, i) + (N1349, F1, i)}
{(N2951, F1, i) + (N1450->N736, F0, i) + (N1151, F1, i) + (N524->N3537, F0, i) + (N2917, F1, i)(N3787,1,i)}
{(N2951, F1, i) + (N1450->N736, F0, i) + (N1151, F1, i) + (N524->N3537, F0, i) + (N1318->N1349, F0, i)}
{(N2951, F1, i) + (N1450->N736, F0, i) + (N1151, F1, i) + (N524->N3537, F0, i) + (N1349, F1, i)}
{(N2951, F1, i) + (N1450->N736, F0, i) + (N1151, F1, i) + (N3537, F1, i) + (N2917, F1, i)(N3787,1,i)}
{(N2951, F1, i) + (N1450->N736, F0, i) + (N1151, F1, i) + (N3537, F1, i) + (N1318->N1349, F0, i)}
{(N2951, F1, i) + (N1450->N736, F0, i) + (N1151, F1, i) + (N3537, F1, i) + (N1349, F1, i)}
{(N2951, F1, i) + (N1450->N736, F0, i) + (N1151, F1, i) + (N1481, F1, i)(N2872,1,i) + (N2917, F1, i)(N3787,1,i)}
{(N2951, F1, i) + (N1450->N736, F0, i) + (N1151, F1, i) + (N1481, F1, i)(N2872,1,i) + (N1318->N1349, F0, i)}
{(N2951, F1, i) + (N1450->N736, F0, i) + (N1151, F1, i) + (N1481, F1, i)(N2872,1,i) + (N1349, F1, i)}
{(N2951, F1, i) + (N1450->N736, F0, i) + (N1151, F1, i) + (N16->N1730, F0, i) + (N2917, F1, i)(N3787,1,i)}
{(N2951, F1, i) + (N1450->N736, F0, i) + (N1151, F1, i) + (N16->N1730, F0, i) + (N1318->N1349, F0, i)}
{(N2951, F1, i) + (N1450->N736, F0, i) + (N1151, F1, i) + (N16->N1730, F0, i) + (N1349, F1, i)}
{(N2951, F1, i) + (N1450->N736, F0, i) + (N1151, F1, i) + (N1730, F1, i) + (N2917, F1, i)(N3787,1,i)}
{(N2951, F1, i) + (N1450->N736, F0, i) + (N1151, F1, i) + (N1730, F1, i) + (N1318->N1349, F0, i)}
{(N2951, F1, i) + (N1450->N736, F0, i) + (N1151, F1, i) + (N1730, F1, i) + (N1349, F1, i)}
{(N2951, F1, i) + (N736, F0, i) + (N2146, F1, i) + (N1516, F1, i)(N2738,0,i) + (N2917, F1, i)(N3787,1,i)}
{(N2951, F1, i) + (N736, F0, i) + (N2146, F1, i) + (N1516, F1, i)(N2738,0,i) + (N1318->N1349, F0, i)}
{(N2951, F1, i) + (N736, F0, i) + (N2146, F1, i) + (N1516, F1, i)(N2738,0,i) + (N1349, F1, i)}
{(N2951, F1, i) + (N736, F0, i) + (N2146, F1, i) + (N3763, F1, i)(N3537,0,i) + (N2917, F1, i)(N3787,1,i)}
{(N2951, F1, i) + (N736, F0, i) + (N2146, F1, i) + (N3763, F1, i)(N3537,0,i) + (N1318->N1349, F0, i)}
{(N2951, F1, i) + (N736, F0, i) + (N2146, F1, i) + (N3763, F1, i)(N3537,0,i) + (N1349, F1, i)}
{(N2951, F1, i) + (N736, F0, i) + (N2146, F1, i) + (N2305->N2738, F0, i) + (N2917, F1, i)(N3787,1,i)}
{(N2951, F1, i) + (N736, F0, i) + (N2146, F1, i) + (N2305->N2738, F0, i) + (N1318->N1349, F0, i)}
{(N2951, F1, i) + (N736, F0, i) + (N2146, F1, i) + (N2305->N2738, F0, i) + (N1349, F1, i)}
{(N2951, F1, i) + (N736, F0, i) + (N2146, F1, i) + (N2738, F1, i) + (N2917, F1, i)(N3787,1,i)}
{(N2951, F1, i) + (N736, F0, i) + (N2146, F1, i) + (N2738, F1, i) + (N1318->N1349, F0, i)}
{(N2951, F1, i) + (N736, F0, i) + (N2146, F1, i) + (N2738, F1, i) + (N1349, F1, i)}
{(N2951, F1, i) + (N736, F0, i) + (N2146, F1, i) + (N524->N3537, F0, i) + (N2917, F1, i)(N3787,1,i)}
{(N2951, F1, i) + (N736, F0, i) + (N2146, F1, i) + (N524->N3537, F0, i) + (N1318->N1349, F0, i)}
{(N2951, F1, i) + (N736, F0, i) + (N2146, F1, i) + (N524->N3537, F0, i) + (N1349, F1, i)}
{(N2951, F1, i) + (N736, F0, i) + (N2146, F1, i) + (N3537, F1, i) + (N2917, F1, i)(N3787,1,i)}
{(N2951, F1, i) + (N736, F0, i) + (N2146, F1, i) + (N3537, F1, i) + (N1318->N1349, F0, i)}
{(N2951, F1, i) + (N736, F0, i) + (N2146, F1, i) + (N3537, F1, i) + (N1349, F1, i)}
{(N2951, F1, i) + (N736, F0, i) + (N2146, F1, i) + (N1481, F1, i)(N2872,1,i) + (N2917, F1, i)(N3787,1,i)}
{(N2951, F1, i) + (N736, F0, i) + (N2146, F1, i) + (N1481, F1, i)(N2872,1,i) + (N1318->N1349, F0, i)}
{(N2951, F1, i) + (N736, F0, i) + (N2146, F1, i) + (N1481, F1, i)(N2872,1,i) + (N1349, F1, i)}
{(N2951, F1, i) + (N736, F0, i) + (N2146, F1, i) + (N16->N1730, F0, i) + (N2917, F1, i)(N3787,1,i)}
{(N2951, F1, i) + (N736, F0, i) + (N2146, F1, i) + (N16->N1730, F0, i) + (N1318->N1349, F0, i)}
{(N2951, F1, i) + (N736, F0, i) + (N2146, F1, i) + (N16->N1730, F0, i) + (N1349, F1, i)}
{(N2951, F1, i) + (N736, F0, i) + (N2146, F1, i) + (N1730, F1, i) + (N2917, F1, i)(N3787,1,i)}
{(N2951, F1, i) + (N736, F0, i) + (N2146, F1, i) + (N1730, F1, i) + (N1318->N1349, F0, i)}
{(N2951, F1, i) + (N736, F0, i) + (N2146, F1, i) + (N1730, F1, i) + (N1349, F1, i)}
{(N2951, F1, i) + (N736, F0, i) + (N1151, F1, i) + (N1516, F1, i)(N2738,0,i) + (N2917, F1, i)(N3787,1,i)}
{(N2951, F1, i) + (N736, F0, i) + (N1151, F1, i) + (N1516, F1, i)(N2738,0,i) + (N1318->N1349, F0, i)}
{(N2951, F1, i) + (N736, F0, i) + (N1151, F1, i) + (N1516, F1, i)(N2738,0,i) + (N1349, F1, i)}
{(N2951, F1, i) + (N736, F0, i) + (N1151, F1, i) + (N3763, F1, i)(N3537,0,i) + (N2917, F1, i)(N3787,1,i)}
{(N2951, F1, i) + (N736, F0, i) + (N1151, F1, i) + (N3763, F1, i)(N3537,0,i) + (N1318->N1349, F0, i)}
{(N2951, F1, i) + (N736, F0, i) + (N1151, F1, i) + (N3763, F1, i)(N3537,0,i) + (N1349, F1, i)}
{(N2951, F1, i) + (N736, F0, i) + (N1151, F1, i) + (N2305->N2738, F0, i) + (N2917, F1, i)(N3787,1,i)}
{(N2951, F1, i) + (N736, F0, i) + (N1151, F1, i) + (N2305->N2738, F0, i) + (N1318->N1349, F0, i)}
{(N2951, F1, i) + (N736, F0, i) + (N1151, F1, i) + (N2305->N2738, F0, i) + (N1349, F1, i)}
{(N2951, F1, i) + (N736, F0, i) + (N1151, F1, i) + (N2738, F1, i) + (N2917, F1, i)(N3787,1,i)}
{(N2951, F1, i) + (N736, F0, i) + (N1151, F1, i) + (N2738, F1, i) + (N1318->N1349, F0, i)}
{(N2951, F1, i) + (N736, F0, i) + (N1151, F1, i) + (N2738, F1, i) + (N1349, F1, i)}
{(N2951, F1, i) + (N736, F0, i) + (N1151, F1, i) + (N524->N3537, F0, i) + (N2917, F1, i)(N3787,1,i)}
{(N2951, F1, i) + (N736, F0, i) + (N1151, F1, i) + (N524->N3537, F0, i) + (N1318->N1349, F0, i)}
{(N2951, F1, i) + (N736, F0, i) + (N1151, F1, i) + (N524->N3537, F0, i) + (N1349, F1, i)}
{(N2951, F1, i) + (N736, F0, i) + (N1151, F1, i) + (N3537, F1, i) + (N2917, F1, i)(N3787,1,i)}
{(N2951, F1, i) + (N736, F0, i) + (N1151, F1, i) + (N3537, F1, i) + (N1318->N1349, F0, i)}
{(N2951, F1, i) + (N736, F0, i) + (N1151, F1, i) + (N3537, F1, i) + (N1349, F1, i)}
{(N2951, F1, i) + (N736, F0, i) + (N1151, F1, i) + (N1481, F1, i)(N2872,1,i) + (N2917, F1, i)(N3787,1,i)}
{(N2951, F1, i) + (N736, F0, i) + (N1151, F1, i) + (N1481, F1, i)(N2872,1,i) + (N1318->N1349, F0, i)}
{(N2951, F1, i) + (N736, F0, i) + (N1151, F1, i) + (N1481, F1, i)(N2872,1,i) + (N1349, F1, i)}
{(N2951, F1, i) + (N736, F0, i) + (N1151, F1, i) + (N16->N1730, F0, i) + (N2917, F1, i)(N3787,1,i)}
{(N2951, F1, i) + (N736, F0, i) + (N1151, F1, i) + (N16->N1730, F0, i) + (N1318->N1349, F0, i)}
{(N2951, F1, i) + (N736, F0, i) + (N1151, F1, i) + (N16->N1730, F0, i) + (N1349, F1, i)}
{(N2951, F1, i) + (N736, F0, i) + (N1151, F1, i) + (N1730, F1, i) + (N2917, F1, i)(N3787,1,i)}
{(N2951, F1, i) + (N736, F0, i) + (N1151, F1, i) + (N1730, F1, i) + (N1318->N1349, F0, i)}
{(N2951, F1, i) + (N736, F0, i) + (N1151, F1, i) + (N1730, F1, i) + (N1349, F1, i)}
{(N2951, F1, i) + (N2309->N1659, F1, i) + (N2146, F1, i) + (N1516, F1, i)(N2738,0,i) + (N2917, F1, i)(N3787,1,i)}
{(N2951, F1, i) + (N2309->N1659, F1, i) + (N2146, F1, i) + (N1516, F1, i)(N2738,0,i) + (N1318->N1349, F0, i)}
{(N2951, F1, i) + (N2309->N1659, F1, i) + (N2146, F1, i) + (N1516, F1, i)(N2738,0,i) + (N1349, F1, i)}
{(N2951, F1, i) + (N2309->N1659, F1, i) + (N2146, F1, i) + (N3763, F1, i)(N3537,0,i) + (N2917, F1, i)(N3787,1,i)}
{(N2951, F1, i) + (N2309->N1659, F1, i) + (N2146, F1, i) + (N3763, F1, i)(N3537,0,i) + (N1318->N1349, F0, i)}
{(N2951, F1, i) + (N2309->N1659, F1, i) + (N2146, F1, i) + (N3763, F1, i)(N3537,0,i) + (N1349, F1, i)}
{(N2951, F1, i) + (N2309->N1659, F1, i) + (N2146, F1, i) + (N2305->N2738, F0, i) + (N2917, F1, i)(N3787,1,i)}
{(N2951, F1, i) + (N2309->N1659, F1, i) + (N2146, F1, i) + (N2305->N2738, F0, i) + (N1318->N1349, F0, i)}
{(N2951, F1, i) + (N2309->N1659, F1, i) + (N2146, F1, i) + (N2305->N2738, F0, i) + (N1349, F1, i)}
{(N2951, F1, i) + (N2309->N1659, F1, i) + (N2146, F1, i) + (N2738, F1, i) + (N2917, F1, i)(N3787,1,i)}
{(N2951, F1, i) + (N2309->N1659, F1, i) + (N2146, F1, i) + (N2738, F1, i) + (N1318->N1349, F0, i)}
{(N2951, F1, i) + (N2309->N1659, F1, i) + (N2146, F1, i) + (N2738, F1, i) + (N1349, F1, i)}
{(N2951, F1, i) + (N2309->N1659, F1, i) + (N2146, F1, i) + (N524->N3537, F0, i) + (N2917, F1, i)(N3787,1,i)}
{(N2951, F1, i) + (N2309->N1659, F1, i) + (N2146, F1, i) + (N524->N3537, F0, i) + (N1318->N1349, F0, i)}
{(N2951, F1, i) + (N2309->N1659, F1, i) + (N2146, F1, i) + (N524->N3537, F0, i) + (N1349, F1, i)}
{(N2951, F1, i) + (N2309->N1659, F1, i) + (N2146, F1, i) + (N3537, F1, i) + (N2917, F1, i)(N3787,1,i)}
{(N2951, F1, i) + (N2309->N1659, F1, i) + (N2146, F1, i) + (N3537, F1, i) + (N1318->N1349, F0, i)}
{(N2951, F1, i) + (N2309->N1659, F1, i) + (N2146, F1, i) + (N3537, F1, i) + (N1349, F1, i)}
{(N2951, F1, i) + (N2309->N1659, F1, i) + (N2146, F1, i) + (N1481, F1, i)(N2872,1,i) + (N2917, F1, i)(N3787,1,i)}
{(N2951, F1, i) + (N2309->N1659, F1, i) + (N2146, F1, i) + (N1481, F1, i)(N2872,1,i) + (N1318->N1349, F0, i)}
{(N2951, F1, i) + (N2309->N1659, F1, i) + (N2146, F1, i) + (N1481, F1, i)(N2872,1,i) + (N1349, F1, i)}
{(N2951, F1, i) + (N2309->N1659, F1, i) + (N2146, F1, i) + (N16->N1730, F0, i) + (N2917, F1, i)(N3787,1,i)}
{(N2951, F1, i) + (N2309->N1659, F1, i) + (N2146, F1, i) + (N16->N1730, F0, i) + (N1318->N1349, F0, i)}
{(N2951, F1, i) + (N2309->N1659, F1, i) + (N2146, F1, i) + (N16->N1730, F0, i) + (N1349, F1, i)}
{(N2951, F1, i) + (N2309->N1659, F1, i) + (N2146, F1, i) + (N1730, F1, i) + (N2917, F1, i)(N3787,1,i)}
{(N2951, F1, i) + (N2309->N1659, F1, i) + (N2146, F1, i) + (N1730, F1, i) + (N1318->N1349, F0, i)}
{(N2951, F1, i) + (N2309->N1659, F1, i) + (N2146, F1, i) + (N1730, F1, i) + (N1349, F1, i)}
{(N2951, F1, i) + (N2309->N1659, F1, i) + (N1151, F1, i) + (N1516, F1, i)(N2738,0,i) + (N2917, F1, i)(N3787,1,i)}
{(N2951, F1, i) + (N2309->N1659, F1, i) + (N1151, F1, i) + (N1516, F1, i)(N2738,0,i) + (N1318->N1349, F0, i)}
{(N2951, F1, i) + (N2309->N1659, F1, i) + (N1151, F1, i) + (N1516, F1, i)(N2738,0,i) + (N1349, F1, i)}
{(N2951, F1, i) + (N2309->N1659, F1, i) + (N1151, F1, i) + (N3763, F1, i)(N3537,0,i) + (N2917, F1, i)(N3787,1,i)}
{(N2951, F1, i) + (N2309->N1659, F1, i) + (N1151, F1, i) + (N3763, F1, i)(N3537,0,i) + (N1318->N1349, F0, i)}
{(N2951, F1, i) + (N2309->N1659, F1, i) + (N1151, F1, i) + (N3763, F1, i)(N3537,0,i) + (N1349, F1, i)}
{(N2951, F1, i) + (N2309->N1659, F1, i) + (N1151, F1, i) + (N2305->N2738, F0, i) + (N2917, F1, i)(N3787,1,i)}
{(N2951, F1, i) + (N2309->N1659, F1, i) + (N1151, F1, i) + (N2305->N2738, F0, i) + (N1318->N1349, F0, i)}
{(N2951, F1, i) + (N2309->N1659, F1, i) + (N1151, F1, i) + (N2305->N2738, F0, i) + (N1349, F1, i)}
{(N2951, F1, i) + (N2309->N1659, F1, i) + (N1151, F1, i) + (N2738, F1, i) + (N2917, F1, i)(N3787,1,i)}
{(N2951, F1, i) + (N2309->N1659, F1, i) + (N1151, F1, i) + (N2738, F1, i) + (N1318->N1349, F0, i)}
{(N2951, F1, i) + (N2309->N1659, F1, i) + (N1151, F1, i) + (N2738, F1, i) + (N1349, F1, i)}
{(N2951, F1, i) + (N2309->N1659, F1, i) + (N1151, F1, i) + (N524->N3537, F0, i) + (N2917, F1, i)(N3787,1,i)}
{(N2951, F1, i) + (N2309->N1659, F1, i) + (N1151, F1, i) + (N524->N3537, F0, i) + (N1318->N1349, F0, i)}
{(N2951, F1, i) + (N2309->N1659, F1, i) + (N1151, F1, i) + (N524->N3537, F0, i) + (N1349, F1, i)}
{(N2951, F1, i) + (N2309->N1659, F1, i) + (N1151, F1, i) + (N3537, F1, i) + (N2917, F1, i)(N3787,1,i)}
{(N2951, F1, i) + (N2309->N1659, F1, i) + (N1151, F1, i) + (N3537, F1, i) + (N1318->N1349, F0, i)}
{(N2951, F1, i) + (N2309->N1659, F1, i) + (N1151, F1, i) + (N3537, F1, i) + (N1349, F1, i)}
{(N2951, F1, i) + (N2309->N1659, F1, i) + (N1151, F1, i) + (N1481, F1, i)(N2872,1,i) + (N2917, F1, i)(N3787,1,i)}
{(N2951, F1, i) + (N2309->N1659, F1, i) + (N1151, F1, i) + (N1481, F1, i)(N2872,1,i) + (N1318->N1349, F0, i)}
{(N2951, F1, i) + (N2309->N1659, F1, i) + (N1151, F1, i) + (N1481, F1, i)(N2872,1,i) + (N1349, F1, i)}
{(N2951, F1, i) + (N2309->N1659, F1, i) + (N1151, F1, i) + (N16->N1730, F0, i) + (N2917, F1, i)(N3787,1,i)}
{(N2951, F1, i) + (N2309->N1659, F1, i) + (N1151, F1, i) + (N16->N1730, F0, i) + (N1318->N1349, F0, i)}
{(N2951, F1, i) + (N2309->N1659, F1, i) + (N1151, F1, i) + (N16->N1730, F0, i) + (N1349, F1, i)}
{(N2951, F1, i) + (N2309->N1659, F1, i) + (N1151, F1, i) + (N1730, F1, i) + (N2917, F1, i)(N3787,1,i)}
{(N2951, F1, i) + (N2309->N1659, F1, i) + (N1151, F1, i) + (N1730, F1, i) + (N1318->N1349, F0, i)}
{(N2951, F1, i) + (N2309->N1659, F1, i) + (N1151, F1, i) + (N1730, F1, i) + (N1349, F1, i)}
{(N2951, F1, i) + (N1659, F0, i) + (N2146, F1, i) + (N1516, F1, i)(N2738,0,i) + (N2917, F1, i)(N3787,1,i)}
{(N2951, F1, i) + (N1659, F0, i) + (N2146, F1, i) + (N1516, F1, i)(N2738,0,i) + (N1318->N1349, F0, i)}
{(N2951, F1, i) + (N1659, F0, i) + (N2146, F1, i) + (N1516, F1, i)(N2738,0,i) + (N1349, F1, i)}
{(N2951, F1, i) + (N1659, F0, i) + (N2146, F1, i) + (N3763, F1, i)(N3537,0,i) + (N2917, F1, i)(N3787,1,i)}
{(N2951, F1, i) + (N1659, F0, i) + (N2146, F1, i) + (N3763, F1, i)(N3537,0,i) + (N1318->N1349, F0, i)}
{(N2951, F1, i) + (N1659, F0, i) + (N2146, F1, i) + (N3763, F1, i)(N3537,0,i) + (N1349, F1, i)}
{(N2951, F1, i) + (N1659, F0, i) + (N2146, F1, i) + (N2305->N2738, F0, i) + (N2917, F1, i)(N3787,1,i)}
{(N2951, F1, i) + (N1659, F0, i) + (N2146, F1, i) + (N2305->N2738, F0, i) + (N1318->N1349, F0, i)}
{(N2951, F1, i) + (N1659, F0, i) + (N2146, F1, i) + (N2305->N2738, F0, i) + (N1349, F1, i)}
{(N2951, F1, i) + (N1659, F0, i) + (N2146, F1, i) + (N2738, F1, i) + (N2917, F1, i)(N3787,1,i)}
{(N2951, F1, i) + (N1659, F0, i) + (N2146, F1, i) + (N2738, F1, i) + (N1318->N1349, F0, i)}
{(N2951, F1, i) + (N1659, F0, i) + (N2146, F1, i) + (N2738, F1, i) + (N1349, F1, i)}
{(N2951, F1, i) + (N1659, F0, i) + (N2146, F1, i) + (N524->N3537, F0, i) + (N2917, F1, i)(N3787,1,i)}
{(N2951, F1, i) + (N1659, F0, i) + (N2146, F1, i) + (N524->N3537, F0, i) + (N1318->N1349, F0, i)}
{(N2951, F1, i) + (N1659, F0, i) + (N2146, F1, i) + (N524->N3537, F0, i) + (N1349, F1, i)}
{(N2951, F1, i) + (N1659, F0, i) + (N2146, F1, i) + (N3537, F1, i) + (N2917, F1, i)(N3787,1,i)}
{(N2951, F1, i) + (N1659, F0, i) + (N2146, F1, i) + (N3537, F1, i) + (N1318->N1349, F0, i)}
{(N2951, F1, i) + (N1659, F0, i) + (N2146, F1, i) + (N3537, F1, i) + (N1349, F1, i)}
{(N2951, F1, i) + (N1659, F0, i) + (N2146, F1, i) + (N1481, F1, i)(N2872,1,i) + (N2917, F1, i)(N3787,1,i)}
{(N2951, F1, i) + (N1659, F0, i) + (N2146, F1, i) + (N1481, F1, i)(N2872,1,i) + (N1318->N1349, F0, i)}
{(N2951, F1, i) + (N1659, F0, i) + (N2146, F1, i) + (N1481, F1, i)(N2872,1,i) + (N1349, F1, i)}
{(N2951, F1, i) + (N1659, F0, i) + (N2146, F1, i) + (N16->N1730, F0, i) + (N2917, F1, i)(N3787,1,i)}
{(N2951, F1, i) + (N1659, F0, i) + (N2146, F1, i) + (N16->N1730, F0, i) + (N1318->N1349, F0, i)}
{(N2951, F1, i) + (N1659, F0, i) + (N2146, F1, i) + (N16->N1730, F0, i) + (N1349, F1, i)}
{(N2951, F1, i) + (N1659, F0, i) + (N2146, F1, i) + (N1730, F1, i) + (N2917, F1, i)(N3787,1,i)}
{(N2951, F1, i) + (N1659, F0, i) + (N2146, F1, i) + (N1730, F1, i) + (N1318->N1349, F0, i)}
{(N2951, F1, i) + (N1659, F0, i) + (N2146, F1, i) + (N1730, F1, i) + (N1349, F1, i)}
{(N2951, F1, i) + (N1659, F0, i) + (N1151, F1, i) + (N1516, F1, i)(N2738,0,i) + (N2917, F1, i)(N3787,1,i)}
{(N2951, F1, i) + (N1659, F0, i) + (N1151, F1, i) + (N1516, F1, i)(N2738,0,i) + (N1318->N1349, F0, i)}
{(N2951, F1, i) + (N1659, F0, i) + (N1151, F1, i) + (N1516, F1, i)(N2738,0,i) + (N1349, F1, i)}
{(N2951, F1, i) + (N1659, F0, i) + (N1151, F1, i) + (N3763, F1, i)(N3537,0,i) + (N2917, F1, i)(N3787,1,i)}
{(N2951, F1, i) + (N1659, F0, i) + (N1151, F1, i) + (N3763, F1, i)(N3537,0,i) + (N1318->N1349, F0, i)}
{(N2951, F1, i) + (N1659, F0, i) + (N1151, F1, i) + (N3763, F1, i)(N3537,0,i) + (N1349, F1, i)}
{(N2951, F1, i) + (N1659, F0, i) + (N1151, F1, i) + (N2305->N2738, F0, i) + (N2917, F1, i)(N3787,1,i)}
{(N2951, F1, i) + (N1659, F0, i) + (N1151, F1, i) + (N2305->N2738, F0, i) + (N1318->N1349, F0, i)}
{(N2951, F1, i) + (N1659, F0, i) + (N1151, F1, i) + (N2305->N2738, F0, i) + (N1349, F1, i)}
{(N2951, F1, i) + (N1659, F0, i) + (N1151, F1, i) + (N2738, F1, i) + (N2917, F1, i)(N3787,1,i)}
{(N2951, F1, i) + (N1659, F0, i) + (N1151, F1, i) + (N2738, F1, i) + (N1318->N1349, F0, i)}
{(N2951, F1, i) + (N1659, F0, i) + (N1151, F1, i) + (N2738, F1, i) + (N1349, F1, i)}
{(N2951, F1, i) + (N1659, F0, i) + (N1151, F1, i) + (N524->N3537, F0, i) + (N2917, F1, i)(N3787,1,i)}
{(N2951, F1, i) + (N1659, F0, i) + (N1151, F1, i) + (N524->N3537, F0, i) + (N1318->N1349, F0, i)}
{(N2951, F1, i) + (N1659, F0, i) + (N1151, F1, i) + (N524->N3537, F0, i) + (N1349, F1, i)}
{(N2951, F1, i) + (N1659, F0, i) + (N1151, F1, i) + (N3537, F1, i) + (N2917, F1, i)(N3787,1,i)}
{(N2951, F1, i) + (N1659, F0, i) + (N1151, F1, i) + (N3537, F1, i) + (N1318->N1349, F0, i)}
{(N2951, F1, i) + (N1659, F0, i) + (N1151, F1, i) + (N3537, F1, i) + (N1349, F1, i)}
{(N2951, F1, i) + (N1659, F0, i) + (N1151, F1, i) + (N1481, F1, i)(N2872,1,i) + (N2917, F1, i)(N3787,1,i)}
{(N2951, F1, i) + (N1659, F0, i) + (N1151, F1, i) + (N1481, F1, i)(N2872,1,i) + (N1318->N1349, F0, i)}
{(N2951, F1, i) + (N1659, F0, i) + (N1151, F1, i) + (N1481, F1, i)(N2872,1,i) + (N1349, F1, i)}
{(N2951, F1, i) + (N1659, F0, i) + (N1151, F1, i) + (N16->N1730, F0, i) + (N2917, F1, i)(N3787,1,i)}
{(N2951, F1, i) + (N1659, F0, i) + (N1151, F1, i) + (N16->N1730, F0, i) + (N1318->N1349, F0, i)}
{(N2951, F1, i) + (N1659, F0, i) + (N1151, F1, i) + (N16->N1730, F0, i) + (N1349, F1, i)}
{(N2951, F1, i) + (N1659, F0, i) + (N1151, F1, i) + (N1730, F1, i) + (N2917, F1, i)(N3787,1,i)}
{(N2951, F1, i) + (N1659, F0, i) + (N1151, F1, i) + (N1730, F1, i) + (N1318->N1349, F0, i)}
{(N2951, F1, i) + (N1659, F0, i) + (N1151, F1, i) + (N1730, F1, i) + (N1349, F1, i)}
{(N2951, F1, i) + (N62->N2013, F1, i) + (N2146, F1, i) + (N1516, F1, i)(N2738,0,i) + (N2917, F1, i)(N3787,1,i)}
{(N2951, F1, i) + (N62->N2013, F1, i) + (N2146, F1, i) + (N1516, F1, i)(N2738,0,i) + (N1318->N1349, F0, i)}
{(N2951, F1, i) + (N62->N2013, F1, i) + (N2146, F1, i) + (N1516, F1, i)(N2738,0,i) + (N1349, F1, i)}
{(N2951, F1, i) + (N62->N2013, F1, i) + (N2146, F1, i) + (N3763, F1, i)(N3537,0,i) + (N2917, F1, i)(N3787,1,i)}
{(N2951, F1, i) + (N62->N2013, F1, i) + (N2146, F1, i) + (N3763, F1, i)(N3537,0,i) + (N1318->N1349, F0, i)}
{(N2951, F1, i) + (N62->N2013, F1, i) + (N2146, F1, i) + (N3763, F1, i)(N3537,0,i) + (N1349, F1, i)}
{(N2951, F1, i) + (N62->N2013, F1, i) + (N2146, F1, i) + (N2305->N2738, F0, i) + (N2917, F1, i)(N3787,1,i)}
{(N2951, F1, i) + (N62->N2013, F1, i) + (N2146, F1, i) + (N2305->N2738, F0, i) + (N1318->N1349, F0, i)}
{(N2951, F1, i) + (N62->N2013, F1, i) + (N2146, F1, i) + (N2305->N2738, F0, i) + (N1349, F1, i)}
{(N2951, F1, i) + (N62->N2013, F1, i) + (N2146, F1, i) + (N2738, F1, i) + (N2917, F1, i)(N3787,1,i)}
{(N2951, F1, i) + (N62->N2013, F1, i) + (N2146, F1, i) + (N2738, F1, i) + (N1318->N1349, F0, i)}
{(N2951, F1, i) + (N62->N2013, F1, i) + (N2146, F1, i) + (N2738, F1, i) + (N1349, F1, i)}
{(N2951, F1, i) + (N62->N2013, F1, i) + (N2146, F1, i) + (N524->N3537, F0, i) + (N2917, F1, i)(N3787,1,i)}
{(N2951, F1, i) + (N62->N2013, F1, i) + (N2146, F1, i) + (N524->N3537, F0, i) + (N1318->N1349, F0, i)}
{(N2951, F1, i) + (N62->N2013, F1, i) + (N2146, F1, i) + (N524->N3537, F0, i) + (N1349, F1, i)}
{(N2951, F1, i) + (N62->N2013, F1, i) + (N2146, F1, i) + (N3537, F1, i) + (N2917, F1, i)(N3787,1,i)}
{(N2951, F1, i) + (N62->N2013, F1, i) + (N2146, F1, i) + (N3537, F1, i) + (N1318->N1349, F0, i)}
{(N2951, F1, i) + (N62->N2013, F1, i) + (N2146, F1, i) + (N3537, F1, i) + (N1349, F1, i)}
{(N2951, F1, i) + (N62->N2013, F1, i) + (N2146, F1, i) + (N1481, F1, i)(N2872,1,i) + (N2917, F1, i)(N3787,1,i)}
{(N2951, F1, i) + (N62->N2013, F1, i) + (N2146, F1, i) + (N1481, F1, i)(N2872,1,i) + (N1318->N1349, F0, i)}
{(N2951, F1, i) + (N62->N2013, F1, i) + (N2146, F1, i) + (N1481, F1, i)(N2872,1,i) + (N1349, F1, i)}
{(N2951, F1, i) + (N62->N2013, F1, i) + (N2146, F1, i) + (N16->N1730, F0, i) + (N2917, F1, i)(N3787,1,i)}
{(N2951, F1, i) + (N62->N2013, F1, i) + (N2146, F1, i) + (N16->N1730, F0, i) + (N1318->N1349, F0, i)}
{(N2951, F1, i) + (N62->N2013, F1, i) + (N2146, F1, i) + (N16->N1730, F0, i) + (N1349, F1, i)}
{(N2951, F1, i) + (N62->N2013, F1, i) + (N2146, F1, i) + (N1730, F1, i) + (N2917, F1, i)(N3787,1,i)}
{(N2951, F1, i) + (N62->N2013, F1, i) + (N2146, F1, i) + (N1730, F1, i) + (N1318->N1349, F0, i)}
{(N2951, F1, i) + (N62->N2013, F1, i) + (N2146, F1, i) + (N1730, F1, i) + (N1349, F1, i)}
{(N2951, F1, i) + (N62->N2013, F1, i) + (N1151, F1, i) + (N1516, F1, i)(N2738,0,i) + (N2917, F1, i)(N3787,1,i)}
{(N2951, F1, i) + (N62->N2013, F1, i) + (N1151, F1, i) + (N1516, F1, i)(N2738,0,i) + (N1318->N1349, F0, i)}
{(N2951, F1, i) + (N62->N2013, F1, i) + (N1151, F1, i) + (N1516, F1, i)(N2738,0,i) + (N1349, F1, i)}
{(N2951, F1, i) + (N62->N2013, F1, i) + (N1151, F1, i) + (N3763, F1, i)(N3537,0,i) + (N2917, F1, i)(N3787,1,i)}
{(N2951, F1, i) + (N62->N2013, F1, i) + (N1151, F1, i) + (N3763, F1, i)(N3537,0,i) + (N1318->N1349, F0, i)}
{(N2951, F1, i) + (N62->N2013, F1, i) + (N1151, F1, i) + (N3763, F1, i)(N3537,0,i) + (N1349, F1, i)}
{(N2951, F1, i) + (N62->N2013, F1, i) + (N1151, F1, i) + (N2305->N2738, F0, i) + (N2917, F1, i)(N3787,1,i)}
{(N2951, F1, i) + (N62->N2013, F1, i) + (N1151, F1, i) + (N2305->N2738, F0, i) + (N1318->N1349, F0, i)}
{(N2951, F1, i) + (N62->N2013, F1, i) + (N1151, F1, i) + (N2305->N2738, F0, i) + (N1349, F1, i)}
{(N2951, F1, i) + (N62->N2013, F1, i) + (N1151, F1, i) + (N2738, F1, i) + (N2917, F1, i)(N3787,1,i)}
{(N2951, F1, i) + (N62->N2013, F1, i) + (N1151, F1, i) + (N2738, F1, i) + (N1318->N1349, F0, i)}
{(N2951, F1, i) + (N62->N2013, F1, i) + (N1151, F1, i) + (N2738, F1, i) + (N1349, F1, i)}
{(N2951, F1, i) + (N62->N2013, F1, i) + (N1151, F1, i) + (N524->N3537, F0, i) + (N2917, F1, i)(N3787,1,i)}
{(N2951, F1, i) + (N62->N2013, F1, i) + (N1151, F1, i) + (N524->N3537, F0, i) + (N1318->N1349, F0, i)}
{(N2951, F1, i) + (N62->N2013, F1, i) + (N1151, F1, i) + (N524->N3537, F0, i) + (N1349, F1, i)}
{(N2951, F1, i) + (N62->N2013, F1, i) + (N1151, F1, i) + (N3537, F1, i) + (N2917, F1, i)(N3787,1,i)}
{(N2951, F1, i) + (N62->N2013, F1, i) + (N1151, F1, i) + (N3537, F1, i) + (N1318->N1349, F0, i)}
{(N2951, F1, i) + (N62->N2013, F1, i) + (N1151, F1, i) + (N3537, F1, i) + (N1349, F1, i)}
{(N2951, F1, i) + (N62->N2013, F1, i) + (N1151, F1, i) + (N1481, F1, i)(N2872,1,i) + (N2917, F1, i)(N3787,1,i)}
{(N2951, F1, i) + (N62->N2013, F1, i) + (N1151, F1, i) + (N1481, F1, i)(N2872,1,i) + (N1318->N1349, F0, i)}
{(N2951, F1, i) + (N62->N2013, F1, i) + (N1151, F1, i) + (N1481, F1, i)(N2872,1,i) + (N1349, F1, i)}
{(N2951, F1, i) + (N62->N2013, F1, i) + (N1151, F1, i) + (N16->N1730, F0, i) + (N2917, F1, i)(N3787,1,i)}
{(N2951, F1, i) + (N62->N2013, F1, i) + (N1151, F1, i) + (N16->N1730, F0, i) + (N1318->N1349, F0, i)}
{(N2951, F1, i) + (N62->N2013, F1, i) + (N1151, F1, i) + (N16->N1730, F0, i) + (N1349, F1, i)}
{(N2951, F1, i) + (N62->N2013, F1, i) + (N1151, F1, i) + (N1730, F1, i) + (N2917, F1, i)(N3787,1,i)}
{(N2951, F1, i) + (N62->N2013, F1, i) + (N1151, F1, i) + (N1730, F1, i) + (N1318->N1349, F0, i)}
{(N2951, F1, i) + (N62->N2013, F1, i) + (N1151, F1, i) + (N1730, F1, i) + (N1349, F1, i)}
{(N2951, F1, i) + (N2013, F1, i)(N132,1,i) + (N2146, F1, i) + (N1516, F1, i)(N2738,0,i) + (N2917, F1, i)(N3787,1,i)}
{(N2951, F1, i) + (N2013, F1, i)(N132,1,i) + (N2146, F1, i) + (N1516, F1, i)(N2738,0,i) + (N1318->N1349, F0, i)}
{(N2951, F1, i) + (N2013, F1, i)(N132,1,i) + (N2146, F1, i) + (N1516, F1, i)(N2738,0,i) + (N1349, F1, i)}
{(N2951, F1, i) + (N2013, F1, i)(N132,1,i) + (N2146, F1, i) + (N3763, F1, i)(N3537,0,i) + (N2917, F1, i)(N3787,1,i)}
{(N2951, F1, i) + (N2013, F1, i)(N132,1,i) + (N2146, F1, i) + (N3763, F1, i)(N3537,0,i) + (N1318->N1349, F0, i)}
{(N2951, F1, i) + (N2013, F1, i)(N132,1,i) + (N2146, F1, i) + (N3763, F1, i)(N3537,0,i) + (N1349, F1, i)}
{(N2951, F1, i) + (N2013, F1, i)(N132,1,i) + (N2146, F1, i) + (N2305->N2738, F0, i) + (N2917, F1, i)(N3787,1,i)}
{(N2951, F1, i) + (N2013, F1, i)(N132,1,i) + (N2146, F1, i) + (N2305->N2738, F0, i) + (N1318->N1349, F0, i)}
{(N2951, F1, i) + (N2013, F1, i)(N132,1,i) + (N2146, F1, i) + (N2305->N2738, F0, i) + (N1349, F1, i)}
{(N2951, F1, i) + (N2013, F1, i)(N132,1,i) + (N2146, F1, i) + (N2738, F1, i) + (N2917, F1, i)(N3787,1,i)}
{(N2951, F1, i) + (N2013, F1, i)(N132,1,i) + (N2146, F1, i) + (N2738, F1, i) + (N1318->N1349, F0, i)}
{(N2951, F1, i) + (N2013, F1, i)(N132,1,i) + (N2146, F1, i) + (N2738, F1, i) + (N1349, F1, i)}
{(N2951, F1, i) + (N2013, F1, i)(N132,1,i) + (N2146, F1, i) + (N524->N3537, F0, i) + (N2917, F1, i)(N3787,1,i)}
{(N2951, F1, i) + (N2013, F1, i)(N132,1,i) + (N2146, F1, i) + (N524->N3537, F0, i) + (N1318->N1349, F0, i)}
{(N2951, F1, i) + (N2013, F1, i)(N132,1,i) + (N2146, F1, i) + (N524->N3537, F0, i) + (N1349, F1, i)}
{(N2951, F1, i) + (N2013, F1, i)(N132,1,i) + (N2146, F1, i) + (N3537, F1, i) + (N2917, F1, i)(N3787,1,i)}
{(N2951, F1, i) + (N2013, F1, i)(N132,1,i) + (N2146, F1, i) + (N3537, F1, i) + (N1318->N1349, F0, i)}
{(N2951, F1, i) + (N2013, F1, i)(N132,1,i) + (N2146, F1, i) + (N3537, F1, i) + (N1349, F1, i)}
{(N2951, F1, i) + (N2013, F1, i)(N132,1,i) + (N2146, F1, i) + (N1481, F1, i)(N2872,1,i) + (N2917, F1, i)(N3787,1,i)}
{(N2951, F1, i) + (N2013, F1, i)(N132,1,i) + (N2146, F1, i) + (N1481, F1, i)(N2872,1,i) + (N1318->N1349, F0, i)}
{(N2951, F1, i) + (N2013, F1, i)(N132,1,i) + (N2146, F1, i) + (N1481, F1, i)(N2872,1,i) + (N1349, F1, i)}
{(N2951, F1, i) + (N2013, F1, i)(N132,1,i) + (N2146, F1, i) + (N16->N1730, F0, i) + (N2917, F1, i)(N3787,1,i)}
{(N2951, F1, i) + (N2013, F1, i)(N132,1,i) + (N2146, F1, i) + (N16->N1730, F0, i) + (N1318->N1349, F0, i)}
{(N2951, F1, i) + (N2013, F1, i)(N132,1,i) + (N2146, F1, i) + (N16->N1730, F0, i) + (N1349, F1, i)}
{(N2951, F1, i) + (N2013, F1, i)(N132,1,i) + (N2146, F1, i) + (N1730, F1, i) + (N2917, F1, i)(N3787,1,i)}
{(N2951, F1, i) + (N2013, F1, i)(N132,1,i) + (N2146, F1, i) + (N1730, F1, i) + (N1318->N1349, F0, i)}
{(N2951, F1, i) + (N2013, F1, i)(N132,1,i) + (N2146, F1, i) + (N1730, F1, i) + (N1349, F1, i)}
{(N2951, F1, i) + (N2013, F1, i)(N132,1,i) + (N1151, F1, i) + (N1516, F1, i)(N2738,0,i) + (N2917, F1, i)(N3787,1,i)}
{(N2951, F1, i) + (N2013, F1, i)(N132,1,i) + (N1151, F1, i) + (N1516, F1, i)(N2738,0,i) + (N1318->N1349, F0, i)}
{(N2951, F1, i) + (N2013, F1, i)(N132,1,i) + (N1151, F1, i) + (N1516, F1, i)(N2738,0,i) + (N1349, F1, i)}
{(N2951, F1, i) + (N2013, F1, i)(N132,1,i) + (N1151, F1, i) + (N3763, F1, i)(N3537,0,i) + (N2917, F1, i)(N3787,1,i)}
{(N2951, F1, i) + (N2013, F1, i)(N132,1,i) + (N1151, F1, i) + (N3763, F1, i)(N3537,0,i) + (N1318->N1349, F0, i)}
{(N2951, F1, i) + (N2013, F1, i)(N132,1,i) + (N1151, F1, i) + (N3763, F1, i)(N3537,0,i) + (N1349, F1, i)}
{(N2951, F1, i) + (N2013, F1, i)(N132,1,i) + (N1151, F1, i) + (N2305->N2738, F0, i) + (N2917, F1, i)(N3787,1,i)}
{(N2951, F1, i) + (N2013, F1, i)(N132,1,i) + (N1151, F1, i) + (N2305->N2738, F0, i) + (N1318->N1349, F0, i)}
{(N2951, F1, i) + (N2013, F1, i)(N132,1,i) + (N1151, F1, i) + (N2305->N2738, F0, i) + (N1349, F1, i)}
{(N2951, F1, i) + (N2013, F1, i)(N132,1,i) + (N1151, F1, i) + (N2738, F1, i) + (N2917, F1, i)(N3787,1,i)}
{(N2951, F1, i) + (N2013, F1, i)(N132,1,i) + (N1151, F1, i) + (N2738, F1, i) + (N1318->N1349, F0, i)}
{(N2951, F1, i) + (N2013, F1, i)(N132,1,i) + (N1151, F1, i) + (N2738, F1, i) + (N1349, F1, i)}
{(N2951, F1, i) + (N2013, F1, i)(N132,1,i) + (N1151, F1, i) + (N524->N3537, F0, i) + (N2917, F1, i)(N3787,1,i)}
{(N2951, F1, i) + (N2013, F1, i)(N132,1,i) + (N1151, F1, i) + (N524->N3537, F0, i) + (N1318->N1349, F0, i)}
{(N2951, F1, i) + (N2013, F1, i)(N132,1,i) + (N1151, F1, i) + (N524->N3537, F0, i) + (N1349, F1, i)}
{(N2951, F1, i) + (N2013, F1, i)(N132,1,i) + (N1151, F1, i) + (N3537, F1, i) + (N2917, F1, i)(N3787,1,i)}
{(N2951, F1, i) + (N2013, F1, i)(N132,1,i) + (N1151, F1, i) + (N3537, F1, i) + (N1318->N1349, F0, i)}
{(N2951, F1, i) + (N2013, F1, i)(N132,1,i) + (N1151, F1, i) + (N3537, F1, i) + (N1349, F1, i)}
{(N2951, F1, i) + (N2013, F1, i)(N132,1,i) + (N1151, F1, i) + (N1481, F1, i)(N2872,1,i) + (N2917, F1, i)(N3787,1,i)}
{(N2951, F1, i) + (N2013, F1, i)(N132,1,i) + (N1151, F1, i) + (N1481, F1, i)(N2872,1,i) + (N1318->N1349, F0, i)}
{(N2951, F1, i) + (N2013, F1, i)(N132,1,i) + (N1151, F1, i) + (N1481, F1, i)(N2872,1,i) + (N1349, F1, i)}
{(N2951, F1, i) + (N2013, F1, i)(N132,1,i) + (N1151, F1, i) + (N16->N1730, F0, i) + (N2917, F1, i)(N3787,1,i)}
{(N2951, F1, i) + (N2013, F1, i)(N132,1,i) + (N1151, F1, i) + (N16->N1730, F0, i) + (N1318->N1349, F0, i)}
{(N2951, F1, i) + (N2013, F1, i)(N132,1,i) + (N1151, F1, i) + (N16->N1730, F0, i) + (N1349, F1, i)}
{(N2951, F1, i) + (N2013, F1, i)(N132,1,i) + (N1151, F1, i) + (N1730, F1, i) + (N2917, F1, i)(N3787,1,i)}
{(N2951, F1, i) + (N2013, F1, i)(N132,1,i) + (N1151, F1, i) + (N1730, F1, i) + (N1318->N1349, F0, i)}
{(N2951, F1, i) + (N2013, F1, i)(N132,1,i) + (N1151, F1, i) + (N1730, F1, i) + (N1349, F1, i)}
{(N3310, F1, i) + (N2359, F1, i)(N1596,1,i) + (N2146, F1, i) + (N1516, F1, i)(N2738,0,i) + (N2917, F1, i)(N3787,1,i)}
{(N3310, F1, i) + (N2359, F1, i)(N1596,1,i) + (N2146, F1, i) + (N1516, F1, i)(N2738,0,i) + (N1318->N1349, F0, i)}
{(N3310, F1, i) + (N2359, F1, i)(N1596,1,i) + (N2146, F1, i) + (N1516, F1, i)(N2738,0,i) + (N1349, F1, i)}
{(N3310, F1, i) + (N2359, F1, i)(N1596,1,i) + (N2146, F1, i) + (N3763, F1, i)(N3537,0,i) + (N2917, F1, i)(N3787,1,i)}
{(N3310, F1, i) + (N2359, F1, i)(N1596,1,i) + (N2146, F1, i) + (N3763, F1, i)(N3537,0,i) + (N1318->N1349, F0, i)}
{(N3310, F1, i) + (N2359, F1, i)(N1596,1,i) + (N2146, F1, i) + (N3763, F1, i)(N3537,0,i) + (N1349, F1, i)}
{(N3310, F1, i) + (N2359, F1, i)(N1596,1,i) + (N2146, F1, i) + (N2305->N2738, F0, i) + (N2917, F1, i)(N3787,1,i)}
{(N3310, F1, i) + (N2359, F1, i)(N1596,1,i) + (N2146, F1, i) + (N2305->N2738, F0, i) + (N1318->N1349, F0, i)}
{(N3310, F1, i) + (N2359, F1, i)(N1596,1,i) + (N2146, F1, i) + (N2305->N2738, F0, i) + (N1349, F1, i)}
{(N3310, F1, i) + (N2359, F1, i)(N1596,1,i) + (N2146, F1, i) + (N2738, F1, i) + (N2917, F1, i)(N3787,1,i)}
{(N3310, F1, i) + (N2359, F1, i)(N1596,1,i) + (N2146, F1, i) + (N2738, F1, i) + (N1318->N1349, F0, i)}
{(N3310, F1, i) + (N2359, F1, i)(N1596,1,i) + (N2146, F1, i) + (N2738, F1, i) + (N1349, F1, i)}
{(N3310, F1, i) + (N2359, F1, i)(N1596,1,i) + (N2146, F1, i) + (N524->N3537, F0, i) + (N2917, F1, i)(N3787,1,i)}
{(N3310, F1, i) + (N2359, F1, i)(N1596,1,i) + (N2146, F1, i) + (N524->N3537, F0, i) + (N1318->N1349, F0, i)}
{(N3310, F1, i) + (N2359, F1, i)(N1596,1,i) + (N2146, F1, i) + (N524->N3537, F0, i) + (N1349, F1, i)}
{(N3310, F1, i) + (N2359, F1, i)(N1596,1,i) + (N2146, F1, i) + (N3537, F1, i) + (N2917, F1, i)(N3787,1,i)}
{(N3310, F1, i) + (N2359, F1, i)(N1596,1,i) + (N2146, F1, i) + (N3537, F1, i) + (N1318->N1349, F0, i)}
{(N3310, F1, i) + (N2359, F1, i)(N1596,1,i) + (N2146, F1, i) + (N3537, F1, i) + (N1349, F1, i)}
{(N3310, F1, i) + (N2359, F1, i)(N1596,1,i) + (N2146, F1, i) + (N1481, F1, i)(N2872,1,i) + (N2917, F1, i)(N3787,1,i)}
{(N3310, F1, i) + (N2359, F1, i)(N1596,1,i) + (N2146, F1, i) + (N1481, F1, i)(N2872,1,i) + (N1318->N1349, F0, i)}
{(N3310, F1, i) + (N2359, F1, i)(N1596,1,i) + (N2146, F1, i) + (N1481, F1, i)(N2872,1,i) + (N1349, F1, i)}
{(N3310, F1, i) + (N2359, F1, i)(N1596,1,i) + (N2146, F1, i) + (N16->N1730, F0, i) + (N2917, F1, i)(N3787,1,i)}
{(N3310, F1, i) + (N2359, F1, i)(N1596,1,i) + (N2146, F1, i) + (N16->N1730, F0, i) + (N1318->N1349, F0, i)}
{(N3310, F1, i) + (N2359, F1, i)(N1596,1,i) + (N2146, F1, i) + (N16->N1730, F0, i) + (N1349, F1, i)}
{(N3310, F1, i) + (N2359, F1, i)(N1596,1,i) + (N2146, F1, i) + (N1730, F1, i) + (N2917, F1, i)(N3787,1,i)}
{(N3310, F1, i) + (N2359, F1, i)(N1596,1,i) + (N2146, F1, i) + (N1730, F1, i) + (N1318->N1349, F0, i)}
{(N3310, F1, i) + (N2359, F1, i)(N1596,1,i) + (N2146, F1, i) + (N1730, F1, i) + (N1349, F1, i)}
{(N3310, F1, i) + (N2359, F1, i)(N1596,1,i) + (N1151, F1, i) + (N1516, F1, i)(N2738,0,i) + (N2917, F1, i)(N3787,1,i)}
{(N3310, F1, i) + (N2359, F1, i)(N1596,1,i) + (N1151, F1, i) + (N1516, F1, i)(N2738,0,i) + (N1318->N1349, F0, i)}
{(N3310, F1, i) + (N2359, F1, i)(N1596,1,i) + (N1151, F1, i) + (N1516, F1, i)(N2738,0,i) + (N1349, F1, i)}
{(N3310, F1, i) + (N2359, F1, i)(N1596,1,i) + (N1151, F1, i) + (N3763, F1, i)(N3537,0,i) + (N2917, F1, i)(N3787,1,i)}
{(N3310, F1, i) + (N2359, F1, i)(N1596,1,i) + (N1151, F1, i) + (N3763, F1, i)(N3537,0,i) + (N1318->N1349, F0, i)}
{(N3310, F1, i) + (N2359, F1, i)(N1596,1,i) + (N1151, F1, i) + (N3763, F1, i)(N3537,0,i) + (N1349, F1, i)}
{(N3310, F1, i) + (N2359, F1, i)(N1596,1,i) + (N1151, F1, i) + (N2305->N2738, F0, i) + (N2917, F1, i)(N3787,1,i)}
{(N3310, F1, i) + (N2359, F1, i)(N1596,1,i) + (N1151, F1, i) + (N2305->N2738, F0, i) + (N1318->N1349, F0, i)}
{(N3310, F1, i) + (N2359, F1, i)(N1596,1,i) + (N1151, F1, i) + (N2305->N2738, F0, i) + (N1349, F1, i)}
{(N3310, F1, i) + (N2359, F1, i)(N1596,1,i) + (N1151, F1, i) + (N2738, F1, i) + (N2917, F1, i)(N3787,1,i)}
{(N3310, F1, i) + (N2359, F1, i)(N1596,1,i) + (N1151, F1, i) + (N2738, F1, i) + (N1318->N1349, F0, i)}
{(N3310, F1, i) + (N2359, F1, i)(N1596,1,i) + (N1151, F1, i) + (N2738, F1, i) + (N1349, F1, i)}
{(N3310, F1, i) + (N2359, F1, i)(N1596,1,i) + (N1151, F1, i) + (N524->N3537, F0, i) + (N2917, F1, i)(N3787,1,i)}
{(N3310, F1, i) + (N2359, F1, i)(N1596,1,i) + (N1151, F1, i) + (N524->N3537, F0, i) + (N1318->N1349, F0, i)}
{(N3310, F1, i) + (N2359, F1, i)(N1596,1,i) + (N1151, F1, i) + (N524->N3537, F0, i) + (N1349, F1, i)}
{(N3310, F1, i) + (N2359, F1, i)(N1596,1,i) + (N1151, F1, i) + (N3537, F1, i) + (N2917, F1, i)(N3787,1,i)}
{(N3310, F1, i) + (N2359, F1, i)(N1596,1,i) + (N1151, F1, i) + (N3537, F1, i) + (N1318->N1349, F0, i)}
{(N3310, F1, i) + (N2359, F1, i)(N1596,1,i) + (N1151, F1, i) + (N3537, F1, i) + (N1349, F1, i)}
{(N3310, F1, i) + (N2359, F1, i)(N1596,1,i) + (N1151, F1, i) + (N1481, F1, i)(N2872,1,i) + (N2917, F1, i)(N3787,1,i)}
{(N3310, F1, i) + (N2359, F1, i)(N1596,1,i) + (N1151, F1, i) + (N1481, F1, i)(N2872,1,i) + (N1318->N1349, F0, i)}
{(N3310, F1, i) + (N2359, F1, i)(N1596,1,i) + (N1151, F1, i) + (N1481, F1, i)(N2872,1,i) + (N1349, F1, i)}
{(N3310, F1, i) + (N2359, F1, i)(N1596,1,i) + (N1151, F1, i) + (N16->N1730, F0, i) + (N2917, F1, i)(N3787,1,i)}
{(N3310, F1, i) + (N2359, F1, i)(N1596,1,i) + (N1151, F1, i) + (N16->N1730, F0, i) + (N1318->N1349, F0, i)}
{(N3310, F1, i) + (N2359, F1, i)(N1596,1,i) + (N1151, F1, i) + (N16->N1730, F0, i) + (N1349, F1, i)}
{(N3310, F1, i) + (N2359, F1, i)(N1596,1,i) + (N1151, F1, i) + (N1730, F1, i) + (N2917, F1, i)(N3787,1,i)}
{(N3310, F1, i) + (N2359, F1, i)(N1596,1,i) + (N1151, F1, i) + (N1730, F1, i) + (N1318->N1349, F0, i)}
{(N3310, F1, i) + (N2359, F1, i)(N1596,1,i) + (N1151, F1, i) + (N1730, F1, i) + (N1349, F1, i)}
{(N3310, F1, i) + (N3369, F1, i) + (N2146, F1, i) + (N1516, F1, i)(N2738,0,i) + (N2917, F1, i)(N3787,1,i)}
{(N3310, F1, i) + (N3369, F1, i) + (N2146, F1, i) + (N1516, F1, i)(N2738,0,i) + (N1318->N1349, F0, i)}
{(N3310, F1, i) + (N3369, F1, i) + (N2146, F1, i) + (N1516, F1, i)(N2738,0,i) + (N1349, F1, i)}
{(N3310, F1, i) + (N3369, F1, i) + (N2146, F1, i) + (N3763, F1, i)(N3537,0,i) + (N2917, F1, i)(N3787,1,i)}
{(N3310, F1, i) + (N3369, F1, i) + (N2146, F1, i) + (N3763, F1, i)(N3537,0,i) + (N1318->N1349, F0, i)}
{(N3310, F1, i) + (N3369, F1, i) + (N2146, F1, i) + (N3763, F1, i)(N3537,0,i) + (N1349, F1, i)}
{(N3310, F1, i) + (N3369, F1, i) + (N2146, F1, i) + (N2305->N2738, F0, i) + (N2917, F1, i)(N3787,1,i)}
{(N3310, F1, i) + (N3369, F1, i) + (N2146, F1, i) + (N2305->N2738, F0, i) + (N1318->N1349, F0, i)}
{(N3310, F1, i) + (N3369, F1, i) + (N2146, F1, i) + (N2305->N2738, F0, i) + (N1349, F1, i)}
{(N3310, F1, i) + (N3369, F1, i) + (N2146, F1, i) + (N2738, F1, i) + (N2917, F1, i)(N3787,1,i)}
{(N3310, F1, i) + (N3369, F1, i) + (N2146, F1, i) + (N2738, F1, i) + (N1318->N1349, F0, i)}
{(N3310, F1, i) + (N3369, F1, i) + (N2146, F1, i) + (N2738, F1, i) + (N1349, F1, i)}
{(N3310, F1, i) + (N3369, F1, i) + (N2146, F1, i) + (N524->N3537, F0, i) + (N2917, F1, i)(N3787,1,i)}
{(N3310, F1, i) + (N3369, F1, i) + (N2146, F1, i) + (N524->N3537, F0, i) + (N1318->N1349, F0, i)}
{(N3310, F1, i) + (N3369, F1, i) + (N2146, F1, i) + (N524->N3537, F0, i) + (N1349, F1, i)}
{(N3310, F1, i) + (N3369, F1, i) + (N2146, F1, i) + (N3537, F1, i) + (N2917, F1, i)(N3787,1,i)}
{(N3310, F1, i) + (N3369, F1, i) + (N2146, F1, i) + (N3537, F1, i) + (N1318->N1349, F0, i)}
{(N3310, F1, i) + (N3369, F1, i) + (N2146, F1, i) + (N3537, F1, i) + (N1349, F1, i)}
{(N3310, F1, i) + (N3369, F1, i) + (N2146, F1, i) + (N1481, F1, i)(N2872,1,i) + (N2917, F1, i)(N3787,1,i)}
{(N3310, F1, i) + (N3369, F1, i) + (N2146, F1, i) + (N1481, F1, i)(N2872,1,i) + (N1318->N1349, F0, i)}
{(N3310, F1, i) + (N3369, F1, i) + (N2146, F1, i) + (N1481, F1, i)(N2872,1,i) + (N1349, F1, i)}
{(N3310, F1, i) + (N3369, F1, i) + (N2146, F1, i) + (N16->N1730, F0, i) + (N2917, F1, i)(N3787,1,i)}
{(N3310, F1, i) + (N3369, F1, i) + (N2146, F1, i) + (N16->N1730, F0, i) + (N1318->N1349, F0, i)}
{(N3310, F1, i) + (N3369, F1, i) + (N2146, F1, i) + (N16->N1730, F0, i) + (N1349, F1, i)}
{(N3310, F1, i) + (N3369, F1, i) + (N2146, F1, i) + (N1730, F1, i) + (N2917, F1, i)(N3787,1,i)}
{(N3310, F1, i) + (N3369, F1, i) + (N2146, F1, i) + (N1730, F1, i) + (N1318->N1349, F0, i)}
{(N3310, F1, i) + (N3369, F1, i) + (N2146, F1, i) + (N1730, F1, i) + (N1349, F1, i)}
{(N3310, F1, i) + (N3369, F1, i) + (N1151, F1, i) + (N1516, F1, i)(N2738,0,i) + (N2917, F1, i)(N3787,1,i)}
{(N3310, F1, i) + (N3369, F1, i) + (N1151, F1, i) + (N1516, F1, i)(N2738,0,i) + (N1318->N1349, F0, i)}
{(N3310, F1, i) + (N3369, F1, i) + (N1151, F1, i) + (N1516, F1, i)(N2738,0,i) + (N1349, F1, i)}
{(N3310, F1, i) + (N3369, F1, i) + (N1151, F1, i) + (N3763, F1, i)(N3537,0,i) + (N2917, F1, i)(N3787,1,i)}
{(N3310, F1, i) + (N3369, F1, i) + (N1151, F1, i) + (N3763, F1, i)(N3537,0,i) + (N1318->N1349, F0, i)}
{(N3310, F1, i) + (N3369, F1, i) + (N1151, F1, i) + (N3763, F1, i)(N3537,0,i) + (N1349, F1, i)}
{(N3310, F1, i) + (N3369, F1, i) + (N1151, F1, i) + (N2305->N2738, F0, i) + (N2917, F1, i)(N3787,1,i)}
{(N3310, F1, i) + (N3369, F1, i) + (N1151, F1, i) + (N2305->N2738, F0, i) + (N1318->N1349, F0, i)}
{(N3310, F1, i) + (N3369, F1, i) + (N1151, F1, i) + (N2305->N2738, F0, i) + (N1349, F1, i)}
{(N3310, F1, i) + (N3369, F1, i) + (N1151, F1, i) + (N2738, F1, i) + (N2917, F1, i)(N3787,1,i)}
{(N3310, F1, i) + (N3369, F1, i) + (N1151, F1, i) + (N2738, F1, i) + (N1318->N1349, F0, i)}
{(N3310, F1, i) + (N3369, F1, i) + (N1151, F1, i) + (N2738, F1, i) + (N1349, F1, i)}
{(N3310, F1, i) + (N3369, F1, i) + (N1151, F1, i) + (N524->N3537, F0, i) + (N2917, F1, i)(N3787,1,i)}
{(N3310, F1, i) + (N3369, F1, i) + (N1151, F1, i) + (N524->N3537, F0, i) + (N1318->N1349, F0, i)}
{(N3310, F1, i) + (N3369, F1, i) + (N1151, F1, i) + (N524->N3537, F0, i) + (N1349, F1, i)}
{(N3310, F1, i) + (N3369, F1, i) + (N1151, F1, i) + (N3537, F1, i) + (N2917, F1, i)(N3787,1,i)}
{(N3310, F1, i) + (N3369, F1, i) + (N1151, F1, i) + (N3537, F1, i) + (N1318->N1349, F0, i)}
{(N3310, F1, i) + (N3369, F1, i) + (N1151, F1, i) + (N3537, F1, i) + (N1349, F1, i)}
{(N3310, F1, i) + (N3369, F1, i) + (N1151, F1, i) + (N1481, F1, i)(N2872,1,i) + (N2917, F1, i)(N3787,1,i)}
{(N3310, F1, i) + (N3369, F1, i) + (N1151, F1, i) + (N1481, F1, i)(N2872,1,i) + (N1318->N1349, F0, i)}
{(N3310, F1, i) + (N3369, F1, i) + (N1151, F1, i) + (N1481, F1, i)(N2872,1,i) + (N1349, F1, i)}
{(N3310, F1, i) + (N3369, F1, i) + (N1151, F1, i) + (N16->N1730, F0, i) + (N2917, F1, i)(N3787,1,i)}
{(N3310, F1, i) + (N3369, F1, i) + (N1151, F1, i) + (N16->N1730, F0, i) + (N1318->N1349, F0, i)}
{(N3310, F1, i) + (N3369, F1, i) + (N1151, F1, i) + (N16->N1730, F0, i) + (N1349, F1, i)}
{(N3310, F1, i) + (N3369, F1, i) + (N1151, F1, i) + (N1730, F1, i) + (N2917, F1, i)(N3787,1,i)}
{(N3310, F1, i) + (N3369, F1, i) + (N1151, F1, i) + (N1730, F1, i) + (N1318->N1349, F0, i)}
{(N3310, F1, i) + (N3369, F1, i) + (N1151, F1, i) + (N1730, F1, i) + (N1349, F1, i)}
{(N3310, F1, i) + (N3330, F0, i) + (N2146, F1, i) + (N1516, F1, i)(N2738,0,i) + (N2917, F1, i)(N3787,1,i)}
{(N3310, F1, i) + (N3330, F0, i) + (N2146, F1, i) + (N1516, F1, i)(N2738,0,i) + (N1318->N1349, F0, i)}
{(N3310, F1, i) + (N3330, F0, i) + (N2146, F1, i) + (N1516, F1, i)(N2738,0,i) + (N1349, F1, i)}
{(N3310, F1, i) + (N3330, F0, i) + (N2146, F1, i) + (N3763, F1, i)(N3537,0,i) + (N2917, F1, i)(N3787,1,i)}
{(N3310, F1, i) + (N3330, F0, i) + (N2146, F1, i) + (N3763, F1, i)(N3537,0,i) + (N1318->N1349, F0, i)}
{(N3310, F1, i) + (N3330, F0, i) + (N2146, F1, i) + (N3763, F1, i)(N3537,0,i) + (N1349, F1, i)}
{(N3310, F1, i) + (N3330, F0, i) + (N2146, F1, i) + (N2305->N2738, F0, i) + (N2917, F1, i)(N3787,1,i)}
{(N3310, F1, i) + (N3330, F0, i) + (N2146, F1, i) + (N2305->N2738, F0, i) + (N1318->N1349, F0, i)}
{(N3310, F1, i) + (N3330, F0, i) + (N2146, F1, i) + (N2305->N2738, F0, i) + (N1349, F1, i)}
{(N3310, F1, i) + (N3330, F0, i) + (N2146, F1, i) + (N2738, F1, i) + (N2917, F1, i)(N3787,1,i)}
{(N3310, F1, i) + (N3330, F0, i) + (N2146, F1, i) + (N2738, F1, i) + (N1318->N1349, F0, i)}
{(N3310, F1, i) + (N3330, F0, i) + (N2146, F1, i) + (N2738, F1, i) + (N1349, F1, i)}
{(N3310, F1, i) + (N3330, F0, i) + (N2146, F1, i) + (N524->N3537, F0, i) + (N2917, F1, i)(N3787,1,i)}
{(N3310, F1, i) + (N3330, F0, i) + (N2146, F1, i) + (N524->N3537, F0, i) + (N1318->N1349, F0, i)}
{(N3310, F1, i) + (N3330, F0, i) + (N2146, F1, i) + (N524->N3537, F0, i) + (N1349, F1, i)}
{(N3310, F1, i) + (N3330, F0, i) + (N2146, F1, i) + (N3537, F1, i) + (N2917, F1, i)(N3787,1,i)}
{(N3310, F1, i) + (N3330, F0, i) + (N2146, F1, i) + (N3537, F1, i) + (N1318->N1349, F0, i)}
{(N3310, F1, i) + (N3330, F0, i) + (N2146, F1, i) + (N3537, F1, i) + (N1349, F1, i)}
{(N3310, F1, i) + (N3330, F0, i) + (N2146, F1, i) + (N1481, F1, i)(N2872,1,i) + (N2917, F1, i)(N3787,1,i)}
{(N3310, F1, i) + (N3330, F0, i) + (N2146, F1, i) + (N1481, F1, i)(N2872,1,i) + (N1318->N1349, F0, i)}
{(N3310, F1, i) + (N3330, F0, i) + (N2146, F1, i) + (N1481, F1, i)(N2872,1,i) + (N1349, F1, i)}
{(N3310, F1, i) + (N3330, F0, i) + (N2146, F1, i) + (N16->N1730, F0, i) + (N2917, F1, i)(N3787,1,i)}
{(N3310, F1, i) + (N3330, F0, i) + (N2146, F1, i) + (N16->N1730, F0, i) + (N1318->N1349, F0, i)}
{(N3310, F1, i) + (N3330, F0, i) + (N2146, F1, i) + (N16->N1730, F0, i) + (N1349, F1, i)}
{(N3310, F1, i) + (N3330, F0, i) + (N2146, F1, i) + (N1730, F1, i) + (N2917, F1, i)(N3787,1,i)}
{(N3310, F1, i) + (N3330, F0, i) + (N2146, F1, i) + (N1730, F1, i) + (N1318->N1349, F0, i)}
{(N3310, F1, i) + (N3330, F0, i) + (N2146, F1, i) + (N1730, F1, i) + (N1349, F1, i)}
{(N3310, F1, i) + (N3330, F0, i) + (N1151, F1, i) + (N1516, F1, i)(N2738,0,i) + (N2917, F1, i)(N3787,1,i)}
{(N3310, F1, i) + (N3330, F0, i) + (N1151, F1, i) + (N1516, F1, i)(N2738,0,i) + (N1318->N1349, F0, i)}
{(N3310, F1, i) + (N3330, F0, i) + (N1151, F1, i) + (N1516, F1, i)(N2738,0,i) + (N1349, F1, i)}
{(N3310, F1, i) + (N3330, F0, i) + (N1151, F1, i) + (N3763, F1, i)(N3537,0,i) + (N2917, F1, i)(N3787,1,i)}
{(N3310, F1, i) + (N3330, F0, i) + (N1151, F1, i) + (N3763, F1, i)(N3537,0,i) + (N1318->N1349, F0, i)}
{(N3310, F1, i) + (N3330, F0, i) + (N1151, F1, i) + (N3763, F1, i)(N3537,0,i) + (N1349, F1, i)}
{(N3310, F1, i) + (N3330, F0, i) + (N1151, F1, i) + (N2305->N2738, F0, i) + (N2917, F1, i)(N3787,1,i)}
{(N3310, F1, i) + (N3330, F0, i) + (N1151, F1, i) + (N2305->N2738, F0, i) + (N1318->N1349, F0, i)}
{(N3310, F1, i) + (N3330, F0, i) + (N1151, F1, i) + (N2305->N2738, F0, i) + (N1349, F1, i)}
{(N3310, F1, i) + (N3330, F0, i) + (N1151, F1, i) + (N2738, F1, i) + (N2917, F1, i)(N3787,1,i)}
{(N3310, F1, i) + (N3330, F0, i) + (N1151, F1, i) + (N2738, F1, i) + (N1318->N1349, F0, i)}
{(N3310, F1, i) + (N3330, F0, i) + (N1151, F1, i) + (N2738, F1, i) + (N1349, F1, i)}
{(N3310, F1, i) + (N3330, F0, i) + (N1151, F1, i) + (N524->N3537, F0, i) + (N2917, F1, i)(N3787,1,i)}
{(N3310, F1, i) + (N3330, F0, i) + (N1151, F1, i) + (N524->N3537, F0, i) + (N1318->N1349, F0, i)}
{(N3310, F1, i) + (N3330, F0, i) + (N1151, F1, i) + (N524->N3537, F0, i) + (N1349, F1, i)}
{(N3310, F1, i) + (N3330, F0, i) + (N1151, F1, i) + (N3537, F1, i) + (N2917, F1, i)(N3787,1,i)}
{(N3310, F1, i) + (N3330, F0, i) + (N1151, F1, i) + (N3537, F1, i) + (N1318->N1349, F0, i)}
{(N3310, F1, i) + (N3330, F0, i) + (N1151, F1, i) + (N3537, F1, i) + (N1349, F1, i)}
{(N3310, F1, i) + (N3330, F0, i) + (N1151, F1, i) + (N1481, F1, i)(N2872,1,i) + (N2917, F1, i)(N3787,1,i)}
{(N3310, F1, i) + (N3330, F0, i) + (N1151, F1, i) + (N1481, F1, i)(N2872,1,i) + (N1318->N1349, F0, i)}
{(N3310, F1, i) + (N3330, F0, i) + (N1151, F1, i) + (N1481, F1, i)(N2872,1,i) + (N1349, F1, i)}
{(N3310, F1, i) + (N3330, F0, i) + (N1151, F1, i) + (N16->N1730, F0, i) + (N2917, F1, i)(N3787,1,i)}
{(N3310, F1, i) + (N3330, F0, i) + (N1151, F1, i) + (N16->N1730, F0, i) + (N1318->N1349, F0, i)}
{(N3310, F1, i) + (N3330, F0, i) + (N1151, F1, i) + (N16->N1730, F0, i) + (N1349, F1, i)}
{(N3310, F1, i) + (N3330, F0, i) + (N1151, F1, i) + (N1730, F1, i) + (N2917, F1, i)(N3787,1,i)}
{(N3310, F1, i) + (N3330, F0, i) + (N1151, F1, i) + (N1730, F1, i) + (N1318->N1349, F0, i)}
{(N3310, F1, i) + (N3330, F0, i) + (N1151, F1, i) + (N1730, F1, i) + (N1349, F1, i)}
{(N3310, F1, i) + (N1450->N736, F0, i) + (N2146, F1, i) + (N1516, F1, i)(N2738,0,i) + (N2917, F1, i)(N3787,1,i)}
{(N3310, F1, i) + (N1450->N736, F0, i) + (N2146, F1, i) + (N1516, F1, i)(N2738,0,i) + (N1318->N1349, F0, i)}
{(N3310, F1, i) + (N1450->N736, F0, i) + (N2146, F1, i) + (N1516, F1, i)(N2738,0,i) + (N1349, F1, i)}
{(N3310, F1, i) + (N1450->N736, F0, i) + (N2146, F1, i) + (N3763, F1, i)(N3537,0,i) + (N2917, F1, i)(N3787,1,i)}
{(N3310, F1, i) + (N1450->N736, F0, i) + (N2146, F1, i) + (N3763, F1, i)(N3537,0,i) + (N1318->N1349, F0, i)}
{(N3310, F1, i) + (N1450->N736, F0, i) + (N2146, F1, i) + (N3763, F1, i)(N3537,0,i) + (N1349, F1, i)}
{(N3310, F1, i) + (N1450->N736, F0, i) + (N2146, F1, i) + (N2305->N2738, F0, i) + (N2917, F1, i)(N3787,1,i)}
{(N3310, F1, i) + (N1450->N736, F0, i) + (N2146, F1, i) + (N2305->N2738, F0, i) + (N1318->N1349, F0, i)}
{(N3310, F1, i) + (N1450->N736, F0, i) + (N2146, F1, i) + (N2305->N2738, F0, i) + (N1349, F1, i)}
{(N3310, F1, i) + (N1450->N736, F0, i) + (N2146, F1, i) + (N2738, F1, i) + (N2917, F1, i)(N3787,1,i)}
{(N3310, F1, i) + (N1450->N736, F0, i) + (N2146, F1, i) + (N2738, F1, i) + (N1318->N1349, F0, i)}
{(N3310, F1, i) + (N1450->N736, F0, i) + (N2146, F1, i) + (N2738, F1, i) + (N1349, F1, i)}
{(N3310, F1, i) + (N1450->N736, F0, i) + (N2146, F1, i) + (N524->N3537, F0, i) + (N2917, F1, i)(N3787,1,i)}
{(N3310, F1, i) + (N1450->N736, F0, i) + (N2146, F1, i) + (N524->N3537, F0, i) + (N1318->N1349, F0, i)}
{(N3310, F1, i) + (N1450->N736, F0, i) + (N2146, F1, i) + (N524->N3537, F0, i) + (N1349, F1, i)}
{(N3310, F1, i) + (N1450->N736, F0, i) + (N2146, F1, i) + (N3537, F1, i) + (N2917, F1, i)(N3787,1,i)}
{(N3310, F1, i) + (N1450->N736, F0, i) + (N2146, F1, i) + (N3537, F1, i) + (N1318->N1349, F0, i)}
{(N3310, F1, i) + (N1450->N736, F0, i) + (N2146, F1, i) + (N3537, F1, i) + (N1349, F1, i)}
{(N3310, F1, i) + (N1450->N736, F0, i) + (N2146, F1, i) + (N1481, F1, i)(N2872,1,i) + (N2917, F1, i)(N3787,1,i)}
{(N3310, F1, i) + (N1450->N736, F0, i) + (N2146, F1, i) + (N1481, F1, i)(N2872,1,i) + (N1318->N1349, F0, i)}
{(N3310, F1, i) + (N1450->N736, F0, i) + (N2146, F1, i) + (N1481, F1, i)(N2872,1,i) + (N1349, F1, i)}
{(N3310, F1, i) + (N1450->N736, F0, i) + (N2146, F1, i) + (N16->N1730, F0, i) + (N2917, F1, i)(N3787,1,i)}
{(N3310, F1, i) + (N1450->N736, F0, i) + (N2146, F1, i) + (N16->N1730, F0, i) + (N1318->N1349, F0, i)}
{(N3310, F1, i) + (N1450->N736, F0, i) + (N2146, F1, i) + (N16->N1730, F0, i) + (N1349, F1, i)}
{(N3310, F1, i) + (N1450->N736, F0, i) + (N2146, F1, i) + (N1730, F1, i) + (N2917, F1, i)(N3787,1,i)}
{(N3310, F1, i) + (N1450->N736, F0, i) + (N2146, F1, i) + (N1730, F1, i) + (N1318->N1349, F0, i)}
{(N3310, F1, i) + (N1450->N736, F0, i) + (N2146, F1, i) + (N1730, F1, i) + (N1349, F1, i)}
{(N3310, F1, i) + (N1450->N736, F0, i) + (N1151, F1, i) + (N1516, F1, i)(N2738,0,i) + (N2917, F1, i)(N3787,1,i)}
{(N3310, F1, i) + (N1450->N736, F0, i) + (N1151, F1, i) + (N1516, F1, i)(N2738,0,i) + (N1318->N1349, F0, i)}
{(N3310, F1, i) + (N1450->N736, F0, i) + (N1151, F1, i) + (N1516, F1, i)(N2738,0,i) + (N1349, F1, i)}
{(N3310, F1, i) + (N1450->N736, F0, i) + (N1151, F1, i) + (N3763, F1, i)(N3537,0,i) + (N2917, F1, i)(N3787,1,i)}
{(N3310, F1, i) + (N1450->N736, F0, i) + (N1151, F1, i) + (N3763, F1, i)(N3537,0,i) + (N1318->N1349, F0, i)}
{(N3310, F1, i) + (N1450->N736, F0, i) + (N1151, F1, i) + (N3763, F1, i)(N3537,0,i) + (N1349, F1, i)}
{(N3310, F1, i) + (N1450->N736, F0, i) + (N1151, F1, i) + (N2305->N2738, F0, i) + (N2917, F1, i)(N3787,1,i)}
{(N3310, F1, i) + (N1450->N736, F0, i) + (N1151, F1, i) + (N2305->N2738, F0, i) + (N1318->N1349, F0, i)}
{(N3310, F1, i) + (N1450->N736, F0, i) + (N1151, F1, i) + (N2305->N2738, F0, i) + (N1349, F1, i)}
{(N3310, F1, i) + (N1450->N736, F0, i) + (N1151, F1, i) + (N2738, F1, i) + (N2917, F1, i)(N3787,1,i)}
{(N3310, F1, i) + (N1450->N736, F0, i) + (N1151, F1, i) + (N2738, F1, i) + (N1318->N1349, F0, i)}
{(N3310, F1, i) + (N1450->N736, F0, i) + (N1151, F1, i) + (N2738, F1, i) + (N1349, F1, i)}
{(N3310, F1, i) + (N1450->N736, F0, i) + (N1151, F1, i) + (N524->N3537, F0, i) + (N2917, F1, i)(N3787,1,i)}
{(N3310, F1, i) + (N1450->N736, F0, i) + (N1151, F1, i) + (N524->N3537, F0, i) + (N1318->N1349, F0, i)}
{(N3310, F1, i) + (N1450->N736, F0, i) + (N1151, F1, i) + (N524->N3537, F0, i) + (N1349, F1, i)}
{(N3310, F1, i) + (N1450->N736, F0, i) + (N1151, F1, i) + (N3537, F1, i) + (N2917, F1, i)(N3787,1,i)}
{(N3310, F1, i) + (N1450->N736, F0, i) + (N1151, F1, i) + (N3537, F1, i) + (N1318->N1349, F0, i)}
{(N3310, F1, i) + (N1450->N736, F0, i) + (N1151, F1, i) + (N3537, F1, i) + (N1349, F1, i)}
{(N3310, F1, i) + (N1450->N736, F0, i) + (N1151, F1, i) + (N1481, F1, i)(N2872,1,i) + (N2917, F1, i)(N3787,1,i)}
{(N3310, F1, i) + (N1450->N736, F0, i) + (N1151, F1, i) + (N1481, F1, i)(N2872,1,i) + (N1318->N1349, F0, i)}
{(N3310, F1, i) + (N1450->N736, F0, i) + (N1151, F1, i) + (N1481, F1, i)(N2872,1,i) + (N1349, F1, i)}
{(N3310, F1, i) + (N1450->N736, F0, i) + (N1151, F1, i) + (N16->N1730, F0, i) + (N2917, F1, i)(N3787,1,i)}
{(N3310, F1, i) + (N1450->N736, F0, i) + (N1151, F1, i) + (N16->N1730, F0, i) + (N1318->N1349, F0, i)}
{(N3310, F1, i) + (N1450->N736, F0, i) + (N1151, F1, i) + (N16->N1730, F0, i) + (N1349, F1, i)}
{(N3310, F1, i) + (N1450->N736, F0, i) + (N1151, F1, i) + (N1730, F1, i) + (N2917, F1, i)(N3787,1,i)}
{(N3310, F1, i) + (N1450->N736, F0, i) + (N1151, F1, i) + (N1730, F1, i) + (N1318->N1349, F0, i)}
{(N3310, F1, i) + (N1450->N736, F0, i) + (N1151, F1, i) + (N1730, F1, i) + (N1349, F1, i)}
{(N3310, F1, i) + (N736, F0, i) + (N2146, F1, i) + (N1516, F1, i)(N2738,0,i) + (N2917, F1, i)(N3787,1,i)}
{(N3310, F1, i) + (N736, F0, i) + (N2146, F1, i) + (N1516, F1, i)(N2738,0,i) + (N1318->N1349, F0, i)}
{(N3310, F1, i) + (N736, F0, i) + (N2146, F1, i) + (N1516, F1, i)(N2738,0,i) + (N1349, F1, i)}
{(N3310, F1, i) + (N736, F0, i) + (N2146, F1, i) + (N3763, F1, i)(N3537,0,i) + (N2917, F1, i)(N3787,1,i)}
{(N3310, F1, i) + (N736, F0, i) + (N2146, F1, i) + (N3763, F1, i)(N3537,0,i) + (N1318->N1349, F0, i)}
{(N3310, F1, i) + (N736, F0, i) + (N2146, F1, i) + (N3763, F1, i)(N3537,0,i) + (N1349, F1, i)}
{(N3310, F1, i) + (N736, F0, i) + (N2146, F1, i) + (N2305->N2738, F0, i) + (N2917, F1, i)(N3787,1,i)}
{(N3310, F1, i) + (N736, F0, i) + (N2146, F1, i) + (N2305->N2738, F0, i) + (N1318->N1349, F0, i)}
{(N3310, F1, i) + (N736, F0, i) + (N2146, F1, i) + (N2305->N2738, F0, i) + (N1349, F1, i)}
{(N3310, F1, i) + (N736, F0, i) + (N2146, F1, i) + (N2738, F1, i) + (N2917, F1, i)(N3787,1,i)}
{(N3310, F1, i) + (N736, F0, i) + (N2146, F1, i) + (N2738, F1, i) + (N1318->N1349, F0, i)}
{(N3310, F1, i) + (N736, F0, i) + (N2146, F1, i) + (N2738, F1, i) + (N1349, F1, i)}
{(N3310, F1, i) + (N736, F0, i) + (N2146, F1, i) + (N524->N3537, F0, i) + (N2917, F1, i)(N3787,1,i)}
{(N3310, F1, i) + (N736, F0, i) + (N2146, F1, i) + (N524->N3537, F0, i) + (N1318->N1349, F0, i)}
{(N3310, F1, i) + (N736, F0, i) + (N2146, F1, i) + (N524->N3537, F0, i) + (N1349, F1, i)}
{(N3310, F1, i) + (N736, F0, i) + (N2146, F1, i) + (N3537, F1, i) + (N2917, F1, i)(N3787,1,i)}
{(N3310, F1, i) + (N736, F0, i) + (N2146, F1, i) + (N3537, F1, i) + (N1318->N1349, F0, i)}
{(N3310, F1, i) + (N736, F0, i) + (N2146, F1, i) + (N3537, F1, i) + (N1349, F1, i)}
{(N3310, F1, i) + (N736, F0, i) + (N2146, F1, i) + (N1481, F1, i)(N2872,1,i) + (N2917, F1, i)(N3787,1,i)}
{(N3310, F1, i) + (N736, F0, i) + (N2146, F1, i) + (N1481, F1, i)(N2872,1,i) + (N1318->N1349, F0, i)}
{(N3310, F1, i) + (N736, F0, i) + (N2146, F1, i) + (N1481, F1, i)(N2872,1,i) + (N1349, F1, i)}
{(N3310, F1, i) + (N736, F0, i) + (N2146, F1, i) + (N16->N1730, F0, i) + (N2917, F1, i)(N3787,1,i)}
{(N3310, F1, i) + (N736, F0, i) + (N2146, F1, i) + (N16->N1730, F0, i) + (N1318->N1349, F0, i)}
{(N3310, F1, i) + (N736, F0, i) + (N2146, F1, i) + (N16->N1730, F0, i) + (N1349, F1, i)}
{(N3310, F1, i) + (N736, F0, i) + (N2146, F1, i) + (N1730, F1, i) + (N2917, F1, i)(N3787,1,i)}
{(N3310, F1, i) + (N736, F0, i) + (N2146, F1, i) + (N1730, F1, i) + (N1318->N1349, F0, i)}
{(N3310, F1, i) + (N736, F0, i) + (N2146, F1, i) + (N1730, F1, i) + (N1349, F1, i)}
{(N3310, F1, i) + (N736, F0, i) + (N1151, F1, i) + (N1516, F1, i)(N2738,0,i) + (N2917, F1, i)(N3787,1,i)}
{(N3310, F1, i) + (N736, F0, i) + (N1151, F1, i) + (N1516, F1, i)(N2738,0,i) + (N1318->N1349, F0, i)}
{(N3310, F1, i) + (N736, F0, i) + (N1151, F1, i) + (N1516, F1, i)(N2738,0,i) + (N1349, F1, i)}
{(N3310, F1, i) + (N736, F0, i) + (N1151, F1, i) + (N3763, F1, i)(N3537,0,i) + (N2917, F1, i)(N3787,1,i)}
{(N3310, F1, i) + (N736, F0, i) + (N1151, F1, i) + (N3763, F1, i)(N3537,0,i) + (N1318->N1349, F0, i)}
{(N3310, F1, i) + (N736, F0, i) + (N1151, F1, i) + (N3763, F1, i)(N3537,0,i) + (N1349, F1, i)}
{(N3310, F1, i) + (N736, F0, i) + (N1151, F1, i) + (N2305->N2738, F0, i) + (N2917, F1, i)(N3787,1,i)}
{(N3310, F1, i) + (N736, F0, i) + (N1151, F1, i) + (N2305->N2738, F0, i) + (N1318->N1349, F0, i)}
{(N3310, F1, i) + (N736, F0, i) + (N1151, F1, i) + (N2305->N2738, F0, i) + (N1349, F1, i)}
{(N3310, F1, i) + (N736, F0, i) + (N1151, F1, i) + (N2738, F1, i) + (N2917, F1, i)(N3787,1,i)}
{(N3310, F1, i) + (N736, F0, i) + (N1151, F1, i) + (N2738, F1, i) + (N1318->N1349, F0, i)}
{(N3310, F1, i) + (N736, F0, i) + (N1151, F1, i) + (N2738, F1, i) + (N1349, F1, i)}
{(N3310, F1, i) + (N736, F0, i) + (N1151, F1, i) + (N524->N3537, F0, i) + (N2917, F1, i)(N3787,1,i)}
{(N3310, F1, i) + (N736, F0, i) + (N1151, F1, i) + (N524->N3537, F0, i) + (N1318->N1349, F0, i)}
{(N3310, F1, i) + (N736, F0, i) + (N1151, F1, i) + (N524->N3537, F0, i) + (N1349, F1, i)}
{(N3310, F1, i) + (N736, F0, i) + (N1151, F1, i) + (N3537, F1, i) + (N2917, F1, i)(N3787,1,i)}
{(N3310, F1, i) + (N736, F0, i) + (N1151, F1, i) + (N3537, F1, i) + (N1318->N1349, F0, i)}
{(N3310, F1, i) + (N736, F0, i) + (N1151, F1, i) + (N3537, F1, i) + (N1349, F1, i)}
{(N3310, F1, i) + (N736, F0, i) + (N1151, F1, i) + (N1481, F1, i)(N2872,1,i) + (N2917, F1, i)(N3787,1,i)}
{(N3310, F1, i) + (N736, F0, i) + (N1151, F1, i) + (N1481, F1, i)(N2872,1,i) + (N1318->N1349, F0, i)}
{(N3310, F1, i) + (N736, F0, i) + (N1151, F1, i) + (N1481, F1, i)(N2872,1,i) + (N1349, F1, i)}
{(N3310, F1, i) + (N736, F0, i) + (N1151, F1, i) + (N16->N1730, F0, i) + (N2917, F1, i)(N3787,1,i)}
{(N3310, F1, i) + (N736, F0, i) + (N1151, F1, i) + (N16->N1730, F0, i) + (N1318->N1349, F0, i)}
{(N3310, F1, i) + (N736, F0, i) + (N1151, F1, i) + (N16->N1730, F0, i) + (N1349, F1, i)}
{(N3310, F1, i) + (N736, F0, i) + (N1151, F1, i) + (N1730, F1, i) + (N2917, F1, i)(N3787,1,i)}
{(N3310, F1, i) + (N736, F0, i) + (N1151, F1, i) + (N1730, F1, i) + (N1318->N1349, F0, i)}
{(N3310, F1, i) + (N736, F0, i) + (N1151, F1, i) + (N1730, F1, i) + (N1349, F1, i)}
{(N3310, F1, i) + (N2309->N1659, F1, i) + (N2146, F1, i) + (N1516, F1, i)(N2738,0,i) + (N2917, F1, i)(N3787,1,i)}
{(N3310, F1, i) + (N2309->N1659, F1, i) + (N2146, F1, i) + (N1516, F1, i)(N2738,0,i) + (N1318->N1349, F0, i)}
{(N3310, F1, i) + (N2309->N1659, F1, i) + (N2146, F1, i) + (N1516, F1, i)(N2738,0,i) + (N1349, F1, i)}
{(N3310, F1, i) + (N2309->N1659, F1, i) + (N2146, F1, i) + (N3763, F1, i)(N3537,0,i) + (N2917, F1, i)(N3787,1,i)}
{(N3310, F1, i) + (N2309->N1659, F1, i) + (N2146, F1, i) + (N3763, F1, i)(N3537,0,i) + (N1318->N1349, F0, i)}
{(N3310, F1, i) + (N2309->N1659, F1, i) + (N2146, F1, i) + (N3763, F1, i)(N3537,0,i) + (N1349, F1, i)}
{(N3310, F1, i) + (N2309->N1659, F1, i) + (N2146, F1, i) + (N2305->N2738, F0, i) + (N2917, F1, i)(N3787,1,i)}
{(N3310, F1, i) + (N2309->N1659, F1, i) + (N2146, F1, i) + (N2305->N2738, F0, i) + (N1318->N1349, F0, i)}
{(N3310, F1, i) + (N2309->N1659, F1, i) + (N2146, F1, i) + (N2305->N2738, F0, i) + (N1349, F1, i)}
{(N3310, F1, i) + (N2309->N1659, F1, i) + (N2146, F1, i) + (N2738, F1, i) + (N2917, F1, i)(N3787,1,i)}
{(N3310, F1, i) + (N2309->N1659, F1, i) + (N2146, F1, i) + (N2738, F1, i) + (N1318->N1349, F0, i)}
{(N3310, F1, i) + (N2309->N1659, F1, i) + (N2146, F1, i) + (N2738, F1, i) + (N1349, F1, i)}
{(N3310, F1, i) + (N2309->N1659, F1, i) + (N2146, F1, i) + (N524->N3537, F0, i) + (N2917, F1, i)(N3787,1,i)}
{(N3310, F1, i) + (N2309->N1659, F1, i) + (N2146, F1, i) + (N524->N3537, F0, i) + (N1318->N1349, F0, i)}
{(N3310, F1, i) + (N2309->N1659, F1, i) + (N2146, F1, i) + (N524->N3537, F0, i) + (N1349, F1, i)}
{(N3310, F1, i) + (N2309->N1659, F1, i) + (N2146, F1, i) + (N3537, F1, i) + (N2917, F1, i)(N3787,1,i)}
{(N3310, F1, i) + (N2309->N1659, F1, i) + (N2146, F1, i) + (N3537, F1, i) + (N1318->N1349, F0, i)}
{(N3310, F1, i) + (N2309->N1659, F1, i) + (N2146, F1, i) + (N3537, F1, i) + (N1349, F1, i)}
{(N3310, F1, i) + (N2309->N1659, F1, i) + (N2146, F1, i) + (N1481, F1, i)(N2872,1,i) + (N2917, F1, i)(N3787,1,i)}
{(N3310, F1, i) + (N2309->N1659, F1, i) + (N2146, F1, i) + (N1481, F1, i)(N2872,1,i) + (N1318->N1349, F0, i)}
{(N3310, F1, i) + (N2309->N1659, F1, i) + (N2146, F1, i) + (N1481, F1, i)(N2872,1,i) + (N1349, F1, i)}
{(N3310, F1, i) + (N2309->N1659, F1, i) + (N2146, F1, i) + (N16->N1730, F0, i) + (N2917, F1, i)(N3787,1,i)}
{(N3310, F1, i) + (N2309->N1659, F1, i) + (N2146, F1, i) + (N16->N1730, F0, i) + (N1318->N1349, F0, i)}
{(N3310, F1, i) + (N2309->N1659, F1, i) + (N2146, F1, i) + (N16->N1730, F0, i) + (N1349, F1, i)}
{(N3310, F1, i) + (N2309->N1659, F1, i) + (N2146, F1, i) + (N1730, F1, i) + (N2917, F1, i)(N3787,1,i)}
{(N3310, F1, i) + (N2309->N1659, F1, i) + (N2146, F1, i) + (N1730, F1, i) + (N1318->N1349, F0, i)}
{(N3310, F1, i) + (N2309->N1659, F1, i) + (N2146, F1, i) + (N1730, F1, i) + (N1349, F1, i)}
{(N3310, F1, i) + (N2309->N1659, F1, i) + (N1151, F1, i) + (N1516, F1, i)(N2738,0,i) + (N2917, F1, i)(N3787,1,i)}
{(N3310, F1, i) + (N2309->N1659, F1, i) + (N1151, F1, i) + (N1516, F1, i)(N2738,0,i) + (N1318->N1349, F0, i)}
{(N3310, F1, i) + (N2309->N1659, F1, i) + (N1151, F1, i) + (N1516, F1, i)(N2738,0,i) + (N1349, F1, i)}
{(N3310, F1, i) + (N2309->N1659, F1, i) + (N1151, F1, i) + (N3763, F1, i)(N3537,0,i) + (N2917, F1, i)(N3787,1,i)}
{(N3310, F1, i) + (N2309->N1659, F1, i) + (N1151, F1, i) + (N3763, F1, i)(N3537,0,i) + (N1318->N1349, F0, i)}
{(N3310, F1, i) + (N2309->N1659, F1, i) + (N1151, F1, i) + (N3763, F1, i)(N3537,0,i) + (N1349, F1, i)}
{(N3310, F1, i) + (N2309->N1659, F1, i) + (N1151, F1, i) + (N2305->N2738, F0, i) + (N2917, F1, i)(N3787,1,i)}
{(N3310, F1, i) + (N2309->N1659, F1, i) + (N1151, F1, i) + (N2305->N2738, F0, i) + (N1318->N1349, F0, i)}
{(N3310, F1, i) + (N2309->N1659, F1, i) + (N1151, F1, i) + (N2305->N2738, F0, i) + (N1349, F1, i)}
{(N3310, F1, i) + (N2309->N1659, F1, i) + (N1151, F1, i) + (N2738, F1, i) + (N2917, F1, i)(N3787,1,i)}
{(N3310, F1, i) + (N2309->N1659, F1, i) + (N1151, F1, i) + (N2738, F1, i) + (N1318->N1349, F0, i)}
{(N3310, F1, i) + (N2309->N1659, F1, i) + (N1151, F1, i) + (N2738, F1, i) + (N1349, F1, i)}
{(N3310, F1, i) + (N2309->N1659, F1, i) + (N1151, F1, i) + (N524->N3537, F0, i) + (N2917, F1, i)(N3787,1,i)}
{(N3310, F1, i) + (N2309->N1659, F1, i) + (N1151, F1, i) + (N524->N3537, F0, i) + (N1318->N1349, F0, i)}
{(N3310, F1, i) + (N2309->N1659, F1, i) + (N1151, F1, i) + (N524->N3537, F0, i) + (N1349, F1, i)}
{(N3310, F1, i) + (N2309->N1659, F1, i) + (N1151, F1, i) + (N3537, F1, i) + (N2917, F1, i)(N3787,1,i)}
{(N3310, F1, i) + (N2309->N1659, F1, i) + (N1151, F1, i) + (N3537, F1, i) + (N1318->N1349, F0, i)}
{(N3310, F1, i) + (N2309->N1659, F1, i) + (N1151, F1, i) + (N3537, F1, i) + (N1349, F1, i)}
{(N3310, F1, i) + (N2309->N1659, F1, i) + (N1151, F1, i) + (N1481, F1, i)(N2872,1,i) + (N2917, F1, i)(N3787,1,i)}
{(N3310, F1, i) + (N2309->N1659, F1, i) + (N1151, F1, i) + (N1481, F1, i)(N2872,1,i) + (N1318->N1349, F0, i)}
{(N3310, F1, i) + (N2309->N1659, F1, i) + (N1151, F1, i) + (N1481, F1, i)(N2872,1,i) + (N1349, F1, i)}
{(N3310, F1, i) + (N2309->N1659, F1, i) + (N1151, F1, i) + (N16->N1730, F0, i) + (N2917, F1, i)(N3787,1,i)}
{(N3310, F1, i) + (N2309->N1659, F1, i) + (N1151, F1, i) + (N16->N1730, F0, i) + (N1318->N1349, F0, i)}
{(N3310, F1, i) + (N2309->N1659, F1, i) + (N1151, F1, i) + (N16->N1730, F0, i) + (N1349, F1, i)}
{(N3310, F1, i) + (N2309->N1659, F1, i) + (N1151, F1, i) + (N1730, F1, i) + (N2917, F1, i)(N3787,1,i)}
{(N3310, F1, i) + (N2309->N1659, F1, i) + (N1151, F1, i) + (N1730, F1, i) + (N1318->N1349, F0, i)}
{(N3310, F1, i) + (N2309->N1659, F1, i) + (N1151, F1, i) + (N1730, F1, i) + (N1349, F1, i)}
{(N3310, F1, i) + (N1659, F0, i) + (N2146, F1, i) + (N1516, F1, i)(N2738,0,i) + (N2917, F1, i)(N3787,1,i)}
{(N3310, F1, i) + (N1659, F0, i) + (N2146, F1, i) + (N1516, F1, i)(N2738,0,i) + (N1318->N1349, F0, i)}
{(N3310, F1, i) + (N1659, F0, i) + (N2146, F1, i) + (N1516, F1, i)(N2738,0,i) + (N1349, F1, i)}
{(N3310, F1, i) + (N1659, F0, i) + (N2146, F1, i) + (N3763, F1, i)(N3537,0,i) + (N2917, F1, i)(N3787,1,i)}
{(N3310, F1, i) + (N1659, F0, i) + (N2146, F1, i) + (N3763, F1, i)(N3537,0,i) + (N1318->N1349, F0, i)}
{(N3310, F1, i) + (N1659, F0, i) + (N2146, F1, i) + (N3763, F1, i)(N3537,0,i) + (N1349, F1, i)}
{(N3310, F1, i) + (N1659, F0, i) + (N2146, F1, i) + (N2305->N2738, F0, i) + (N2917, F1, i)(N3787,1,i)}
{(N3310, F1, i) + (N1659, F0, i) + (N2146, F1, i) + (N2305->N2738, F0, i) + (N1318->N1349, F0, i)}
{(N3310, F1, i) + (N1659, F0, i) + (N2146, F1, i) + (N2305->N2738, F0, i) + (N1349, F1, i)}
{(N3310, F1, i) + (N1659, F0, i) + (N2146, F1, i) + (N2738, F1, i) + (N2917, F1, i)(N3787,1,i)}
{(N3310, F1, i) + (N1659, F0, i) + (N2146, F1, i) + (N2738, F1, i) + (N1318->N1349, F0, i)}
{(N3310, F1, i) + (N1659, F0, i) + (N2146, F1, i) + (N2738, F1, i) + (N1349, F1, i)}
{(N3310, F1, i) + (N1659, F0, i) + (N2146, F1, i) + (N524->N3537, F0, i) + (N2917, F1, i)(N3787,1,i)}
{(N3310, F1, i) + (N1659, F0, i) + (N2146, F1, i) + (N524->N3537, F0, i) + (N1318->N1349, F0, i)}
{(N3310, F1, i) + (N1659, F0, i) + (N2146, F1, i) + (N524->N3537, F0, i) + (N1349, F1, i)}
{(N3310, F1, i) + (N1659, F0, i) + (N2146, F1, i) + (N3537, F1, i) + (N2917, F1, i)(N3787,1,i)}
{(N3310, F1, i) + (N1659, F0, i) + (N2146, F1, i) + (N3537, F1, i) + (N1318->N1349, F0, i)}
{(N3310, F1, i) + (N1659, F0, i) + (N2146, F1, i) + (N3537, F1, i) + (N1349, F1, i)}
{(N3310, F1, i) + (N1659, F0, i) + (N2146, F1, i) + (N1481, F1, i)(N2872,1,i) + (N2917, F1, i)(N3787,1,i)}
{(N3310, F1, i) + (N1659, F0, i) + (N2146, F1, i) + (N1481, F1, i)(N2872,1,i) + (N1318->N1349, F0, i)}
{(N3310, F1, i) + (N1659, F0, i) + (N2146, F1, i) + (N1481, F1, i)(N2872,1,i) + (N1349, F1, i)}
{(N3310, F1, i) + (N1659, F0, i) + (N2146, F1, i) + (N16->N1730, F0, i) + (N2917, F1, i)(N3787,1,i)}
{(N3310, F1, i) + (N1659, F0, i) + (N2146, F1, i) + (N16->N1730, F0, i) + (N1318->N1349, F0, i)}
{(N3310, F1, i) + (N1659, F0, i) + (N2146, F1, i) + (N16->N1730, F0, i) + (N1349, F1, i)}
{(N3310, F1, i) + (N1659, F0, i) + (N2146, F1, i) + (N1730, F1, i) + (N2917, F1, i)(N3787,1,i)}
{(N3310, F1, i) + (N1659, F0, i) + (N2146, F1, i) + (N1730, F1, i) + (N1318->N1349, F0, i)}
{(N3310, F1, i) + (N1659, F0, i) + (N2146, F1, i) + (N1730, F1, i) + (N1349, F1, i)}
{(N3310, F1, i) + (N1659, F0, i) + (N1151, F1, i) + (N1516, F1, i)(N2738,0,i) + (N2917, F1, i)(N3787,1,i)}
{(N3310, F1, i) + (N1659, F0, i) + (N1151, F1, i) + (N1516, F1, i)(N2738,0,i) + (N1318->N1349, F0, i)}
{(N3310, F1, i) + (N1659, F0, i) + (N1151, F1, i) + (N1516, F1, i)(N2738,0,i) + (N1349, F1, i)}
{(N3310, F1, i) + (N1659, F0, i) + (N1151, F1, i) + (N3763, F1, i)(N3537,0,i) + (N2917, F1, i)(N3787,1,i)}
{(N3310, F1, i) + (N1659, F0, i) + (N1151, F1, i) + (N3763, F1, i)(N3537,0,i) + (N1318->N1349, F0, i)}
{(N3310, F1, i) + (N1659, F0, i) + (N1151, F1, i) + (N3763, F1, i)(N3537,0,i) + (N1349, F1, i)}
{(N3310, F1, i) + (N1659, F0, i) + (N1151, F1, i) + (N2305->N2738, F0, i) + (N2917, F1, i)(N3787,1,i)}
{(N3310, F1, i) + (N1659, F0, i) + (N1151, F1, i) + (N2305->N2738, F0, i) + (N1318->N1349, F0, i)}
{(N3310, F1, i) + (N1659, F0, i) + (N1151, F1, i) + (N2305->N2738, F0, i) + (N1349, F1, i)}
{(N3310, F1, i) + (N1659, F0, i) + (N1151, F1, i) + (N2738, F1, i) + (N2917, F1, i)(N3787,1,i)}
{(N3310, F1, i) + (N1659, F0, i) + (N1151, F1, i) + (N2738, F1, i) + (N1318->N1349, F0, i)}
{(N3310, F1, i) + (N1659, F0, i) + (N1151, F1, i) + (N2738, F1, i) + (N1349, F1, i)}
{(N3310, F1, i) + (N1659, F0, i) + (N1151, F1, i) + (N524->N3537, F0, i) + (N2917, F1, i)(N3787,1,i)}
{(N3310, F1, i) + (N1659, F0, i) + (N1151, F1, i) + (N524->N3537, F0, i) + (N1318->N1349, F0, i)}
{(N3310, F1, i) + (N1659, F0, i) + (N1151, F1, i) + (N524->N3537, F0, i) + (N1349, F1, i)}
{(N3310, F1, i) + (N1659, F0, i) + (N1151, F1, i) + (N3537, F1, i) + (N2917, F1, i)(N3787,1,i)}
{(N3310, F1, i) + (N1659, F0, i) + (N1151, F1, i) + (N3537, F1, i) + (N1318->N1349, F0, i)}
{(N3310, F1, i) + (N1659, F0, i) + (N1151, F1, i) + (N3537, F1, i) + (N1349, F1, i)}
{(N3310, F1, i) + (N1659, F0, i) + (N1151, F1, i) + (N1481, F1, i)(N2872,1,i) + (N2917, F1, i)(N3787,1,i)}
{(N3310, F1, i) + (N1659, F0, i) + (N1151, F1, i) + (N1481, F1, i)(N2872,1,i) + (N1318->N1349, F0, i)}
{(N3310, F1, i) + (N1659, F0, i) + (N1151, F1, i) + (N1481, F1, i)(N2872,1,i) + (N1349, F1, i)}
{(N3310, F1, i) + (N1659, F0, i) + (N1151, F1, i) + (N16->N1730, F0, i) + (N2917, F1, i)(N3787,1,i)}
{(N3310, F1, i) + (N1659, F0, i) + (N1151, F1, i) + (N16->N1730, F0, i) + (N1318->N1349, F0, i)}
{(N3310, F1, i) + (N1659, F0, i) + (N1151, F1, i) + (N16->N1730, F0, i) + (N1349, F1, i)}
{(N3310, F1, i) + (N1659, F0, i) + (N1151, F1, i) + (N1730, F1, i) + (N2917, F1, i)(N3787,1,i)}
{(N3310, F1, i) + (N1659, F0, i) + (N1151, F1, i) + (N1730, F1, i) + (N1318->N1349, F0, i)}
{(N3310, F1, i) + (N1659, F0, i) + (N1151, F1, i) + (N1730, F1, i) + (N1349, F1, i)}
{(N3310, F1, i) + (N62->N2013, F1, i) + (N2146, F1, i) + (N1516, F1, i)(N2738,0,i) + (N2917, F1, i)(N3787,1,i)}
{(N3310, F1, i) + (N62->N2013, F1, i) + (N2146, F1, i) + (N1516, F1, i)(N2738,0,i) + (N1318->N1349, F0, i)}
{(N3310, F1, i) + (N62->N2013, F1, i) + (N2146, F1, i) + (N1516, F1, i)(N2738,0,i) + (N1349, F1, i)}
{(N3310, F1, i) + (N62->N2013, F1, i) + (N2146, F1, i) + (N3763, F1, i)(N3537,0,i) + (N2917, F1, i)(N3787,1,i)}
{(N3310, F1, i) + (N62->N2013, F1, i) + (N2146, F1, i) + (N3763, F1, i)(N3537,0,i) + (N1318->N1349, F0, i)}
{(N3310, F1, i) + (N62->N2013, F1, i) + (N2146, F1, i) + (N3763, F1, i)(N3537,0,i) + (N1349, F1, i)}
{(N3310, F1, i) + (N62->N2013, F1, i) + (N2146, F1, i) + (N2305->N2738, F0, i) + (N2917, F1, i)(N3787,1,i)}
{(N3310, F1, i) + (N62->N2013, F1, i) + (N2146, F1, i) + (N2305->N2738, F0, i) + (N1318->N1349, F0, i)}
{(N3310, F1, i) + (N62->N2013, F1, i) + (N2146, F1, i) + (N2305->N2738, F0, i) + (N1349, F1, i)}
{(N3310, F1, i) + (N62->N2013, F1, i) + (N2146, F1, i) + (N2738, F1, i) + (N2917, F1, i)(N3787,1,i)}
{(N3310, F1, i) + (N62->N2013, F1, i) + (N2146, F1, i) + (N2738, F1, i) + (N1318->N1349, F0, i)}
{(N3310, F1, i) + (N62->N2013, F1, i) + (N2146, F1, i) + (N2738, F1, i) + (N1349, F1, i)}
{(N3310, F1, i) + (N62->N2013, F1, i) + (N2146, F1, i) + (N524->N3537, F0, i) + (N2917, F1, i)(N3787,1,i)}
{(N3310, F1, i) + (N62->N2013, F1, i) + (N2146, F1, i) + (N524->N3537, F0, i) + (N1318->N1349, F0, i)}
{(N3310, F1, i) + (N62->N2013, F1, i) + (N2146, F1, i) + (N524->N3537, F0, i) + (N1349, F1, i)}
{(N3310, F1, i) + (N62->N2013, F1, i) + (N2146, F1, i) + (N3537, F1, i) + (N2917, F1, i)(N3787,1,i)}
{(N3310, F1, i) + (N62->N2013, F1, i) + (N2146, F1, i) + (N3537, F1, i) + (N1318->N1349, F0, i)}
{(N3310, F1, i) + (N62->N2013, F1, i) + (N2146, F1, i) + (N3537, F1, i) + (N1349, F1, i)}
{(N3310, F1, i) + (N62->N2013, F1, i) + (N2146, F1, i) + (N1481, F1, i)(N2872,1,i) + (N2917, F1, i)(N3787,1,i)}
{(N3310, F1, i) + (N62->N2013, F1, i) + (N2146, F1, i) + (N1481, F1, i)(N2872,1,i) + (N1318->N1349, F0, i)}
{(N3310, F1, i) + (N62->N2013, F1, i) + (N2146, F1, i) + (N1481, F1, i)(N2872,1,i) + (N1349, F1, i)}
{(N3310, F1, i) + (N62->N2013, F1, i) + (N2146, F1, i) + (N16->N1730, F0, i) + (N2917, F1, i)(N3787,1,i)}
{(N3310, F1, i) + (N62->N2013, F1, i) + (N2146, F1, i) + (N16->N1730, F0, i) + (N1318->N1349, F0, i)}
{(N3310, F1, i) + (N62->N2013, F1, i) + (N2146, F1, i) + (N16->N1730, F0, i) + (N1349, F1, i)}
{(N3310, F1, i) + (N62->N2013, F1, i) + (N2146, F1, i) + (N1730, F1, i) + (N2917, F1, i)(N3787,1,i)}
{(N3310, F1, i) + (N62->N2013, F1, i) + (N2146, F1, i) + (N1730, F1, i) + (N1318->N1349, F0, i)}
{(N3310, F1, i) + (N62->N2013, F1, i) + (N2146, F1, i) + (N1730, F1, i) + (N1349, F1, i)}
{(N3310, F1, i) + (N62->N2013, F1, i) + (N1151, F1, i) + (N1516, F1, i)(N2738,0,i) + (N2917, F1, i)(N3787,1,i)}
{(N3310, F1, i) + (N62->N2013, F1, i) + (N1151, F1, i) + (N1516, F1, i)(N2738,0,i) + (N1318->N1349, F0, i)}
{(N3310, F1, i) + (N62->N2013, F1, i) + (N1151, F1, i) + (N1516, F1, i)(N2738,0,i) + (N1349, F1, i)}
{(N3310, F1, i) + (N62->N2013, F1, i) + (N1151, F1, i) + (N3763, F1, i)(N3537,0,i) + (N2917, F1, i)(N3787,1,i)}
{(N3310, F1, i) + (N62->N2013, F1, i) + (N1151, F1, i) + (N3763, F1, i)(N3537,0,i) + (N1318->N1349, F0, i)}
{(N3310, F1, i) + (N62->N2013, F1, i) + (N1151, F1, i) + (N3763, F1, i)(N3537,0,i) + (N1349, F1, i)}
{(N3310, F1, i) + (N62->N2013, F1, i) + (N1151, F1, i) + (N2305->N2738, F0, i) + (N2917, F1, i)(N3787,1,i)}
{(N3310, F1, i) + (N62->N2013, F1, i) + (N1151, F1, i) + (N2305->N2738, F0, i) + (N1318->N1349, F0, i)}
{(N3310, F1, i) + (N62->N2013, F1, i) + (N1151, F1, i) + (N2305->N2738, F0, i) + (N1349, F1, i)}
{(N3310, F1, i) + (N62->N2013, F1, i) + (N1151, F1, i) + (N2738, F1, i) + (N2917, F1, i)(N3787,1,i)}
{(N3310, F1, i) + (N62->N2013, F1, i) + (N1151, F1, i) + (N2738, F1, i) + (N1318->N1349, F0, i)}
{(N3310, F1, i) + (N62->N2013, F1, i) + (N1151, F1, i) + (N2738, F1, i) + (N1349, F1, i)}
{(N3310, F1, i) + (N62->N2013, F1, i) + (N1151, F1, i) + (N524->N3537, F0, i) + (N2917, F1, i)(N3787,1,i)}
{(N3310, F1, i) + (N62->N2013, F1, i) + (N1151, F1, i) + (N524->N3537, F0, i) + (N1318->N1349, F0, i)}
{(N3310, F1, i) + (N62->N2013, F1, i) + (N1151, F1, i) + (N524->N3537, F0, i) + (N1349, F1, i)}
{(N3310, F1, i) + (N62->N2013, F1, i) + (N1151, F1, i) + (N3537, F1, i) + (N2917, F1, i)(N3787,1,i)}
{(N3310, F1, i) + (N62->N2013, F1, i) + (N1151, F1, i) + (N3537, F1, i) + (N1318->N1349, F0, i)}
{(N3310, F1, i) + (N62->N2013, F1, i) + (N1151, F1, i) + (N3537, F1, i) + (N1349, F1, i)}
{(N3310, F1, i) + (N62->N2013, F1, i) + (N1151, F1, i) + (N1481, F1, i)(N2872,1,i) + (N2917, F1, i)(N3787,1,i)}
{(N3310, F1, i) + (N62->N2013, F1, i) + (N1151, F1, i) + (N1481, F1, i)(N2872,1,i) + (N1318->N1349, F0, i)}
{(N3310, F1, i) + (N62->N2013, F1, i) + (N1151, F1, i) + (N1481, F1, i)(N2872,1,i) + (N1349, F1, i)}
{(N3310, F1, i) + (N62->N2013, F1, i) + (N1151, F1, i) + (N16->N1730, F0, i) + (N2917, F1, i)(N3787,1,i)}
{(N3310, F1, i) + (N62->N2013, F1, i) + (N1151, F1, i) + (N16->N1730, F0, i) + (N1318->N1349, F0, i)}
{(N3310, F1, i) + (N62->N2013, F1, i) + (N1151, F1, i) + (N16->N1730, F0, i) + (N1349, F1, i)}
{(N3310, F1, i) + (N62->N2013, F1, i) + (N1151, F1, i) + (N1730, F1, i) + (N2917, F1, i)(N3787,1,i)}
{(N3310, F1, i) + (N62->N2013, F1, i) + (N1151, F1, i) + (N1730, F1, i) + (N1318->N1349, F0, i)}
{(N3310, F1, i) + (N62->N2013, F1, i) + (N1151, F1, i) + (N1730, F1, i) + (N1349, F1, i)}
{(N3310, F1, i) + (N2013, F1, i)(N132,1,i) + (N2146, F1, i) + (N1516, F1, i)(N2738,0,i) + (N2917, F1, i)(N3787,1,i)}
{(N3310, F1, i) + (N2013, F1, i)(N132,1,i) + (N2146, F1, i) + (N1516, F1, i)(N2738,0,i) + (N1318->N1349, F0, i)}
{(N3310, F1, i) + (N2013, F1, i)(N132,1,i) + (N2146, F1, i) + (N1516, F1, i)(N2738,0,i) + (N1349, F1, i)}
{(N3310, F1, i) + (N2013, F1, i)(N132,1,i) + (N2146, F1, i) + (N3763, F1, i)(N3537,0,i) + (N2917, F1, i)(N3787,1,i)}
{(N3310, F1, i) + (N2013, F1, i)(N132,1,i) + (N2146, F1, i) + (N3763, F1, i)(N3537,0,i) + (N1318->N1349, F0, i)}
{(N3310, F1, i) + (N2013, F1, i)(N132,1,i) + (N2146, F1, i) + (N3763, F1, i)(N3537,0,i) + (N1349, F1, i)}
{(N3310, F1, i) + (N2013, F1, i)(N132,1,i) + (N2146, F1, i) + (N2305->N2738, F0, i) + (N2917, F1, i)(N3787,1,i)}
{(N3310, F1, i) + (N2013, F1, i)(N132,1,i) + (N2146, F1, i) + (N2305->N2738, F0, i) + (N1318->N1349, F0, i)}
{(N3310, F1, i) + (N2013, F1, i)(N132,1,i) + (N2146, F1, i) + (N2305->N2738, F0, i) + (N1349, F1, i)}
{(N3310, F1, i) + (N2013, F1, i)(N132,1,i) + (N2146, F1, i) + (N2738, F1, i) + (N2917, F1, i)(N3787,1,i)}
{(N3310, F1, i) + (N2013, F1, i)(N132,1,i) + (N2146, F1, i) + (N2738, F1, i) + (N1318->N1349, F0, i)}
{(N3310, F1, i) + (N2013, F1, i)(N132,1,i) + (N2146, F1, i) + (N2738, F1, i) + (N1349, F1, i)}
{(N3310, F1, i) + (N2013, F1, i)(N132,1,i) + (N2146, F1, i) + (N524->N3537, F0, i) + (N2917, F1, i)(N3787,1,i)}
{(N3310, F1, i) + (N2013, F1, i)(N132,1,i) + (N2146, F1, i) + (N524->N3537, F0, i) + (N1318->N1349, F0, i)}
{(N3310, F1, i) + (N2013, F1, i)(N132,1,i) + (N2146, F1, i) + (N524->N3537, F0, i) + (N1349, F1, i)}
{(N3310, F1, i) + (N2013, F1, i)(N132,1,i) + (N2146, F1, i) + (N3537, F1, i) + (N2917, F1, i)(N3787,1,i)}
{(N3310, F1, i) + (N2013, F1, i)(N132,1,i) + (N2146, F1, i) + (N3537, F1, i) + (N1318->N1349, F0, i)}
{(N3310, F1, i) + (N2013, F1, i)(N132,1,i) + (N2146, F1, i) + (N3537, F1, i) + (N1349, F1, i)}
{(N3310, F1, i) + (N2013, F1, i)(N132,1,i) + (N2146, F1, i) + (N1481, F1, i)(N2872,1,i) + (N2917, F1, i)(N3787,1,i)}
{(N3310, F1, i) + (N2013, F1, i)(N132,1,i) + (N2146, F1, i) + (N1481, F1, i)(N2872,1,i) + (N1318->N1349, F0, i)}
{(N3310, F1, i) + (N2013, F1, i)(N132,1,i) + (N2146, F1, i) + (N1481, F1, i)(N2872,1,i) + (N1349, F1, i)}
{(N3310, F1, i) + (N2013, F1, i)(N132,1,i) + (N2146, F1, i) + (N16->N1730, F0, i) + (N2917, F1, i)(N3787,1,i)}
{(N3310, F1, i) + (N2013, F1, i)(N132,1,i) + (N2146, F1, i) + (N16->N1730, F0, i) + (N1318->N1349, F0, i)}
{(N3310, F1, i) + (N2013, F1, i)(N132,1,i) + (N2146, F1, i) + (N16->N1730, F0, i) + (N1349, F1, i)}
{(N3310, F1, i) + (N2013, F1, i)(N132,1,i) + (N2146, F1, i) + (N1730, F1, i) + (N2917, F1, i)(N3787,1,i)}
{(N3310, F1, i) + (N2013, F1, i)(N132,1,i) + (N2146, F1, i) + (N1730, F1, i) + (N1318->N1349, F0, i)}
{(N3310, F1, i) + (N2013, F1, i)(N132,1,i) + (N2146, F1, i) + (N1730, F1, i) + (N1349, F1, i)}
{(N3310, F1, i) + (N2013, F1, i)(N132,1,i) + (N1151, F1, i) + (N1516, F1, i)(N2738,0,i) + (N2917, F1, i)(N3787,1,i)}
{(N3310, F1, i) + (N2013, F1, i)(N132,1,i) + (N1151, F1, i) + (N1516, F1, i)(N2738,0,i) + (N1318->N1349, F0, i)}
{(N3310, F1, i) + (N2013, F1, i)(N132,1,i) + (N1151, F1, i) + (N1516, F1, i)(N2738,0,i) + (N1349, F1, i)}
{(N3310, F1, i) + (N2013, F1, i)(N132,1,i) + (N1151, F1, i) + (N3763, F1, i)(N3537,0,i) + (N2917, F1, i)(N3787,1,i)}
{(N3310, F1, i) + (N2013, F1, i)(N132,1,i) + (N1151, F1, i) + (N3763, F1, i)(N3537,0,i) + (N1318->N1349, F0, i)}
{(N3310, F1, i) + (N2013, F1, i)(N132,1,i) + (N1151, F1, i) + (N3763, F1, i)(N3537,0,i) + (N1349, F1, i)}
{(N3310, F1, i) + (N2013, F1, i)(N132,1,i) + (N1151, F1, i) + (N2305->N2738, F0, i) + (N2917, F1, i)(N3787,1,i)}
{(N3310, F1, i) + (N2013, F1, i)(N132,1,i) + (N1151, F1, i) + (N2305->N2738, F0, i) + (N1318->N1349, F0, i)}
{(N3310, F1, i) + (N2013, F1, i)(N132,1,i) + (N1151, F1, i) + (N2305->N2738, F0, i) + (N1349, F1, i)}
{(N3310, F1, i) + (N2013, F1, i)(N132,1,i) + (N1151, F1, i) + (N2738, F1, i) + (N2917, F1, i)(N3787,1,i)}
{(N3310, F1, i) + (N2013, F1, i)(N132,1,i) + (N1151, F1, i) + (N2738, F1, i) + (N1318->N1349, F0, i)}
{(N3310, F1, i) + (N2013, F1, i)(N132,1,i) + (N1151, F1, i) + (N2738, F1, i) + (N1349, F1, i)}
{(N3310, F1, i) + (N2013, F1, i)(N132,1,i) + (N1151, F1, i) + (N524->N3537, F0, i) + (N2917, F1, i)(N3787,1,i)}
{(N3310, F1, i) + (N2013, F1, i)(N132,1,i) + (N1151, F1, i) + (N524->N3537, F0, i) + (N1318->N1349, F0, i)}
{(N3310, F1, i) + (N2013, F1, i)(N132,1,i) + (N1151, F1, i) + (N524->N3537, F0, i) + (N1349, F1, i)}
{(N3310, F1, i) + (N2013, F1, i)(N132,1,i) + (N1151, F1, i) + (N3537, F1, i) + (N2917, F1, i)(N3787,1,i)}
{(N3310, F1, i) + (N2013, F1, i)(N132,1,i) + (N1151, F1, i) + (N3537, F1, i) + (N1318->N1349, F0, i)}
{(N3310, F1, i) + (N2013, F1, i)(N132,1,i) + (N1151, F1, i) + (N3537, F1, i) + (N1349, F1, i)}
{(N3310, F1, i) + (N2013, F1, i)(N132,1,i) + (N1151, F1, i) + (N1481, F1, i)(N2872,1,i) + (N2917, F1, i)(N3787,1,i)}
{(N3310, F1, i) + (N2013, F1, i)(N132,1,i) + (N1151, F1, i) + (N1481, F1, i)(N2872,1,i) + (N1318->N1349, F0, i)}
{(N3310, F1, i) + (N2013, F1, i)(N132,1,i) + (N1151, F1, i) + (N1481, F1, i)(N2872,1,i) + (N1349, F1, i)}
{(N3310, F1, i) + (N2013, F1, i)(N132,1,i) + (N1151, F1, i) + (N16->N1730, F0, i) + (N2917, F1, i)(N3787,1,i)}
{(N3310, F1, i) + (N2013, F1, i)(N132,1,i) + (N1151, F1, i) + (N16->N1730, F0, i) + (N1318->N1349, F0, i)}
{(N3310, F1, i) + (N2013, F1, i)(N132,1,i) + (N1151, F1, i) + (N16->N1730, F0, i) + (N1349, F1, i)}
{(N3310, F1, i) + (N2013, F1, i)(N132,1,i) + (N1151, F1, i) + (N1730, F1, i) + (N2917, F1, i)(N3787,1,i)}
{(N3310, F1, i) + (N2013, F1, i)(N132,1,i) + (N1151, F1, i) + (N1730, F1, i) + (N1318->N1349, F0, i)}
{(N3310, F1, i) + (N2013, F1, i)(N132,1,i) + (N1151, F1, i) + (N1730, F1, i) + (N1349, F1, i)}
