{(N2473, F1, i) + (N485, F1, i)(N2048,1,i) + (N1505, F1, i) + (N728, F1, i)(N2744,1,i) + (N1383, F1, i)(N584,1,i)}
{(N2473, F1, i) + (N485, F1, i)(N2048,1,i) + (N1505, F1, i) + (N728, F1, i)(N2744,1,i) + (N929->N3148, F0, i)}
{(N2473, F1, i) + (N485, F1, i)(N2048,1,i) + (N1505, F1, i) + (N728, F1, i)(N2744,1,i) + (N3148, F1, i)}
{(N2473, F1, i) + (N485, F1, i)(N2048,1,i) + (N1505, F1, i) + (N2263, F1, i)(N3495,0,i) + (N1383, F1, i)(N584,1,i)}
{(N2473, F1, i) + (N485, F1, i)(N2048,1,i) + (N1505, F1, i) + (N2263, F1, i)(N3495,0,i) + (N929->N3148, F0, i)}
{(N2473, F1, i) + (N485, F1, i)(N2048,1,i) + (N1505, F1, i) + (N2263, F1, i)(N3495,0,i) + (N3148, F1, i)}
{(N2473, F1, i) + (N485, F1, i)(N2048,1,i) + (N1505, F1, i) + (N540->N2056, F0, i) + (N1383, F1, i)(N584,1,i)}
{(N2473, F1, i) + (N485, F1, i)(N2048,1,i) + (N1505, F1, i) + (N540->N2056, F0, i) + (N929->N3148, F0, i)}
{(N2473, F1, i) + (N485, F1, i)(N2048,1,i) + (N1505, F1, i) + (N540->N2056, F0, i) + (N3148, F1, i)}
{(N2473, F1, i) + (N485, F1, i)(N2048,1,i) + (N1505, F1, i) + (N2056, F1, i) + (N1383, F1, i)(N584,1,i)}
{(N2473, F1, i) + (N485, F1, i)(N2048,1,i) + (N1505, F1, i) + (N2056, F1, i) + (N929->N3148, F0, i)}
{(N2473, F1, i) + (N485, F1, i)(N2048,1,i) + (N1505, F1, i) + (N2056, F1, i) + (N3148, F1, i)}
{(N2473, F1, i) + (N485, F1, i)(N2048,1,i) + (N1505, F1, i) + (N2744->N3495, F0, i) + (N1383, F1, i)(N584,1,i)}
{(N2473, F1, i) + (N485, F1, i)(N2048,1,i) + (N1505, F1, i) + (N2744->N3495, F0, i) + (N929->N3148, F0, i)}
{(N2473, F1, i) + (N485, F1, i)(N2048,1,i) + (N1505, F1, i) + (N2744->N3495, F0, i) + (N3148, F1, i)}
{(N2473, F1, i) + (N485, F1, i)(N2048,1,i) + (N1505, F1, i) + (N3495, F1, i) + (N1383, F1, i)(N584,1,i)}
{(N2473, F1, i) + (N485, F1, i)(N2048,1,i) + (N1505, F1, i) + (N3495, F1, i) + (N929->N3148, F0, i)}
{(N2473, F1, i) + (N485, F1, i)(N2048,1,i) + (N1505, F1, i) + (N3495, F1, i) + (N3148, F1, i)}
{(N2473, F1, i) + (N485, F1, i)(N2048,1,i) + (N1505, F1, i) + (N6->N2572, F0, i) + (N1383, F1, i)(N584,1,i)}
{(N2473, F1, i) + (N485, F1, i)(N2048,1,i) + (N1505, F1, i) + (N6->N2572, F0, i) + (N929->N3148, F0, i)}
{(N2473, F1, i) + (N485, F1, i)(N2048,1,i) + (N1505, F1, i) + (N6->N2572, F0, i) + (N3148, F1, i)}
{(N2473, F1, i) + (N485, F1, i)(N2048,1,i) + (N1505, F1, i) + (N2572, F1, i) + (N1383, F1, i)(N584,1,i)}
{(N2473, F1, i) + (N485, F1, i)(N2048,1,i) + (N1505, F1, i) + (N2572, F1, i) + (N929->N3148, F0, i)}
{(N2473, F1, i) + (N485, F1, i)(N2048,1,i) + (N1505, F1, i) + (N2572, F1, i) + (N3148, F1, i)}
{(N2473, F1, i) + (N485, F1, i)(N2048,1,i) + (N3883, F1, i) + (N728, F1, i)(N2744,1,i) + (N1383, F1, i)(N584,1,i)}
{(N2473, F1, i) + (N485, F1, i)(N2048,1,i) + (N3883, F1, i) + (N728, F1, i)(N2744,1,i) + (N929->N3148, F0, i)}
{(N2473, F1, i) + (N485, F1, i)(N2048,1,i) + (N3883, F1, i) + (N728, F1, i)(N2744,1,i) + (N3148, F1, i)}
{(N2473, F1, i) + (N485, F1, i)(N2048,1,i) + (N3883, F1, i) + (N2263, F1, i)(N3495,0,i) + (N1383, F1, i)(N584,1,i)}
{(N2473, F1, i) + (N485, F1, i)(N2048,1,i) + (N3883, F1, i) + (N2263, F1, i)(N3495,0,i) + (N929->N3148, F0, i)}
{(N2473, F1, i) + (N485, F1, i)(N2048,1,i) + (N3883, F1, i) + (N2263, F1, i)(N3495,0,i) + (N3148, F1, i)}
{(N2473, F1, i) + (N485, F1, i)(N2048,1,i) + (N3883, F1, i) + (N540->N2056, F0, i) + (N1383, F1, i)(N584,1,i)}
{(N2473, F1, i) + (N485, F1, i)(N2048,1,i) + (N3883, F1, i) + (N540->N2056, F0, i) + (N929->N3148, F0, i)}
{(N2473, F1, i) + (N485, F1, i)(N2048,1,i) + (N3883, F1, i) + (N540->N2056, F0, i) + (N3148, F1, i)}
{(N2473, F1, i) + (N485, F1, i)(N2048,1,i) + (N3883, F1, i) + (N2056, F1, i) + (N1383, F1, i)(N584,1,i)}
{(N2473, F1, i) + (N485, F1, i)(N2048,1,i) + (N3883, F1, i) + (N2056, F1, i) + (N929->N3148, F0, i)}
{(N2473, F1, i) + (N485, F1, i)(N2048,1,i) + (N3883, F1, i) + (N2056, F1, i) + (N3148, F1, i)}
{(N2473, F1, i) + (N485, F1, i)(N2048,1,i) + (N3883, F1, i) + (N2744->N3495, F0, i) + (N1383, F1, i)(N584,1,i)}
{(N2473, F1, i) + (N485, F1, i)(N2048,1,i) + (N3883, F1, i) + (N2744->N3495, F0, i) + (N929->N3148, F0, i)}
{(N2473, F1, i) + (N485, F1, i)(N2048,1,i) + (N3883, F1, i) + (N2744->N3495, F0, i) + (N3148, F1, i)}
{(N2473, F1, i) + (N485, F1, i)(N2048,1,i) + (N3883, F1, i) + (N3495, F1, i) + (N1383, F1, i)(N584,1,i)}
{(N2473, F1, i) + (N485, F1, i)(N2048,1,i) + (N3883, F1, i) + (N3495, F1, i) + (N929->N3148, F0, i)}
{(N2473, F1, i) + (N485, F1, i)(N2048,1,i) + (N3883, F1, i) + (N3495, F1, i) + (N3148, F1, i)}
{(N2473, F1, i) + (N485, F1, i)(N2048,1,i) + (N3883, F1, i) + (N6->N2572, F0, i) + (N1383, F1, i)(N584,1,i)}
{(N2473, F1, i) + (N485, F1, i)(N2048,1,i) + (N3883, F1, i) + (N6->N2572, F0, i) + (N929->N3148, F0, i)}
{(N2473, F1, i) + (N485, F1, i)(N2048,1,i) + (N3883, F1, i) + (N6->N2572, F0, i) + (N3148, F1, i)}
{(N2473, F1, i) + (N485, F1, i)(N2048,1,i) + (N3883, F1, i) + (N2572, F1, i) + (N1383, F1, i)(N584,1,i)}
{(N2473, F1, i) + (N485, F1, i)(N2048,1,i) + (N3883, F1, i) + (N2572, F1, i) + (N929->N3148, F0, i)}
{(N2473, F1, i) + (N485, F1, i)(N2048,1,i) + (N3883, F1, i) + (N2572, F1, i) + (N3148, F1, i)}
{(N2473, F1, i) + (N2910, F1, i) + (N1505, F1, i) + (N728, F1, i)(N2744,1,i) + (N1383, F1, i)(N584,1,i)}
{(N2473, F1, i) + (N2910, F1, i) + (N1505, F1, i) + (N728, F1, i)(N2744,1,i) + (N929->N3148, F0, i)}
{(N2473, F1, i) + (N2910, F1, i) + (N1505, F1, i) + (N728, F1, i)(N2744,1,i) + (N3148, F1, i)}
{(N2473, F1, i) + (N2910, F1, i) + (N1505, F1, i) + (N2263, F1, i)(N3495,0,i) + (N1383, F1, i)(N584,1,i)}
{(N2473, F1, i) + (N2910, F1, i) + (N1505, F1, i) + (N2263, F1, i)(N3495,0,i) + (N929->N3148, F0, i)}
{(N2473, F1, i) + (N2910, F1, i) + (N1505, F1, i) + (N2263, F1, i)(N3495,0,i) + (N3148, F1, i)}
{(N2473, F1, i) + (N2910, F1, i) + (N1505, F1, i) + (N540->N2056, F0, i) + (N1383, F1, i)(N584,1,i)}
{(N2473, F1, i) + (N2910, F1, i) + (N1505, F1, i) + (N540->N2056, F0, i) + (N929->N3148, F0, i)}
{(N2473, F1, i) + (N2910, F1, i) + (N1505, F1, i) + (N540->N2056, F0, i) + (N3148, F1, i)}
{(N2473, F1, i) + (N2910, F1, i) + (N1505, F1, i) + (N2056, F1, i) + (N1383, F1, i)(N584,1,i)}
{(N2473, F1, i) + (N2910, F1, i) + (N1505, F1, i) + (N2056, F1, i) + (N929->N3148, F0, i)}
{(N2473, F1, i) + (N2910, F1, i) + (N1505, F1, i) + (N2056, F1, i) + (N3148, F1, i)}
{(N2473, F1, i) + (N2910, F1, i) + (N1505, F1, i) + (N2744->N3495, F0, i) + (N1383, F1, i)(N584,1,i)}
{(N2473, F1, i) + (N2910, F1, i) + (N1505, F1, i) + (N2744->N3495, F0, i) + (N929->N3148, F0, i)}
{(N2473, F1, i) + (N2910, F1, i) + (N1505, F1, i) + (N2744->N3495, F0, i) + (N3148, F1, i)}
{(N2473, F1, i) + (N2910, F1, i) + (N1505, F1, i) + (N3495, F1, i) + (N1383, F1, i)(N584,1,i)}
{(N2473, F1, i) + (N2910, F1, i) + (N1505, F1, i) + (N3495, F1, i) + (N929->N3148, F0, i)}
{(N2473, F1, i) + (N2910, F1, i) + (N1505, F1, i) + (N3495, F1, i) + (N3148, F1, i)}
{(N2473, F1, i) + (N2910, F1, i) + (N1505, F1, i) + (N6->N2572, F0, i) + (N1383, F1, i)(N584,1,i)}
{(N2473, F1, i) + (N2910, F1, i) + (N1505, F1, i) + (N6->N2572, F0, i) + (N929->N3148, F0, i)}
{(N2473, F1, i) + (N2910, F1, i) + (N1505, F1, i) + (N6->N2572, F0, i) + (N3148, F1, i)}
{(N2473, F1, i) + (N2910, F1, i) + (N1505, F1, i) + (N2572, F1, i) + (N1383, F1, i)(N584,1,i)}
{(N2473, F1, i) + (N2910, F1, i) + (N1505, F1, i) + (N2572, F1, i) + (N929->N3148, F0, i)}
{(N2473, F1, i) + (N2910, F1, i) + (N1505, F1, i) + (N2572, F1, i) + (N3148, F1, i)}
{(N2473, F1, i) + (N2910, F1, i) + (N3883, F1, i) + (N728, F1, i)(N2744,1,i) + (N1383, F1, i)(N584,1,i)}
{(N2473, F1, i) + (N2910, F1, i) + (N3883, F1, i) + (N728, F1, i)(N2744,1,i) + (N929->N3148, F0, i)}
{(N2473, F1, i) + (N2910, F1, i) + (N3883, F1, i) + (N728, F1, i)(N2744,1,i) + (N3148, F1, i)}
{(N2473, F1, i) + (N2910, F1, i) + (N3883, F1, i) + (N2263, F1, i)(N3495,0,i) + (N1383, F1, i)(N584,1,i)}
{(N2473, F1, i) + (N2910, F1, i) + (N3883, F1, i) + (N2263, F1, i)(N3495,0,i) + (N929->N3148, F0, i)}
{(N2473, F1, i) + (N2910, F1, i) + (N3883, F1, i) + (N2263, F1, i)(N3495,0,i) + (N3148, F1, i)}
{(N2473, F1, i) + (N2910, F1, i) + (N3883, F1, i) + (N540->N2056, F0, i) + (N1383, F1, i)(N584,1,i)}
{(N2473, F1, i) + (N2910, F1, i) + (N3883, F1, i) + (N540->N2056, F0, i) + (N929->N3148, F0, i)}
{(N2473, F1, i) + (N2910, F1, i) + (N3883, F1, i) + (N540->N2056, F0, i) + (N3148, F1, i)}
{(N2473, F1, i) + (N2910, F1, i) + (N3883, F1, i) + (N2056, F1, i) + (N1383, F1, i)(N584,1,i)}
{(N2473, F1, i) + (N2910, F1, i) + (N3883, F1, i) + (N2056, F1, i) + (N929->N3148, F0, i)}
{(N2473, F1, i) + (N2910, F1, i) + (N3883, F1, i) + (N2056, F1, i) + (N3148, F1, i)}
{(N2473, F1, i) + (N2910, F1, i) + (N3883, F1, i) + (N2744->N3495, F0, i) + (N1383, F1, i)(N584,1,i)}
{(N2473, F1, i) + (N2910, F1, i) + (N3883, F1, i) + (N2744->N3495, F0, i) + (N929->N3148, F0, i)}
{(N2473, F1, i) + (N2910, F1, i) + (N3883, F1, i) + (N2744->N3495, F0, i) + (N3148, F1, i)}
{(N2473, F1, i) + (N2910, F1, i) + (N3883, F1, i) + (N3495, F1, i) + (N1383, F1, i)(N584,1,i)}
{(N2473, F1, i) + (N2910, F1, i) + (N3883, F1, i) + (N3495, F1, i) + (N929->N3148, F0, i)}
{(N2473, F1, i) + (N2910, F1, i) + (N3883, F1, i) + (N3495, F1, i) + (N3148, F1, i)}
{(N2473, F1, i) + (N2910, F1, i) + (N3883, F1, i) + (N6->N2572, F0, i) + (N1383, F1, i)(N584,1,i)}
{(N2473, F1, i) + (N2910, F1, i) + (N3883, F1, i) + (N6->N2572, F0, i) + (N929->N3148, F0, i)}
{(N2473, F1, i) + (N2910, F1, i) + (N3883, F1, i) + (N6->N2572, F0, i) + (N3148, F1, i)}
{(N2473, F1, i) + (N2910, F1, i) + (N3883, F1, i) + (N2572, F1, i) + (N1383, F1, i)(N584,1,i)}
{(N2473, F1, i) + (N2910, F1, i) + (N3883, F1, i) + (N2572, F1, i) + (N929->N3148, F0, i)}
{(N2473, F1, i) + (N2910, F1, i) + (N3883, F1, i) + (N2572, F1, i) + (N3148, F1, i)}
{(N2473, F1, i) + (N827, F0, i) + (N1505, F1, i) + (N728, F1, i)(N2744,1,i) + (N1383, F1, i)(N584,1,i)}
{(N2473, F1, i) + (N827, F0, i) + (N1505, F1, i) + (N728, F1, i)(N2744,1,i) + (N929->N3148, F0, i)}
{(N2473, F1, i) + (N827, F0, i) + (N1505, F1, i) + (N728, F1, i)(N2744,1,i) + (N3148, F1, i)}
{(N2473, F1, i) + (N827, F0, i) + (N1505, F1, i) + (N2263, F1, i)(N3495,0,i) + (N1383, F1, i)(N584,1,i)}
{(N2473, F1, i) + (N827, F0, i) + (N1505, F1, i) + (N2263, F1, i)(N3495,0,i) + (N929->N3148, F0, i)}
{(N2473, F1, i) + (N827, F0, i) + (N1505, F1, i) + (N2263, F1, i)(N3495,0,i) + (N3148, F1, i)}
{(N2473, F1, i) + (N827, F0, i) + (N1505, F1, i) + (N540->N2056, F0, i) + (N1383, F1, i)(N584,1,i)}
{(N2473, F1, i) + (N827, F0, i) + (N1505, F1, i) + (N540->N2056, F0, i) + (N929->N3148, F0, i)}
{(N2473, F1, i) + (N827, F0, i) + (N1505, F1, i) + (N540->N2056, F0, i) + (N3148, F1, i)}
{(N2473, F1, i) + (N827, F0, i) + (N1505, F1, i) + (N2056, F1, i) + (N1383, F1, i)(N584,1,i)}
{(N2473, F1, i) + (N827, F0, i) + (N1505, F1, i) + (N2056, F1, i) + (N929->N3148, F0, i)}
{(N2473, F1, i) + (N827, F0, i) + (N1505, F1, i) + (N2056, F1, i) + (N3148, F1, i)}
{(N2473, F1, i) + (N827, F0, i) + (N1505, F1, i) + (N2744->N3495, F0, i) + (N1383, F1, i)(N584,1,i)}
{(N2473, F1, i) + (N827, F0, i) + (N1505, F1, i) + (N2744->N3495, F0, i) + (N929->N3148, F0, i)}
{(N2473, F1, i) + (N827, F0, i) + (N1505, F1, i) + (N2744->N3495, F0, i) + (N3148, F1, i)}
{(N2473, F1, i) + (N827, F0, i) + (N1505, F1, i) + (N3495, F1, i) + (N1383, F1, i)(N584,1,i)}
{(N2473, F1, i) + (N827, F0, i) + (N1505, F1, i) + (N3495, F1, i) + (N929->N3148, F0, i)}
{(N2473, F1, i) + (N827, F0, i) + (N1505, F1, i) + (N3495, F1, i) + (N3148, F1, i)}
{(N2473, F1, i) + (N827, F0, i) + (N1505, F1, i) + (N6->N2572, F0, i) + (N1383, F1, i)(N584,1,i)}
{(N2473, F1, i) + (N827, F0, i) + (N1505, F1, i) + (N6->N2572, F0, i) + (N929->N3148, F0, i)}
{(N2473, F1, i) + (N827, F0, i) + (N1505, F1, i) + (N6->N2572, F0, i) + (N3148, F1, i)}
{(N2473, F1, i) + (N827, F0, i) + (N1505, F1, i) + (N2572, F1, i) + (N1383, F1, i)(N584,1,i)}
{(N2473, F1, i) + (N827, F0, i) + (N1505, F1, i) + (N2572, F1, i) + (N929->N3148, F0, i)}
{(N2473, F1, i) + (N827, F0, i) + (N1505, F1, i) + (N2572, F1, i) + (N3148, F1, i)}
{(N2473, F1, i) + (N827, F0, i) + (N3883, F1, i) + (N728, F1, i)(N2744,1,i) + (N1383, F1, i)(N584,1,i)}
{(N2473, F1, i) + (N827, F0, i) + (N3883, F1, i) + (N728, F1, i)(N2744,1,i) + (N929->N3148, F0, i)}
{(N2473, F1, i) + (N827, F0, i) + (N3883, F1, i) + (N728, F1, i)(N2744,1,i) + (N3148, F1, i)}
{(N2473, F1, i) + (N827, F0, i) + (N3883, F1, i) + (N2263, F1, i)(N3495,0,i) + (N1383, F1, i)(N584,1,i)}
{(N2473, F1, i) + (N827, F0, i) + (N3883, F1, i) + (N2263, F1, i)(N3495,0,i) + (N929->N3148, F0, i)}
{(N2473, F1, i) + (N827, F0, i) + (N3883, F1, i) + (N2263, F1, i)(N3495,0,i) + (N3148, F1, i)}
{(N2473, F1, i) + (N827, F0, i) + (N3883, F1, i) + (N540->N2056, F0, i) + (N1383, F1, i)(N584,1,i)}
{(N2473, F1, i) + (N827, F0, i) + (N3883, F1, i) + (N540->N2056, F0, i) + (N929->N3148, F0, i)}
{(N2473, F1, i) + (N827, F0, i) + (N3883, F1, i) + (N540->N2056, F0, i) + (N3148, F1, i)}
{(N2473, F1, i) + (N827, F0, i) + (N3883, F1, i) + (N2056, F1, i) + (N1383, F1, i)(N584,1,i)}
{(N2473, F1, i) + (N827, F0, i) + (N3883, F1, i) + (N2056, F1, i) + (N929->N3148, F0, i)}
{(N2473, F1, i) + (N827, F0, i) + (N3883, F1, i) + (N2056, F1, i) + (N3148, F1, i)}
{(N2473, F1, i) + (N827, F0, i) + (N3883, F1, i) + (N2744->N3495, F0, i) + (N1383, F1, i)(N584,1,i)}
{(N2473, F1, i) + (N827, F0, i) + (N3883, F1, i) + (N2744->N3495, F0, i) + (N929->N3148, F0, i)}
{(N2473, F1, i) + (N827, F0, i) + (N3883, F1, i) + (N2744->N3495, F0, i) + (N3148, F1, i)}
{(N2473, F1, i) + (N827, F0, i) + (N3883, F1, i) + (N3495, F1, i) + (N1383, F1, i)(N584,1,i)}
{(N2473, F1, i) + (N827, F0, i) + (N3883, F1, i) + (N3495, F1, i) + (N929->N3148, F0, i)}
{(N2473, F1, i) + (N827, F0, i) + (N3883, F1, i) + (N3495, F1, i) + (N3148, F1, i)}
{(N2473, F1, i) + (N827, F0, i) + (N3883, F1, i) + (N6->N2572, F0, i) + (N1383, F1, i)(N584,1,i)}
{(N2473, F1, i) + (N827, F0, i) + (N3883, F1, i) + (N6->N2572, F0, i) + (N929->N3148, F0, i)}
{(N2473, F1, i) + (N827, F0, i) + (N3883, F1, i) + (N6->N2572, F0, i) + (N3148, F1, i)}
{(N2473, F1, i) + (N827, F0, i) + (N3883, F1, i) + (N2572, F1, i) + (N1383, F1, i)(N584,1,i)}
{(N2473, F1, i) + (N827, F0, i) + (N3883, F1, i) + (N2572, F1, i) + (N929->N3148, F0, i)}
{(N2473, F1, i) + (N827, F0, i) + (N3883, F1, i) + (N2572, F1, i) + (N3148, F1, i)}
{(N2473, F1, i) + (N2561->N2564, F0, i) + (N1505, F1, i) + (N728, F1, i)(N2744,1,i) + (N1383, F1, i)(N584,1,i)}
{(N2473, F1, i) + (N2561->N2564, F0, i) + (N1505, F1, i) + (N728, F1, i)(N2744,1,i) + (N929->N3148, F0, i)}
{(N2473, F1, i) + (N2561->N2564, F0, i) + (N1505, F1, i) + (N728, F1, i)(N2744,1,i) + (N3148, F1, i)}
{(N2473, F1, i) + (N2561->N2564, F0, i) + (N1505, F1, i) + (N2263, F1, i)(N3495,0,i) + (N1383, F1, i)(N584,1,i)}
{(N2473, F1, i) + (N2561->N2564, F0, i) + (N1505, F1, i) + (N2263, F1, i)(N3495,0,i) + (N929->N3148, F0, i)}
{(N2473, F1, i) + (N2561->N2564, F0, i) + (N1505, F1, i) + (N2263, F1, i)(N3495,0,i) + (N3148, F1, i)}
{(N2473, F1, i) + (N2561->N2564, F0, i) + (N1505, F1, i) + (N540->N2056, F0, i) + (N1383, F1, i)(N584,1,i)}
{(N2473, F1, i) + (N2561->N2564, F0, i) + (N1505, F1, i) + (N540->N2056, F0, i) + (N929->N3148, F0, i)}
{(N2473, F1, i) + (N2561->N2564, F0, i) + (N1505, F1, i) + (N540->N2056, F0, i) + (N3148, F1, i)}
{(N2473, F1, i) + (N2561->N2564, F0, i) + (N1505, F1, i) + (N2056, F1, i) + (N1383, F1, i)(N584,1,i)}
{(N2473, F1, i) + (N2561->N2564, F0, i) + (N1505, F1, i) + (N2056, F1, i) + (N929->N3148, F0, i)}
{(N2473, F1, i) + (N2561->N2564, F0, i) + (N1505, F1, i) + (N2056, F1, i) + (N3148, F1, i)}
{(N2473, F1, i) + (N2561->N2564, F0, i) + (N1505, F1, i) + (N2744->N3495, F0, i) + (N1383, F1, i)(N584,1,i)}
{(N2473, F1, i) + (N2561->N2564, F0, i) + (N1505, F1, i) + (N2744->N3495, F0, i) + (N929->N3148, F0, i)}
{(N2473, F1, i) + (N2561->N2564, F0, i) + (N1505, F1, i) + (N2744->N3495, F0, i) + (N3148, F1, i)}
{(N2473, F1, i) + (N2561->N2564, F0, i) + (N1505, F1, i) + (N3495, F1, i) + (N1383, F1, i)(N584,1,i)}
{(N2473, F1, i) + (N2561->N2564, F0, i) + (N1505, F1, i) + (N3495, F1, i) + (N929->N3148, F0, i)}
{(N2473, F1, i) + (N2561->N2564, F0, i) + (N1505, F1, i) + (N3495, F1, i) + (N3148, F1, i)}
{(N2473, F1, i) + (N2561->N2564, F0, i) + (N1505, F1, i) + (N6->N2572, F0, i) + (N1383, F1, i)(N584,1,i)}
{(N2473, F1, i) + (N2561->N2564, F0, i) + (N1505, F1, i) + (N6->N2572, F0, i) + (N929->N3148, F0, i)}
{(N2473, F1, i) + (N2561->N2564, F0, i) + (N1505, F1, i) + (N6->N2572, F0, i) + (N3148, F1, i)}
{(N2473, F1, i) + (N2561->N2564, F0, i) + (N1505, F1, i) + (N2572, F1, i) + (N1383, F1, i)(N584,1,i)}
{(N2473, F1, i) + (N2561->N2564, F0, i) + (N1505, F1, i) + (N2572, F1, i) + (N929->N3148, F0, i)}
{(N2473, F1, i) + (N2561->N2564, F0, i) + (N1505, F1, i) + (N2572, F1, i) + (N3148, F1, i)}
{(N2473, F1, i) + (N2561->N2564, F0, i) + (N3883, F1, i) + (N728, F1, i)(N2744,1,i) + (N1383, F1, i)(N584,1,i)}
{(N2473, F1, i) + (N2561->N2564, F0, i) + (N3883, F1, i) + (N728, F1, i)(N2744,1,i) + (N929->N3148, F0, i)}
{(N2473, F1, i) + (N2561->N2564, F0, i) + (N3883, F1, i) + (N728, F1, i)(N2744,1,i) + (N3148, F1, i)}
{(N2473, F1, i) + (N2561->N2564, F0, i) + (N3883, F1, i) + (N2263, F1, i)(N3495,0,i) + (N1383, F1, i)(N584,1,i)}
{(N2473, F1, i) + (N2561->N2564, F0, i) + (N3883, F1, i) + (N2263, F1, i)(N3495,0,i) + (N929->N3148, F0, i)}
{(N2473, F1, i) + (N2561->N2564, F0, i) + (N3883, F1, i) + (N2263, F1, i)(N3495,0,i) + (N3148, F1, i)}
{(N2473, F1, i) + (N2561->N2564, F0, i) + (N3883, F1, i) + (N540->N2056, F0, i) + (N1383, F1, i)(N584,1,i)}
{(N2473, F1, i) + (N2561->N2564, F0, i) + (N3883, F1, i) + (N540->N2056, F0, i) + (N929->N3148, F0, i)}
{(N2473, F1, i) + (N2561->N2564, F0, i) + (N3883, F1, i) + (N540->N2056, F0, i) + (N3148, F1, i)}
{(N2473, F1, i) + (N2561->N2564, F0, i) + (N3883, F1, i) + (N2056, F1, i) + (N1383, F1, i)(N584,1,i)}
{(N2473, F1, i) + (N2561->N2564, F0, i) + (N3883, F1, i) + (N2056, F1, i) + (N929->N3148, F0, i)}
{(N2473, F1, i) + (N2561->N2564, F0, i) + (N3883, F1, i) + (N2056, F1, i) + (N3148, F1, i)}
{(N2473, F1, i) + (N2561->N2564, F0, i) + (N3883, F1, i) + (N2744->N3495, F0, i) + (N1383, F1, i)(N584,1,i)}
{(N2473, F1, i) + (N2561->N2564, F0, i) + (N3883, F1, i) + (N2744->N3495, F0, i) + (N929->N3148, F0, i)}
{(N2473, F1, i) + (N2561->N2564, F0, i) + (N3883, F1, i) + (N2744->N3495, F0, i) + (N3148, F1, i)}
{(N2473, F1, i) + (N2561->N2564, F0, i) + (N3883, F1, i) + (N3495, F1, i) + (N1383, F1, i)(N584,1,i)}
{(N2473, F1, i) + (N2561->N2564, F0, i) + (N3883, F1, i) + (N3495, F1, i) + (N929->N3148, F0, i)}
{(N2473, F1, i) + (N2561->N2564, F0, i) + (N3883, F1, i) + (N3495, F1, i) + (N3148, F1, i)}
{(N2473, F1, i) + (N2561->N2564, F0, i) + (N3883, F1, i) + (N6->N2572, F0, i) + (N1383, F1, i)(N584,1,i)}
{(N2473, F1, i) + (N2561->N2564, F0, i) + (N3883, F1, i) + (N6->N2572, F0, i) + (N929->N3148, F0, i)}
{(N2473, F1, i) + (N2561->N2564, F0, i) + (N3883, F1, i) + (N6->N2572, F0, i) + (N3148, F1, i)}
{(N2473, F1, i) + (N2561->N2564, F0, i) + (N3883, F1, i) + (N2572, F1, i) + (N1383, F1, i)(N584,1,i)}
{(N2473, F1, i) + (N2561->N2564, F0, i) + (N3883, F1, i) + (N2572, F1, i) + (N929->N3148, F0, i)}
{(N2473, F1, i) + (N2561->N2564, F0, i) + (N3883, F1, i) + (N2572, F1, i) + (N3148, F1, i)}
{(N2473, F1, i) + (N2564, F0, i) + (N1505, F1, i) + (N728, F1, i)(N2744,1,i) + (N1383, F1, i)(N584,1,i)}
{(N2473, F1, i) + (N2564, F0, i) + (N1505, F1, i) + (N728, F1, i)(N2744,1,i) + (N929->N3148, F0, i)}
{(N2473, F1, i) + (N2564, F0, i) + (N1505, F1, i) + (N728, F1, i)(N2744,1,i) + (N3148, F1, i)}
{(N2473, F1, i) + (N2564, F0, i) + (N1505, F1, i) + (N2263, F1, i)(N3495,0,i) + (N1383, F1, i)(N584,1,i)}
{(N2473, F1, i) + (N2564, F0, i) + (N1505, F1, i) + (N2263, F1, i)(N3495,0,i) + (N929->N3148, F0, i)}
{(N2473, F1, i) + (N2564, F0, i) + (N1505, F1, i) + (N2263, F1, i)(N3495,0,i) + (N3148, F1, i)}
{(N2473, F1, i) + (N2564, F0, i) + (N1505, F1, i) + (N540->N2056, F0, i) + (N1383, F1, i)(N584,1,i)}
{(N2473, F1, i) + (N2564, F0, i) + (N1505, F1, i) + (N540->N2056, F0, i) + (N929->N3148, F0, i)}
{(N2473, F1, i) + (N2564, F0, i) + (N1505, F1, i) + (N540->N2056, F0, i) + (N3148, F1, i)}
{(N2473, F1, i) + (N2564, F0, i) + (N1505, F1, i) + (N2056, F1, i) + (N1383, F1, i)(N584,1,i)}
{(N2473, F1, i) + (N2564, F0, i) + (N1505, F1, i) + (N2056, F1, i) + (N929->N3148, F0, i)}
{(N2473, F1, i) + (N2564, F0, i) + (N1505, F1, i) + (N2056, F1, i) + (N3148, F1, i)}
{(N2473, F1, i) + (N2564, F0, i) + (N1505, F1, i) + (N2744->N3495, F0, i) + (N1383, F1, i)(N584,1,i)}
{(N2473, F1, i) + (N2564, F0, i) + (N1505, F1, i) + (N2744->N3495, F0, i) + (N929->N3148, F0, i)}
{(N2473, F1, i) + (N2564, F0, i) + (N1505, F1, i) + (N2744->N3495, F0, i) + (N3148, F1, i)}
{(N2473, F1, i) + (N2564, F0, i) + (N1505, F1, i) + (N3495, F1, i) + (N1383, F1, i)(N584,1,i)}
{(N2473, F1, i) + (N2564, F0, i) + (N1505, F1, i) + (N3495, F1, i) + (N929->N3148, F0, i)}
{(N2473, F1, i) + (N2564, F0, i) + (N1505, F1, i) + (N3495, F1, i) + (N3148, F1, i)}
{(N2473, F1, i) + (N2564, F0, i) + (N1505, F1, i) + (N6->N2572, F0, i) + (N1383, F1, i)(N584,1,i)}
{(N2473, F1, i) + (N2564, F0, i) + (N1505, F1, i) + (N6->N2572, F0, i) + (N929->N3148, F0, i)}
{(N2473, F1, i) + (N2564, F0, i) + (N1505, F1, i) + (N6->N2572, F0, i) + (N3148, F1, i)}
{(N2473, F1, i) + (N2564, F0, i) + (N1505, F1, i) + (N2572, F1, i) + (N1383, F1, i)(N584,1,i)}
{(N2473, F1, i) + (N2564, F0, i) + (N1505, F1, i) + (N2572, F1, i) + (N929->N3148, F0, i)}
{(N2473, F1, i) + (N2564, F0, i) + (N1505, F1, i) + (N2572, F1, i) + (N3148, F1, i)}
{(N2473, F1, i) + (N2564, F0, i) + (N3883, F1, i) + (N728, F1, i)(N2744,1,i) + (N1383, F1, i)(N584,1,i)}
{(N2473, F1, i) + (N2564, F0, i) + (N3883, F1, i) + (N728, F1, i)(N2744,1,i) + (N929->N3148, F0, i)}
{(N2473, F1, i) + (N2564, F0, i) + (N3883, F1, i) + (N728, F1, i)(N2744,1,i) + (N3148, F1, i)}
{(N2473, F1, i) + (N2564, F0, i) + (N3883, F1, i) + (N2263, F1, i)(N3495,0,i) + (N1383, F1, i)(N584,1,i)}
{(N2473, F1, i) + (N2564, F0, i) + (N3883, F1, i) + (N2263, F1, i)(N3495,0,i) + (N929->N3148, F0, i)}
{(N2473, F1, i) + (N2564, F0, i) + (N3883, F1, i) + (N2263, F1, i)(N3495,0,i) + (N3148, F1, i)}
{(N2473, F1, i) + (N2564, F0, i) + (N3883, F1, i) + (N540->N2056, F0, i) + (N1383, F1, i)(N584,1,i)}
{(N2473, F1, i) + (N2564, F0, i) + (N3883, F1, i) + (N540->N2056, F0, i) + (N929->N3148, F0, i)}
{(N2473, F1, i) + (N2564, F0, i) + (N3883, F1, i) + (N540->N2056, F0, i) + (N3148, F1, i)}
{(N2473, F1, i) + (N2564, F0, i) + (N3883, F1, i) + (N2056, F1, i) + (N1383, F1, i)(N584,1,i)}
{(N2473, F1, i) + (N2564, F0, i) + (N3883, F1, i) + (N2056, F1, i) + (N929->N3148, F0, i)}
{(N2473, F1, i) + (N2564, F0, i) + (N3883, F1, i) + (N2056, F1, i) + (N3148, F1, i)}
{(N2473, F1, i) + (N2564, F0, i) + (N3883, F1, i) + (N2744->N3495, F0, i) + (N1383, F1, i)(N584,1,i)}
{(N2473, F1, i) + (N2564, F0, i) + (N3883, F1, i) + (N2744->N3495, F0, i) + (N929->N3148, F0, i)}
{(N2473, F1, i) + (N2564, F0, i) + (N3883, F1, i) + (N2744->N3495, F0, i) + (N3148, F1, i)}
{(N2473, F1, i) + (N2564, F0, i) + (N3883, F1, i) + (N3495, F1, i) + (N1383, F1, i)(N584,1,i)}
{(N2473, F1, i) + (N2564, F0, i) + (N3883, F1, i) + (N3495, F1, i) + (N929->N3148, F0, i)}
{(N2473, F1, i) + (N2564, F0, i) + (N3883, F1, i) + (N3495, F1, i) + (N3148, F1, i)}
{(N2473, F1, i) + (N2564, F0, i) + (N3883, F1, i) + (N6->N2572, F0, i) + (N1383, F1, i)(N584,1,i)}
{(N2473, F1, i) + (N2564, F0, i) + (N3883, F1, i) + (N6->N2572, F0, i) + (N929->N3148, F0, i)}
{(N2473, F1, i) + (N2564, F0, i) + (N3883, F1, i) + (N6->N2572, F0, i) + (N3148, F1, i)}
{(N2473, F1, i) + (N2564, F0, i) + (N3883, F1, i) + (N2572, F1, i) + (N1383, F1, i)(N584,1,i)}
{(N2473, F1, i) + (N2564, F0, i) + (N3883, F1, i) + (N2572, F1, i) + (N929->N3148, F0, i)}
{(N2473, F1, i) + (N2564, F0, i) + (N3883, F1, i) + (N2572, F1, i) + (N3148, F1, i)}
{(N2473, F1, i) + (N1241->N2206, F1, i) + (N1505, F1, i) + (N728, F1, i)(N2744,1,i) + (N1383, F1, i)(N584,1,i)}
{(N2473, F1, i) + (N1241->N2206, F1, i) + (N1505, F1, i) + (N728, F1, i)(N2744,1,i) + (N929->N3148, F0, i)}
{(N2473, F1, i) + (N1241->N2206, F1, i) + (N1505, F1, i) + (N728, F1, i)(N2744,1,i) + (N3148, F1, i)}
{(N2473, F1, i) + (N1241->N2206, F1, i) + (N1505, F1, i) + (N2263, F1, i)(N3495,0,i) + (N1383, F1, i)(N584,1,i)}
{(N2473, F1, i) + (N1241->N2206, F1, i) + (N1505, F1, i) + (N2263, F1, i)(N3495,0,i) + (N929->N3148, F0, i)}
{(N2473, F1, i) + (N1241->N2206, F1, i) + (N1505, F1, i) + (N2263, F1, i)(N3495,0,i) + (N3148, F1, i)}
{(N2473, F1, i) + (N1241->N2206, F1, i) + (N1505, F1, i) + (N540->N2056, F0, i) + (N1383, F1, i)(N584,1,i)}
{(N2473, F1, i) + (N1241->N2206, F1, i) + (N1505, F1, i) + (N540->N2056, F0, i) + (N929->N3148, F0, i)}
{(N2473, F1, i) + (N1241->N2206, F1, i) + (N1505, F1, i) + (N540->N2056, F0, i) + (N3148, F1, i)}
{(N2473, F1, i) + (N1241->N2206, F1, i) + (N1505, F1, i) + (N2056, F1, i) + (N1383, F1, i)(N584,1,i)}
{(N2473, F1, i) + (N1241->N2206, F1, i) + (N1505, F1, i) + (N2056, F1, i) + (N929->N3148, F0, i)}
{(N2473, F1, i) + (N1241->N2206, F1, i) + (N1505, F1, i) + (N2056, F1, i) + (N3148, F1, i)}
{(N2473, F1, i) + (N1241->N2206, F1, i) + (N1505, F1, i) + (N2744->N3495, F0, i) + (N1383, F1, i)(N584,1,i)}
{(N2473, F1, i) + (N1241->N2206, F1, i) + (N1505, F1, i) + (N2744->N3495, F0, i) + (N929->N3148, F0, i)}
{(N2473, F1, i) + (N1241->N2206, F1, i) + (N1505, F1, i) + (N2744->N3495, F0, i) + (N3148, F1, i)}
{(N2473, F1, i) + (N1241->N2206, F1, i) + (N1505, F1, i) + (N3495, F1, i) + (N1383, F1, i)(N584,1,i)}
{(N2473, F1, i) + (N1241->N2206, F1, i) + (N1505, F1, i) + (N3495, F1, i) + (N929->N3148, F0, i)}
{(N2473, F1, i) + (N1241->N2206, F1, i) + (N1505, F1, i) + (N3495, F1, i) + (N3148, F1, i)}
{(N2473, F1, i) + (N1241->N2206, F1, i) + (N1505, F1, i) + (N6->N2572, F0, i) + (N1383, F1, i)(N584,1,i)}
{(N2473, F1, i) + (N1241->N2206, F1, i) + (N1505, F1, i) + (N6->N2572, F0, i) + (N929->N3148, F0, i)}
{(N2473, F1, i) + (N1241->N2206, F1, i) + (N1505, F1, i) + (N6->N2572, F0, i) + (N3148, F1, i)}
{(N2473, F1, i) + (N1241->N2206, F1, i) + (N1505, F1, i) + (N2572, F1, i) + (N1383, F1, i)(N584,1,i)}
{(N2473, F1, i) + (N1241->N2206, F1, i) + (N1505, F1, i) + (N2572, F1, i) + (N929->N3148, F0, i)}
{(N2473, F1, i) + (N1241->N2206, F1, i) + (N1505, F1, i) + (N2572, F1, i) + (N3148, F1, i)}
{(N2473, F1, i) + (N1241->N2206, F1, i) + (N3883, F1, i) + (N728, F1, i)(N2744,1,i) + (N1383, F1, i)(N584,1,i)}
{(N2473, F1, i) + (N1241->N2206, F1, i) + (N3883, F1, i) + (N728, F1, i)(N2744,1,i) + (N929->N3148, F0, i)}
{(N2473, F1, i) + (N1241->N2206, F1, i) + (N3883, F1, i) + (N728, F1, i)(N2744,1,i) + (N3148, F1, i)}
{(N2473, F1, i) + (N1241->N2206, F1, i) + (N3883, F1, i) + (N2263, F1, i)(N3495,0,i) + (N1383, F1, i)(N584,1,i)}
{(N2473, F1, i) + (N1241->N2206, F1, i) + (N3883, F1, i) + (N2263, F1, i)(N3495,0,i) + (N929->N3148, F0, i)}
{(N2473, F1, i) + (N1241->N2206, F1, i) + (N3883, F1, i) + (N2263, F1, i)(N3495,0,i) + (N3148, F1, i)}
{(N2473, F1, i) + (N1241->N2206, F1, i) + (N3883, F1, i) + (N540->N2056, F0, i) + (N1383, F1, i)(N584,1,i)}
{(N2473, F1, i) + (N1241->N2206, F1, i) + (N3883, F1, i) + (N540->N2056, F0, i) + (N929->N3148, F0, i)}
{(N2473, F1, i) + (N1241->N2206, F1, i) + (N3883, F1, i) + (N540->N2056, F0, i) + (N3148, F1, i)}
{(N2473, F1, i) + (N1241->N2206, F1, i) + (N3883, F1, i) + (N2056, F1, i) + (N1383, F1, i)(N584,1,i)}
{(N2473, F1, i) + (N1241->N2206, F1, i) + (N3883, F1, i) + (N2056, F1, i) + (N929->N3148, F0, i)}
{(N2473, F1, i) + (N1241->N2206, F1, i) + (N3883, F1, i) + (N2056, F1, i) + (N3148, F1, i)}
{(N2473, F1, i) + (N1241->N2206, F1, i) + (N3883, F1, i) + (N2744->N3495, F0, i) + (N1383, F1, i)(N584,1,i)}
{(N2473, F1, i) + (N1241->N2206, F1, i) + (N3883, F1, i) + (N2744->N3495, F0, i) + (N929->N3148, F0, i)}
{(N2473, F1, i) + (N1241->N2206, F1, i) + (N3883, F1, i) + (N2744->N3495, F0, i) + (N3148, F1, i)}
{(N2473, F1, i) + (N1241->N2206, F1, i) + (N3883, F1, i) + (N3495, F1, i) + (N1383, F1, i)(N584,1,i)}
{(N2473, F1, i) + (N1241->N2206, F1, i) + (N3883, F1, i) + (N3495, F1, i) + (N929->N3148, F0, i)}
{(N2473, F1, i) + (N1241->N2206, F1, i) + (N3883, F1, i) + (N3495, F1, i) + (N3148, F1, i)}
{(N2473, F1, i) + (N1241->N2206, F1, i) + (N3883, F1, i) + (N6->N2572, F0, i) + (N1383, F1, i)(N584,1,i)}
{(N2473, F1, i) + (N1241->N2206, F1, i) + (N3883, F1, i) + (N6->N2572, F0, i) + (N929->N3148, F0, i)}
{(N2473, F1, i) + (N1241->N2206, F1, i) + (N3883, F1, i) + (N6->N2572, F0, i) + (N3148, F1, i)}
{(N2473, F1, i) + (N1241->N2206, F1, i) + (N3883, F1, i) + (N2572, F1, i) + (N1383, F1, i)(N584,1,i)}
{(N2473, F1, i) + (N1241->N2206, F1, i) + (N3883, F1, i) + (N2572, F1, i) + (N929->N3148, F0, i)}
{(N2473, F1, i) + (N1241->N2206, F1, i) + (N3883, F1, i) + (N2572, F1, i) + (N3148, F1, i)}
{(N2473, F1, i) + (N2206, F0, i) + (N1505, F1, i) + (N728, F1, i)(N2744,1,i) + (N1383, F1, i)(N584,1,i)}
{(N2473, F1, i) + (N2206, F0, i) + (N1505, F1, i) + (N728, F1, i)(N2744,1,i) + (N929->N3148, F0, i)}
{(N2473, F1, i) + (N2206, F0, i) + (N1505, F1, i) + (N728, F1, i)(N2744,1,i) + (N3148, F1, i)}
{(N2473, F1, i) + (N2206, F0, i) + (N1505, F1, i) + (N2263, F1, i)(N3495,0,i) + (N1383, F1, i)(N584,1,i)}
{(N2473, F1, i) + (N2206, F0, i) + (N1505, F1, i) + (N2263, F1, i)(N3495,0,i) + (N929->N3148, F0, i)}
{(N2473, F1, i) + (N2206, F0, i) + (N1505, F1, i) + (N2263, F1, i)(N3495,0,i) + (N3148, F1, i)}
{(N2473, F1, i) + (N2206, F0, i) + (N1505, F1, i) + (N540->N2056, F0, i) + (N1383, F1, i)(N584,1,i)}
{(N2473, F1, i) + (N2206, F0, i) + (N1505, F1, i) + (N540->N2056, F0, i) + (N929->N3148, F0, i)}
{(N2473, F1, i) + (N2206, F0, i) + (N1505, F1, i) + (N540->N2056, F0, i) + (N3148, F1, i)}
{(N2473, F1, i) + (N2206, F0, i) + (N1505, F1, i) + (N2056, F1, i) + (N1383, F1, i)(N584,1,i)}
{(N2473, F1, i) + (N2206, F0, i) + (N1505, F1, i) + (N2056, F1, i) + (N929->N3148, F0, i)}
{(N2473, F1, i) + (N2206, F0, i) + (N1505, F1, i) + (N2056, F1, i) + (N3148, F1, i)}
{(N2473, F1, i) + (N2206, F0, i) + (N1505, F1, i) + (N2744->N3495, F0, i) + (N1383, F1, i)(N584,1,i)}
{(N2473, F1, i) + (N2206, F0, i) + (N1505, F1, i) + (N2744->N3495, F0, i) + (N929->N3148, F0, i)}
{(N2473, F1, i) + (N2206, F0, i) + (N1505, F1, i) + (N2744->N3495, F0, i) + (N3148, F1, i)}
{(N2473, F1, i) + (N2206, F0, i) + (N1505, F1, i) + (N3495, F1, i) + (N1383, F1, i)(N584,1,i)}
{(N2473, F1, i) + (N2206, F0, i) + (N1505, F1, i) + (N3495, F1, i) + (N929->N3148, F0, i)}
{(N2473, F1, i) + (N2206, F0, i) + (N1505, F1, i) + (N3495, F1, i) + (N3148, F1, i)}
{(N2473, F1, i) + (N2206, F0, i) + (N1505, F1, i) + (N6->N2572, F0, i) + (N1383, F1, i)(N584,1,i)}
{(N2473, F1, i) + (N2206, F0, i) + (N1505, F1, i) + (N6->N2572, F0, i) + (N929->N3148, F0, i)}
{(N2473, F1, i) + (N2206, F0, i) + (N1505, F1, i) + (N6->N2572, F0, i) + (N3148, F1, i)}
{(N2473, F1, i) + (N2206, F0, i) + (N1505, F1, i) + (N2572, F1, i) + (N1383, F1, i)(N584,1,i)}
{(N2473, F1, i) + (N2206, F0, i) + (N1505, F1, i) + (N2572, F1, i) + (N929->N3148, F0, i)}
{(N2473, F1, i) + (N2206, F0, i) + (N1505, F1, i) + (N2572, F1, i) + (N3148, F1, i)}
{(N2473, F1, i) + (N2206, F0, i) + (N3883, F1, i) + (N728, F1, i)(N2744,1,i) + (N1383, F1, i)(N584,1,i)}
{(N2473, F1, i) + (N2206, F0, i) + (N3883, F1, i) + (N728, F1, i)(N2744,1,i) + (N929->N3148, F0, i)}
{(N2473, F1, i) + (N2206, F0, i) + (N3883, F1, i) + (N728, F1, i)(N2744,1,i) + (N3148, F1, i)}
{(N2473, F1, i) + (N2206, F0, i) + (N3883, F1, i) + (N2263, F1, i)(N3495,0,i) + (N1383, F1, i)(N584,1,i)}
{(N2473, F1, i) + (N2206, F0, i) + (N3883, F1, i) + (N2263, F1, i)(N3495,0,i) + (N929->N3148, F0, i)}
{(N2473, F1, i) + (N2206, F0, i) + (N3883, F1, i) + (N2263, F1, i)(N3495,0,i) + (N3148, F1, i)}
{(N2473, F1, i) + (N2206, F0, i) + (N3883, F1, i) + (N540->N2056, F0, i) + (N1383, F1, i)(N584,1,i)}
{(N2473, F1, i) + (N2206, F0, i) + (N3883, F1, i) + (N540->N2056, F0, i) + (N929->N3148, F0, i)}
{(N2473, F1, i) + (N2206, F0, i) + (N3883, F1, i) + (N540->N2056, F0, i) + (N3148, F1, i)}
{(N2473, F1, i) + (N2206, F0, i) + (N3883, F1, i) + (N2056, F1, i) + (N1383, F1, i)(N584,1,i)}
{(N2473, F1, i) + (N2206, F0, i) + (N3883, F1, i) + (N2056, F1, i) + (N929->N3148, F0, i)}
{(N2473, F1, i) + (N2206, F0, i) + (N3883, F1, i) + (N2056, F1, i) + (N3148, F1, i)}
{(N2473, F1, i) + (N2206, F0, i) + (N3883, F1, i) + (N2744->N3495, F0, i) + (N1383, F1, i)(N584,1,i)}
{(N2473, F1, i) + (N2206, F0, i) + (N3883, F1, i) + (N2744->N3495, F0, i) + (N929->N3148, F0, i)}
{(N2473, F1, i) + (N2206, F0, i) + (N3883, F1, i) + (N2744->N3495, F0, i) + (N3148, F1, i)}
{(N2473, F1, i) + (N2206, F0, i) + (N3883, F1, i) + (N3495, F1, i) + (N1383, F1, i)(N584,1,i)}
{(N2473, F1, i) + (N2206, F0, i) + (N3883, F1, i) + (N3495, F1, i) + (N929->N3148, F0, i)}
{(N2473, F1, i) + (N2206, F0, i) + (N3883, F1, i) + (N3495, F1, i) + (N3148, F1, i)}
{(N2473, F1, i) + (N2206, F0, i) + (N3883, F1, i) + (N6->N2572, F0, i) + (N1383, F1, i)(N584,1,i)}
{(N2473, F1, i) + (N2206, F0, i) + (N3883, F1, i) + (N6->N2572, F0, i) + (N929->N3148, F0, i)}
{(N2473, F1, i) + (N2206, F0, i) + (N3883, F1, i) + (N6->N2572, F0, i) + (N3148, F1, i)}
{(N2473, F1, i) + (N2206, F0, i) + (N3883, F1, i) + (N2572, F1, i) + (N1383, F1, i)(N584,1,i)}
{(N2473, F1, i) + (N2206, F0, i) + (N3883, F1, i) + (N2572, F1, i) + (N929->N3148, F0, i)}
{(N2473, F1, i) + (N2206, F0, i) + (N3883, F1, i) + (N2572, F1, i) + (N3148, F1, i)}
{(N2473, F1, i) + (N86->N686, F1, i) + (N1505, F1, i) + (N728, F1, i)(N2744,1,i) + (N1383, F1, i)(N584,1,i)}
{(N2473, F1, i) + (N86->N686, F1, i) + (N1505, F1, i) + (N728, F1, i)(N2744,1,i) + (N929->N3148, F0, i)}
{(N2473, F1, i) + (N86->N686, F1, i) + (N1505, F1, i) + (N728, F1, i)(N2744,1,i) + (N3148, F1, i)}
{(N2473, F1, i) + (N86->N686, F1, i) + (N1505, F1, i) + (N2263, F1, i)(N3495,0,i) + (N1383, F1, i)(N584,1,i)}
{(N2473, F1, i) + (N86->N686, F1, i) + (N1505, F1, i) + (N2263, F1, i)(N3495,0,i) + (N929->N3148, F0, i)}
{(N2473, F1, i) + (N86->N686, F1, i) + (N1505, F1, i) + (N2263, F1, i)(N3495,0,i) + (N3148, F1, i)}
{(N2473, F1, i) + (N86->N686, F1, i) + (N1505, F1, i) + (N540->N2056, F0, i) + (N1383, F1, i)(N584,1,i)}
{(N2473, F1, i) + (N86->N686, F1, i) + (N1505, F1, i) + (N540->N2056, F0, i) + (N929->N3148, F0, i)}
{(N2473, F1, i) + (N86->N686, F1, i) + (N1505, F1, i) + (N540->N2056, F0, i) + (N3148, F1, i)}
{(N2473, F1, i) + (N86->N686, F1, i) + (N1505, F1, i) + (N2056, F1, i) + (N1383, F1, i)(N584,1,i)}
{(N2473, F1, i) + (N86->N686, F1, i) + (N1505, F1, i) + (N2056, F1, i) + (N929->N3148, F0, i)}
{(N2473, F1, i) + (N86->N686, F1, i) + (N1505, F1, i) + (N2056, F1, i) + (N3148, F1, i)}
{(N2473, F1, i) + (N86->N686, F1, i) + (N1505, F1, i) + (N2744->N3495, F0, i) + (N1383, F1, i)(N584,1,i)}
{(N2473, F1, i) + (N86->N686, F1, i) + (N1505, F1, i) + (N2744->N3495, F0, i) + (N929->N3148, F0, i)}
{(N2473, F1, i) + (N86->N686, F1, i) + (N1505, F1, i) + (N2744->N3495, F0, i) + (N3148, F1, i)}
{(N2473, F1, i) + (N86->N686, F1, i) + (N1505, F1, i) + (N3495, F1, i) + (N1383, F1, i)(N584,1,i)}
{(N2473, F1, i) + (N86->N686, F1, i) + (N1505, F1, i) + (N3495, F1, i) + (N929->N3148, F0, i)}
{(N2473, F1, i) + (N86->N686, F1, i) + (N1505, F1, i) + (N3495, F1, i) + (N3148, F1, i)}
{(N2473, F1, i) + (N86->N686, F1, i) + (N1505, F1, i) + (N6->N2572, F0, i) + (N1383, F1, i)(N584,1,i)}
{(N2473, F1, i) + (N86->N686, F1, i) + (N1505, F1, i) + (N6->N2572, F0, i) + (N929->N3148, F0, i)}
{(N2473, F1, i) + (N86->N686, F1, i) + (N1505, F1, i) + (N6->N2572, F0, i) + (N3148, F1, i)}
{(N2473, F1, i) + (N86->N686, F1, i) + (N1505, F1, i) + (N2572, F1, i) + (N1383, F1, i)(N584,1,i)}
{(N2473, F1, i) + (N86->N686, F1, i) + (N1505, F1, i) + (N2572, F1, i) + (N929->N3148, F0, i)}
{(N2473, F1, i) + (N86->N686, F1, i) + (N1505, F1, i) + (N2572, F1, i) + (N3148, F1, i)}
{(N2473, F1, i) + (N86->N686, F1, i) + (N3883, F1, i) + (N728, F1, i)(N2744,1,i) + (N1383, F1, i)(N584,1,i)}
{(N2473, F1, i) + (N86->N686, F1, i) + (N3883, F1, i) + (N728, F1, i)(N2744,1,i) + (N929->N3148, F0, i)}
{(N2473, F1, i) + (N86->N686, F1, i) + (N3883, F1, i) + (N728, F1, i)(N2744,1,i) + (N3148, F1, i)}
{(N2473, F1, i) + (N86->N686, F1, i) + (N3883, F1, i) + (N2263, F1, i)(N3495,0,i) + (N1383, F1, i)(N584,1,i)}
{(N2473, F1, i) + (N86->N686, F1, i) + (N3883, F1, i) + (N2263, F1, i)(N3495,0,i) + (N929->N3148, F0, i)}
{(N2473, F1, i) + (N86->N686, F1, i) + (N3883, F1, i) + (N2263, F1, i)(N3495,0,i) + (N3148, F1, i)}
{(N2473, F1, i) + (N86->N686, F1, i) + (N3883, F1, i) + (N540->N2056, F0, i) + (N1383, F1, i)(N584,1,i)}
{(N2473, F1, i) + (N86->N686, F1, i) + (N3883, F1, i) + (N540->N2056, F0, i) + (N929->N3148, F0, i)}
{(N2473, F1, i) + (N86->N686, F1, i) + (N3883, F1, i) + (N540->N2056, F0, i) + (N3148, F1, i)}
{(N2473, F1, i) + (N86->N686, F1, i) + (N3883, F1, i) + (N2056, F1, i) + (N1383, F1, i)(N584,1,i)}
{(N2473, F1, i) + (N86->N686, F1, i) + (N3883, F1, i) + (N2056, F1, i) + (N929->N3148, F0, i)}
{(N2473, F1, i) + (N86->N686, F1, i) + (N3883, F1, i) + (N2056, F1, i) + (N3148, F1, i)}
{(N2473, F1, i) + (N86->N686, F1, i) + (N3883, F1, i) + (N2744->N3495, F0, i) + (N1383, F1, i)(N584,1,i)}
{(N2473, F1, i) + (N86->N686, F1, i) + (N3883, F1, i) + (N2744->N3495, F0, i) + (N929->N3148, F0, i)}
{(N2473, F1, i) + (N86->N686, F1, i) + (N3883, F1, i) + (N2744->N3495, F0, i) + (N3148, F1, i)}
{(N2473, F1, i) + (N86->N686, F1, i) + (N3883, F1, i) + (N3495, F1, i) + (N1383, F1, i)(N584,1,i)}
{(N2473, F1, i) + (N86->N686, F1, i) + (N3883, F1, i) + (N3495, F1, i) + (N929->N3148, F0, i)}
{(N2473, F1, i) + (N86->N686, F1, i) + (N3883, F1, i) + (N3495, F1, i) + (N3148, F1, i)}
{(N2473, F1, i) + (N86->N686, F1, i) + (N3883, F1, i) + (N6->N2572, F0, i) + (N1383, F1, i)(N584,1,i)}
{(N2473, F1, i) + (N86->N686, F1, i) + (N3883, F1, i) + (N6->N2572, F0, i) + (N929->N3148, F0, i)}
{(N2473, F1, i) + (N86->N686, F1, i) + (N3883, F1, i) + (N6->N2572, F0, i) + (N3148, F1, i)}
{(N2473, F1, i) + (N86->N686, F1, i) + (N3883, F1, i) + (N2572, F1, i) + (N1383, F1, i)(N584,1,i)}
{(N2473, F1, i) + (N86->N686, F1, i) + (N3883, F1, i) + (N2572, F1, i) + (N929->N3148, F0, i)}
{(N2473, F1, i) + (N86->N686, F1, i) + (N3883, F1, i) + (N2572, F1, i) + (N3148, F1, i)}
{(N2473, F1, i) + (N686, F1, i)(N222,1,i) + (N1505, F1, i) + (N728, F1, i)(N2744,1,i) + (N1383, F1, i)(N584,1,i)}
{(N2473, F1, i) + (N686, F1, i)(N222,1,i) + (N1505, F1, i) + (N728, F1, i)(N2744,1,i) + (N929->N3148, F0, i)}
{(N2473, F1, i) + (N686, F1, i)(N222,1,i) + (N1505, F1, i) + (N728, F1, i)(N2744,1,i) + (N3148, F1, i)}
{(N2473, F1, i) + (N686, F1, i)(N222,1,i) + (N1505, F1, i) + (N2263, F1, i)(N3495,0,i) + (N1383, F1, i)(N584,1,i)}
{(N2473, F1, i) + (N686, F1, i)(N222,1,i) + (N1505, F1, i) + (N2263, F1, i)(N3495,0,i) + (N929->N3148, F0, i)}
{(N2473, F1, i) + (N686, F1, i)(N222,1,i) + (N1505, F1, i) + (N2263, F1, i)(N3495,0,i) + (N3148, F1, i)}
{(N2473, F1, i) + (N686, F1, i)(N222,1,i) + (N1505, F1, i) + (N540->N2056, F0, i) + (N1383, F1, i)(N584,1,i)}
{(N2473, F1, i) + (N686, F1, i)(N222,1,i) + (N1505, F1, i) + (N540->N2056, F0, i) + (N929->N3148, F0, i)}
{(N2473, F1, i) + (N686, F1, i)(N222,1,i) + (N1505, F1, i) + (N540->N2056, F0, i) + (N3148, F1, i)}
{(N2473, F1, i) + (N686, F1, i)(N222,1,i) + (N1505, F1, i) + (N2056, F1, i) + (N1383, F1, i)(N584,1,i)}
{(N2473, F1, i) + (N686, F1, i)(N222,1,i) + (N1505, F1, i) + (N2056, F1, i) + (N929->N3148, F0, i)}
{(N2473, F1, i) + (N686, F1, i)(N222,1,i) + (N1505, F1, i) + (N2056, F1, i) + (N3148, F1, i)}
{(N2473, F1, i) + (N686, F1, i)(N222,1,i) + (N1505, F1, i) + (N2744->N3495, F0, i) + (N1383, F1, i)(N584,1,i)}
{(N2473, F1, i) + (N686, F1, i)(N222,1,i) + (N1505, F1, i) + (N2744->N3495, F0, i) + (N929->N3148, F0, i)}
{(N2473, F1, i) + (N686, F1, i)(N222,1,i) + (N1505, F1, i) + (N2744->N3495, F0, i) + (N3148, F1, i)}
{(N2473, F1, i) + (N686, F1, i)(N222,1,i) + (N1505, F1, i) + (N3495, F1, i) + (N1383, F1, i)(N584,1,i)}
{(N2473, F1, i) + (N686, F1, i)(N222,1,i) + (N1505, F1, i) + (N3495, F1, i) + (N929->N3148, F0, i)}
{(N2473, F1, i) + (N686, F1, i)(N222,1,i) + (N1505, F1, i) + (N3495, F1, i) + (N3148, F1, i)}
{(N2473, F1, i) + (N686, F1, i)(N222,1,i) + (N1505, F1, i) + (N6->N2572, F0, i) + (N1383, F1, i)(N584,1,i)}
{(N2473, F1, i) + (N686, F1, i)(N222,1,i) + (N1505, F1, i) + (N6->N2572, F0, i) + (N929->N3148, F0, i)}
{(N2473, F1, i) + (N686, F1, i)(N222,1,i) + (N1505, F1, i) + (N6->N2572, F0, i) + (N3148, F1, i)}
{(N2473, F1, i) + (N686, F1, i)(N222,1,i) + (N1505, F1, i) + (N2572, F1, i) + (N1383, F1, i)(N584,1,i)}
{(N2473, F1, i) + (N686, F1, i)(N222,1,i) + (N1505, F1, i) + (N2572, F1, i) + (N929->N3148, F0, i)}
{(N2473, F1, i) + (N686, F1, i)(N222,1,i) + (N1505, F1, i) + (N2572, F1, i) + (N3148, F1, i)}
{(N2473, F1, i) + (N686, F1, i)(N222,1,i) + (N3883, F1, i) + (N728, F1, i)(N2744,1,i) + (N1383, F1, i)(N584,1,i)}
{(N2473, F1, i) + (N686, F1, i)(N222,1,i) + (N3883, F1, i) + (N728, F1, i)(N2744,1,i) + (N929->N3148, F0, i)}
{(N2473, F1, i) + (N686, F1, i)(N222,1,i) + (N3883, F1, i) + (N728, F1, i)(N2744,1,i) + (N3148, F1, i)}
{(N2473, F1, i) + (N686, F1, i)(N222,1,i) + (N3883, F1, i) + (N2263, F1, i)(N3495,0,i) + (N1383, F1, i)(N584,1,i)}
{(N2473, F1, i) + (N686, F1, i)(N222,1,i) + (N3883, F1, i) + (N2263, F1, i)(N3495,0,i) + (N929->N3148, F0, i)}
{(N2473, F1, i) + (N686, F1, i)(N222,1,i) + (N3883, F1, i) + (N2263, F1, i)(N3495,0,i) + (N3148, F1, i)}
{(N2473, F1, i) + (N686, F1, i)(N222,1,i) + (N3883, F1, i) + (N540->N2056, F0, i) + (N1383, F1, i)(N584,1,i)}
{(N2473, F1, i) + (N686, F1, i)(N222,1,i) + (N3883, F1, i) + (N540->N2056, F0, i) + (N929->N3148, F0, i)}
{(N2473, F1, i) + (N686, F1, i)(N222,1,i) + (N3883, F1, i) + (N540->N2056, F0, i) + (N3148, F1, i)}
{(N2473, F1, i) + (N686, F1, i)(N222,1,i) + (N3883, F1, i) + (N2056, F1, i) + (N1383, F1, i)(N584,1,i)}
{(N2473, F1, i) + (N686, F1, i)(N222,1,i) + (N3883, F1, i) + (N2056, F1, i) + (N929->N3148, F0, i)}
{(N2473, F1, i) + (N686, F1, i)(N222,1,i) + (N3883, F1, i) + (N2056, F1, i) + (N3148, F1, i)}
{(N2473, F1, i) + (N686, F1, i)(N222,1,i) + (N3883, F1, i) + (N2744->N3495, F0, i) + (N1383, F1, i)(N584,1,i)}
{(N2473, F1, i) + (N686, F1, i)(N222,1,i) + (N3883, F1, i) + (N2744->N3495, F0, i) + (N929->N3148, F0, i)}
{(N2473, F1, i) + (N686, F1, i)(N222,1,i) + (N3883, F1, i) + (N2744->N3495, F0, i) + (N3148, F1, i)}
{(N2473, F1, i) + (N686, F1, i)(N222,1,i) + (N3883, F1, i) + (N3495, F1, i) + (N1383, F1, i)(N584,1,i)}
{(N2473, F1, i) + (N686, F1, i)(N222,1,i) + (N3883, F1, i) + (N3495, F1, i) + (N929->N3148, F0, i)}
{(N2473, F1, i) + (N686, F1, i)(N222,1,i) + (N3883, F1, i) + (N3495, F1, i) + (N3148, F1, i)}
{(N2473, F1, i) + (N686, F1, i)(N222,1,i) + (N3883, F1, i) + (N6->N2572, F0, i) + (N1383, F1, i)(N584,1,i)}
{(N2473, F1, i) + (N686, F1, i)(N222,1,i) + (N3883, F1, i) + (N6->N2572, F0, i) + (N929->N3148, F0, i)}
{(N2473, F1, i) + (N686, F1, i)(N222,1,i) + (N3883, F1, i) + (N6->N2572, F0, i) + (N3148, F1, i)}
{(N2473, F1, i) + (N686, F1, i)(N222,1,i) + (N3883, F1, i) + (N2572, F1, i) + (N1383, F1, i)(N584,1,i)}
{(N2473, F1, i) + (N686, F1, i)(N222,1,i) + (N3883, F1, i) + (N2572, F1, i) + (N929->N3148, F0, i)}
{(N2473, F1, i) + (N686, F1, i)(N222,1,i) + (N3883, F1, i) + (N2572, F1, i) + (N3148, F1, i)}
{(N3007, F1, i) + (N485, F1, i)(N2048,1,i) + (N1505, F1, i) + (N728, F1, i)(N2744,1,i) + (N1383, F1, i)(N584,1,i)}
{(N3007, F1, i) + (N485, F1, i)(N2048,1,i) + (N1505, F1, i) + (N728, F1, i)(N2744,1,i) + (N929->N3148, F0, i)}
{(N3007, F1, i) + (N485, F1, i)(N2048,1,i) + (N1505, F1, i) + (N728, F1, i)(N2744,1,i) + (N3148, F1, i)}
{(N3007, F1, i) + (N485, F1, i)(N2048,1,i) + (N1505, F1, i) + (N2263, F1, i)(N3495,0,i) + (N1383, F1, i)(N584,1,i)}
{(N3007, F1, i) + (N485, F1, i)(N2048,1,i) + (N1505, F1, i) + (N2263, F1, i)(N3495,0,i) + (N929->N3148, F0, i)}
{(N3007, F1, i) + (N485, F1, i)(N2048,1,i) + (N1505, F1, i) + (N2263, F1, i)(N3495,0,i) + (N3148, F1, i)}
{(N3007, F1, i) + (N485, F1, i)(N2048,1,i) + (N1505, F1, i) + (N540->N2056, F0, i) + (N1383, F1, i)(N584,1,i)}
{(N3007, F1, i) + (N485, F1, i)(N2048,1,i) + (N1505, F1, i) + (N540->N2056, F0, i) + (N929->N3148, F0, i)}
{(N3007, F1, i) + (N485, F1, i)(N2048,1,i) + (N1505, F1, i) + (N540->N2056, F0, i) + (N3148, F1, i)}
{(N3007, F1, i) + (N485, F1, i)(N2048,1,i) + (N1505, F1, i) + (N2056, F1, i) + (N1383, F1, i)(N584,1,i)}
{(N3007, F1, i) + (N485, F1, i)(N2048,1,i) + (N1505, F1, i) + (N2056, F1, i) + (N929->N3148, F0, i)}
{(N3007, F1, i) + (N485, F1, i)(N2048,1,i) + (N1505, F1, i) + (N2056, F1, i) + (N3148, F1, i)}
{(N3007, F1, i) + (N485, F1, i)(N2048,1,i) + (N1505, F1, i) + (N2744->N3495, F0, i) + (N1383, F1, i)(N584,1,i)}
{(N3007, F1, i) + (N485, F1, i)(N2048,1,i) + (N1505, F1, i) + (N2744->N3495, F0, i) + (N929->N3148, F0, i)}
{(N3007, F1, i) + (N485, F1, i)(N2048,1,i) + (N1505, F1, i) + (N2744->N3495, F0, i) + (N3148, F1, i)}
{(N3007, F1, i) + (N485, F1, i)(N2048,1,i) + (N1505, F1, i) + (N3495, F1, i) + (N1383, F1, i)(N584,1,i)}
{(N3007, F1, i) + (N485, F1, i)(N2048,1,i) + (N1505, F1, i) + (N3495, F1, i) + (N929->N3148, F0, i)}
{(N3007, F1, i) + (N485, F1, i)(N2048,1,i) + (N1505, F1, i) + (N3495, F1, i) + (N3148, F1, i)}
{(N3007, F1, i) + (N485, F1, i)(N2048,1,i) + (N1505, F1, i) + (N6->N2572, F0, i) + (N1383, F1, i)(N584,1,i)}
{(N3007, F1, i) + (N485, F1, i)(N2048,1,i) + (N1505, F1, i) + (N6->N2572, F0, i) + (N929->N3148, F0, i)}
{(N3007, F1, i) + (N485, F1, i)(N2048,1,i) + (N1505, F1, i) + (N6->N2572, F0, i) + (N3148, F1, i)}
{(N3007, F1, i) + (N485, F1, i)(N2048,1,i) + (N1505, F1, i) + (N2572, F1, i) + (N1383, F1, i)(N584,1,i)}
{(N3007, F1, i) + (N485, F1, i)(N2048,1,i) + (N1505, F1, i) + (N2572, F1, i) + (N929->N3148, F0, i)}
{(N3007, F1, i) + (N485, F1, i)(N2048,1,i) + (N1505, F1, i) + (N2572, F1, i) + (N3148, F1, i)}
{(N3007, F1, i) + (N485, F1, i)(N2048,1,i) + (N3883, F1, i) + (N728, F1, i)(N2744,1,i) + (N1383, F1, i)(N584,1,i)}
{(N3007, F1, i) + (N485, F1, i)(N2048,1,i) + (N3883, F1, i) + (N728, F1, i)(N2744,1,i) + (N929->N3148, F0, i)}
{(N3007, F1, i) + (N485, F1, i)(N2048,1,i) + (N3883, F1, i) + (N728, F1, i)(N2744,1,i) + (N3148, F1, i)}
{(N3007, F1, i) + (N485, F1, i)(N2048,1,i) + (N3883, F1, i) + (N2263, F1, i)(N3495,0,i) + (N1383, F1, i)(N584,1,i)}
{(N3007, F1, i) + (N485, F1, i)(N2048,1,i) + (N3883, F1, i) + (N2263, F1, i)(N3495,0,i) + (N929->N3148, F0, i)}
{(N3007, F1, i) + (N485, F1, i)(N2048,1,i) + (N3883, F1, i) + (N2263, F1, i)(N3495,0,i) + (N3148, F1, i)}
{(N3007, F1, i) + (N485, F1, i)(N2048,1,i) + (N3883, F1, i) + (N540->N2056, F0, i) + (N1383, F1, i)(N584,1,i)}
{(N3007, F1, i) + (N485, F1, i)(N2048,1,i) + (N3883, F1, i) + (N540->N2056, F0, i) + (N929->N3148, F0, i)}
{(N3007, F1, i) + (N485, F1, i)(N2048,1,i) + (N3883, F1, i) + (N540->N2056, F0, i) + (N3148, F1, i)}
{(N3007, F1, i) + (N485, F1, i)(N2048,1,i) + (N3883, F1, i) + (N2056, F1, i) + (N1383, F1, i)(N584,1,i)}
{(N3007, F1, i) + (N485, F1, i)(N2048,1,i) + (N3883, F1, i) + (N2056, F1, i) + (N929->N3148, F0, i)}
{(N3007, F1, i) + (N485, F1, i)(N2048,1,i) + (N3883, F1, i) + (N2056, F1, i) + (N3148, F1, i)}
{(N3007, F1, i) + (N485, F1, i)(N2048,1,i) + (N3883, F1, i) + (N2744->N3495, F0, i) + (N1383, F1, i)(N584,1,i)}
{(N3007, F1, i) + (N485, F1, i)(N2048,1,i) + (N3883, F1, i) + (N2744->N3495, F0, i) + (N929->N3148, F0, i)}
{(N3007, F1, i) + (N485, F1, i)(N2048,1,i) + (N3883, F1, i) + (N2744->N3495, F0, i) + (N3148, F1, i)}
{(N3007, F1, i) + (N485, F1, i)(N2048,1,i) + (N3883, F1, i) + (N3495, F1, i) + (N1383, F1, i)(N584,1,i)}
{(N3007, F1, i) + (N485, F1, i)(N2048,1,i) + (N3883, F1, i) + (N3495, F1, i) + (N929->N3148, F0, i)}
{(N3007, F1, i) + (N485, F1, i)(N2048,1,i) + (N3883, F1, i) + (N3495, F1, i) + (N3148, F1, i)}
{(N3007, F1, i) + (N485, F1, i)(N2048,1,i) + (N3883, F1, i) + (N6->N2572, F0, i) + (N1383, F1, i)(N584,1,i)}
{(N3007, F1, i) + (N485, F1, i)(N2048,1,i) + (N3883, F1, i) + (N6->N2572, F0, i) + (N929->N3148, F0, i)}
{(N3007, F1, i) + (N485, F1, i)(N2048,1,i) + (N3883, F1, i) + (N6->N2572, F0, i) + (N3148, F1, i)}
{(N3007, F1, i) + (N485, F1, i)(N2048,1,i) + (N3883, F1, i) + (N2572, F1, i) + (N1383, F1, i)(N584,1,i)}
{(N3007, F1, i) + (N485, F1, i)(N2048,1,i) + (N3883, F1, i) + (N2572, F1, i) + (N929->N3148, F0, i)}
{(N3007, F1, i) + (N485, F1, i)(N2048,1,i) + (N3883, F1, i) + (N2572, F1, i) + (N3148, F1, i)}
{(N3007, F1, i) + (N2910, F1, i) + (N1505, F1, i) + (N728, F1, i)(N2744,1,i) + (N1383, F1, i)(N584,1,i)}
{(N3007, F1, i) + (N2910, F1, i) + (N1505, F1, i) + (N728, F1, i)(N2744,1,i) + (N929->N3148, F0, i)}
{(N3007, F1, i) + (N2910, F1, i) + (N1505, F1, i) + (N728, F1, i)(N2744,1,i) + (N3148, F1, i)}
{(N3007, F1, i) + (N2910, F1, i) + (N1505, F1, i) + (N2263, F1, i)(N3495,0,i) + (N1383, F1, i)(N584,1,i)}
{(N3007, F1, i) + (N2910, F1, i) + (N1505, F1, i) + (N2263, F1, i)(N3495,0,i) + (N929->N3148, F0, i)}
{(N3007, F1, i) + (N2910, F1, i) + (N1505, F1, i) + (N2263, F1, i)(N3495,0,i) + (N3148, F1, i)}
{(N3007, F1, i) + (N2910, F1, i) + (N1505, F1, i) + (N540->N2056, F0, i) + (N1383, F1, i)(N584,1,i)}
{(N3007, F1, i) + (N2910, F1, i) + (N1505, F1, i) + (N540->N2056, F0, i) + (N929->N3148, F0, i)}
{(N3007, F1, i) + (N2910, F1, i) + (N1505, F1, i) + (N540->N2056, F0, i) + (N3148, F1, i)}
{(N3007, F1, i) + (N2910, F1, i) + (N1505, F1, i) + (N2056, F1, i) + (N1383, F1, i)(N584,1,i)}
{(N3007, F1, i) + (N2910, F1, i) + (N1505, F1, i) + (N2056, F1, i) + (N929->N3148, F0, i)}
{(N3007, F1, i) + (N2910, F1, i) + (N1505, F1, i) + (N2056, F1, i) + (N3148, F1, i)}
{(N3007, F1, i) + (N2910, F1, i) + (N1505, F1, i) + (N2744->N3495, F0, i) + (N1383, F1, i)(N584,1,i)}
{(N3007, F1, i) + (N2910, F1, i) + (N1505, F1, i) + (N2744->N3495, F0, i) + (N929->N3148, F0, i)}
{(N3007, F1, i) + (N2910, F1, i) + (N1505, F1, i) + (N2744->N3495, F0, i) + (N3148, F1, i)}
{(N3007, F1, i) + (N2910, F1, i) + (N1505, F1, i) + (N3495, F1, i) + (N1383, F1, i)(N584,1,i)}
{(N3007, F1, i) + (N2910, F1, i) + (N1505, F1, i) + (N3495, F1, i) + (N929->N3148, F0, i)}
{(N3007, F1, i) + (N2910, F1, i) + (N1505, F1, i) + (N3495, F1, i) + (N3148, F1, i)}
{(N3007, F1, i) + (N2910, F1, i) + (N1505, F1, i) + (N6->N2572, F0, i) + (N1383, F1, i)(N584,1,i)}
{(N3007, F1, i) + (N2910, F1, i) + (N1505, F1, i) + (N6->N2572, F0, i) + (N929->N3148, F0, i)}
{(N3007, F1, i) + (N2910, F1, i) + (N1505, F1, i) + (N6->N2572, F0, i) + (N3148, F1, i)}
{(N3007, F1, i) + (N2910, F1, i) + (N1505, F1, i) + (N2572, F1, i) + (N1383, F1, i)(N584,1,i)}
{(N3007, F1, i) + (N2910, F1, i) + (N1505, F1, i) + (N2572, F1, i) + (N929->N3148, F0, i)}
{(N3007, F1, i) + (N2910, F1, i) + (N1505, F1, i) + (N2572, F1, i) + (N3148, F1, i)}
{(N3007, F1, i) + (N2910, F1, i) + (N3883, F1, i) + (N728, F1, i)(N2744,1,i) + (N1383, F1, i)(N584,1,i)}
{(N3007, F1, i) + (N2910, F1, i) + (N3883, F1, i) + (N728, F1, i)(N2744,1,i) + (N929->N3148, F0, i)}
{(N3007, F1, i) + (N2910, F1, i) + (N3883, F1, i) + (N728, F1, i)(N2744,1,i) + (N3148, F1, i)}
{(N3007, F1, i) + (N2910, F1, i) + (N3883, F1, i) + (N2263, F1, i)(N3495,0,i) + (N1383, F1, i)(N584,1,i)}
{(N3007, F1, i) + (N2910, F1, i) + (N3883, F1, i) + (N2263, F1, i)(N3495,0,i) + (N929->N3148, F0, i)}
{(N3007, F1, i) + (N2910, F1, i) + (N3883, F1, i) + (N2263, F1, i)(N3495,0,i) + (N3148, F1, i)}
{(N3007, F1, i) + (N2910, F1, i) + (N3883, F1, i) + (N540->N2056, F0, i) + (N1383, F1, i)(N584,1,i)}
{(N3007, F1, i) + (N2910, F1, i) + (N3883, F1, i) + (N540->N2056, F0, i) + (N929->N3148, F0, i)}
{(N3007, F1, i) + (N2910, F1, i) + (N3883, F1, i) + (N540->N2056, F0, i) + (N3148, F1, i)}
{(N3007, F1, i) + (N2910, F1, i) + (N3883, F1, i) + (N2056, F1, i) + (N1383, F1, i)(N584,1,i)}
{(N3007, F1, i) + (N2910, F1, i) + (N3883, F1, i) + (N2056, F1, i) + (N929->N3148, F0, i)}
{(N3007, F1, i) + (N2910, F1, i) + (N3883, F1, i) + (N2056, F1, i) + (N3148, F1, i)}
{(N3007, F1, i) + (N2910, F1, i) + (N3883, F1, i) + (N2744->N3495, F0, i) + (N1383, F1, i)(N584,1,i)}
{(N3007, F1, i) + (N2910, F1, i) + (N3883, F1, i) + (N2744->N3495, F0, i) + (N929->N3148, F0, i)}
{(N3007, F1, i) + (N2910, F1, i) + (N3883, F1, i) + (N2744->N3495, F0, i) + (N3148, F1, i)}
{(N3007, F1, i) + (N2910, F1, i) + (N3883, F1, i) + (N3495, F1, i) + (N1383, F1, i)(N584,1,i)}
{(N3007, F1, i) + (N2910, F1, i) + (N3883, F1, i) + (N3495, F1, i) + (N929->N3148, F0, i)}
{(N3007, F1, i) + (N2910, F1, i) + (N3883, F1, i) + (N3495, F1, i) + (N3148, F1, i)}
{(N3007, F1, i) + (N2910, F1, i) + (N3883, F1, i) + (N6->N2572, F0, i) + (N1383, F1, i)(N584,1,i)}
{(N3007, F1, i) + (N2910, F1, i) + (N3883, F1, i) + (N6->N2572, F0, i) + (N929->N3148, F0, i)}
{(N3007, F1, i) + (N2910, F1, i) + (N3883, F1, i) + (N6->N2572, F0, i) + (N3148, F1, i)}
{(N3007, F1, i) + (N2910, F1, i) + (N3883, F1, i) + (N2572, F1, i) + (N1383, F1, i)(N584,1,i)}
{(N3007, F1, i) + (N2910, F1, i) + (N3883, F1, i) + (N2572, F1, i) + (N929->N3148, F0, i)}
{(N3007, F1, i) + (N2910, F1, i) + (N3883, F1, i) + (N2572, F1, i) + (N3148, F1, i)}
{(N3007, F1, i) + (N827, F0, i) + (N1505, F1, i) + (N728, F1, i)(N2744,1,i) + (N1383, F1, i)(N584,1,i)}
{(N3007, F1, i) + (N827, F0, i) + (N1505, F1, i) + (N728, F1, i)(N2744,1,i) + (N929->N3148, F0, i)}
{(N3007, F1, i) + (N827, F0, i) + (N1505, F1, i) + (N728, F1, i)(N2744,1,i) + (N3148, F1, i)}
{(N3007, F1, i) + (N827, F0, i) + (N1505, F1, i) + (N2263, F1, i)(N3495,0,i) + (N1383, F1, i)(N584,1,i)}
{(N3007, F1, i) + (N827, F0, i) + (N1505, F1, i) + (N2263, F1, i)(N3495,0,i) + (N929->N3148, F0, i)}
{(N3007, F1, i) + (N827, F0, i) + (N1505, F1, i) + (N2263, F1, i)(N3495,0,i) + (N3148, F1, i)}
{(N3007, F1, i) + (N827, F0, i) + (N1505, F1, i) + (N540->N2056, F0, i) + (N1383, F1, i)(N584,1,i)}
{(N3007, F1, i) + (N827, F0, i) + (N1505, F1, i) + (N540->N2056, F0, i) + (N929->N3148, F0, i)}
{(N3007, F1, i) + (N827, F0, i) + (N1505, F1, i) + (N540->N2056, F0, i) + (N3148, F1, i)}
{(N3007, F1, i) + (N827, F0, i) + (N1505, F1, i) + (N2056, F1, i) + (N1383, F1, i)(N584,1,i)}
{(N3007, F1, i) + (N827, F0, i) + (N1505, F1, i) + (N2056, F1, i) + (N929->N3148, F0, i)}
{(N3007, F1, i) + (N827, F0, i) + (N1505, F1, i) + (N2056, F1, i) + (N3148, F1, i)}
{(N3007, F1, i) + (N827, F0, i) + (N1505, F1, i) + (N2744->N3495, F0, i) + (N1383, F1, i)(N584,1,i)}
{(N3007, F1, i) + (N827, F0, i) + (N1505, F1, i) + (N2744->N3495, F0, i) + (N929->N3148, F0, i)}
{(N3007, F1, i) + (N827, F0, i) + (N1505, F1, i) + (N2744->N3495, F0, i) + (N3148, F1, i)}
{(N3007, F1, i) + (N827, F0, i) + (N1505, F1, i) + (N3495, F1, i) + (N1383, F1, i)(N584,1,i)}
{(N3007, F1, i) + (N827, F0, i) + (N1505, F1, i) + (N3495, F1, i) + (N929->N3148, F0, i)}
{(N3007, F1, i) + (N827, F0, i) + (N1505, F1, i) + (N3495, F1, i) + (N3148, F1, i)}
{(N3007, F1, i) + (N827, F0, i) + (N1505, F1, i) + (N6->N2572, F0, i) + (N1383, F1, i)(N584,1,i)}
{(N3007, F1, i) + (N827, F0, i) + (N1505, F1, i) + (N6->N2572, F0, i) + (N929->N3148, F0, i)}
{(N3007, F1, i) + (N827, F0, i) + (N1505, F1, i) + (N6->N2572, F0, i) + (N3148, F1, i)}
{(N3007, F1, i) + (N827, F0, i) + (N1505, F1, i) + (N2572, F1, i) + (N1383, F1, i)(N584,1,i)}
{(N3007, F1, i) + (N827, F0, i) + (N1505, F1, i) + (N2572, F1, i) + (N929->N3148, F0, i)}
{(N3007, F1, i) + (N827, F0, i) + (N1505, F1, i) + (N2572, F1, i) + (N3148, F1, i)}
{(N3007, F1, i) + (N827, F0, i) + (N3883, F1, i) + (N728, F1, i)(N2744,1,i) + (N1383, F1, i)(N584,1,i)}
{(N3007, F1, i) + (N827, F0, i) + (N3883, F1, i) + (N728, F1, i)(N2744,1,i) + (N929->N3148, F0, i)}
{(N3007, F1, i) + (N827, F0, i) + (N3883, F1, i) + (N728, F1, i)(N2744,1,i) + (N3148, F1, i)}
{(N3007, F1, i) + (N827, F0, i) + (N3883, F1, i) + (N2263, F1, i)(N3495,0,i) + (N1383, F1, i)(N584,1,i)}
{(N3007, F1, i) + (N827, F0, i) + (N3883, F1, i) + (N2263, F1, i)(N3495,0,i) + (N929->N3148, F0, i)}
{(N3007, F1, i) + (N827, F0, i) + (N3883, F1, i) + (N2263, F1, i)(N3495,0,i) + (N3148, F1, i)}
{(N3007, F1, i) + (N827, F0, i) + (N3883, F1, i) + (N540->N2056, F0, i) + (N1383, F1, i)(N584,1,i)}
{(N3007, F1, i) + (N827, F0, i) + (N3883, F1, i) + (N540->N2056, F0, i) + (N929->N3148, F0, i)}
{(N3007, F1, i) + (N827, F0, i) + (N3883, F1, i) + (N540->N2056, F0, i) + (N3148, F1, i)}
{(N3007, F1, i) + (N827, F0, i) + (N3883, F1, i) + (N2056, F1, i) + (N1383, F1, i)(N584,1,i)}
{(N3007, F1, i) + (N827, F0, i) + (N3883, F1, i) + (N2056, F1, i) + (N929->N3148, F0, i)}
{(N3007, F1, i) + (N827, F0, i) + (N3883, F1, i) + (N2056, F1, i) + (N3148, F1, i)}
{(N3007, F1, i) + (N827, F0, i) + (N3883, F1, i) + (N2744->N3495, F0, i) + (N1383, F1, i)(N584,1,i)}
{(N3007, F1, i) + (N827, F0, i) + (N3883, F1, i) + (N2744->N3495, F0, i) + (N929->N3148, F0, i)}
{(N3007, F1, i) + (N827, F0, i) + (N3883, F1, i) + (N2744->N3495, F0, i) + (N3148, F1, i)}
{(N3007, F1, i) + (N827, F0, i) + (N3883, F1, i) + (N3495, F1, i) + (N1383, F1, i)(N584,1,i)}
{(N3007, F1, i) + (N827, F0, i) + (N3883, F1, i) + (N3495, F1, i) + (N929->N3148, F0, i)}
{(N3007, F1, i) + (N827, F0, i) + (N3883, F1, i) + (N3495, F1, i) + (N3148, F1, i)}
{(N3007, F1, i) + (N827, F0, i) + (N3883, F1, i) + (N6->N2572, F0, i) + (N1383, F1, i)(N584,1,i)}
{(N3007, F1, i) + (N827, F0, i) + (N3883, F1, i) + (N6->N2572, F0, i) + (N929->N3148, F0, i)}
{(N3007, F1, i) + (N827, F0, i) + (N3883, F1, i) + (N6->N2572, F0, i) + (N3148, F1, i)}
{(N3007, F1, i) + (N827, F0, i) + (N3883, F1, i) + (N2572, F1, i) + (N1383, F1, i)(N584,1,i)}
{(N3007, F1, i) + (N827, F0, i) + (N3883, F1, i) + (N2572, F1, i) + (N929->N3148, F0, i)}
{(N3007, F1, i) + (N827, F0, i) + (N3883, F1, i) + (N2572, F1, i) + (N3148, F1, i)}
{(N3007, F1, i) + (N2561->N2564, F0, i) + (N1505, F1, i) + (N728, F1, i)(N2744,1,i) + (N1383, F1, i)(N584,1,i)}
{(N3007, F1, i) + (N2561->N2564, F0, i) + (N1505, F1, i) + (N728, F1, i)(N2744,1,i) + (N929->N3148, F0, i)}
{(N3007, F1, i) + (N2561->N2564, F0, i) + (N1505, F1, i) + (N728, F1, i)(N2744,1,i) + (N3148, F1, i)}
{(N3007, F1, i) + (N2561->N2564, F0, i) + (N1505, F1, i) + (N2263, F1, i)(N3495,0,i) + (N1383, F1, i)(N584,1,i)}
{(N3007, F1, i) + (N2561->N2564, F0, i) + (N1505, F1, i) + (N2263, F1, i)(N3495,0,i) + (N929->N3148, F0, i)}
{(N3007, F1, i) + (N2561->N2564, F0, i) + (N1505, F1, i) + (N2263, F1, i)(N3495,0,i) + (N3148, F1, i)}
{(N3007, F1, i) + (N2561->N2564, F0, i) + (N1505, F1, i) + (N540->N2056, F0, i) + (N1383, F1, i)(N584,1,i)}
{(N3007, F1, i) + (N2561->N2564, F0, i) + (N1505, F1, i) + (N540->N2056, F0, i) + (N929->N3148, F0, i)}
{(N3007, F1, i) + (N2561->N2564, F0, i) + (N1505, F1, i) + (N540->N2056, F0, i) + (N3148, F1, i)}
{(N3007, F1, i) + (N2561->N2564, F0, i) + (N1505, F1, i) + (N2056, F1, i) + (N1383, F1, i)(N584,1,i)}
{(N3007, F1, i) + (N2561->N2564, F0, i) + (N1505, F1, i) + (N2056, F1, i) + (N929->N3148, F0, i)}
{(N3007, F1, i) + (N2561->N2564, F0, i) + (N1505, F1, i) + (N2056, F1, i) + (N3148, F1, i)}
{(N3007, F1, i) + (N2561->N2564, F0, i) + (N1505, F1, i) + (N2744->N3495, F0, i) + (N1383, F1, i)(N584,1,i)}
{(N3007, F1, i) + (N2561->N2564, F0, i) + (N1505, F1, i) + (N2744->N3495, F0, i) + (N929->N3148, F0, i)}
{(N3007, F1, i) + (N2561->N2564, F0, i) + (N1505, F1, i) + (N2744->N3495, F0, i) + (N3148, F1, i)}
{(N3007, F1, i) + (N2561->N2564, F0, i) + (N1505, F1, i) + (N3495, F1, i) + (N1383, F1, i)(N584,1,i)}
{(N3007, F1, i) + (N2561->N2564, F0, i) + (N1505, F1, i) + (N3495, F1, i) + (N929->N3148, F0, i)}
{(N3007, F1, i) + (N2561->N2564, F0, i) + (N1505, F1, i) + (N3495, F1, i) + (N3148, F1, i)}
{(N3007, F1, i) + (N2561->N2564, F0, i) + (N1505, F1, i) + (N6->N2572, F0, i) + (N1383, F1, i)(N584,1,i)}
{(N3007, F1, i) + (N2561->N2564, F0, i) + (N1505, F1, i) + (N6->N2572, F0, i) + (N929->N3148, F0, i)}
{(N3007, F1, i) + (N2561->N2564, F0, i) + (N1505, F1, i) + (N6->N2572, F0, i) + (N3148, F1, i)}
{(N3007, F1, i) + (N2561->N2564, F0, i) + (N1505, F1, i) + (N2572, F1, i) + (N1383, F1, i)(N584,1,i)}
{(N3007, F1, i) + (N2561->N2564, F0, i) + (N1505, F1, i) + (N2572, F1, i) + (N929->N3148, F0, i)}
{(N3007, F1, i) + (N2561->N2564, F0, i) + (N1505, F1, i) + (N2572, F1, i) + (N3148, F1, i)}
{(N3007, F1, i) + (N2561->N2564, F0, i) + (N3883, F1, i) + (N728, F1, i)(N2744,1,i) + (N1383, F1, i)(N584,1,i)}
{(N3007, F1, i) + (N2561->N2564, F0, i) + (N3883, F1, i) + (N728, F1, i)(N2744,1,i) + (N929->N3148, F0, i)}
{(N3007, F1, i) + (N2561->N2564, F0, i) + (N3883, F1, i) + (N728, F1, i)(N2744,1,i) + (N3148, F1, i)}
{(N3007, F1, i) + (N2561->N2564, F0, i) + (N3883, F1, i) + (N2263, F1, i)(N3495,0,i) + (N1383, F1, i)(N584,1,i)}
{(N3007, F1, i) + (N2561->N2564, F0, i) + (N3883, F1, i) + (N2263, F1, i)(N3495,0,i) + (N929->N3148, F0, i)}
{(N3007, F1, i) + (N2561->N2564, F0, i) + (N3883, F1, i) + (N2263, F1, i)(N3495,0,i) + (N3148, F1, i)}
{(N3007, F1, i) + (N2561->N2564, F0, i) + (N3883, F1, i) + (N540->N2056, F0, i) + (N1383, F1, i)(N584,1,i)}
{(N3007, F1, i) + (N2561->N2564, F0, i) + (N3883, F1, i) + (N540->N2056, F0, i) + (N929->N3148, F0, i)}
{(N3007, F1, i) + (N2561->N2564, F0, i) + (N3883, F1, i) + (N540->N2056, F0, i) + (N3148, F1, i)}
{(N3007, F1, i) + (N2561->N2564, F0, i) + (N3883, F1, i) + (N2056, F1, i) + (N1383, F1, i)(N584,1,i)}
{(N3007, F1, i) + (N2561->N2564, F0, i) + (N3883, F1, i) + (N2056, F1, i) + (N929->N3148, F0, i)}
{(N3007, F1, i) + (N2561->N2564, F0, i) + (N3883, F1, i) + (N2056, F1, i) + (N3148, F1, i)}
{(N3007, F1, i) + (N2561->N2564, F0, i) + (N3883, F1, i) + (N2744->N3495, F0, i) + (N1383, F1, i)(N584,1,i)}
{(N3007, F1, i) + (N2561->N2564, F0, i) + (N3883, F1, i) + (N2744->N3495, F0, i) + (N929->N3148, F0, i)}
{(N3007, F1, i) + (N2561->N2564, F0, i) + (N3883, F1, i) + (N2744->N3495, F0, i) + (N3148, F1, i)}
{(N3007, F1, i) + (N2561->N2564, F0, i) + (N3883, F1, i) + (N3495, F1, i) + (N1383, F1, i)(N584,1,i)}
{(N3007, F1, i) + (N2561->N2564, F0, i) + (N3883, F1, i) + (N3495, F1, i) + (N929->N3148, F0, i)}
{(N3007, F1, i) + (N2561->N2564, F0, i) + (N3883, F1, i) + (N3495, F1, i) + (N3148, F1, i)}
{(N3007, F1, i) + (N2561->N2564, F0, i) + (N3883, F1, i) + (N6->N2572, F0, i) + (N1383, F1, i)(N584,1,i)}
{(N3007, F1, i) + (N2561->N2564, F0, i) + (N3883, F1, i) + (N6->N2572, F0, i) + (N929->N3148, F0, i)}
{(N3007, F1, i) + (N2561->N2564, F0, i) + (N3883, F1, i) + (N6->N2572, F0, i) + (N3148, F1, i)}
{(N3007, F1, i) + (N2561->N2564, F0, i) + (N3883, F1, i) + (N2572, F1, i) + (N1383, F1, i)(N584,1,i)}
{(N3007, F1, i) + (N2561->N2564, F0, i) + (N3883, F1, i) + (N2572, F1, i) + (N929->N3148, F0, i)}
{(N3007, F1, i) + (N2561->N2564, F0, i) + (N3883, F1, i) + (N2572, F1, i) + (N3148, F1, i)}
{(N3007, F1, i) + (N2564, F0, i) + (N1505, F1, i) + (N728, F1, i)(N2744,1,i) + (N1383, F1, i)(N584,1,i)}
{(N3007, F1, i) + (N2564, F0, i) + (N1505, F1, i) + (N728, F1, i)(N2744,1,i) + (N929->N3148, F0, i)}
{(N3007, F1, i) + (N2564, F0, i) + (N1505, F1, i) + (N728, F1, i)(N2744,1,i) + (N3148, F1, i)}
{(N3007, F1, i) + (N2564, F0, i) + (N1505, F1, i) + (N2263, F1, i)(N3495,0,i) + (N1383, F1, i)(N584,1,i)}
{(N3007, F1, i) + (N2564, F0, i) + (N1505, F1, i) + (N2263, F1, i)(N3495,0,i) + (N929->N3148, F0, i)}
{(N3007, F1, i) + (N2564, F0, i) + (N1505, F1, i) + (N2263, F1, i)(N3495,0,i) + (N3148, F1, i)}
{(N3007, F1, i) + (N2564, F0, i) + (N1505, F1, i) + (N540->N2056, F0, i) + (N1383, F1, i)(N584,1,i)}
{(N3007, F1, i) + (N2564, F0, i) + (N1505, F1, i) + (N540->N2056, F0, i) + (N929->N3148, F0, i)}
{(N3007, F1, i) + (N2564, F0, i) + (N1505, F1, i) + (N540->N2056, F0, i) + (N3148, F1, i)}
{(N3007, F1, i) + (N2564, F0, i) + (N1505, F1, i) + (N2056, F1, i) + (N1383, F1, i)(N584,1,i)}
{(N3007, F1, i) + (N2564, F0, i) + (N1505, F1, i) + (N2056, F1, i) + (N929->N3148, F0, i)}
{(N3007, F1, i) + (N2564, F0, i) + (N1505, F1, i) + (N2056, F1, i) + (N3148, F1, i)}
{(N3007, F1, i) + (N2564, F0, i) + (N1505, F1, i) + (N2744->N3495, F0, i) + (N1383, F1, i)(N584,1,i)}
{(N3007, F1, i) + (N2564, F0, i) + (N1505, F1, i) + (N2744->N3495, F0, i) + (N929->N3148, F0, i)}
{(N3007, F1, i) + (N2564, F0, i) + (N1505, F1, i) + (N2744->N3495, F0, i) + (N3148, F1, i)}
{(N3007, F1, i) + (N2564, F0, i) + (N1505, F1, i) + (N3495, F1, i) + (N1383, F1, i)(N584,1,i)}
{(N3007, F1, i) + (N2564, F0, i) + (N1505, F1, i) + (N3495, F1, i) + (N929->N3148, F0, i)}
{(N3007, F1, i) + (N2564, F0, i) + (N1505, F1, i) + (N3495, F1, i) + (N3148, F1, i)}
{(N3007, F1, i) + (N2564, F0, i) + (N1505, F1, i) + (N6->N2572, F0, i) + (N1383, F1, i)(N584,1,i)}
{(N3007, F1, i) + (N2564, F0, i) + (N1505, F1, i) + (N6->N2572, F0, i) + (N929->N3148, F0, i)}
{(N3007, F1, i) + (N2564, F0, i) + (N1505, F1, i) + (N6->N2572, F0, i) + (N3148, F1, i)}
{(N3007, F1, i) + (N2564, F0, i) + (N1505, F1, i) + (N2572, F1, i) + (N1383, F1, i)(N584,1,i)}
{(N3007, F1, i) + (N2564, F0, i) + (N1505, F1, i) + (N2572, F1, i) + (N929->N3148, F0, i)}
{(N3007, F1, i) + (N2564, F0, i) + (N1505, F1, i) + (N2572, F1, i) + (N3148, F1, i)}
{(N3007, F1, i) + (N2564, F0, i) + (N3883, F1, i) + (N728, F1, i)(N2744,1,i) + (N1383, F1, i)(N584,1,i)}
{(N3007, F1, i) + (N2564, F0, i) + (N3883, F1, i) + (N728, F1, i)(N2744,1,i) + (N929->N3148, F0, i)}
{(N3007, F1, i) + (N2564, F0, i) + (N3883, F1, i) + (N728, F1, i)(N2744,1,i) + (N3148, F1, i)}
{(N3007, F1, i) + (N2564, F0, i) + (N3883, F1, i) + (N2263, F1, i)(N3495,0,i) + (N1383, F1, i)(N584,1,i)}
{(N3007, F1, i) + (N2564, F0, i) + (N3883, F1, i) + (N2263, F1, i)(N3495,0,i) + (N929->N3148, F0, i)}
{(N3007, F1, i) + (N2564, F0, i) + (N3883, F1, i) + (N2263, F1, i)(N3495,0,i) + (N3148, F1, i)}
{(N3007, F1, i) + (N2564, F0, i) + (N3883, F1, i) + (N540->N2056, F0, i) + (N1383, F1, i)(N584,1,i)}
{(N3007, F1, i) + (N2564, F0, i) + (N3883, F1, i) + (N540->N2056, F0, i) + (N929->N3148, F0, i)}
{(N3007, F1, i) + (N2564, F0, i) + (N3883, F1, i) + (N540->N2056, F0, i) + (N3148, F1, i)}
{(N3007, F1, i) + (N2564, F0, i) + (N3883, F1, i) + (N2056, F1, i) + (N1383, F1, i)(N584,1,i)}
{(N3007, F1, i) + (N2564, F0, i) + (N3883, F1, i) + (N2056, F1, i) + (N929->N3148, F0, i)}
{(N3007, F1, i) + (N2564, F0, i) + (N3883, F1, i) + (N2056, F1, i) + (N3148, F1, i)}
{(N3007, F1, i) + (N2564, F0, i) + (N3883, F1, i) + (N2744->N3495, F0, i) + (N1383, F1, i)(N584,1,i)}
{(N3007, F1, i) + (N2564, F0, i) + (N3883, F1, i) + (N2744->N3495, F0, i) + (N929->N3148, F0, i)}
{(N3007, F1, i) + (N2564, F0, i) + (N3883, F1, i) + (N2744->N3495, F0, i) + (N3148, F1, i)}
{(N3007, F1, i) + (N2564, F0, i) + (N3883, F1, i) + (N3495, F1, i) + (N1383, F1, i)(N584,1,i)}
{(N3007, F1, i) + (N2564, F0, i) + (N3883, F1, i) + (N3495, F1, i) + (N929->N3148, F0, i)}
{(N3007, F1, i) + (N2564, F0, i) + (N3883, F1, i) + (N3495, F1, i) + (N3148, F1, i)}
{(N3007, F1, i) + (N2564, F0, i) + (N3883, F1, i) + (N6->N2572, F0, i) + (N1383, F1, i)(N584,1,i)}
{(N3007, F1, i) + (N2564, F0, i) + (N3883, F1, i) + (N6->N2572, F0, i) + (N929->N3148, F0, i)}
{(N3007, F1, i) + (N2564, F0, i) + (N3883, F1, i) + (N6->N2572, F0, i) + (N3148, F1, i)}
{(N3007, F1, i) + (N2564, F0, i) + (N3883, F1, i) + (N2572, F1, i) + (N1383, F1, i)(N584,1,i)}
{(N3007, F1, i) + (N2564, F0, i) + (N3883, F1, i) + (N2572, F1, i) + (N929->N3148, F0, i)}
{(N3007, F1, i) + (N2564, F0, i) + (N3883, F1, i) + (N2572, F1, i) + (N3148, F1, i)}
{(N3007, F1, i) + (N1241->N2206, F1, i) + (N1505, F1, i) + (N728, F1, i)(N2744,1,i) + (N1383, F1, i)(N584,1,i)}
{(N3007, F1, i) + (N1241->N2206, F1, i) + (N1505, F1, i) + (N728, F1, i)(N2744,1,i) + (N929->N3148, F0, i)}
{(N3007, F1, i) + (N1241->N2206, F1, i) + (N1505, F1, i) + (N728, F1, i)(N2744,1,i) + (N3148, F1, i)}
{(N3007, F1, i) + (N1241->N2206, F1, i) + (N1505, F1, i) + (N2263, F1, i)(N3495,0,i) + (N1383, F1, i)(N584,1,i)}
{(N3007, F1, i) + (N1241->N2206, F1, i) + (N1505, F1, i) + (N2263, F1, i)(N3495,0,i) + (N929->N3148, F0, i)}
{(N3007, F1, i) + (N1241->N2206, F1, i) + (N1505, F1, i) + (N2263, F1, i)(N3495,0,i) + (N3148, F1, i)}
{(N3007, F1, i) + (N1241->N2206, F1, i) + (N1505, F1, i) + (N540->N2056, F0, i) + (N1383, F1, i)(N584,1,i)}
{(N3007, F1, i) + (N1241->N2206, F1, i) + (N1505, F1, i) + (N540->N2056, F0, i) + (N929->N3148, F0, i)}
{(N3007, F1, i) + (N1241->N2206, F1, i) + (N1505, F1, i) + (N540->N2056, F0, i) + (N3148, F1, i)}
{(N3007, F1, i) + (N1241->N2206, F1, i) + (N1505, F1, i) + (N2056, F1, i) + (N1383, F1, i)(N584,1,i)}
{(N3007, F1, i) + (N1241->N2206, F1, i) + (N1505, F1, i) + (N2056, F1, i) + (N929->N3148, F0, i)}
{(N3007, F1, i) + (N1241->N2206, F1, i) + (N1505, F1, i) + (N2056, F1, i) + (N3148, F1, i)}
{(N3007, F1, i) + (N1241->N2206, F1, i) + (N1505, F1, i) + (N2744->N3495, F0, i) + (N1383, F1, i)(N584,1,i)}
{(N3007, F1, i) + (N1241->N2206, F1, i) + (N1505, F1, i) + (N2744->N3495, F0, i) + (N929->N3148, F0, i)}
{(N3007, F1, i) + (N1241->N2206, F1, i) + (N1505, F1, i) + (N2744->N3495, F0, i) + (N3148, F1, i)}
{(N3007, F1, i) + (N1241->N2206, F1, i) + (N1505, F1, i) + (N3495, F1, i) + (N1383, F1, i)(N584,1,i)}
{(N3007, F1, i) + (N1241->N2206, F1, i) + (N1505, F1, i) + (N3495, F1, i) + (N929->N3148, F0, i)}
{(N3007, F1, i) + (N1241->N2206, F1, i) + (N1505, F1, i) + (N3495, F1, i) + (N3148, F1, i)}
{(N3007, F1, i) + (N1241->N2206, F1, i) + (N1505, F1, i) + (N6->N2572, F0, i) + (N1383, F1, i)(N584,1,i)}
{(N3007, F1, i) + (N1241->N2206, F1, i) + (N1505, F1, i) + (N6->N2572, F0, i) + (N929->N3148, F0, i)}
{(N3007, F1, i) + (N1241->N2206, F1, i) + (N1505, F1, i) + (N6->N2572, F0, i) + (N3148, F1, i)}
{(N3007, F1, i) + (N1241->N2206, F1, i) + (N1505, F1, i) + (N2572, F1, i) + (N1383, F1, i)(N584,1,i)}
{(N3007, F1, i) + (N1241->N2206, F1, i) + (N1505, F1, i) + (N2572, F1, i) + (N929->N3148, F0, i)}
{(N3007, F1, i) + (N1241->N2206, F1, i) + (N1505, F1, i) + (N2572, F1, i) + (N3148, F1, i)}
{(N3007, F1, i) + (N1241->N2206, F1, i) + (N3883, F1, i) + (N728, F1, i)(N2744,1,i) + (N1383, F1, i)(N584,1,i)}
{(N3007, F1, i) + (N1241->N2206, F1, i) + (N3883, F1, i) + (N728, F1, i)(N2744,1,i) + (N929->N3148, F0, i)}
{(N3007, F1, i) + (N1241->N2206, F1, i) + (N3883, F1, i) + (N728, F1, i)(N2744,1,i) + (N3148, F1, i)}
{(N3007, F1, i) + (N1241->N2206, F1, i) + (N3883, F1, i) + (N2263, F1, i)(N3495,0,i) + (N1383, F1, i)(N584,1,i)}
{(N3007, F1, i) + (N1241->N2206, F1, i) + (N3883, F1, i) + (N2263, F1, i)(N3495,0,i) + (N929->N3148, F0, i)}
{(N3007, F1, i) + (N1241->N2206, F1, i) + (N3883, F1, i) + (N2263, F1, i)(N3495,0,i) + (N3148, F1, i)}
{(N3007, F1, i) + (N1241->N2206, F1, i) + (N3883, F1, i) + (N540->N2056, F0, i) + (N1383, F1, i)(N584,1,i)}
{(N3007, F1, i) + (N1241->N2206, F1, i) + (N3883, F1, i) + (N540->N2056, F0, i) + (N929->N3148, F0, i)}
{(N3007, F1, i) + (N1241->N2206, F1, i) + (N3883, F1, i) + (N540->N2056, F0, i) + (N3148, F1, i)}
{(N3007, F1, i) + (N1241->N2206, F1, i) + (N3883, F1, i) + (N2056, F1, i) + (N1383, F1, i)(N584,1,i)}
{(N3007, F1, i) + (N1241->N2206, F1, i) + (N3883, F1, i) + (N2056, F1, i) + (N929->N3148, F0, i)}
{(N3007, F1, i) + (N1241->N2206, F1, i) + (N3883, F1, i) + (N2056, F1, i) + (N3148, F1, i)}
{(N3007, F1, i) + (N1241->N2206, F1, i) + (N3883, F1, i) + (N2744->N3495, F0, i) + (N1383, F1, i)(N584,1,i)}
{(N3007, F1, i) + (N1241->N2206, F1, i) + (N3883, F1, i) + (N2744->N3495, F0, i) + (N929->N3148, F0, i)}
{(N3007, F1, i) + (N1241->N2206, F1, i) + (N3883, F1, i) + (N2744->N3495, F0, i) + (N3148, F1, i)}
{(N3007, F1, i) + (N1241->N2206, F1, i) + (N3883, F1, i) + (N3495, F1, i) + (N1383, F1, i)(N584,1,i)}
{(N3007, F1, i) + (N1241->N2206, F1, i) + (N3883, F1, i) + (N3495, F1, i) + (N929->N3148, F0, i)}
{(N3007, F1, i) + (N1241->N2206, F1, i) + (N3883, F1, i) + (N3495, F1, i) + (N3148, F1, i)}
{(N3007, F1, i) + (N1241->N2206, F1, i) + (N3883, F1, i) + (N6->N2572, F0, i) + (N1383, F1, i)(N584,1,i)}
{(N3007, F1, i) + (N1241->N2206, F1, i) + (N3883, F1, i) + (N6->N2572, F0, i) + (N929->N3148, F0, i)}
{(N3007, F1, i) + (N1241->N2206, F1, i) + (N3883, F1, i) + (N6->N2572, F0, i) + (N3148, F1, i)}
{(N3007, F1, i) + (N1241->N2206, F1, i) + (N3883, F1, i) + (N2572, F1, i) + (N1383, F1, i)(N584,1,i)}
{(N3007, F1, i) + (N1241->N2206, F1, i) + (N3883, F1, i) + (N2572, F1, i) + (N929->N3148, F0, i)}
{(N3007, F1, i) + (N1241->N2206, F1, i) + (N3883, F1, i) + (N2572, F1, i) + (N3148, F1, i)}
{(N3007, F1, i) + (N2206, F0, i) + (N1505, F1, i) + (N728, F1, i)(N2744,1,i) + (N1383, F1, i)(N584,1,i)}
{(N3007, F1, i) + (N2206, F0, i) + (N1505, F1, i) + (N728, F1, i)(N2744,1,i) + (N929->N3148, F0, i)}
{(N3007, F1, i) + (N2206, F0, i) + (N1505, F1, i) + (N728, F1, i)(N2744,1,i) + (N3148, F1, i)}
{(N3007, F1, i) + (N2206, F0, i) + (N1505, F1, i) + (N2263, F1, i)(N3495,0,i) + (N1383, F1, i)(N584,1,i)}
{(N3007, F1, i) + (N2206, F0, i) + (N1505, F1, i) + (N2263, F1, i)(N3495,0,i) + (N929->N3148, F0, i)}
{(N3007, F1, i) + (N2206, F0, i) + (N1505, F1, i) + (N2263, F1, i)(N3495,0,i) + (N3148, F1, i)}
{(N3007, F1, i) + (N2206, F0, i) + (N1505, F1, i) + (N540->N2056, F0, i) + (N1383, F1, i)(N584,1,i)}
{(N3007, F1, i) + (N2206, F0, i) + (N1505, F1, i) + (N540->N2056, F0, i) + (N929->N3148, F0, i)}
{(N3007, F1, i) + (N2206, F0, i) + (N1505, F1, i) + (N540->N2056, F0, i) + (N3148, F1, i)}
{(N3007, F1, i) + (N2206, F0, i) + (N1505, F1, i) + (N2056, F1, i) + (N1383, F1, i)(N584,1,i)}
{(N3007, F1, i) + (N2206, F0, i) + (N1505, F1, i) + (N2056, F1, i) + (N929->N3148, F0, i)}
{(N3007, F1, i) + (N2206, F0, i) + (N1505, F1, i) + (N2056, F1, i) + (N3148, F1, i)}
{(N3007, F1, i) + (N2206, F0, i) + (N1505, F1, i) + (N2744->N3495, F0, i) + (N1383, F1, i)(N584,1,i)}
{(N3007, F1, i) + (N2206, F0, i) + (N1505, F1, i) + (N2744->N3495, F0, i) + (N929->N3148, F0, i)}
{(N3007, F1, i) + (N2206, F0, i) + (N1505, F1, i) + (N2744->N3495, F0, i) + (N3148, F1, i)}
{(N3007, F1, i) + (N2206, F0, i) + (N1505, F1, i) + (N3495, F1, i) + (N1383, F1, i)(N584,1,i)}
{(N3007, F1, i) + (N2206, F0, i) + (N1505, F1, i) + (N3495, F1, i) + (N929->N3148, F0, i)}
{(N3007, F1, i) + (N2206, F0, i) + (N1505, F1, i) + (N3495, F1, i) + (N3148, F1, i)}
{(N3007, F1, i) + (N2206, F0, i) + (N1505, F1, i) + (N6->N2572, F0, i) + (N1383, F1, i)(N584,1,i)}
{(N3007, F1, i) + (N2206, F0, i) + (N1505, F1, i) + (N6->N2572, F0, i) + (N929->N3148, F0, i)}
{(N3007, F1, i) + (N2206, F0, i) + (N1505, F1, i) + (N6->N2572, F0, i) + (N3148, F1, i)}
{(N3007, F1, i) + (N2206, F0, i) + (N1505, F1, i) + (N2572, F1, i) + (N1383, F1, i)(N584,1,i)}
{(N3007, F1, i) + (N2206, F0, i) + (N1505, F1, i) + (N2572, F1, i) + (N929->N3148, F0, i)}
{(N3007, F1, i) + (N2206, F0, i) + (N1505, F1, i) + (N2572, F1, i) + (N3148, F1, i)}
{(N3007, F1, i) + (N2206, F0, i) + (N3883, F1, i) + (N728, F1, i)(N2744,1,i) + (N1383, F1, i)(N584,1,i)}
{(N3007, F1, i) + (N2206, F0, i) + (N3883, F1, i) + (N728, F1, i)(N2744,1,i) + (N929->N3148, F0, i)}
{(N3007, F1, i) + (N2206, F0, i) + (N3883, F1, i) + (N728, F1, i)(N2744,1,i) + (N3148, F1, i)}
{(N3007, F1, i) + (N2206, F0, i) + (N3883, F1, i) + (N2263, F1, i)(N3495,0,i) + (N1383, F1, i)(N584,1,i)}
{(N3007, F1, i) + (N2206, F0, i) + (N3883, F1, i) + (N2263, F1, i)(N3495,0,i) + (N929->N3148, F0, i)}
{(N3007, F1, i) + (N2206, F0, i) + (N3883, F1, i) + (N2263, F1, i)(N3495,0,i) + (N3148, F1, i)}
{(N3007, F1, i) + (N2206, F0, i) + (N3883, F1, i) + (N540->N2056, F0, i) + (N1383, F1, i)(N584,1,i)}
{(N3007, F1, i) + (N2206, F0, i) + (N3883, F1, i) + (N540->N2056, F0, i) + (N929->N3148, F0, i)}
{(N3007, F1, i) + (N2206, F0, i) + (N3883, F1, i) + (N540->N2056, F0, i) + (N3148, F1, i)}
{(N3007, F1, i) + (N2206, F0, i) + (N3883, F1, i) + (N2056, F1, i) + (N1383, F1, i)(N584,1,i)}
{(N3007, F1, i) + (N2206, F0, i) + (N3883, F1, i) + (N2056, F1, i) + (N929->N3148, F0, i)}
{(N3007, F1, i) + (N2206, F0, i) + (N3883, F1, i) + (N2056, F1, i) + (N3148, F1, i)}
{(N3007, F1, i) + (N2206, F0, i) + (N3883, F1, i) + (N2744->N3495, F0, i) + (N1383, F1, i)(N584,1,i)}
{(N3007, F1, i) + (N2206, F0, i) + (N3883, F1, i) + (N2744->N3495, F0, i) + (N929->N3148, F0, i)}
{(N3007, F1, i) + (N2206, F0, i) + (N3883, F1, i) + (N2744->N3495, F0, i) + (N3148, F1, i)}
{(N3007, F1, i) + (N2206, F0, i) + (N3883, F1, i) + (N3495, F1, i) + (N1383, F1, i)(N584,1,i)}
{(N3007, F1, i) + (N2206, F0, i) + (N3883, F1, i) + (N3495, F1, i) + (N929->N3148, F0, i)}
{(N3007, F1, i) + (N2206, F0, i) + (N3883, F1, i) + (N3495, F1, i) + (N3148, F1, i)}
{(N3007, F1, i) + (N2206, F0, i) + (N3883, F1, i) + (N6->N2572, F0, i) + (N1383, F1, i)(N584,1,i)}
{(N3007, F1, i) + (N2206, F0, i) + (N3883, F1, i) + (N6->N2572, F0, i) + (N929->N3148, F0, i)}
{(N3007, F1, i) + (N2206, F0, i) + (N3883, F1, i) + (N6->N2572, F0, i) + (N3148, F1, i)}
{(N3007, F1, i) + (N2206, F0, i) + (N3883, F1, i) + (N2572, F1, i) + (N1383, F1, i)(N584,1,i)}
{(N3007, F1, i) + (N2206, F0, i) + (N3883, F1, i) + (N2572, F1, i) + (N929->N3148, F0, i)}
{(N3007, F1, i) + (N2206, F0, i) + (N3883, F1, i) + (N2572, F1, i) + (N3148, F1, i)}
{(N3007, F1, i) + (N86->N686, F1, i) + (N1505, F1, i) + (N728, F1, i)(N2744,1,i) + (N1383, F1, i)(N584,1,i)}
{(N3007, F1, i) + (N86->N686, F1, i) + (N1505, F1, i) + (N728, F1, i)(N2744,1,i) + (N929->N3148, F0, i)}
{(N3007, F1, i) + (N86->N686, F1, i) + (N1505, F1, i) + (N728, F1, i)(N2744,1,i) + (N3148, F1, i)}
{(N3007, F1, i) + (N86->N686, F1, i) + (N1505, F1, i) + (N2263, F1, i)(N3495,0,i) + (N1383, F1, i)(N584,1,i)}
{(N3007, F1, i) + (N86->N686, F1, i) + (N1505, F1, i) + (N2263, F1, i)(N3495,0,i) + (N929->N3148, F0, i)}
{(N3007, F1, i) + (N86->N686, F1, i) + (N1505, F1, i) + (N2263, F1, i)(N3495,0,i) + (N3148, F1, i)}
{(N3007, F1, i) + (N86->N686, F1, i) + (N1505, F1, i) + (N540->N2056, F0, i) + (N1383, F1, i)(N584,1,i)}
{(N3007, F1, i) + (N86->N686, F1, i) + (N1505, F1, i) + (N540->N2056, F0, i) + (N929->N3148, F0, i)}
{(N3007, F1, i) + (N86->N686, F1, i) + (N1505, F1, i) + (N540->N2056, F0, i) + (N3148, F1, i)}
{(N3007, F1, i) + (N86->N686, F1, i) + (N1505, F1, i) + (N2056, F1, i) + (N1383, F1, i)(N584,1,i)}
{(N3007, F1, i) + (N86->N686, F1, i) + (N1505, F1, i) + (N2056, F1, i) + (N929->N3148, F0, i)}
{(N3007, F1, i) + (N86->N686, F1, i) + (N1505, F1, i) + (N2056, F1, i) + (N3148, F1, i)}
{(N3007, F1, i) + (N86->N686, F1, i) + (N1505, F1, i) + (N2744->N3495, F0, i) + (N1383, F1, i)(N584,1,i)}
{(N3007, F1, i) + (N86->N686, F1, i) + (N1505, F1, i) + (N2744->N3495, F0, i) + (N929->N3148, F0, i)}
{(N3007, F1, i) + (N86->N686, F1, i) + (N1505, F1, i) + (N2744->N3495, F0, i) + (N3148, F1, i)}
{(N3007, F1, i) + (N86->N686, F1, i) + (N1505, F1, i) + (N3495, F1, i) + (N1383, F1, i)(N584,1,i)}
{(N3007, F1, i) + (N86->N686, F1, i) + (N1505, F1, i) + (N3495, F1, i) + (N929->N3148, F0, i)}
{(N3007, F1, i) + (N86->N686, F1, i) + (N1505, F1, i) + (N3495, F1, i) + (N3148, F1, i)}
{(N3007, F1, i) + (N86->N686, F1, i) + (N1505, F1, i) + (N6->N2572, F0, i) + (N1383, F1, i)(N584,1,i)}
{(N3007, F1, i) + (N86->N686, F1, i) + (N1505, F1, i) + (N6->N2572, F0, i) + (N929->N3148, F0, i)}
{(N3007, F1, i) + (N86->N686, F1, i) + (N1505, F1, i) + (N6->N2572, F0, i) + (N3148, F1, i)}
{(N3007, F1, i) + (N86->N686, F1, i) + (N1505, F1, i) + (N2572, F1, i) + (N1383, F1, i)(N584,1,i)}
{(N3007, F1, i) + (N86->N686, F1, i) + (N1505, F1, i) + (N2572, F1, i) + (N929->N3148, F0, i)}
{(N3007, F1, i) + (N86->N686, F1, i) + (N1505, F1, i) + (N2572, F1, i) + (N3148, F1, i)}
{(N3007, F1, i) + (N86->N686, F1, i) + (N3883, F1, i) + (N728, F1, i)(N2744,1,i) + (N1383, F1, i)(N584,1,i)}
{(N3007, F1, i) + (N86->N686, F1, i) + (N3883, F1, i) + (N728, F1, i)(N2744,1,i) + (N929->N3148, F0, i)}
{(N3007, F1, i) + (N86->N686, F1, i) + (N3883, F1, i) + (N728, F1, i)(N2744,1,i) + (N3148, F1, i)}
{(N3007, F1, i) + (N86->N686, F1, i) + (N3883, F1, i) + (N2263, F1, i)(N3495,0,i) + (N1383, F1, i)(N584,1,i)}
{(N3007, F1, i) + (N86->N686, F1, i) + (N3883, F1, i) + (N2263, F1, i)(N3495,0,i) + (N929->N3148, F0, i)}
{(N3007, F1, i) + (N86->N686, F1, i) + (N3883, F1, i) + (N2263, F1, i)(N3495,0,i) + (N3148, F1, i)}
{(N3007, F1, i) + (N86->N686, F1, i) + (N3883, F1, i) + (N540->N2056, F0, i) + (N1383, F1, i)(N584,1,i)}
{(N3007, F1, i) + (N86->N686, F1, i) + (N3883, F1, i) + (N540->N2056, F0, i) + (N929->N3148, F0, i)}
{(N3007, F1, i) + (N86->N686, F1, i) + (N3883, F1, i) + (N540->N2056, F0, i) + (N3148, F1, i)}
{(N3007, F1, i) + (N86->N686, F1, i) + (N3883, F1, i) + (N2056, F1, i) + (N1383, F1, i)(N584,1,i)}
{(N3007, F1, i) + (N86->N686, F1, i) + (N3883, F1, i) + (N2056, F1, i) + (N929->N3148, F0, i)}
{(N3007, F1, i) + (N86->N686, F1, i) + (N3883, F1, i) + (N2056, F1, i) + (N3148, F1, i)}
{(N3007, F1, i) + (N86->N686, F1, i) + (N3883, F1, i) + (N2744->N3495, F0, i) + (N1383, F1, i)(N584,1,i)}
{(N3007, F1, i) + (N86->N686, F1, i) + (N3883, F1, i) + (N2744->N3495, F0, i) + (N929->N3148, F0, i)}
{(N3007, F1, i) + (N86->N686, F1, i) + (N3883, F1, i) + (N2744->N3495, F0, i) + (N3148, F1, i)}
{(N3007, F1, i) + (N86->N686, F1, i) + (N3883, F1, i) + (N3495, F1, i) + (N1383, F1, i)(N584,1,i)}
{(N3007, F1, i) + (N86->N686, F1, i) + (N3883, F1, i) + (N3495, F1, i) + (N929->N3148, F0, i)}
{(N3007, F1, i) + (N86->N686, F1, i) + (N3883, F1, i) + (N3495, F1, i) + (N3148, F1, i)}
{(N3007, F1, i) + (N86->N686, F1, i) + (N3883, F1, i) + (N6->N2572, F0, i) + (N1383, F1, i)(N584,1,i)}
{(N3007, F1, i) + (N86->N686, F1, i) + (N3883, F1, i) + (N6->N2572, F0, i) + (N929->N3148, F0, i)}
{(N3007, F1, i) + (N86->N686, F1, i) + (N3883, F1, i) + (N6->N2572, F0, i) + (N3148, F1, i)}
{(N3007, F1, i) + (N86->N686, F1, i) + (N3883, F1, i) + (N2572, F1, i) + (N1383, F1, i)(N584,1,i)}
{(N3007, F1, i) + (N86->N686, F1, i) + (N3883, F1, i) + (N2572, F1, i) + (N929->N3148, F0, i)}
{(N3007, F1, i) + (N86->N686, F1, i) + (N3883, F1, i) + (N2572, F1, i) + (N3148, F1, i)}
{(N3007, F1, i) + (N686, F1, i)(N222,1,i) + (N1505, F1, i) + (N728, F1, i)(N2744,1,i) + (N1383, F1, i)(N584,1,i)}
{(N3007, F1, i) + (N686, F1, i)(N222,1,i) + (N1505, F1, i) + (N728, F1, i)(N2744,1,i) + (N929->N3148, F0, i)}
{(N3007, F1, i) + (N686, F1, i)(N222,1,i) + (N1505, F1, i) + (N728, F1, i)(N2744,1,i) + (N3148, F1, i)}
{(N3007, F1, i) + (N686, F1, i)(N222,1,i) + (N1505, F1, i) + (N2263, F1, i)(N3495,0,i) + (N1383, F1, i)(N584,1,i)}
{(N3007, F1, i) + (N686, F1, i)(N222,1,i) + (N1505, F1, i) + (N2263, F1, i)(N3495,0,i) + (N929->N3148, F0, i)}
{(N3007, F1, i) + (N686, F1, i)(N222,1,i) + (N1505, F1, i) + (N2263, F1, i)(N3495,0,i) + (N3148, F1, i)}
{(N3007, F1, i) + (N686, F1, i)(N222,1,i) + (N1505, F1, i) + (N540->N2056, F0, i) + (N1383, F1, i)(N584,1,i)}
{(N3007, F1, i) + (N686, F1, i)(N222,1,i) + (N1505, F1, i) + (N540->N2056, F0, i) + (N929->N3148, F0, i)}
{(N3007, F1, i) + (N686, F1, i)(N222,1,i) + (N1505, F1, i) + (N540->N2056, F0, i) + (N3148, F1, i)}
{(N3007, F1, i) + (N686, F1, i)(N222,1,i) + (N1505, F1, i) + (N2056, F1, i) + (N1383, F1, i)(N584,1,i)}
{(N3007, F1, i) + (N686, F1, i)(N222,1,i) + (N1505, F1, i) + (N2056, F1, i) + (N929->N3148, F0, i)}
{(N3007, F1, i) + (N686, F1, i)(N222,1,i) + (N1505, F1, i) + (N2056, F1, i) + (N3148, F1, i)}
{(N3007, F1, i) + (N686, F1, i)(N222,1,i) + (N1505, F1, i) + (N2744->N3495, F0, i) + (N1383, F1, i)(N584,1,i)}
{(N3007, F1, i) + (N686, F1, i)(N222,1,i) + (N1505, F1, i) + (N2744->N3495, F0, i) + (N929->N3148, F0, i)}
{(N3007, F1, i) + (N686, F1, i)(N222,1,i) + (N1505, F1, i) + (N2744->N3495, F0, i) + (N3148, F1, i)}
{(N3007, F1, i) + (N686, F1, i)(N222,1,i) + (N1505, F1, i) + (N3495, F1, i) + (N1383, F1, i)(N584,1,i)}
{(N3007, F1, i) + (N686, F1, i)(N222,1,i) + (N1505, F1, i) + (N3495, F1, i) + (N929->N3148, F0, i)}
{(N3007, F1, i) + (N686, F1, i)(N222,1,i) + (N1505, F1, i) + (N3495, F1, i) + (N3148, F1, i)}
{(N3007, F1, i) + (N686, F1, i)(N222,1,i) + (N1505, F1, i) + (N6->N2572, F0, i) + (N1383, F1, i)(N584,1,i)}
{(N3007, F1, i) + (N686, F1, i)(N222,1,i) + (N1505, F1, i) + (N6->N2572, F0, i) + (N929->N3148, F0, i)}
{(N3007, F1, i) + (N686, F1, i)(N222,1,i) + (N1505, F1, i) + (N6->N2572, F0, i) + (N3148, F1, i)}
{(N3007, F1, i) + (N686, F1, i)(N222,1,i) + (N1505, F1, i) + (N2572, F1, i) + (N1383, F1, i)(N584,1,i)}
{(N3007, F1, i) + (N686, F1, i)(N222,1,i) + (N1505, F1, i) + (N2572, F1, i) + (N929->N3148, F0, i)}
{(N3007, F1, i) + (N686, F1, i)(N222,1,i) + (N1505, F1, i) + (N2572, F1, i) + (N3148, F1, i)}
{(N3007, F1, i) + (N686, F1, i)(N222,1,i) + (N3883, F1, i) + (N728, F1, i)(N2744,1,i) + (N1383, F1, i)(N584,1,i)}
{(N3007, F1, i) + (N686, F1, i)(N222,1,i) + (N3883, F1, i) + (N728, F1, i)(N2744,1,i) + (N929->N3148, F0, i)}
{(N3007, F1, i) + (N686, F1, i)(N222,1,i) + (N3883, F1, i) + (N728, F1, i)(N2744,1,i) + (N3148, F1, i)}
{(N3007, F1, i) + (N686, F1, i)(N222,1,i) + (N3883, F1, i) + (N2263, F1, i)(N3495,0,i) + (N1383, F1, i)(N584,1,i)}
{(N3007, F1, i) + (N686, F1, i)(N222,1,i) + (N3883, F1, i) + (N2263, F1, i)(N3495,0,i) + (N929->N3148, F0, i)}
{(N3007, F1, i) + (N686, F1, i)(N222,1,i) + (N3883, F1, i) + (N2263, F1, i)(N3495,0,i) + (N3148, F1, i)}
{(N3007, F1, i) + (N686, F1, i)(N222,1,i) + (N3883, F1, i) + (N540->N2056, F0, i) + (N1383, F1, i)(N584,1,i)}
{(N3007, F1, i) + (N686, F1, i)(N222,1,i) + (N3883, F1, i) + (N540->N2056, F0, i) + (N929->N3148, F0, i)}
{(N3007, F1, i) + (N686, F1, i)(N222,1,i) + (N3883, F1, i) + (N540->N2056, F0, i) + (N3148, F1, i)}
{(N3007, F1, i) + (N686, F1, i)(N222,1,i) + (N3883, F1, i) + (N2056, F1, i) + (N1383, F1, i)(N584,1,i)}
{(N3007, F1, i) + (N686, F1, i)(N222,1,i) + (N3883, F1, i) + (N2056, F1, i) + (N929->N3148, F0, i)}
{(N3007, F1, i) + (N686, F1, i)(N222,1,i) + (N3883, F1, i) + (N2056, F1, i) + (N3148, F1, i)}
{(N3007, F1, i) + (N686, F1, i)(N222,1,i) + (N3883, F1, i) + (N2744->N3495, F0, i) + (N1383, F1, i)(N584,1,i)}
{(N3007, F1, i) + (N686, F1, i)(N222,1,i) + (N3883, F1, i) + (N2744->N3495, F0, i) + (N929->N3148, F0, i)}
{(N3007, F1, i) + (N686, F1, i)(N222,1,i) + (N3883, F1, i) + (N2744->N3495, F0, i) + (N3148, F1, i)}
{(N3007, F1, i) + (N686, F1, i)(N222,1,i) + (N3883, F1, i) + (N3495, F1, i) + (N1383, F1, i)(N584,1,i)}
{(N3007, F1, i) + (N686, F1, i)(N222,1,i) + (N3883, F1, i) + (N3495, F1, i) + (N929->N3148, F0, i)}
{(N3007, F1, i) + (N686, F1, i)(N222,1,i) + (N3883, F1, i) + (N3495, F1, i) + (N3148, F1, i)}
{(N3007, F1, i) + (N686, F1, i)(N222,1,i) + (N3883, F1, i) + (N6->N2572, F0, i) + (N1383, F1, i)(N584,1,i)}
{(N3007, F1, i) + (N686, F1, i)(N222,1,i) + (N3883, F1, i) + (N6->N2572, F0, i) + (N929->N3148, F0, i)}
{(N3007, F1, i) + (N686, F1, i)(N222,1,i) + (N3883, F1, i) + (N6->N2572, F0, i) + (N3148, F1, i)}
{(N3007, F1, i) + (N686, F1, i)(N222,1,i) + (N3883, F1, i) + (N2572, F1, i) + (N1383, F1, i)(N584,1,i)}
{(N3007, F1, i) + (N686, F1, i)(N222,1,i) + (N3883, F1, i) + (N2572, F1, i) + (N929->N3148, F0, i)}
{(N3007, F1, i) + (N686, F1, i)(N222,1,i) + (N3883, F1, i) + (N2572, F1, i) + (N3148, F1, i)}
