{(N908, F1, i)(N3808,1,i) + (N389->N1469, F1, i) + (N467, F1, i)(N1089,1,i) + (N1647, F1, i) + (N3813, F1, i)(N3105,1,i)}
{(N908, F1, i)(N3808,1,i) + (N389->N1469, F1, i) + (N467, F1, i)(N1089,1,i) + (N1647, F1, i) + (N1858->N1642, F0, i)}
{(N908, F1, i)(N3808,1,i) + (N389->N1469, F1, i) + (N467, F1, i)(N1089,1,i) + (N1647, F1, i) + (N1642, F1, i)}
{(N908, F1, i)(N3808,1,i) + (N389->N1469, F1, i) + (N467, F1, i)(N1089,1,i) + (N2480, F1, i) + (N3813, F1, i)(N3105,1,i)}
{(N908, F1, i)(N3808,1,i) + (N389->N1469, F1, i) + (N467, F1, i)(N1089,1,i) + (N2480, F1, i) + (N1858->N1642, F0, i)}
{(N908, F1, i)(N3808,1,i) + (N389->N1469, F1, i) + (N467, F1, i)(N1089,1,i) + (N2480, F1, i) + (N1642, F1, i)}
{(N908, F1, i)(N3808,1,i) + (N389->N1469, F1, i) + (N3864->N895, F0, i) + (N1647, F1, i) + (N3813, F1, i)(N3105,1,i)}
{(N908, F1, i)(N3808,1,i) + (N389->N1469, F1, i) + (N3864->N895, F0, i) + (N1647, F1, i) + (N1858->N1642, F0, i)}
{(N908, F1, i)(N3808,1,i) + (N389->N1469, F1, i) + (N3864->N895, F0, i) + (N1647, F1, i) + (N1642, F1, i)}
{(N908, F1, i)(N3808,1,i) + (N389->N1469, F1, i) + (N3864->N895, F0, i) + (N2480, F1, i) + (N3813, F1, i)(N3105,1,i)}
{(N908, F1, i)(N3808,1,i) + (N389->N1469, F1, i) + (N3864->N895, F0, i) + (N2480, F1, i) + (N1858->N1642, F0, i)}
{(N908, F1, i)(N3808,1,i) + (N389->N1469, F1, i) + (N3864->N895, F0, i) + (N2480, F1, i) + (N1642, F1, i)}
{(N908, F1, i)(N3808,1,i) + (N389->N1469, F1, i) + (N895, F1, i) + (N1647, F1, i) + (N3813, F1, i)(N3105,1,i)}
{(N908, F1, i)(N3808,1,i) + (N389->N1469, F1, i) + (N895, F1, i) + (N1647, F1, i) + (N1858->N1642, F0, i)}
{(N908, F1, i)(N3808,1,i) + (N389->N1469, F1, i) + (N895, F1, i) + (N1647, F1, i) + (N1642, F1, i)}
{(N908, F1, i)(N3808,1,i) + (N389->N1469, F1, i) + (N895, F1, i) + (N2480, F1, i) + (N3813, F1, i)(N3105,1,i)}
{(N908, F1, i)(N3808,1,i) + (N389->N1469, F1, i) + (N895, F1, i) + (N2480, F1, i) + (N1858->N1642, F0, i)}
{(N908, F1, i)(N3808,1,i) + (N389->N1469, F1, i) + (N895, F1, i) + (N2480, F1, i) + (N1642, F1, i)}
{(N908, F1, i)(N3808,1,i) + (N1469, F1, i)(N389,0,i) + (N467, F1, i)(N1089,1,i) + (N1647, F1, i) + (N3813, F1, i)(N3105,1,i)}
{(N908, F1, i)(N3808,1,i) + (N1469, F1, i)(N389,0,i) + (N467, F1, i)(N1089,1,i) + (N1647, F1, i) + (N1858->N1642, F0, i)}
{(N908, F1, i)(N3808,1,i) + (N1469, F1, i)(N389,0,i) + (N467, F1, i)(N1089,1,i) + (N1647, F1, i) + (N1642, F1, i)}
{(N908, F1, i)(N3808,1,i) + (N1469, F1, i)(N389,0,i) + (N467, F1, i)(N1089,1,i) + (N2480, F1, i) + (N3813, F1, i)(N3105,1,i)}
{(N908, F1, i)(N3808,1,i) + (N1469, F1, i)(N389,0,i) + (N467, F1, i)(N1089,1,i) + (N2480, F1, i) + (N1858->N1642, F0, i)}
{(N908, F1, i)(N3808,1,i) + (N1469, F1, i)(N389,0,i) + (N467, F1, i)(N1089,1,i) + (N2480, F1, i) + (N1642, F1, i)}
{(N908, F1, i)(N3808,1,i) + (N1469, F1, i)(N389,0,i) + (N3864->N895, F0, i) + (N1647, F1, i) + (N3813, F1, i)(N3105,1,i)}
{(N908, F1, i)(N3808,1,i) + (N1469, F1, i)(N389,0,i) + (N3864->N895, F0, i) + (N1647, F1, i) + (N1858->N1642, F0, i)}
{(N908, F1, i)(N3808,1,i) + (N1469, F1, i)(N389,0,i) + (N3864->N895, F0, i) + (N1647, F1, i) + (N1642, F1, i)}
{(N908, F1, i)(N3808,1,i) + (N1469, F1, i)(N389,0,i) + (N3864->N895, F0, i) + (N2480, F1, i) + (N3813, F1, i)(N3105,1,i)}
{(N908, F1, i)(N3808,1,i) + (N1469, F1, i)(N389,0,i) + (N3864->N895, F0, i) + (N2480, F1, i) + (N1858->N1642, F0, i)}
{(N908, F1, i)(N3808,1,i) + (N1469, F1, i)(N389,0,i) + (N3864->N895, F0, i) + (N2480, F1, i) + (N1642, F1, i)}
{(N908, F1, i)(N3808,1,i) + (N1469, F1, i)(N389,0,i) + (N895, F1, i) + (N1647, F1, i) + (N3813, F1, i)(N3105,1,i)}
{(N908, F1, i)(N3808,1,i) + (N1469, F1, i)(N389,0,i) + (N895, F1, i) + (N1647, F1, i) + (N1858->N1642, F0, i)}
{(N908, F1, i)(N3808,1,i) + (N1469, F1, i)(N389,0,i) + (N895, F1, i) + (N1647, F1, i) + (N1642, F1, i)}
{(N908, F1, i)(N3808,1,i) + (N1469, F1, i)(N389,0,i) + (N895, F1, i) + (N2480, F1, i) + (N3813, F1, i)(N3105,1,i)}
{(N908, F1, i)(N3808,1,i) + (N1469, F1, i)(N389,0,i) + (N895, F1, i) + (N2480, F1, i) + (N1858->N1642, F0, i)}
{(N908, F1, i)(N3808,1,i) + (N1469, F1, i)(N389,0,i) + (N895, F1, i) + (N2480, F1, i) + (N1642, F1, i)}
{(N908, F1, i)(N3808,1,i) + (N958->N785, F1, i) + (N467, F1, i)(N1089,1,i) + (N1647, F1, i) + (N3813, F1, i)(N3105,1,i)}
{(N908, F1, i)(N3808,1,i) + (N958->N785, F1, i) + (N467, F1, i)(N1089,1,i) + (N1647, F1, i) + (N1858->N1642, F0, i)}
{(N908, F1, i)(N3808,1,i) + (N958->N785, F1, i) + (N467, F1, i)(N1089,1,i) + (N1647, F1, i) + (N1642, F1, i)}
{(N908, F1, i)(N3808,1,i) + (N958->N785, F1, i) + (N467, F1, i)(N1089,1,i) + (N2480, F1, i) + (N3813, F1, i)(N3105,1,i)}
{(N908, F1, i)(N3808,1,i) + (N958->N785, F1, i) + (N467, F1, i)(N1089,1,i) + (N2480, F1, i) + (N1858->N1642, F0, i)}
{(N908, F1, i)(N3808,1,i) + (N958->N785, F1, i) + (N467, F1, i)(N1089,1,i) + (N2480, F1, i) + (N1642, F1, i)}
{(N908, F1, i)(N3808,1,i) + (N958->N785, F1, i) + (N3864->N895, F0, i) + (N1647, F1, i) + (N3813, F1, i)(N3105,1,i)}
{(N908, F1, i)(N3808,1,i) + (N958->N785, F1, i) + (N3864->N895, F0, i) + (N1647, F1, i) + (N1858->N1642, F0, i)}
{(N908, F1, i)(N3808,1,i) + (N958->N785, F1, i) + (N3864->N895, F0, i) + (N1647, F1, i) + (N1642, F1, i)}
{(N908, F1, i)(N3808,1,i) + (N958->N785, F1, i) + (N3864->N895, F0, i) + (N2480, F1, i) + (N3813, F1, i)(N3105,1,i)}
{(N908, F1, i)(N3808,1,i) + (N958->N785, F1, i) + (N3864->N895, F0, i) + (N2480, F1, i) + (N1858->N1642, F0, i)}
{(N908, F1, i)(N3808,1,i) + (N958->N785, F1, i) + (N3864->N895, F0, i) + (N2480, F1, i) + (N1642, F1, i)}
{(N908, F1, i)(N3808,1,i) + (N958->N785, F1, i) + (N895, F1, i) + (N1647, F1, i) + (N3813, F1, i)(N3105,1,i)}
{(N908, F1, i)(N3808,1,i) + (N958->N785, F1, i) + (N895, F1, i) + (N1647, F1, i) + (N1858->N1642, F0, i)}
{(N908, F1, i)(N3808,1,i) + (N958->N785, F1, i) + (N895, F1, i) + (N1647, F1, i) + (N1642, F1, i)}
{(N908, F1, i)(N3808,1,i) + (N958->N785, F1, i) + (N895, F1, i) + (N2480, F1, i) + (N3813, F1, i)(N3105,1,i)}
{(N908, F1, i)(N3808,1,i) + (N958->N785, F1, i) + (N895, F1, i) + (N2480, F1, i) + (N1858->N1642, F0, i)}
{(N908, F1, i)(N3808,1,i) + (N958->N785, F1, i) + (N895, F1, i) + (N2480, F1, i) + (N1642, F1, i)}
{(N908, F1, i)(N3808,1,i) + (N785, F1, i)(N2090,1,i) + (N467, F1, i)(N1089,1,i) + (N1647, F1, i) + (N3813, F1, i)(N3105,1,i)}
{(N908, F1, i)(N3808,1,i) + (N785, F1, i)(N2090,1,i) + (N467, F1, i)(N1089,1,i) + (N1647, F1, i) + (N1858->N1642, F0, i)}
{(N908, F1, i)(N3808,1,i) + (N785, F1, i)(N2090,1,i) + (N467, F1, i)(N1089,1,i) + (N1647, F1, i) + (N1642, F1, i)}
{(N908, F1, i)(N3808,1,i) + (N785, F1, i)(N2090,1,i) + (N467, F1, i)(N1089,1,i) + (N2480, F1, i) + (N3813, F1, i)(N3105,1,i)}
{(N908, F1, i)(N3808,1,i) + (N785, F1, i)(N2090,1,i) + (N467, F1, i)(N1089,1,i) + (N2480, F1, i) + (N1858->N1642, F0, i)}
{(N908, F1, i)(N3808,1,i) + (N785, F1, i)(N2090,1,i) + (N467, F1, i)(N1089,1,i) + (N2480, F1, i) + (N1642, F1, i)}
{(N908, F1, i)(N3808,1,i) + (N785, F1, i)(N2090,1,i) + (N3864->N895, F0, i) + (N1647, F1, i) + (N3813, F1, i)(N3105,1,i)}
{(N908, F1, i)(N3808,1,i) + (N785, F1, i)(N2090,1,i) + (N3864->N895, F0, i) + (N1647, F1, i) + (N1858->N1642, F0, i)}
{(N908, F1, i)(N3808,1,i) + (N785, F1, i)(N2090,1,i) + (N3864->N895, F0, i) + (N1647, F1, i) + (N1642, F1, i)}
{(N908, F1, i)(N3808,1,i) + (N785, F1, i)(N2090,1,i) + (N3864->N895, F0, i) + (N2480, F1, i) + (N3813, F1, i)(N3105,1,i)}
{(N908, F1, i)(N3808,1,i) + (N785, F1, i)(N2090,1,i) + (N3864->N895, F0, i) + (N2480, F1, i) + (N1858->N1642, F0, i)}
{(N908, F1, i)(N3808,1,i) + (N785, F1, i)(N2090,1,i) + (N3864->N895, F0, i) + (N2480, F1, i) + (N1642, F1, i)}
{(N908, F1, i)(N3808,1,i) + (N785, F1, i)(N2090,1,i) + (N895, F1, i) + (N1647, F1, i) + (N3813, F1, i)(N3105,1,i)}
{(N908, F1, i)(N3808,1,i) + (N785, F1, i)(N2090,1,i) + (N895, F1, i) + (N1647, F1, i) + (N1858->N1642, F0, i)}
{(N908, F1, i)(N3808,1,i) + (N785, F1, i)(N2090,1,i) + (N895, F1, i) + (N1647, F1, i) + (N1642, F1, i)}
{(N908, F1, i)(N3808,1,i) + (N785, F1, i)(N2090,1,i) + (N895, F1, i) + (N2480, F1, i) + (N3813, F1, i)(N3105,1,i)}
{(N908, F1, i)(N3808,1,i) + (N785, F1, i)(N2090,1,i) + (N895, F1, i) + (N2480, F1, i) + (N1858->N1642, F0, i)}
{(N908, F1, i)(N3808,1,i) + (N785, F1, i)(N2090,1,i) + (N895, F1, i) + (N2480, F1, i) + (N1642, F1, i)}
{(N908, F1, i)(N3808,1,i) + (N946, F1, i)(N2839,1,i) + (N467, F1, i)(N1089,1,i) + (N1647, F1, i) + (N3813, F1, i)(N3105,1,i)}
{(N908, F1, i)(N3808,1,i) + (N946, F1, i)(N2839,1,i) + (N467, F1, i)(N1089,1,i) + (N1647, F1, i) + (N1858->N1642, F0, i)}
{(N908, F1, i)(N3808,1,i) + (N946, F1, i)(N2839,1,i) + (N467, F1, i)(N1089,1,i) + (N1647, F1, i) + (N1642, F1, i)}
{(N908, F1, i)(N3808,1,i) + (N946, F1, i)(N2839,1,i) + (N467, F1, i)(N1089,1,i) + (N2480, F1, i) + (N3813, F1, i)(N3105,1,i)}
{(N908, F1, i)(N3808,1,i) + (N946, F1, i)(N2839,1,i) + (N467, F1, i)(N1089,1,i) + (N2480, F1, i) + (N1858->N1642, F0, i)}
{(N908, F1, i)(N3808,1,i) + (N946, F1, i)(N2839,1,i) + (N467, F1, i)(N1089,1,i) + (N2480, F1, i) + (N1642, F1, i)}
{(N908, F1, i)(N3808,1,i) + (N946, F1, i)(N2839,1,i) + (N3864->N895, F0, i) + (N1647, F1, i) + (N3813, F1, i)(N3105,1,i)}
{(N908, F1, i)(N3808,1,i) + (N946, F1, i)(N2839,1,i) + (N3864->N895, F0, i) + (N1647, F1, i) + (N1858->N1642, F0, i)}
{(N908, F1, i)(N3808,1,i) + (N946, F1, i)(N2839,1,i) + (N3864->N895, F0, i) + (N1647, F1, i) + (N1642, F1, i)}
{(N908, F1, i)(N3808,1,i) + (N946, F1, i)(N2839,1,i) + (N3864->N895, F0, i) + (N2480, F1, i) + (N3813, F1, i)(N3105,1,i)}
{(N908, F1, i)(N3808,1,i) + (N946, F1, i)(N2839,1,i) + (N3864->N895, F0, i) + (N2480, F1, i) + (N1858->N1642, F0, i)}
{(N908, F1, i)(N3808,1,i) + (N946, F1, i)(N2839,1,i) + (N3864->N895, F0, i) + (N2480, F1, i) + (N1642, F1, i)}
{(N908, F1, i)(N3808,1,i) + (N946, F1, i)(N2839,1,i) + (N895, F1, i) + (N1647, F1, i) + (N3813, F1, i)(N3105,1,i)}
{(N908, F1, i)(N3808,1,i) + (N946, F1, i)(N2839,1,i) + (N895, F1, i) + (N1647, F1, i) + (N1858->N1642, F0, i)}
{(N908, F1, i)(N3808,1,i) + (N946, F1, i)(N2839,1,i) + (N895, F1, i) + (N1647, F1, i) + (N1642, F1, i)}
{(N908, F1, i)(N3808,1,i) + (N946, F1, i)(N2839,1,i) + (N895, F1, i) + (N2480, F1, i) + (N3813, F1, i)(N3105,1,i)}
{(N908, F1, i)(N3808,1,i) + (N946, F1, i)(N2839,1,i) + (N895, F1, i) + (N2480, F1, i) + (N1858->N1642, F0, i)}
{(N908, F1, i)(N3808,1,i) + (N946, F1, i)(N2839,1,i) + (N895, F1, i) + (N2480, F1, i) + (N1642, F1, i)}
{(N908, F1, i)(N3808,1,i) + (N3275, F1, i) + (N467, F1, i)(N1089,1,i) + (N1647, F1, i) + (N3813, F1, i)(N3105,1,i)}
{(N908, F1, i)(N3808,1,i) + (N3275, F1, i) + (N467, F1, i)(N1089,1,i) + (N1647, F1, i) + (N1858->N1642, F0, i)}
{(N908, F1, i)(N3808,1,i) + (N3275, F1, i) + (N467, F1, i)(N1089,1,i) + (N1647, F1, i) + (N1642, F1, i)}
{(N908, F1, i)(N3808,1,i) + (N3275, F1, i) + (N467, F1, i)(N1089,1,i) + (N2480, F1, i) + (N3813, F1, i)(N3105,1,i)}
{(N908, F1, i)(N3808,1,i) + (N3275, F1, i) + (N467, F1, i)(N1089,1,i) + (N2480, F1, i) + (N1858->N1642, F0, i)}
{(N908, F1, i)(N3808,1,i) + (N3275, F1, i) + (N467, F1, i)(N1089,1,i) + (N2480, F1, i) + (N1642, F1, i)}
{(N908, F1, i)(N3808,1,i) + (N3275, F1, i) + (N3864->N895, F0, i) + (N1647, F1, i) + (N3813, F1, i)(N3105,1,i)}
{(N908, F1, i)(N3808,1,i) + (N3275, F1, i) + (N3864->N895, F0, i) + (N1647, F1, i) + (N1858->N1642, F0, i)}
{(N908, F1, i)(N3808,1,i) + (N3275, F1, i) + (N3864->N895, F0, i) + (N1647, F1, i) + (N1642, F1, i)}
{(N908, F1, i)(N3808,1,i) + (N3275, F1, i) + (N3864->N895, F0, i) + (N2480, F1, i) + (N3813, F1, i)(N3105,1,i)}
{(N908, F1, i)(N3808,1,i) + (N3275, F1, i) + (N3864->N895, F0, i) + (N2480, F1, i) + (N1858->N1642, F0, i)}
{(N908, F1, i)(N3808,1,i) + (N3275, F1, i) + (N3864->N895, F0, i) + (N2480, F1, i) + (N1642, F1, i)}
{(N908, F1, i)(N3808,1,i) + (N3275, F1, i) + (N895, F1, i) + (N1647, F1, i) + (N3813, F1, i)(N3105,1,i)}
{(N908, F1, i)(N3808,1,i) + (N3275, F1, i) + (N895, F1, i) + (N1647, F1, i) + (N1858->N1642, F0, i)}
{(N908, F1, i)(N3808,1,i) + (N3275, F1, i) + (N895, F1, i) + (N1647, F1, i) + (N1642, F1, i)}
{(N908, F1, i)(N3808,1,i) + (N3275, F1, i) + (N895, F1, i) + (N2480, F1, i) + (N3813, F1, i)(N3105,1,i)}
{(N908, F1, i)(N3808,1,i) + (N3275, F1, i) + (N895, F1, i) + (N2480, F1, i) + (N1858->N1642, F0, i)}
{(N908, F1, i)(N3808,1,i) + (N3275, F1, i) + (N895, F1, i) + (N2480, F1, i) + (N1642, F1, i)}
{(N908, F1, i)(N3808,1,i) + (N3371, F0, i) + (N467, F1, i)(N1089,1,i) + (N1647, F1, i) + (N3813, F1, i)(N3105,1,i)}
{(N908, F1, i)(N3808,1,i) + (N3371, F0, i) + (N467, F1, i)(N1089,1,i) + (N1647, F1, i) + (N1858->N1642, F0, i)}
{(N908, F1, i)(N3808,1,i) + (N3371, F0, i) + (N467, F1, i)(N1089,1,i) + (N1647, F1, i) + (N1642, F1, i)}
{(N908, F1, i)(N3808,1,i) + (N3371, F0, i) + (N467, F1, i)(N1089,1,i) + (N2480, F1, i) + (N3813, F1, i)(N3105,1,i)}
{(N908, F1, i)(N3808,1,i) + (N3371, F0, i) + (N467, F1, i)(N1089,1,i) + (N2480, F1, i) + (N1858->N1642, F0, i)}
{(N908, F1, i)(N3808,1,i) + (N3371, F0, i) + (N467, F1, i)(N1089,1,i) + (N2480, F1, i) + (N1642, F1, i)}
{(N908, F1, i)(N3808,1,i) + (N3371, F0, i) + (N3864->N895, F0, i) + (N1647, F1, i) + (N3813, F1, i)(N3105,1,i)}
{(N908, F1, i)(N3808,1,i) + (N3371, F0, i) + (N3864->N895, F0, i) + (N1647, F1, i) + (N1858->N1642, F0, i)}
{(N908, F1, i)(N3808,1,i) + (N3371, F0, i) + (N3864->N895, F0, i) + (N1647, F1, i) + (N1642, F1, i)}
{(N908, F1, i)(N3808,1,i) + (N3371, F0, i) + (N3864->N895, F0, i) + (N2480, F1, i) + (N3813, F1, i)(N3105,1,i)}
{(N908, F1, i)(N3808,1,i) + (N3371, F0, i) + (N3864->N895, F0, i) + (N2480, F1, i) + (N1858->N1642, F0, i)}
{(N908, F1, i)(N3808,1,i) + (N3371, F0, i) + (N3864->N895, F0, i) + (N2480, F1, i) + (N1642, F1, i)}
{(N908, F1, i)(N3808,1,i) + (N3371, F0, i) + (N895, F1, i) + (N1647, F1, i) + (N3813, F1, i)(N3105,1,i)}
{(N908, F1, i)(N3808,1,i) + (N3371, F0, i) + (N895, F1, i) + (N1647, F1, i) + (N1858->N1642, F0, i)}
{(N908, F1, i)(N3808,1,i) + (N3371, F0, i) + (N895, F1, i) + (N1647, F1, i) + (N1642, F1, i)}
{(N908, F1, i)(N3808,1,i) + (N3371, F0, i) + (N895, F1, i) + (N2480, F1, i) + (N3813, F1, i)(N3105,1,i)}
{(N908, F1, i)(N3808,1,i) + (N3371, F0, i) + (N895, F1, i) + (N2480, F1, i) + (N1858->N1642, F0, i)}
{(N908, F1, i)(N3808,1,i) + (N3371, F0, i) + (N895, F1, i) + (N2480, F1, i) + (N1642, F1, i)}
{(N908, F1, i)(N3808,1,i) + (N3695, F0, i) + (N467, F1, i)(N1089,1,i) + (N1647, F1, i) + (N3813, F1, i)(N3105,1,i)}
{(N908, F1, i)(N3808,1,i) + (N3695, F0, i) + (N467, F1, i)(N1089,1,i) + (N1647, F1, i) + (N1858->N1642, F0, i)}
{(N908, F1, i)(N3808,1,i) + (N3695, F0, i) + (N467, F1, i)(N1089,1,i) + (N1647, F1, i) + (N1642, F1, i)}
{(N908, F1, i)(N3808,1,i) + (N3695, F0, i) + (N467, F1, i)(N1089,1,i) + (N2480, F1, i) + (N3813, F1, i)(N3105,1,i)}
{(N908, F1, i)(N3808,1,i) + (N3695, F0, i) + (N467, F1, i)(N1089,1,i) + (N2480, F1, i) + (N1858->N1642, F0, i)}
{(N908, F1, i)(N3808,1,i) + (N3695, F0, i) + (N467, F1, i)(N1089,1,i) + (N2480, F1, i) + (N1642, F1, i)}
{(N908, F1, i)(N3808,1,i) + (N3695, F0, i) + (N3864->N895, F0, i) + (N1647, F1, i) + (N3813, F1, i)(N3105,1,i)}
{(N908, F1, i)(N3808,1,i) + (N3695, F0, i) + (N3864->N895, F0, i) + (N1647, F1, i) + (N1858->N1642, F0, i)}
{(N908, F1, i)(N3808,1,i) + (N3695, F0, i) + (N3864->N895, F0, i) + (N1647, F1, i) + (N1642, F1, i)}
{(N908, F1, i)(N3808,1,i) + (N3695, F0, i) + (N3864->N895, F0, i) + (N2480, F1, i) + (N3813, F1, i)(N3105,1,i)}
{(N908, F1, i)(N3808,1,i) + (N3695, F0, i) + (N3864->N895, F0, i) + (N2480, F1, i) + (N1858->N1642, F0, i)}
{(N908, F1, i)(N3808,1,i) + (N3695, F0, i) + (N3864->N895, F0, i) + (N2480, F1, i) + (N1642, F1, i)}
{(N908, F1, i)(N3808,1,i) + (N3695, F0, i) + (N895, F1, i) + (N1647, F1, i) + (N3813, F1, i)(N3105,1,i)}
{(N908, F1, i)(N3808,1,i) + (N3695, F0, i) + (N895, F1, i) + (N1647, F1, i) + (N1858->N1642, F0, i)}
{(N908, F1, i)(N3808,1,i) + (N3695, F0, i) + (N895, F1, i) + (N1647, F1, i) + (N1642, F1, i)}
{(N908, F1, i)(N3808,1,i) + (N3695, F0, i) + (N895, F1, i) + (N2480, F1, i) + (N3813, F1, i)(N3105,1,i)}
{(N908, F1, i)(N3808,1,i) + (N3695, F0, i) + (N895, F1, i) + (N2480, F1, i) + (N1858->N1642, F0, i)}
{(N908, F1, i)(N3808,1,i) + (N3695, F0, i) + (N895, F1, i) + (N2480, F1, i) + (N1642, F1, i)}
{(N908, F1, i)(N3808,1,i) + (N2080->N3333, F1, i) + (N467, F1, i)(N1089,1,i) + (N1647, F1, i) + (N3813, F1, i)(N3105,1,i)}
{(N908, F1, i)(N3808,1,i) + (N2080->N3333, F1, i) + (N467, F1, i)(N1089,1,i) + (N1647, F1, i) + (N1858->N1642, F0, i)}
{(N908, F1, i)(N3808,1,i) + (N2080->N3333, F1, i) + (N467, F1, i)(N1089,1,i) + (N1647, F1, i) + (N1642, F1, i)}
{(N908, F1, i)(N3808,1,i) + (N2080->N3333, F1, i) + (N467, F1, i)(N1089,1,i) + (N2480, F1, i) + (N3813, F1, i)(N3105,1,i)}
{(N908, F1, i)(N3808,1,i) + (N2080->N3333, F1, i) + (N467, F1, i)(N1089,1,i) + (N2480, F1, i) + (N1858->N1642, F0, i)}
{(N908, F1, i)(N3808,1,i) + (N2080->N3333, F1, i) + (N467, F1, i)(N1089,1,i) + (N2480, F1, i) + (N1642, F1, i)}
{(N908, F1, i)(N3808,1,i) + (N2080->N3333, F1, i) + (N3864->N895, F0, i) + (N1647, F1, i) + (N3813, F1, i)(N3105,1,i)}
{(N908, F1, i)(N3808,1,i) + (N2080->N3333, F1, i) + (N3864->N895, F0, i) + (N1647, F1, i) + (N1858->N1642, F0, i)}
{(N908, F1, i)(N3808,1,i) + (N2080->N3333, F1, i) + (N3864->N895, F0, i) + (N1647, F1, i) + (N1642, F1, i)}
{(N908, F1, i)(N3808,1,i) + (N2080->N3333, F1, i) + (N3864->N895, F0, i) + (N2480, F1, i) + (N3813, F1, i)(N3105,1,i)}
{(N908, F1, i)(N3808,1,i) + (N2080->N3333, F1, i) + (N3864->N895, F0, i) + (N2480, F1, i) + (N1858->N1642, F0, i)}
{(N908, F1, i)(N3808,1,i) + (N2080->N3333, F1, i) + (N3864->N895, F0, i) + (N2480, F1, i) + (N1642, F1, i)}
{(N908, F1, i)(N3808,1,i) + (N2080->N3333, F1, i) + (N895, F1, i) + (N1647, F1, i) + (N3813, F1, i)(N3105,1,i)}
{(N908, F1, i)(N3808,1,i) + (N2080->N3333, F1, i) + (N895, F1, i) + (N1647, F1, i) + (N1858->N1642, F0, i)}
{(N908, F1, i)(N3808,1,i) + (N2080->N3333, F1, i) + (N895, F1, i) + (N1647, F1, i) + (N1642, F1, i)}
{(N908, F1, i)(N3808,1,i) + (N2080->N3333, F1, i) + (N895, F1, i) + (N2480, F1, i) + (N3813, F1, i)(N3105,1,i)}
{(N908, F1, i)(N3808,1,i) + (N2080->N3333, F1, i) + (N895, F1, i) + (N2480, F1, i) + (N1858->N1642, F0, i)}
{(N908, F1, i)(N3808,1,i) + (N2080->N3333, F1, i) + (N895, F1, i) + (N2480, F1, i) + (N1642, F1, i)}
{(N908, F1, i)(N3808,1,i) + (N3333, F0, i) + (N467, F1, i)(N1089,1,i) + (N1647, F1, i) + (N3813, F1, i)(N3105,1,i)}
{(N908, F1, i)(N3808,1,i) + (N3333, F0, i) + (N467, F1, i)(N1089,1,i) + (N1647, F1, i) + (N1858->N1642, F0, i)}
{(N908, F1, i)(N3808,1,i) + (N3333, F0, i) + (N467, F1, i)(N1089,1,i) + (N1647, F1, i) + (N1642, F1, i)}
{(N908, F1, i)(N3808,1,i) + (N3333, F0, i) + (N467, F1, i)(N1089,1,i) + (N2480, F1, i) + (N3813, F1, i)(N3105,1,i)}
{(N908, F1, i)(N3808,1,i) + (N3333, F0, i) + (N467, F1, i)(N1089,1,i) + (N2480, F1, i) + (N1858->N1642, F0, i)}
{(N908, F1, i)(N3808,1,i) + (N3333, F0, i) + (N467, F1, i)(N1089,1,i) + (N2480, F1, i) + (N1642, F1, i)}
{(N908, F1, i)(N3808,1,i) + (N3333, F0, i) + (N3864->N895, F0, i) + (N1647, F1, i) + (N3813, F1, i)(N3105,1,i)}
{(N908, F1, i)(N3808,1,i) + (N3333, F0, i) + (N3864->N895, F0, i) + (N1647, F1, i) + (N1858->N1642, F0, i)}
{(N908, F1, i)(N3808,1,i) + (N3333, F0, i) + (N3864->N895, F0, i) + (N1647, F1, i) + (N1642, F1, i)}
{(N908, F1, i)(N3808,1,i) + (N3333, F0, i) + (N3864->N895, F0, i) + (N2480, F1, i) + (N3813, F1, i)(N3105,1,i)}
{(N908, F1, i)(N3808,1,i) + (N3333, F0, i) + (N3864->N895, F0, i) + (N2480, F1, i) + (N1858->N1642, F0, i)}
{(N908, F1, i)(N3808,1,i) + (N3333, F0, i) + (N3864->N895, F0, i) + (N2480, F1, i) + (N1642, F1, i)}
{(N908, F1, i)(N3808,1,i) + (N3333, F0, i) + (N895, F1, i) + (N1647, F1, i) + (N3813, F1, i)(N3105,1,i)}
{(N908, F1, i)(N3808,1,i) + (N3333, F0, i) + (N895, F1, i) + (N1647, F1, i) + (N1858->N1642, F0, i)}
{(N908, F1, i)(N3808,1,i) + (N3333, F0, i) + (N895, F1, i) + (N1647, F1, i) + (N1642, F1, i)}
{(N908, F1, i)(N3808,1,i) + (N3333, F0, i) + (N895, F1, i) + (N2480, F1, i) + (N3813, F1, i)(N3105,1,i)}
{(N908, F1, i)(N3808,1,i) + (N3333, F0, i) + (N895, F1, i) + (N2480, F1, i) + (N1858->N1642, F0, i)}
{(N908, F1, i)(N3808,1,i) + (N3333, F0, i) + (N895, F1, i) + (N2480, F1, i) + (N1642, F1, i)}
{(N908, F1, i)(N3808,1,i) + (N1263->N2569, F1, i) + (N467, F1, i)(N1089,1,i) + (N1647, F1, i) + (N3813, F1, i)(N3105,1,i)}
{(N908, F1, i)(N3808,1,i) + (N1263->N2569, F1, i) + (N467, F1, i)(N1089,1,i) + (N1647, F1, i) + (N1858->N1642, F0, i)}
{(N908, F1, i)(N3808,1,i) + (N1263->N2569, F1, i) + (N467, F1, i)(N1089,1,i) + (N1647, F1, i) + (N1642, F1, i)}
{(N908, F1, i)(N3808,1,i) + (N1263->N2569, F1, i) + (N467, F1, i)(N1089,1,i) + (N2480, F1, i) + (N3813, F1, i)(N3105,1,i)}
{(N908, F1, i)(N3808,1,i) + (N1263->N2569, F1, i) + (N467, F1, i)(N1089,1,i) + (N2480, F1, i) + (N1858->N1642, F0, i)}
{(N908, F1, i)(N3808,1,i) + (N1263->N2569, F1, i) + (N467, F1, i)(N1089,1,i) + (N2480, F1, i) + (N1642, F1, i)}
{(N908, F1, i)(N3808,1,i) + (N1263->N2569, F1, i) + (N3864->N895, F0, i) + (N1647, F1, i) + (N3813, F1, i)(N3105,1,i)}
{(N908, F1, i)(N3808,1,i) + (N1263->N2569, F1, i) + (N3864->N895, F0, i) + (N1647, F1, i) + (N1858->N1642, F0, i)}
{(N908, F1, i)(N3808,1,i) + (N1263->N2569, F1, i) + (N3864->N895, F0, i) + (N1647, F1, i) + (N1642, F1, i)}
{(N908, F1, i)(N3808,1,i) + (N1263->N2569, F1, i) + (N3864->N895, F0, i) + (N2480, F1, i) + (N3813, F1, i)(N3105,1,i)}
{(N908, F1, i)(N3808,1,i) + (N1263->N2569, F1, i) + (N3864->N895, F0, i) + (N2480, F1, i) + (N1858->N1642, F0, i)}
{(N908, F1, i)(N3808,1,i) + (N1263->N2569, F1, i) + (N3864->N895, F0, i) + (N2480, F1, i) + (N1642, F1, i)}
{(N908, F1, i)(N3808,1,i) + (N1263->N2569, F1, i) + (N895, F1, i) + (N1647, F1, i) + (N3813, F1, i)(N3105,1,i)}
{(N908, F1, i)(N3808,1,i) + (N1263->N2569, F1, i) + (N895, F1, i) + (N1647, F1, i) + (N1858->N1642, F0, i)}
{(N908, F1, i)(N3808,1,i) + (N1263->N2569, F1, i) + (N895, F1, i) + (N1647, F1, i) + (N1642, F1, i)}
{(N908, F1, i)(N3808,1,i) + (N1263->N2569, F1, i) + (N895, F1, i) + (N2480, F1, i) + (N3813, F1, i)(N3105,1,i)}
{(N908, F1, i)(N3808,1,i) + (N1263->N2569, F1, i) + (N895, F1, i) + (N2480, F1, i) + (N1858->N1642, F0, i)}
{(N908, F1, i)(N3808,1,i) + (N1263->N2569, F1, i) + (N895, F1, i) + (N2480, F1, i) + (N1642, F1, i)}
{(N908, F1, i)(N3808,1,i) + (N2569, F0, i) + (N467, F1, i)(N1089,1,i) + (N1647, F1, i) + (N3813, F1, i)(N3105,1,i)}
{(N908, F1, i)(N3808,1,i) + (N2569, F0, i) + (N467, F1, i)(N1089,1,i) + (N1647, F1, i) + (N1858->N1642, F0, i)}
{(N908, F1, i)(N3808,1,i) + (N2569, F0, i) + (N467, F1, i)(N1089,1,i) + (N1647, F1, i) + (N1642, F1, i)}
{(N908, F1, i)(N3808,1,i) + (N2569, F0, i) + (N467, F1, i)(N1089,1,i) + (N2480, F1, i) + (N3813, F1, i)(N3105,1,i)}
{(N908, F1, i)(N3808,1,i) + (N2569, F0, i) + (N467, F1, i)(N1089,1,i) + (N2480, F1, i) + (N1858->N1642, F0, i)}
{(N908, F1, i)(N3808,1,i) + (N2569, F0, i) + (N467, F1, i)(N1089,1,i) + (N2480, F1, i) + (N1642, F1, i)}
{(N908, F1, i)(N3808,1,i) + (N2569, F0, i) + (N3864->N895, F0, i) + (N1647, F1, i) + (N3813, F1, i)(N3105,1,i)}
{(N908, F1, i)(N3808,1,i) + (N2569, F0, i) + (N3864->N895, F0, i) + (N1647, F1, i) + (N1858->N1642, F0, i)}
{(N908, F1, i)(N3808,1,i) + (N2569, F0, i) + (N3864->N895, F0, i) + (N1647, F1, i) + (N1642, F1, i)}
{(N908, F1, i)(N3808,1,i) + (N2569, F0, i) + (N3864->N895, F0, i) + (N2480, F1, i) + (N3813, F1, i)(N3105,1,i)}
{(N908, F1, i)(N3808,1,i) + (N2569, F0, i) + (N3864->N895, F0, i) + (N2480, F1, i) + (N1858->N1642, F0, i)}
{(N908, F1, i)(N3808,1,i) + (N2569, F0, i) + (N3864->N895, F0, i) + (N2480, F1, i) + (N1642, F1, i)}
{(N908, F1, i)(N3808,1,i) + (N2569, F0, i) + (N895, F1, i) + (N1647, F1, i) + (N3813, F1, i)(N3105,1,i)}
{(N908, F1, i)(N3808,1,i) + (N2569, F0, i) + (N895, F1, i) + (N1647, F1, i) + (N1858->N1642, F0, i)}
{(N908, F1, i)(N3808,1,i) + (N2569, F0, i) + (N895, F1, i) + (N1647, F1, i) + (N1642, F1, i)}
{(N908, F1, i)(N3808,1,i) + (N2569, F0, i) + (N895, F1, i) + (N2480, F1, i) + (N3813, F1, i)(N3105,1,i)}
{(N908, F1, i)(N3808,1,i) + (N2569, F0, i) + (N895, F1, i) + (N2480, F1, i) + (N1858->N1642, F0, i)}
{(N908, F1, i)(N3808,1,i) + (N2569, F0, i) + (N895, F1, i) + (N2480, F1, i) + (N1642, F1, i)}
{(N3389->N1707, F0, i) + (N389->N1469, F1, i) + (N467, F1, i)(N1089,1,i) + (N1647, F1, i) + (N3813, F1, i)(N3105,1,i)}
{(N3389->N1707, F0, i) + (N389->N1469, F1, i) + (N467, F1, i)(N1089,1,i) + (N1647, F1, i) + (N1858->N1642, F0, i)}
{(N3389->N1707, F0, i) + (N389->N1469, F1, i) + (N467, F1, i)(N1089,1,i) + (N1647, F1, i) + (N1642, F1, i)}
{(N3389->N1707, F0, i) + (N389->N1469, F1, i) + (N467, F1, i)(N1089,1,i) + (N2480, F1, i) + (N3813, F1, i)(N3105,1,i)}
{(N3389->N1707, F0, i) + (N389->N1469, F1, i) + (N467, F1, i)(N1089,1,i) + (N2480, F1, i) + (N1858->N1642, F0, i)}
{(N3389->N1707, F0, i) + (N389->N1469, F1, i) + (N467, F1, i)(N1089,1,i) + (N2480, F1, i) + (N1642, F1, i)}
{(N3389->N1707, F0, i) + (N389->N1469, F1, i) + (N3864->N895, F0, i) + (N1647, F1, i) + (N3813, F1, i)(N3105,1,i)}
{(N3389->N1707, F0, i) + (N389->N1469, F1, i) + (N3864->N895, F0, i) + (N1647, F1, i) + (N1858->N1642, F0, i)}
{(N3389->N1707, F0, i) + (N389->N1469, F1, i) + (N3864->N895, F0, i) + (N1647, F1, i) + (N1642, F1, i)}
{(N3389->N1707, F0, i) + (N389->N1469, F1, i) + (N3864->N895, F0, i) + (N2480, F1, i) + (N3813, F1, i)(N3105,1,i)}
{(N3389->N1707, F0, i) + (N389->N1469, F1, i) + (N3864->N895, F0, i) + (N2480, F1, i) + (N1858->N1642, F0, i)}
{(N3389->N1707, F0, i) + (N389->N1469, F1, i) + (N3864->N895, F0, i) + (N2480, F1, i) + (N1642, F1, i)}
{(N3389->N1707, F0, i) + (N389->N1469, F1, i) + (N895, F1, i) + (N1647, F1, i) + (N3813, F1, i)(N3105,1,i)}
{(N3389->N1707, F0, i) + (N389->N1469, F1, i) + (N895, F1, i) + (N1647, F1, i) + (N1858->N1642, F0, i)}
{(N3389->N1707, F0, i) + (N389->N1469, F1, i) + (N895, F1, i) + (N1647, F1, i) + (N1642, F1, i)}
{(N3389->N1707, F0, i) + (N389->N1469, F1, i) + (N895, F1, i) + (N2480, F1, i) + (N3813, F1, i)(N3105,1,i)}
{(N3389->N1707, F0, i) + (N389->N1469, F1, i) + (N895, F1, i) + (N2480, F1, i) + (N1858->N1642, F0, i)}
{(N3389->N1707, F0, i) + (N389->N1469, F1, i) + (N895, F1, i) + (N2480, F1, i) + (N1642, F1, i)}
{(N3389->N1707, F0, i) + (N1469, F1, i)(N389,0,i) + (N467, F1, i)(N1089,1,i) + (N1647, F1, i) + (N3813, F1, i)(N3105,1,i)}
{(N3389->N1707, F0, i) + (N1469, F1, i)(N389,0,i) + (N467, F1, i)(N1089,1,i) + (N1647, F1, i) + (N1858->N1642, F0, i)}
{(N3389->N1707, F0, i) + (N1469, F1, i)(N389,0,i) + (N467, F1, i)(N1089,1,i) + (N1647, F1, i) + (N1642, F1, i)}
{(N3389->N1707, F0, i) + (N1469, F1, i)(N389,0,i) + (N467, F1, i)(N1089,1,i) + (N2480, F1, i) + (N3813, F1, i)(N3105,1,i)}
{(N3389->N1707, F0, i) + (N1469, F1, i)(N389,0,i) + (N467, F1, i)(N1089,1,i) + (N2480, F1, i) + (N1858->N1642, F0, i)}
{(N3389->N1707, F0, i) + (N1469, F1, i)(N389,0,i) + (N467, F1, i)(N1089,1,i) + (N2480, F1, i) + (N1642, F1, i)}
{(N3389->N1707, F0, i) + (N1469, F1, i)(N389,0,i) + (N3864->N895, F0, i) + (N1647, F1, i) + (N3813, F1, i)(N3105,1,i)}
{(N3389->N1707, F0, i) + (N1469, F1, i)(N389,0,i) + (N3864->N895, F0, i) + (N1647, F1, i) + (N1858->N1642, F0, i)}
{(N3389->N1707, F0, i) + (N1469, F1, i)(N389,0,i) + (N3864->N895, F0, i) + (N1647, F1, i) + (N1642, F1, i)}
{(N3389->N1707, F0, i) + (N1469, F1, i)(N389,0,i) + (N3864->N895, F0, i) + (N2480, F1, i) + (N3813, F1, i)(N3105,1,i)}
{(N3389->N1707, F0, i) + (N1469, F1, i)(N389,0,i) + (N3864->N895, F0, i) + (N2480, F1, i) + (N1858->N1642, F0, i)}
{(N3389->N1707, F0, i) + (N1469, F1, i)(N389,0,i) + (N3864->N895, F0, i) + (N2480, F1, i) + (N1642, F1, i)}
{(N3389->N1707, F0, i) + (N1469, F1, i)(N389,0,i) + (N895, F1, i) + (N1647, F1, i) + (N3813, F1, i)(N3105,1,i)}
{(N3389->N1707, F0, i) + (N1469, F1, i)(N389,0,i) + (N895, F1, i) + (N1647, F1, i) + (N1858->N1642, F0, i)}
{(N3389->N1707, F0, i) + (N1469, F1, i)(N389,0,i) + (N895, F1, i) + (N1647, F1, i) + (N1642, F1, i)}
{(N3389->N1707, F0, i) + (N1469, F1, i)(N389,0,i) + (N895, F1, i) + (N2480, F1, i) + (N3813, F1, i)(N3105,1,i)}
{(N3389->N1707, F0, i) + (N1469, F1, i)(N389,0,i) + (N895, F1, i) + (N2480, F1, i) + (N1858->N1642, F0, i)}
{(N3389->N1707, F0, i) + (N1469, F1, i)(N389,0,i) + (N895, F1, i) + (N2480, F1, i) + (N1642, F1, i)}
{(N3389->N1707, F0, i) + (N958->N785, F1, i) + (N467, F1, i)(N1089,1,i) + (N1647, F1, i) + (N3813, F1, i)(N3105,1,i)}
{(N3389->N1707, F0, i) + (N958->N785, F1, i) + (N467, F1, i)(N1089,1,i) + (N1647, F1, i) + (N1858->N1642, F0, i)}
{(N3389->N1707, F0, i) + (N958->N785, F1, i) + (N467, F1, i)(N1089,1,i) + (N1647, F1, i) + (N1642, F1, i)}
{(N3389->N1707, F0, i) + (N958->N785, F1, i) + (N467, F1, i)(N1089,1,i) + (N2480, F1, i) + (N3813, F1, i)(N3105,1,i)}
{(N3389->N1707, F0, i) + (N958->N785, F1, i) + (N467, F1, i)(N1089,1,i) + (N2480, F1, i) + (N1858->N1642, F0, i)}
{(N3389->N1707, F0, i) + (N958->N785, F1, i) + (N467, F1, i)(N1089,1,i) + (N2480, F1, i) + (N1642, F1, i)}
{(N3389->N1707, F0, i) + (N958->N785, F1, i) + (N3864->N895, F0, i) + (N1647, F1, i) + (N3813, F1, i)(N3105,1,i)}
{(N3389->N1707, F0, i) + (N958->N785, F1, i) + (N3864->N895, F0, i) + (N1647, F1, i) + (N1858->N1642, F0, i)}
{(N3389->N1707, F0, i) + (N958->N785, F1, i) + (N3864->N895, F0, i) + (N1647, F1, i) + (N1642, F1, i)}
{(N3389->N1707, F0, i) + (N958->N785, F1, i) + (N3864->N895, F0, i) + (N2480, F1, i) + (N3813, F1, i)(N3105,1,i)}
{(N3389->N1707, F0, i) + (N958->N785, F1, i) + (N3864->N895, F0, i) + (N2480, F1, i) + (N1858->N1642, F0, i)}
{(N3389->N1707, F0, i) + (N958->N785, F1, i) + (N3864->N895, F0, i) + (N2480, F1, i) + (N1642, F1, i)}
{(N3389->N1707, F0, i) + (N958->N785, F1, i) + (N895, F1, i) + (N1647, F1, i) + (N3813, F1, i)(N3105,1,i)}
{(N3389->N1707, F0, i) + (N958->N785, F1, i) + (N895, F1, i) + (N1647, F1, i) + (N1858->N1642, F0, i)}
{(N3389->N1707, F0, i) + (N958->N785, F1, i) + (N895, F1, i) + (N1647, F1, i) + (N1642, F1, i)}
{(N3389->N1707, F0, i) + (N958->N785, F1, i) + (N895, F1, i) + (N2480, F1, i) + (N3813, F1, i)(N3105,1,i)}
{(N3389->N1707, F0, i) + (N958->N785, F1, i) + (N895, F1, i) + (N2480, F1, i) + (N1858->N1642, F0, i)}
{(N3389->N1707, F0, i) + (N958->N785, F1, i) + (N895, F1, i) + (N2480, F1, i) + (N1642, F1, i)}
{(N3389->N1707, F0, i) + (N785, F1, i)(N2090,1,i) + (N467, F1, i)(N1089,1,i) + (N1647, F1, i) + (N3813, F1, i)(N3105,1,i)}
{(N3389->N1707, F0, i) + (N785, F1, i)(N2090,1,i) + (N467, F1, i)(N1089,1,i) + (N1647, F1, i) + (N1858->N1642, F0, i)}
{(N3389->N1707, F0, i) + (N785, F1, i)(N2090,1,i) + (N467, F1, i)(N1089,1,i) + (N1647, F1, i) + (N1642, F1, i)}
{(N3389->N1707, F0, i) + (N785, F1, i)(N2090,1,i) + (N467, F1, i)(N1089,1,i) + (N2480, F1, i) + (N3813, F1, i)(N3105,1,i)}
{(N3389->N1707, F0, i) + (N785, F1, i)(N2090,1,i) + (N467, F1, i)(N1089,1,i) + (N2480, F1, i) + (N1858->N1642, F0, i)}
{(N3389->N1707, F0, i) + (N785, F1, i)(N2090,1,i) + (N467, F1, i)(N1089,1,i) + (N2480, F1, i) + (N1642, F1, i)}
{(N3389->N1707, F0, i) + (N785, F1, i)(N2090,1,i) + (N3864->N895, F0, i) + (N1647, F1, i) + (N3813, F1, i)(N3105,1,i)}
{(N3389->N1707, F0, i) + (N785, F1, i)(N2090,1,i) + (N3864->N895, F0, i) + (N1647, F1, i) + (N1858->N1642, F0, i)}
{(N3389->N1707, F0, i) + (N785, F1, i)(N2090,1,i) + (N3864->N895, F0, i) + (N1647, F1, i) + (N1642, F1, i)}
{(N3389->N1707, F0, i) + (N785, F1, i)(N2090,1,i) + (N3864->N895, F0, i) + (N2480, F1, i) + (N3813, F1, i)(N3105,1,i)}
{(N3389->N1707, F0, i) + (N785, F1, i)(N2090,1,i) + (N3864->N895, F0, i) + (N2480, F1, i) + (N1858->N1642, F0, i)}
{(N3389->N1707, F0, i) + (N785, F1, i)(N2090,1,i) + (N3864->N895, F0, i) + (N2480, F1, i) + (N1642, F1, i)}
{(N3389->N1707, F0, i) + (N785, F1, i)(N2090,1,i) + (N895, F1, i) + (N1647, F1, i) + (N3813, F1, i)(N3105,1,i)}
{(N3389->N1707, F0, i) + (N785, F1, i)(N2090,1,i) + (N895, F1, i) + (N1647, F1, i) + (N1858->N1642, F0, i)}
{(N3389->N1707, F0, i) + (N785, F1, i)(N2090,1,i) + (N895, F1, i) + (N1647, F1, i) + (N1642, F1, i)}
{(N3389->N1707, F0, i) + (N785, F1, i)(N2090,1,i) + (N895, F1, i) + (N2480, F1, i) + (N3813, F1, i)(N3105,1,i)}
{(N3389->N1707, F0, i) + (N785, F1, i)(N2090,1,i) + (N895, F1, i) + (N2480, F1, i) + (N1858->N1642, F0, i)}
{(N3389->N1707, F0, i) + (N785, F1, i)(N2090,1,i) + (N895, F1, i) + (N2480, F1, i) + (N1642, F1, i)}
{(N3389->N1707, F0, i) + (N946, F1, i)(N2839,1,i) + (N467, F1, i)(N1089,1,i) + (N1647, F1, i) + (N3813, F1, i)(N3105,1,i)}
{(N3389->N1707, F0, i) + (N946, F1, i)(N2839,1,i) + (N467, F1, i)(N1089,1,i) + (N1647, F1, i) + (N1858->N1642, F0, i)}
{(N3389->N1707, F0, i) + (N946, F1, i)(N2839,1,i) + (N467, F1, i)(N1089,1,i) + (N1647, F1, i) + (N1642, F1, i)}
{(N3389->N1707, F0, i) + (N946, F1, i)(N2839,1,i) + (N467, F1, i)(N1089,1,i) + (N2480, F1, i) + (N3813, F1, i)(N3105,1,i)}
{(N3389->N1707, F0, i) + (N946, F1, i)(N2839,1,i) + (N467, F1, i)(N1089,1,i) + (N2480, F1, i) + (N1858->N1642, F0, i)}
{(N3389->N1707, F0, i) + (N946, F1, i)(N2839,1,i) + (N467, F1, i)(N1089,1,i) + (N2480, F1, i) + (N1642, F1, i)}
{(N3389->N1707, F0, i) + (N946, F1, i)(N2839,1,i) + (N3864->N895, F0, i) + (N1647, F1, i) + (N3813, F1, i)(N3105,1,i)}
{(N3389->N1707, F0, i) + (N946, F1, i)(N2839,1,i) + (N3864->N895, F0, i) + (N1647, F1, i) + (N1858->N1642, F0, i)}
{(N3389->N1707, F0, i) + (N946, F1, i)(N2839,1,i) + (N3864->N895, F0, i) + (N1647, F1, i) + (N1642, F1, i)}
{(N3389->N1707, F0, i) + (N946, F1, i)(N2839,1,i) + (N3864->N895, F0, i) + (N2480, F1, i) + (N3813, F1, i)(N3105,1,i)}
{(N3389->N1707, F0, i) + (N946, F1, i)(N2839,1,i) + (N3864->N895, F0, i) + (N2480, F1, i) + (N1858->N1642, F0, i)}
{(N3389->N1707, F0, i) + (N946, F1, i)(N2839,1,i) + (N3864->N895, F0, i) + (N2480, F1, i) + (N1642, F1, i)}
{(N3389->N1707, F0, i) + (N946, F1, i)(N2839,1,i) + (N895, F1, i) + (N1647, F1, i) + (N3813, F1, i)(N3105,1,i)}
{(N3389->N1707, F0, i) + (N946, F1, i)(N2839,1,i) + (N895, F1, i) + (N1647, F1, i) + (N1858->N1642, F0, i)}
{(N3389->N1707, F0, i) + (N946, F1, i)(N2839,1,i) + (N895, F1, i) + (N1647, F1, i) + (N1642, F1, i)}
{(N3389->N1707, F0, i) + (N946, F1, i)(N2839,1,i) + (N895, F1, i) + (N2480, F1, i) + (N3813, F1, i)(N3105,1,i)}
{(N3389->N1707, F0, i) + (N946, F1, i)(N2839,1,i) + (N895, F1, i) + (N2480, F1, i) + (N1858->N1642, F0, i)}
{(N3389->N1707, F0, i) + (N946, F1, i)(N2839,1,i) + (N895, F1, i) + (N2480, F1, i) + (N1642, F1, i)}
{(N3389->N1707, F0, i) + (N3275, F1, i) + (N467, F1, i)(N1089,1,i) + (N1647, F1, i) + (N3813, F1, i)(N3105,1,i)}
{(N3389->N1707, F0, i) + (N3275, F1, i) + (N467, F1, i)(N1089,1,i) + (N1647, F1, i) + (N1858->N1642, F0, i)}
{(N3389->N1707, F0, i) + (N3275, F1, i) + (N467, F1, i)(N1089,1,i) + (N1647, F1, i) + (N1642, F1, i)}
{(N3389->N1707, F0, i) + (N3275, F1, i) + (N467, F1, i)(N1089,1,i) + (N2480, F1, i) + (N3813, F1, i)(N3105,1,i)}
{(N3389->N1707, F0, i) + (N3275, F1, i) + (N467, F1, i)(N1089,1,i) + (N2480, F1, i) + (N1858->N1642, F0, i)}
{(N3389->N1707, F0, i) + (N3275, F1, i) + (N467, F1, i)(N1089,1,i) + (N2480, F1, i) + (N1642, F1, i)}
{(N3389->N1707, F0, i) + (N3275, F1, i) + (N3864->N895, F0, i) + (N1647, F1, i) + (N3813, F1, i)(N3105,1,i)}
{(N3389->N1707, F0, i) + (N3275, F1, i) + (N3864->N895, F0, i) + (N1647, F1, i) + (N1858->N1642, F0, i)}
{(N3389->N1707, F0, i) + (N3275, F1, i) + (N3864->N895, F0, i) + (N1647, F1, i) + (N1642, F1, i)}
{(N3389->N1707, F0, i) + (N3275, F1, i) + (N3864->N895, F0, i) + (N2480, F1, i) + (N3813, F1, i)(N3105,1,i)}
{(N3389->N1707, F0, i) + (N3275, F1, i) + (N3864->N895, F0, i) + (N2480, F1, i) + (N1858->N1642, F0, i)}
{(N3389->N1707, F0, i) + (N3275, F1, i) + (N3864->N895, F0, i) + (N2480, F1, i) + (N1642, F1, i)}
{(N3389->N1707, F0, i) + (N3275, F1, i) + (N895, F1, i) + (N1647, F1, i) + (N3813, F1, i)(N3105,1,i)}
{(N3389->N1707, F0, i) + (N3275, F1, i) + (N895, F1, i) + (N1647, F1, i) + (N1858->N1642, F0, i)}
{(N3389->N1707, F0, i) + (N3275, F1, i) + (N895, F1, i) + (N1647, F1, i) + (N1642, F1, i)}
{(N3389->N1707, F0, i) + (N3275, F1, i) + (N895, F1, i) + (N2480, F1, i) + (N3813, F1, i)(N3105,1,i)}
{(N3389->N1707, F0, i) + (N3275, F1, i) + (N895, F1, i) + (N2480, F1, i) + (N1858->N1642, F0, i)}
{(N3389->N1707, F0, i) + (N3275, F1, i) + (N895, F1, i) + (N2480, F1, i) + (N1642, F1, i)}
{(N3389->N1707, F0, i) + (N3371, F0, i) + (N467, F1, i)(N1089,1,i) + (N1647, F1, i) + (N3813, F1, i)(N3105,1,i)}
{(N3389->N1707, F0, i) + (N3371, F0, i) + (N467, F1, i)(N1089,1,i) + (N1647, F1, i) + (N1858->N1642, F0, i)}
{(N3389->N1707, F0, i) + (N3371, F0, i) + (N467, F1, i)(N1089,1,i) + (N1647, F1, i) + (N1642, F1, i)}
{(N3389->N1707, F0, i) + (N3371, F0, i) + (N467, F1, i)(N1089,1,i) + (N2480, F1, i) + (N3813, F1, i)(N3105,1,i)}
{(N3389->N1707, F0, i) + (N3371, F0, i) + (N467, F1, i)(N1089,1,i) + (N2480, F1, i) + (N1858->N1642, F0, i)}
{(N3389->N1707, F0, i) + (N3371, F0, i) + (N467, F1, i)(N1089,1,i) + (N2480, F1, i) + (N1642, F1, i)}
{(N3389->N1707, F0, i) + (N3371, F0, i) + (N3864->N895, F0, i) + (N1647, F1, i) + (N3813, F1, i)(N3105,1,i)}
{(N3389->N1707, F0, i) + (N3371, F0, i) + (N3864->N895, F0, i) + (N1647, F1, i) + (N1858->N1642, F0, i)}
{(N3389->N1707, F0, i) + (N3371, F0, i) + (N3864->N895, F0, i) + (N1647, F1, i) + (N1642, F1, i)}
{(N3389->N1707, F0, i) + (N3371, F0, i) + (N3864->N895, F0, i) + (N2480, F1, i) + (N3813, F1, i)(N3105,1,i)}
{(N3389->N1707, F0, i) + (N3371, F0, i) + (N3864->N895, F0, i) + (N2480, F1, i) + (N1858->N1642, F0, i)}
{(N3389->N1707, F0, i) + (N3371, F0, i) + (N3864->N895, F0, i) + (N2480, F1, i) + (N1642, F1, i)}
{(N3389->N1707, F0, i) + (N3371, F0, i) + (N895, F1, i) + (N1647, F1, i) + (N3813, F1, i)(N3105,1,i)}
{(N3389->N1707, F0, i) + (N3371, F0, i) + (N895, F1, i) + (N1647, F1, i) + (N1858->N1642, F0, i)}
{(N3389->N1707, F0, i) + (N3371, F0, i) + (N895, F1, i) + (N1647, F1, i) + (N1642, F1, i)}
{(N3389->N1707, F0, i) + (N3371, F0, i) + (N895, F1, i) + (N2480, F1, i) + (N3813, F1, i)(N3105,1,i)}
{(N3389->N1707, F0, i) + (N3371, F0, i) + (N895, F1, i) + (N2480, F1, i) + (N1858->N1642, F0, i)}
{(N3389->N1707, F0, i) + (N3371, F0, i) + (N895, F1, i) + (N2480, F1, i) + (N1642, F1, i)}
{(N3389->N1707, F0, i) + (N3695, F0, i) + (N467, F1, i)(N1089,1,i) + (N1647, F1, i) + (N3813, F1, i)(N3105,1,i)}
{(N3389->N1707, F0, i) + (N3695, F0, i) + (N467, F1, i)(N1089,1,i) + (N1647, F1, i) + (N1858->N1642, F0, i)}
{(N3389->N1707, F0, i) + (N3695, F0, i) + (N467, F1, i)(N1089,1,i) + (N1647, F1, i) + (N1642, F1, i)}
{(N3389->N1707, F0, i) + (N3695, F0, i) + (N467, F1, i)(N1089,1,i) + (N2480, F1, i) + (N3813, F1, i)(N3105,1,i)}
{(N3389->N1707, F0, i) + (N3695, F0, i) + (N467, F1, i)(N1089,1,i) + (N2480, F1, i) + (N1858->N1642, F0, i)}
{(N3389->N1707, F0, i) + (N3695, F0, i) + (N467, F1, i)(N1089,1,i) + (N2480, F1, i) + (N1642, F1, i)}
{(N3389->N1707, F0, i) + (N3695, F0, i) + (N3864->N895, F0, i) + (N1647, F1, i) + (N3813, F1, i)(N3105,1,i)}
{(N3389->N1707, F0, i) + (N3695, F0, i) + (N3864->N895, F0, i) + (N1647, F1, i) + (N1858->N1642, F0, i)}
{(N3389->N1707, F0, i) + (N3695, F0, i) + (N3864->N895, F0, i) + (N1647, F1, i) + (N1642, F1, i)}
{(N3389->N1707, F0, i) + (N3695, F0, i) + (N3864->N895, F0, i) + (N2480, F1, i) + (N3813, F1, i)(N3105,1,i)}
{(N3389->N1707, F0, i) + (N3695, F0, i) + (N3864->N895, F0, i) + (N2480, F1, i) + (N1858->N1642, F0, i)}
{(N3389->N1707, F0, i) + (N3695, F0, i) + (N3864->N895, F0, i) + (N2480, F1, i) + (N1642, F1, i)}
{(N3389->N1707, F0, i) + (N3695, F0, i) + (N895, F1, i) + (N1647, F1, i) + (N3813, F1, i)(N3105,1,i)}
{(N3389->N1707, F0, i) + (N3695, F0, i) + (N895, F1, i) + (N1647, F1, i) + (N1858->N1642, F0, i)}
{(N3389->N1707, F0, i) + (N3695, F0, i) + (N895, F1, i) + (N1647, F1, i) + (N1642, F1, i)}
{(N3389->N1707, F0, i) + (N3695, F0, i) + (N895, F1, i) + (N2480, F1, i) + (N3813, F1, i)(N3105,1,i)}
{(N3389->N1707, F0, i) + (N3695, F0, i) + (N895, F1, i) + (N2480, F1, i) + (N1858->N1642, F0, i)}
{(N3389->N1707, F0, i) + (N3695, F0, i) + (N895, F1, i) + (N2480, F1, i) + (N1642, F1, i)}
{(N3389->N1707, F0, i) + (N2080->N3333, F1, i) + (N467, F1, i)(N1089,1,i) + (N1647, F1, i) + (N3813, F1, i)(N3105,1,i)}
{(N3389->N1707, F0, i) + (N2080->N3333, F1, i) + (N467, F1, i)(N1089,1,i) + (N1647, F1, i) + (N1858->N1642, F0, i)}
{(N3389->N1707, F0, i) + (N2080->N3333, F1, i) + (N467, F1, i)(N1089,1,i) + (N1647, F1, i) + (N1642, F1, i)}
{(N3389->N1707, F0, i) + (N2080->N3333, F1, i) + (N467, F1, i)(N1089,1,i) + (N2480, F1, i) + (N3813, F1, i)(N3105,1,i)}
{(N3389->N1707, F0, i) + (N2080->N3333, F1, i) + (N467, F1, i)(N1089,1,i) + (N2480, F1, i) + (N1858->N1642, F0, i)}
{(N3389->N1707, F0, i) + (N2080->N3333, F1, i) + (N467, F1, i)(N1089,1,i) + (N2480, F1, i) + (N1642, F1, i)}
{(N3389->N1707, F0, i) + (N2080->N3333, F1, i) + (N3864->N895, F0, i) + (N1647, F1, i) + (N3813, F1, i)(N3105,1,i)}
{(N3389->N1707, F0, i) + (N2080->N3333, F1, i) + (N3864->N895, F0, i) + (N1647, F1, i) + (N1858->N1642, F0, i)}
{(N3389->N1707, F0, i) + (N2080->N3333, F1, i) + (N3864->N895, F0, i) + (N1647, F1, i) + (N1642, F1, i)}
{(N3389->N1707, F0, i) + (N2080->N3333, F1, i) + (N3864->N895, F0, i) + (N2480, F1, i) + (N3813, F1, i)(N3105,1,i)}
{(N3389->N1707, F0, i) + (N2080->N3333, F1, i) + (N3864->N895, F0, i) + (N2480, F1, i) + (N1858->N1642, F0, i)}
{(N3389->N1707, F0, i) + (N2080->N3333, F1, i) + (N3864->N895, F0, i) + (N2480, F1, i) + (N1642, F1, i)}
{(N3389->N1707, F0, i) + (N2080->N3333, F1, i) + (N895, F1, i) + (N1647, F1, i) + (N3813, F1, i)(N3105,1,i)}
{(N3389->N1707, F0, i) + (N2080->N3333, F1, i) + (N895, F1, i) + (N1647, F1, i) + (N1858->N1642, F0, i)}
{(N3389->N1707, F0, i) + (N2080->N3333, F1, i) + (N895, F1, i) + (N1647, F1, i) + (N1642, F1, i)}
{(N3389->N1707, F0, i) + (N2080->N3333, F1, i) + (N895, F1, i) + (N2480, F1, i) + (N3813, F1, i)(N3105,1,i)}
{(N3389->N1707, F0, i) + (N2080->N3333, F1, i) + (N895, F1, i) + (N2480, F1, i) + (N1858->N1642, F0, i)}
{(N3389->N1707, F0, i) + (N2080->N3333, F1, i) + (N895, F1, i) + (N2480, F1, i) + (N1642, F1, i)}
{(N3389->N1707, F0, i) + (N3333, F0, i) + (N467, F1, i)(N1089,1,i) + (N1647, F1, i) + (N3813, F1, i)(N3105,1,i)}
{(N3389->N1707, F0, i) + (N3333, F0, i) + (N467, F1, i)(N1089,1,i) + (N1647, F1, i) + (N1858->N1642, F0, i)}
{(N3389->N1707, F0, i) + (N3333, F0, i) + (N467, F1, i)(N1089,1,i) + (N1647, F1, i) + (N1642, F1, i)}
{(N3389->N1707, F0, i) + (N3333, F0, i) + (N467, F1, i)(N1089,1,i) + (N2480, F1, i) + (N3813, F1, i)(N3105,1,i)}
{(N3389->N1707, F0, i) + (N3333, F0, i) + (N467, F1, i)(N1089,1,i) + (N2480, F1, i) + (N1858->N1642, F0, i)}
{(N3389->N1707, F0, i) + (N3333, F0, i) + (N467, F1, i)(N1089,1,i) + (N2480, F1, i) + (N1642, F1, i)}
{(N3389->N1707, F0, i) + (N3333, F0, i) + (N3864->N895, F0, i) + (N1647, F1, i) + (N3813, F1, i)(N3105,1,i)}
{(N3389->N1707, F0, i) + (N3333, F0, i) + (N3864->N895, F0, i) + (N1647, F1, i) + (N1858->N1642, F0, i)}
{(N3389->N1707, F0, i) + (N3333, F0, i) + (N3864->N895, F0, i) + (N1647, F1, i) + (N1642, F1, i)}
{(N3389->N1707, F0, i) + (N3333, F0, i) + (N3864->N895, F0, i) + (N2480, F1, i) + (N3813, F1, i)(N3105,1,i)}
{(N3389->N1707, F0, i) + (N3333, F0, i) + (N3864->N895, F0, i) + (N2480, F1, i) + (N1858->N1642, F0, i)}
{(N3389->N1707, F0, i) + (N3333, F0, i) + (N3864->N895, F0, i) + (N2480, F1, i) + (N1642, F1, i)}
{(N3389->N1707, F0, i) + (N3333, F0, i) + (N895, F1, i) + (N1647, F1, i) + (N3813, F1, i)(N3105,1,i)}
{(N3389->N1707, F0, i) + (N3333, F0, i) + (N895, F1, i) + (N1647, F1, i) + (N1858->N1642, F0, i)}
{(N3389->N1707, F0, i) + (N3333, F0, i) + (N895, F1, i) + (N1647, F1, i) + (N1642, F1, i)}
{(N3389->N1707, F0, i) + (N3333, F0, i) + (N895, F1, i) + (N2480, F1, i) + (N3813, F1, i)(N3105,1,i)}
{(N3389->N1707, F0, i) + (N3333, F0, i) + (N895, F1, i) + (N2480, F1, i) + (N1858->N1642, F0, i)}
{(N3389->N1707, F0, i) + (N3333, F0, i) + (N895, F1, i) + (N2480, F1, i) + (N1642, F1, i)}
{(N3389->N1707, F0, i) + (N1263->N2569, F1, i) + (N467, F1, i)(N1089,1,i) + (N1647, F1, i) + (N3813, F1, i)(N3105,1,i)}
{(N3389->N1707, F0, i) + (N1263->N2569, F1, i) + (N467, F1, i)(N1089,1,i) + (N1647, F1, i) + (N1858->N1642, F0, i)}
{(N3389->N1707, F0, i) + (N1263->N2569, F1, i) + (N467, F1, i)(N1089,1,i) + (N1647, F1, i) + (N1642, F1, i)}
{(N3389->N1707, F0, i) + (N1263->N2569, F1, i) + (N467, F1, i)(N1089,1,i) + (N2480, F1, i) + (N3813, F1, i)(N3105,1,i)}
{(N3389->N1707, F0, i) + (N1263->N2569, F1, i) + (N467, F1, i)(N1089,1,i) + (N2480, F1, i) + (N1858->N1642, F0, i)}
{(N3389->N1707, F0, i) + (N1263->N2569, F1, i) + (N467, F1, i)(N1089,1,i) + (N2480, F1, i) + (N1642, F1, i)}
{(N3389->N1707, F0, i) + (N1263->N2569, F1, i) + (N3864->N895, F0, i) + (N1647, F1, i) + (N3813, F1, i)(N3105,1,i)}
{(N3389->N1707, F0, i) + (N1263->N2569, F1, i) + (N3864->N895, F0, i) + (N1647, F1, i) + (N1858->N1642, F0, i)}
{(N3389->N1707, F0, i) + (N1263->N2569, F1, i) + (N3864->N895, F0, i) + (N1647, F1, i) + (N1642, F1, i)}
{(N3389->N1707, F0, i) + (N1263->N2569, F1, i) + (N3864->N895, F0, i) + (N2480, F1, i) + (N3813, F1, i)(N3105,1,i)}
{(N3389->N1707, F0, i) + (N1263->N2569, F1, i) + (N3864->N895, F0, i) + (N2480, F1, i) + (N1858->N1642, F0, i)}
{(N3389->N1707, F0, i) + (N1263->N2569, F1, i) + (N3864->N895, F0, i) + (N2480, F1, i) + (N1642, F1, i)}
{(N3389->N1707, F0, i) + (N1263->N2569, F1, i) + (N895, F1, i) + (N1647, F1, i) + (N3813, F1, i)(N3105,1,i)}
{(N3389->N1707, F0, i) + (N1263->N2569, F1, i) + (N895, F1, i) + (N1647, F1, i) + (N1858->N1642, F0, i)}
{(N3389->N1707, F0, i) + (N1263->N2569, F1, i) + (N895, F1, i) + (N1647, F1, i) + (N1642, F1, i)}
{(N3389->N1707, F0, i) + (N1263->N2569, F1, i) + (N895, F1, i) + (N2480, F1, i) + (N3813, F1, i)(N3105,1,i)}
{(N3389->N1707, F0, i) + (N1263->N2569, F1, i) + (N895, F1, i) + (N2480, F1, i) + (N1858->N1642, F0, i)}
{(N3389->N1707, F0, i) + (N1263->N2569, F1, i) + (N895, F1, i) + (N2480, F1, i) + (N1642, F1, i)}
{(N3389->N1707, F0, i) + (N2569, F0, i) + (N467, F1, i)(N1089,1,i) + (N1647, F1, i) + (N3813, F1, i)(N3105,1,i)}
{(N3389->N1707, F0, i) + (N2569, F0, i) + (N467, F1, i)(N1089,1,i) + (N1647, F1, i) + (N1858->N1642, F0, i)}
{(N3389->N1707, F0, i) + (N2569, F0, i) + (N467, F1, i)(N1089,1,i) + (N1647, F1, i) + (N1642, F1, i)}
{(N3389->N1707, F0, i) + (N2569, F0, i) + (N467, F1, i)(N1089,1,i) + (N2480, F1, i) + (N3813, F1, i)(N3105,1,i)}
{(N3389->N1707, F0, i) + (N2569, F0, i) + (N467, F1, i)(N1089,1,i) + (N2480, F1, i) + (N1858->N1642, F0, i)}
{(N3389->N1707, F0, i) + (N2569, F0, i) + (N467, F1, i)(N1089,1,i) + (N2480, F1, i) + (N1642, F1, i)}
{(N3389->N1707, F0, i) + (N2569, F0, i) + (N3864->N895, F0, i) + (N1647, F1, i) + (N3813, F1, i)(N3105,1,i)}
{(N3389->N1707, F0, i) + (N2569, F0, i) + (N3864->N895, F0, i) + (N1647, F1, i) + (N1858->N1642, F0, i)}
{(N3389->N1707, F0, i) + (N2569, F0, i) + (N3864->N895, F0, i) + (N1647, F1, i) + (N1642, F1, i)}
{(N3389->N1707, F0, i) + (N2569, F0, i) + (N3864->N895, F0, i) + (N2480, F1, i) + (N3813, F1, i)(N3105,1,i)}
{(N3389->N1707, F0, i) + (N2569, F0, i) + (N3864->N895, F0, i) + (N2480, F1, i) + (N1858->N1642, F0, i)}
{(N3389->N1707, F0, i) + (N2569, F0, i) + (N3864->N895, F0, i) + (N2480, F1, i) + (N1642, F1, i)}
{(N3389->N1707, F0, i) + (N2569, F0, i) + (N895, F1, i) + (N1647, F1, i) + (N3813, F1, i)(N3105,1,i)}
{(N3389->N1707, F0, i) + (N2569, F0, i) + (N895, F1, i) + (N1647, F1, i) + (N1858->N1642, F0, i)}
{(N3389->N1707, F0, i) + (N2569, F0, i) + (N895, F1, i) + (N1647, F1, i) + (N1642, F1, i)}
{(N3389->N1707, F0, i) + (N2569, F0, i) + (N895, F1, i) + (N2480, F1, i) + (N3813, F1, i)(N3105,1,i)}
{(N3389->N1707, F0, i) + (N2569, F0, i) + (N895, F1, i) + (N2480, F1, i) + (N1858->N1642, F0, i)}
{(N3389->N1707, F0, i) + (N2569, F0, i) + (N895, F1, i) + (N2480, F1, i) + (N1642, F1, i)}
{(N1707, F1, i) + (N389->N1469, F1, i) + (N467, F1, i)(N1089,1,i) + (N1647, F1, i) + (N3813, F1, i)(N3105,1,i)}
{(N1707, F1, i) + (N389->N1469, F1, i) + (N467, F1, i)(N1089,1,i) + (N1647, F1, i) + (N1858->N1642, F0, i)}
{(N1707, F1, i) + (N389->N1469, F1, i) + (N467, F1, i)(N1089,1,i) + (N1647, F1, i) + (N1642, F1, i)}
{(N1707, F1, i) + (N389->N1469, F1, i) + (N467, F1, i)(N1089,1,i) + (N2480, F1, i) + (N3813, F1, i)(N3105,1,i)}
{(N1707, F1, i) + (N389->N1469, F1, i) + (N467, F1, i)(N1089,1,i) + (N2480, F1, i) + (N1858->N1642, F0, i)}
{(N1707, F1, i) + (N389->N1469, F1, i) + (N467, F1, i)(N1089,1,i) + (N2480, F1, i) + (N1642, F1, i)}
{(N1707, F1, i) + (N389->N1469, F1, i) + (N3864->N895, F0, i) + (N1647, F1, i) + (N3813, F1, i)(N3105,1,i)}
{(N1707, F1, i) + (N389->N1469, F1, i) + (N3864->N895, F0, i) + (N1647, F1, i) + (N1858->N1642, F0, i)}
{(N1707, F1, i) + (N389->N1469, F1, i) + (N3864->N895, F0, i) + (N1647, F1, i) + (N1642, F1, i)}
{(N1707, F1, i) + (N389->N1469, F1, i) + (N3864->N895, F0, i) + (N2480, F1, i) + (N3813, F1, i)(N3105,1,i)}
{(N1707, F1, i) + (N389->N1469, F1, i) + (N3864->N895, F0, i) + (N2480, F1, i) + (N1858->N1642, F0, i)}
{(N1707, F1, i) + (N389->N1469, F1, i) + (N3864->N895, F0, i) + (N2480, F1, i) + (N1642, F1, i)}
{(N1707, F1, i) + (N389->N1469, F1, i) + (N895, F1, i) + (N1647, F1, i) + (N3813, F1, i)(N3105,1,i)}
{(N1707, F1, i) + (N389->N1469, F1, i) + (N895, F1, i) + (N1647, F1, i) + (N1858->N1642, F0, i)}
{(N1707, F1, i) + (N389->N1469, F1, i) + (N895, F1, i) + (N1647, F1, i) + (N1642, F1, i)}
{(N1707, F1, i) + (N389->N1469, F1, i) + (N895, F1, i) + (N2480, F1, i) + (N3813, F1, i)(N3105,1,i)}
{(N1707, F1, i) + (N389->N1469, F1, i) + (N895, F1, i) + (N2480, F1, i) + (N1858->N1642, F0, i)}
{(N1707, F1, i) + (N389->N1469, F1, i) + (N895, F1, i) + (N2480, F1, i) + (N1642, F1, i)}
{(N1707, F1, i) + (N1469, F1, i)(N389,0,i) + (N467, F1, i)(N1089,1,i) + (N1647, F1, i) + (N3813, F1, i)(N3105,1,i)}
{(N1707, F1, i) + (N1469, F1, i)(N389,0,i) + (N467, F1, i)(N1089,1,i) + (N1647, F1, i) + (N1858->N1642, F0, i)}
{(N1707, F1, i) + (N1469, F1, i)(N389,0,i) + (N467, F1, i)(N1089,1,i) + (N1647, F1, i) + (N1642, F1, i)}
{(N1707, F1, i) + (N1469, F1, i)(N389,0,i) + (N467, F1, i)(N1089,1,i) + (N2480, F1, i) + (N3813, F1, i)(N3105,1,i)}
{(N1707, F1, i) + (N1469, F1, i)(N389,0,i) + (N467, F1, i)(N1089,1,i) + (N2480, F1, i) + (N1858->N1642, F0, i)}
{(N1707, F1, i) + (N1469, F1, i)(N389,0,i) + (N467, F1, i)(N1089,1,i) + (N2480, F1, i) + (N1642, F1, i)}
{(N1707, F1, i) + (N1469, F1, i)(N389,0,i) + (N3864->N895, F0, i) + (N1647, F1, i) + (N3813, F1, i)(N3105,1,i)}
{(N1707, F1, i) + (N1469, F1, i)(N389,0,i) + (N3864->N895, F0, i) + (N1647, F1, i) + (N1858->N1642, F0, i)}
{(N1707, F1, i) + (N1469, F1, i)(N389,0,i) + (N3864->N895, F0, i) + (N1647, F1, i) + (N1642, F1, i)}
{(N1707, F1, i) + (N1469, F1, i)(N389,0,i) + (N3864->N895, F0, i) + (N2480, F1, i) + (N3813, F1, i)(N3105,1,i)}
{(N1707, F1, i) + (N1469, F1, i)(N389,0,i) + (N3864->N895, F0, i) + (N2480, F1, i) + (N1858->N1642, F0, i)}
{(N1707, F1, i) + (N1469, F1, i)(N389,0,i) + (N3864->N895, F0, i) + (N2480, F1, i) + (N1642, F1, i)}
{(N1707, F1, i) + (N1469, F1, i)(N389,0,i) + (N895, F1, i) + (N1647, F1, i) + (N3813, F1, i)(N3105,1,i)}
{(N1707, F1, i) + (N1469, F1, i)(N389,0,i) + (N895, F1, i) + (N1647, F1, i) + (N1858->N1642, F0, i)}
{(N1707, F1, i) + (N1469, F1, i)(N389,0,i) + (N895, F1, i) + (N1647, F1, i) + (N1642, F1, i)}
{(N1707, F1, i) + (N1469, F1, i)(N389,0,i) + (N895, F1, i) + (N2480, F1, i) + (N3813, F1, i)(N3105,1,i)}
{(N1707, F1, i) + (N1469, F1, i)(N389,0,i) + (N895, F1, i) + (N2480, F1, i) + (N1858->N1642, F0, i)}
{(N1707, F1, i) + (N1469, F1, i)(N389,0,i) + (N895, F1, i) + (N2480, F1, i) + (N1642, F1, i)}
{(N1707, F1, i) + (N958->N785, F1, i) + (N467, F1, i)(N1089,1,i) + (N1647, F1, i) + (N3813, F1, i)(N3105,1,i)}
{(N1707, F1, i) + (N958->N785, F1, i) + (N467, F1, i)(N1089,1,i) + (N1647, F1, i) + (N1858->N1642, F0, i)}
{(N1707, F1, i) + (N958->N785, F1, i) + (N467, F1, i)(N1089,1,i) + (N1647, F1, i) + (N1642, F1, i)}
{(N1707, F1, i) + (N958->N785, F1, i) + (N467, F1, i)(N1089,1,i) + (N2480, F1, i) + (N3813, F1, i)(N3105,1,i)}
{(N1707, F1, i) + (N958->N785, F1, i) + (N467, F1, i)(N1089,1,i) + (N2480, F1, i) + (N1858->N1642, F0, i)}
{(N1707, F1, i) + (N958->N785, F1, i) + (N467, F1, i)(N1089,1,i) + (N2480, F1, i) + (N1642, F1, i)}
{(N1707, F1, i) + (N958->N785, F1, i) + (N3864->N895, F0, i) + (N1647, F1, i) + (N3813, F1, i)(N3105,1,i)}
{(N1707, F1, i) + (N958->N785, F1, i) + (N3864->N895, F0, i) + (N1647, F1, i) + (N1858->N1642, F0, i)}
{(N1707, F1, i) + (N958->N785, F1, i) + (N3864->N895, F0, i) + (N1647, F1, i) + (N1642, F1, i)}
{(N1707, F1, i) + (N958->N785, F1, i) + (N3864->N895, F0, i) + (N2480, F1, i) + (N3813, F1, i)(N3105,1,i)}
{(N1707, F1, i) + (N958->N785, F1, i) + (N3864->N895, F0, i) + (N2480, F1, i) + (N1858->N1642, F0, i)}
{(N1707, F1, i) + (N958->N785, F1, i) + (N3864->N895, F0, i) + (N2480, F1, i) + (N1642, F1, i)}
{(N1707, F1, i) + (N958->N785, F1, i) + (N895, F1, i) + (N1647, F1, i) + (N3813, F1, i)(N3105,1,i)}
{(N1707, F1, i) + (N958->N785, F1, i) + (N895, F1, i) + (N1647, F1, i) + (N1858->N1642, F0, i)}
{(N1707, F1, i) + (N958->N785, F1, i) + (N895, F1, i) + (N1647, F1, i) + (N1642, F1, i)}
{(N1707, F1, i) + (N958->N785, F1, i) + (N895, F1, i) + (N2480, F1, i) + (N3813, F1, i)(N3105,1,i)}
{(N1707, F1, i) + (N958->N785, F1, i) + (N895, F1, i) + (N2480, F1, i) + (N1858->N1642, F0, i)}
{(N1707, F1, i) + (N958->N785, F1, i) + (N895, F1, i) + (N2480, F1, i) + (N1642, F1, i)}
{(N1707, F1, i) + (N785, F1, i)(N2090,1,i) + (N467, F1, i)(N1089,1,i) + (N1647, F1, i) + (N3813, F1, i)(N3105,1,i)}
{(N1707, F1, i) + (N785, F1, i)(N2090,1,i) + (N467, F1, i)(N1089,1,i) + (N1647, F1, i) + (N1858->N1642, F0, i)}
{(N1707, F1, i) + (N785, F1, i)(N2090,1,i) + (N467, F1, i)(N1089,1,i) + (N1647, F1, i) + (N1642, F1, i)}
{(N1707, F1, i) + (N785, F1, i)(N2090,1,i) + (N467, F1, i)(N1089,1,i) + (N2480, F1, i) + (N3813, F1, i)(N3105,1,i)}
{(N1707, F1, i) + (N785, F1, i)(N2090,1,i) + (N467, F1, i)(N1089,1,i) + (N2480, F1, i) + (N1858->N1642, F0, i)}
{(N1707, F1, i) + (N785, F1, i)(N2090,1,i) + (N467, F1, i)(N1089,1,i) + (N2480, F1, i) + (N1642, F1, i)}
{(N1707, F1, i) + (N785, F1, i)(N2090,1,i) + (N3864->N895, F0, i) + (N1647, F1, i) + (N3813, F1, i)(N3105,1,i)}
{(N1707, F1, i) + (N785, F1, i)(N2090,1,i) + (N3864->N895, F0, i) + (N1647, F1, i) + (N1858->N1642, F0, i)}
{(N1707, F1, i) + (N785, F1, i)(N2090,1,i) + (N3864->N895, F0, i) + (N1647, F1, i) + (N1642, F1, i)}
{(N1707, F1, i) + (N785, F1, i)(N2090,1,i) + (N3864->N895, F0, i) + (N2480, F1, i) + (N3813, F1, i)(N3105,1,i)}
{(N1707, F1, i) + (N785, F1, i)(N2090,1,i) + (N3864->N895, F0, i) + (N2480, F1, i) + (N1858->N1642, F0, i)}
{(N1707, F1, i) + (N785, F1, i)(N2090,1,i) + (N3864->N895, F0, i) + (N2480, F1, i) + (N1642, F1, i)}
{(N1707, F1, i) + (N785, F1, i)(N2090,1,i) + (N895, F1, i) + (N1647, F1, i) + (N3813, F1, i)(N3105,1,i)}
{(N1707, F1, i) + (N785, F1, i)(N2090,1,i) + (N895, F1, i) + (N1647, F1, i) + (N1858->N1642, F0, i)}
{(N1707, F1, i) + (N785, F1, i)(N2090,1,i) + (N895, F1, i) + (N1647, F1, i) + (N1642, F1, i)}
{(N1707, F1, i) + (N785, F1, i)(N2090,1,i) + (N895, F1, i) + (N2480, F1, i) + (N3813, F1, i)(N3105,1,i)}
{(N1707, F1, i) + (N785, F1, i)(N2090,1,i) + (N895, F1, i) + (N2480, F1, i) + (N1858->N1642, F0, i)}
{(N1707, F1, i) + (N785, F1, i)(N2090,1,i) + (N895, F1, i) + (N2480, F1, i) + (N1642, F1, i)}
{(N1707, F1, i) + (N946, F1, i)(N2839,1,i) + (N467, F1, i)(N1089,1,i) + (N1647, F1, i) + (N3813, F1, i)(N3105,1,i)}
{(N1707, F1, i) + (N946, F1, i)(N2839,1,i) + (N467, F1, i)(N1089,1,i) + (N1647, F1, i) + (N1858->N1642, F0, i)}
{(N1707, F1, i) + (N946, F1, i)(N2839,1,i) + (N467, F1, i)(N1089,1,i) + (N1647, F1, i) + (N1642, F1, i)}
{(N1707, F1, i) + (N946, F1, i)(N2839,1,i) + (N467, F1, i)(N1089,1,i) + (N2480, F1, i) + (N3813, F1, i)(N3105,1,i)}
{(N1707, F1, i) + (N946, F1, i)(N2839,1,i) + (N467, F1, i)(N1089,1,i) + (N2480, F1, i) + (N1858->N1642, F0, i)}
{(N1707, F1, i) + (N946, F1, i)(N2839,1,i) + (N467, F1, i)(N1089,1,i) + (N2480, F1, i) + (N1642, F1, i)}
{(N1707, F1, i) + (N946, F1, i)(N2839,1,i) + (N3864->N895, F0, i) + (N1647, F1, i) + (N3813, F1, i)(N3105,1,i)}
{(N1707, F1, i) + (N946, F1, i)(N2839,1,i) + (N3864->N895, F0, i) + (N1647, F1, i) + (N1858->N1642, F0, i)}
{(N1707, F1, i) + (N946, F1, i)(N2839,1,i) + (N3864->N895, F0, i) + (N1647, F1, i) + (N1642, F1, i)}
{(N1707, F1, i) + (N946, F1, i)(N2839,1,i) + (N3864->N895, F0, i) + (N2480, F1, i) + (N3813, F1, i)(N3105,1,i)}
{(N1707, F1, i) + (N946, F1, i)(N2839,1,i) + (N3864->N895, F0, i) + (N2480, F1, i) + (N1858->N1642, F0, i)}
{(N1707, F1, i) + (N946, F1, i)(N2839,1,i) + (N3864->N895, F0, i) + (N2480, F1, i) + (N1642, F1, i)}
{(N1707, F1, i) + (N946, F1, i)(N2839,1,i) + (N895, F1, i) + (N1647, F1, i) + (N3813, F1, i)(N3105,1,i)}
{(N1707, F1, i) + (N946, F1, i)(N2839,1,i) + (N895, F1, i) + (N1647, F1, i) + (N1858->N1642, F0, i)}
{(N1707, F1, i) + (N946, F1, i)(N2839,1,i) + (N895, F1, i) + (N1647, F1, i) + (N1642, F1, i)}
{(N1707, F1, i) + (N946, F1, i)(N2839,1,i) + (N895, F1, i) + (N2480, F1, i) + (N3813, F1, i)(N3105,1,i)}
{(N1707, F1, i) + (N946, F1, i)(N2839,1,i) + (N895, F1, i) + (N2480, F1, i) + (N1858->N1642, F0, i)}
{(N1707, F1, i) + (N946, F1, i)(N2839,1,i) + (N895, F1, i) + (N2480, F1, i) + (N1642, F1, i)}
{(N1707, F1, i) + (N3275, F1, i) + (N467, F1, i)(N1089,1,i) + (N1647, F1, i) + (N3813, F1, i)(N3105,1,i)}
{(N1707, F1, i) + (N3275, F1, i) + (N467, F1, i)(N1089,1,i) + (N1647, F1, i) + (N1858->N1642, F0, i)}
{(N1707, F1, i) + (N3275, F1, i) + (N467, F1, i)(N1089,1,i) + (N1647, F1, i) + (N1642, F1, i)}
{(N1707, F1, i) + (N3275, F1, i) + (N467, F1, i)(N1089,1,i) + (N2480, F1, i) + (N3813, F1, i)(N3105,1,i)}
{(N1707, F1, i) + (N3275, F1, i) + (N467, F1, i)(N1089,1,i) + (N2480, F1, i) + (N1858->N1642, F0, i)}
{(N1707, F1, i) + (N3275, F1, i) + (N467, F1, i)(N1089,1,i) + (N2480, F1, i) + (N1642, F1, i)}
{(N1707, F1, i) + (N3275, F1, i) + (N3864->N895, F0, i) + (N1647, F1, i) + (N3813, F1, i)(N3105,1,i)}
{(N1707, F1, i) + (N3275, F1, i) + (N3864->N895, F0, i) + (N1647, F1, i) + (N1858->N1642, F0, i)}
{(N1707, F1, i) + (N3275, F1, i) + (N3864->N895, F0, i) + (N1647, F1, i) + (N1642, F1, i)}
{(N1707, F1, i) + (N3275, F1, i) + (N3864->N895, F0, i) + (N2480, F1, i) + (N3813, F1, i)(N3105,1,i)}
{(N1707, F1, i) + (N3275, F1, i) + (N3864->N895, F0, i) + (N2480, F1, i) + (N1858->N1642, F0, i)}
{(N1707, F1, i) + (N3275, F1, i) + (N3864->N895, F0, i) + (N2480, F1, i) + (N1642, F1, i)}
{(N1707, F1, i) + (N3275, F1, i) + (N895, F1, i) + (N1647, F1, i) + (N3813, F1, i)(N3105,1,i)}
{(N1707, F1, i) + (N3275, F1, i) + (N895, F1, i) + (N1647, F1, i) + (N1858->N1642, F0, i)}
{(N1707, F1, i) + (N3275, F1, i) + (N895, F1, i) + (N1647, F1, i) + (N1642, F1, i)}
{(N1707, F1, i) + (N3275, F1, i) + (N895, F1, i) + (N2480, F1, i) + (N3813, F1, i)(N3105,1,i)}
{(N1707, F1, i) + (N3275, F1, i) + (N895, F1, i) + (N2480, F1, i) + (N1858->N1642, F0, i)}
{(N1707, F1, i) + (N3275, F1, i) + (N895, F1, i) + (N2480, F1, i) + (N1642, F1, i)}
{(N1707, F1, i) + (N3371, F0, i) + (N467, F1, i)(N1089,1,i) + (N1647, F1, i) + (N3813, F1, i)(N3105,1,i)}
{(N1707, F1, i) + (N3371, F0, i) + (N467, F1, i)(N1089,1,i) + (N1647, F1, i) + (N1858->N1642, F0, i)}
{(N1707, F1, i) + (N3371, F0, i) + (N467, F1, i)(N1089,1,i) + (N1647, F1, i) + (N1642, F1, i)}
{(N1707, F1, i) + (N3371, F0, i) + (N467, F1, i)(N1089,1,i) + (N2480, F1, i) + (N3813, F1, i)(N3105,1,i)}
{(N1707, F1, i) + (N3371, F0, i) + (N467, F1, i)(N1089,1,i) + (N2480, F1, i) + (N1858->N1642, F0, i)}
{(N1707, F1, i) + (N3371, F0, i) + (N467, F1, i)(N1089,1,i) + (N2480, F1, i) + (N1642, F1, i)}
{(N1707, F1, i) + (N3371, F0, i) + (N3864->N895, F0, i) + (N1647, F1, i) + (N3813, F1, i)(N3105,1,i)}
{(N1707, F1, i) + (N3371, F0, i) + (N3864->N895, F0, i) + (N1647, F1, i) + (N1858->N1642, F0, i)}
{(N1707, F1, i) + (N3371, F0, i) + (N3864->N895, F0, i) + (N1647, F1, i) + (N1642, F1, i)}
{(N1707, F1, i) + (N3371, F0, i) + (N3864->N895, F0, i) + (N2480, F1, i) + (N3813, F1, i)(N3105,1,i)}
{(N1707, F1, i) + (N3371, F0, i) + (N3864->N895, F0, i) + (N2480, F1, i) + (N1858->N1642, F0, i)}
{(N1707, F1, i) + (N3371, F0, i) + (N3864->N895, F0, i) + (N2480, F1, i) + (N1642, F1, i)}
{(N1707, F1, i) + (N3371, F0, i) + (N895, F1, i) + (N1647, F1, i) + (N3813, F1, i)(N3105,1,i)}
{(N1707, F1, i) + (N3371, F0, i) + (N895, F1, i) + (N1647, F1, i) + (N1858->N1642, F0, i)}
{(N1707, F1, i) + (N3371, F0, i) + (N895, F1, i) + (N1647, F1, i) + (N1642, F1, i)}
{(N1707, F1, i) + (N3371, F0, i) + (N895, F1, i) + (N2480, F1, i) + (N3813, F1, i)(N3105,1,i)}
{(N1707, F1, i) + (N3371, F0, i) + (N895, F1, i) + (N2480, F1, i) + (N1858->N1642, F0, i)}
{(N1707, F1, i) + (N3371, F0, i) + (N895, F1, i) + (N2480, F1, i) + (N1642, F1, i)}
{(N1707, F1, i) + (N3695, F0, i) + (N467, F1, i)(N1089,1,i) + (N1647, F1, i) + (N3813, F1, i)(N3105,1,i)}
{(N1707, F1, i) + (N3695, F0, i) + (N467, F1, i)(N1089,1,i) + (N1647, F1, i) + (N1858->N1642, F0, i)}
{(N1707, F1, i) + (N3695, F0, i) + (N467, F1, i)(N1089,1,i) + (N1647, F1, i) + (N1642, F1, i)}
{(N1707, F1, i) + (N3695, F0, i) + (N467, F1, i)(N1089,1,i) + (N2480, F1, i) + (N3813, F1, i)(N3105,1,i)}
{(N1707, F1, i) + (N3695, F0, i) + (N467, F1, i)(N1089,1,i) + (N2480, F1, i) + (N1858->N1642, F0, i)}
{(N1707, F1, i) + (N3695, F0, i) + (N467, F1, i)(N1089,1,i) + (N2480, F1, i) + (N1642, F1, i)}
{(N1707, F1, i) + (N3695, F0, i) + (N3864->N895, F0, i) + (N1647, F1, i) + (N3813, F1, i)(N3105,1,i)}
{(N1707, F1, i) + (N3695, F0, i) + (N3864->N895, F0, i) + (N1647, F1, i) + (N1858->N1642, F0, i)}
{(N1707, F1, i) + (N3695, F0, i) + (N3864->N895, F0, i) + (N1647, F1, i) + (N1642, F1, i)}
{(N1707, F1, i) + (N3695, F0, i) + (N3864->N895, F0, i) + (N2480, F1, i) + (N3813, F1, i)(N3105,1,i)}
{(N1707, F1, i) + (N3695, F0, i) + (N3864->N895, F0, i) + (N2480, F1, i) + (N1858->N1642, F0, i)}
{(N1707, F1, i) + (N3695, F0, i) + (N3864->N895, F0, i) + (N2480, F1, i) + (N1642, F1, i)}
{(N1707, F1, i) + (N3695, F0, i) + (N895, F1, i) + (N1647, F1, i) + (N3813, F1, i)(N3105,1,i)}
{(N1707, F1, i) + (N3695, F0, i) + (N895, F1, i) + (N1647, F1, i) + (N1858->N1642, F0, i)}
{(N1707, F1, i) + (N3695, F0, i) + (N895, F1, i) + (N1647, F1, i) + (N1642, F1, i)}
{(N1707, F1, i) + (N3695, F0, i) + (N895, F1, i) + (N2480, F1, i) + (N3813, F1, i)(N3105,1,i)}
{(N1707, F1, i) + (N3695, F0, i) + (N895, F1, i) + (N2480, F1, i) + (N1858->N1642, F0, i)}
{(N1707, F1, i) + (N3695, F0, i) + (N895, F1, i) + (N2480, F1, i) + (N1642, F1, i)}
{(N1707, F1, i) + (N2080->N3333, F1, i) + (N467, F1, i)(N1089,1,i) + (N1647, F1, i) + (N3813, F1, i)(N3105,1,i)}
{(N1707, F1, i) + (N2080->N3333, F1, i) + (N467, F1, i)(N1089,1,i) + (N1647, F1, i) + (N1858->N1642, F0, i)}
{(N1707, F1, i) + (N2080->N3333, F1, i) + (N467, F1, i)(N1089,1,i) + (N1647, F1, i) + (N1642, F1, i)}
{(N1707, F1, i) + (N2080->N3333, F1, i) + (N467, F1, i)(N1089,1,i) + (N2480, F1, i) + (N3813, F1, i)(N3105,1,i)}
{(N1707, F1, i) + (N2080->N3333, F1, i) + (N467, F1, i)(N1089,1,i) + (N2480, F1, i) + (N1858->N1642, F0, i)}
{(N1707, F1, i) + (N2080->N3333, F1, i) + (N467, F1, i)(N1089,1,i) + (N2480, F1, i) + (N1642, F1, i)}
{(N1707, F1, i) + (N2080->N3333, F1, i) + (N3864->N895, F0, i) + (N1647, F1, i) + (N3813, F1, i)(N3105,1,i)}
{(N1707, F1, i) + (N2080->N3333, F1, i) + (N3864->N895, F0, i) + (N1647, F1, i) + (N1858->N1642, F0, i)}
{(N1707, F1, i) + (N2080->N3333, F1, i) + (N3864->N895, F0, i) + (N1647, F1, i) + (N1642, F1, i)}
{(N1707, F1, i) + (N2080->N3333, F1, i) + (N3864->N895, F0, i) + (N2480, F1, i) + (N3813, F1, i)(N3105,1,i)}
{(N1707, F1, i) + (N2080->N3333, F1, i) + (N3864->N895, F0, i) + (N2480, F1, i) + (N1858->N1642, F0, i)}
{(N1707, F1, i) + (N2080->N3333, F1, i) + (N3864->N895, F0, i) + (N2480, F1, i) + (N1642, F1, i)}
{(N1707, F1, i) + (N2080->N3333, F1, i) + (N895, F1, i) + (N1647, F1, i) + (N3813, F1, i)(N3105,1,i)}
{(N1707, F1, i) + (N2080->N3333, F1, i) + (N895, F1, i) + (N1647, F1, i) + (N1858->N1642, F0, i)}
{(N1707, F1, i) + (N2080->N3333, F1, i) + (N895, F1, i) + (N1647, F1, i) + (N1642, F1, i)}
{(N1707, F1, i) + (N2080->N3333, F1, i) + (N895, F1, i) + (N2480, F1, i) + (N3813, F1, i)(N3105,1,i)}
{(N1707, F1, i) + (N2080->N3333, F1, i) + (N895, F1, i) + (N2480, F1, i) + (N1858->N1642, F0, i)}
{(N1707, F1, i) + (N2080->N3333, F1, i) + (N895, F1, i) + (N2480, F1, i) + (N1642, F1, i)}
{(N1707, F1, i) + (N3333, F0, i) + (N467, F1, i)(N1089,1,i) + (N1647, F1, i) + (N3813, F1, i)(N3105,1,i)}
{(N1707, F1, i) + (N3333, F0, i) + (N467, F1, i)(N1089,1,i) + (N1647, F1, i) + (N1858->N1642, F0, i)}
{(N1707, F1, i) + (N3333, F0, i) + (N467, F1, i)(N1089,1,i) + (N1647, F1, i) + (N1642, F1, i)}
{(N1707, F1, i) + (N3333, F0, i) + (N467, F1, i)(N1089,1,i) + (N2480, F1, i) + (N3813, F1, i)(N3105,1,i)}
{(N1707, F1, i) + (N3333, F0, i) + (N467, F1, i)(N1089,1,i) + (N2480, F1, i) + (N1858->N1642, F0, i)}
{(N1707, F1, i) + (N3333, F0, i) + (N467, F1, i)(N1089,1,i) + (N2480, F1, i) + (N1642, F1, i)}
{(N1707, F1, i) + (N3333, F0, i) + (N3864->N895, F0, i) + (N1647, F1, i) + (N3813, F1, i)(N3105,1,i)}
{(N1707, F1, i) + (N3333, F0, i) + (N3864->N895, F0, i) + (N1647, F1, i) + (N1858->N1642, F0, i)}
{(N1707, F1, i) + (N3333, F0, i) + (N3864->N895, F0, i) + (N1647, F1, i) + (N1642, F1, i)}
{(N1707, F1, i) + (N3333, F0, i) + (N3864->N895, F0, i) + (N2480, F1, i) + (N3813, F1, i)(N3105,1,i)}
{(N1707, F1, i) + (N3333, F0, i) + (N3864->N895, F0, i) + (N2480, F1, i) + (N1858->N1642, F0, i)}
{(N1707, F1, i) + (N3333, F0, i) + (N3864->N895, F0, i) + (N2480, F1, i) + (N1642, F1, i)}
{(N1707, F1, i) + (N3333, F0, i) + (N895, F1, i) + (N1647, F1, i) + (N3813, F1, i)(N3105,1,i)}
{(N1707, F1, i) + (N3333, F0, i) + (N895, F1, i) + (N1647, F1, i) + (N1858->N1642, F0, i)}
{(N1707, F1, i) + (N3333, F0, i) + (N895, F1, i) + (N1647, F1, i) + (N1642, F1, i)}
{(N1707, F1, i) + (N3333, F0, i) + (N895, F1, i) + (N2480, F1, i) + (N3813, F1, i)(N3105,1,i)}
{(N1707, F1, i) + (N3333, F0, i) + (N895, F1, i) + (N2480, F1, i) + (N1858->N1642, F0, i)}
{(N1707, F1, i) + (N3333, F0, i) + (N895, F1, i) + (N2480, F1, i) + (N1642, F1, i)}
{(N1707, F1, i) + (N1263->N2569, F1, i) + (N467, F1, i)(N1089,1,i) + (N1647, F1, i) + (N3813, F1, i)(N3105,1,i)}
{(N1707, F1, i) + (N1263->N2569, F1, i) + (N467, F1, i)(N1089,1,i) + (N1647, F1, i) + (N1858->N1642, F0, i)}
{(N1707, F1, i) + (N1263->N2569, F1, i) + (N467, F1, i)(N1089,1,i) + (N1647, F1, i) + (N1642, F1, i)}
{(N1707, F1, i) + (N1263->N2569, F1, i) + (N467, F1, i)(N1089,1,i) + (N2480, F1, i) + (N3813, F1, i)(N3105,1,i)}
{(N1707, F1, i) + (N1263->N2569, F1, i) + (N467, F1, i)(N1089,1,i) + (N2480, F1, i) + (N1858->N1642, F0, i)}
{(N1707, F1, i) + (N1263->N2569, F1, i) + (N467, F1, i)(N1089,1,i) + (N2480, F1, i) + (N1642, F1, i)}
{(N1707, F1, i) + (N1263->N2569, F1, i) + (N3864->N895, F0, i) + (N1647, F1, i) + (N3813, F1, i)(N3105,1,i)}
{(N1707, F1, i) + (N1263->N2569, F1, i) + (N3864->N895, F0, i) + (N1647, F1, i) + (N1858->N1642, F0, i)}
{(N1707, F1, i) + (N1263->N2569, F1, i) + (N3864->N895, F0, i) + (N1647, F1, i) + (N1642, F1, i)}
{(N1707, F1, i) + (N1263->N2569, F1, i) + (N3864->N895, F0, i) + (N2480, F1, i) + (N3813, F1, i)(N3105,1,i)}
{(N1707, F1, i) + (N1263->N2569, F1, i) + (N3864->N895, F0, i) + (N2480, F1, i) + (N1858->N1642, F0, i)}
{(N1707, F1, i) + (N1263->N2569, F1, i) + (N3864->N895, F0, i) + (N2480, F1, i) + (N1642, F1, i)}
{(N1707, F1, i) + (N1263->N2569, F1, i) + (N895, F1, i) + (N1647, F1, i) + (N3813, F1, i)(N3105,1,i)}
{(N1707, F1, i) + (N1263->N2569, F1, i) + (N895, F1, i) + (N1647, F1, i) + (N1858->N1642, F0, i)}
{(N1707, F1, i) + (N1263->N2569, F1, i) + (N895, F1, i) + (N1647, F1, i) + (N1642, F1, i)}
{(N1707, F1, i) + (N1263->N2569, F1, i) + (N895, F1, i) + (N2480, F1, i) + (N3813, F1, i)(N3105,1,i)}
{(N1707, F1, i) + (N1263->N2569, F1, i) + (N895, F1, i) + (N2480, F1, i) + (N1858->N1642, F0, i)}
{(N1707, F1, i) + (N1263->N2569, F1, i) + (N895, F1, i) + (N2480, F1, i) + (N1642, F1, i)}
{(N1707, F1, i) + (N2569, F0, i) + (N467, F1, i)(N1089,1,i) + (N1647, F1, i) + (N3813, F1, i)(N3105,1,i)}
{(N1707, F1, i) + (N2569, F0, i) + (N467, F1, i)(N1089,1,i) + (N1647, F1, i) + (N1858->N1642, F0, i)}
{(N1707, F1, i) + (N2569, F0, i) + (N467, F1, i)(N1089,1,i) + (N1647, F1, i) + (N1642, F1, i)}
{(N1707, F1, i) + (N2569, F0, i) + (N467, F1, i)(N1089,1,i) + (N2480, F1, i) + (N3813, F1, i)(N3105,1,i)}
{(N1707, F1, i) + (N2569, F0, i) + (N467, F1, i)(N1089,1,i) + (N2480, F1, i) + (N1858->N1642, F0, i)}
{(N1707, F1, i) + (N2569, F0, i) + (N467, F1, i)(N1089,1,i) + (N2480, F1, i) + (N1642, F1, i)}
{(N1707, F1, i) + (N2569, F0, i) + (N3864->N895, F0, i) + (N1647, F1, i) + (N3813, F1, i)(N3105,1,i)}
{(N1707, F1, i) + (N2569, F0, i) + (N3864->N895, F0, i) + (N1647, F1, i) + (N1858->N1642, F0, i)}
{(N1707, F1, i) + (N2569, F0, i) + (N3864->N895, F0, i) + (N1647, F1, i) + (N1642, F1, i)}
{(N1707, F1, i) + (N2569, F0, i) + (N3864->N895, F0, i) + (N2480, F1, i) + (N3813, F1, i)(N3105,1,i)}
{(N1707, F1, i) + (N2569, F0, i) + (N3864->N895, F0, i) + (N2480, F1, i) + (N1858->N1642, F0, i)}
{(N1707, F1, i) + (N2569, F0, i) + (N3864->N895, F0, i) + (N2480, F1, i) + (N1642, F1, i)}
{(N1707, F1, i) + (N2569, F0, i) + (N895, F1, i) + (N1647, F1, i) + (N3813, F1, i)(N3105,1,i)}
{(N1707, F1, i) + (N2569, F0, i) + (N895, F1, i) + (N1647, F1, i) + (N1858->N1642, F0, i)}
{(N1707, F1, i) + (N2569, F0, i) + (N895, F1, i) + (N1647, F1, i) + (N1642, F1, i)}
{(N1707, F1, i) + (N2569, F0, i) + (N895, F1, i) + (N2480, F1, i) + (N3813, F1, i)(N3105,1,i)}
{(N1707, F1, i) + (N2569, F0, i) + (N895, F1, i) + (N2480, F1, i) + (N1858->N1642, F0, i)}
{(N1707, F1, i) + (N2569, F0, i) + (N895, F1, i) + (N2480, F1, i) + (N1642, F1, i)}
