100.0	{(n341->and_n341_n419, F1, i)}
100.0	{(n420, F1, i)}
100.0	{(and_n341_n419->n420, F1, i)}
100.0	{(and_n341_n419, F1, i)}
100.0	{(n420->and_n420_n421, F1, i)}
100.0	{(n1192, F0, i)}
100.0	{(and_not_pi085_10_n1187->n1192, F0, i)}
100.0	{(and_not_pi085_10_n1187, F0, i)}
100.0	{(n1187->and_not_pi085_10_n1187, F0, i)}
100.0	{(not_pi085_10->and_not_pi085_10_n1187, F0, i)}
100.0	{(not_pi085_10, F0, i)}
100.0	{(n1187, F0, i)}
100.0	{(and_not_pi026_3430_not_pi053_7->n1187, F0, i)}
100.0	{(and_not_pi026_3430_not_pi053_7, F0, i)}
100.0	{(not_pi053_7->and_not_pi026_3430_not_pi053_7, F0, i)}
100.0	{(not_pi026_3430->and_not_pi026_3430_not_pi053_7, F0, i)}
100.0	{(not_pi053_7, F0, i)}
100.0	{(not_pi026_3430, F0, i)}
100.0	{(not_n1201, F1, i)}
100.0	{(n1201->not_n1201, F0, i)}
100.0	{(n1201, F0, i)}
100.0	{(and_n1192_n1200->n1201, F0, i)}
100.0	{(and_n1192_n1200, F0, i)}
100.0	{(n1192->and_n1192_n1200, F0, i)}
100.0	{(n1200->and_n1192_n1200, F0, i)}
100.0	{(n1200, F0, i)}
100.0	{(and_pi057_not_pi058_9->n1200, F0, i)}
100.0	{(and_pi057_not_pi058_9, F0, i)}
100.0	{(not_pi058_9->and_pi057_not_pi058_9, F0, i)}
100.0	{(not_pi058_9, F0, i)}
100.0	{(not_n1201->and_not_n1199_not_n1201, F1, i)}
100.0	{(po072_driver->po072, F0, i)}
100.0	{(po072_driver, F0, i)}
100.0	{(and_not_pi003_968890104070_n1203->po072_driver, F0, i)}
100.0	{(and_not_pi003_968890104070_n1203, F0, i)}
100.0	{(not_pi003_968890104070->and_not_pi003_968890104070_n1203, F0, i)}
100.0	{(n1203->and_not_pi003_968890104070_n1203, F0, i)}
100.0	{(not_pi003_968890104070, F0, i)}
100.0	{(n1203, F0, i)}
100.0	{(and_not_pi129_152867006319425761937651857692768264010_not_n1202->n1203, F0, i)}
100.0	{(and_not_pi129_152867006319425761937651857692768264010_not_n1202, F0, i)}
100.0	{(not_pi129_152867006319425761937651857692768264010->and_not_pi129_152867006319425761937651857692768264010_not_n1202, F0, i)}
100.0	{(not_n1202->and_not_pi129_152867006319425761937651857692768264010_not_n1202, F0, i)}
100.0	{(not_pi129_152867006319425761937651857692768264010, F0, i)}
100.0	{(not_n1202, F0, i)}
100.0	{(n1202->not_n1202, F1, i)}
100.0	{(n1202, F1, i)}
100.0	{(and_not_n1199_not_n1201->n1202, F1, i)}
100.0	{(and_not_n1199_not_n1201, F1, i)}
