100.0	{(not_pi054_1176490, F1, i)}
100.0	{(not_pi054_1176490->and_not_pi054_1176490_not_pi113_0, F1, i)}
100.0	{(not_n1595, F1, i)}
100.0	{(n1595->not_n1595, F0, i)}
100.0	{(n1595, F0, i)}
100.0	{(and_not_pi011_6_not_pi022_4->n1595, F0, i)}
100.0	{(and_not_pi011_6_not_pi022_4, F0, i)}
100.0	{(not_pi022_4->and_not_pi011_6_not_pi022_4, F0, i)}
100.0	{(not_pi011_6->and_not_pi011_6_not_pi022_4, F0, i)}
100.0	{(not_pi022_4, F0, i)}
100.0	{(not_pi011_6, F0, i)}
100.0	{(not_n1595->and_pi054_not_n1595, F1, i)}
100.0	{(not_n1597, F1, i)}
100.0	{(n1597->not_n1597, F0, i)}
100.0	{(n1597, F0, i)}
100.0	{(and_not_n1594_not_n1596->n1597, F0, i)}
100.0	{(and_not_n1594_not_n1596, F0, i)}
100.0	{(not_n1594->and_not_n1594_not_n1596, F0, i)}
100.0	{(not_n1596->and_not_n1594_not_n1596, F0, i)}
100.0	{(not_n1594, F0, i)}
100.0	{(n1594->not_n1594, F1, i)}
100.0	{(not_n1596, F0, i)}
100.0	{(n1596->not_n1596, F1, i)}
100.0	{(n1594, F1, i)}
100.0	{(and_not_pi054_1176490_not_pi113_0->n1594, F1, i)}
100.0	{(n1596, F1, i)}
100.0	{(and_pi054_not_n1595->n1596, F1, i)}
100.0	{(and_not_pi054_1176490_not_pi113_0, F1, i)}
100.0	{(and_pi054_not_n1595, F1, i)}
100.0	{(not_n1597->and_not_pi129_24118650322570587750381309043265707027354805885055086420058579430_not_n1597, F1, i)}
100.0	{(not_pi045_2, F1, i)}
100.0	{(not_pi045_2->and_not_pi045_2_n399, F1, i)}
