100.0	{(n754, F0, i)}
100.0	{(and_not_pi027_1_not_pi085_3->n754, F0, i)}
100.0	{(and_not_pi027_1_not_pi085_3, F0, i)}
100.0	{(not_pi027_1->and_not_pi027_1_not_pi085_3, F0, i)}
100.0	{(not_pi085_3->and_not_pi027_1_not_pi085_3, F0, i)}
100.0	{(not_pi027_1, F0, i)}
100.0	{(not_pi085_3, F0, i)}
100.0	{(not_n1151, F1, i)}
100.0	{(n1151->not_n1151, F0, i)}
100.0	{(n1151, F0, i)}
100.0	{(and_not_pi116_6_n843->n1151, F0, i)}
100.0	{(and_not_pi116_6_n843, F0, i)}
100.0	{(not_pi116_6->and_not_pi116_6_n843, F0, i)}
100.0	{(n843->and_not_pi116_6_n843, F0, i)}
100.0	{(not_pi116_6, F0, i)}
100.0	{(not_n1151->and_not_n1150_not_n1151, F1, i)}
100.0	{(po068_driver->po068, F0, i)}
100.0	{(po068_driver, F0, i)}
100.0	{(and_not_pi026_10_n1155->po068_driver, F0, i)}
100.0	{(and_not_pi026_10_n1155, F0, i)}
100.0	{(n1155->and_not_pi026_10_n1155, F0, i)}
100.0	{(not_pi026_10->and_not_pi026_10_n1155, F0, i)}
100.0	{(n1155, F0, i)}
100.0	{(and_n754_n1154->n1155, F0, i)}
100.0	{(not_pi026_10, F0, i)}
100.0	{(and_n754_n1154, F0, i)}
100.0	{(n1154->and_n754_n1154, F0, i)}
100.0	{(n754->and_n754_n1154, F0, i)}
100.0	{(n1154, F0, i)}
100.0	{(and_not_pi003_19773267430_n1153->n1154, F0, i)}
100.0	{(and_not_pi003_19773267430_n1153, F0, i)}
100.0	{(not_pi003_19773267430->and_not_pi003_19773267430_n1153, F0, i)}
100.0	{(n1153->and_not_pi003_19773267430_n1153, F0, i)}
100.0	{(not_pi003_19773267430, F0, i)}
100.0	{(n1153, F0, i)}
100.0	{(and_not_pi129_3119734822845423713013303218219760490_not_n1152->n1153, F0, i)}
100.0	{(and_not_pi129_3119734822845423713013303218219760490_not_n1152, F0, i)}
100.0	{(not_pi129_3119734822845423713013303218219760490->and_not_pi129_3119734822845423713013303218219760490_not_n1152, F0, i)}
100.0	{(not_n1152->and_not_pi129_3119734822845423713013303218219760490_not_n1152, F0, i)}
100.0	{(not_pi129_3119734822845423713013303218219760490, F0, i)}
100.0	{(not_n1152, F0, i)}
100.0	{(n1152->not_n1152, F1, i)}
100.0	{(n1152, F1, i)}
100.0	{(and_not_n1150_not_n1151->n1152, F1, i)}
100.0	{(and_not_n1150_not_n1151, F1, i)}
100.0	{(n1187, F0, i)}
100.0	{(and_not_pi026_3430_not_pi053_7->n1187, F0, i)}
100.0	{(and_not_pi026_3430_not_pi053_7, F0, i)}
100.0	{(not_pi053_7->and_not_pi026_3430_not_pi053_7, F0, i)}
100.0	{(not_pi026_3430->and_not_pi026_3430_not_pi053_7, F0, i)}
100.0	{(not_pi053_7, F0, i)}
100.0	{(not_pi026_3430, F0, i)}
100.0	{(not_n1187, F1, i)}
100.0	{(n1187->not_n1187, F0, i)}
100.0	{(not_n1187->and_not_n1187_not_n1189, F1, i)}
