100.0	{(not_n1399, F1, i)}
100.0	{(n1399->not_n1399, F0, i)}
100.0	{(n1399, F0, i)}
100.0	{(and_pi091_not_n1386_2->n1399, F0, i)}
100.0	{(and_pi091_not_n1386_2, F0, i)}
100.0	{(not_n1386_2->and_pi091_not_n1386_2, F0, i)}
100.0	{(not_n1386_2, F0, i)}
100.0	{(n1386->not_n1386_2, F1, i)}
100.0	{(not_n1399->and_not_n1399_not_n1400, F1, i)}
100.0	{(po106_driver->po106, F0, i)}
100.0	{(po106_driver, F0, i)}
100.0	{(and_not_pi129_5080218607396233653221881976522165017724345248360010_not_n1401->po106_driver, F0, i)}
100.0	{(and_not_pi129_5080218607396233653221881976522165017724345248360010_not_n1401, F0, i)}
100.0	{(not_pi129_5080218607396233653221881976522165017724345248360010->and_not_pi129_5080218607396233653221881976522165017724345248360010_not_n1401, F0, i)}
100.0	{(not_n1401->and_not_pi129_5080218607396233653221881976522165017724345248360010_not_n1401, F0, i)}
100.0	{(not_pi129_5080218607396233653221881976522165017724345248360010, F0, i)}
100.0	{(not_n1401, F0, i)}
100.0	{(n1401->not_n1401, F1, i)}
100.0	{(n1401, F1, i)}
100.0	{(and_not_n1399_not_n1400->n1401, F1, i)}
100.0	{(and_not_n1399_not_n1400, F1, i)}
100.0	{(not_n872, F1, i)}
100.0	{(n872->not_n872, F0, i)}
100.0	{(n872, F0, i)}
100.0	{(and_not_pi106_0_not_n871->n872, F0, i)}
100.0	{(and_not_pi106_0_not_n871, F0, i)}
100.0	{(not_pi106_0->and_not_pi106_0_not_n871, F0, i)}
100.0	{(not_n871->and_not_pi106_0_not_n871, F0, i)}
100.0	{(not_pi106_0, F0, i)}
100.0	{(not_n871, F0, i)}
100.0	{(n871->not_n871, F1, i)}
100.0	{(n871, F1, i)}
100.0	{(and_not_n869_not_n870->n871, F1, i)}
100.0	{(and_not_n869_not_n870, F1, i)}
100.0	{(not_n872->and_not_n868_not_n872, F1, i)}
