97.33	{(n1271->and_not_pi144_0_n1271, F1, i)}
96.41	{(n1314, F0, i)}
96.41	{(and_not_n1312_not_n1313->n1314, F0, i)}
96.41	{(and_not_n1312_not_n1313, F0, i)}
96.41	{(not_n1312->and_not_n1312_not_n1313, F0, i)}
96.41	{(not_n1313->and_not_n1312_not_n1313, F0, i)}
96.41	{(not_n1312, F0, i)}
96.41	{(n1312->not_n1312, F1, i)}
96.41	{(not_n1313, F0, i)}
96.41	{(n1313->not_n1313, F1, i)}
96.41	{(n1312, F1, i)}
96.41	{(and_pi075_not_n1271_4->n1312, F1, i)}
96.41	{(n1313, F1, i)}
96.41	{(and_not_pi144_0_n1271->n1313, F1, i)}
96.41	{(and_pi075_not_n1271_4, F1, i)}
96.41	{(and_not_pi144_0_n1271, F1, i)}
96.41	{(n1314->or_pi129_n1314, F0, i)}
87.33	{(po090_driver->po090, F0, i)}
87.33	{(po090_driver, F0, i)}
87.33	{(or_pi129_n1314->po090_driver, F0, i)}
87.33	{(or_pi129_n1314, F0, i)}
