100.0	{(po120_driver->po120, F1, i)}
100.0	{(po120_driver, F1, i)}
100.0	{(or_n1520_n1527->po120_driver, F1, i)}
100.0	{(or_n1520_n1527, F1, i)}
100.0	{(n1527->or_n1520_n1527, F1, i)}
100.0	{(n1520->or_n1520_n1527, F1, i)}
100.0	{(n1527, F1, i)}
100.0	{(and_pi137_not_n1526->n1527, F1, i)}
100.0	{(n1520, F1, i)}
100.0	{(and_not_pi137_8_not_n1519->n1520, F1, i)}
100.0	{(and_pi137_not_n1526, F1, i)}
100.0	{(and_not_pi137_8_not_n1519, F1, i)}
100.0	{(not_pi116_6, F1, i)}
100.0	{(not_pi116_6->and_not_pi116_6_n843, F1, i)}
100.0	{(n1155, F1, i)}
100.0	{(and_n754_n1154->n1155, F1, i)}
100.0	{(and_n754_n1154, F1, i)}
100.0	{(n1155->and_not_pi026_10_n1155, F1, i)}
100.0	{(n1154, F1, i)}
100.0	{(and_not_pi003_19773267430_n1153->n1154, F1, i)}
100.0	{(and_not_pi003_19773267430_n1153, F1, i)}
100.0	{(n1154->and_n754_n1154, F1, i)}
100.0	{(po068_driver->po068, F1, i)}
100.0	{(po068_driver, F1, i)}
100.0	{(and_not_pi026_10_n1155->po068_driver, F1, i)}
100.0	{(and_not_pi026_10_n1155, F1, i)}
100.0	{(n1153, F1, i)}
100.0	{(and_not_pi129_3119734822845423713013303218219760490_not_n1152->n1153, F1, i)}
100.0	{(and_not_pi129_3119734822845423713013303218219760490_not_n1152, F1, i)}
100.0	{(n1153->and_not_pi003_19773267430_n1153, F1, i)}
100.0	{(not_pi116_6, F1, i)}
100.0	{(not_pi116_6->and_not_pi116_6_n843, F1, i)}
100.0	{(not_n1152, F1, i)}
100.0	{(n1152->not_n1152, F1, i)}
100.0	{(n1152, F1, i)}
100.0	{(and_not_n1150_not_n1151->n1152, F1, i)}
100.0	{(and_not_n1150_not_n1151, F1, i)}
100.0	{(not_n1152->and_not_pi129_3119734822845423713013303218219760490_not_n1152, F1, i)}
