100.0	{(not_pi073, F1, i)}
100.0	{(not_pi073->and_not_pi073_not_pi136_10, F1, i)}
100.0	{(not_n1502, F1, i)}
100.0	{(n1502->not_n1502, F0, i)}
100.0	{(n1502, F0, i)}
100.0	{(and_not_n1500_not_n1501->n1502, F0, i)}
100.0	{(and_not_n1500_not_n1501, F0, i)}
100.0	{(not_n1500->and_not_n1500_not_n1501, F0, i)}
100.0	{(not_n1501->and_not_n1500_not_n1501, F0, i)}
100.0	{(not_n1500, F0, i)}
100.0	{(n1500->not_n1500, F1, i)}
100.0	{(not_n1501, F0, i)}
100.0	{(n1501->not_n1501, F1, i)}
100.0	{(n1500, F1, i)}
100.0	{(and_not_pi068_pi136->n1500, F1, i)}
100.0	{(n1501, F1, i)}
100.0	{(and_not_pi073_not_pi136_10->n1501, F1, i)}
100.0	{(and_not_pi068_pi136, F1, i)}
100.0	{(and_not_pi073_not_pi136_10, F1, i)}
100.0	{(not_n1502->and_not_pi137_7_not_n1502, F1, i)}
100.0	{(not_pi003_8, F1, i)}
100.0	{(not_pi003_8->and_not_pi003_8_n555, F1, i)}
