100.0	{(n380->and_n380_n1111, F1, i)}
100.0	{(not_n1178, F1, i)}
100.0	{(n1178->not_n1178, F0, i)}
100.0	{(n1178, F0, i)}
100.0	{(and_not_pi085_7_not_n1177->n1178, F0, i)}
100.0	{(and_not_pi085_7_not_n1177, F0, i)}
100.0	{(not_pi085_7->and_not_pi085_7_not_n1177, F0, i)}
100.0	{(not_n1177->and_not_pi085_7_not_n1177, F0, i)}
100.0	{(not_pi085_7, F0, i)}
100.0	{(not_n1177, F0, i)}
100.0	{(n1177->not_n1177, F1, i)}
100.0	{(n1177, F1, i)}
100.0	{(and_not_n1174_not_n1176->n1177, F1, i)}
100.0	{(and_not_n1174_not_n1176, F1, i)}
100.0	{(not_n1178->and_not_n1178_not_n1179, F1, i)}
100.0	{(not_n1164_0, F1, i)}
100.0	{(n1164->not_n1164_0, F0, i)}
100.0	{(not_n1164_0->and_not_n1164_0_not_n1170, F1, i)}
100.0	{(not_n1172, F1, i)}
100.0	{(n1172->not_n1172, F0, i)}
100.0	{(n1172, F0, i)}
100.0	{(and_not_n1169_not_n1171->n1172, F0, i)}
100.0	{(and_not_n1169_not_n1171, F0, i)}
100.0	{(not_n1171->and_not_n1169_not_n1171, F0, i)}
100.0	{(not_n1169->and_not_n1169_not_n1171, F0, i)}
100.0	{(not_n1171, F0, i)}
100.0	{(n1171->not_n1171, F1, i)}
100.0	{(not_n1169, F0, i)}
100.0	{(n1169->not_n1169, F1, i)}
100.0	{(n1171, F1, i)}
100.0	{(and_not_n1164_0_not_n1170->n1171, F1, i)}
100.0	{(and_not_n1164_0_not_n1170, F1, i)}
100.0	{(not_n1172->and_not_n1168_not_n1172, F1, i)}
100.0	{(not_n1174, F1, i)}
100.0	{(n1174->not_n1174, F0, i)}
100.0	{(n1174, F0, i)}
100.0	{(and_not_pi053_6_not_n1173->n1174, F0, i)}
100.0	{(and_not_pi053_6_not_n1173, F0, i)}
100.0	{(not_pi053_6->and_not_pi053_6_not_n1173, F0, i)}
100.0	{(not_n1173->and_not_pi053_6_not_n1173, F0, i)}
100.0	{(not_pi053_6, F0, i)}
100.0	{(not_n1173, F0, i)}
100.0	{(n1173->not_n1173, F1, i)}
100.0	{(n1173, F1, i)}
100.0	{(and_not_n1168_not_n1172->n1173, F1, i)}
100.0	{(and_not_n1168_not_n1172, F1, i)}
100.0	{(not_n1174->and_not_n1174_not_n1176, F1, i)}
100.0	{(n1164, F0, i)}
100.0	{(and_not_pi026_70_pi058->n1164, F0, i)}
100.0	{(and_not_pi026_70_pi058, F0, i)}
100.0	{(not_pi026_70->and_not_pi026_70_pi058, F0, i)}
100.0	{(not_pi026_70, F0, i)}
