100.0	{(not_n1248, F1, i)}
100.0	{(n1248->not_n1248, F0, i)}
100.0	{(n1248, F0, i)}
100.0	{(and_pi062_not_n1247->n1248, F0, i)}
100.0	{(and_pi062_not_n1247, F0, i)}
100.0	{(not_n1247->and_pi062_not_n1247, F0, i)}
100.0	{(not_n1247, F0, i)}
100.0	{(n1247->not_n1247, F1, i)}
100.0	{(not_n1248->and_not_n1248_not_n1252, F1, i)}
100.0	{(po077_driver->po077, F1, i)}
100.0	{(po077_driver, F1, i)}
100.0	{(or_pi129_n1253->po077_driver, F1, i)}
100.0	{(or_pi129_n1253, F1, i)}
100.0	{(n1253->or_pi129_n1253, F1, i)}
100.0	{(n1253, F1, i)}
100.0	{(and_not_n1248_not_n1252->n1253, F1, i)}
100.0	{(and_not_n1248_not_n1252, F1, i)}
100.0	{(not_pi045_1, F1, i)}
100.0	{(not_pi045_1->and_not_pi045_1_n384, F1, i)}
100.0	{(n570->and_n570_n579, F1, i)}
100.0	{(n580, F1, i)}
100.0	{(and_n570_n579->n580, F1, i)}
100.0	{(and_n570_n579, F1, i)}
100.0	{(n580->and_n407_n580, F1, i)}
