100.0	{(n1145, F1, i)}
100.0	{(and_not_pi058_5_not_pi110_4->n1145, F1, i)}
100.0	{(and_not_pi058_5_not_pi110_4, F1, i)}
100.0	{(n1145->and_not_pi096_3_n1145, F1, i)}
100.0	{(n1146, F1, i)}
100.0	{(and_not_pi096_3_n1145->n1146, F1, i)}
100.0	{(and_not_pi096_3_n1145, F1, i)}
100.0	{(n1146->and_n724_n1146, F1, i)}
100.0	{(not_pi110_4, F1, i)}
100.0	{(not_pi110_4->and_not_pi058_5_not_pi110_4, F1, i)}
100.0	{(n1149, F1, i)}
100.0	{(and_not_pi053_5_not_n1148->n1149, F1, i)}
100.0	{(and_not_pi053_5_not_n1148, F1, i)}
100.0	{(n1149->and_pi097_n1149, F1, i)}
100.0	{(not_n1148, F1, i)}
100.0	{(n1148->not_n1148, F0, i)}
100.0	{(n1148, F0, i)}
100.0	{(and_not_n1144_not_n1147->n1148, F0, i)}
100.0	{(and_not_n1144_not_n1147, F0, i)}
100.0	{(not_n1144->and_not_n1144_not_n1147, F0, i)}
100.0	{(not_n1147->and_not_n1144_not_n1147, F0, i)}
100.0	{(not_n1144, F0, i)}
100.0	{(n1144->not_n1144, F1, i)}
100.0	{(not_n1147, F0, i)}
100.0	{(n1147->not_n1147, F1, i)}
100.0	{(n1147, F1, i)}
100.0	{(and_n724_n1146->n1147, F1, i)}
100.0	{(and_n724_n1146, F1, i)}
100.0	{(not_n1148->and_not_pi053_5_not_n1148, F1, i)}
100.0	{(n1236, F1, i)}
100.0	{(and_not_pi117_not_pi122_0->n1236, F1, i)}
100.0	{(and_not_pi117_not_pi122_0, F1, i)}
