100.0	{(and_not_n578_n592, F1, i)}
100.0	{(n593, F1, i)}
100.0	{(and_not_n578_n592->n593, F1, i)}
100.0	{(not_n593, F1, i)}
100.0	{(n593->not_n593, F1, i)}
100.0	{(not_n593->and_not_pi129_24010_not_n593, F1, i)}
100.0	{(and_not_pi129_24010_not_n593, F1, i)}
100.0	{(po030_driver, F1, i)}
100.0	{(and_not_pi129_24010_not_n593->po030_driver, F1, i)}
100.0	{(po030_driver->po030, F1, i)}
100.0	{(and_not_n590_not_n591, F1, i)}
100.0	{(n592, F1, i)}
100.0	{(and_not_n590_not_n591->n592, F1, i)}
100.0	{(n592->and_not_n578_n592, F1, i)}
100.0	{(and_pi015_not_n581, F1, i)}
100.0	{(n582, F1, i)}
100.0	{(and_pi015_not_n581->n582, F1, i)}
100.0	{(not_n582, F1, i)}
100.0	{(n582->not_n582, F1, i)}
100.0	{(not_n582->and_not_n582_not_n588, F1, i)}
100.0	{(and_pi082_not_n589, F1, i)}
100.0	{(n590, F1, i)}
100.0	{(and_pi082_not_n589->n590, F1, i)}
100.0	{(not_n590, F1, i)}
100.0	{(n590->not_n590, F1, i)}
100.0	{(not_n590->and_not_n590_not_n591, F1, i)}
100.0	{(and_not_n582_not_n588, F1, i)}
100.0	{(n589, F1, i)}
100.0	{(and_not_n582_not_n588->n589, F1, i)}
100.0	{(not_n589, F1, i)}
100.0	{(n589->not_n589, F1, i)}
100.0	{(not_n589->and_pi082_not_n589, F1, i)}
