100.0	{(not_pi050_3, F1, i)}
100.0	{(not_pi050_3->and_not_pi050_3_n404, F1, i)}
100.0	{(n1054, F1, i)}
100.0	{(and_not_pi050_3_n404->n1054, F1, i)}
100.0	{(and_not_pi050_3_n404, F1, i)}
100.0	{(po085_driver->po085, F1, i)}
100.0	{(po085_driver, F1, i)}
100.0	{(or_pi129_n1293->po085_driver, F1, i)}
100.0	{(or_pi129_n1293, F1, i)}
100.0	{(n1293->or_pi129_n1293, F1, i)}
100.0	{(n1293, F1, i)}
100.0	{(and_not_n1290_not_n1292->n1293, F1, i)}
100.0	{(and_not_n1290_not_n1292, F1, i)}
100.0	{(not_n1290, F1, i)}
100.0	{(n1290->not_n1290, F0, i)}
100.0	{(n1290, F0, i)}
100.0	{(and_pi070_not_n1247_5->n1290, F0, i)}
100.0	{(and_pi070_not_n1247_5, F0, i)}
100.0	{(not_n1247_5->and_pi070_not_n1247_5, F0, i)}
100.0	{(not_n1247_5, F0, i)}
100.0	{(n1247->not_n1247_5, F1, i)}
100.0	{(not_n1290->and_not_n1290_not_n1292, F1, i)}
