56.25	{(n843->and_not_pi116_6_n843, F1, i)}
55.9	{(not_n1152, F1, i)}
55.9	{(n1152->not_n1152, F0, i)}
55.9	{(n1152, F0, i)}
55.9	{(and_not_n1150_not_n1151->n1152, F0, i)}
55.9	{(and_not_n1150_not_n1151, F0, i)}
55.9	{(not_n1151->and_not_n1150_not_n1151, F0, i)}
55.9	{(not_n1150->and_not_n1150_not_n1151, F0, i)}
55.9	{(not_n1151, F0, i)}
55.9	{(n1151->not_n1151, F1, i)}
55.9	{(not_n1150, F0, i)}
55.9	{(n1150->not_n1150, F1, i)}
55.9	{(n1151, F1, i)}
55.9	{(and_not_pi116_6_n843->n1151, F1, i)}
55.9	{(n1150, F1, i)}
55.9	{(and_pi097_n1149->n1150, F1, i)}
55.9	{(and_not_pi116_6_n843, F1, i)}
55.9	{(and_pi097_n1149, F1, i)}
55.9	{(not_n1152->and_not_pi129_3119734822845423713013303218219760490_not_n1152, F1, i)}
55.21	{(n843, F1, i)}
55.21	{(and_pi053_not_pi058_4->n843, F1, i)}
55.21	{(and_pi053_not_pi058_4, F1, i)}
53.25	{(n1153, F1, i)}
53.25	{(and_not_pi129_3119734822845423713013303218219760490_not_n1152->n1153, F1, i)}
53.25	{(and_not_pi129_3119734822845423713013303218219760490_not_n1152, F1, i)}
53.25	{(n1153->and_not_pi003_19773267430_n1153, F1, i)}
52.33	{(n1154, F1, i)}
52.33	{(and_not_pi003_19773267430_n1153->n1154, F1, i)}
52.33	{(and_not_pi003_19773267430_n1153, F1, i)}
52.33	{(n1154->and_n754_n1154, F1, i)}
50.28	{(n1155, F1, i)}
50.28	{(and_n754_n1154->n1155, F1, i)}
50.28	{(and_n754_n1154, F1, i)}
50.28	{(n1155->and_not_pi026_10_n1155, F1, i)}
