100.0	{(not_n1514, F1, i)}
100.0	{(n1514->not_n1514, F0, i)}
100.0	{(n1514, F0, i)}
100.0	{(and_pi136_not_n1513->n1514, F0, i)}
100.0	{(and_pi136_not_n1513, F0, i)}
100.0	{(not_n1513->and_pi136_not_n1513, F0, i)}
100.0	{(not_n1513, F0, i)}
100.0	{(n1513->not_n1513, F1, i)}
100.0	{(n1513, F1, i)}
100.0	{(and_not_n1511_not_n1512->n1513, F1, i)}
100.0	{(and_not_n1511_not_n1512, F1, i)}
100.0	{(not_n1514->and_not_n1514_not_n1518, F1, i)}
100.0	{(not_n1512, F1, i)}
100.0	{(n1512->not_n1512, F0, i)}
100.0	{(n1512, F0, i)}
100.0	{(and_not_pi070_0_not_pi138_70->n1512, F0, i)}
100.0	{(and_not_pi070_0_not_pi138_70, F0, i)}
100.0	{(not_pi070_0->and_not_pi070_0_not_pi138_70, F0, i)}
100.0	{(not_pi138_70->and_not_pi070_0_not_pi138_70, F0, i)}
100.0	{(not_pi070_0, F0, i)}
100.0	{(not_pi138_70, F0, i)}
100.0	{(not_n1512->and_not_n1511_not_n1512, F1, i)}
