100.0	{(not_n691, F1, i)}
100.0	{(n691->not_n691, F0, i)}
100.0	{(n691, F0, i)}
100.0	{(and_pi082_not_n690->n691, F0, i)}
100.0	{(and_pi082_not_n690, F0, i)}
100.0	{(not_n690->and_pi082_not_n690, F0, i)}
100.0	{(not_n690, F0, i)}
100.0	{(n690->not_n690, F1, i)}
100.0	{(n690, F1, i)}
100.0	{(and_n573_n689->n690, F1, i)}
100.0	{(and_n573_n689, F1, i)}
100.0	{(not_n691->and_not_n691_not_n694, F1, i)}
94.44	{(not_n696, F1, i)}
94.44	{(n696->not_n696, F0, i)}
94.44	{(n696, F0, i)}
94.44	{(and_not_pi024_2_not_n695->n696, F0, i)}
94.44	{(and_not_pi024_2_not_n695, F0, i)}
94.44	{(not_pi024_2->and_not_pi024_2_not_n695, F0, i)}
94.44	{(not_n695->and_not_pi024_2_not_n695, F0, i)}
94.44	{(not_pi024_2, F0, i)}
94.44	{(not_n695, F0, i)}
94.44	{(n695->not_n695, F1, i)}
94.44	{(n695, F1, i)}
94.44	{(and_not_n691_not_n694->n695, F1, i)}
94.44	{(and_not_n691_not_n694, F1, i)}
94.44	{(not_n696->and_not_n696_n711, F1, i)}
