100.0	{(not_n1486, F1, i)}
100.0	{(n1486->not_n1486, F0, i)}
100.0	{(n1486, F0, i)}
100.0	{(and_pi033_pi136->n1486, F0, i)}
100.0	{(and_pi033_pi136, F0, i)}
100.0	{(not_n1486->and_not_n1485_not_n1486, F1, i)}
100.0	{(not_n1488, F1, i)}
100.0	{(n1488->not_n1488, F0, i)}
100.0	{(n1488, F0, i)}
100.0	{(and_pi137_not_n1487->n1488, F0, i)}
100.0	{(and_pi137_not_n1487, F0, i)}
100.0	{(not_n1487->and_pi137_not_n1487, F0, i)}
100.0	{(not_n1487, F0, i)}
100.0	{(n1487->not_n1487, F1, i)}
100.0	{(n1487, F1, i)}
100.0	{(and_not_n1485_not_n1486->n1487, F1, i)}
100.0	{(and_not_n1485_not_n1486, F1, i)}
100.0	{(not_n1488->and_not_n1488_not_n1492, F1, i)}
100.0	{(n450->and_not_pi013_5_n450, F1, i)}
100.0	{(not_pi018_0, F1, i)}
100.0	{(not_pi018_0->and_not_pi018_0_n449, F1, i)}
