98.5	{(not_n1477, F1, i)}
98.5	{(n1477->not_n1477, F0, i)}
98.5	{(n1477, F0, i)}
98.5	{(and_not_pi137_5_not_n1476->n1477, F0, i)}
98.5	{(and_not_pi137_5_not_n1476, F0, i)}
98.5	{(not_pi137_5->and_not_pi137_5_not_n1476, F0, i)}
98.5	{(not_n1476->and_not_pi137_5_not_n1476, F0, i)}
98.5	{(not_pi137_5, F0, i)}
98.5	{(not_n1476, F0, i)}
98.5	{(n1476->not_n1476, F1, i)}
98.5	{(n1476, F1, i)}
98.5	{(and_not_n1474_not_n1475->n1476, F1, i)}
98.5	{(and_not_n1474_not_n1475, F1, i)}
98.5	{(not_n1477->and_not_n1473_not_n1477, F1, i)}
98.08	{(n1479, F0, i)}
98.08	{(and_not_pi138_8_not_n1478->n1479, F0, i)}
98.08	{(and_not_pi138_8_not_n1478, F0, i)}
98.08	{(not_pi138_8->and_not_pi138_8_not_n1478, F0, i)}
98.08	{(not_n1478->and_not_pi138_8_not_n1478, F0, i)}
98.08	{(not_pi138_8, F0, i)}
98.08	{(not_n1478, F0, i)}
98.08	{(n1478->not_n1478, F1, i)}
98.08	{(n1478, F1, i)}
98.08	{(and_not_n1473_not_n1477->n1478, F1, i)}
98.08	{(and_not_n1473_not_n1477, F1, i)}
98.08	{(n1479->or_n1469_n1479, F0, i)}
97.66	{(po117_driver->po117, F0, i)}
97.66	{(po117_driver, F0, i)}
97.66	{(or_n1469_n1479->po117_driver, F0, i)}
97.66	{(or_n1469_n1479, F0, i)}
