100.0	{(not_pi138_57648010, F1, i)}
100.0	{(not_pi138_57648010->and_not_pi067_not_pi138_57648010, F1, i)}
96.55	{(not_n1558, F1, i)}
96.55	{(n1558->not_n1558, F0, i)}
96.55	{(n1558, F0, i)}
96.55	{(and_not_n1556_not_n1557->n1558, F0, i)}
96.55	{(and_not_n1556_not_n1557, F0, i)}
96.55	{(not_n1556->and_not_n1556_not_n1557, F0, i)}
96.55	{(not_n1557->and_not_n1556_not_n1557, F0, i)}
96.55	{(not_n1556, F0, i)}
96.55	{(n1556->not_n1556, F1, i)}
96.55	{(not_n1557, F0, i)}
96.55	{(n1557->not_n1557, F1, i)}
96.55	{(n1556, F1, i)}
96.55	{(and_pi120_pi138->n1556, F1, i)}
96.55	{(n1557, F1, i)}
96.55	{(and_not_pi067_not_pi138_57648010->n1557, F1, i)}
96.55	{(and_pi120_pi138, F1, i)}
96.55	{(and_not_pi067_not_pi138_57648010, F1, i)}
96.55	{(not_n1558->and_not_pi136_1176490_not_n1558, F1, i)}
