97.68	{(not_n483, F1, i)}
97.68	{(n483->not_n483, F0, i)}
97.68	{(n483, F0, i)}
97.68	{(and_not_n472_not_n482->n483, F0, i)}
97.68	{(and_not_n472_not_n482, F0, i)}
97.68	{(not_n472->and_not_n472_not_n482, F0, i)}
97.68	{(not_n482->and_not_n472_not_n482, F0, i)}
97.68	{(not_n472, F0, i)}
97.68	{(n472->not_n472, F1, i)}
97.68	{(not_n482, F0, i)}
97.68	{(n482->not_n482, F1, i)}
97.68	{(n472, F1, i)}
97.68	{(and_pi007_not_pi054_2->n472, F1, i)}
97.68	{(n482, F1, i)}
97.68	{(and_n478_n481->n482, F1, i)}
97.68	{(and_pi007_not_pi054_2, F1, i)}
97.68	{(and_n478_n481, F1, i)}
97.68	{(not_n483->and_not_pi129_6_not_n483, F1, i)}
88.44	{(n484, F1, i)}
88.44	{(and_not_pi129_6_not_n483->n484, F1, i)}
88.44	{(and_not_pi129_6_not_n483, F1, i)}
88.44	{(n484->and_not_pi003_2_n484, F1, i)}
84.17	{(po022_driver->po022, F1, i)}
84.17	{(po022_driver, F1, i)}
84.17	{(and_not_pi003_2_n484->po022_driver, F1, i)}
84.17	{(and_not_pi003_2_n484, F1, i)}
