100.0	{(n385->and_n385_n698, F1, i)}
100.0	{(n1035, F0, i)}
100.0	{(and_not_pi002_3_n399->n1035, F0, i)}
100.0	{(and_not_pi002_3_n399, F0, i)}
100.0	{(n399->and_not_pi002_3_n399, F0, i)}
100.0	{(not_pi002_3->and_not_pi002_3_n399, F0, i)}
100.0	{(not_pi002_3, F0, i)}
100.0	{(not_n1037, F1, i)}
100.0	{(n1037->not_n1037, F0, i)}
100.0	{(n1037, F0, i)}
100.0	{(and_n408_n1036->n1037, F0, i)}
100.0	{(and_n408_n1036, F0, i)}
100.0	{(n1036->and_n408_n1036, F0, i)}
100.0	{(n408->and_n408_n1036, F0, i)}
100.0	{(n1036, F0, i)}
100.0	{(and_n385_n1035->n1036, F0, i)}
100.0	{(and_n385_n1035, F0, i)}
100.0	{(n1035->and_n385_n1035, F0, i)}
100.0	{(n385->and_n385_n1035, F0, i)}
100.0	{(not_n1037->and_pi082_not_n1037, F1, i)}
100.0	{(not_n1040, F1, i)}
100.0	{(n1040->not_n1040, F0, i)}
100.0	{(n1040, F0, i)}
100.0	{(and_pi068_n1039->n1040, F0, i)}
100.0	{(and_pi068_n1039, F0, i)}
100.0	{(n1039->and_pi068_n1039, F0, i)}
100.0	{(n1039, F0, i)}
100.0	{(and_not_n379_9_not_n1038->n1039, F0, i)}
100.0	{(and_not_n379_9_not_n1038, F0, i)}
100.0	{(not_n1038->and_not_n379_9_not_n1038, F0, i)}
100.0	{(not_n379_9->and_not_n379_9_not_n1038, F0, i)}
100.0	{(not_n1038, F0, i)}
100.0	{(n1038->not_n1038, F1, i)}
100.0	{(not_n379_9, F0, i)}
100.0	{(n379->not_n379_9, F1, i)}
100.0	{(n1038, F1, i)}
100.0	{(and_pi082_not_n1037->n1038, F1, i)}
100.0	{(and_pi082_not_n1037, F1, i)}
100.0	{(not_n1040->and_not_n1040_n1045, F1, i)}
