100.0	{(not_n805, F1, i)}
100.0	{(n805->not_n805, F0, i)}
100.0	{(n805, F0, i)}
100.0	{(and_not_pi027_6_not_n804->n805, F0, i)}
100.0	{(and_not_pi027_6_not_n804, F0, i)}
100.0	{(not_pi027_6->and_not_pi027_6_not_n804, F0, i)}
100.0	{(not_n804->and_not_pi027_6_not_n804, F0, i)}
100.0	{(not_pi027_6, F0, i)}
100.0	{(not_n804, F0, i)}
100.0	{(n804->not_n804, F1, i)}
100.0	{(n804, F1, i)}
100.0	{(and_not_n802_not_n803->n804, F1, i)}
100.0	{(and_not_n802_not_n803, F1, i)}
100.0	{(not_n805->and_not_n805_not_n806, F1, i)}
100.0	{(n807, F1, i)}
100.0	{(and_not_n805_not_n806->n807, F1, i)}
100.0	{(and_not_n805_not_n806, F1, i)}
100.0	{(n807->and_not_n799_n807, F1, i)}
100.0	{(not_pi063, F1, i)}
100.0	{(not_pi063->and_not_pi063_pi136, F1, i)}
100.0	{(not_pi136_9, F1, i)}
100.0	{(not_pi136_9->and_not_pi074_not_pi136_9, F1, i)}
