100.0	{(n1106, F1, i)}
100.0	{(and_n990_n1105->n1106, F1, i)}
100.0	{(and_n990_n1105, F1, i)}
100.0	{(n1106->and_n705_n1106, F1, i)}
100.0	{(not_n1108, F1, i)}
100.0	{(n1108->not_n1108, F0, i)}
100.0	{(n1108, F0, i)}
100.0	{(and_pi049_not_n1107->n1108, F0, i)}
100.0	{(and_pi049_not_n1107, F0, i)}
100.0	{(not_n1107->and_pi049_not_n1107, F0, i)}
100.0	{(not_n1107, F0, i)}
100.0	{(n1107->not_n1107, F1, i)}
100.0	{(n1107, F1, i)}
100.0	{(and_n705_n1106->n1107, F1, i)}
100.0	{(and_n705_n1106, F1, i)}
100.0	{(not_n1108->and_not_n1108_not_n1112, F1, i)}
100.0	{(n1105, F1, i)}
100.0	{(and_not_pi024_4_not_pi042_2->n1105, F1, i)}
100.0	{(and_not_pi024_4_not_pi042_2, F1, i)}
100.0	{(n1105->and_n990_n1105, F1, i)}
100.0	{(not_pi129_10, F1, i)}
100.0	{(not_pi129_10->and_not_pi129_10_not_n531, F1, i)}
