100.0	{(not_n804, F1, i)}
100.0	{(n804->not_n804, F0, i)}
100.0	{(n804, F0, i)}
100.0	{(and_not_n802_not_n803->n804, F0, i)}
100.0	{(and_not_n802_not_n803, F0, i)}
100.0	{(not_n803->and_not_n802_not_n803, F0, i)}
100.0	{(not_n802->and_not_n802_not_n803, F0, i)}
100.0	{(not_n803, F0, i)}
100.0	{(n803->not_n803, F1, i)}
100.0	{(not_n802, F0, i)}
100.0	{(n802->not_n802, F1, i)}
100.0	{(n803, F1, i)}
100.0	{(and_n728_n737->n803, F1, i)}
100.0	{(n802, F1, i)}
100.0	{(and_n776_n801->n802, F1, i)}
100.0	{(and_n728_n737, F1, i)}
100.0	{(and_n776_n801, F1, i)}
100.0	{(not_n804->and_not_pi027_6_not_n804, F1, i)}
98.19	{(not_n808, F1, i)}
98.19	{(n808->not_n808, F0, i)}
98.19	{(n808, F0, i)}
98.19	{(and_not_n799_n807->n808, F0, i)}
98.19	{(and_not_n799_n807, F0, i)}
98.19	{(not_n799->and_not_n799_n807, F0, i)}
98.19	{(n807->and_not_n799_n807, F0, i)}
98.19	{(not_n799, F0, i)}
98.19	{(n799->not_n799, F1, i)}
98.19	{(n807, F0, i)}
98.19	{(and_not_n805_not_n806->n807, F0, i)}
98.19	{(n799, F1, i)}
98.19	{(and_pi028_not_n798->n799, F1, i)}
98.19	{(and_not_n805_not_n806, F0, i)}
98.19	{(not_n806->and_not_n805_not_n806, F0, i)}
98.19	{(not_n805->and_not_n805_not_n806, F0, i)}
98.19	{(and_pi028_not_n798, F1, i)}
98.19	{(not_n806, F0, i)}
98.19	{(n806->not_n806, F1, i)}
98.19	{(not_n805, F0, i)}
98.19	{(n805->not_n805, F1, i)}
98.19	{(n806, F1, i)}
98.19	{(and_n777_n790->n806, F1, i)}
98.19	{(n805, F1, i)}
98.19	{(and_not_pi027_6_not_n804->n805, F1, i)}
98.19	{(and_n777_n790, F1, i)}
98.19	{(and_not_pi027_6_not_n804, F1, i)}
98.19	{(not_n808->and_not_pi085_5_not_n808, F1, i)}
95.81	{(not_n816, F1, i)}
95.81	{(n816->not_n816, F0, i)}
95.81	{(n816, F0, i)}
95.81	{(and_not_n809_not_n815->n816, F0, i)}
95.81	{(and_not_n809_not_n815, F0, i)}
95.81	{(not_n809->and_not_n809_not_n815, F0, i)}
95.81	{(not_n815->and_not_n809_not_n815, F0, i)}
95.81	{(not_n809, F0, i)}
95.81	{(n809->not_n809, F1, i)}
95.81	{(not_n815, F0, i)}
95.81	{(n815->not_n815, F1, i)}
95.81	{(n809, F1, i)}
95.81	{(and_not_pi085_5_not_n808->n809, F1, i)}
95.81	{(n815, F1, i)}
95.81	{(and_n813_n814->n815, F1, i)}
95.81	{(and_not_pi085_5_not_n808, F1, i)}
95.81	{(and_n813_n814, F1, i)}
95.81	{(not_n816->and_not_pi053_3_not_n816, F1, i)}
