100.0	{(not_n735, F1, i)}
100.0	{(n735->not_n735, F0, i)}
100.0	{(n735, F0, i)}
100.0	{(and_not_pi027_not_n734->n735, F0, i)}
100.0	{(and_not_pi027_not_n734, F0, i)}
100.0	{(not_pi027->and_not_pi027_not_n734, F0, i)}
100.0	{(not_n734->and_not_pi027_not_n734, F0, i)}
100.0	{(not_pi027, F0, i)}
100.0	{(not_n734, F0, i)}
100.0	{(n734->not_n734, F1, i)}
100.0	{(n734, F1, i)}
100.0	{(and_not_n721_not_n733->n734, F1, i)}
100.0	{(and_not_n721_not_n733, F1, i)}
100.0	{(not_n735->and_not_n735_not_n744, F1, i)}
100.0	{(not_n721, F1, i)}
100.0	{(n721->not_n721, F0, i)}
100.0	{(n721, F0, i)}
100.0	{(and_not_pi026_not_n720->n721, F0, i)}
100.0	{(and_not_pi026_not_n720, F0, i)}
100.0	{(not_pi026->and_not_pi026_not_n720, F0, i)}
100.0	{(not_n720->and_not_pi026_not_n720, F0, i)}
100.0	{(not_pi026, F0, i)}
100.0	{(not_n720, F0, i)}
100.0	{(n720->not_n720, F1, i)}
100.0	{(n720, F1, i)}
100.0	{(and_not_n717_not_n719->n720, F1, i)}
100.0	{(and_not_n717_not_n719, F1, i)}
100.0	{(not_n721->and_not_n721_not_n733, F1, i)}
100.0	{(not_n780, F1, i)}
100.0	{(n780->not_n780, F0, i)}
100.0	{(n780, F0, i)}
100.0	{(and_not_pi027_3_n713->n780, F0, i)}
100.0	{(and_not_pi027_3_n713, F0, i)}
100.0	{(n713->and_not_pi027_3_n713, F0, i)}
100.0	{(not_pi027_3->and_not_pi027_3_n713, F0, i)}
100.0	{(not_pi027_3, F0, i)}
100.0	{(not_n780->and_not_n779_not_n780, F1, i)}
