100.0	{(po133_driver->po133, F0, i)}
100.0	{(po133_driver, F0, i)}
100.0	{(and_not_pi129_8272697060641711598380789001840137510382698418573894642080092744490_not_n1616->po133_driver, F0, i)}
100.0	{(and_not_pi129_8272697060641711598380789001840137510382698418573894642080092744490_not_n1616, F0, i)}
100.0	{(not_pi129_8272697060641711598380789001840137510382698418573894642080092744490->and_not_pi129_8272697060641711598380789001840137510382698418573894642080092744490_not_n1616, F0, i)}
100.0	{(not_n1616->and_not_pi129_8272697060641711598380789001840137510382698418573894642080092744490_not_n1616, F0, i)}
100.0	{(not_pi129_8272697060641711598380789001840137510382698418573894642080092744490, F0, i)}
100.0	{(not_n1616, F0, i)}
100.0	{(n1616->not_n1616, F1, i)}
100.0	{(n1616, F1, i)}
100.0	{(and_not_n1613_not_n1615->n1616, F1, i)}
100.0	{(and_not_n1613_not_n1615, F1, i)}
100.0	{(not_n1615, F1, i)}
100.0	{(n1615->not_n1615, F0, i)}
100.0	{(n1615, F0, i)}
100.0	{(and_n549_n1614->n1615, F0, i)}
100.0	{(and_n549_n1614, F0, i)}
100.0	{(n549->and_n549_n1614, F0, i)}
100.0	{(n1614->and_n549_n1614, F0, i)}
100.0	{(n1614, F0, i)}
100.0	{(and_pi054_not_pi059_0->n1614, F0, i)}
100.0	{(and_pi054_not_pi059_0, F0, i)}
100.0	{(not_pi059_0->and_pi054_not_pi059_0, F0, i)}
100.0	{(not_pi059_0, F0, i)}
100.0	{(not_n1615->and_not_n1613_not_n1615, F1, i)}
100.0	{(n1071, F1, i)}
100.0	{(and_not_n379_70_not_n1070->n1071, F1, i)}
100.0	{(and_not_n379_70_not_n1070, F1, i)}
100.0	{(n1071->and_pi064_n1071, F1, i)}
100.0	{(n927->and_n408_n927, F1, i)}
100.0	{(not_n1070, F1, i)}
100.0	{(n1070->not_n1070, F0, i)}
100.0	{(n1070, F0, i)}
100.0	{(and_pi082_not_n1069->n1070, F0, i)}
100.0	{(and_pi082_not_n1069, F0, i)}
100.0	{(not_n1069->and_pi082_not_n1069, F0, i)}
100.0	{(not_n1069, F0, i)}
100.0	{(n1069->not_n1069, F1, i)}
100.0	{(n1069, F1, i)}
100.0	{(and_n408_n927->n1069, F1, i)}
100.0	{(and_n408_n927, F1, i)}
100.0	{(not_n1070->and_not_n379_70_not_n1070, F1, i)}
