100.0	{(n398, F0, i)}
100.0	{(and_not_pi024_0_not_pi045_0->n398, F0, i)}
100.0	{(and_not_pi024_0_not_pi045_0, F0, i)}
100.0	{(not_pi045_0->and_not_pi024_0_not_pi045_0, F0, i)}
100.0	{(not_pi024_0->and_not_pi024_0_not_pi045_0, F0, i)}
100.0	{(not_pi045_0, F0, i)}
100.0	{(not_pi024_0, F0, i)}
100.0	{(not_n409, F1, i)}
100.0	{(n409->not_n409, F0, i)}
100.0	{(n409, F0, i)}
100.0	{(and_n402_n408->n409, F0, i)}
100.0	{(and_n402_n408, F0, i)}
100.0	{(n408->and_n402_n408, F0, i)}
100.0	{(n402->and_n402_n408, F0, i)}
100.0	{(n402, F0, i)}
100.0	{(and_n400_n401->n402, F0, i)}
100.0	{(and_n400_n401, F0, i)}
100.0	{(n400->and_n400_n401, F0, i)}
100.0	{(n401->and_n400_n401, F0, i)}
100.0	{(n400, F0, i)}
100.0	{(and_n398_n399->n400, F0, i)}
100.0	{(and_n398_n399, F0, i)}
100.0	{(n398->and_n398_n399, F0, i)}
100.0	{(n399->and_n398_n399, F0, i)}
100.0	{(not_n409->and_pi082_not_n409, F1, i)}
100.0	{(not_n412, F1, i)}
100.0	{(n412->not_n412, F0, i)}
100.0	{(n412, F0, i)}
100.0	{(and_not_n410_not_n411->n412, F0, i)}
100.0	{(and_not_n410_not_n411, F0, i)}
100.0	{(not_n410->and_not_n410_not_n411, F0, i)}
100.0	{(not_n411->and_not_n410_not_n411, F0, i)}
100.0	{(not_n410, F0, i)}
100.0	{(n410->not_n410, F1, i)}
100.0	{(not_n411, F0, i)}
100.0	{(n411->not_n411, F1, i)}
100.0	{(n410, F1, i)}
100.0	{(and_pi082_not_n409->n410, F1, i)}
100.0	{(and_pi082_not_n409, F1, i)}
100.0	{(not_n412->and_pi002_not_n412, F1, i)}
