100.0	{(not_n943_0, F1, i)}
100.0	{(n943->not_n943_0, F0, i)}
100.0	{(not_n943_0->and_not_pi106_9_not_n943_0, F1, i)}
90.91	{(po067_driver->po067, F0, i)}
90.91	{(po067_driver, F0, i)}
90.91	{(and_not_pi129_445676403263631959001900459745680070_not_n1142->po067_driver, F0, i)}
90.91	{(and_not_pi129_445676403263631959001900459745680070_not_n1142, F0, i)}
90.91	{(not_pi129_445676403263631959001900459745680070->and_not_pi129_445676403263631959001900459745680070_not_n1142, F0, i)}
90.91	{(not_n1142->and_not_pi129_445676403263631959001900459745680070_not_n1142, F0, i)}
90.91	{(not_pi129_445676403263631959001900459745680070, F0, i)}
90.91	{(not_n1142, F0, i)}
90.91	{(n1142->not_n1142, F1, i)}
90.91	{(n1142, F1, i)}
90.91	{(and_not_n1140_n1141->n1142, F1, i)}
90.91	{(and_not_n1140_n1141, F1, i)}
90.91	{(n1141, F1, i)}
90.91	{(and_not_pi106_9_not_n943_0->n1141, F1, i)}
90.91	{(and_not_pi106_9_not_n943_0, F1, i)}
90.91	{(n1141->and_not_n1140_n1141, F1, i)}
100.0	{(not_pi026_24010, F1, i)}
100.0	{(not_pi026_24010->and_not_pi026_24010_not_n1230, F1, i)}
