99.78	{(n379->and_n379_not_n986, F1, i)}
92.51	{(not_n988, F1, i)}
92.51	{(n988->not_n988, F0, i)}
92.51	{(n988, F0, i)}
92.51	{(and_not_n983_not_n987->n988, F0, i)}
92.51	{(and_not_n983_not_n987, F0, i)}
92.51	{(not_n983->and_not_n983_not_n987, F0, i)}
92.51	{(not_n987->and_not_n983_not_n987, F0, i)}
92.51	{(not_n983, F0, i)}
92.51	{(n983->not_n983, F1, i)}
92.51	{(not_n987, F0, i)}
92.51	{(n987->not_n987, F1, i)}
92.51	{(n987, F1, i)}
92.51	{(and_n379_not_n986->n987, F1, i)}
92.51	{(and_n379_not_n986, F1, i)}
92.51	{(not_n988->and_not_pi042_1_not_n988, F1, i)}
92.32	{(po057_driver->po057, F0, i)}
92.32	{(po057_driver, F0, i)}
92.32	{(and_not_n989_n998->po057_driver, F0, i)}
92.32	{(and_not_n989_n998, F0, i)}
92.32	{(n998->and_not_n989_n998, F0, i)}
92.32	{(not_n989->and_not_n989_n998, F0, i)}
92.32	{(n998, F0, i)}
92.32	{(and_not_n995_n997->n998, F0, i)}
92.32	{(not_n989, F0, i)}
92.32	{(n989->not_n989, F1, i)}
92.32	{(and_not_n995_n997, F0, i)}
92.32	{(n997->and_not_n995_n997, F0, i)}
92.32	{(not_n995->and_not_n995_n997, F0, i)}
92.32	{(n989, F1, i)}
92.32	{(and_not_pi042_1_not_n988->n989, F1, i)}
92.32	{(n997, F0, i)}
92.32	{(and_not_pi129_1577753820348458066150427430_not_n996->n997, F0, i)}
92.32	{(not_n995, F0, i)}
92.32	{(n995->not_n995, F1, i)}
92.32	{(and_not_pi042_1_not_n988, F1, i)}
92.32	{(and_not_pi129_1577753820348458066150427430_not_n996, F0, i)}
92.32	{(not_pi129_1577753820348458066150427430->and_not_pi129_1577753820348458066150427430_not_n996, F0, i)}
92.32	{(not_n996->and_not_pi129_1577753820348458066150427430_not_n996, F0, i)}
92.32	{(n995, F1, i)}
92.32	{(and_pi072_n994->n995, F1, i)}
92.32	{(not_pi129_1577753820348458066150427430, F0, i)}
92.32	{(not_n996, F0, i)}
92.32	{(n996->not_n996, F1, i)}
92.32	{(and_pi072_n994, F1, i)}
92.32	{(n996, F1, i)}
92.32	{(and_pi042_n934->n996, F1, i)}
92.32	{(and_pi042_n934, F1, i)}
