100.0	{(not_pi122_0, F1, i)}
100.0	{(not_pi122_0->and_not_pi117_not_pi122_0, F1, i)}
100.0	{(n1236, F1, i)}
100.0	{(and_not_pi117_not_pi122_0->n1236, F1, i)}
100.0	{(and_not_pi117_not_pi122_0, F1, i)}
100.0	{(n1236->and_pi123_n1236, F1, i)}
100.0	{(not_pi048_3, F1, i)}
100.0	{(not_pi048_3->and_not_pi048_3_not_n1084, F1, i)}
100.0	{(n381->and_n381_n406, F1, i)}
100.0	{(n1093, F1, i)}
100.0	{(and_n381_n406->n1093, F1, i)}
100.0	{(and_n381_n406, F1, i)}
100.0	{(n1093->and_n1093_n1095, F1, i)}
100.0	{(n1091, F1, i)}
100.0	{(and_not_n379_490_not_n1090->n1091, F1, i)}
100.0	{(and_not_n379_490_not_n1090, F1, i)}
100.0	{(n1091->and_pi062_n1091, F1, i)}
100.0	{(not_n1090, F1, i)}
100.0	{(n1090->not_n1090, F0, i)}
100.0	{(n1090, F0, i)}
100.0	{(and_pi082_not_n1089->n1090, F0, i)}
100.0	{(and_pi082_not_n1089, F0, i)}
100.0	{(not_n1089->and_pi082_not_n1089, F0, i)}
100.0	{(not_n1089, F0, i)}
100.0	{(n1089->not_n1089, F1, i)}
100.0	{(n1089, F1, i)}
100.0	{(and_n408_n1088->n1089, F1, i)}
100.0	{(and_n408_n1088, F1, i)}
100.0	{(not_n1090->and_not_n379_490_not_n1090, F1, i)}
