100.0	{(not_pi074, F1, i)}
100.0	{(not_pi074->and_not_pi074_not_pi136_9, F1, i)}
100.0	{(not_n1491, F1, i)}
100.0	{(n1491->not_n1491, F0, i)}
100.0	{(n1491, F0, i)}
100.0	{(and_not_n1489_not_n1490->n1491, F0, i)}
100.0	{(and_not_n1489_not_n1490, F0, i)}
100.0	{(not_n1489->and_not_n1489_not_n1490, F0, i)}
100.0	{(not_n1490->and_not_n1489_not_n1490, F0, i)}
100.0	{(not_n1489, F0, i)}
100.0	{(n1489->not_n1489, F1, i)}
100.0	{(not_n1490, F0, i)}
100.0	{(n1490->not_n1490, F1, i)}
100.0	{(n1489, F1, i)}
100.0	{(and_not_pi063_pi136->n1489, F1, i)}
100.0	{(n1490, F1, i)}
100.0	{(and_not_pi074_not_pi136_9->n1490, F1, i)}
100.0	{(and_not_pi063_pi136, F1, i)}
100.0	{(and_not_pi074_not_pi136_9, F1, i)}
100.0	{(not_n1491->and_not_pi137_6_not_n1491, F1, i)}
100.0	{(n962, F1, i)}
100.0	{(and_not_pi129_32199057558131797268376070_not_n961->n962, F1, i)}
100.0	{(and_not_pi129_32199057558131797268376070_not_n961, F1, i)}
100.0	{(n962->and_not_n959_n962, F1, i)}
98.31	{(n963, F1, i)}
98.31	{(and_not_n959_n962->n963, F1, i)}
98.31	{(and_not_n959_n962, F1, i)}
98.31	{(n963->and_not_n953_n963, F1, i)}
