100.0	{(not_n1101, F1, i)}
100.0	{(n1101->not_n1101, F0, i)}
100.0	{(n1101, F0, i)}
100.0	{(and_n705_n1100->n1101, F0, i)}
100.0	{(and_n705_n1100, F0, i)}
100.0	{(n705->and_n705_n1100, F0, i)}
100.0	{(n1100->and_n705_n1100, F0, i)}
100.0	{(not_n1101->and_pi082_not_n1101, F1, i)}
91.67	{(n705, F0, i)}
91.67	{(and_n583_n704->n705, F0, i)}
91.67	{(and_n583_n704, F0, i)}
91.67	{(n704->and_n583_n704, F0, i)}
91.67	{(n583->and_n583_n704, F0, i)}
91.67	{(n1100, F0, i)}
91.67	{(and_n384_n1054->n1100, F0, i)}
91.67	{(and_n384_n1054, F0, i)}
91.67	{(n1054->and_n384_n1054, F0, i)}
91.67	{(n384->and_n384_n1054, F0, i)}
77.27	{(po132_driver->po132, F1, i)}
77.27	{(po132_driver, F1, i)}
77.27	{(or_not_pi122_2_pi129->po132_driver, F1, i)}
77.27	{(or_not_pi122_2_pi129, F1, i)}
77.27	{(not_pi122_2->or_not_pi122_2_pi129, F1, i)}
77.27	{(not_pi122_2, F1, i)}
