100.0	{(n407, F1, i)}
100.0	{(and_n404_n406->n407, F1, i)}
100.0	{(and_n404_n406, F1, i)}
100.0	{(n1251->and_n1251_n1324, F1, i)}
100.0	{(po101_driver->po101, F0, i)}
100.0	{(po101_driver, F0, i)}
100.0	{(and_not_pi129_302268019717750559482470516839540966128657419430_not_n1379->po101_driver, F0, i)}
100.0	{(and_not_pi129_302268019717750559482470516839540966128657419430_not_n1379, F0, i)}
100.0	{(not_pi129_302268019717750559482470516839540966128657419430->and_not_pi129_302268019717750559482470516839540966128657419430_not_n1379, F0, i)}
100.0	{(not_n1379->and_not_pi129_302268019717750559482470516839540966128657419430_not_n1379, F0, i)}
100.0	{(not_pi129_302268019717750559482470516839540966128657419430, F0, i)}
100.0	{(not_n1379, F0, i)}
100.0	{(n1379->not_n1379, F1, i)}
100.0	{(n1379, F1, i)}
100.0	{(and_not_n1377_not_n1378->n1379, F1, i)}
100.0	{(and_not_n1377_not_n1378, F1, i)}
100.0	{(not_n1377, F1, i)}
100.0	{(n1377->not_n1377, F0, i)}
100.0	{(n1377, F0, i)}
100.0	{(and_pi086_not_n1325_5->n1377, F0, i)}
100.0	{(and_pi086_not_n1325_5, F0, i)}
100.0	{(not_n1325_5->and_pi086_not_n1325_5, F0, i)}
100.0	{(not_n1325_5, F0, i)}
100.0	{(n1325->not_n1325_5, F1, i)}
100.0	{(not_n1377->and_not_n1377_not_n1378, F1, i)}
