100.0	{(n650, F0, i)}
100.0	{(and_not_pi015_2_not_pi049_1->n650, F0, i)}
100.0	{(and_not_pi015_2_not_pi049_1, F0, i)}
100.0	{(not_pi049_1->and_not_pi015_2_not_pi049_1, F0, i)}
100.0	{(not_pi015_2->and_not_pi015_2_not_pi049_1, F0, i)}
100.0	{(not_pi049_1, F0, i)}
100.0	{(not_pi015_2, F0, i)}
100.0	{(n411->and_pi020_n411, F1, i)}
100.0	{(not_n653, F1, i)}
100.0	{(n653->not_n653, F0, i)}
100.0	{(n653, F0, i)}
100.0	{(and_n640_n652->n653, F0, i)}
100.0	{(and_n640_n652, F0, i)}
100.0	{(n640->and_n640_n652, F0, i)}
100.0	{(n652->and_n640_n652, F0, i)}
100.0	{(n652, F0, i)}
100.0	{(and_n649_n651->n652, F0, i)}
100.0	{(and_n649_n651, F0, i)}
100.0	{(n651->and_n649_n651, F0, i)}
100.0	{(n649->and_n649_n651, F0, i)}
100.0	{(n651, F0, i)}
100.0	{(and_n390_n650->n651, F0, i)}
100.0	{(and_n390_n650, F0, i)}
100.0	{(n390->and_n390_n650, F0, i)}
100.0	{(n650->and_n390_n650, F0, i)}
100.0	{(not_n653->and_pi020_not_n653, F1, i)}
