100.0	{(not_pi014_3, F1, i)}
100.0	{(not_pi014_3->and_not_pi009_1_not_pi014_3, F1, i)}
100.0	{(n416->and_n416_n527, F1, i)}
100.0	{(po048_driver->po048, F0, i)}
100.0	{(po048_driver, F0, i)}
100.0	{(and_not_pi129_39098210485829880490_not_n887->po048_driver, F0, i)}
100.0	{(and_not_pi129_39098210485829880490_not_n887, F0, i)}
100.0	{(not_pi129_39098210485829880490->and_not_pi129_39098210485829880490_not_n887, F0, i)}
100.0	{(not_n887->and_not_pi129_39098210485829880490_not_n887, F0, i)}
100.0	{(not_pi129_39098210485829880490, F0, i)}
100.0	{(not_n887, F0, i)}
100.0	{(n887->not_n887, F1, i)}
100.0	{(n887, F1, i)}
100.0	{(and_not_n882_not_n886->n887, F1, i)}
100.0	{(and_not_n882_not_n886, F1, i)}
100.0	{(not_n886, F1, i)}
100.0	{(n886->not_n886, F0, i)}
100.0	{(n886, F0, i)}
100.0	{(and_not_pi106_2_not_n885->n886, F0, i)}
100.0	{(and_not_pi106_2_not_n885, F0, i)}
100.0	{(not_pi106_2->and_not_pi106_2_not_n885, F0, i)}
100.0	{(not_n885->and_not_pi106_2_not_n885, F0, i)}
100.0	{(not_pi106_2, F0, i)}
100.0	{(not_n885, F0, i)}
100.0	{(n885->not_n885, F1, i)}
100.0	{(n885, F1, i)}
100.0	{(and_not_n883_not_n884->n885, F1, i)}
100.0	{(and_not_n883_not_n884, F1, i)}
100.0	{(not_n886->and_not_n882_not_n886, F1, i)}
