92.31	{(n586, F1, i)}
92.31	{(and_n408_n585->n586, F1, i)}
92.31	{(and_n408_n585, F1, i)}
92.31	{(n586->and_n384_n586, F1, i)}
82.76	{(n587, F1, i)}
82.76	{(and_n384_n586->n587, F1, i)}
82.76	{(and_n384_n586, F1, i)}
82.76	{(n587->and_n583_n587, F1, i)}
72.73	{(not_n589, F1, i)}
72.73	{(n589->not_n589, F0, i)}
72.73	{(n589, F0, i)}
72.73	{(and_not_n582_not_n588->n589, F0, i)}
72.73	{(and_not_n582_not_n588, F0, i)}
72.73	{(not_n582->and_not_n582_not_n588, F0, i)}
72.73	{(not_n588->and_not_n582_not_n588, F0, i)}
72.73	{(not_n582, F0, i)}
72.73	{(n582->not_n582, F1, i)}
72.73	{(not_n588, F0, i)}
72.73	{(n588->not_n588, F1, i)}
72.73	{(n582, F1, i)}
72.73	{(and_pi015_not_n581->n582, F1, i)}
72.73	{(n588, F1, i)}
72.73	{(and_n583_n587->n588, F1, i)}
72.73	{(and_pi015_not_n581, F1, i)}
72.73	{(and_n583_n587, F1, i)}
72.73	{(not_n589->and_pi082_not_n589, F1, i)}
68.57	{(not_n593, F1, i)}
68.57	{(n593->not_n593, F0, i)}
68.57	{(n593, F0, i)}
68.57	{(and_not_n578_n592->n593, F0, i)}
68.57	{(and_not_n578_n592, F0, i)}
68.57	{(not_n578->and_not_n578_n592, F0, i)}
68.57	{(n592->and_not_n578_n592, F0, i)}
68.57	{(not_n578, F0, i)}
68.57	{(n578->not_n578, F1, i)}
68.57	{(n592, F0, i)}
68.57	{(and_not_n590_not_n591->n592, F0, i)}
68.57	{(n578, F1, i)}
68.57	{(and_not_pi070_n577->n578, F1, i)}
68.57	{(and_not_n590_not_n591, F0, i)}
68.57	{(not_n590->and_not_n590_not_n591, F0, i)}
68.57	{(not_n591->and_not_n590_not_n591, F0, i)}
68.57	{(and_not_pi070_n577, F1, i)}
68.57	{(not_n590, F0, i)}
68.57	{(n590->not_n590, F1, i)}
68.57	{(not_n591, F0, i)}
68.57	{(n591->not_n591, F1, i)}
68.57	{(n590, F1, i)}
68.57	{(and_pi082_not_n589->n590, F1, i)}
68.57	{(n591, F1, i)}
68.57	{(and_pi015_n411->n591, F1, i)}
68.57	{(and_pi082_not_n589, F1, i)}
68.57	{(and_pi015_n411, F1, i)}
68.57	{(not_n593->and_not_pi129_24010_not_n593, F1, i)}
68.57	{(n577, F1, i)}
68.57	{(and_not_n379_0_not_n576->n577, F1, i)}
68.57	{(and_not_n379_0_not_n576, F1, i)}
68.57	{(n577->and_not_pi070_n577, F1, i)}
