100.0	{(not_pi054_168070, F1, i)}
100.0	{(not_pi054_168070->and_pi022_not_pi054_168070, F1, i)}
100.0	{(not_n1404, F1, i)}
100.0	{(n1404->not_n1404, F0, i)}
100.0	{(n1404, F0, i)}
100.0	{(and_pi144_n1386->n1404, F0, i)}
100.0	{(and_pi144_n1386, F0, i)}
100.0	{(n1386->and_pi144_n1386, F0, i)}
100.0	{(not_n1404->and_not_n1403_not_n1404, F1, i)}
100.0	{(po107_driver->po107, F0, i)}
100.0	{(po107_driver, F0, i)}
100.0	{(and_not_pi129_35561530251773635572553173835655155124070416738520070_not_n1405->po107_driver, F0, i)}
100.0	{(and_not_pi129_35561530251773635572553173835655155124070416738520070_not_n1405, F0, i)}
100.0	{(not_pi129_35561530251773635572553173835655155124070416738520070->and_not_pi129_35561530251773635572553173835655155124070416738520070_not_n1405, F0, i)}
100.0	{(not_n1405->and_not_pi129_35561530251773635572553173835655155124070416738520070_not_n1405, F0, i)}
100.0	{(not_pi129_35561530251773635572553173835655155124070416738520070, F0, i)}
100.0	{(not_n1405, F0, i)}
100.0	{(n1405->not_n1405, F1, i)}
100.0	{(n1405, F1, i)}
100.0	{(and_not_n1403_not_n1404->n1405, F1, i)}
100.0	{(and_not_n1403_not_n1404, F1, i)}
