100.0	{(n990, F0, i)}
100.0	{(and_not_pi044_2_n649->n990, F0, i)}
100.0	{(and_not_pi044_2_n649, F0, i)}
100.0	{(not_pi044_2->and_not_pi044_2_n649, F0, i)}
100.0	{(n649->and_not_pi044_2_n649, F0, i)}
100.0	{(not_pi044_2, F0, i)}
100.0	{(n384->and_n384_n1054, F1, i)}
100.0	{(not_n1107, F1, i)}
100.0	{(n1107->not_n1107, F0, i)}
100.0	{(n1107, F0, i)}
100.0	{(and_n705_n1106->n1107, F0, i)}
100.0	{(and_n705_n1106, F0, i)}
100.0	{(n1106->and_n705_n1106, F0, i)}
100.0	{(n705->and_n705_n1106, F0, i)}
100.0	{(n1106, F0, i)}
100.0	{(and_n990_n1105->n1106, F0, i)}
100.0	{(and_n990_n1105, F0, i)}
100.0	{(n1105->and_n990_n1105, F0, i)}
100.0	{(n990->and_n990_n1105, F0, i)}
100.0	{(n1105, F0, i)}
100.0	{(and_not_pi024_4_not_pi042_2->n1105, F0, i)}
100.0	{(and_not_pi024_4_not_pi042_2, F0, i)}
100.0	{(not_pi024_4->and_not_pi024_4_not_pi042_2, F0, i)}
100.0	{(not_pi042_2->and_not_pi024_4_not_pi042_2, F0, i)}
100.0	{(not_pi024_4, F0, i)}
100.0	{(not_pi042_2, F0, i)}
100.0	{(not_n1107->and_pi049_not_n1107, F1, i)}
100.0	{(n411->and_pi049_n411, F1, i)}
