100.0	{(not_n1478, F1, i)}
100.0	{(n1478->not_n1478, F0, i)}
100.0	{(n1478, F0, i)}
100.0	{(and_not_n1473_not_n1477->n1478, F0, i)}
100.0	{(and_not_n1473_not_n1477, F0, i)}
100.0	{(not_n1477->and_not_n1473_not_n1477, F0, i)}
100.0	{(not_n1473->and_not_n1473_not_n1477, F0, i)}
100.0	{(not_n1477, F0, i)}
100.0	{(n1477->not_n1477, F1, i)}
100.0	{(not_n1473, F0, i)}
100.0	{(n1473->not_n1473, F1, i)}
100.0	{(n1477, F1, i)}
100.0	{(and_not_pi137_5_not_n1476->n1477, F1, i)}
100.0	{(n1473, F1, i)}
100.0	{(and_pi137_not_n1472->n1473, F1, i)}
100.0	{(and_not_pi137_5_not_n1476, F1, i)}
100.0	{(and_pi137_not_n1472, F1, i)}
100.0	{(not_n1478->and_not_pi138_8_not_n1478, F1, i)}
100.0	{(not_pi014_2, F1, i)}
100.0	{(not_pi014_2->and_not_pi014_2_pi054, F1, i)}
100.0	{(n354, F1, i)}
100.0	{(and_not_pi014_2_pi054->n354, F1, i)}
100.0	{(and_not_pi014_2_pi054, F1, i)}
