100.0	{(n292, F1, i)}
100.0	{(and_not_pi006_not_pi007->n292, F1, i)}
100.0	{(and_not_pi006_not_pi007, F1, i)}
100.0	{(n292->and_n291_n292, F1, i)}
100.0	{(not_pi007, F1, i)}
100.0	{(not_pi007->and_not_pi006_not_pi007, F1, i)}
100.0	{(n314->and_n314_n326, F1, i)}
100.0	{(n990->and_n990_n1105, F1, i)}
100.0	{(n1106, F1, i)}
100.0	{(and_n990_n1105->n1106, F1, i)}
100.0	{(and_n990_n1105, F1, i)}
100.0	{(n1106->and_n705_n1106, F1, i)}
100.0	{(not_n1108, F1, i)}
100.0	{(n1108->not_n1108, F0, i)}
100.0	{(n1108, F0, i)}
100.0	{(and_pi049_not_n1107->n1108, F0, i)}
100.0	{(and_pi049_not_n1107, F0, i)}
100.0	{(not_n1107->and_pi049_not_n1107, F0, i)}
100.0	{(not_n1107, F0, i)}
100.0	{(n1107->not_n1107, F1, i)}
100.0	{(n1107, F1, i)}
100.0	{(and_n705_n1106->n1107, F1, i)}
100.0	{(and_n705_n1106, F1, i)}
100.0	{(not_n1108->and_not_n1108_not_n1112, F1, i)}
100.0	{(not_pi044_2, F1, i)}
100.0	{(not_pi044_2->and_not_pi044_2_n649, F1, i)}
100.0	{(n990, F1, i)}
100.0	{(and_not_pi044_2_n649->n990, F1, i)}
100.0	{(and_not_pi044_2_n649, F1, i)}
