100.0	{(not_n1117, F1, i)}
100.0	{(n1117->not_n1117, F0, i)}
100.0	{(n1117, F0, i)}
100.0	{(and_not_n1104_n1116->n1117, F0, i)}
100.0	{(and_not_n1104_n1116, F0, i)}
100.0	{(not_n1104->and_not_n1104_n1116, F0, i)}
100.0	{(n1116->and_not_n1104_n1116, F0, i)}
100.0	{(not_n1104, F0, i)}
100.0	{(n1104->not_n1104, F1, i)}
100.0	{(n1116, F0, i)}
100.0	{(and_not_n1114_not_n1115->n1116, F0, i)}
100.0	{(n1104, F1, i)}
100.0	{(and_not_pi069_n1103->n1104, F1, i)}
100.0	{(and_not_n1114_not_n1115, F0, i)}
100.0	{(not_n1114->and_not_n1114_not_n1115, F0, i)}
100.0	{(not_n1115->and_not_n1114_not_n1115, F0, i)}
100.0	{(and_not_pi069_n1103, F1, i)}
100.0	{(not_n1114, F0, i)}
100.0	{(n1114->not_n1114, F1, i)}
100.0	{(not_n1115, F0, i)}
100.0	{(n1115->not_n1115, F1, i)}
100.0	{(n1114, F1, i)}
100.0	{(and_pi082_not_n1113->n1114, F1, i)}
100.0	{(n1115, F1, i)}
100.0	{(and_pi049_n411->n1115, F1, i)}
100.0	{(and_pi082_not_n1113, F1, i)}
100.0	{(and_pi049_n411, F1, i)}
100.0	{(not_n1117->and_not_pi129_1299348114471230201171721456984490_not_n1117, F1, i)}
100.0	{(po107_driver->po107, F0, i)}
100.0	{(po107_driver, F0, i)}
100.0	{(and_not_pi129_35561530251773635572553173835655155124070416738520070_not_n1405->po107_driver, F0, i)}
100.0	{(and_not_pi129_35561530251773635572553173835655155124070416738520070_not_n1405, F0, i)}
100.0	{(not_pi129_35561530251773635572553173835655155124070416738520070->and_not_pi129_35561530251773635572553173835655155124070416738520070_not_n1405, F0, i)}
100.0	{(not_n1405->and_not_pi129_35561530251773635572553173835655155124070416738520070_not_n1405, F0, i)}
100.0	{(not_pi129_35561530251773635572553173835655155124070416738520070, F0, i)}
100.0	{(not_n1405, F0, i)}
100.0	{(n1405->not_n1405, F1, i)}
100.0	{(n1405, F1, i)}
100.0	{(and_not_n1403_not_n1404->n1405, F1, i)}
100.0	{(and_not_n1403_not_n1404, F1, i)}
100.0	{(not_n1403, F1, i)}
100.0	{(n1403->not_n1403, F0, i)}
100.0	{(n1403, F0, i)}
100.0	{(and_pi092_not_n1386_3->n1403, F0, i)}
100.0	{(and_pi092_not_n1386_3, F0, i)}
100.0	{(not_n1386_3->and_pi092_not_n1386_3, F0, i)}
100.0	{(not_n1386_3, F0, i)}
100.0	{(n1386->not_n1386_3, F1, i)}
100.0	{(not_n1403->and_not_n1403_not_n1404, F1, i)}
