96.15	{(n977, F1, i)}
96.15	{(and_pi041_pi082->n977, F1, i)}
96.15	{(and_pi041_pi082, F1, i)}
96.15	{(n977->and_n390_n977, F1, i)}
96.15	{(n978, F1, i)}
96.15	{(and_n390_n977->n978, F1, i)}
96.15	{(and_n390_n977, F1, i)}
96.15	{(n978->and_n976_n978, F1, i)}
95.57	{(po056_driver->po056, F0, i)}
95.57	{(po056_driver, F0, i)}
95.57	{(and_not_n969_n981->po056_driver, F0, i)}
95.57	{(and_not_n969_n981, F0, i)}
95.57	{(n981->and_not_n969_n981, F0, i)}
95.57	{(not_n969->and_not_n969_n981, F0, i)}
95.57	{(n981, F0, i)}
95.57	{(and_not_n975_n980->n981, F0, i)}
95.57	{(not_n969, F0, i)}
95.57	{(n969->not_n969, F1, i)}
95.57	{(and_not_n975_n980, F0, i)}
95.57	{(n980->and_not_n975_n980, F0, i)}
95.57	{(not_n975->and_not_n975_n980, F0, i)}
95.57	{(n969, F1, i)}
95.57	{(and_not_pi041_2_not_n968->n969, F1, i)}
95.57	{(n980, F0, i)}
95.57	{(and_not_pi129_225393402906922580878632490_not_n979->n980, F0, i)}
95.57	{(not_n975, F0, i)}
95.57	{(n975->not_n975, F1, i)}
95.57	{(and_not_pi041_2_not_n968, F1, i)}
95.57	{(and_not_pi129_225393402906922580878632490_not_n979, F0, i)}
95.57	{(not_pi129_225393402906922580878632490->and_not_pi129_225393402906922580878632490_not_n979, F0, i)}
95.57	{(not_n979->and_not_pi129_225393402906922580878632490_not_n979, F0, i)}
95.57	{(n975, F1, i)}
95.57	{(and_pi076_n974->n975, F1, i)}
95.57	{(not_pi129_225393402906922580878632490, F0, i)}
95.57	{(not_n979, F0, i)}
95.57	{(n979->not_n979, F1, i)}
95.57	{(and_pi076_n974, F1, i)}
95.57	{(n979, F1, i)}
95.57	{(and_n976_n978->n979, F1, i)}
95.57	{(and_n976_n978, F1, i)}
