100.0	{(n688->and_n380_n688, F1, i)}
100.0	{(n927, F0, i)}
100.0	{(and_n401_n926->n927, F0, i)}
100.0	{(and_n401_n926, F0, i)}
100.0	{(n926->and_n401_n926, F0, i)}
100.0	{(n401->and_n401_n926, F0, i)}
100.0	{(n926, F0, i)}
100.0	{(and_n398_n925->n926, F0, i)}
100.0	{(and_n398_n925, F0, i)}
100.0	{(n925->and_n398_n925, F0, i)}
100.0	{(n398->and_n398_n925, F0, i)}
100.0	{(n925, F0, i)}
100.0	{(and_not_pi002_2_not_pi048_2->n925, F0, i)}
100.0	{(and_not_pi002_2_not_pi048_2, F0, i)}
100.0	{(not_pi048_2->and_not_pi002_2_not_pi048_2, F0, i)}
100.0	{(not_pi002_2->and_not_pi002_2_not_pi048_2, F0, i)}
100.0	{(not_pi048_2, F0, i)}
100.0	{(not_pi002_2, F0, i)}
100.0	{(not_n1130, F1, i)}
100.0	{(n1130->not_n1130, F0, i)}
100.0	{(n1130, F0, i)}
100.0	{(and_pi066_n1129->n1130, F0, i)}
100.0	{(and_pi066_n1129, F0, i)}
100.0	{(n1129->and_pi066_n1129, F0, i)}
100.0	{(n1129, F0, i)}
100.0	{(and_not_n379_24010_not_n1128->n1129, F0, i)}
100.0	{(and_not_n379_24010_not_n1128, F0, i)}
100.0	{(not_n1128->and_not_n379_24010_not_n1128, F0, i)}
100.0	{(not_n379_24010->and_not_n379_24010_not_n1128, F0, i)}
100.0	{(not_n1128, F0, i)}
100.0	{(n1128->not_n1128, F1, i)}
100.0	{(not_n379_24010, F0, i)}
100.0	{(n379->not_n379_24010, F1, i)}
100.0	{(n1128, F1, i)}
100.0	{(and_pi082_not_n1127->n1128, F1, i)}
100.0	{(and_pi082_not_n1127, F1, i)}
100.0	{(not_n1130->and_not_n1130_n1133, F1, i)}
100.0	{(not_n1127, F1, i)}
100.0	{(n1127->not_n1127, F0, i)}
100.0	{(n1127, F0, i)}
100.0	{(and_n927_n1126->n1127, F0, i)}
100.0	{(and_n927_n1126, F0, i)}
100.0	{(n927->and_n927_n1126, F0, i)}
100.0	{(n1126->and_n927_n1126, F0, i)}
100.0	{(n1126, F0, i)}
100.0	{(and_n404_n638->n1126, F0, i)}
100.0	{(and_n404_n638, F0, i)}
100.0	{(n404->and_n404_n638, F0, i)}
100.0	{(n638->and_n404_n638, F0, i)}
100.0	{(not_n1127->and_pi082_not_n1127, F1, i)}
