80.0	{(po041_driver->po041, F0, i)}
80.0	{(po041_driver, F0, i)}
80.0	{(and_n772_n774->po041_driver, F0, i)}
80.0	{(and_n772_n774, F0, i)}
80.0	{(n772->and_n772_n774, F0, i)}
80.0	{(n774->and_n772_n774, F0, i)}
80.0	{(n772, F0, i)}
80.0	{(and_not_pi003_8235430_n771->n772, F0, i)}
80.0	{(and_not_pi003_8235430_n771, F0, i)}
80.0	{(n771->and_not_pi003_8235430_n771, F0, i)}
80.0	{(not_pi003_8235430->and_not_pi003_8235430_n771, F0, i)}
80.0	{(n771, F0, i)}
80.0	{(and_not_pi129_47475615099430_not_n770->n771, F0, i)}
80.0	{(not_pi003_8235430, F0, i)}
80.0	{(and_not_pi129_47475615099430_not_n770, F0, i)}
80.0	{(not_pi129_47475615099430->and_not_pi129_47475615099430_not_n770, F0, i)}
80.0	{(not_n770->and_not_pi129_47475615099430_not_n770, F0, i)}
80.0	{(not_pi129_47475615099430, F0, i)}
80.0	{(not_n770, F0, i)}
80.0	{(n770->not_n770, F1, i)}
80.0	{(n770, F1, i)}
80.0	{(and_not_n767_not_n769->n770, F1, i)}
80.0	{(and_not_n767_not_n769, F1, i)}
80.0	{(not_n767, F1, i)}
80.0	{(n767->not_n767, F0, i)}
80.0	{(n767, F0, i)}
80.0	{(and_pi100_not_n766->n767, F0, i)}
80.0	{(and_pi100_not_n766, F0, i)}
80.0	{(not_n766->and_pi100_not_n766, F0, i)}
80.0	{(not_n766, F0, i)}
80.0	{(n766->not_n766, F1, i)}
80.0	{(n766, F1, i)}
80.0	{(and_not_n764_not_n765->n766, F1, i)}
80.0	{(and_not_n764_not_n765, F1, i)}
80.0	{(not_n767->and_not_n767_not_n769, F1, i)}
80.0	{(not_n764, F1, i)}
80.0	{(n764->not_n764, F0, i)}
80.0	{(n764, F0, i)}
80.0	{(and_not_pi096_0_n763->n764, F0, i)}
80.0	{(and_not_pi096_0_n763, F0, i)}
80.0	{(not_pi096_0->and_not_pi096_0_n763, F0, i)}
80.0	{(n763->and_not_pi096_0_n763, F0, i)}
80.0	{(not_pi096_0, F0, i)}
80.0	{(n763, F0, i)}
80.0	{(and_not_n728_0_n762->n763, F0, i)}
80.0	{(and_not_n728_0_n762, F0, i)}
80.0	{(n762->and_not_n728_0_n762, F0, i)}
80.0	{(not_n728_0->and_not_n728_0_n762, F0, i)}
80.0	{(not_n728_0, F0, i)}
80.0	{(n728->not_n728_0, F1, i)}
80.0	{(not_n764->and_not_n764_not_n765, F1, i)}
66.67	{(n762, F0, i)}
66.67	{(and_not_pi110_1_not_n761->n762, F0, i)}
66.67	{(and_not_pi110_1_not_n761, F0, i)}
66.67	{(not_pi110_1->and_not_pi110_1_not_n761, F0, i)}
66.67	{(not_n761->and_not_pi110_1_not_n761, F0, i)}
66.67	{(not_pi110_1, F0, i)}
66.67	{(not_n761, F0, i)}
66.67	{(n761->not_n761, F1, i)}
