100.0	{(not_n371, F1, i)}
100.0	{(n371->not_n371, F0, i)}
100.0	{(n371, F0, i)}
100.0	{(and_not_n368_not_n370->n371, F0, i)}
100.0	{(and_not_n368_not_n370, F0, i)}
100.0	{(not_n368->and_not_n368_not_n370, F0, i)}
100.0	{(not_n370->and_not_n368_not_n370, F0, i)}
100.0	{(not_n368, F0, i)}
100.0	{(n368->not_n368, F1, i)}
100.0	{(not_n370, F0, i)}
100.0	{(n370->not_n370, F1, i)}
100.0	{(n368, F1, i)}
100.0	{(and_not_pi009_0_not_n367->n368, F1, i)}
100.0	{(n370, F1, i)}
100.0	{(and_pi009_n369->n370, F1, i)}
100.0	{(and_not_pi009_0_not_n367, F1, i)}
100.0	{(and_pi009_n369, F1, i)}
100.0	{(not_n371->and_n300_not_n371, F1, i)}
100.0	{(not_n367, F1, i)}
100.0	{(n367->not_n367, F0, i)}
100.0	{(n367, F0, i)}
100.0	{(and_not_n365_not_n366->n367, F0, i)}
100.0	{(and_not_n365_not_n366, F0, i)}
100.0	{(not_n365->and_not_n365_not_n366, F0, i)}
100.0	{(not_n366->and_not_n365_not_n366, F0, i)}
100.0	{(not_n365, F0, i)}
100.0	{(n365->not_n365, F1, i)}
100.0	{(not_n366, F0, i)}
100.0	{(n366->not_n366, F1, i)}
100.0	{(n365, F1, i)}
100.0	{(and_not_pi013_3_not_n364->n365, F1, i)}
100.0	{(n366, F1, i)}
100.0	{(and_n312_n357->n366, F1, i)}
100.0	{(and_not_pi013_3_not_n364, F1, i)}
100.0	{(and_n312_n357, F1, i)}
100.0	{(not_n367->and_not_pi009_0_not_n367, F1, i)}
100.0	{(not_n364, F1, i)}
100.0	{(n364->not_n364, F0, i)}
100.0	{(n364, F0, i)}
100.0	{(and_not_n362_not_n363->n364, F0, i)}
100.0	{(and_not_n362_not_n363, F0, i)}
100.0	{(not_n362->and_not_n362_not_n363, F0, i)}
100.0	{(not_n363->and_not_n362_not_n363, F0, i)}
100.0	{(not_n362, F0, i)}
100.0	{(n362->not_n362, F1, i)}
100.0	{(not_n363, F0, i)}
100.0	{(n363->not_n363, F1, i)}
100.0	{(n362, F1, i)}
100.0	{(and_n359_n361->n362, F1, i)}
100.0	{(n363, F1, i)}
100.0	{(and_pi007_n357->n363, F1, i)}
100.0	{(and_n359_n361, F1, i)}
100.0	{(and_pi007_n357, F1, i)}
100.0	{(not_n364->and_not_pi013_3_not_n364, F1, i)}
