100.0	{(not_n716, F1, i)}
100.0	{(n716->not_n716, F0, i)}
100.0	{(n716, F0, i)}
100.0	{(and_not_n713_not_n715->n716, F0, i)}
100.0	{(and_not_n713_not_n715, F0, i)}
100.0	{(not_n713->and_not_n713_not_n715, F0, i)}
100.0	{(not_n715->and_not_n713_not_n715, F0, i)}
100.0	{(not_n713, F0, i)}
100.0	{(n713->not_n713, F1, i)}
100.0	{(not_n715, F0, i)}
100.0	{(n715->not_n715, F1, i)}
100.0	{(n715, F1, i)}
100.0	{(and_not_pi096_n714->n715, F1, i)}
100.0	{(and_not_pi096_n714, F1, i)}
100.0	{(not_n716->and_pi100_not_n716, F1, i)}
100.0	{(not_n371, F1, i)}
100.0	{(n371->not_n371, F0, i)}
100.0	{(n371, F0, i)}
100.0	{(and_not_n368_not_n370->n371, F0, i)}
100.0	{(and_not_n368_not_n370, F0, i)}
100.0	{(not_n368->and_not_n368_not_n370, F0, i)}
100.0	{(not_n370->and_not_n368_not_n370, F0, i)}
100.0	{(not_n368, F0, i)}
100.0	{(n368->not_n368, F1, i)}
100.0	{(not_n370, F0, i)}
100.0	{(n370->not_n370, F1, i)}
100.0	{(n368, F1, i)}
100.0	{(and_not_pi009_0_not_n367->n368, F1, i)}
100.0	{(n370, F1, i)}
100.0	{(and_pi009_n369->n370, F1, i)}
100.0	{(and_not_pi009_0_not_n367, F1, i)}
100.0	{(and_pi009_n369, F1, i)}
100.0	{(not_n371->and_n300_not_n371, F1, i)}
100.0	{(n347->and_not_pi014_1_n347, F1, i)}
