100.0	{(not_n410, F1, i)}
100.0	{(n410->not_n410, F0, i)}
100.0	{(n410, F0, i)}
100.0	{(and_pi082_not_n409->n410, F0, i)}
100.0	{(and_pi082_not_n409, F0, i)}
100.0	{(not_n409->and_pi082_not_n409, F0, i)}
100.0	{(not_n409, F0, i)}
100.0	{(n409->not_n409, F1, i)}
100.0	{(n409, F1, i)}
100.0	{(and_n402_n408->n409, F1, i)}
100.0	{(and_n402_n408, F1, i)}
100.0	{(not_n410->and_not_n410_not_n411, F1, i)}
100.0	{(n401->and_n400_n401, F1, i)}
100.0	{(n402, F1, i)}
100.0	{(and_n400_n401->n402, F1, i)}
100.0	{(and_n400_n401, F1, i)}
100.0	{(n402->and_n402_n408, F1, i)}
100.0	{(not_n726_0, F1, i)}
100.0	{(n726->not_n726_0, F0, i)}
100.0	{(not_n726_0->and_not_n726_0_not_n792, F1, i)}
100.0	{(n726, F0, i)}
100.0	{(and_not_pi110_0_not_n725->n726, F0, i)}
100.0	{(and_not_pi110_0_not_n725, F0, i)}
100.0	{(not_pi110_0->and_not_pi110_0_not_n725, F0, i)}
100.0	{(not_n725->and_not_pi110_0_not_n725, F0, i)}
100.0	{(not_pi110_0, F0, i)}
100.0	{(not_n725, F0, i)}
100.0	{(n725->not_n725, F1, i)}
