100.0	{(not_n1554, F1, i)}
100.0	{(n1554->not_n1554, F0, i)}
100.0	{(n1554, F0, i)}
100.0	{(and_not_n1552_not_n1553->n1554, F0, i)}
100.0	{(and_not_n1552_not_n1553, F0, i)}
100.0	{(not_n1552->and_not_n1552_not_n1553, F0, i)}
100.0	{(not_n1553->and_not_n1552_not_n1553, F0, i)}
100.0	{(not_n1552, F0, i)}
100.0	{(n1552->not_n1552, F1, i)}
100.0	{(not_n1553, F0, i)}
100.0	{(n1553->not_n1553, F1, i)}
100.0	{(n1552, F1, i)}
100.0	{(and_pi088_pi138->n1552, F1, i)}
100.0	{(n1553, F1, i)}
100.0	{(and_not_pi064_not_pi138_8235430->n1553, F1, i)}
100.0	{(and_pi088_pi138, F1, i)}
100.0	{(and_not_pi064_not_pi138_8235430, F1, i)}
100.0	{(not_n1554->and_pi136_not_n1554, F1, i)}
100.0	{(not_pi138_8235430, F1, i)}
100.0	{(not_pi138_8235430->and_not_pi064_not_pi138_8235430, F1, i)}
100.0	{(not_n1271_4, F1, i)}
100.0	{(n1271->not_n1271_4, F0, i)}
100.0	{(not_n1271_4->and_pi075_not_n1271_4, F1, i)}
100.0	{(not_pi144_0, F1, i)}
100.0	{(not_pi144_0->and_not_pi144_0_n1271, F1, i)}
