98.66	{(n1271->and_not_pi140_0_n1271, F1, i)}
97.35	{(n1302, F0, i)}
97.35	{(and_not_n1300_not_n1301->n1302, F0, i)}
97.35	{(and_not_n1300_not_n1301, F0, i)}
97.35	{(not_n1300->and_not_n1300_not_n1301, F0, i)}
97.35	{(not_n1301->and_not_n1300_not_n1301, F0, i)}
97.35	{(not_n1300, F0, i)}
97.35	{(n1300->not_n1300, F1, i)}
97.35	{(not_n1301, F0, i)}
97.35	{(n1301->not_n1301, F1, i)}
97.35	{(n1300, F1, i)}
97.35	{(and_pi072_not_n1271_1->n1300, F1, i)}
97.35	{(n1301, F1, i)}
97.35	{(and_not_pi140_0_n1271->n1301, F1, i)}
97.35	{(and_pi072_not_n1271_1, F1, i)}
97.35	{(and_not_pi140_0_n1271, F1, i)}
97.35	{(n1302->or_pi129_n1302, F0, i)}
88.18	{(po087_driver->po087, F0, i)}
88.18	{(po087_driver, F0, i)}
88.18	{(or_pi129_n1302->po087_driver, F0, i)}
88.18	{(or_pi129_n1302, F0, i)}
