100.0	{(not_pi016_1, F1, i)}
100.0	{(not_pi016_1->and_not_pi016_1_n354, F1, i)}
100.0	{(not_pi047_2, F1, i)}
100.0	{(not_pi047_2->and_not_pi047_2_n407, F1, i)}
100.0	{(n1006, F1, i)}
100.0	{(and_not_pi047_2_n407->n1006, F1, i)}
100.0	{(and_not_pi047_2_n407, F1, i)}
100.0	{(n1006->and_n927_n1006, F1, i)}
100.0	{(not_n1008, F1, i)}
100.0	{(n1008->not_n1008, F0, i)}
100.0	{(n1008, F0, i)}
100.0	{(and_pi082_not_n1007->n1008, F0, i)}
100.0	{(and_pi082_not_n1007, F0, i)}
100.0	{(not_n1007->and_pi082_not_n1007, F0, i)}
100.0	{(not_n1007, F0, i)}
100.0	{(n1007->not_n1007, F1, i)}
100.0	{(n1007, F1, i)}
100.0	{(and_n927_n1006->n1007, F1, i)}
100.0	{(and_n927_n1006, F1, i)}
100.0	{(not_n1008->and_not_n379_7_not_n1008, F1, i)}
100.0	{(n1009, F1, i)}
100.0	{(and_not_n379_7_not_n1008->n1009, F1, i)}
100.0	{(and_not_n379_7_not_n1008, F1, i)}
100.0	{(n1009->and_pi077_n1009, F1, i)}
