100.0	{(not_n1602, F1, i)}
100.0	{(n1602->not_n1602, F0, i)}
100.0	{(n1602, F0, i)}
100.0	{(and_not_pi115_0_not_n1421_2->n1602, F0, i)}
100.0	{(and_not_pi115_0_not_n1421_2, F0, i)}
100.0	{(not_pi115_0->and_not_pi115_0_not_n1421_2, F0, i)}
100.0	{(not_n1421_2->and_not_pi115_0_not_n1421_2, F0, i)}
100.0	{(not_pi115_0, F0, i)}
100.0	{(not_n1421_2, F0, i)}
100.0	{(n1421->not_n1421_2, F1, i)}
100.0	{(not_n1602->and_not_n1601_not_n1602, F1, i)}
98.39	{(po130_driver->po130, F0, i)}
98.39	{(po130_driver, F0, i)}
98.39	{(and_not_pi129_168830552257994114252669163302859949191483641195385604940410056010_n1604->po130_driver, F0, i)}
98.39	{(and_not_pi129_168830552257994114252669163302859949191483641195385604940410056010_n1604, F0, i)}
98.39	{(not_pi129_168830552257994114252669163302859949191483641195385604940410056010->and_not_pi129_168830552257994114252669163302859949191483641195385604940410056010_n1604, F0, i)}
98.39	{(n1604->and_not_pi129_168830552257994114252669163302859949191483641195385604940410056010_n1604, F0, i)}
98.39	{(not_pi129_168830552257994114252669163302859949191483641195385604940410056010, F0, i)}
98.39	{(n1604, F0, i)}
98.39	{(and_n1246_not_n1603->n1604, F0, i)}
98.39	{(and_n1246_not_n1603, F0, i)}
98.39	{(n1246->and_n1246_not_n1603, F0, i)}
98.39	{(not_n1603->and_n1246_not_n1603, F0, i)}
98.39	{(not_n1603, F0, i)}
98.39	{(n1603->not_n1603, F1, i)}
98.39	{(n1603, F1, i)}
98.39	{(and_not_n1601_not_n1602->n1603, F1, i)}
98.39	{(and_not_n1601_not_n1602, F1, i)}
