95.59	{(n1271->and_not_pi139_0_n1271, F1, i)}
93.96	{(n1278, F0, i)}
93.96	{(and_not_n1276_not_n1277->n1278, F0, i)}
93.96	{(and_not_n1276_not_n1277, F0, i)}
93.96	{(not_n1276->and_not_n1276_not_n1277, F0, i)}
93.96	{(not_n1277->and_not_n1276_not_n1277, F0, i)}
93.96	{(not_n1276, F0, i)}
93.96	{(n1276->not_n1276, F1, i)}
93.96	{(not_n1277, F0, i)}
93.96	{(n1277->not_n1277, F1, i)}
93.96	{(n1276, F1, i)}
93.96	{(and_pi067_not_n1271_0->n1276, F1, i)}
93.96	{(n1277, F1, i)}
93.96	{(and_not_pi139_0_n1271->n1277, F1, i)}
93.96	{(and_pi067_not_n1271_0, F1, i)}
93.96	{(and_not_pi139_0_n1271, F1, i)}
93.96	{(n1278->or_pi129_n1278, F0, i)}
85.71	{(po082_driver->po082, F0, i)}
85.71	{(po082_driver, F0, i)}
85.71	{(or_pi129_n1278->po082_driver, F0, i)}
85.71	{(or_pi129_n1278, F0, i)}
